INFO:root:Namespace(quiet=False, run_id=None, config=None, epochs=200, fold=4, batch_size=64, learn_rate=0.001, betas=(0.9, 0.999), weight_decay=0.001, hidden_size=32, kernel_init='skew-symmetric', note='', seed=None, nlayers=1, attn_head=2, latent_dim=128, dataset='mimiciii')
INFO:root:{'input_dim': 96, 'attn_head': 2, 'latent_dim': 128, 'n_layers': 1, 'device': device(type='cuda')}
INFO:root:1
Train: 0.5722131729125977 VAL: 0.5009220838546753
INFO:root:2
Train: 0.4860161542892456 VAL: 0.44534823298454285
INFO:root:3
Train: 0.45017313957214355 VAL: 0.4323660135269165
INFO:root:4
Train: 0.43265223503112793 VAL: 0.4410214126110077
INFO:root:5
Train: 0.4223827123641968 VAL: 0.423864483833313
INFO:root:6
Train: 0.41366392374038696 VAL: 0.4201328754425049
INFO:root:7
Train: 0.4100719690322876 VAL: 0.41464969515800476
INFO:root:8
Train: 0.41448453068733215 VAL: 0.41380950808525085
INFO:root:9
Train: 0.4050379693508148 VAL: 0.40922045707702637
INFO:root:10
Train: 0.4000076949596405 VAL: 0.41292622685432434
INFO:root:11
Train: 0.4028525948524475 VAL: 0.4231550693511963
INFO:root:12
Train: 0.4222976863384247 VAL: 0.4179692268371582
INFO:root:13
Train: 0.39782261848449707 VAL: 0.40499675273895264
INFO:root:14
Train: 0.39681705832481384 VAL: 0.4082738161087036
INFO:root:15
Train: 0.3972518742084503 VAL: 0.41008859872817993
INFO:root:16
Train: 0.3962877094745636 VAL: 0.41200488805770874
INFO:root:17
Train: 0.3993922472000122 VAL: 0.4222109913825989
INFO:root:18
Train: 0.3943136930465698 VAL: 0.4186863303184509
INFO:root:19
Train: 0.39722347259521484 VAL: 0.4406440854072571
INFO:root:20
Train: 0.3931206166744232 VAL: 0.40781909227371216
INFO:root:21
Train: 0.401471883058548 VAL: 0.409150630235672
INFO:root:22
Train: 0.3968046009540558 VAL: 0.4097762405872345
INFO:root:23
Train: 0.3932633399963379 VAL: 0.4227827191352844
INFO:root:24
Train: 0.39558175206184387 VAL: 0.40598297119140625
INFO:root:25
Train: 0.3820450007915497 VAL: 0.39741310477256775
INFO:root:26
Train: 0.38005322217941284 VAL: 0.3934464454650879
INFO:root:27
Train: 0.3754213750362396 VAL: 0.396240770816803
INFO:root:28
Train: 0.37347501516342163 VAL: 0.39156007766723633
INFO:root:29
Train: 0.3759104609489441 VAL: 0.39151835441589355
INFO:root:30
Train: 0.37201008200645447 VAL: 0.3937426209449768
INFO:root:31
Train: 0.37227118015289307 VAL: 0.3930940628051758
INFO:root:32
Train: 0.36775684356689453 VAL: 0.3901865482330322
INFO:root:33
Train: 0.37022843956947327 VAL: 0.39298516511917114
INFO:root:34
Train: 0.37082263827323914 VAL: 0.39758896827697754
INFO:root:35
Train: 0.3694383502006531 VAL: 0.38995224237442017
INFO:root:36
Train: 0.36568376421928406 VAL: 0.38411852717399597
INFO:root:37
Train: 0.36241811513900757 VAL: 0.39108145236968994
INFO:root:38
Train: 0.3630601167678833 VAL: 0.38842982053756714
INFO:root:39
Train: 0.3660936653614044 VAL: 0.38339996337890625
INFO:root:40
Train: 0.3652724027633667 VAL: 0.3853793740272522
INFO:root:41
Train: 0.35959967970848083 VAL: 0.38511306047439575
INFO:root:42
Train: 0.3611990213394165 VAL: 0.38137286901474
INFO:root:43
Train: 0.3581400513648987 VAL: 0.38407325744628906
INFO:root:44
Train: 0.35670900344848633 VAL: 0.38272204995155334
INFO:root:45
Train: 0.35677197575569153 VAL: 0.3851241171360016
INFO:root:46
Train: 0.35548803210258484 VAL: 0.38305866718292236
INFO:root:47
Train: 0.3568912744522095 VAL: 0.3816338777542114
INFO:root:48
Train: 0.3544938862323761 VAL: 0.38215312361717224
INFO:root:49
Train: 0.3538435101509094 VAL: 0.3870749771595001
INFO:root:50
Train: 0.3521433174610138 VAL: 0.3826306462287903
INFO:root:51
Train: 0.3513708710670471 VAL: 0.3810359537601471
INFO:root:52
Train: 0.3484622538089752 VAL: 0.38109642267227173
INFO:root:53
Train: 0.34582141041755676 VAL: 0.37793415784835815
INFO:root:54
Train: 0.34986788034439087 VAL: 0.3763994574546814
INFO:root:55
Train: 0.34558945894241333 VAL: 0.3859044313430786
INFO:root:56
Train: 0.3465806543827057 VAL: 0.3755599856376648
INFO:root:57
Train: 0.3449613153934479 VAL: 0.37839117646217346
INFO:root:58
Train: 0.3462058901786804 VAL: 0.3820059895515442
INFO:root:59
Train: 0.34396201372146606 VAL: 0.38012897968292236
INFO:root:60
Train: 0.3425239622592926 VAL: 0.3772450089454651
INFO:root:61
Train: 0.3425339162349701 VAL: 0.37935158610343933
INFO:root:62
Train: 0.3385104238986969 VAL: 0.38216960430145264
INFO:root:63
Train: 0.33820730447769165 VAL: 0.37979528307914734
INFO:root:64
Train: 0.3366052210330963 VAL: 0.378934383392334
INFO:root:65
Train: 0.337688148021698 VAL: 0.38156428933143616
INFO:root:66
Train: 0.33541059494018555 VAL: 0.38224542140960693
INFO:root:67
Train: 0.3410671651363373 VAL: 0.39437273144721985
INFO:root:68
Train: 0.34155145287513733 VAL: 0.37371599674224854
INFO:root:69
Train: 0.3282693922519684 VAL: 0.37610873579978943
INFO:root:70
Train: 0.3272888958454132 VAL: 0.3761610984802246
INFO:root:71
Train: 0.32469645142555237 VAL: 0.3736967444419861
INFO:root:72
Train: 0.32310613989830017 VAL: 0.3768376111984253
INFO:root:73
Train: 0.324200302362442 VAL: 0.37684059143066406
INFO:root:74
Train: 0.32265740633010864 VAL: 0.37840190529823303
INFO:root:75
Train: 0.32072436809539795 VAL: 0.3778126835823059
INFO:root:76
Train: 0.3198526203632355 VAL: 0.3799569606781006
INFO:root:77
Train: 0.3193940222263336 VAL: 0.37557893991470337
INFO:root:78
Train: 0.31900376081466675 VAL: 0.3784094750881195
INFO:root:79
Train: 0.3188300132751465 VAL: 0.37865909934043884
INFO:root:80
Train: 0.3147313594818115 VAL: 0.3798612654209137
INFO:root:81
Train: 0.3126932680606842 VAL: 0.37947869300842285
INFO:root:82
Train: 0.3119407296180725 VAL: 0.3804207146167755
INFO:root:83
Train: 0.31277158856391907 VAL: 0.38023489713668823
INFO:root:84
Train: 0.3111685812473297 VAL: 0.3786667585372925
INFO:root:85
Train: 0.3119473457336426 VAL: 0.38136976957321167
INFO:root:86
Train: 0.30920130014419556 VAL: 0.3795407712459564
INFO:root:87
Train: 0.3097894489765167 VAL: 0.3806268274784088
INFO:root:88
Train: 0.30888548493385315 VAL: 0.38238829374313354
INFO:root:89
Train: 0.30970948934555054 VAL: 0.38404497504234314
INFO:root:90
Train: 0.30807310342788696 VAL: 0.379538357257843
INFO:root:91
Train: 0.3057737350463867 VAL: 0.3828698396682739
INFO:root:92
Train: 0.30401167273521423 VAL: 0.37997040152549744
INFO:root:93
Train: 0.3034079074859619 VAL: 0.38121429085731506
INFO:root:94
Train: 0.30349451303482056 VAL: 0.38062500953674316
INFO:root:95
Train: 0.30328983068466187 VAL: 0.381136417388916
INFO:root:96
Train: 0.30210253596305847 VAL: 0.38371336460113525
INFO:root:97
Train: 0.30116841197013855 VAL: 0.383528470993042
INFO:root:98
Train: 0.3023455739021301 VAL: 0.3843706250190735
INFO:root:99
Train: 0.30191904306411743 VAL: 0.3814696967601776
INFO:root:100
Train: 0.3012998402118683 VAL: 0.383729487657547
INFO:root:101
Train: 0.30342400074005127 VAL: 0.38389143347740173
INFO:root:BEST VAL: 0.38389143347740173 TEST : 0.3755261301994324
INFO:root:Namespace(quiet=False, run_id=None, config=None, epochs=200, fold=4, batch_size=128, learn_rate=0.001, betas=(0.9, 0.999), weight_decay=0.001, hidden_size=32, kernel_init='skew-symmetric', note='', seed=None, nlayers=1, attn_head=2, latent_dim=128, dataset='ushcn')
INFO:root:{'input_dim': 5, 'attn_head': 2, 'latent_dim': 128, 'n_layers': 1, 'device': device(type='cuda')}
INFO:root:1
Train: 0.9455037117004395 VAL: 0.5066710114479065
INFO:root:2
Train: 0.5885986089706421 VAL: 0.373955637216568
INFO:root:3
Train: 0.4646941125392914 VAL: 0.2839944064617157
INFO:root:4
Train: 0.40440210700035095 VAL: 0.2821628749370575
INFO:root:5
Train: 0.34963247179985046 VAL: 0.24867859482765198
INFO:root:6
Train: 0.3393009603023529 VAL: 0.2546520233154297
INFO:root:7
Train: 0.3325573205947876 VAL: 0.2607335150241852
INFO:root:8
Train: 0.33171746134757996 VAL: 0.2507978677749634
INFO:root:9
Train: 0.32321998476982117 VAL: 0.2468065470457077
INFO:root:10
Train: 0.33018311858177185 VAL: 0.254586398601532
INFO:root:11
Train: 0.32765650749206543 VAL: 0.2600887417793274
INFO:root:12
Train: 0.3309749960899353 VAL: 0.24496611952781677
INFO:root:13
Train: 0.32704612612724304 VAL: 0.24870237708091736
INFO:root:14
Train: 0.32720404863357544 VAL: 0.2538316249847412
INFO:root:15
Train: 0.32356199622154236 VAL: 0.25327619910240173
INFO:root:16
Train: 0.3225182592868805 VAL: 0.24708105623722076
INFO:root:17
Train: 0.31746166944503784 VAL: 0.24322980642318726
INFO:root:18
Train: 0.3216187357902527 VAL: 0.259840190410614
INFO:root:19
Train: 0.3260933756828308 VAL: 0.2529786229133606
INFO:root:20
Train: 0.31342700123786926 VAL: 0.24797101318836212
INFO:root:21
Train: 0.3187253475189209 VAL: 0.2457350492477417
INFO:root:22
Train: 0.3101505935192108 VAL: 0.24761347472667694
INFO:root:23
Train: 0.3204141855239868 VAL: 0.24521459639072418
INFO:root:24
Train: 0.3185018301010132 VAL: 0.2470427006483078
INFO:root:25
Train: 0.3223283588886261 VAL: 0.2491152435541153
INFO:root:26
Train: 0.32412469387054443 VAL: 0.26335299015045166
INFO:root:27
Train: 0.3201105296611786 VAL: 0.2456892877817154
INFO:root:28
Train: 0.321236252784729 VAL: 0.2528873085975647
INFO:root:29
Train: 0.3167797029018402 VAL: 0.2422429621219635
INFO:root:30
Train: 0.31471848487854004 VAL: 0.2417447417974472
INFO:root:31
Train: 0.3054389953613281 VAL: 0.246388778090477
INFO:root:32
Train: 0.31249162554740906 VAL: 0.24191974103450775
INFO:root:33
Train: 0.31908753514289856 VAL: 0.24570448696613312
INFO:root:34
Train: 0.29992231726646423 VAL: 0.24165521562099457
INFO:root:35
Train: 0.3167256712913513 VAL: 0.2509666979312897
INFO:root:36
Train: 0.31655943393707275 VAL: 0.24669001996517181
INFO:root:37
Train: 0.3208310902118683 VAL: 0.2435293346643448
INFO:root:38
Train: 0.31104353070259094 VAL: 0.2493545413017273
INFO:root:39
Train: 0.3153277337551117 VAL: 0.24412569403648376
INFO:root:40
Train: 0.30274152755737305 VAL: 0.24214540421962738
INFO:root:41
Train: 0.3192361891269684 VAL: 0.26728495955467224
INFO:root:42
Train: 0.3029153347015381 VAL: 0.244492769241333
INFO:root:43
Train: 0.3189130425453186 VAL: 0.24067792296409607
INFO:root:44
Train: 0.3056081235408783 VAL: 0.24996551871299744
INFO:root:45
Train: 0.31381163001060486 VAL: 0.24213837087154388
INFO:root:46
Train: 0.3117426931858063 VAL: 0.2466743290424347
INFO:root:47
Train: 0.30387619137763977 VAL: 0.2440490871667862
INFO:root:48
Train: 0.312844455242157 VAL: 0.25224021077156067
INFO:root:49
Train: 0.310278981924057 VAL: 0.24263080954551697
INFO:root:50
Train: 0.31036487221717834 VAL: 0.24465778470039368
INFO:root:51
Train: 0.3010675013065338 VAL: 0.24209712445735931
INFO:root:52
Train: 0.30920812487602234 VAL: 0.24412347376346588
INFO:root:53
Train: 0.3067357540130615 VAL: 0.24695460498332977
INFO:root:54
Train: 0.3090134561061859 VAL: 0.23972994089126587
INFO:root:55
Train: 0.2849321663379669 VAL: 0.2481529712677002
INFO:root:56
Train: 0.31380918622016907 VAL: 0.24537324905395508
INFO:root:57
Train: 0.30954650044441223 VAL: 0.24327382445335388
INFO:root:58
Train: 0.31031814217567444 VAL: 0.24289843440055847
INFO:root:59
Train: 0.31325092911720276 VAL: 0.24643632769584656
INFO:root:60
Train: 0.30739572644233704 VAL: 0.2405325472354889
INFO:root:61
Train: 0.3175334930419922 VAL: 0.2414168417453766
INFO:root:62
Train: 0.29507750272750854 VAL: 0.24287667870521545
INFO:root:63
Train: 0.3098950684070587 VAL: 0.2535650432109833
INFO:root:64
Train: 0.3078502118587494 VAL: 0.24262651801109314
INFO:root:65
Train: 0.30775055289268494 VAL: 0.2415269911289215
INFO:root:66
Train: 0.314382940530777 VAL: 0.2462327629327774
INFO:root:67
Train: 0.30262506008148193 VAL: 0.24243158102035522
INFO:root:68
Train: 0.29419010877609253 VAL: 0.2479943186044693
INFO:root:69
Train: 0.3116290271282196 VAL: 0.24521706998348236
INFO:root:70
Train: 0.31186696887016296 VAL: 0.2457442432641983
INFO:root:71
Train: 0.3064173460006714 VAL: 0.24275121092796326
INFO:root:72
Train: 0.302580326795578 VAL: 0.242658793926239
INFO:root:73
Train: 0.31203052401542664 VAL: 0.2444896101951599
INFO:root:74
Train: 0.30567458271980286 VAL: 0.2421281337738037
INFO:root:75
Train: 0.30688753724098206 VAL: 0.242706298828125
INFO:root:76
Train: 0.305340439081192 VAL: 0.24491286277770996
INFO:root:77
Train: 0.3124667704105377 VAL: 0.24319465458393097
INFO:root:78
Train: 0.30576297640800476 VAL: 0.24631373584270477
INFO:root:79
Train: 0.30036094784736633 VAL: 0.24268901348114014
INFO:root:80
Train: 0.30360591411590576 VAL: 0.2449791133403778
INFO:root:81
Train: 0.3089129626750946 VAL: 0.24262204766273499
INFO:root:82
Train: 0.3079824447631836 VAL: 0.24282553791999817
INFO:root:83
Train: 0.30960193276405334 VAL: 0.24625562131404877
INFO:root:84
Train: 0.3092866837978363 VAL: 0.2426067590713501
INFO:root:BEST VAL: 0.2426067590713501 TEST : 0.2201172113418579
