INFO:root:Namespace(quiet=False, run_id=None, config=None, epochs=200, fold=0, batch_size=64, learn_rate=0.001, betas=(0.9, 0.999), weight_decay=0.001, hidden_size=32, kernel_init='skew-symmetric', note='', seed=None, nlayers=1, attn_head=1, latent_dim=64, dataset='mimiciv')
INFO:root:{'input_dim': 100, 'attn_head': 1, 'latent_dim': 64, 'n_layers': 1, 'device': device(type='cuda')}
INFO:root:1
Train: 0.3543669581413269 VAL: 0.3106166422367096
INFO:root:2
Train: 0.295522004365921 VAL: 0.282040536403656
INFO:root:3
Train: 0.27568888664245605 VAL: 0.2681223750114441
INFO:root:4
Train: 0.2667624354362488 VAL: 0.2656158208847046
INFO:root:5
Train: 0.2609766721725464 VAL: 0.264080286026001
INFO:root:6
Train: 0.2564367353916168 VAL: 0.25880300998687744
INFO:root:7
Train: 0.2552083134651184 VAL: 0.2600254416465759
INFO:root:8
Train: 0.2520519495010376 VAL: 0.2559041380882263
INFO:root:9
Train: 0.2507100999355316 VAL: 0.25239449739456177
INFO:root:10
Train: 0.24818933010101318 VAL: 0.25426679849624634
INFO:root:11
Train: 0.24590849876403809 VAL: 0.25139057636260986
INFO:root:12
Train: 0.24557171761989594 VAL: 0.260562002658844
INFO:root:13
Train: 0.24553799629211426 VAL: 0.25210726261138916
INFO:root:14
Train: 0.24508987367153168 VAL: 0.24912071228027344
INFO:root:15
Train: 0.24351762235164642 VAL: 0.24790187180042267
INFO:root:16
Train: 0.24297469854354858 VAL: 0.2501220107078552
INFO:root:17
Train: 0.24200940132141113 VAL: 0.24817436933517456
INFO:root:18
Train: 0.24080784618854523 VAL: 0.24957455694675446
INFO:root:19
Train: 0.24061653017997742 VAL: 0.2460584044456482
INFO:root:20
Train: 0.23962648212909698 VAL: 0.2514744699001312
INFO:root:21
Train: 0.23911599814891815 VAL: 0.2442208230495453
INFO:root:22
Train: 0.23740439116954803 VAL: 0.24450673162937164
INFO:root:23
Train: 0.2369866967201233 VAL: 0.2423156201839447
INFO:root:24
Train: 0.23619882762432098 VAL: 0.24564328789710999
INFO:root:25
Train: 0.23474253714084625 VAL: 0.24774649739265442
INFO:root:26
Train: 0.23610463738441467 VAL: 0.24253502488136292
INFO:root:27
Train: 0.23406554758548737 VAL: 0.24501937627792358
INFO:root:28
Train: 0.2329603135585785 VAL: 0.2447393536567688
INFO:root:29
Train: 0.23293595016002655 VAL: 0.24039475619792938
INFO:root:30
Train: 0.23175334930419922 VAL: 0.24355792999267578
INFO:root:31
Train: 0.23257197439670563 VAL: 0.24265813827514648
INFO:root:32
Train: 0.23113085329532623 VAL: 0.23941722512245178
INFO:root:33
Train: 0.23120616376399994 VAL: 0.24115382134914398
INFO:root:34
Train: 0.23067975044250488 VAL: 0.24153780937194824
INFO:root:35
Train: 0.22951139509677887 VAL: 0.24147862195968628
INFO:root:36
Train: 0.23050250113010406 VAL: 0.24081867933273315
INFO:root:37
Train: 0.22777841985225677 VAL: 0.24310055375099182
INFO:root:38
Train: 0.22923581302165985 VAL: 0.240143284201622
INFO:root:39
Train: 0.22720013558864594 VAL: 0.2414344847202301
INFO:root:40
Train: 0.22691664099693298 VAL: 0.24000874161720276
INFO:root:41
Train: 0.22736451029777527 VAL: 0.2444727122783661
INFO:root:42
Train: 0.22840265929698944 VAL: 0.2413405179977417
INFO:root:43
Train: 0.22600527107715607 VAL: 0.2388065904378891
INFO:root:44
Train: 0.2265220284461975 VAL: 0.24220658838748932
INFO:root:45
Train: 0.22615164518356323 VAL: 0.2401892989873886
INFO:root:46
Train: 0.22459262609481812 VAL: 0.23861180245876312
INFO:root:47
Train: 0.22482118010520935 VAL: 0.23795190453529358
INFO:root:48
Train: 0.2255447804927826 VAL: 0.2411213219165802
INFO:root:49
Train: 0.22475787997245789 VAL: 0.24202348291873932
INFO:root:50
Train: 0.22435662150382996 VAL: 0.23864173889160156
INFO:root:51
Train: 0.22363628447055817 VAL: 0.23900336027145386
INFO:root:52
Train: 0.22351650893688202 VAL: 0.23893578350543976
INFO:root:53
Train: 0.22380465269088745 VAL: 0.24075832962989807
INFO:root:54
Train: 0.22228094935417175 VAL: 0.24272571504116058
INFO:root:55
Train: 0.2222333699464798 VAL: 0.24083156883716583
INFO:root:56
Train: 0.22149540483951569 VAL: 0.24051567912101746
INFO:root:57
Train: 0.22208933532238007 VAL: 0.24007876217365265
INFO:root:58
Train: 0.22156217694282532 VAL: 0.24027542769908905
INFO:root:59
Train: 0.21744626760482788 VAL: 0.23885107040405273
INFO:root:60
Train: 0.21602562069892883 VAL: 0.23870374262332916
INFO:root:61
Train: 0.21582327783107758 VAL: 0.23810626566410065
INFO:root:62
Train: 0.21473875641822815 VAL: 0.2380903661251068
INFO:root:63
Train: 0.21484807133674622 VAL: 0.2398013323545456
INFO:root:64
Train: 0.21475718915462494 VAL: 0.2387947291135788
INFO:root:65
Train: 0.21426750719547272 VAL: 0.24076691269874573
INFO:root:66
Train: 0.21231254935264587 VAL: 0.24019354581832886
INFO:root:67
Train: 0.21401026844978333 VAL: 0.23902598023414612
INFO:root:68
Train: 0.21248078346252441 VAL: 0.24129143357276917
INFO:root:69
Train: 0.21199962496757507 VAL: 0.2432340830564499
INFO:root:70
Train: 0.20966856181621552 VAL: 0.2395552098751068
INFO:root:71
Train: 0.2091173678636551 VAL: 0.2388189733028412
INFO:root:72
Train: 0.2076752930879593 VAL: 0.23865452408790588
INFO:root:73
Train: 0.20701466500759125 VAL: 0.24046988785266876
INFO:root:74
Train: 0.207796111702919 VAL: 0.24024128913879395
INFO:root:75
Train: 0.20709531009197235 VAL: 0.241592139005661
INFO:root:76
Train: 0.20650383830070496 VAL: 0.24252064526081085
INFO:root:77
Train: 0.20758746564388275 VAL: 0.2396964430809021
INFO:root:BEST VAL: 0.2396964430809021 TEST : 0.23337522149085999
