INFO:root:Namespace(quiet=False, run_id=None, config=None, epochs=200, fold=0, batch_size=64, learn_rate=0.001, betas=(0.9, 0.999), weight_decay=0.001, hidden_size=32, kernel_init='skew-symmetric', note='', seed=None, nlayers=2, attn_head=4, latent_dim=256, dataset='mimiciii')
INFO:root:{'input_dim': 96, 'attn_head': 4, 'latent_dim': 256, 'n_layers': 2, 'device': device(type='cuda')}
INFO:root:1
Train: 0.917653501033783 VAL: 0.6363802552223206
INFO:root:2
Train: 0.6966132521629333 VAL: 0.6165323853492737
INFO:root:3
Train: 0.6480786800384521 VAL: 0.9152915477752686
INFO:root:4
Train: 2.0684051513671875 VAL: 0.9647197723388672
INFO:root:5
Train: 0.6115080118179321 VAL: 0.5522506833076477
INFO:root:6
Train: 0.7539820075035095 VAL: 0.5664523839950562
INFO:root:7
Train: 0.5554686188697815 VAL: 0.5585534572601318
INFO:root:8
Train: 0.5439449548721313 VAL: 0.5543806552886963
INFO:root:9
Train: 0.5373459458351135 VAL: 0.5422384142875671
INFO:root:10
Train: 0.6006776094436646 VAL: 0.5526086091995239
INFO:root:11
Train: 0.541144609451294 VAL: 0.532872200012207
INFO:root:12
Train: 0.5290712714195251 VAL: 0.5308814644813538
INFO:root:13
Train: 0.5425719022750854 VAL: 0.5572538375854492
INFO:root:14
Train: 0.5692194700241089 VAL: 0.5624103546142578
INFO:root:15
Train: 0.530643880367279 VAL: 0.5651962161064148
INFO:root:16
Train: 0.570563018321991 VAL: 0.7701005935668945
INFO:root:17
Train: 0.5926706194877625 VAL: 0.5446228384971619
INFO:root:18
Train: 0.5481391549110413 VAL: 0.5874879360198975
INFO:root:19
Train: 0.5302232503890991 VAL: 0.6832506656646729
INFO:root:20
Train: 0.5389708280563354 VAL: 0.5369845032691956
INFO:root:21
Train: 0.5267806053161621 VAL: 0.5402030348777771
INFO:root:22
Train: 0.5216916799545288 VAL: 0.5229213833808899
INFO:root:23
Train: 0.6012763381004333 VAL: 0.560947060585022
INFO:root:24
Train: 0.5446367859840393 VAL: 0.5388755798339844
INFO:root:25
Train: 0.5203278064727783 VAL: 0.7244676947593689
INFO:root:26
Train: 0.6454980969429016 VAL: 0.5287338495254517
INFO:root:27
Train: 0.5882382988929749 VAL: 0.5739489197731018
INFO:root:28
Train: 0.5303354263305664 VAL: 0.6668978929519653
INFO:root:29
Train: 0.5123923420906067 VAL: 0.5251166820526123
INFO:root:30
Train: 0.5107981562614441 VAL: 0.5583487749099731
INFO:root:31
Train: 0.5034658908843994 VAL: 0.5078356862068176
INFO:root:32
Train: 0.5094701647758484 VAL: 0.531190812587738
INFO:root:33
Train: 0.5297050476074219 VAL: 0.5896510481834412
INFO:root:34
Train: 0.5113477110862732 VAL: 0.5233832001686096
INFO:root:35
Train: 0.5120527148246765 VAL: 0.5139161348342896
INFO:root:36
Train: 0.4938417077064514 VAL: 0.5054736733436584
INFO:root:37
Train: 0.4818679094314575 VAL: 0.5087074637413025
INFO:root:38
Train: 0.529220461845398 VAL: 0.5358389019966125
INFO:root:39
Train: 0.5080200433731079 VAL: 0.535073459148407
INFO:root:40
Train: 0.5314236283302307 VAL: 0.5222312808036804
INFO:root:41
Train: 0.49173781275749207 VAL: 0.5327873826026917
INFO:root:42
Train: 0.5273436903953552 VAL: 0.5183982253074646
INFO:root:43
Train: 0.5083114504814148 VAL: 0.587925136089325
INFO:root:44
Train: 0.4941774606704712 VAL: 0.5133001804351807
INFO:root:45
Train: 0.4814152121543884 VAL: 0.5192818641662598
INFO:root:46
Train: 0.48001667857170105 VAL: 0.5140793323516846
INFO:root:47
Train: 0.494223952293396 VAL: 0.5225239396095276
INFO:root:48
Train: 0.4693806767463684 VAL: 0.5032703280448914
INFO:root:Namespace(quiet=False, run_id=None, config=None, epochs=200, fold=0, batch_size=64, learn_rate=0.001, betas=(0.9, 0.999), weight_decay=0.001, hidden_size=32, kernel_init='skew-symmetric', note='', seed=None, nlayers=2, attn_head=4, latent_dim=256, dataset='mimiciii')
INFO:root:{'input_dim': 96, 'attn_head': 4, 'latent_dim': 256, 'n_layers': 2, 'device': device(type='cuda')}
INFO:root:1
Train: 0.7190667986869812 VAL: 0.5467586517333984
INFO:root:2
Train: 0.5062970519065857 VAL: 0.47388583421707153
INFO:root:3
Train: 0.46814417839050293 VAL: 0.4872342348098755
INFO:root:4
Train: 0.4438555836677551 VAL: 0.4644361436367035
INFO:root:5
Train: 0.4250969886779785 VAL: 0.44171833992004395
INFO:root:6
Train: 0.4321536421775818 VAL: 0.45249783992767334
INFO:root:7
Train: 0.43002596497535706 VAL: 0.4487723410129547
INFO:root:8
Train: 391.9635314941406 VAL: 5.325584411621094
INFO:root:9
Train: 0.8101692795753479 VAL: 0.585647463798523
INFO:root:10
Train: 0.5031075477600098 VAL: 0.5090110898017883
INFO:root:11
Train: 0.48738864064216614 VAL: 0.4952314496040344
INFO:root:12
Train: 0.47502997517585754 VAL: 0.4906177520751953
INFO:root:13
Train: 0.4743551015853882 VAL: 0.48562854528427124
INFO:root:14
Train: 0.4753362238407135 VAL: 0.5410630106925964
INFO:root:15
Train: 0.49380257725715637 VAL: 0.4790063798427582
INFO:root:16
Train: 0.46275976300239563 VAL: 0.4749928414821625
INFO:root:17
Train: 0.45939376950263977 VAL: 0.47295767068862915
INFO:root:18
Train: 0.48618844151496887 VAL: 0.5354766845703125
INFO:root:19
Train: 0.4915587306022644 VAL: 0.49241703748703003
INFO:root:20
Train: 0.46322330832481384 VAL: 0.47846710681915283
INFO:root:21
Train: 0.4579150378704071 VAL: 0.4883938431739807
INFO:root:22
Train: 0.45945820212364197 VAL: 0.48387211561203003
INFO:root:23
Train: 0.4506091773509979 VAL: 0.48055407404899597
INFO:root:24
Train: 0.452250599861145 VAL: 0.4851060211658478
INFO:root:25
Train: 0.44505774974823 VAL: 0.46828919649124146
INFO:root:26
Train: 0.45144009590148926 VAL: 0.466024786233902
INFO:root:27
Train: 0.4494324326515198 VAL: 0.4683486223220825
INFO:root:28
Train: 0.4403422176837921 VAL: 0.45683950185775757
INFO:root:29
Train: 0.4415019154548645 VAL: 0.45820891857147217
INFO:root:30
Train: 0.43543750047683716 VAL: 0.4559771418571472
INFO:root:31
Train: 0.44009193778038025 VAL: 0.45507702231407166
INFO:root:32
Train: 0.4417934715747833 VAL: 0.4546588063240051
INFO:root:33
Train: 0.4401749074459076 VAL: 0.504699170589447
INFO:root:34
Train: 0.4442277252674103 VAL: 0.47118324041366577
INFO:root:35
Train: 0.44535091519355774 VAL: 0.48145729303359985
INFO:root:BEST VAL: 0.48145729303359985 TEST : 0.37724342942237854
