INFO:root:Namespace(quiet=False, run_id=None, config=None, epochs=200, fold=2, batch_size=128, learn_rate=0.001, betas=(0.9, 0.999), weight_decay=0.001, hidden_size=32, kernel_init='skew-symmetric', note='', seed=None, nlayers=4, attn_head=4, latent_dim=64, dataset='ushcn')
INFO:root:{'input_dim': 5, 'attn_head': 4, 'latent_dim': 64, 'n_layers': 4, 'device': device(type='cuda')}
INFO:root:1
Train: 0.8419410586357117 VAL: 0.531571626663208
INFO:root:2
Train: 0.5908929705619812 VAL: 0.5045953989028931
INFO:root:3
Train: 0.6693382859230042 VAL: 0.4184338450431824
INFO:root:4
Train: 0.4166243076324463 VAL: 0.2962605953216553
INFO:root:5
Train: 0.3964305818080902 VAL: 0.24841344356536865
INFO:root:6
Train: 0.35043248534202576 VAL: 0.25896167755126953
INFO:root:7
Train: 0.3461288511753082 VAL: 0.30508649349212646
INFO:root:8
Train: 0.3297994136810303 VAL: 0.2651256024837494
INFO:root:9
Train: 0.31218335032463074 VAL: 0.2518855035305023
INFO:root:10
Train: 0.311813086271286 VAL: 0.2714846730232239
INFO:root:11
Train: 0.29089781641960144 VAL: 0.2602275311946869
INFO:root:12
Train: 0.30195948481559753 VAL: 0.2599634528160095
INFO:root:13
Train: 0.305406779050827 VAL: 0.2615923285484314
INFO:root:14
Train: 0.3047771751880646 VAL: 0.26881107687950134
INFO:root:15
Train: 0.30338338017463684 VAL: 0.2866058647632599
INFO:root:16
Train: 0.2916594445705414 VAL: 0.2702634930610657
INFO:root:17
Train: 0.27910056710243225 VAL: 0.27116823196411133
INFO:root:18
Train: 0.2988440692424774 VAL: 0.27664273977279663
INFO:root:19
Train: 0.29786422848701477 VAL: 0.2755737602710724
INFO:root:20
Train: 0.29841938614845276 VAL: 0.2825436294078827
INFO:root:21
Train: 0.2980080246925354 VAL: 0.2702816426753998
INFO:root:22
Train: 0.2931607961654663 VAL: 0.28914570808410645
INFO:root:23
Train: 0.29878631234169006 VAL: 0.27673688530921936
INFO:root:24
Train: 0.2976360619068146 VAL: 0.2825644016265869
INFO:root:25
Train: 0.29340749979019165 VAL: 0.28087103366851807
INFO:root:26
Train: 0.29345887899398804 VAL: 0.28012317419052124
INFO:root:27
Train: 0.29042848944664 VAL: 0.2830697000026703
INFO:root:28
Train: 0.2829047441482544 VAL: 0.27816545963287354
INFO:root:29
Train: 0.29772043228149414 VAL: 0.28156325221061707
INFO:root:30
Train: 0.29539182782173157 VAL: 0.27777108550071716
INFO:root:31
Train: 0.29563578963279724 VAL: 0.27953171730041504
INFO:root:32
Train: 0.292633056640625 VAL: 0.2837059497833252
INFO:root:33
Train: 0.2931463420391083 VAL: 0.2877102196216583
INFO:root:34
Train: 0.28919708728790283 VAL: 0.2780095934867859
INFO:root:35
Train: 0.28756701946258545 VAL: 0.2817659080028534
INFO:root:BEST VAL: 0.2817659080028534 TEST : 0.3644687533378601
INFO:root:Namespace(quiet=False, run_id=None, config=None, epochs=200, fold=2, batch_size=64, learn_rate=0.001, betas=(0.9, 0.999), weight_decay=0.001, hidden_size=32, kernel_init='skew-symmetric', note='', seed=None, nlayers=4, attn_head=4, latent_dim=64, dataset='mimiciv')
INFO:root:{'input_dim': 100, 'attn_head': 4, 'latent_dim': 64, 'n_layers': 4, 'device': device(type='cuda')}
INFO:root:1
Train: 0.365365207195282 VAL: 0.3279930651187897
INFO:root:2
Train: 0.30377355217933655 VAL: 0.29648834466934204
INFO:root:3
Train: 0.26876765489578247 VAL: 0.2554459869861603
INFO:root:4
Train: 0.260407954454422 VAL: 0.25637075304985046
INFO:root:5
Train: 0.24966157972812653 VAL: 0.24787449836730957
INFO:root:6
Train: 0.2454073131084442 VAL: 0.24260258674621582
INFO:root:7
Train: 0.24848520755767822 VAL: 0.2504294812679291
INFO:root:8
Train: 0.24148082733154297 VAL: 0.24265187978744507
INFO:root:9
Train: 0.23907825350761414 VAL: 0.24358081817626953
INFO:root:10
Train: 0.23754826188087463 VAL: 0.24293623864650726
INFO:root:11
Train: 0.23516513407230377 VAL: 0.24672409892082214
INFO:root:12
Train: 0.23454289138317108 VAL: 0.2414989173412323
INFO:root:13
Train: 0.2312418818473816 VAL: 0.24457843601703644
INFO:root:14
Train: 0.22953401505947113 VAL: 0.23899933695793152
INFO:root:15
Train: 0.22792445123195648 VAL: 0.23930343985557556
INFO:root:16
Train: 0.22830963134765625 VAL: 0.23218709230422974
INFO:root:17
Train: 0.22216561436653137 VAL: 0.23442260921001434
INFO:root:18
Train: 0.2219342440366745 VAL: 0.2335410714149475
INFO:root:19
Train: 0.2215673327445984 VAL: 0.2348906695842743
INFO:root:20
Train: 0.2233215570449829 VAL: 0.23364418745040894
INFO:root:21
Train: 0.21606431901454926 VAL: 0.23131421208381653
INFO:root:22
Train: 0.21566814184188843 VAL: 0.233620285987854
INFO:root:23
Train: 0.2140544056892395 VAL: 0.23124876618385315
INFO:root:24
Train: 0.21179334819316864 VAL: 0.23134812712669373
INFO:root:25
Train: 0.21115005016326904 VAL: 0.22750842571258545
INFO:root:26
Train: 0.20921173691749573 VAL: 0.22619882225990295
INFO:root:27
Train: 0.20565153658390045 VAL: 0.24138644337654114
INFO:root:28
Train: 0.20875926315784454 VAL: 0.23465214669704437
INFO:root:29
Train: 0.21003417670726776 VAL: 0.23462262749671936
INFO:root:30
Train: 0.2112034410238266 VAL: 0.23174914717674255
INFO:root:31
Train: 0.20343776047229767 VAL: 0.23170983791351318
INFO:root:32
Train: 0.20231205224990845 VAL: 0.23193632066249847
INFO:root:33
Train: 0.20025652647018433 VAL: 0.23337730765342712
INFO:root:34
Train: 0.19770917296409607 VAL: 0.24026040732860565
INFO:root:35
Train: 0.19433288276195526 VAL: 0.23568949103355408
INFO:root:36
Train: 0.19235005974769592 VAL: 0.24585169553756714
INFO:root:37
Train: 0.1890607327222824 VAL: 0.24562501907348633
INFO:root:38
Train: 0.17592649161815643 VAL: 0.23514725267887115
INFO:root:39
Train: 0.16876214742660522 VAL: 0.2365427017211914
INFO:root:40
Train: 0.16538679599761963 VAL: 0.24226698279380798
INFO:root:41
Train: 0.16068454086780548 VAL: 0.24132999777793884
INFO:root:42
Train: 0.16103076934814453 VAL: 0.23852655291557312
INFO:root:43
Train: 0.15458519756793976 VAL: 0.2478056102991104
INFO:root:44
Train: 0.15306435525417328 VAL: 0.24316516518592834
INFO:root:45
Train: 0.14801014959812164 VAL: 0.25282731652259827
INFO:root:46
Train: 0.14403805136680603 VAL: 0.2493807077407837
INFO:root:47
Train: 0.14109817147254944 VAL: 0.2550676465034485
INFO:root:48
Train: 0.1392134428024292 VAL: 0.24690063297748566
INFO:root:49
Train: 0.12705744802951813 VAL: 0.25517529249191284
INFO:root:50
Train: 0.11978507786989212 VAL: 0.2561359405517578
INFO:root:51
Train: 0.11656830459833145 VAL: 0.2576878070831299
INFO:root:52
Train: 0.1135387048125267 VAL: 0.2597390115261078
INFO:root:53
Train: 0.11071782559156418 VAL: 0.2612340450286865
INFO:root:54
Train: 0.1089160218834877 VAL: 0.2609609365463257
INFO:root:55
Train: 0.10626499354839325 VAL: 0.26059845089912415
INFO:root:56
Train: 0.10370849072933197 VAL: 0.26549553871154785
INFO:root:BEST VAL: 0.26549553871154785 TEST : 0.22488850355148315
