INFO:root:Namespace(quiet=False, run_id=None, config=None, epochs=200, fold=0, batch_size=64, learn_rate=0.001, betas=(0.9, 0.999), weight_decay=0.001, hidden_size=32, kernel_init='skew-symmetric', note='', seed=None, nlayers=4, attn_head=4, latent_dim=256, dataset='mimiciii')
INFO:root:{'input_dim': 96, 'attn_head': 4, 'latent_dim': 256, 'n_layers': 4, 'device': device(type='cuda')}
INFO:root:1
Train: 2.0521326065063477 VAL: 0.5659123063087463
INFO:root:2
Train: 0.5727667808532715 VAL: 0.5321963429450989
INFO:root:3
Train: 0.5077441334724426 VAL: 0.49083492159843445
INFO:root:4
Train: 0.45496416091918945 VAL: 0.45891156792640686
INFO:root:5
Train: 0.46042755246162415 VAL: 0.4552738666534424
INFO:root:6
Train: 0.42923054099082947 VAL: 0.5212033987045288
INFO:root:7
Train: 0.4285222589969635 VAL: 0.43570342659950256
INFO:root:8
Train: 0.4076882004737854 VAL: 0.4195251762866974
INFO:root:9
Train: 0.4177528917789459 VAL: 0.4236997961997986
INFO:root:10
Train: 0.41389572620391846 VAL: 0.4376481771469116
INFO:root:11
Train: 0.4223036766052246 VAL: 0.4340193569660187
INFO:root:12
Train: 730453901312.0 VAL: 2724566528.0
INFO:root:13
Train: 2998014976.0 VAL: 45325360.0
INFO:root:14
Train: 38838500.0 VAL: 21901290.0
INFO:root:15
Train: 306479424.0 VAL: 24121700.0
INFO:root:16
Train: 20357484.0 VAL: 9635446.0
INFO:root:17
Train: 15735145.0 VAL: 8440504.0
INFO:root:18
Train: 7984556.0 VAL: 9662854.0
INFO:root:19
Train: 6994788.5 VAL: 8740678.0
INFO:root:20
Train: 8806525.0 VAL: 8092872.0
INFO:root:21
Train: 8234306.5 VAL: 7356954.0
INFO:root:22
Train: 16601084.0 VAL: 16498364.0
INFO:root:23
Train: 13522228.0 VAL: 11075112.0
INFO:root:24
Train: 8777282.0 VAL: 7624533.5
INFO:root:25
Train: 6446877.0 VAL: 6487425.0
INFO:root:26
Train: 4962698.0 VAL: 4366445.5
INFO:root:27
Train: 4050229.5 VAL: 5762434.0
INFO:root:28
Train: 3498448.25 VAL: 2813054.0
INFO:root:29
Train: 2602890.25 VAL: 3161796.75
INFO:root:30
Train: 4871363.5 VAL: 4014517.0
INFO:root:31
Train: 2863925.5 VAL: 2540154.5
INFO:root:32
Train: 2396545.0 VAL: 2151625.0
INFO:root:33
Train: 2172503.75 VAL: 2002588.125
INFO:root:34
Train: 1954451.0 VAL: 1906850.875
INFO:root:35
Train: 1808357.25 VAL: 2014044.75
INFO:root:36
Train: 1570556.5 VAL: 1948606.75
INFO:root:37
Train: 1373991.75 VAL: 1209721.75
INFO:root:38
Train: 1198441.0 VAL: 1069336.5
INFO:root:Namespace(quiet=False, run_id=None, config=None, epochs=200, fold=0, batch_size=64, learn_rate=0.001, betas=(0.9, 0.999), weight_decay=0.001, hidden_size=32, kernel_init='skew-symmetric', note='', seed=None, nlayers=4, attn_head=4, latent_dim=256, dataset='mimiciv')
INFO:root:{'input_dim': 100, 'attn_head': 4, 'latent_dim': 256, 'n_layers': 4, 'device': device(type='cuda')}
INFO:root:1
Train: 0.7987474799156189 VAL: 0.3156088590621948
INFO:root:2
Train: 0.30766549706459045 VAL: 0.2941874563694
INFO:root:3
Train: 0.2742258310317993 VAL: 0.26422396302223206
INFO:root:4
Train: 0.2623220980167389 VAL: 0.2592525780200958
INFO:root:5
Train: 0.25701528787612915 VAL: 0.2584805190563202
INFO:root:6
Train: 0.2532619833946228 VAL: 0.25792545080184937
INFO:root:7
Train: 0.24508816003799438 VAL: 0.25299060344696045
INFO:root:8
Train: 0.24372397363185883 VAL: 0.24670034646987915
INFO:root:9
Train: 0.24001353979110718 VAL: 0.2456570267677307
INFO:root:10
Train: 0.2399178147315979 VAL: 0.24249513447284698
INFO:root:11
Train: 0.2376578152179718 VAL: 0.24334940314292908
INFO:root:12
Train: 0.2307644635438919 VAL: 0.2383648008108139
INFO:root:13
Train: 0.23083053529262543 VAL: 0.2421368807554245
INFO:root:14
Train: 0.22772930562496185 VAL: 0.23946595191955566
INFO:root:15
Train: 0.2262660562992096 VAL: 0.24072399735450745
INFO:root:16
Train: 0.22470946609973907 VAL: 0.23413528501987457
INFO:root:17
Train: 0.22359254956245422 VAL: 0.2419464886188507
INFO:root:18
Train: 0.22063429653644562 VAL: 0.24373933672904968
INFO:root:19
Train: 0.21978645026683807 VAL: 0.23036658763885498
INFO:root:20
Train: 0.21829181909561157 VAL: 0.2342064380645752
INFO:root:21
Train: 0.2168595790863037 VAL: 0.2345290184020996
INFO:root:22
Train: 0.21728599071502686 VAL: 0.23506519198417664
INFO:root:23
Train: 0.21549083292484283 VAL: 0.2362419068813324
INFO:root:24
Train: 0.21586032211780548 VAL: 0.2385239452123642
INFO:root:25
Train: 0.21566295623779297 VAL: 0.2366465926170349
INFO:root:26
Train: 0.21345309913158417 VAL: 0.24625030159950256
INFO:root:27
Train: 0.2125842422246933 VAL: 0.23567666113376617
INFO:root:28
Train: 0.21223294734954834 VAL: 0.23919227719306946
INFO:root:29
Train: 0.21342240273952484 VAL: 0.23172658681869507
INFO:root:30
Train: 0.2107263207435608 VAL: 0.23655742406845093
INFO:root:31
Train: 0.1941775530576706 VAL: 0.23250222206115723
INFO:root:32
Train: 0.1876789927482605 VAL: 0.2310602068901062
INFO:root:33
Train: 0.18465788662433624 VAL: 0.233322873711586
INFO:root:34
Train: 0.18351325392723083 VAL: 0.2319033145904541
INFO:root:35
Train: 0.18006320297718048 VAL: 0.23447340726852417
INFO:root:36
Train: 0.18171468377113342 VAL: 0.23282423615455627
INFO:root:37
Train: 0.17946705222129822 VAL: 0.25037050247192383
INFO:root:38
Train: 0.17759452760219574 VAL: 0.2381424605846405
INFO:root:39
Train: 0.18426471948623657 VAL: 0.2402442842721939
INFO:root:40
Train: 0.17553074657917023 VAL: 0.23940545320510864
INFO:root:41
Train: 0.16764135658740997 VAL: 0.24605445563793182
INFO:root:42
Train: 0.15007154643535614 VAL: 0.2406814843416214
INFO:root:43
Train: 0.13554121553897858 VAL: 0.24384507536888123
INFO:root:44
Train: 0.12746012210845947 VAL: 0.24592776596546173
INFO:root:45
Train: 0.11932443827390671 VAL: 0.24960699677467346
INFO:root:46
Train: 0.11246757209300995 VAL: 0.25136318802833557
INFO:root:47
Train: 0.10619212687015533 VAL: 0.2509334683418274
INFO:root:48
Train: 0.10204482823610306 VAL: 0.2622576057910919
INFO:root:49
Train: 0.09944617748260498 VAL: 0.25705409049987793
INFO:root:BEST VAL: 0.25705409049987793 TEST : 0.22760064899921417
