INFO:root:Namespace(quiet=False, run_id=None, config=None, epochs=200, fold=4, batch_size=64, learn_rate=0.001, betas=(0.9, 0.999), weight_decay=0.001, hidden_size=32, kernel_init='skew-symmetric', note='', seed=None, nlayers=2, attn_head=4, latent_dim=128, dataset='mimiciii')
INFO:root:{'input_dim': 96, 'attn_head': 4, 'latent_dim': 128, 'n_layers': 2, 'device': device(type='cuda')}
INFO:root:1
Train: 0.6149077415466309 VAL: 0.5344182252883911
INFO:root:2
Train: 0.4839133024215698 VAL: 0.46683722734451294
INFO:root:3
Train: 0.4392785429954529 VAL: 0.46236181259155273
INFO:root:4
Train: 0.4426352381706238 VAL: 0.4547281265258789
INFO:root:5
Train: 0.44796159863471985 VAL: 0.5402910709381104
INFO:root:6
Train: 0.5239650011062622 VAL: 0.45132648944854736
INFO:root:7
Train: 0.41973766684532166 VAL: 0.4410646855831146
INFO:root:8
Train: 0.4035389721393585 VAL: 0.44933316111564636
INFO:root:9
Train: 0.4166989326477051 VAL: 0.4660545289516449
INFO:root:10
Train: 0.41687995195388794 VAL: 0.4376678764820099
INFO:root:11
Train: 0.3984760642051697 VAL: 0.43990421295166016
INFO:root:12
Train: 0.40200331807136536 VAL: 0.4463493824005127
INFO:root:13
Train: 0.41003692150115967 VAL: 0.49218499660491943
INFO:root:14
Train: 0.4224112331867218 VAL: 0.44562244415283203
INFO:root:15
Train: 0.40480104088783264 VAL: 0.4373641908168793
INFO:root:16
Train: 0.39106035232543945 VAL: 0.42979902029037476
INFO:root:17
Train: 0.38579848408699036 VAL: 0.4297610819339752
INFO:root:18
Train: 0.38348010182380676 VAL: 0.4283097982406616
INFO:root:19
Train: 0.38295650482177734 VAL: 0.429984450340271
INFO:root:20
Train: 0.3816557228565216 VAL: 0.42559319734573364
INFO:root:21
Train: 0.3854939341545105 VAL: 0.4236173629760742
INFO:root:22
Train: 0.38076263666152954 VAL: 0.42594102025032043
INFO:root:23
Train: 0.3893272280693054 VAL: 0.41978389024734497
INFO:root:24
Train: 0.37539345026016235 VAL: 0.42276614904403687
INFO:root:25
Train: 0.37217068672180176 VAL: 0.4195755124092102
INFO:root:26
Train: 0.3750348687171936 VAL: 0.4382796287536621
INFO:root:27
Train: 0.38157305121421814 VAL: 0.4183095097541809
INFO:root:28
Train: 0.38341376185417175 VAL: 0.4259060323238373
INFO:root:29
Train: 0.37671133875846863 VAL: 0.4199584722518921
INFO:root:30
Train: 0.38411790132522583 VAL: 0.4246394634246826
INFO:root:31
Train: 0.38102248311042786 VAL: 0.4151860475540161
INFO:root:32
Train: 0.39940017461776733 VAL: 0.424558162689209
INFO:root:33
Train: 0.3776263892650604 VAL: 0.4426737427711487
INFO:root:34
Train: 0.37196511030197144 VAL: 0.4153035879135132
INFO:root:35
Train: 0.3685449957847595 VAL: 0.41226381063461304
INFO:root:36
Train: 0.3612325191497803 VAL: 0.4173276424407959
INFO:root:37
Train: 0.36185750365257263 VAL: 0.4098609685897827
INFO:root:38
Train: 0.35982710123062134 VAL: 0.41355109214782715
INFO:root:39
Train: 0.36185628175735474 VAL: 0.4122931957244873
INFO:root:40
Train: 0.35625413060188293 VAL: 0.4084802269935608
INFO:root:41
Train: 0.3515428900718689 VAL: 0.41127121448516846
INFO:root:42
Train: 0.35967370867729187 VAL: 0.41062426567077637
INFO:root:43
Train: 0.3614978790283203 VAL: 0.4194948077201843
INFO:root:44
Train: 0.3543253540992737 VAL: 0.411933958530426
INFO:root:45
Train: 0.3568723499774933 VAL: 0.418668270111084
INFO:root:46
Train: 0.351886123418808 VAL: 0.4250033497810364
INFO:root:47
Train: 0.3666720986366272 VAL: 0.40954166650772095
INFO:root:48
Train: 0.3744848668575287 VAL: 0.4513193368911743
INFO:root:49
Train: 0.5712270736694336 VAL: 0.45170629024505615
INFO:root:50
Train: 0.5135012865066528 VAL: 2.3204660415649414
INFO:root:51
Train: 0.5684085488319397 VAL: 0.5220837593078613
INFO:root:52
Train: 0.4046748876571655 VAL: 0.43339067697525024
INFO:root:53
Train: 0.389142781496048 VAL: 0.4352835416793823
INFO:root:54
Train: 0.38205838203430176 VAL: 0.4293266236782074
INFO:root:55
Train: 0.3765529990196228 VAL: 0.4268656373023987
INFO:root:56
Train: 0.37209105491638184 VAL: 0.4206773340702057
INFO:root:57
Train: 0.36755630373954773 VAL: 0.4195515811443329
INFO:root:58
Train: 0.3623770773410797 VAL: 0.4198383688926697
INFO:root:59
Train: 0.36517277359962463 VAL: 0.4199625253677368
INFO:root:60
Train: 0.3594883978366852 VAL: 0.4162094295024872
INFO:root:61
Train: 0.35613101720809937 VAL: 0.41198188066482544
INFO:root:62
Train: 0.35199037194252014 VAL: 0.41177845001220703
INFO:root:63
Train: 0.34712257981300354 VAL: 0.4129304587841034
INFO:root:64
Train: 0.34422406554222107 VAL: 0.4102272689342499
INFO:root:65
Train: 0.3428169786930084 VAL: 0.40842705965042114
INFO:root:66
Train: 0.34193912148475647 VAL: 0.4085683822631836
INFO:root:67
Train: 0.33845254778862 VAL: 0.4071187376976013
INFO:root:68
Train: 0.33814141154289246 VAL: 0.40462934970855713
INFO:root:69
Train: 0.3363446295261383 VAL: 0.4075397253036499
INFO:root:70
Train: 0.34050843119621277 VAL: 0.41981106996536255
INFO:root:71
Train: 0.34524500370025635 VAL: 0.4078862965106964
INFO:root:72
Train: 0.33978936076164246 VAL: 0.40947312116622925
INFO:root:73
Train: 0.3352532386779785 VAL: 0.4052104949951172
INFO:root:74
Train: 0.3325301706790924 VAL: 0.40584611892700195
INFO:root:75
Train: 0.33315587043762207 VAL: 0.4104490876197815
INFO:root:76
Train: 0.3300420641899109 VAL: 0.4054120182991028
INFO:root:77
Train: 0.3288479447364807 VAL: 0.40964746475219727
INFO:root:78
Train: 0.32494881749153137 VAL: 0.40485721826553345
INFO:root:79
Train: 0.3253151476383209 VAL: 0.40475374460220337
INFO:root:80
Train: 0.31662383675575256 VAL: 0.40240371227264404
INFO:root:81
Train: 0.31436729431152344 VAL: 0.40517130494117737
INFO:root:82
Train: 0.3121715784072876 VAL: 0.40678149461746216
INFO:root:83
Train: 0.3085501790046692 VAL: 0.4093778133392334
INFO:root:84
Train: 0.30757173895835876 VAL: 0.4062802493572235
INFO:root:85
Train: 0.30717000365257263 VAL: 0.413085401058197
INFO:root:86
Train: 0.30605772137641907 VAL: 0.40478625893592834
INFO:root:87
Train: 0.30412229895591736 VAL: 0.4192802608013153
INFO:root:88
Train: 0.3009485602378845 VAL: 0.4073432385921478
INFO:root:89
Train: 0.3033231198787689 VAL: 0.4109753370285034
INFO:root:90
Train: 0.3012954294681549 VAL: 0.41044843196868896
INFO:root:91
Train: 0.2985196113586426 VAL: 0.41114169359207153
INFO:root:92
Train: 0.2923564314842224 VAL: 0.40990766882896423
INFO:root:93
Train: 0.2903192937374115 VAL: 0.41260939836502075
INFO:root:94
Train: 0.2892482578754425 VAL: 0.41301506757736206
INFO:root:95
Train: 0.2880454957485199 VAL: 0.4129432439804077
INFO:root:96
Train: 0.28531771898269653 VAL: 0.4134451746940613
INFO:root:97
Train: 0.28457072377204895 VAL: 0.4135434627532959
INFO:root:98
Train: 0.2819387912750244 VAL: 0.41255420446395874
INFO:root:99
Train: 0.283313125371933 VAL: 0.41577327251434326
INFO:root:100
Train: 0.2814507782459259 VAL: 0.419677734375
INFO:root:101
Train: 0.28064993023872375 VAL: 0.412202924489975
INFO:root:102
Train: 0.27940306067466736 VAL: 0.4183748960494995
INFO:root:103
Train: 0.2763585150241852 VAL: 0.41691166162490845
INFO:root:104
Train: 0.27502721548080444 VAL: 0.4167272746562958
INFO:root:105
Train: 0.2747212052345276 VAL: 0.4169323146343231
INFO:root:106
Train: 0.27458786964416504 VAL: 0.41553667187690735
INFO:root:107
Train: 0.2736905515193939 VAL: 0.4181518256664276
INFO:root:108
Train: 0.2732768952846527 VAL: 0.41908255219459534
INFO:root:109
Train: 0.2716585397720337 VAL: 0.4225184917449951
INFO:root:110
Train: 0.272106796503067 VAL: 0.42071548104286194
INFO:root:BEST VAL: 0.42071548104286194 TEST : 0.4051238000392914
