INFO:root:Namespace(quiet=False, run_id=None, config=None, epochs=200, fold=0, batch_size=128, learn_rate=0.001, betas=(0.9, 0.999), weight_decay=0.001, hidden_size=32, kernel_init='skew-symmetric', note='', seed=None, nlayers=2, attn_head=1, latent_dim=256, dataset='ushcn')
INFO:root:{'input_dim': 5, 'attn_head': 1, 'latent_dim': 256, 'n_layers': 2, 'device': device(type='cuda')}
INFO:root:1
Train: 6.0802788734436035 VAL: 1.590287446975708
INFO:root:2
Train: 0.8890604972839355 VAL: 0.9300943613052368
INFO:root:3
Train: 0.6253719925880432 VAL: 0.8664462566375732
INFO:root:4
Train: 0.5227134823799133 VAL: 0.726172685623169
INFO:root:5
Train: 0.434185653924942 VAL: 0.5649186968803406
INFO:root:6
Train: 0.3755471706390381 VAL: 0.40624821186065674
INFO:root:7
Train: 0.32329699397087097 VAL: 0.36620190739631653
INFO:root:8
Train: 0.33233973383903503 VAL: 0.3823087513446808
INFO:root:9
Train: 0.332355797290802 VAL: 0.3551196753978729
INFO:root:10
Train: 0.30959320068359375 VAL: 0.4236683249473572
INFO:root:11
Train: 0.3150443136692047 VAL: 0.3921613395214081
INFO:root:12
Train: 0.29306867718696594 VAL: 0.4523473083972931
INFO:root:13
Train: 0.31280145049095154 VAL: 0.4898854196071625
INFO:root:14
Train: 0.3096368610858917 VAL: 0.4532849192619324
INFO:root:15
Train: 0.30031755566596985 VAL: 0.5176626443862915
INFO:root:16
Train: 0.30077803134918213 VAL: 0.5459181666374207
INFO:root:17
Train: 0.3047378361225128 VAL: 0.49795210361480713
INFO:root:18
Train: 0.3052220046520233 VAL: 0.519882321357727
INFO:root:19
Train: 0.3212565779685974 VAL: 0.5477005243301392
INFO:root:20
Train: 0.3122510015964508 VAL: 0.4532516896724701
INFO:root:21
Train: 0.3056446313858032 VAL: 0.42826923727989197
INFO:root:22
Train: 0.28912821412086487 VAL: 0.5691822171211243
INFO:root:23
Train: 0.2777794897556305 VAL: 0.471851110458374
INFO:root:24
Train: 0.30486324429512024 VAL: 0.5285910367965698
INFO:root:25
Train: 0.30543985962867737 VAL: 0.5675420165061951
INFO:root:26
Train: 0.27940353751182556 VAL: 0.5006276965141296
INFO:root:27
Train: 0.30345189571380615 VAL: 0.5358103513717651
INFO:root:28
Train: 0.30406245589256287 VAL: 0.5435073375701904
INFO:root:29
Train: 0.2976800501346588 VAL: 0.40426284074783325
INFO:root:30
Train: 0.2839963734149933 VAL: 0.5343136191368103
INFO:root:31
Train: 0.29590967297554016 VAL: 0.5108755826950073
INFO:root:32
Train: 0.2993537485599518 VAL: 0.5091859698295593
INFO:root:33
Train: 0.29879888892173767 VAL: 0.554372251033783
INFO:root:34
Train: 0.2982129156589508 VAL: 0.5197094678878784
INFO:root:35
Train: 0.2782347500324249 VAL: 0.5534337162971497
INFO:root:36
Train: 0.2990095913410187 VAL: 0.523806631565094
INFO:root:Namespace(quiet=False, run_id=None, config=None, epochs=200, fold=0, batch_size=128, learn_rate=0.001, betas=(0.9, 0.999), weight_decay=0.001, hidden_size=32, kernel_init='skew-symmetric', note='', seed=None, nlayers=2, attn_head=1, latent_dim=256, dataset='ushcn')
INFO:root:{'input_dim': 5, 'attn_head': 1, 'latent_dim': 256, 'n_layers': 2, 'device': device(type='cuda')}
INFO:root:1
Train: 7.146389484405518 VAL: 1.7049682140350342
INFO:root:2
Train: 0.8733978271484375 VAL: 1.050527572631836
INFO:root:3
Train: 0.6147377490997314 VAL: 0.6066367030143738
INFO:root:4
Train: 0.4928171932697296 VAL: 0.6152586936950684
INFO:root:5
Train: 0.4272039830684662 VAL: 0.5866256952285767
INFO:root:6
Train: 0.40802374482154846 VAL: 0.5789303779602051
INFO:root:7
Train: 0.38925349712371826 VAL: 0.5687000751495361
INFO:root:8
Train: 0.3921380341053009 VAL: 0.5490715503692627
INFO:root:9
Train: 0.366567999124527 VAL: 0.39875006675720215
INFO:root:10
Train: 0.3306121528148651 VAL: 0.3542617857456207
INFO:root:11
Train: 0.3355480432510376 VAL: 0.3594099283218384
INFO:root:12
Train: 0.32905837893486023 VAL: 0.40051430463790894
INFO:root:13
Train: 0.3268987536430359 VAL: 0.41517147421836853
INFO:root:14
Train: 0.3097734749317169 VAL: 0.3618864417076111
INFO:root:15
Train: 0.31559035181999207 VAL: 0.41693392395973206
INFO:root:16
Train: 0.3163672387599945 VAL: 0.4261223077774048
INFO:root:17
Train: 0.30073627829551697 VAL: 0.47020336985588074
INFO:root:18
Train: 0.32072868943214417 VAL: 0.4436798691749573
INFO:root:19
Train: 0.30889892578125 VAL: 0.3868703842163086
INFO:root:20
Train: 0.32273730635643005 VAL: 0.43217018246650696
INFO:root:21
Train: 0.31134817004203796 VAL: 0.42513784766197205
INFO:root:22
Train: 0.31328949332237244 VAL: 0.35751354694366455
INFO:root:23
Train: 0.30593734979629517 VAL: 0.4416993260383606
INFO:root:24
Train: 0.29658159613609314 VAL: 0.44804611802101135
INFO:root:25
Train: 0.3053140640258789 VAL: 0.40392106771469116
INFO:root:26
Train: 0.2922532260417938 VAL: 0.39779841899871826
INFO:root:27
Train: 0.2916429340839386 VAL: 0.4408433735370636
INFO:root:28
Train: 0.30558863282203674 VAL: 0.4648821949958801
INFO:root:29
Train: 0.30465731024742126 VAL: 0.43142858147621155
INFO:root:30
Train: 0.2829313576221466 VAL: 0.4355998635292053
INFO:root:31
Train: 0.3027370572090149 VAL: 0.4629139304161072
INFO:root:32
Train: 0.29407086968421936 VAL: 0.43478482961654663
INFO:root:33
Train: 0.2952806055545807 VAL: 0.4403097629547119
INFO:root:34
Train: 0.3007279932498932 VAL: 0.4460512399673462
INFO:root:35
Train: 0.30497312545776367 VAL: 0.48587700724601746
INFO:root:36
Train: 0.27988266944885254 VAL: 0.46635153889656067
INFO:root:37
Train: 0.2802794873714447 VAL: 0.44165167212486267
INFO:root:38
Train: 0.28710976243019104 VAL: 0.45938777923583984
INFO:root:39
Train: 0.3036976158618927 VAL: 0.5042452812194824
INFO:root:40
Train: 0.3040454387664795 VAL: 0.4798145294189453
INFO:root:Namespace(quiet=False, run_id=None, config=None, epochs=200, fold=0, batch_size=128, learn_rate=0.001, betas=(0.9, 0.999), weight_decay=0.001, hidden_size=32, kernel_init='skew-symmetric', note='', seed=None, nlayers=2, attn_head=1, latent_dim=256, dataset='ushcn')
INFO:root:{'input_dim': 5, 'attn_head': 1, 'latent_dim': 256, 'n_layers': 2, 'device': device(type='cuda')}
INFO:root:1
Train: 4.978853702545166 VAL: 1.4514323472976685
INFO:root:2
Train: 0.8207054734230042 VAL: 0.9304729700088501
INFO:root:3
Train: 0.5589773058891296 VAL: 0.6755979657173157
INFO:root:4
Train: 0.4674580991268158 VAL: 0.5704385042190552
INFO:root:5
Train: 0.40780213475227356 VAL: 0.41333186626434326
INFO:root:6
Train: 0.33981040120124817 VAL: 0.3651595115661621
INFO:root:7
Train: 0.32585957646369934 VAL: 0.37149810791015625
INFO:root:8
Train: 0.32355204224586487 VAL: 0.39198845624923706
INFO:root:9
Train: 0.317879319190979 VAL: 0.4654748737812042
INFO:root:10
Train: 0.33220964670181274 VAL: 0.36946552991867065
INFO:root:11
Train: 0.3282301127910614 VAL: 0.4163966774940491
INFO:root:12
Train: 0.3200046122074127 VAL: 0.39128977060317993
INFO:root:13
Train: 0.32502830028533936 VAL: 0.4024723768234253
INFO:root:14
Train: 0.3161736726760864 VAL: 0.443205863237381
INFO:root:15
Train: 0.29607030749320984 VAL: 0.4291323721408844
INFO:root:16
Train: 0.3045414388179779 VAL: 0.4309138059616089
INFO:root:17
Train: 0.2930484712123871 VAL: 0.5511021018028259
INFO:root:18
Train: 0.3014868199825287 VAL: 0.48062849044799805
INFO:root:19
Train: 0.31134292483329773 VAL: 0.4241897463798523
INFO:root:20
Train: 0.3063575327396393 VAL: 0.6300269365310669
INFO:root:21
Train: 0.3065716624259949 VAL: 0.4902937114238739
INFO:root:22
Train: 0.3080008625984192 VAL: 0.5031915903091431
INFO:root:23
Train: 0.2920481860637665 VAL: 0.49095070362091064
INFO:root:24
Train: 0.31203553080558777 VAL: 0.456633985042572
INFO:root:25
Train: 0.3061738908290863 VAL: 0.4848405718803406
INFO:root:26
Train: 0.3069049119949341 VAL: 0.4799031615257263
INFO:root:27
Train: 0.3028595447540283 VAL: 0.49965745210647583
INFO:root:28
Train: 0.3020924925804138 VAL: 0.5447723865509033
INFO:root:29
Train: 0.3065195381641388 VAL: 0.49308115243911743
INFO:root:30
Train: 0.2877906858921051 VAL: 0.4871191084384918
INFO:root:31
Train: 0.2976709008216858 VAL: 0.5402239561080933
INFO:root:32
Train: 0.301471471786499 VAL: 0.5153264403343201
INFO:root:33
Train: 0.3029024302959442 VAL: 0.4988230764865875
INFO:root:34
Train: 0.3027551472187042 VAL: 0.5046969056129456
INFO:root:35
Train: 0.29628098011016846 VAL: 0.5502411723136902
INFO:root:36
Train: 0.27426770329475403 VAL: 0.5369104146957397
INFO:root:BEST VAL: 0.5369104146957397 TEST : 0.26746314764022827
