INFO:root:Namespace(quiet=False, run_id=None, config=None, epochs=200, fold=1, batch_size=64, learn_rate=0.001, betas=(0.9, 0.999), weight_decay=0.001, hidden_size=32, kernel_init='skew-symmetric', note='', seed=None, nlayers=4, attn_head=2, latent_dim=64, dataset='mimiciii')
INFO:root:{'input_dim': 96, 'attn_head': 2, 'latent_dim': 64, 'n_layers': 4, 'device': device(type='cuda')}
INFO:root:1
Train: 0.560800313949585 VAL: 0.5092517137527466
INFO:root:2
Train: 0.49391111731529236 VAL: 0.47550728917121887
INFO:root:3
Train: 0.4573978781700134 VAL: 0.44239750504493713
INFO:root:4
Train: 0.4213484227657318 VAL: 0.43759992718696594
INFO:root:5
Train: 0.41519132256507874 VAL: 0.4385718107223511
INFO:root:6
Train: 0.42497020959854126 VAL: 0.4322941303253174
INFO:root:7
Train: 0.40687915682792664 VAL: 0.4130292534828186
INFO:root:8
Train: 0.3958498239517212 VAL: 0.41320374608039856
INFO:root:9
Train: 0.39224767684936523 VAL: 0.40473872423171997
INFO:root:10
Train: 0.39191943407058716 VAL: 0.41143953800201416
INFO:root:11
Train: 0.3901247978210449 VAL: 0.40399837493896484
INFO:root:12
Train: 0.38629820942878723 VAL: 0.4050293266773224
INFO:root:13
Train: 0.38973498344421387 VAL: 0.40642106533050537
INFO:root:14
Train: 0.3945689797401428 VAL: 0.410605788230896
INFO:root:15
Train: 0.38400503993034363 VAL: 0.4049866497516632
INFO:root:16
Train: 0.3856727182865143 VAL: 0.4038047194480896
INFO:root:17
Train: 0.38322100043296814 VAL: 0.39842453598976135
INFO:root:18
Train: 0.376812219619751 VAL: 0.39698076248168945
INFO:root:19
Train: 0.37703806161880493 VAL: 0.40884941816329956
INFO:root:20
Train: 0.3785165548324585 VAL: 0.3964919149875641
INFO:root:21
Train: 0.3718016743659973 VAL: 0.40705403685569763
INFO:root:22
Train: 0.3877655267715454 VAL: 0.3999820053577423
INFO:root:23
Train: 0.36844950914382935 VAL: 0.39806029200553894
INFO:root:24
Train: 0.36872419714927673 VAL: 0.4104251265525818
INFO:root:25
Train: 0.36455732583999634 VAL: 0.3945843577384949
INFO:root:26
Train: 0.3956931233406067 VAL: 0.39870554208755493
INFO:root:27
Train: 0.3845651149749756 VAL: 0.43524688482284546
INFO:root:28
Train: 0.38257843255996704 VAL: 0.3992944657802582
INFO:root:29
Train: 0.42227914929389954 VAL: 0.41140609979629517
INFO:root:30
Train: 0.3760885000228882 VAL: 0.4139966368675232
INFO:root:31
Train: 0.3656947910785675 VAL: 0.39012181758880615
INFO:root:32
Train: 0.3663046956062317 VAL: 0.3990372121334076
INFO:root:33
Train: 0.35755306482315063 VAL: 0.39099329710006714
INFO:root:34
Train: 0.3642923831939697 VAL: 0.3941977620124817
INFO:root:35
Train: 0.36186346411705017 VAL: 0.39534589648246765
INFO:root:36
Train: 0.3619825839996338 VAL: 0.40298226475715637
INFO:root:37
Train: 0.36102357506752014 VAL: 0.4034118056297302
INFO:root:38
Train: 0.3578685224056244 VAL: 0.3917248249053955
INFO:root:39
Train: 0.3533133864402771 VAL: 0.40054503083229065
INFO:root:40
Train: 0.348637193441391 VAL: 0.3852849304676056
INFO:root:41
Train: 0.347101092338562 VAL: 0.39491093158721924
INFO:root:42
Train: 0.34763669967651367 VAL: 0.40186837315559387
INFO:root:43
Train: 0.34967291355133057 VAL: 0.42445123195648193
INFO:root:44
Train: 0.3818417191505432 VAL: 0.40105459094047546
INFO:root:45
Train: 0.36178869009017944 VAL: 0.3902546167373657
INFO:root:46
Train: 0.35505515336990356 VAL: 0.41868865489959717
INFO:root:47
Train: 0.5441226363182068 VAL: 0.4468403458595276
INFO:root:48
Train: 0.38894256949424744 VAL: 0.41347020864486694
INFO:root:49
Train: 0.37543985247612 VAL: 0.40758174657821655
INFO:root:50
Train: 0.3674936294555664 VAL: 0.4019681215286255
INFO:root:51
Train: 0.35933658480644226 VAL: 0.41102176904678345
INFO:root:52
Train: 0.3487413823604584 VAL: 0.39478930830955505
INFO:root:53
Train: 0.34637194871902466 VAL: 0.3976782262325287
INFO:root:54
Train: 0.34120240807533264 VAL: 0.39571452140808105
INFO:root:55
Train: 0.33845055103302 VAL: 0.3993145525455475
INFO:root:56
Train: 0.3360317051410675 VAL: 0.3949206471443176
INFO:root:57
Train: 0.3369191884994507 VAL: 0.39390474557876587
INFO:root:58
Train: 0.33315372467041016 VAL: 0.4035078287124634
INFO:root:59
Train: 0.33931151032447815 VAL: 0.40380656719207764
INFO:root:60
Train: 0.34158068895339966 VAL: 0.3948599100112915
INFO:root:61
Train: 0.34143388271331787 VAL: 0.3974994421005249
INFO:root:62
Train: 0.3336677849292755 VAL: 0.4243764281272888
INFO:root:63
Train: 0.33588674664497375 VAL: 0.39586421847343445
INFO:root:64
Train: 0.3226597309112549 VAL: 0.4111597239971161
INFO:root:65
Train: 0.32274794578552246 VAL: 0.40633296966552734
INFO:root:66
Train: 0.3156084716320038 VAL: 0.4002799093723297
INFO:root:67
Train: 0.3144178092479706 VAL: 0.40637874603271484
INFO:root:68
Train: 0.31036126613616943 VAL: 0.40514013171195984
INFO:root:69
Train: 0.3106890022754669 VAL: 0.415458083152771
INFO:root:70
Train: 0.3129686415195465 VAL: 0.40755754709243774
INFO:root:BEST VAL: 0.40755754709243774 TEST : 0.396834135055542
INFO:root:Namespace(quiet=False, run_id=None, config=None, epochs=200, fold=1, batch_size=64, learn_rate=0.001, betas=(0.9, 0.999), weight_decay=0.001, hidden_size=32, kernel_init='skew-symmetric', note='', seed=None, nlayers=4, attn_head=2, latent_dim=64, dataset='mimiciii')
INFO:root:{'input_dim': 96, 'attn_head': 2, 'latent_dim': 64, 'n_layers': 4, 'device': device(type='cuda')}
INFO:root:1
Train: 0.5595248937606812 VAL: 0.5032522678375244
INFO:root:2
Train: 0.4422825574874878 VAL: 0.45404186844825745
INFO:root:3
Train: 0.42505690455436707 VAL: 0.42396193742752075
INFO:root:4
Train: 0.410593181848526 VAL: 0.423832505941391
INFO:root:5
Train: 0.403522253036499 VAL: 0.43194252252578735
INFO:root:6
Train: 0.3987877070903778 VAL: 0.4112752079963684
INFO:root:7
Train: 0.40658843517303467 VAL: 0.4435897469520569
INFO:root:8
Train: 0.4026843309402466 VAL: 0.40588611364364624
INFO:root:9
Train: 0.3958726227283478 VAL: 0.423439621925354
INFO:root:10
Train: 0.393832802772522 VAL: 0.4073919653892517
INFO:root:11
Train: 0.3993532359600067 VAL: 0.459183931350708
INFO:root:12
Train: 0.4024896025657654 VAL: 0.40626075863838196
INFO:root:13
Train: 0.38248157501220703 VAL: 0.4101583659648895
INFO:root:14
Train: 0.42805910110473633 VAL: 0.4962891638278961
INFO:root:15
Train: 0.4054628014564514 VAL: 0.4196450710296631
INFO:root:16
Train: 0.4052167534828186 VAL: 0.42675480246543884
INFO:root:17
Train: 0.39398065209388733 VAL: 0.4056558609008789
INFO:root:18
Train: 0.37861382961273193 VAL: 0.4039168357849121
INFO:root:19
Train: 0.3775181174278259 VAL: 0.4135299623012543
INFO:root:20
Train: 0.3768256902694702 VAL: 0.41003113985061646
INFO:root:21
Train: 0.36866670846939087 VAL: 0.43661975860595703
INFO:root:22
Train: 0.38209351897239685 VAL: 0.4038209319114685
INFO:root:23
Train: 0.3739735782146454 VAL: 0.40064167976379395
INFO:root:24
Train: 0.36594757437705994 VAL: 0.4029883146286011
INFO:root:25
Train: 0.3629496097564697 VAL: 0.3986441493034363
INFO:root:26
Train: 0.36457791924476624 VAL: 0.41199612617492676
INFO:root:27
Train: 0.361558735370636 VAL: 0.4053342938423157
INFO:root:28
Train: 0.3630918562412262 VAL: 0.39822569489479065
INFO:root:29
Train: 0.3594169318675995 VAL: 0.3945029377937317
INFO:root:30
Train: 0.4308857023715973 VAL: 0.4201289117336273
INFO:root:31
Train: 0.8189013004302979 VAL: 0.4864336848258972
INFO:root:32
Train: 0.4258289039134979 VAL: 0.4350832998752594
INFO:root:33
Train: 0.39747363328933716 VAL: 0.4306707978248596
INFO:root:34
Train: 0.39195358753204346 VAL: 0.45068123936653137
INFO:root:35
Train: 0.39903396368026733 VAL: 0.4230322241783142
INFO:root:36
Train: 0.3814617395401001 VAL: 0.41569745540618896
INFO:root:37
Train: 0.3806653916835785 VAL: 0.42340072989463806
INFO:root:38
Train: 0.37669333815574646 VAL: 0.4294426143169403
INFO:root:39
Train: 0.3759285509586334 VAL: 0.4046873450279236
INFO:root:40
Train: 0.37550991773605347 VAL: 0.4162733256816864
INFO:root:41
Train: 0.370169997215271 VAL: 0.4163941740989685
INFO:root:42
Train: 0.3632502853870392 VAL: 0.40073031187057495
INFO:root:43
Train: 0.3606145977973938 VAL: 0.40212395787239075
INFO:root:44
Train: 0.35870975255966187 VAL: 0.4022144079208374
INFO:root:45
Train: 0.3561684787273407 VAL: 0.39833545684814453
INFO:root:46
Train: 0.35284706950187683 VAL: 0.39702799916267395
INFO:root:47
Train: 0.3527769148349762 VAL: 0.3962172269821167
INFO:root:48
Train: 0.35452374815940857 VAL: 0.3985649347305298
INFO:root:49
Train: 0.35612332820892334 VAL: 0.3977648615837097
INFO:root:50
Train: 0.35076138377189636 VAL: 0.4105895757675171
INFO:root:51
Train: 0.34921392798423767 VAL: 0.39909496903419495
INFO:root:52
Train: 0.34328311681747437 VAL: 0.3999590575695038
INFO:root:53
Train: 0.34176334738731384 VAL: 0.39699429273605347
INFO:root:54
Train: 0.33736860752105713 VAL: 0.39888039231300354
INFO:root:55
Train: 0.33643510937690735 VAL: 0.39992856979370117
INFO:root:56
Train: 0.33520522713661194 VAL: 0.40074384212493896
INFO:root:57
Train: 0.33429235219955444 VAL: 0.40950143337249756
INFO:root:58
Train: 0.33397072553634644 VAL: 0.403036892414093
INFO:root:59
Train: 0.3321794271469116 VAL: 0.4031944274902344
INFO:root:BEST VAL: 0.4031944274902344 TEST : 0.4670892357826233
