INFO:root:Namespace(quiet=False, run_id=None, config=None, epochs=200, fold=0, batch_size=128, learn_rate=0.001, betas=(0.9, 0.999), weight_decay=0.001, hidden_size=32, kernel_init='skew-symmetric', note='', seed=None, nlayers=2, attn_head=4, latent_dim=64, dataset='physionet2012')
INFO:root:{'input_dim': 37, 'attn_head': 4, 'latent_dim': 64, 'n_layers': 2, 'device': device(type='cuda')}
INFO:root:1
Train: 0.46725746989250183 VAL: 0.3855556845664978
INFO:root:2
Train: 0.3793201148509979 VAL: 0.3594616949558258
INFO:root:3
Train: 0.32500019669532776 VAL: 0.31958234310150146
INFO:root:4
Train: 0.30412259697914124 VAL: 0.2992757558822632
INFO:root:5
Train: 0.30053362250328064 VAL: 0.2983747124671936
INFO:root:6
Train: 0.29896512627601624 VAL: 0.29682379961013794
INFO:root:7
Train: 0.2981608510017395 VAL: 0.2933299243450165
INFO:root:8
Train: 0.2969306707382202 VAL: 0.2931763827800751
INFO:root:9
Train: 0.2952713370323181 VAL: 0.2915259003639221
INFO:root:10
Train: 0.2953248620033264 VAL: 0.29250794649124146
INFO:root:11
Train: 0.2954760491847992 VAL: 0.2934079170227051
INFO:root:12
Train: 0.2931622564792633 VAL: 0.29120728373527527
INFO:root:13
Train: 0.2919085621833801 VAL: 0.290287047624588
INFO:root:14
Train: 0.2922913134098053 VAL: 0.291337251663208
INFO:root:15
Train: 0.29130488634109497 VAL: 0.28945451974868774
INFO:root:16
Train: 0.29120105504989624 VAL: 0.29026103019714355
INFO:root:17
Train: 0.29105818271636963 VAL: 0.2929302453994751
INFO:root:18
Train: 0.2923910915851593 VAL: 0.29222577810287476
INFO:root:19
Train: 0.28992658853530884 VAL: 0.2892325818538666
INFO:root:20
Train: 0.2898613214492798 VAL: 0.2888577878475189
INFO:root:21
Train: 0.2896912097930908 VAL: 0.2888195514678955
INFO:root:22
Train: 0.2892377972602844 VAL: 0.2908674478530884
INFO:root:23
Train: 0.28906363248825073 VAL: 0.2934105098247528
INFO:root:24
Train: 0.28821295499801636 VAL: 0.28832635283470154
INFO:root:25
Train: 0.2876431345939636 VAL: 0.2879297733306885
INFO:root:26
Train: 0.2866519093513489 VAL: 0.28760457038879395
INFO:root:27
Train: 0.286551296710968 VAL: 0.28940248489379883
INFO:root:28
Train: 0.2872362434864044 VAL: 0.29082533717155457
INFO:root:29
Train: 0.2874898612499237 VAL: 0.2903052270412445
INFO:root:30
Train: 0.28471338748931885 VAL: 0.28789833188056946
INFO:root:31
Train: 0.2837521433830261 VAL: 0.2866777181625366
INFO:root:32
Train: 0.2855011820793152 VAL: 0.2890123724937439
INFO:root:33
Train: 0.2848578989505768 VAL: 0.28862130641937256
INFO:root:34
Train: 0.2833571434020996 VAL: 0.28832462430000305
INFO:root:35
Train: 0.2835172116756439 VAL: 0.2871456742286682
INFO:root:36
Train: 0.2830115556716919 VAL: 0.29122471809387207
INFO:root:37
Train: 0.28172916173934937 VAL: 0.2868414521217346
INFO:root:38
Train: 0.28204476833343506 VAL: 0.2868655323982239
INFO:root:39
Train: 0.28109925985336304 VAL: 0.29064467549324036
INFO:root:40
Train: 0.2819838225841522 VAL: 0.29213747382164
INFO:root:41
Train: 0.27968525886535645 VAL: 0.29148995876312256
INFO:root:42
Train: 0.27921852469444275 VAL: 0.28807711601257324
INFO:root:43
Train: 0.27701976895332336 VAL: 0.28683966398239136
INFO:root:44
Train: 0.27525079250335693 VAL: 0.28643277287483215
INFO:root:45
Train: 0.2746860682964325 VAL: 0.28636741638183594
INFO:root:46
Train: 0.27485916018486023 VAL: 0.28810733556747437
INFO:root:47
Train: 0.2740783393383026 VAL: 0.2867884933948517
INFO:root:48
Train: 0.2727706730365753 VAL: 0.2871313691139221
INFO:root:49
Train: 0.2725353538990021 VAL: 0.287223219871521
INFO:root:50
Train: 0.2734292447566986 VAL: 0.28727251291275024
INFO:root:51
Train: 0.2711521089076996 VAL: 0.2906681299209595
INFO:root:52
Train: 0.27097705006599426 VAL: 0.2904256582260132
INFO:root:53
Train: 0.27121561765670776 VAL: 0.29066526889801025
INFO:root:54
Train: 0.27064573764801025 VAL: 0.28661060333251953
INFO:root:55
Train: 0.2697996199131012 VAL: 0.2892933487892151
INFO:root:56
Train: 0.2705928385257721 VAL: 0.2894137501716614
INFO:root:57
Train: 0.2669588625431061 VAL: 0.2880016267299652
INFO:root:58
Train: 0.265588641166687 VAL: 0.28773432970046997
INFO:root:59
Train: 0.26446494460105896 VAL: 0.2877504229545593
INFO:root:60
Train: 0.26438799500465393 VAL: 0.2904382646083832
INFO:root:61
Train: 0.26490896940231323 VAL: 0.28826993703842163
INFO:root:62
Train: 0.2639526128768921 VAL: 0.2885638475418091
INFO:root:63
Train: 0.2638939917087555 VAL: 0.28849488496780396
INFO:root:64
Train: 0.2630423307418823 VAL: 0.2880006730556488
INFO:root:65
Train: 0.26258111000061035 VAL: 0.28918731212615967
INFO:root:66
Train: 0.26223456859588623 VAL: 0.2924771308898926
INFO:root:67
Train: 0.262386679649353 VAL: 0.29006528854370117
INFO:root:68
Train: 0.2599118649959564 VAL: 0.29063260555267334
INFO:root:69
Train: 0.25960585474967957 VAL: 0.2890278100967407
INFO:root:70
Train: 0.2588437497615814 VAL: 0.2915969491004944
INFO:root:71
Train: 0.2586994469165802 VAL: 0.2902509272098541
INFO:root:72
Train: 0.2581617534160614 VAL: 0.29120534658432007
INFO:root:73
Train: 0.2586820721626282 VAL: 0.2910763919353485
INFO:root:74
Train: 0.2580581307411194 VAL: 0.29163283109664917
INFO:root:75
Train: 0.2585141956806183 VAL: 0.29266446828842163
INFO:root:BEST VAL: 0.29266446828842163 TEST : 0.28677910566329956
