INFO:root:Namespace(quiet=False, run_id=None, config=None, epochs=200, fold=0, batch_size=64, learn_rate=0.001, betas=(0.9, 0.999), weight_decay=0.001, hidden_size=32, kernel_init='skew-symmetric', note='', seed=None, nlayers=4, attn_head=1, latent_dim=256, dataset='mimiciv')
INFO:root:{'input_dim': 100, 'attn_head': 1, 'latent_dim': 256, 'n_layers': 4, 'device': device(type='cuda')}
INFO:root:1
Train: 0.6818079352378845 VAL: 0.30625101923942566
INFO:root:2
Train: 0.2937025725841522 VAL: 0.28687745332717896
INFO:root:3
Train: 0.27550622820854187 VAL: 0.28678375482559204
INFO:root:4
Train: 0.26389384269714355 VAL: 0.25900202989578247
INFO:root:5
Train: 0.2611522078514099 VAL: 0.2552838921546936
INFO:root:6
Train: 0.25536173582077026 VAL: 0.25572842359542847
INFO:root:7
Train: 0.25038209557533264 VAL: 0.2535399794578552
INFO:root:8
Train: 0.24510040879249573 VAL: 0.2674139142036438
INFO:root:9
Train: 0.24131494760513306 VAL: 0.23775196075439453
INFO:root:10
Train: 0.238997682929039 VAL: 0.24692732095718384
INFO:root:11
Train: 0.23563681542873383 VAL: 0.23846891522407532
INFO:root:12
Train: 0.23194366693496704 VAL: 0.23702728748321533
INFO:root:13
Train: 0.23433628678321838 VAL: 0.23996151983737946
INFO:root:14
Train: 0.2299952208995819 VAL: 0.2428838610649109
INFO:root:15
Train: 0.22810505330562592 VAL: 0.24143145978450775
INFO:root:16
Train: 0.22859734296798706 VAL: 0.23776623606681824
INFO:root:17
Train: 0.22776156663894653 VAL: 0.24407145380973816
INFO:root:18
Train: 0.22550253570079803 VAL: 0.23343683779239655
INFO:root:19
Train: 0.22681307792663574 VAL: 0.2443476915359497
INFO:root:20
Train: 0.22870402038097382 VAL: 0.23717118799686432
INFO:root:21
Train: 0.2283703237771988 VAL: 0.23600763082504272
INFO:root:22
Train: 0.22596848011016846 VAL: 0.23699399828910828
INFO:root:23
Train: 0.22631880640983582 VAL: 0.24223077297210693
INFO:root:24
Train: 0.22371622920036316 VAL: 0.23846209049224854
INFO:root:25
Train: 0.22435545921325684 VAL: 0.2400272637605667
INFO:root:26
Train: 0.2226177603006363 VAL: 0.23428897559642792
INFO:root:27
Train: 0.22411562502384186 VAL: 0.2372780591249466
INFO:root:28
Train: 0.22884316742420197 VAL: 0.23563066124916077
INFO:root:29
Train: 0.22451309859752655 VAL: 0.2775929272174835
INFO:root:30
Train: 0.2213628888130188 VAL: 0.23002833127975464
INFO:root:31
Train: 0.21259711682796478 VAL: 0.23248520493507385
INFO:root:32
Train: 0.2212556153535843 VAL: 0.23057585954666138
INFO:root:33
Train: 0.21340525150299072 VAL: 0.23452425003051758
INFO:root:34
Train: 0.20823560655117035 VAL: 0.23082609474658966
INFO:root:35
Train: 0.21357136964797974 VAL: 0.23070794343948364
INFO:root:36
Train: 0.20847508311271667 VAL: 0.23424866795539856
INFO:root:37
Train: 0.20506156980991364 VAL: 0.23442275822162628
INFO:root:38
Train: 0.20756569504737854 VAL: 0.2393786907196045
INFO:root:39
Train: 0.20542104542255402 VAL: 0.2291053831577301
INFO:root:40
Train: 0.20548062026500702 VAL: 0.23596403002738953
INFO:root:41
Train: 0.20219109952449799 VAL: 0.2423047423362732
INFO:root:42
Train: 0.20006056129932404 VAL: 0.23544159531593323
INFO:root:43
Train: 2148.950439453125 VAL: 15.96364974975586
INFO:root:44
Train: 1.5029332637786865 VAL: 0.726746141910553
INFO:root:45
Train: 0.7009674310684204 VAL: 0.658519446849823
INFO:root:46
Train: 0.6728465557098389 VAL: 0.8814998865127563
INFO:root:47
Train: 0.5534288883209229 VAL: 0.5529613494873047
INFO:root:48
Train: 0.5097535252571106 VAL: 0.473324716091156
INFO:root:49
Train: 0.5151692032814026 VAL: 0.4944545328617096
INFO:root:50
Train: 0.4871525466442108 VAL: 0.417971670627594
INFO:root:51
Train: 0.43371298909187317 VAL: 0.4428480267524719
INFO:root:52
Train: 0.4259815216064453 VAL: 0.4203222393989563
INFO:root:53
Train: 0.43146681785583496 VAL: 0.39939600229263306
INFO:root:54
Train: 0.4258825182914734 VAL: 0.4067372977733612
INFO:root:55
Train: 0.4082057774066925 VAL: 0.5211843848228455
INFO:root:56
Train: 0.4092877209186554 VAL: 0.4010545015335083
INFO:root:57
Train: 0.4084676206111908 VAL: 0.3928167521953583
INFO:root:58
Train: 0.4451126456260681 VAL: 0.36548346281051636
INFO:root:59
Train: 0.44366785883903503 VAL: 0.42004919052124023
INFO:root:60
Train: 0.4148716926574707 VAL: 0.37996986508369446
INFO:root:61
Train: 0.40418440103530884 VAL: 0.35436320304870605
INFO:root:62
Train: 0.3530929684638977 VAL: 0.35273677110671997
INFO:root:63
Train: 0.3500244617462158 VAL: 0.34719935059547424
INFO:root:64
Train: 0.3445139527320862 VAL: 0.3298112750053406
INFO:root:65
Train: 0.34294766187667847 VAL: 0.3667554259300232
INFO:root:66
Train: 0.35108482837677 VAL: 0.32389581203460693
INFO:root:67
Train: 0.3425874710083008 VAL: 0.32175493240356445
INFO:root:68
Train: 0.3392283022403717 VAL: 0.35138827562332153
INFO:root:69
Train: 0.36928385496139526 VAL: 0.31753936409950256
INFO:root:BEST VAL: 0.31753936409950256 TEST : 0.22574563324451447
INFO:root:Namespace(quiet=False, run_id=None, config=None, epochs=200, fold=0, batch_size=128, learn_rate=0.001, betas=(0.9, 0.999), weight_decay=0.001, hidden_size=32, kernel_init='skew-symmetric', note='', seed=None, nlayers=4, attn_head=1, latent_dim=256, dataset='physionet2012')
INFO:root:{'input_dim': 37, 'attn_head': 1, 'latent_dim': 256, 'n_layers': 4, 'device': device(type='cuda')}
INFO:root:1
Train: 2.0465497970581055 VAL: 0.3422590494155884
INFO:root:2
Train: 0.32730919122695923 VAL: 0.3023231029510498
INFO:root:3
Train: 0.30727458000183105 VAL: 0.30867910385131836
INFO:root:4
Train: 0.3061921298503876 VAL: 0.29756608605384827
INFO:root:5
Train: 0.3026973307132721 VAL: 0.2986796498298645
INFO:root:6
Train: 0.30028969049453735 VAL: 0.2942485809326172
INFO:root:7
Train: 0.29657554626464844 VAL: 0.29305046796798706
INFO:root:8
Train: 0.2984780967235565 VAL: 0.2921870946884155
INFO:root:9
Train: 0.2956146001815796 VAL: 0.2934998571872711
INFO:root:10
Train: 0.29894858598709106 VAL: 0.2962545156478882
INFO:root:11
Train: 0.2956163287162781 VAL: 0.2956550121307373
INFO:root:12
Train: 0.2955763638019562 VAL: 0.29151463508605957
INFO:root:13
Train: 0.29195302724838257 VAL: 0.2924302816390991
INFO:root:14
Train: 0.29467809200286865 VAL: 0.2970483899116516
INFO:root:15
Train: 0.2929244339466095 VAL: 0.293506383895874
INFO:root:16
Train: 0.2910032868385315 VAL: 0.28802937269210815
INFO:root:17
Train: 0.2915259599685669 VAL: 0.2891208529472351
INFO:root:18
Train: 0.29052942991256714 VAL: 0.28960105776786804
INFO:root:19
Train: 0.2891975939273834 VAL: 0.29013752937316895
INFO:root:20
Train: 0.2888703942298889 VAL: 0.2882746458053589
INFO:root:21
Train: 0.2887861430644989 VAL: 0.28881582617759705
INFO:root:22
Train: 0.287293404340744 VAL: 0.2895633578300476
INFO:root:23
Train: 0.2884076237678528 VAL: 0.29717791080474854
INFO:root:24
Train: 0.2887800931930542 VAL: 0.28687432408332825
INFO:root:25
Train: 0.2871191203594208 VAL: 0.28753966093063354
INFO:root:26
Train: 0.2873097360134125 VAL: 0.290166974067688
INFO:root:27
Train: 0.28672072291374207 VAL: 0.28741174936294556
INFO:root:28
Train: 0.2842664420604706 VAL: 0.2878636419773102
INFO:root:29
Train: 0.2855401635169983 VAL: 0.29086750745773315
INFO:root:30
Train: 0.28518110513687134 VAL: 0.2971659302711487
INFO:root:31
Train: 0.2843310236930847 VAL: 0.2897226810455322
INFO:root:32
Train: 0.2854849696159363 VAL: 0.2910730242729187
INFO:root:33
Train: 0.2844982147216797 VAL: 0.28704220056533813
INFO:root:34
Train: 0.2821848392486572 VAL: 0.28944265842437744
INFO:root:35
Train: 0.28427430987358093 VAL: 0.2871840000152588
INFO:root:36
Train: 0.2800137400627136 VAL: 0.2869581878185272
INFO:root:37
Train: 0.2772778570652008 VAL: 0.2870514988899231
INFO:root:38
Train: 0.27742308378219604 VAL: 0.2935992181301117
INFO:root:39
Train: 0.2769038677215576 VAL: 0.2886325716972351
INFO:root:40
Train: 0.27587124705314636 VAL: 0.29035109281539917
INFO:root:41
Train: 0.27439621090888977 VAL: 0.2898147404193878
INFO:root:42
Train: 0.2747865617275238 VAL: 0.28907620906829834
INFO:root:43
Train: 0.276368647813797 VAL: 0.2877542972564697
INFO:root:44
Train: 0.2725900709629059 VAL: 0.2907676696777344
INFO:root:45
Train: 0.2720593512058258 VAL: 0.28962257504463196
INFO:root:46
Train: 0.27224090695381165 VAL: 0.2904319167137146
INFO:root:47
Train: 0.26658040285110474 VAL: 0.2899666726589203
INFO:root:48
Train: 0.2634356915950775 VAL: 0.2967131435871124
INFO:root:49
Train: 0.26449376344680786 VAL: 0.291113018989563
INFO:root:50
Train: 0.2627428472042084 VAL: 0.2909618616104126
INFO:root:51
Train: 0.26096799969673157 VAL: 0.29211628437042236
INFO:root:52
Train: 0.26067787408828735 VAL: 0.2922400236129761
INFO:root:53
Train: 0.25920504331588745 VAL: 0.2965031862258911
INFO:root:54
Train: 0.25879961252212524 VAL: 0.2928691804409027
INFO:root:BEST VAL: 0.2928691804409027 TEST : 0.2884030044078827
