INFO:root:Namespace(quiet=False, run_id=None, config=None, epochs=200, fold=3, batch_size=128, learn_rate=0.001, betas=(0.9, 0.999), weight_decay=0.001, hidden_size=32, kernel_init='skew-symmetric', note='', seed=None, nlayers=3, attn_head=4, latent_dim=64, dataset='ushcn')
INFO:root:{'input_dim': 5, 'attn_head': 4, 'latent_dim': 64, 'n_layers': 3, 'device': device(type='cuda')}
INFO:root:1
Train: 0.7716590762138367 VAL: 0.553598165512085
INFO:root:2
Train: 0.5449659824371338 VAL: 0.4960740804672241
INFO:root:3
Train: 0.4266650378704071 VAL: 0.3219808340072632
INFO:root:4
Train: 0.3390350341796875 VAL: 0.29868146777153015
INFO:root:5
Train: 0.33421432971954346 VAL: 0.26620855927467346
INFO:root:6
Train: 0.3255447447299957 VAL: 0.3027265667915344
INFO:root:7
Train: 0.3373471200466156 VAL: 0.2970975339412689
INFO:root:8
Train: 0.32354679703712463 VAL: 0.2752053439617157
INFO:root:9
Train: 0.30065593123435974 VAL: 0.27149027585983276
INFO:root:10
Train: 0.30684730410575867 VAL: 0.2695450484752655
INFO:root:11
Train: 0.3109402358531952 VAL: 0.26989683508872986
INFO:root:12
Train: 0.28693005442619324 VAL: 0.26459819078445435
INFO:root:13
Train: 0.3055228292942047 VAL: 0.2668986916542053
INFO:root:14
Train: 0.3080942630767822 VAL: 0.2659914791584015
INFO:root:15
Train: 0.30887386202812195 VAL: 0.2653263509273529
INFO:root:16
Train: 0.30591335892677307 VAL: 0.2598889172077179
INFO:root:17
Train: 0.3034951388835907 VAL: 0.259403258562088
INFO:root:18
Train: 0.28349003195762634 VAL: 0.2626718580722809
INFO:root:19
Train: 0.29113367199897766 VAL: 0.2619718611240387
INFO:root:20
Train: 0.3017476499080658 VAL: 0.2588450312614441
INFO:root:21
Train: 0.2963425815105438 VAL: 0.26024162769317627
INFO:root:22
Train: 0.28556182980537415 VAL: 0.2599320113658905
INFO:root:23
Train: 0.29995834827423096 VAL: 0.261538565158844
INFO:root:24
Train: 0.29824602603912354 VAL: 0.2581203281879425
INFO:root:25
Train: 0.3006254732608795 VAL: 0.2632872760295868
INFO:root:26
Train: 0.30418357253074646 VAL: 0.26181483268737793
INFO:root:27
Train: 0.29844948649406433 VAL: 0.2596040964126587
INFO:root:28
Train: 0.2968071699142456 VAL: 0.25887924432754517
INFO:root:29
Train: 0.29594355821609497 VAL: 0.2584211528301239
INFO:root:30
Train: 0.2829698920249939 VAL: 0.2590469419956207
INFO:root:31
Train: 0.28356656432151794 VAL: 0.2590341866016388
INFO:root:32
Train: 0.3024733066558838 VAL: 0.2617780566215515
INFO:root:33
Train: 0.28110471367836 VAL: 0.26074641942977905
INFO:root:34
Train: 0.2967751920223236 VAL: 0.2595210671424866
INFO:root:35
Train: 0.2982690632343292 VAL: 0.26462405920028687
INFO:root:36
Train: 0.28025510907173157 VAL: 0.2595704197883606
INFO:root:37
Train: 0.29958781599998474 VAL: 0.25835007429122925
INFO:root:38
Train: 0.3081136643886566 VAL: 0.2567921578884125
INFO:root:39
Train: 0.29651281237602234 VAL: 0.2579844295978546
INFO:root:40
Train: 0.29661673307418823 VAL: 0.25967007875442505
INFO:root:41
Train: 0.2969684302806854 VAL: 0.2578883767127991
INFO:root:42
Train: 0.29991376399993896 VAL: 0.26141417026519775
INFO:root:43
Train: 0.2900148630142212 VAL: 0.26049038767814636
INFO:root:44
Train: 0.3004175126552582 VAL: 0.2603090703487396
INFO:root:45
Train: 0.2907296419143677 VAL: 0.2560134828090668
INFO:root:46
Train: 0.2781456410884857 VAL: 0.25750142335891724
INFO:root:47
Train: 0.29575324058532715 VAL: 0.2592562139034271
INFO:root:48
Train: 0.2757978141307831 VAL: 0.25650033354759216
INFO:root:49
Train: 0.29438552260398865 VAL: 0.2580842077732086
INFO:root:50
Train: 0.29381924867630005 VAL: 0.26068875193595886
INFO:root:51
Train: 0.2864671051502228 VAL: 0.2578580677509308
INFO:root:52
Train: 0.29032862186431885 VAL: 0.2568845748901367
INFO:root:53
Train: 0.2768881320953369 VAL: 0.2560466527938843
INFO:root:54
Train: 0.2928224503993988 VAL: 0.25712111592292786
INFO:root:55
Train: 0.2931379973888397 VAL: 0.25673478841781616
INFO:root:56
Train: 0.29333555698394775 VAL: 0.2578909397125244
INFO:root:57
Train: 0.2916724979877472 VAL: 0.2584402859210968
INFO:root:58
Train: 0.2754606306552887 VAL: 0.2574544847011566
INFO:root:59
Train: 0.289719820022583 VAL: 0.25585803389549255
INFO:root:60
Train: 0.29289206862449646 VAL: 0.2562711536884308
INFO:root:61
Train: 0.29354867339134216 VAL: 0.26029685139656067
INFO:root:62
Train: 0.28723594546318054 VAL: 0.2565784454345703
INFO:root:63
Train: 0.28730255365371704 VAL: 0.25655680894851685
INFO:root:64
Train: 0.2748704254627228 VAL: 0.2581287622451782
INFO:root:65
Train: 0.2889804244041443 VAL: 0.2566210925579071
INFO:root:66
Train: 0.2647121846675873 VAL: 0.2560742199420929
INFO:root:67
Train: 0.2941717207431793 VAL: 0.25740084052085876
INFO:root:68
Train: 0.2887061536312103 VAL: 0.25633037090301514
INFO:root:69
Train: 0.28733888268470764 VAL: 0.25802624225616455
INFO:root:70
Train: 0.2912604808807373 VAL: 0.2572033107280731
INFO:root:71
Train: 0.27207162976264954 VAL: 0.2584207355976105
INFO:root:72
Train: 0.2893746793270111 VAL: 0.25797533988952637
INFO:root:73
Train: 0.2879336178302765 VAL: 0.2576357424259186
INFO:root:74
Train: 0.2723625600337982 VAL: 0.2569640278816223
INFO:root:75
Train: 0.27274224162101746 VAL: 0.2570159137248993
INFO:root:76
Train: 0.28792205452919006 VAL: 0.25803419947624207
INFO:root:77
Train: 0.2832992374897003 VAL: 0.2574750483036041
INFO:root:78
Train: 0.29127731919288635 VAL: 0.25763919949531555
INFO:root:79
Train: 0.2904467284679413 VAL: 0.258385568857193
INFO:root:80
Train: 0.2852557897567749 VAL: 0.25749292969703674
INFO:root:81
Train: 0.2833220660686493 VAL: 0.2569693624973297
INFO:root:82
Train: 0.2679974138736725 VAL: 0.25804051756858826
INFO:root:83
Train: 0.28161826729774475 VAL: 0.2580316662788391
INFO:root:84
Train: 0.28700175881385803 VAL: 0.2581045627593994
INFO:root:85
Train: 0.28590676188468933 VAL: 0.25771793723106384
INFO:root:86
Train: 0.2793663740158081 VAL: 0.2576313018798828
INFO:root:87
Train: 0.2886649966239929 VAL: 0.2577313184738159
INFO:root:88
Train: 0.28722670674324036 VAL: 0.25797659158706665
INFO:root:89
Train: 0.2691834270954132 VAL: 0.25872722268104553
INFO:root:BEST VAL: 0.25872722268104553 TEST : 0.26116234064102173
