INFO:root:Namespace(quiet=False, run_id=None, config=None, epochs=200, fold=2, batch_size=128, learn_rate=0.001, betas=(0.9, 0.999), weight_decay=0.001, hidden_size=32, kernel_init='skew-symmetric', note='', seed=None, nlayers=3, attn_head=4, latent_dim=32, dataset='ushcn')
INFO:root:{'input_dim': 5, 'attn_head': 4, 'latent_dim': 32, 'n_layers': 3, 'device': device(type='cuda')}
INFO:root:1
Train: 0.8763197064399719 VAL: 0.529976487159729
INFO:root:2
Train: 0.6441015601158142 VAL: 0.5464224815368652
INFO:root:3
Train: 0.5577192902565002 VAL: 0.46132662892341614
INFO:root:4
Train: 0.5346531271934509 VAL: 0.42257338762283325
INFO:root:5
Train: 0.44283077120780945 VAL: 0.31233012676239014
INFO:root:6
Train: 0.3652815520763397 VAL: 0.2688988447189331
INFO:root:7
Train: 0.35838446021080017 VAL: 0.2607516944408417
INFO:root:8
Train: 0.3358501195907593 VAL: 0.26549187302589417
INFO:root:9
Train: 0.32879698276519775 VAL: 0.2492365688085556
INFO:root:10
Train: 0.32669058442115784 VAL: 0.24292096495628357
INFO:root:11
Train: 0.31352487206459045 VAL: 0.24436992406845093
INFO:root:12
Train: 0.31454169750213623 VAL: 0.2587333023548126
INFO:root:13
Train: 0.3126550614833832 VAL: 0.25245150923728943
INFO:root:14
Train: 0.3012535870075226 VAL: 0.24995166063308716
INFO:root:15
Train: 0.31118765473365784 VAL: 0.26003772020339966
INFO:root:16
Train: 0.3042472302913666 VAL: 0.25526830554008484
INFO:root:17
Train: 0.3053787052631378 VAL: 0.24712905287742615
INFO:root:18
Train: 0.31168505549430847 VAL: 0.2498924434185028
INFO:root:19
Train: 0.3077382445335388 VAL: 0.2584448456764221
INFO:root:20
Train: 0.29623785614967346 VAL: 0.2568083107471466
INFO:root:21
Train: 0.3034815490245819 VAL: 0.2511599361896515
INFO:root:22
Train: 0.2962643802165985 VAL: 0.2623658776283264
INFO:root:23
Train: 0.30470743775367737 VAL: 0.2540172040462494
INFO:root:24
Train: 0.3043985366821289 VAL: 0.2602822184562683
INFO:root:25
Train: 0.29701152443885803 VAL: 0.2594102621078491
INFO:root:26
Train: 0.2988886535167694 VAL: 0.2622066140174866
INFO:root:27
Train: 0.3072831332683563 VAL: 0.26620882749557495
INFO:root:28
Train: 0.30232080817222595 VAL: 0.25907665491104126
INFO:root:29
Train: 0.2962509095668793 VAL: 0.26588526368141174
INFO:root:30
Train: 0.30327603220939636 VAL: 0.2596723735332489
INFO:root:31
Train: 0.29860934615135193 VAL: 0.2702147960662842
INFO:root:32
Train: 0.30001792311668396 VAL: 0.26243820786476135
INFO:root:33
Train: 0.2948980927467346 VAL: 0.2676342725753784
INFO:root:34
Train: 0.29971233010292053 VAL: 0.2664840519428253
INFO:root:35
Train: 0.2855299413204193 VAL: 0.26680880784988403
INFO:root:36
Train: 0.3005220890045166 VAL: 0.2657087743282318
INFO:root:37
Train: 0.2998446524143219 VAL: 0.26965218782424927
INFO:root:38
Train: 0.297184020280838 VAL: 0.26604515314102173
INFO:root:39
Train: 0.3000233769416809 VAL: 0.2684158384799957
INFO:root:40
Train: 0.2954718768596649 VAL: 0.265882670879364
INFO:root:BEST VAL: 0.265882670879364 TEST : 0.36678773164749146
INFO:root:Namespace(quiet=False, run_id=None, config=None, epochs=200, fold=2, batch_size=64, learn_rate=0.001, betas=(0.9, 0.999), weight_decay=0.001, hidden_size=32, kernel_init='skew-symmetric', note='', seed=None, nlayers=3, attn_head=4, latent_dim=32, dataset='mimiciii')
INFO:root:{'input_dim': 96, 'attn_head': 4, 'latent_dim': 32, 'n_layers': 3, 'device': device(type='cuda')}
INFO:root:1
Train: 0.5571188926696777 VAL: 0.5873918533325195
INFO:root:2
Train: 0.4836846590042114 VAL: 0.52543044090271
INFO:root:3
Train: 0.42622584104537964 VAL: 0.4917846918106079
INFO:root:4
Train: 0.43092116713523865 VAL: 0.48733294010162354
INFO:root:5
Train: 0.41615286469459534 VAL: 0.4833833575248718
INFO:root:6
Train: 0.4138904809951782 VAL: 0.4452720284461975
INFO:root:7
Train: 0.40094754099845886 VAL: 0.49657317996025085
INFO:root:8
Train: 0.39569079875946045 VAL: 0.43989166617393494
INFO:root:9
Train: 0.40380600094795227 VAL: 0.4891764521598816
INFO:root:10
Train: 0.40062999725341797 VAL: 0.4813898205757141
INFO:root:11
Train: 0.3855586051940918 VAL: 0.42868369817733765
INFO:root:12
Train: 0.39573898911476135 VAL: 0.4959357678890228
INFO:root:13
Train: 0.3966047763824463 VAL: 0.4330770671367645
INFO:root:14
Train: 0.38786548376083374 VAL: 0.4165803790092468
INFO:root:15
Train: 0.3815881609916687 VAL: 0.4643738269805908
INFO:root:16
Train: 0.37882065773010254 VAL: 0.4117768406867981
INFO:root:17
Train: 0.3866932988166809 VAL: 0.4495713710784912
INFO:root:18
Train: 0.38640305399894714 VAL: 0.43810099363327026
INFO:root:19
Train: 0.38081952929496765 VAL: 0.4381601810455322
INFO:root:20
Train: 0.3783915340900421 VAL: 0.41583287715911865
INFO:root:21
Train: 0.37544354796409607 VAL: 0.40424227714538574
INFO:root:22
Train: 0.374764084815979 VAL: 0.41635754704475403
INFO:root:23
Train: 0.3689621686935425 VAL: 0.408776193857193
INFO:root:24
Train: 0.368930459022522 VAL: 0.4056650698184967
INFO:root:25
Train: 0.37579968571662903 VAL: 0.4427907168865204
INFO:root:26
Train: 0.3698863685131073 VAL: 0.448001891374588
INFO:root:27
Train: 0.37022829055786133 VAL: 0.4287085235118866
INFO:root:28
Train: 0.3648333251476288 VAL: 0.406268447637558
INFO:root:29
Train: 0.36614376306533813 VAL: 0.41392892599105835
INFO:root:30
Train: 0.36229556798934937 VAL: 0.42263445258140564
INFO:root:31
Train: 0.3604808449745178 VAL: 0.4050735831260681
INFO:root:32
Train: 0.37891721725463867 VAL: 0.4017238914966583
INFO:root:33
Train: 0.3607209026813507 VAL: 0.4076062738895416
INFO:root:34
Train: 0.35686546564102173 VAL: 0.40720421075820923
INFO:root:35
Train: 0.35566389560699463 VAL: 0.4295867085456848
INFO:root:36
Train: 0.35550251603126526 VAL: 0.42125174403190613
INFO:root:37
Train: 0.3551909923553467 VAL: 0.43430545926094055
INFO:root:38
Train: 0.35139963030815125 VAL: 0.4109910726547241
INFO:root:39
Train: 0.3501065969467163 VAL: 0.409079909324646
INFO:root:40
Train: 0.3474602699279785 VAL: 0.4002607464790344
INFO:root:41
Train: 0.34893590211868286 VAL: 0.40763747692108154
INFO:root:42
Train: 0.34857314825057983 VAL: 0.44484907388687134
INFO:root:43
Train: 0.34682363271713257 VAL: 0.4176481366157532
INFO:root:44
Train: 0.3412868082523346 VAL: 0.43706294894218445
INFO:root:45
Train: 0.34683772921562195 VAL: 0.4057217538356781
INFO:root:46
Train: 0.34736743569374084 VAL: 0.397638201713562
INFO:root:47
Train: 0.34742918610572815 VAL: 0.39861375093460083
INFO:root:48
Train: 0.34673866629600525 VAL: 0.41324669122695923
INFO:root:49
Train: 0.34097352623939514 VAL: 0.422750324010849
INFO:root:50
Train: 0.3368000090122223 VAL: 0.4131007194519043
INFO:root:51
Train: 0.3427528738975525 VAL: 0.41440635919570923
INFO:root:52
Train: 0.33797091245651245 VAL: 0.39836955070495605
INFO:root:53
Train: 0.33389630913734436 VAL: 0.39431917667388916
INFO:root:54
Train: 0.33200177550315857 VAL: 0.4507523775100708
INFO:root:55
Train: 0.3432609438896179 VAL: 0.4055197238922119
INFO:root:56
Train: 0.33400818705558777 VAL: 0.4226939082145691
INFO:root:57
Train: 0.3362022638320923 VAL: 0.4076792597770691
INFO:root:58
Train: 0.33132609724998474 VAL: 0.4453620910644531
INFO:root:59
Train: 0.3285468816757202 VAL: 0.42666733264923096
INFO:root:60
Train: 0.32688939571380615 VAL: 0.4079286456108093
INFO:root:61
Train: 0.33346375823020935 VAL: 0.43491649627685547
INFO:root:62
Train: 0.3276249170303345 VAL: 0.43731945753097534
INFO:root:63
Train: 0.3252609074115753 VAL: 0.44918185472488403
INFO:root:64
Train: 0.32080793380737305 VAL: 0.4416455626487732
INFO:root:65
Train: 0.3130519390106201 VAL: 0.4358915686607361
INFO:root:66
Train: 0.30508798360824585 VAL: 0.44275861978530884
INFO:root:67
Train: 0.31100496649742126 VAL: 0.4216027855873108
INFO:root:68
Train: 0.30543339252471924 VAL: 0.42615291476249695
INFO:root:Namespace(quiet=False, run_id=None, config=None, epochs=200, fold=2, batch_size=64, learn_rate=0.001, betas=(0.9, 0.999), weight_decay=0.001, hidden_size=32, kernel_init='skew-symmetric', note='', seed=None, nlayers=3, attn_head=4, latent_dim=32, dataset='mimiciii')
INFO:root:{'input_dim': 96, 'attn_head': 4, 'latent_dim': 32, 'n_layers': 3, 'device': device(type='cuda')}
INFO:root:1
Train: 0.5690668225288391 VAL: 0.5702828168869019
INFO:root:2
Train: 0.5226045846939087 VAL: 0.5460731983184814
INFO:root:3
Train: 0.48800966143608093 VAL: 0.5136182308197021
INFO:root:4
Train: 0.4523845314979553 VAL: 0.4903961420059204
INFO:root:5
Train: 0.4304580092430115 VAL: 0.4650486409664154
INFO:root:6
Train: 0.42405930161476135 VAL: 0.46351802349090576
INFO:root:7
Train: 0.43107035756111145 VAL: 0.4608633518218994
INFO:root:8
Train: 0.41741010546684265 VAL: 0.45866623520851135
INFO:root:9
Train: 0.40937304496765137 VAL: 0.4550585150718689
INFO:root:10
Train: 0.4167116582393646 VAL: 0.4572976529598236
INFO:root:11
Train: 0.4044117331504822 VAL: 0.44574469327926636
INFO:root:12
Train: 0.39911049604415894 VAL: 0.44517162442207336
INFO:root:13
Train: 0.39710843563079834 VAL: 0.44433659315109253
INFO:root:14
Train: 0.3943052589893341 VAL: 0.4534817039966583
INFO:root:15
Train: 0.3940528333187103 VAL: 0.43895962834358215
INFO:root:16
Train: 0.3914385437965393 VAL: 0.4458279311656952
INFO:root:17
Train: 0.39439353346824646 VAL: 0.45140600204467773
INFO:root:18
Train: 0.39192959666252136 VAL: 0.4480580687522888
INFO:root:19
Train: 0.3877023458480835 VAL: 0.4449623227119446
INFO:root:20
Train: 0.3830896019935608 VAL: 0.44202470779418945
INFO:root:21
Train: 0.3850344121456146 VAL: 0.43957316875457764
INFO:root:22
Train: 0.3795792758464813 VAL: 0.4366110563278198
INFO:root:23
Train: 0.3792952597141266 VAL: 0.44861623644828796
INFO:root:24
Train: 0.3769068419933319 VAL: 0.4394495487213135
INFO:root:25
Train: 0.37814411520957947 VAL: 0.4393400251865387
INFO:root:26
Train: 0.37603673338890076 VAL: 0.43436187505722046
INFO:root:27
Train: 0.3756488263607025 VAL: 0.4409896731376648
INFO:root:28
Train: 0.37195736169815063 VAL: 0.4469297528266907
INFO:root:29
Train: 0.37519824504852295 VAL: 0.4313023090362549
INFO:root:30
Train: 0.3711155652999878 VAL: 0.43228811025619507
INFO:root:31
Train: 0.3709976375102997 VAL: 0.4324278235435486
INFO:root:32
Train: 0.36965250968933105 VAL: 0.4350205659866333
INFO:root:33
Train: 0.3672025799751282 VAL: 0.43308132886886597
INFO:root:34
Train: 0.3700259029865265 VAL: 0.44063109159469604
INFO:root:35
Train: 0.36359506845474243 VAL: 0.42809176445007324
INFO:root:36
Train: 0.3665063977241516 VAL: 0.435024619102478
INFO:root:37
Train: 0.3678530752658844 VAL: 0.42614054679870605
INFO:root:38
Train: 0.3645373284816742 VAL: 0.42591598629951477
INFO:root:39
Train: 0.3612678647041321 VAL: 0.42964839935302734
INFO:root:40
Train: 0.36205798387527466 VAL: 0.39682599902153015
INFO:root:41
Train: 0.35643017292022705 VAL: 0.43672001361846924
INFO:root:42
Train: 0.35873982310295105 VAL: 0.43848779797554016
INFO:root:43
Train: 0.36902081966400146 VAL: 0.42263591289520264
INFO:root:44
Train: 0.3894137740135193 VAL: 0.4200964570045471
INFO:root:45
Train: 0.37216347455978394 VAL: 0.43735724687576294
INFO:root:46
Train: 0.37315312027931213 VAL: 0.42444026470184326
INFO:root:47
Train: 0.358124703168869 VAL: 0.4300113916397095
INFO:root:48
Train: 0.35347360372543335 VAL: 0.43146008253097534
INFO:root:49
Train: 0.352618545293808 VAL: 0.4298389256000519
INFO:root:50
Train: 0.3525255024433136 VAL: 0.4290848970413208
INFO:root:51
Train: 0.3494502604007721 VAL: 0.4238119125366211
INFO:root:52
Train: 0.3481060564517975 VAL: 0.4206394851207733
INFO:root:53
Train: 0.3407880663871765 VAL: 0.4211989939212799
INFO:root:54
Train: 0.3427406847476959 VAL: 0.42426222562789917
INFO:root:55
Train: 0.34059563279151917 VAL: 0.42237386107444763
INFO:root:56
Train: 0.33723506331443787 VAL: 0.4301682114601135
INFO:root:57
Train: 0.3380779027938843 VAL: 0.4266992211341858
INFO:root:58
Train: 0.33929207921028137 VAL: 0.42662376165390015
INFO:root:59
Train: 0.3363104462623596 VAL: 0.43584686517715454
INFO:root:60
Train: 0.3329384922981262 VAL: 0.4265614449977875
INFO:root:61
Train: 0.334869921207428 VAL: 0.4323475956916809
INFO:root:62
Train: 0.3344074785709381 VAL: 0.43454450368881226
INFO:root:63
Train: 0.32766595482826233 VAL: 0.4322420358657837
INFO:root:64
Train: 0.3254140317440033 VAL: 0.42910337448120117
INFO:root:65
Train: 0.32312917709350586 VAL: 0.4285796284675598
INFO:root:66
Train: 0.32196563482284546 VAL: 0.4274657070636749
INFO:root:67
Train: 0.3229960501194 VAL: 0.4349408745765686
INFO:root:68
Train: 0.32153239846229553 VAL: 0.4374017119407654
INFO:root:69
Train: 0.31909045577049255 VAL: 0.4304824471473694
INFO:root:70
Train: 0.31926172971725464 VAL: 0.43345993757247925
INFO:root:BEST VAL: 0.43345993757247925 TEST : 0.3919951915740967
