INFO:root:Namespace(quiet=False, run_id=None, config=None, epochs=200, fold=3, batch_size=64, learn_rate=0.001, betas=(0.9, 0.999), weight_decay=0.001, hidden_size=32, kernel_init='skew-symmetric', note='', seed=None, nlayers=2, attn_head=4, latent_dim=256, dataset='mimiciii')
INFO:root:{'input_dim': 96, 'attn_head': 4, 'latent_dim': 256, 'n_layers': 2, 'device': device(type='cuda')}
INFO:root:1
Train: 0.70652174949646 VAL: 0.45733362436294556
INFO:root:2
Train: 0.49451589584350586 VAL: 0.44721341133117676
INFO:root:3
Train: 0.4468711316585541 VAL: 0.42856013774871826
INFO:root:4
Train: 0.4394190013408661 VAL: 0.4193733036518097
INFO:root:5
Train: 0.4294429421424866 VAL: 0.4128008782863617
INFO:root:6
Train: 0.42510077357292175 VAL: 0.41572827100753784
INFO:root:7
Train: 0.4496712386608124 VAL: 0.4017488658428192
INFO:root:8
Train: 0.43307092785835266 VAL: 0.44231367111206055
INFO:root:9
Train: 0.4416235089302063 VAL: 0.4169055223464966
INFO:root:10
Train: 0.4239262640476227 VAL: 0.396079957485199
INFO:root:11
Train: 0.41054609417915344 VAL: 0.40162575244903564
INFO:root:12
Train: 0.42353248596191406 VAL: 0.4115598797798157
INFO:root:13
Train: 0.43535488843917847 VAL: 0.6502498388290405
INFO:root:14
Train: 0.4307950735092163 VAL: 0.45914846658706665
INFO:root:15
Train: 2529.629150390625 VAL: 1.8828929662704468
INFO:root:16
Train: 1.4468022584915161 VAL: 1.0427815914154053
INFO:root:17
Train: 1.023850440979004 VAL: 0.8592091798782349
INFO:root:18
Train: 0.8751854300498962 VAL: 0.7756104469299316
INFO:root:19
Train: 0.7850255370140076 VAL: 0.7053300142288208
INFO:root:20
Train: 0.7151907086372375 VAL: 0.6627509593963623
INFO:root:21
Train: 0.6609329581260681 VAL: 0.621276319026947
INFO:root:22
Train: 0.6249996423721313 VAL: 0.6111390590667725
INFO:root:23
Train: 0.6009928584098816 VAL: 0.5947989225387573
INFO:root:24
Train: 0.5884302258491516 VAL: 0.5923669934272766
INFO:root:25
Train: 0.5806654095649719 VAL: 0.5801366567611694
INFO:root:26
Train: 0.5706736445426941 VAL: 0.5458257794380188
INFO:root:27
Train: 0.5557891130447388 VAL: 0.5212888717651367
INFO:root:28
Train: 0.5294669270515442 VAL: 0.5080133676528931
INFO:root:29
Train: 0.515659511089325 VAL: 0.5004355907440186
INFO:root:30
Train: 0.514906644821167 VAL: 0.5107048749923706
INFO:root:31
Train: 0.5066710114479065 VAL: 0.49770432710647583
INFO:root:32
Train: 0.49460771679878235 VAL: 0.5282297134399414
INFO:root:33
Train: 0.48619794845581055 VAL: 0.46781736612319946
INFO:root:34
Train: 0.4803381562232971 VAL: 0.46399152278900146
INFO:root:35
Train: 0.4733549952507019 VAL: 0.4872818887233734
INFO:root:36
Train: 0.4738856554031372 VAL: 0.45957624912261963
INFO:root:37
Train: 0.4747789204120636 VAL: 0.5426696538925171
INFO:root:38
Train: 0.4896755516529083 VAL: 0.4582161605358124
INFO:root:39
Train: 0.47798365354537964 VAL: 0.4579659402370453
INFO:root:40
Train: 0.476924866437912 VAL: 0.5091143846511841
INFO:root:BEST VAL: 0.5091143846511841 TEST : 0.4236934781074524
