INFO:root:Namespace(quiet=False, run_id=None, config=None, epochs=200, fold=0, batch_size=128, learn_rate=0.001, betas=(0.9, 0.999), weight_decay=0.001, hidden_size=32, kernel_init='skew-symmetric', note='', seed=None, nlayers=4, attn_head=4, latent_dim=64, dataset='ushcn')
INFO:root:{'input_dim': 5, 'attn_head': 4, 'latent_dim': 64, 'n_layers': 4, 'device': device(type='cuda')}
INFO:root:1
Train: 0.8684608340263367 VAL: 0.6507668495178223
INFO:root:2
Train: 0.5420828461647034 VAL: 0.8994008302688599
INFO:root:3
Train: 0.47762584686279297 VAL: 0.963444709777832
INFO:root:4
Train: 0.3322732448577881 VAL: 0.38240933418273926
INFO:root:5
Train: 0.3307887017726898 VAL: 0.3800072968006134
INFO:root:6
Train: 0.3321417272090912 VAL: 0.5141083598136902
INFO:root:7
Train: 0.3240474462509155 VAL: 0.9911472797393799
INFO:root:8
Train: 0.29968953132629395 VAL: 0.8187401294708252
INFO:root:9
Train: 0.315061092376709 VAL: 0.7368437647819519
INFO:root:10
Train: 0.31321030855178833 VAL: 0.8672321438789368
INFO:root:11
Train: 0.31464269757270813 VAL: 0.7391324639320374
INFO:root:12
Train: 0.3071134686470032 VAL: 0.6721771955490112
INFO:root:13
Train: 0.310375839471817 VAL: 0.878535270690918
INFO:root:14
Train: 0.30630120635032654 VAL: 0.46791818737983704
INFO:root:15
Train: 0.3104039430618286 VAL: 0.5510764718055725
INFO:root:16
Train: 0.3045690953731537 VAL: 0.5353118777275085
INFO:root:17
Train: 0.308333158493042 VAL: 0.6610637903213501
INFO:root:18
Train: 0.3024544417858124 VAL: 0.47237062454223633
INFO:root:19
Train: 0.29236358404159546 VAL: 0.4266611635684967
INFO:root:20
Train: 0.30245503783226013 VAL: 0.5597071051597595
INFO:root:21
Train: 0.3070520758628845 VAL: 0.5738010406494141
INFO:root:22
Train: 0.2776997983455658 VAL: 0.5293911099433899
INFO:root:23
Train: 0.3050532639026642 VAL: 0.5383157730102539
INFO:root:24
Train: 0.30321991443634033 VAL: 0.5480554103851318
INFO:root:25
Train: 0.29855993390083313 VAL: 0.3685813248157501
INFO:root:26
Train: 0.3010667860507965 VAL: 0.4100876748561859
INFO:root:27
Train: 0.3067433834075928 VAL: 0.4752565622329712
INFO:root:28
Train: 0.2810787260532379 VAL: 0.45383432507514954
INFO:root:29
Train: 0.29023849964141846 VAL: 0.42443737387657166
INFO:root:30
Train: 0.29829636216163635 VAL: 0.4244290888309479
INFO:root:31
Train: 0.3093191385269165 VAL: 0.3652452528476715
INFO:root:32
Train: 0.30356618762016296 VAL: 0.41667529940605164
INFO:root:33
Train: 0.30430468916893005 VAL: 0.310577929019928
INFO:root:34
Train: 0.30396613478660583 VAL: 0.4019155502319336
INFO:root:35
Train: 0.30723950266838074 VAL: 0.3652600646018982
INFO:root:36
Train: 0.3023203909397125 VAL: 0.3142414093017578
INFO:root:37
Train: 0.3055858314037323 VAL: 0.3183032274246216
INFO:root:38
Train: 0.2821859121322632 VAL: 0.31214267015457153
INFO:root:39
Train: 0.3004622161388397 VAL: 0.30796390771865845
INFO:root:40
Train: 0.3029286563396454 VAL: 0.31494084000587463
INFO:root:41
Train: 0.29675233364105225 VAL: 0.31223344802856445
INFO:root:42
Train: 0.30400165915489197 VAL: 0.30910754203796387
INFO:root:43
Train: 0.3024829030036926 VAL: 0.3184164762496948
INFO:root:44
Train: 0.29932543635368347 VAL: 0.30461597442626953
INFO:root:45
Train: 0.29824939370155334 VAL: 0.311266154050827
INFO:root:46
Train: 0.3018949329853058 VAL: 0.30401572585105896
INFO:root:47
Train: 0.300802618265152 VAL: 0.30250340700149536
INFO:root:48
Train: 0.27858293056488037 VAL: 0.30665844678878784
INFO:root:49
Train: 0.2996852695941925 VAL: 0.3043558597564697
INFO:root:50
Train: 0.2994401156902313 VAL: 0.3012735843658447
INFO:root:51
Train: 0.27860769629478455 VAL: 0.30153676867485046
INFO:root:52
Train: 0.2995397448539734 VAL: 0.30113279819488525
INFO:root:53
Train: 0.3020035922527313 VAL: 0.3090250492095947
INFO:root:54
Train: 0.29887378215789795 VAL: 0.3026725947856903
INFO:root:55
Train: 0.3013995587825775 VAL: 0.30494511127471924
INFO:root:56
Train: 0.3021615445613861 VAL: 0.3376045823097229
INFO:root:57
Train: 0.29876258969306946 VAL: 0.35021328926086426
INFO:root:58
Train: 0.3003075420856476 VAL: 0.3087857961654663
INFO:root:59
Train: 0.29574888944625854 VAL: 0.3177438974380493
INFO:root:60
Train: 0.2968957722187042 VAL: 0.3144760727882385
INFO:root:61
Train: 0.3010883331298828 VAL: 0.301227331161499
INFO:root:62
Train: 0.2988028824329376 VAL: 0.30250152945518494
INFO:root:63
Train: 0.28251954913139343 VAL: 0.3099900484085083
INFO:root:64
Train: 0.2827470600605011 VAL: 0.3055489659309387
INFO:root:65
Train: 0.29890576004981995 VAL: 0.30015799403190613
INFO:root:66
Train: 0.2583552300930023 VAL: 0.3021067976951599
INFO:root:67
Train: 0.29566994309425354 VAL: 0.3025037348270416
INFO:root:68
Train: 0.29599738121032715 VAL: 0.3020779490470886
INFO:root:69
Train: 0.29270341992378235 VAL: 0.3029995560646057
INFO:root:70
Train: 0.2891204059123993 VAL: 0.30121952295303345
INFO:root:71
Train: 0.298427551984787 VAL: 0.30253762006759644
INFO:root:72
Train: 0.295163094997406 VAL: 0.3030632734298706
INFO:root:73
Train: 0.29669633507728577 VAL: 0.3075996935367584
INFO:root:74
Train: 0.27711376547813416 VAL: 0.3042219579219818
INFO:root:75
Train: 0.2894522547721863 VAL: 0.3055076003074646
INFO:root:76
Train: 0.2947131395339966 VAL: 0.3010860085487366
INFO:root:77
Train: 0.29096347093582153 VAL: 0.30269157886505127
INFO:root:78
Train: 0.29224833846092224 VAL: 0.30378443002700806
INFO:root:79
Train: 0.28804728388786316 VAL: 0.30410584807395935
INFO:root:80
Train: 0.2885764241218567 VAL: 0.30699393153190613
INFO:root:81
Train: 0.2867046892642975 VAL: 0.3058866858482361
INFO:root:82
Train: 0.2919287085533142 VAL: 0.3066524565219879
INFO:root:83
Train: 0.29768529534339905 VAL: 0.30824077129364014
INFO:root:84
Train: 0.28929460048675537 VAL: 0.30481404066085815
INFO:root:85
Train: 0.2787250280380249 VAL: 0.3063679337501526
INFO:root:86
Train: 0.293732613325119 VAL: 0.30244046449661255
INFO:root:87
Train: 0.29276490211486816 VAL: 0.30659326910972595
INFO:root:88
Train: 0.28938594460487366 VAL: 0.3076740503311157
INFO:root:89
Train: 0.29298049211502075 VAL: 0.305256187915802
INFO:root:90
Train: 0.29250016808509827 VAL: 0.30803731083869934
INFO:root:91
Train: 0.2780902683734894 VAL: 0.30681413412094116
INFO:root:92
Train: 0.27277541160583496 VAL: 0.3066699206829071
INFO:root:93
Train: 0.2889617681503296 VAL: 0.3078100085258484
INFO:root:94
Train: 0.291574627161026 VAL: 0.30608588457107544
INFO:root:95
Train: 0.28312522172927856 VAL: 0.3059994876384735
INFO:root:BEST VAL: 0.3059994876384735 TEST : 0.21819505095481873
INFO:root:Namespace(quiet=False, run_id=None, config=None, epochs=200, fold=0, batch_size=64, learn_rate=0.001, betas=(0.9, 0.999), weight_decay=0.001, hidden_size=32, kernel_init='skew-symmetric', note='', seed=None, nlayers=4, attn_head=4, latent_dim=64, dataset='mimiciv')
INFO:root:{'input_dim': 100, 'attn_head': 4, 'latent_dim': 64, 'n_layers': 4, 'device': device(type='cuda')}
INFO:root:1
Train: 0.3676683008670807 VAL: 0.3099883198738098
INFO:root:2
Train: 0.30303239822387695 VAL: 0.2853914499282837
INFO:root:3
Train: 0.2715952694416046 VAL: 0.2671869397163391
INFO:root:4
Train: 0.25693991780281067 VAL: 0.24941711127758026
INFO:root:5
Train: 0.24992118775844574 VAL: 0.25214824080467224
INFO:root:6
Train: 0.24816057085990906 VAL: 0.2505578398704529
INFO:root:7
Train: 0.24224185943603516 VAL: 0.24509266018867493
INFO:root:8
Train: 0.23802955448627472 VAL: 0.24077263474464417
INFO:root:9
Train: 0.24006038904190063 VAL: 0.2539524435997009
INFO:root:10
Train: 0.23730197548866272 VAL: 0.2379172444343567
INFO:root:11
Train: 0.23263311386108398 VAL: 0.23764437437057495
INFO:root:12
Train: 0.22908218204975128 VAL: 0.24527083337306976
INFO:root:13
Train: 0.22998782992362976 VAL: 0.2326401174068451
INFO:root:14
Train: 0.2258811891078949 VAL: 0.2365148812532425
INFO:root:15
Train: 0.22570140659809113 VAL: 0.2416212260723114
INFO:root:16
Train: 0.2224729210138321 VAL: 0.23160409927368164
INFO:root:17
Train: 0.22108249366283417 VAL: 0.24611932039260864
INFO:root:18
Train: 0.21976937353610992 VAL: 0.23817256093025208
INFO:root:19
Train: 0.21848466992378235 VAL: 0.23349472880363464
INFO:root:20
Train: 0.22958679497241974 VAL: 0.23314237594604492
INFO:root:21
Train: 0.22155532240867615 VAL: 0.23293672502040863
INFO:root:22
Train: 0.21657131612300873 VAL: 0.23032146692276
INFO:root:23
Train: 0.21386411786079407 VAL: 0.2351432740688324
INFO:root:24
Train: 0.21262525022029877 VAL: 0.2371973693370819
INFO:root:25
Train: 0.21094775199890137 VAL: 0.2414132058620453
INFO:root:26
Train: 0.20857830345630646 VAL: 0.22845643758773804
INFO:root:27
Train: 0.20889179408550262 VAL: 0.23110580444335938
INFO:root:28
Train: 0.20991893112659454 VAL: 0.23157083988189697
INFO:root:29
Train: 0.20697247982025146 VAL: 0.23208194971084595
INFO:root:30
Train: 0.20694789290428162 VAL: 0.23339161276817322
INFO:root:31
Train: 0.2035941481590271 VAL: 0.22761055827140808
INFO:root:32
Train: 0.20313529670238495 VAL: 0.2352641224861145
INFO:root:33
Train: 0.199090376496315 VAL: 0.22981137037277222
INFO:root:34
Train: 0.19799108803272247 VAL: 0.2302357256412506
INFO:root:35
Train: 0.1972317397594452 VAL: 0.23111264407634735
INFO:root:36
Train: 0.19453133642673492 VAL: 0.23038218915462494
INFO:root:37
Train: 0.19144536554813385 VAL: 0.23402275145053864
INFO:root:38
Train: 0.18879106640815735 VAL: 0.24091453850269318
INFO:root:39
Train: 0.18966710567474365 VAL: 0.23477058112621307
INFO:root:40
Train: 0.18918564915657043 VAL: 0.23820087313652039
INFO:root:41
Train: 0.18827500939369202 VAL: 0.2290513813495636
INFO:root:42
Train: 0.18444585800170898 VAL: 0.23217818140983582
INFO:root:43
Train: 0.16834373772144318 VAL: 0.2303275465965271
INFO:root:44
Train: 0.15976709127426147 VAL: 0.23669686913490295
INFO:root:45
Train: 0.1565203070640564 VAL: 0.23473882675170898
INFO:root:46
Train: 0.15318900346755981 VAL: 0.23616616427898407
INFO:root:47
Train: 0.1511366069316864 VAL: 0.24222072958946228
INFO:root:48
Train: 0.14706288278102875 VAL: 0.24522028863430023
INFO:root:49
Train: 0.14517728984355927 VAL: 0.24643024802207947
INFO:root:50
Train: 0.14421087503433228 VAL: 0.24891817569732666
INFO:root:51
Train: 0.13674524426460266 VAL: 0.2522936463356018
INFO:root:52
Train: 0.13226360082626343 VAL: 0.2535293996334076
INFO:root:53
Train: 0.13109652698040009 VAL: 0.25395500659942627
INFO:root:54
Train: 0.1266954243183136 VAL: 0.25362733006477356
INFO:root:55
Train: 0.11548252403736115 VAL: 0.2558566629886627
INFO:root:56
Train: 0.1103954017162323 VAL: 0.25925201177597046
INFO:root:57
Train: 0.1068800762295723 VAL: 0.26095277070999146
INFO:root:58
Train: 0.10392531007528305 VAL: 0.26419103145599365
INFO:root:59
Train: 0.10201161354780197 VAL: 0.2650376260280609
INFO:root:60
Train: 0.0999283567070961 VAL: 0.2665706276893616
INFO:root:61
Train: 0.09726661443710327 VAL: 0.2690119743347168
INFO:root:BEST VAL: 0.2690119743347168 TEST : 0.2253228724002838
