INFO:root:Namespace(quiet=False, run_id=None, config=None, epochs=200, fold=2, batch_size=128, learn_rate=0.001, betas=(0.9, 0.999), weight_decay=0.001, hidden_size=32, kernel_init='skew-symmetric', note='', seed=None, nlayers=2, attn_head=4, latent_dim=128, dataset='ushcn')
INFO:root:{'input_dim': 5, 'attn_head': 4, 'latent_dim': 128, 'n_layers': 2, 'device': device(type='cuda')}
INFO:root:1
Train: 1.1308715343475342 VAL: 0.5708950161933899
INFO:root:2
Train: 0.5706843733787537 VAL: 0.3753955364227295
INFO:root:3
Train: 0.39665985107421875 VAL: 0.3129265308380127
INFO:root:4
Train: 0.39228370785713196 VAL: 0.26829180121421814
INFO:root:5
Train: 0.3460151255130768 VAL: 0.2595768868923187
INFO:root:6
Train: 0.3499300479888916 VAL: 0.2369929552078247
INFO:root:7
Train: 0.30588409304618835 VAL: 0.25790515542030334
INFO:root:8
Train: 0.35592612624168396 VAL: 0.2635499835014343
INFO:root:9
Train: 0.3269265592098236 VAL: 0.2488420158624649
INFO:root:10
Train: 0.3209914565086365 VAL: 0.24192488193511963
INFO:root:11
Train: 0.3179694712162018 VAL: 0.25504377484321594
INFO:root:12
Train: 0.27623602747917175 VAL: 0.2705379128456116
INFO:root:13
Train: 0.2806856334209442 VAL: 0.2646038234233856
INFO:root:14
Train: 0.2955950200557709 VAL: 0.26525765657424927
INFO:root:15
Train: 0.30165761709213257 VAL: 0.2713829278945923
INFO:root:16
Train: 0.30496034026145935 VAL: 0.2710306942462921
INFO:root:17
Train: 0.2942867577075958 VAL: 0.29599496722221375
INFO:root:18
Train: 0.29671916365623474 VAL: 0.2757353186607361
INFO:root:19
Train: 0.29573747515678406 VAL: 0.2685098350048065
INFO:root:20
Train: 0.2862040102481842 VAL: 0.2669627368450165
INFO:root:21
Train: 0.2831200957298279 VAL: 0.2721990942955017
INFO:root:22
Train: 0.2672819197177887 VAL: 0.2781427502632141
INFO:root:23
Train: 0.2876065671443939 VAL: 0.2758541405200958
INFO:root:24
Train: 0.2914704382419586 VAL: 0.27462685108184814
INFO:root:25
Train: 0.28300005197525024 VAL: 0.2781410813331604
INFO:root:26
Train: 0.28400668501853943 VAL: 0.2811533212661743
INFO:root:27
Train: 0.28963541984558105 VAL: 0.27696630358695984
INFO:root:28
Train: 0.2908543348312378 VAL: 0.2823813855648041
INFO:root:29
Train: 0.2843964397907257 VAL: 0.2768784463405609
INFO:root:30
Train: 0.2556384801864624 VAL: 0.2808413505554199
INFO:root:31
Train: 0.2871977388858795 VAL: 0.2818145751953125
INFO:root:32
Train: 0.27663087844848633 VAL: 0.27954986691474915
INFO:root:33
Train: 0.2863587737083435 VAL: 0.28497177362442017
INFO:root:34
Train: 0.26177534461021423 VAL: 0.27897438406944275
INFO:root:35
Train: 0.2665049731731415 VAL: 0.2809585630893707
INFO:root:36
Train: 0.27539846301078796 VAL: 0.28192055225372314
INFO:root:BEST VAL: 0.28192055225372314 TEST : 0.3157157897949219
INFO:root:Namespace(quiet=False, run_id=None, config=None, epochs=200, fold=2, batch_size=64, learn_rate=0.001, betas=(0.9, 0.999), weight_decay=0.001, hidden_size=32, kernel_init='skew-symmetric', note='', seed=None, nlayers=2, attn_head=4, latent_dim=128, dataset='mimiciii')
INFO:root:{'input_dim': 96, 'attn_head': 4, 'latent_dim': 128, 'n_layers': 2, 'device': device(type='cuda')}
INFO:root:Namespace(quiet=False, run_id=None, config=None, epochs=200, fold=2, batch_size=64, learn_rate=0.001, betas=(0.9, 0.999), weight_decay=0.001, hidden_size=32, kernel_init='skew-symmetric', note='', seed=None, nlayers=2, attn_head=4, latent_dim=128, dataset='mimiciii')
INFO:root:{'input_dim': 96, 'attn_head': 4, 'latent_dim': 128, 'n_layers': 2, 'device': device(type='cuda')}
INFO:root:1
Train: 0.5887471437454224 VAL: 0.5114977955818176
INFO:root:2
Train: 0.45575234293937683 VAL: 0.46969497203826904
INFO:root:Namespace(quiet=False, run_id=None, config=None, epochs=200, fold=2, batch_size=64, learn_rate=0.001, betas=(0.9, 0.999), weight_decay=0.001, hidden_size=32, kernel_init='skew-symmetric', note='', seed=None, nlayers=2, attn_head=4, latent_dim=128, dataset='mimiciii')
INFO:root:{'input_dim': 96, 'attn_head': 4, 'latent_dim': 128, 'n_layers': 2, 'device': device(type='cuda')}
INFO:root:1
Train: 0.5763446092605591 VAL: 0.5383689403533936
INFO:root:2
Train: 0.4695780277252197 VAL: 0.4760940670967102
INFO:root:3
Train: 0.4328664243221283 VAL: 0.44881153106689453
INFO:root:4
Train: 0.41739988327026367 VAL: 0.448772132396698
INFO:root:5
Train: 0.4265690743923187 VAL: 0.43426334857940674
INFO:root:6
Train: 0.41060692071914673 VAL: 0.43622392416000366
INFO:root:7
Train: 0.41478583216667175 VAL: 0.44450217485427856
INFO:root:8
Train: 0.41422784328460693 VAL: 0.4316520094871521
INFO:root:9
Train: 0.44026270508766174 VAL: 0.41851866245269775
INFO:root:10
Train: 0.4142891466617584 VAL: 0.42940372228622437
INFO:root:11
Train: 0.40598541498184204 VAL: 0.4479031562805176
INFO:root:12
Train: 0.4053017199039459 VAL: 0.4406684935092926
INFO:root:13
Train: 0.4135584831237793 VAL: 0.4253467321395874
INFO:root:14
Train: 0.42025187611579895 VAL: 0.4235731363296509
INFO:root:15
Train: 0.3950554430484772 VAL: 0.42009976506233215
INFO:root:16
Train: 0.39224961400032043 VAL: 0.40859898924827576
INFO:root:17
Train: 0.3887266218662262 VAL: 0.41760560870170593
INFO:root:18
Train: 0.3894961178302765 VAL: 0.41290283203125
INFO:root:19
Train: 0.3855852484703064 VAL: 0.4091099500656128
INFO:root:20
Train: 0.37810027599334717 VAL: 0.41155317425727844
INFO:root:21
Train: 0.4138263761997223 VAL: 0.4189288914203644
INFO:root:22
Train: 0.38988038897514343 VAL: 0.42505860328674316
INFO:root:23
Train: 0.3882285952568054 VAL: 0.4099886417388916
INFO:root:24
Train: 0.38724851608276367 VAL: 0.43076181411743164
INFO:root:25
Train: 0.38326898217201233 VAL: 0.3957776427268982
INFO:root:26
Train: 0.3824082911014557 VAL: 0.41540879011154175
INFO:root:27
Train: 0.3822835385799408 VAL: 0.41817736625671387
INFO:root:28
Train: 0.3744813799858093 VAL: 0.4107276201248169
INFO:root:29
Train: 0.37238600850105286 VAL: 0.4091174602508545
INFO:root:30
Train: 0.3744853734970093 VAL: 0.3976781368255615
INFO:root:31
Train: 0.370589941740036 VAL: 0.3943885862827301
INFO:root:32
Train: 0.36809611320495605 VAL: 0.3872199058532715
INFO:root:33
Train: 0.3652627468109131 VAL: 0.3907635509967804
INFO:root:34
Train: 0.362947940826416 VAL: 0.3994883596897125
INFO:root:35
Train: 0.36053648591041565 VAL: 0.3899131417274475
INFO:root:36
Train: 0.36368781328201294 VAL: 0.3886653780937195
INFO:root:37
Train: 0.3572409451007843 VAL: 0.3839579224586487
INFO:root:38
Train: 0.3580399751663208 VAL: 0.40191879868507385
INFO:root:39
Train: 0.35237768292427063 VAL: 0.38073471188545227
INFO:root:40
Train: 0.35074734687805176 VAL: 0.390350341796875
INFO:root:41
Train: 0.35179436206817627 VAL: 0.3888011574745178
INFO:root:42
Train: 0.36327043175697327 VAL: 0.40122318267822266
INFO:root:43
Train: 0.3546103537082672 VAL: 0.38668227195739746
INFO:root:44
Train: 0.346709281206131 VAL: 0.38831019401550293
INFO:root:45
Train: 0.34802839159965515 VAL: 0.428989976644516
INFO:root:46
Train: 0.3542369306087494 VAL: 0.4042035639286041
INFO:root:47
Train: 0.3527194857597351 VAL: 0.39959973096847534
INFO:root:48
Train: 0.3441399335861206 VAL: 0.3962485194206238
INFO:root:49
Train: 0.34011730551719666 VAL: 0.4057140052318573
INFO:root:50
Train: 0.33800792694091797 VAL: 0.39809268712997437
INFO:root:51
Train: 0.3180930018424988 VAL: 0.4032926559448242
INFO:root:52
Train: 0.31116512417793274 VAL: 0.40585628151893616
INFO:root:53
Train: 0.30833786725997925 VAL: 0.39412540197372437
INFO:root:54
Train: 0.30212005972862244 VAL: 0.39820700883865356
INFO:root:55
Train: 0.30190229415893555 VAL: 0.3989737331867218
INFO:root:56
Train: 0.29652535915374756 VAL: 0.38837626576423645
INFO:root:57
Train: 0.3017357289791107 VAL: 0.41518324613571167
INFO:root:58
Train: 0.2948029637336731 VAL: 0.3967897295951843
INFO:root:59
Train: 0.29071563482284546 VAL: 0.38867151737213135
INFO:root:60
Train: 0.2843226492404938 VAL: 0.3976737856864929
INFO:root:61
Train: 0.28423094749450684 VAL: 0.40448278188705444
INFO:root:62
Train: 0.2685982584953308 VAL: 0.39191627502441406
INFO:root:63
Train: 0.2608383893966675 VAL: 0.403312087059021
INFO:root:64
Train: 0.2534189522266388 VAL: 0.4010765552520752
INFO:root:65
Train: 0.24915724992752075 VAL: 0.40484023094177246
INFO:root:66
Train: 0.24651579558849335 VAL: 0.40152454376220703
INFO:root:67
Train: 0.24351835250854492 VAL: 0.4129679799079895
INFO:root:68
Train: 0.240963876247406 VAL: 0.4050945043563843
INFO:root:69
Train: 0.238112211227417 VAL: 0.42498838901519775
INFO:root:BEST VAL: 0.42498838901519775 TEST : 0.38947415351867676
