INFO:root:Namespace(quiet=False, run_id=None, config=None, epochs=200, fold=3, batch_size=128, learn_rate=0.001, betas=(0.9, 0.999), weight_decay=0.001, hidden_size=32, kernel_init='skew-symmetric', note='', seed=None, nlayers=3, attn_head=4, latent_dim=128, dataset='ushcn')
INFO:root:{'input_dim': 5, 'attn_head': 4, 'latent_dim': 128, 'n_layers': 3, 'device': device(type='cuda')}
INFO:root:1
Train: 1.8254882097244263 VAL: 0.6817017197608948
INFO:root:2
Train: 0.6325905919075012 VAL: 0.4591684639453888
INFO:root:3
Train: 0.45844027400016785 VAL: 0.40196484327316284
INFO:root:4
Train: 0.4008716344833374 VAL: 0.3149653673171997
INFO:root:5
Train: 0.33372417092323303 VAL: 0.27413275837898254
INFO:root:6
Train: 0.34438979625701904 VAL: 0.32725411653518677
INFO:root:7
Train: 0.36282801628112793 VAL: 0.3060232400894165
INFO:root:8
Train: 0.31172290444374084 VAL: 0.28192776441574097
INFO:root:9
Train: 0.3339768350124359 VAL: 0.2709180414676666
INFO:root:10
Train: 0.3193815052509308 VAL: 0.2794252336025238
INFO:root:11
Train: 0.3095850944519043 VAL: 0.2736550569534302
INFO:root:12
Train: 0.3056281507015228 VAL: 0.267877459526062
INFO:root:13
Train: 0.30741676688194275 VAL: 0.26687341928482056
INFO:root:14
Train: 0.30973437428474426 VAL: 0.2704799175262451
INFO:root:15
Train: 0.2791390120983124 VAL: 0.2656729221343994
INFO:root:16
Train: 0.3059318959712982 VAL: 0.26340600848197937
INFO:root:17
Train: 0.30445149540901184 VAL: 0.26431483030319214
INFO:root:18
Train: 0.30463147163391113 VAL: 0.26900574564933777
INFO:root:19
Train: 0.3093753159046173 VAL: 0.2630211412906647
INFO:root:20
Train: 0.3110212981700897 VAL: 0.2715233266353607
INFO:root:21
Train: 0.31429213285446167 VAL: 0.2640717923641205
INFO:root:22
Train: 0.29609039425849915 VAL: 0.2652592360973358
INFO:root:23
Train: 0.29467058181762695 VAL: 0.2809737026691437
INFO:root:24
Train: 0.3193555772304535 VAL: 0.2759990096092224
INFO:root:25
Train: 0.3054882884025574 VAL: 0.2594429552555084
INFO:root:26
Train: 0.31382298469543457 VAL: 0.264507532119751
INFO:root:27
Train: 0.31259360909461975 VAL: 0.27787140011787415
INFO:root:28
Train: 0.30414316058158875 VAL: 0.2617330551147461
INFO:root:29
Train: 0.30034565925598145 VAL: 0.2605016827583313
INFO:root:30
Train: 0.3004273474216461 VAL: 0.2624911665916443
INFO:root:31
Train: 0.30144789814949036 VAL: 0.2646465599536896
INFO:root:32
Train: 0.3046964406967163 VAL: 0.2610272169113159
INFO:root:33
Train: 0.3001881241798401 VAL: 0.2633298933506012
INFO:root:34
Train: 0.3027564287185669 VAL: 0.26256993412971497
INFO:root:35
Train: 0.2977403402328491 VAL: 0.26817235350608826
INFO:root:36
Train: 0.30268266797065735 VAL: 0.26782384514808655
INFO:root:37
Train: 0.30264580249786377 VAL: 0.2621368169784546
INFO:root:38
Train: 0.29803207516670227 VAL: 0.2608770728111267
INFO:root:39
Train: 0.27953818440437317 VAL: 0.258719265460968
INFO:root:40
Train: 0.27652496099472046 VAL: 0.25779780745506287
INFO:root:41
Train: 0.2953782081604004 VAL: 0.2582511305809021
INFO:root:42
Train: 0.29885736107826233 VAL: 0.2592135965824127
INFO:root:43
Train: 0.2847784459590912 VAL: 0.2595136761665344
INFO:root:44
Train: 0.2958502471446991 VAL: 0.2588595449924469
INFO:root:45
Train: 0.29682162404060364 VAL: 0.2575286328792572
INFO:root:46
Train: 0.2790199816226959 VAL: 0.25896620750427246
INFO:root:47
Train: 0.29736027121543884 VAL: 0.2582208216190338
INFO:root:48
Train: 0.293298602104187 VAL: 0.25699886679649353
INFO:root:49
Train: 0.29222509264945984 VAL: 0.25961124897003174
INFO:root:50
Train: 0.28776684403419495 VAL: 0.25667697191238403
INFO:root:51
Train: 0.29406026005744934 VAL: 0.2575269639492035
INFO:root:52
Train: 0.29670795798301697 VAL: 0.26045897603034973
INFO:root:53
Train: 0.28837862610816956 VAL: 0.25630292296409607
INFO:root:54
Train: 0.2949583828449249 VAL: 0.2590266168117523
INFO:root:55
Train: 0.2926054298877716 VAL: 0.2590254545211792
INFO:root:56
Train: 0.2863428294658661 VAL: 0.25833532214164734
INFO:root:57
Train: 0.2809751033782959 VAL: 0.25902730226516724
INFO:root:58
Train: 0.2869012951850891 VAL: 0.25592294335365295
INFO:root:59
Train: 0.293422669172287 VAL: 0.2558176517486572
INFO:root:60
Train: 0.28297314047813416 VAL: 0.2613769769668579
INFO:root:61
Train: 0.2925756275653839 VAL: 0.25807181000709534
INFO:root:62
Train: 0.3001203238964081 VAL: 0.2594497501850128
INFO:root:63
Train: 0.3038681447505951 VAL: 0.2598189413547516
INFO:root:64
Train: 0.30211198329925537 VAL: 0.27226755023002625
INFO:root:65
Train: 0.298644095659256 VAL: 0.2628498673439026
INFO:root:66
Train: 0.2948116958141327 VAL: 0.25801876187324524
INFO:root:67
Train: 0.2873234152793884 VAL: 0.25860100984573364
INFO:root:68
Train: 0.2883121967315674 VAL: 0.2570319175720215
INFO:root:69
Train: 0.29195931553840637 VAL: 0.2570163607597351
INFO:root:70
Train: 0.2911643087863922 VAL: 0.2574661076068878
INFO:root:71
Train: 0.29027727246284485 VAL: 0.25663530826568604
INFO:root:72
Train: 0.26345953345298767 VAL: 0.2574353516101837
INFO:root:73
Train: 0.28467223048210144 VAL: 0.2573656737804413
INFO:root:74
Train: 0.2845727205276489 VAL: 0.2575317323207855
INFO:root:75
Train: 0.28496605157852173 VAL: 0.2582346796989441
INFO:root:76
Train: 0.2843741476535797 VAL: 0.25711894035339355
INFO:root:77
Train: 0.2856609523296356 VAL: 0.25633034110069275
INFO:root:78
Train: 0.2911736071109772 VAL: 0.25841981172561646
INFO:root:79
Train: 0.2939735949039459 VAL: 0.2593247890472412
INFO:root:80
Train: 0.29132285714149475 VAL: 0.2583078444004059
INFO:root:81
Train: 0.28856703639030457 VAL: 0.258135586977005
INFO:root:82
Train: 0.2879575788974762 VAL: 0.25986534357070923
INFO:root:83
Train: 0.2811540961265564 VAL: 0.2580333650112152
INFO:root:84
Train: 0.2891989052295685 VAL: 0.25684231519699097
INFO:root:85
Train: 0.2849811613559723 VAL: 0.2601504623889923
INFO:root:86
Train: 0.2867421805858612 VAL: 0.257853627204895
INFO:root:87
Train: 0.2703448235988617 VAL: 0.25868353247642517
INFO:root:88
Train: 0.2847961187362671 VAL: 0.25732770562171936
INFO:root:89
Train: 0.2864561378955841 VAL: 0.2557283341884613
INFO:root:90
Train: 0.2816121280193329 VAL: 0.2601947486400604
INFO:root:91
Train: 0.28352048993110657 VAL: 0.2595682442188263
INFO:root:92
Train: 0.2849925458431244 VAL: 0.25765302777290344
INFO:root:93
Train: 0.2870173156261444 VAL: 0.25646495819091797
INFO:root:94
Train: 0.28782665729522705 VAL: 0.25777149200439453
INFO:root:95
Train: 0.2869561016559601 VAL: 0.2576294243335724
INFO:root:96
Train: 0.28625181317329407 VAL: 0.2576988637447357
INFO:root:97
Train: 0.2655254900455475 VAL: 0.2572028338909149
INFO:root:98
Train: 0.28265777230262756 VAL: 0.2571662664413452
INFO:root:99
Train: 0.28939348459243774 VAL: 0.2579321563243866
INFO:root:100
Train: 0.27580294013023376 VAL: 0.2567102611064911
INFO:root:101
Train: 0.26838675141334534 VAL: 0.2566488981246948
INFO:root:102
Train: 0.2829592227935791 VAL: 0.2578829824924469
INFO:root:103
Train: 0.28913113474845886 VAL: 0.257904976606369
INFO:root:104
Train: 0.26194658875465393 VAL: 0.25676533579826355
INFO:root:105
Train: 0.28406617045402527 VAL: 0.25704172253608704
INFO:root:106
Train: 0.280476838350296 VAL: 0.2586633563041687
INFO:root:107
Train: 0.28983068466186523 VAL: 0.2575833797454834
INFO:root:108
Train: 0.2854437828063965 VAL: 0.2578519284725189
INFO:root:109
Train: 0.2817188799381256 VAL: 0.25739800930023193
INFO:root:110
Train: 0.2517836093902588 VAL: 0.256986528635025
INFO:root:111
Train: 0.2788761556148529 VAL: 0.25719133019447327
INFO:root:112
Train: 0.2813941538333893 VAL: 0.25825926661491394
INFO:root:113
Train: 0.2679612338542938 VAL: 0.2581486105918884
INFO:root:114
Train: 0.2868378460407257 VAL: 0.25799617171287537
INFO:root:115
Train: 0.28931814432144165 VAL: 0.25822123885154724
INFO:root:116
Train: 0.2877129316329956 VAL: 0.25822198390960693
INFO:root:117
Train: 0.2898375391960144 VAL: 0.2578069269657135
INFO:root:118
Train: 0.28687548637390137 VAL: 0.2585148811340332
INFO:root:119
Train: 0.288514107465744 VAL: 0.25764381885528564
INFO:root:BEST VAL: 0.25764381885528564 TEST : 0.2619516849517822
INFO:root:Namespace(quiet=False, run_id=None, config=None, epochs=200, fold=3, batch_size=64, learn_rate=0.001, betas=(0.9, 0.999), weight_decay=0.001, hidden_size=32, kernel_init='skew-symmetric', note='', seed=None, nlayers=3, attn_head=4, latent_dim=128, dataset='mimiciii')
INFO:root:{'input_dim': 96, 'attn_head': 4, 'latent_dim': 128, 'n_layers': 3, 'device': device(type='cuda')}
INFO:root:1
Train: 0.6033193469047546 VAL: 0.5137691497802734
INFO:root:2
Train: 0.5078256726264954 VAL: 0.5411455631256104
INFO:root:3
Train: 0.48154911398887634 VAL: 0.4428422152996063
INFO:root:4
Train: 0.46139487624168396 VAL: 0.6078879833221436
INFO:root:5
Train: 0.42671307921409607 VAL: 0.4008602499961853
INFO:root:6
Train: 0.4089815020561218 VAL: 0.4015445113182068
INFO:root:7
Train: 0.4128541052341461 VAL: 0.38764244318008423
INFO:root:8
Train: 0.40078452229499817 VAL: 0.3871787190437317
INFO:root:9
Train: 0.39795631170272827 VAL: 0.3885701298713684
INFO:root:10
Train: 0.40284091234207153 VAL: 0.4050256013870239
INFO:root:11
Train: 0.3928355574607849 VAL: 0.3887174129486084
INFO:root:12
Train: 0.43910348415374756 VAL: 0.4044573903083801
INFO:root:13
Train: 0.4217798113822937 VAL: 0.4105212092399597
INFO:root:14
Train: 0.403377503156662 VAL: 0.3906489610671997
INFO:root:15
Train: 0.3927379846572876 VAL: 0.3788259029388428
INFO:root:16
Train: 0.38778892159461975 VAL: 0.38553085923194885
INFO:root:17
Train: 0.4151345193386078 VAL: 0.40383458137512207
INFO:root:18
Train: 0.41169634461402893 VAL: 0.4395602345466614
INFO:root:19
Train: 0.9208446145057678 VAL: 0.500270664691925
INFO:root:20
Train: 0.4635028839111328 VAL: 0.4378780126571655
INFO:root:21
Train: 0.4037849009037018 VAL: 0.3900241255760193
INFO:root:22
Train: 22.0294246673584 VAL: 1.1882758140563965
INFO:root:23
Train: 0.9176342487335205 VAL: 0.863103985786438
INFO:root:24
Train: 0.7063837647438049 VAL: 0.5996425151824951
INFO:root:25
Train: 0.5553823709487915 VAL: 0.566297173500061
INFO:root:26
Train: 0.6803638935089111 VAL: 0.5281277298927307
INFO:root:27
Train: 0.519502580165863 VAL: 0.504743754863739
INFO:root:28
Train: 0.5101234316825867 VAL: 0.5061577558517456
INFO:root:29
Train: 0.49923956394195557 VAL: 0.5006703734397888
INFO:root:30
Train: 0.48309317231178284 VAL: 0.4844679832458496
INFO:root:31
Train: 0.47185850143432617 VAL: 0.4772213101387024
INFO:root:32
Train: 0.46481406688690186 VAL: 0.45648759603500366
INFO:root:33
Train: 0.45493650436401367 VAL: 0.45323774218559265
INFO:root:34
Train: 0.45421209931373596 VAL: 0.45268696546554565
INFO:root:35
Train: 0.4420239329338074 VAL: 0.43658411502838135
INFO:root:36
Train: 0.43945959210395813 VAL: 0.43366092443466187
INFO:root:37
Train: 0.4346241354942322 VAL: 0.42753392457962036
INFO:root:38
Train: 0.4266149699687958 VAL: 0.4288603365421295
INFO:root:39
Train: 0.4207890033721924 VAL: 0.4207942485809326
INFO:root:40
Train: 0.41893938183784485 VAL: 0.41984355449676514
INFO:root:41
Train: 0.4168091416358948 VAL: 0.4172077178955078
INFO:root:42
Train: 0.41784459352493286 VAL: 0.41398701071739197
INFO:root:43
Train: 0.41619905829429626 VAL: 0.4149884283542633
INFO:root:44
Train: 0.4113018214702606 VAL: 0.42106181383132935
INFO:root:45
Train: 0.41538119316101074 VAL: 0.445392906665802
