INFO:root:Namespace(quiet=False, run_id=None, config=None, epochs=200, fold=0, batch_size=64, learn_rate=0.001, betas=(0.9, 0.999), weight_decay=0.001, hidden_size=32, kernel_init='skew-symmetric', note='', seed=None, nlayers=2, attn_head=2, latent_dim=32, dataset='mimiciii')
INFO:root:{'input_dim': 96, 'attn_head': 2, 'latent_dim': 32, 'n_layers': 2, 'device': device(type='cuda')}
INFO:root:1
Train: 0.5762784481048584 VAL: 0.5442523956298828
INFO:root:2
Train: 0.4984632134437561 VAL: 0.46806567907333374
INFO:root:3
Train: 0.44999513030052185 VAL: 0.4521024227142334
INFO:root:4
Train: 0.43365466594696045 VAL: 0.4562946856021881
INFO:root:5
Train: 0.4274861812591553 VAL: 0.4433215260505676
INFO:root:6
Train: 0.4207204282283783 VAL: 0.4962313771247864
INFO:root:7
Train: 0.41798079013824463 VAL: 0.4268222153186798
INFO:root:8
Train: 0.40683460235595703 VAL: 0.428710401058197
INFO:root:9
Train: 0.40282121300697327 VAL: 0.4213339686393738
INFO:root:10
Train: 0.4020015299320221 VAL: 0.4176805317401886
INFO:root:11
Train: 0.3981931805610657 VAL: 0.4107290506362915
INFO:root:12
Train: 0.39766183495521545 VAL: 0.41182026267051697
INFO:root:13
Train: 0.3924230933189392 VAL: 0.4069284200668335
INFO:root:14
Train: 0.3913560211658478 VAL: 0.41679662466049194
INFO:root:15
Train: 0.39079922437667847 VAL: 0.41307827830314636
INFO:root:16
Train: 0.3911273777484894 VAL: 0.42408448457717896
INFO:root:17
Train: 0.38973182439804077 VAL: 0.40735265612602234
INFO:root:18
Train: 0.38344335556030273 VAL: 0.4036335349082947
INFO:root:19
Train: 0.3863071799278259 VAL: 0.4118407368659973
INFO:root:20
Train: 0.3845141530036926 VAL: 0.4062393605709076
INFO:root:21
Train: 0.3845290243625641 VAL: 0.42076966166496277
INFO:root:22
Train: 0.4326978325843811 VAL: 0.41729268431663513
INFO:root:23
Train: 0.3864552080631256 VAL: 0.41115957498550415
INFO:root:24
Train: 0.3896346688270569 VAL: 0.4078713059425354
INFO:root:25
Train: 0.3831203877925873 VAL: 0.412751704454422
INFO:root:26
Train: 0.38235217332839966 VAL: 0.40305095911026
INFO:root:27
Train: 0.3759670555591583 VAL: 0.4049617648124695
INFO:root:28
Train: 0.37737753987312317 VAL: 0.4049125015735626
INFO:root:29
Train: 0.37522953748703003 VAL: 0.40498656034469604
INFO:root:30
Train: 0.3724402189254761 VAL: 0.4076332151889801
INFO:root:31
Train: 0.3714379668235779 VAL: 0.40701961517333984
INFO:root:32
Train: 0.3712138831615448 VAL: 0.40909135341644287
INFO:root:33
Train: 0.37190279364585876 VAL: 0.40359020233154297
INFO:root:34
Train: 0.3699294626712799 VAL: 0.4029337465763092
INFO:root:35
Train: 0.368267297744751 VAL: 0.4018881618976593
INFO:root:36
Train: 0.3682507276535034 VAL: 0.4013780355453491
INFO:root:37
Train: 0.3743266761302948 VAL: 0.40001899003982544
INFO:root:38
Train: 0.37999650835990906 VAL: 0.4028012752532959
INFO:root:39
Train: 0.3879247307777405 VAL: 0.40543776750564575
INFO:root:40
Train: 0.3732369542121887 VAL: 0.4023125171661377
INFO:root:41
Train: 0.367384672164917 VAL: 0.40641579031944275
INFO:root:42
Train: 0.3642396628856659 VAL: 0.4020889103412628
INFO:root:43
Train: 0.36749160289764404 VAL: 0.3974800705909729
INFO:root:44
Train: 0.37338629364967346 VAL: 0.4390842020511627
INFO:root:45
Train: 0.37459278106689453 VAL: 0.40070950984954834
INFO:root:46
Train: 0.3623812794685364 VAL: 0.3975103199481964
INFO:root:47
Train: 0.36022821068763733 VAL: 0.4009685516357422
INFO:root:48
Train: 0.3603772819042206 VAL: 0.39541634917259216
INFO:root:49
Train: 0.3560279309749603 VAL: 0.3957640826702118
INFO:root:50
Train: 0.3565886318683624 VAL: 0.398677796125412
INFO:root:51
Train: 0.3568289577960968 VAL: 0.39416325092315674
INFO:root:52
Train: 0.3543025255203247 VAL: 0.39641818404197693
INFO:root:53
Train: 0.3527076840400696 VAL: 0.3948676288127899
INFO:root:54
Train: 0.3517691493034363 VAL: 0.3950897455215454
INFO:root:55
Train: 0.3498123288154602 VAL: 0.39438754320144653
INFO:root:56
Train: 0.34875327348709106 VAL: 0.3934124708175659
INFO:root:57
Train: 0.3488472104072571 VAL: 0.39549773931503296
INFO:root:58
Train: 0.34879523515701294 VAL: 0.3958878517150879
INFO:root:59
Train: 0.34669408202171326 VAL: 0.3936779499053955
INFO:root:60
Train: 0.3529263138771057 VAL: 0.39819929003715515
INFO:root:61
Train: 0.35367316007614136 VAL: 0.3985668122768402
INFO:root:62
Train: 0.3439241945743561 VAL: 0.39409154653549194
INFO:root:63
Train: 0.3430558443069458 VAL: 0.39074575901031494
INFO:root:64
Train: 0.3402555584907532 VAL: 0.39422184228897095
INFO:root:65
Train: 0.34125036001205444 VAL: 0.3917813301086426
INFO:root:66
Train: 0.33913207054138184 VAL: 0.39621663093566895
INFO:root:67
Train: 0.3553466200828552 VAL: 0.39927273988723755
INFO:root:68
Train: 0.3445769250392914 VAL: 0.4060424566268921
INFO:root:69
Train: 0.33893027901649475 VAL: 0.39973318576812744
INFO:root:70
Train: 0.3551214337348938 VAL: 0.4487036466598511
INFO:root:71
Train: 0.3565104007720947 VAL: 0.39041537046432495
INFO:root:72
Train: 0.34186676144599915 VAL: 0.3926352262496948
INFO:root:73
Train: 0.34237974882125854 VAL: 0.3913980722427368
INFO:root:74
Train: 0.3377223014831543 VAL: 0.38875508308410645
INFO:root:75
Train: 0.3394604027271271 VAL: 0.39154884219169617
INFO:root:76
Train: 0.3332255482673645 VAL: 0.39658355712890625
INFO:root:77
Train: 0.332195520401001 VAL: 0.3966416120529175
INFO:root:78
Train: 0.32905590534210205 VAL: 0.3918972313404083
INFO:root:79
Train: 0.33202576637268066 VAL: 0.4005061089992523
INFO:root:80
Train: 0.33226078748703003 VAL: 0.4026121497154236
INFO:root:81
Train: 0.3358195722103119 VAL: 0.3937978744506836
INFO:root:82
Train: 0.33040425181388855 VAL: 0.3908776640892029
INFO:root:83
Train: 0.3257615566253662 VAL: 0.3984236717224121
INFO:root:84
Train: 0.3228396475315094 VAL: 0.4005011320114136
INFO:root:85
Train: 0.3310079872608185 VAL: 0.39790043234825134
INFO:root:86
Train: 0.31951096653938293 VAL: 0.4017754793167114
INFO:root:87
Train: 0.31493809819221497 VAL: 0.4019828140735626
INFO:root:88
Train: 0.312356561422348 VAL: 0.3984183967113495
INFO:root:89
Train: 0.3124174177646637 VAL: 0.40071195363998413
INFO:root:90
Train: 0.3110653758049011 VAL: 0.4023342728614807
INFO:root:91
Train: 0.31123754382133484 VAL: 0.3938010036945343
INFO:root:92
Train: 0.3089832067489624 VAL: 0.3942927122116089
INFO:root:93
Train: 0.3117521107196808 VAL: 0.3933790326118469
INFO:root:94
Train: 0.3087552487850189 VAL: 0.3949742317199707
INFO:root:95
Train: 0.3091207444667816 VAL: 0.40857622027397156
INFO:root:96
Train: 0.31570541858673096 VAL: 0.3924785852432251
INFO:root:97
Train: 0.30623364448547363 VAL: 0.39725983142852783
INFO:root:98
Train: 0.3007490038871765 VAL: 0.40064018964767456
INFO:root:99
Train: 0.3003452718257904 VAL: 0.400704026222229
INFO:root:100
Train: 0.2986370623111725 VAL: 0.4021790027618408
INFO:root:101
Train: 0.29954367876052856 VAL: 0.4044947028160095
INFO:root:102
Train: 0.29753008484840393 VAL: 0.40475398302078247
INFO:root:103
Train: 0.2946462631225586 VAL: 0.4058218002319336
INFO:root:104
Train: 0.2974180281162262 VAL: 0.4042983949184418
INFO:root:BEST VAL: 0.4042983949184418 TEST : 0.34410691261291504
INFO:root:Namespace(quiet=False, run_id=None, config=None, epochs=200, fold=0, batch_size=128, learn_rate=0.001, betas=(0.9, 0.999), weight_decay=0.001, hidden_size=32, kernel_init='skew-symmetric', note='', seed=None, nlayers=2, attn_head=2, latent_dim=32, dataset='ushcn')
INFO:root:{'input_dim': 5, 'attn_head': 2, 'latent_dim': 32, 'n_layers': 2, 'device': device(type='cuda')}
INFO:root:1
Train: 0.7012045383453369 VAL: 0.8226333856582642
INFO:root:2
Train: 0.6085742115974426 VAL: 0.7669925689697266
INFO:root:3
Train: 0.5683584809303284 VAL: 0.7110128402709961
INFO:root:4
Train: 0.5382086634635925 VAL: 0.5982149839401245
INFO:root:5
Train: 0.48187434673309326 VAL: 0.4876757264137268
INFO:root:6
Train: 0.4038877785205841 VAL: 0.4158276915550232
INFO:root:7
Train: 0.33880260586738586 VAL: 0.34730982780456543
INFO:root:8
Train: 0.34091809391975403 VAL: 0.3859879970550537
INFO:root:9
Train: 0.3228006064891815 VAL: 0.47580090165138245
INFO:root:10
Train: 0.3263411521911621 VAL: 0.5008093118667603
INFO:root:11
Train: 0.31550467014312744 VAL: 0.4861074686050415
INFO:root:12
Train: 0.3157663643360138 VAL: 0.41689255833625793
INFO:root:13
Train: 0.31294190883636475 VAL: 0.39021801948547363
INFO:root:14
Train: 0.3107481896877289 VAL: 0.39465898275375366
INFO:root:15
Train: 0.31190240383148193 VAL: 0.4306567907333374
INFO:root:16
Train: 0.28471821546554565 VAL: 0.4572608768939972
INFO:root:17
Train: 0.30883657932281494 VAL: 0.3940255641937256
INFO:root:18
Train: 0.3095420002937317 VAL: 0.4612589478492737
INFO:root:19
Train: 0.29961061477661133 VAL: 0.4271020293235779
INFO:root:20
Train: 0.3130331337451935 VAL: 0.41197967529296875
INFO:root:21
Train: 0.31388309597969055 VAL: 0.4003005623817444
INFO:root:22
Train: 0.2821844518184662 VAL: 0.4088556468486786
INFO:root:23
Train: 0.3085547983646393 VAL: 0.4151743948459625
INFO:root:24
Train: 0.30073148012161255 VAL: 0.40526705980300903
INFO:root:25
Train: 0.2833724915981293 VAL: 0.39778071641921997
INFO:root:26
Train: 0.30569466948509216 VAL: 0.42657631635665894
INFO:root:27
Train: 0.3022266626358032 VAL: 0.4366299510002136
INFO:root:28
Train: 0.2809103727340698 VAL: 0.42124703526496887
INFO:root:29
Train: 0.3003677427768707 VAL: 0.415732741355896
INFO:root:30
Train: 0.2992866039276123 VAL: 0.4140157103538513
INFO:root:31
Train: 0.3044605553150177 VAL: 0.41895776987075806
INFO:root:32
Train: 0.30101338028907776 VAL: 0.4154379367828369
INFO:root:33
Train: 0.30695590376853943 VAL: 0.4263631999492645
INFO:root:34
Train: 0.3024147152900696 VAL: 0.4324977695941925
INFO:root:35
Train: 0.29565107822418213 VAL: 0.4232759475708008
INFO:root:36
Train: 0.29327452182769775 VAL: 0.4188684821128845
INFO:root:37
Train: 0.30632850527763367 VAL: 0.42013078927993774
INFO:root:BEST VAL: 0.42013078927993774 TEST : 0.24749836325645447
INFO:root:Namespace(quiet=False, run_id=None, config=None, epochs=200, fold=0, batch_size=128, learn_rate=0.001, betas=(0.9, 0.999), weight_decay=0.001, hidden_size=32, kernel_init='skew-symmetric', note='', seed=None, nlayers=2, attn_head=2, latent_dim=32, dataset='physionet2012')
INFO:root:{'input_dim': 37, 'attn_head': 2, 'latent_dim': 32, 'n_layers': 2, 'device': device(type='cuda')}
INFO:root:1
Train: 0.48213300108909607 VAL: 0.3836352825164795
INFO:root:2
Train: 0.380622535943985 VAL: 0.36837202310562134
INFO:root:3
Train: 0.3335449695587158 VAL: 0.3097192645072937
INFO:root:4
Train: 0.3058222830295563 VAL: 0.2968302369117737
INFO:root:5
Train: 0.30317223072052 VAL: 0.30681249499320984
INFO:root:6
Train: 0.3028019368648529 VAL: 0.30146387219429016
INFO:root:7
Train: 0.2993781268596649 VAL: 0.2945263385772705
INFO:root:8
Train: 0.29885992407798767 VAL: 0.29432183504104614
INFO:root:9
Train: 0.29925456643104553 VAL: 0.2944445013999939
INFO:root:10
Train: 0.29987820982933044 VAL: 0.2931221127510071
INFO:root:11
Train: 0.2973727285861969 VAL: 0.29498934745788574
INFO:root:12
Train: 0.2955877482891083 VAL: 0.2923181354999542
INFO:root:13
Train: 0.2952839136123657 VAL: 0.2926333248615265
INFO:root:14
Train: 0.29452773928642273 VAL: 0.29254308342933655
INFO:root:15
Train: 0.2948540151119232 VAL: 0.2907346785068512
INFO:root:16
Train: 0.2936207056045532 VAL: 0.29096853733062744
INFO:root:17
Train: 0.2931181490421295 VAL: 0.29081621766090393
INFO:root:18
Train: 0.29209476709365845 VAL: 0.2913866341114044
INFO:root:19
Train: 0.2923611104488373 VAL: 0.29148316383361816
INFO:root:20
Train: 0.29173439741134644 VAL: 0.290130615234375
INFO:root:21
Train: 0.29215705394744873 VAL: 0.29132646322250366
INFO:root:22
Train: 0.29191887378692627 VAL: 0.29023098945617676
INFO:root:23
Train: 0.2926445007324219 VAL: 0.28898078203201294
INFO:root:24
Train: 0.2910868525505066 VAL: 0.2891846001148224
INFO:root:25
Train: 0.28998157382011414 VAL: 0.2886030972003937
INFO:root:26
Train: 0.2897142767906189 VAL: 0.2890077233314514
INFO:root:27
Train: 0.2894366681575775 VAL: 0.28856754302978516
INFO:root:28
Train: 0.2900864779949188 VAL: 0.2873479723930359
INFO:root:29
Train: 0.2910205125808716 VAL: 0.2898918390274048
INFO:root:30
Train: 0.28965067863464355 VAL: 0.2890610992908478
INFO:root:31
Train: 0.2883102297782898 VAL: 0.2884490489959717
INFO:root:32
Train: 0.2893933057785034 VAL: 0.2924158573150635
INFO:root:33
Train: 0.28954997658729553 VAL: 0.28935205936431885
INFO:root:34
Train: 0.29028481245040894 VAL: 0.28962242603302
INFO:root:35
Train: 0.2888818681240082 VAL: 0.2884731888771057
INFO:root:36
Train: 0.28790539503097534 VAL: 0.2871569097042084
INFO:root:37
Train: 0.28699639439582825 VAL: 0.2892794609069824
INFO:root:38
Train: 0.2870641350746155 VAL: 0.2868610918521881
INFO:root:39
Train: 0.2869518995285034 VAL: 0.28691133856773376
INFO:root:40
Train: 0.28651824593544006 VAL: 0.28901124000549316
INFO:root:41
Train: 0.286760538816452 VAL: 0.29170945286750793
INFO:root:42
Train: 0.28677070140838623 VAL: 0.28756144642829895
INFO:root:43
Train: 0.28601977229118347 VAL: 0.286641001701355
INFO:root:44
Train: 0.2856042683124542 VAL: 0.28981512784957886
INFO:root:45
Train: 0.2866666913032532 VAL: 0.2871951162815094
INFO:root:46
Train: 0.28566721081733704 VAL: 0.28606826066970825
INFO:root:47
Train: 0.28528517484664917 VAL: 0.28556114435195923
INFO:root:48
Train: 0.28427356481552124 VAL: 0.28599175810813904
INFO:root:49
Train: 0.283792644739151 VAL: 0.2864023447036743
INFO:root:50
Train: 0.28359565138816833 VAL: 0.2900373339653015
INFO:root:51
Train: 0.28362926840782166 VAL: 0.2865326404571533
INFO:root:52
Train: 0.2831887900829315 VAL: 0.2885209321975708
INFO:root:53
Train: 0.2836483120918274 VAL: 0.2888072729110718
INFO:root:54
Train: 0.2819001078605652 VAL: 0.28722137212753296
INFO:root:55
Train: 0.2820284962654114 VAL: 0.2868902087211609
INFO:root:56
Train: 0.2825660705566406 VAL: 0.2884109616279602
INFO:root:57
Train: 0.28228533267974854 VAL: 0.2857896089553833
INFO:root:58
Train: 0.2810981571674347 VAL: 0.28616863489151
INFO:root:59
Train: 0.27948158979415894 VAL: 0.28687405586242676
INFO:root:60
Train: 0.2791503071784973 VAL: 0.2857609987258911
INFO:root:61
Train: 0.279484361410141 VAL: 0.28590112924575806
INFO:root:62
Train: 0.2784382700920105 VAL: 0.28633105754852295
INFO:root:63
Train: 0.27961471676826477 VAL: 0.28623589873313904
INFO:root:64
Train: 0.279535710811615 VAL: 0.2878134846687317
INFO:root:65
Train: 0.2789766192436218 VAL: 0.28763800859451294
INFO:root:66
Train: 0.2789071500301361 VAL: 0.2873268127441406
INFO:root:67
Train: 0.2790287137031555 VAL: 0.28490346670150757
INFO:root:68
Train: 0.27820783853530884 VAL: 0.2861257493495941
INFO:root:69
Train: 0.2789274752140045 VAL: 0.28634053468704224
INFO:root:70
Train: 0.27743077278137207 VAL: 0.28504955768585205
INFO:root:71
Train: 0.2777344584465027 VAL: 0.2853243350982666
INFO:root:72
Train: 0.2775886356830597 VAL: 0.28541839122772217
INFO:root:73
Train: 0.276441365480423 VAL: 0.2863539457321167
INFO:root:74
Train: 0.27675697207450867 VAL: 0.28659823536872864
INFO:root:75
Train: 0.27778729796409607 VAL: 0.286346435546875
INFO:root:76
Train: 0.27694180607795715 VAL: 0.2846950590610504
INFO:root:77
Train: 0.27625107765197754 VAL: 0.2860741913318634
INFO:root:78
Train: 0.2766742408275604 VAL: 0.28611719608306885
INFO:root:79
Train: 0.27692919969558716 VAL: 0.2860895097255707
INFO:root:80
Train: 0.27700093388557434 VAL: 0.2881636619567871
INFO:root:81
Train: 0.27590039372444153 VAL: 0.2856936454772949
INFO:root:82
Train: 0.2764803171157837 VAL: 0.2851887345314026
INFO:root:83
Train: 0.2757624685764313 VAL: 0.28565120697021484
INFO:root:84
Train: 0.27600112557411194 VAL: 0.2850247025489807
INFO:root:85
Train: 0.2752487063407898 VAL: 0.28478485345840454
INFO:root:86
Train: 0.274588406085968 VAL: 0.2856298089027405
INFO:root:87
Train: 0.27510878443717957 VAL: 0.2841666042804718
INFO:root:88
Train: 0.27545174956321716 VAL: 0.28615349531173706
INFO:root:89
Train: 0.2747490406036377 VAL: 0.2855616807937622
INFO:root:90
Train: 0.27419623732566833 VAL: 0.28439706563949585
INFO:root:91
Train: 0.2746035158634186 VAL: 0.2871458828449249
INFO:root:92
Train: 0.27485328912734985 VAL: 0.28553733229637146
INFO:root:93
Train: 0.27378660440444946 VAL: 0.2875553369522095
INFO:root:94
Train: 0.27453330159187317 VAL: 0.2862129807472229
INFO:root:95
Train: 0.27281877398490906 VAL: 0.2874664068222046
INFO:root:96
Train: 0.27403298020362854 VAL: 0.28502047061920166
INFO:root:97
Train: 0.27368423342704773 VAL: 0.2876720428466797
INFO:root:98
Train: 0.27319347858428955 VAL: 0.28585436940193176
INFO:root:99
Train: 0.27150386571884155 VAL: 0.28492289781570435
INFO:root:100
Train: 0.27140524983406067 VAL: 0.2846232056617737
INFO:root:101
Train: 0.27144476771354675 VAL: 0.28474605083465576
INFO:root:102
Train: 0.27065354585647583 VAL: 0.28514406085014343
INFO:root:103
Train: 0.2708193361759186 VAL: 0.2846658527851105
INFO:root:104
Train: 0.27074623107910156 VAL: 0.28573763370513916
INFO:root:105
Train: 0.2712998390197754 VAL: 0.2849156856536865
INFO:root:106
Train: 0.2714001536369324 VAL: 0.28600573539733887
INFO:root:107
Train: 0.27092331647872925 VAL: 0.2855340838432312
INFO:root:108
Train: 0.2697097063064575 VAL: 0.28662723302841187
INFO:root:109
Train: 0.2707730531692505 VAL: 0.2874913811683655
INFO:root:110
Train: 0.26915818452835083 VAL: 0.2851980924606323
INFO:root:111
Train: 0.26916539669036865 VAL: 0.2855689227581024
INFO:root:112
Train: 0.26915013790130615 VAL: 0.2857757806777954
INFO:root:113
Train: 0.26893311738967896 VAL: 0.28488826751708984
INFO:root:114
Train: 0.26902255415916443 VAL: 0.28536123037338257
INFO:root:115
Train: 0.2691003084182739 VAL: 0.28519153594970703
INFO:root:116
Train: 0.2688446342945099 VAL: 0.28576719760894775
INFO:root:117
Train: 0.26944366097450256 VAL: 0.28593286871910095
INFO:root:BEST VAL: 0.28593286871910095 TEST : 0.28440141677856445
