INFO:root:Namespace(quiet=False, run_id=None, config=None, epochs=200, fold=4, batch_size=128, learn_rate=0.001, betas=(0.9, 0.999), weight_decay=0.001, hidden_size=32, kernel_init='skew-symmetric', note='', seed=None, nlayers=1, attn_head=4, latent_dim=256, dataset='ushcn')
INFO:root:{'input_dim': 5, 'attn_head': 4, 'latent_dim': 256, 'n_layers': 1, 'device': device(type='cuda')}
INFO:root:1
Train: 3.70991587638855 VAL: 0.6262409687042236
INFO:root:2
Train: 0.9285253882408142 VAL: 0.9013696908950806
INFO:root:3
Train: 0.741759717464447 VAL: 0.49667879939079285
INFO:root:4
Train: 0.5852372050285339 VAL: 0.36454471945762634
INFO:root:5
Train: 0.4744007885456085 VAL: 0.29253560304641724
INFO:root:6
Train: 0.4031773805618286 VAL: 0.24860748648643494
INFO:root:7
Train: 0.3774475157260895 VAL: 0.2535807490348816
INFO:root:8
Train: 0.3534609377384186 VAL: 0.23825225234031677
INFO:root:9
Train: 0.3521938621997833 VAL: 0.23158998787403107
INFO:root:10
Train: 0.3365665376186371 VAL: 0.22814127802848816
INFO:root:11
Train: 0.30551862716674805 VAL: 0.23857060074806213
INFO:root:12
Train: 0.3291957378387451 VAL: 0.22091935575008392
INFO:root:13
Train: 0.3216228783130646 VAL: 0.22191204130649567
INFO:root:14
Train: 0.3285197913646698 VAL: 0.21973291039466858
INFO:root:15
Train: 0.3276662528514862 VAL: 0.22809100151062012
INFO:root:16
Train: 0.32392236590385437 VAL: 0.2452496439218521
INFO:root:17
Train: 0.32642701268196106 VAL: 0.22440528869628906
INFO:root:18
Train: 0.322957843542099 VAL: 0.21899424493312836
INFO:root:19
Train: 0.31965023279190063 VAL: 0.21868304908275604
INFO:root:20
Train: 0.33064576983451843 VAL: 0.2164309024810791
INFO:root:21
Train: 0.32438305020332336 VAL: 0.21952368319034576
INFO:root:22
Train: 0.3311331570148468 VAL: 0.21970234811306
INFO:root:23
Train: 0.33624109625816345 VAL: 0.21547837555408478
INFO:root:24
Train: 0.3240211308002472 VAL: 0.2242492288351059
INFO:root:25
Train: 0.3200320899486542 VAL: 0.2279023826122284
INFO:root:26
Train: 0.29971131682395935 VAL: 0.21792609989643097
INFO:root:27
Train: 0.3095743954181671 VAL: 0.22739043831825256
INFO:root:28
Train: 0.29823213815689087 VAL: 0.22602935135364532
INFO:root:29
Train: 0.3172595500946045 VAL: 0.21701881289482117
INFO:root:30
Train: 0.32595938444137573 VAL: 0.21852055191993713
INFO:root:31
Train: 0.32229700684547424 VAL: 0.21832235157489777
INFO:root:32
Train: 0.32491132616996765 VAL: 0.24642321467399597
INFO:root:33
Train: 0.303796648979187 VAL: 0.23776976764202118
INFO:root:34
Train: 0.3128979802131653 VAL: 0.22816689312458038
INFO:root:35
Train: 0.31291213631629944 VAL: 0.21449624001979828
INFO:root:36
Train: 0.31290483474731445 VAL: 0.22517527639865875
INFO:root:37
Train: 0.31507375836372375 VAL: 0.2161855846643448
INFO:root:38
Train: 0.3147153854370117 VAL: 0.2315811961889267
INFO:root:39
Train: 0.29575374722480774 VAL: 0.21452558040618896
INFO:root:40
Train: 0.313273549079895 VAL: 0.21708492934703827
INFO:root:41
Train: 0.3079600930213928 VAL: 0.21844196319580078
INFO:root:42
Train: 0.3155403435230255 VAL: 0.21423810720443726
INFO:root:43
Train: 0.31350815296173096 VAL: 0.2250502109527588
INFO:root:44
Train: 0.3070322871208191 VAL: 0.21683786809444427
INFO:root:45
Train: 0.3140278160572052 VAL: 0.2151217758655548
INFO:root:46
Train: 0.3122914731502533 VAL: 0.21867722272872925
INFO:root:47
Train: 0.31343865394592285 VAL: 0.21967348456382751
INFO:root:48
Train: 0.3073200285434723 VAL: 0.21586011350154877
INFO:root:49
Train: 0.2983311414718628 VAL: 0.21482621133327484
INFO:root:50
Train: 0.3141421675682068 VAL: 0.2154916226863861
INFO:root:51
Train: 0.28811466693878174 VAL: 0.21369166672229767
INFO:root:52
Train: 0.2916102111339569 VAL: 0.2184298187494278
INFO:root:53
Train: 0.28994688391685486 VAL: 0.21901756525039673
INFO:root:54
Train: 0.31121164560317993 VAL: 0.21377061307430267
INFO:root:55
Train: 0.3118390738964081 VAL: 0.23438523709774017
INFO:root:56
Train: 0.3202657699584961 VAL: 0.21307425200939178
INFO:root:57
Train: 0.30193766951560974 VAL: 0.21347911655902863
INFO:root:58
Train: 0.30810144543647766 VAL: 0.23838801681995392
INFO:root:59
Train: 0.3114970922470093 VAL: 0.21349798142910004
INFO:root:60
Train: 0.3160715401172638 VAL: 0.2137877345085144
INFO:root:61
Train: 0.306311696767807 VAL: 0.2299075871706009
INFO:root:62
Train: 0.31534677743911743 VAL: 0.2160150557756424
INFO:root:63
Train: 0.31086280941963196 VAL: 0.21273359656333923
INFO:root:64
Train: 0.3041556179523468 VAL: 0.2267715185880661
INFO:root:65
Train: 0.3015091121196747 VAL: 0.2146628499031067
INFO:root:66
Train: 0.311371773481369 VAL: 0.21355164051055908
INFO:root:67
Train: 0.31069308519363403 VAL: 0.22893692553043365
INFO:root:68
Train: 0.3148939609527588 VAL: 0.21283851563930511
INFO:root:69
Train: 0.3082641363143921 VAL: 0.2194296419620514
INFO:root:70
Train: 0.30955949425697327 VAL: 0.21348679065704346
INFO:root:71
Train: 0.2981644570827484 VAL: 0.21836796402931213
INFO:root:72
Train: 0.30766329169273376 VAL: 0.22041594982147217
INFO:root:73
Train: 0.2976560592651367 VAL: 0.21569807827472687
INFO:root:74
Train: 0.3115786612033844 VAL: 0.2131127566099167
INFO:root:75
Train: 0.31383177638053894 VAL: 0.21770203113555908
INFO:root:76
Train: 0.308467298746109 VAL: 0.2131088674068451
INFO:root:77
Train: 0.30313393473625183 VAL: 0.21614454686641693
INFO:root:78
Train: 0.3021407425403595 VAL: 0.21503959596157074
INFO:root:79
Train: 0.3117789030075073 VAL: 0.21783298254013062
INFO:root:80
Train: 0.2956900894641876 VAL: 0.214208722114563
INFO:root:81
Train: 0.30786287784576416 VAL: 0.21764394640922546
INFO:root:82
Train: 0.30565136671066284 VAL: 0.2129211276769638
INFO:root:83
Train: 0.30691424012184143 VAL: 0.21911852061748505
INFO:root:84
Train: 0.30871665477752686 VAL: 0.21728087961673737
INFO:root:85
Train: 0.2916058897972107 VAL: 0.21306589245796204
INFO:root:86
Train: 0.3039517104625702 VAL: 0.21446071565151215
INFO:root:87
Train: 0.3107666075229645 VAL: 0.22010073065757751
INFO:root:88
Train: 0.3057480752468109 VAL: 0.21264967322349548
INFO:root:89
Train: 0.30843624472618103 VAL: 0.21522437036037445
INFO:root:90
Train: 0.2899712324142456 VAL: 0.21458379924297333
INFO:root:91
Train: 0.30632081627845764 VAL: 0.21482370793819427
INFO:root:92
Train: 0.30851343274116516 VAL: 0.21660083532333374
INFO:root:93
Train: 0.2929786741733551 VAL: 0.21322950720787048
INFO:root:94
Train: 0.3069910705089569 VAL: 0.21536727249622345
INFO:root:95
Train: 0.2950902581214905 VAL: 0.21473021805286407
INFO:root:96
Train: 0.30923178791999817 VAL: 0.21364246308803558
INFO:root:97
Train: 0.2982947528362274 VAL: 0.2143787443637848
INFO:root:98
Train: 0.30006277561187744 VAL: 0.2164338082075119
INFO:root:99
Train: 0.2888812720775604 VAL: 0.21388722956180573
INFO:root:100
Train: 0.31029942631721497 VAL: 0.2140742987394333
INFO:root:101
Train: 0.3053262233734131 VAL: 0.2153022140264511
INFO:root:102
Train: 0.2967337369918823 VAL: 0.21538101136684418
INFO:root:103
Train: 0.3003635108470917 VAL: 0.2149992734193802
INFO:root:104
Train: 0.3021545708179474 VAL: 0.2131579965353012
INFO:root:105
Train: 0.30258285999298096 VAL: 0.21576133370399475
INFO:root:106
Train: 0.30697011947631836 VAL: 0.2164520025253296
INFO:root:107
Train: 0.30570507049560547 VAL: 0.21338148415088654
INFO:root:108
Train: 0.3074929118156433 VAL: 0.21356000006198883
INFO:root:109
Train: 0.3087547719478607 VAL: 0.21681413054466248
INFO:root:110
Train: 0.3024473190307617 VAL: 0.2149001657962799
INFO:root:111
Train: 0.3075800836086273 VAL: 0.2140233963727951
INFO:root:112
Train: 0.2933633625507355 VAL: 0.21494229137897491
INFO:root:113
Train: 0.3070204257965088 VAL: 0.2149336338043213
INFO:root:114
Train: 0.30677324533462524 VAL: 0.21453234553337097
INFO:root:115
Train: 0.3086158037185669 VAL: 0.214549720287323
INFO:root:116
Train: 0.3076956570148468 VAL: 0.21578261256217957
INFO:root:117
Train: 0.2994801998138428 VAL: 0.21425390243530273
INFO:root:118
Train: 0.30660340189933777 VAL: 0.21414922177791595
INFO:root:BEST VAL: 0.21414922177791595 TEST : 0.31223440170288086
