INFO:root:Namespace(quiet=False, run_id=None, config=None, epochs=200, fold=4, batch_size=128, learn_rate=0.001, betas=(0.9, 0.999), weight_decay=0.001, hidden_size=32, kernel_init='skew-symmetric', note='', seed=None, nlayers=4, attn_head=2, latent_dim=32, dataset='ushcn')
INFO:root:{'input_dim': 5, 'attn_head': 2, 'latent_dim': 32, 'n_layers': 4, 'device': device(type='cuda')}
INFO:root:1
Train: 0.734527587890625 VAL: 0.5092964768409729
INFO:root:2
Train: 0.6121077537536621 VAL: 0.44146376848220825
INFO:root:3
Train: 0.5203537344932556 VAL: 0.4006892442703247
INFO:root:4
Train: 0.4415303170681 VAL: 0.32082250714302063
INFO:root:5
Train: 0.3736969232559204 VAL: 0.29131147265434265
INFO:root:Namespace(quiet=False, run_id=None, config=None, epochs=200, fold=4, batch_size=128, learn_rate=0.001, betas=(0.9, 0.999), weight_decay=0.001, hidden_size=32, kernel_init='skew-symmetric', note='', seed=None, nlayers=4, attn_head=2, latent_dim=32, dataset='ushcn')
INFO:root:{'input_dim': 5, 'attn_head': 2, 'latent_dim': 32, 'n_layers': 4, 'device': device(type='cuda')}
INFO:root:1
Train: 0.663543164730072 VAL: 0.4750567674636841
INFO:root:2
Train: 0.5644254088401794 VAL: 0.4020760655403137
INFO:root:3
Train: 0.45514214038848877 VAL: 0.34266459941864014
INFO:root:4
Train: 0.36554384231567383 VAL: 0.25496360659599304
INFO:root:5
Train: 0.3526531159877777 VAL: 0.2551148533821106
INFO:root:6
Train: 0.33720818161964417 VAL: 0.25982236862182617
INFO:root:7
Train: 0.33352482318878174 VAL: 0.2570962607860565
INFO:root:8
Train: 0.30414220690727234 VAL: 0.25416111946105957
INFO:root:9
Train: 0.3251063823699951 VAL: 0.2534884810447693
INFO:root:10
Train: 0.3314128816127777 VAL: 0.2568152844905853
INFO:root:11
Train: 0.3221588730812073 VAL: 0.2489321380853653
INFO:root:12
Train: 0.32523998618125916 VAL: 0.24970081448554993
INFO:root:13
Train: 0.31951603293418884 VAL: 0.2481132447719574
INFO:root:14
Train: 0.3178425133228302 VAL: 0.2438463270664215
INFO:root:15
Train: 0.3090361952781677 VAL: 0.24768605828285217
INFO:root:16
Train: 0.3241520822048187 VAL: 0.2471955418586731
INFO:root:17
Train: 0.3260613679885864 VAL: 0.25085824728012085
INFO:root:18
Train: 0.3304009437561035 VAL: 0.245650053024292
INFO:root:19
Train: 0.3232804238796234 VAL: 0.24322184920310974
INFO:root:20
Train: 0.321066290140152 VAL: 0.25231534242630005
INFO:root:21
Train: 0.32094839215278625 VAL: 0.24711357057094574
INFO:root:22
Train: 0.3203292191028595 VAL: 0.24664078652858734
INFO:root:23
Train: 0.32248497009277344 VAL: 0.24173882603645325
INFO:root:24
Train: 0.32186612486839294 VAL: 0.2630241811275482
INFO:root:25
Train: 0.3085196316242218 VAL: 0.2432245910167694
INFO:root:26
Train: 0.3055607080459595 VAL: 0.24458244442939758
INFO:root:27
Train: 0.3093436062335968 VAL: 0.25584378838539124
INFO:root:28
Train: 0.3137429654598236 VAL: 0.24455133080482483
INFO:root:29
Train: 0.3104426860809326 VAL: 0.24478846788406372
INFO:root:30
Train: 0.3215871751308441 VAL: 0.2563529908657074
INFO:root:31
Train: 0.31873905658721924 VAL: 0.24374587833881378
INFO:root:32
Train: 0.31391090154647827 VAL: 0.24687820672988892
INFO:root:33
Train: 0.32623401284217834 VAL: 0.26606640219688416
INFO:root:34
Train: 0.31141573190689087 VAL: 0.26036590337753296
INFO:root:35
Train: 0.3013336956501007 VAL: 0.24431532621383667
INFO:root:36
Train: 0.32088109850883484 VAL: 0.24986863136291504
INFO:root:37
Train: 0.2889217138290405 VAL: 0.24426186084747314
INFO:root:38
Train: 0.3175419867038727 VAL: 0.24733853340148926
INFO:root:39
Train: 0.3129179775714874 VAL: 0.245045468211174
INFO:root:40
Train: 0.2976679801940918 VAL: 0.24415990710258484
INFO:root:41
Train: 0.3067381680011749 VAL: 0.24724483489990234
INFO:root:42
Train: 0.30434009432792664 VAL: 0.24509167671203613
INFO:root:43
Train: 0.31165796518325806 VAL: 0.2465720772743225
INFO:root:44
Train: 0.3078750669956207 VAL: 0.24336698651313782
INFO:root:45
Train: 0.3038586974143982 VAL: 0.24579015374183655
INFO:root:46
Train: 0.3092367947101593 VAL: 0.2439974546432495
INFO:root:47
Train: 0.28696557879447937 VAL: 0.2448834925889969
INFO:root:48
Train: 0.3124965727329254 VAL: 0.2452196180820465
INFO:root:49
Train: 0.30960536003112793 VAL: 0.2430659830570221
INFO:root:50
Train: 0.30871203541755676 VAL: 0.24585013091564178
INFO:root:51
Train: 0.31025949120521545 VAL: 0.24555721879005432
INFO:root:52
Train: 0.3111174702644348 VAL: 0.24372637271881104
INFO:root:53
Train: 0.3051976263523102 VAL: 0.24597930908203125
INFO:root:BEST VAL: 0.24597930908203125 TEST : 0.4888613522052765
INFO:root:Namespace(quiet=False, run_id=None, config=None, epochs=200, fold=4, batch_size=64, learn_rate=0.001, betas=(0.9, 0.999), weight_decay=0.001, hidden_size=32, kernel_init='skew-symmetric', note='', seed=None, nlayers=4, attn_head=2, latent_dim=32, dataset='mimiciii')
INFO:root:{'input_dim': 96, 'attn_head': 2, 'latent_dim': 32, 'n_layers': 4, 'device': device(type='cuda')}
INFO:root:1
Train: 0.5778502821922302 VAL: 0.5394399166107178
INFO:root:2
Train: 0.528928816318512 VAL: 0.47710731625556946
INFO:root:3
Train: 0.5375520586967468 VAL: 0.5511456727981567
INFO:root:4
Train: 0.5035244226455688 VAL: 0.502828061580658
INFO:root:5
Train: 0.4534979462623596 VAL: 0.4419482946395874
INFO:root:6
Train: 0.45129290223121643 VAL: 0.4256349802017212
INFO:root:7
Train: 0.4246827960014343 VAL: 0.4245871305465698
INFO:root:8
Train: 0.41612109541893005 VAL: 0.42405956983566284
INFO:root:9
Train: 0.41573482751846313 VAL: 0.4180070757865906
INFO:root:10
Train: 0.40796273946762085 VAL: 0.4244750738143921
INFO:root:11
Train: 0.40879878401756287 VAL: 0.4123470187187195
INFO:root:12
Train: 0.4063364565372467 VAL: 0.4143223166465759
INFO:root:13
Train: 0.4051838517189026 VAL: 0.40669071674346924
INFO:root:14
Train: 0.40146154165267944 VAL: 0.41414934396743774
INFO:root:15
Train: 0.40072399377822876 VAL: 0.40157651901245117
INFO:root:16
Train: 0.403568297624588 VAL: 0.40099358558654785
INFO:root:17
Train: 0.3951614499092102 VAL: 0.4117986559867859
INFO:root:18
Train: 0.3914869725704193 VAL: 0.39809122681617737
INFO:root:19
Train: 0.38458165526390076 VAL: 0.39927706122398376
INFO:root:20
Train: 0.38905659317970276 VAL: 0.3984658122062683
INFO:root:21
Train: 0.4011765420436859 VAL: 0.4079244136810303
INFO:root:22
Train: 0.4032130241394043 VAL: 0.41067391633987427
INFO:root:23
Train: 0.44550997018814087 VAL: 0.4093449115753174
INFO:root:24
Train: 0.40996670722961426 VAL: 0.4059451222419739
INFO:root:25
Train: 0.3943520188331604 VAL: 0.4015744924545288
INFO:root:26
Train: 0.38750118017196655 VAL: 0.40080899000167847
INFO:root:27
Train: 0.38239291310310364 VAL: 0.4020923376083374
INFO:root:28
Train: 0.38012972474098206 VAL: 0.40013372898101807
INFO:root:29
Train: 0.3913334310054779 VAL: 0.40151816606521606
INFO:root:30
Train: 0.38307222723960876 VAL: 0.4116516411304474
INFO:root:31
Train: 0.3768949508666992 VAL: 0.3936325013637543
INFO:root:32
Train: 0.37401098012924194 VAL: 0.39490437507629395
INFO:root:33
Train: 0.3742462396621704 VAL: 0.39477401971817017
INFO:root:34
Train: 0.3687294125556946 VAL: 0.38942986726760864
INFO:root:35
Train: 0.36629465222358704 VAL: 0.39254868030548096
INFO:root:36
Train: 0.36657002568244934 VAL: 0.3950865864753723
INFO:root:37
Train: 0.36720845103263855 VAL: 0.391131192445755
INFO:root:38
Train: 0.3681507706642151 VAL: 0.3885243237018585
INFO:root:39
Train: 0.368825227022171 VAL: 0.40555518865585327
INFO:root:40
Train: 0.37139004468917847 VAL: 0.38749873638153076
INFO:root:41
Train: 0.36630889773368835 VAL: 0.38743606209754944
INFO:root:42
Train: 0.3616069555282593 VAL: 0.39283156394958496
INFO:root:43
Train: 0.36365553736686707 VAL: 0.39118701219558716
INFO:root:44
Train: 0.36127644777297974 VAL: 0.38672763109207153
INFO:root:45
Train: 0.3603392541408539 VAL: 0.38984981179237366
INFO:root:46
Train: 0.36028769612312317 VAL: 0.386503666639328
INFO:root:47
Train: 0.35903289914131165 VAL: 0.3827214539051056
INFO:root:48
Train: 0.3539515435695648 VAL: 0.39119741320610046
INFO:root:49
Train: 0.3590640723705292 VAL: 0.3898603320121765
INFO:root:50
Train: 0.3574282228946686 VAL: 0.3848867118358612
INFO:root:51
Train: 0.3569193184375763 VAL: 0.3830185532569885
INFO:root:52
Train: 0.35757434368133545 VAL: 0.3889857828617096
INFO:root:53
Train: 0.3573322296142578 VAL: 0.3844159245491028
INFO:root:54
Train: 0.35636991262435913 VAL: 0.3802002966403961
INFO:root:55
Train: 0.35017499327659607 VAL: 0.3817968964576721
INFO:root:56
Train: 0.346429705619812 VAL: 0.3819820284843445
INFO:root:57
Train: 0.34869903326034546 VAL: 0.38323262333869934
INFO:root:58
Train: 0.3473457396030426 VAL: 0.3895663321018219
INFO:root:59
Train: 0.34591373801231384 VAL: 0.38297173380851746
INFO:root:60
Train: 0.3450365364551544 VAL: 0.38302895426750183
INFO:root:61
Train: 0.3428354859352112 VAL: 0.3886469006538391
INFO:root:62
Train: 0.34128648042678833 VAL: 0.39137744903564453
INFO:root:63
Train: 0.34506097435951233 VAL: 0.3873971104621887
INFO:root:64
Train: 0.3406718671321869 VAL: 0.379353791475296
INFO:root:65
Train: 0.3408115804195404 VAL: 0.38546186685562134
INFO:root:66
Train: 0.34061527252197266 VAL: 0.3856487572193146
INFO:root:67
Train: 0.347911536693573 VAL: 0.3849273920059204
INFO:root:68
Train: 0.3357226252555847 VAL: 0.37869736552238464
INFO:root:69
Train: 0.33438411355018616 VAL: 0.3847637474536896
INFO:root:70
Train: 0.3351385295391083 VAL: 0.3851836919784546
INFO:root:71
Train: 0.3306151330471039 VAL: 0.3907490372657776
INFO:root:72
Train: 0.32955873012542725 VAL: 0.3873419761657715
INFO:root:73
Train: 0.32902082800865173 VAL: 0.38429540395736694
INFO:root:74
Train: 0.3289622664451599 VAL: 0.3901559114456177
INFO:root:75
Train: 0.32593148946762085 VAL: 0.38540294766426086
INFO:root:76
Train: 0.3257671594619751 VAL: 0.39383208751678467
INFO:root:77
Train: 0.3246528208255768 VAL: 0.3869010806083679
INFO:root:78
Train: 0.3216339349746704 VAL: 0.3911875784397125
INFO:root:79
Train: 0.32327017188072205 VAL: 0.3846089243888855
INFO:root:80
Train: 0.31218501925468445 VAL: 0.3843877613544464
INFO:root:81
Train: 0.3087296783924103 VAL: 0.3815881609916687
INFO:root:82
Train: 0.30659419298171997 VAL: 0.38780516386032104
INFO:root:83
Train: 0.3059859871864319 VAL: 0.3870905041694641
INFO:root:84
Train: 0.3042462468147278 VAL: 0.38798630237579346
INFO:root:85
Train: 0.3035973906517029 VAL: 0.39348429441452026
INFO:root:86
Train: 0.3018065392971039 VAL: 0.3848365247249603
INFO:root:87
Train: 0.3025396466255188 VAL: 0.388522207736969
INFO:root:88
Train: 0.3039950430393219 VAL: 0.39491039514541626
INFO:root:89
Train: 0.30810296535491943 VAL: 0.38693225383758545
INFO:root:90
Train: 0.3039056658744812 VAL: 0.38548803329467773
INFO:root:91
Train: 0.29478219151496887 VAL: 0.385089635848999
INFO:root:92
Train: 0.2901588976383209 VAL: 0.3867517113685608
INFO:root:93
Train: 0.2887713611125946 VAL: 0.3876338601112366
INFO:root:94
Train: 0.29128000140190125 VAL: 0.38707172870635986
INFO:root:95
Train: 0.28827792406082153 VAL: 0.3908608555793762
INFO:root:96
Train: 0.2868571877479553 VAL: 0.39042800664901733
INFO:root:97
Train: 0.28715771436691284 VAL: 0.3943076431751251
INFO:root:98
Train: 0.287329763174057 VAL: 0.3953654170036316
