INFO:root:Namespace(quiet=False, run_id=None, config=None, epochs=200, fold=1, batch_size=64, learn_rate=0.001, betas=(0.9, 0.999), weight_decay=0.001, hidden_size=32, kernel_init='skew-symmetric', note='', seed=None, nlayers=3, attn_head=2, latent_dim=256, dataset='mimiciii')
INFO:root:{'input_dim': 96, 'attn_head': 2, 'latent_dim': 256, 'n_layers': 3, 'device': device(type='cuda')}
INFO:root:1
Train: 0.7799519896507263 VAL: 0.4685620665550232
INFO:root:2
Train: 0.46235018968582153 VAL: 0.44590747356414795
INFO:root:3
Train: 0.42657288908958435 VAL: 0.4389581084251404
INFO:root:4
Train: 0.43763676285743713 VAL: 0.43802356719970703
INFO:root:5
Train: 0.4094151258468628 VAL: 0.42217451333999634
INFO:root:6
Train: 0.4056656062602997 VAL: 0.41721388697624207
INFO:root:7
Train: 45802856.0 VAL: 16968592.0
INFO:root:8
Train: 426084.0625 VAL: 2271.56640625
INFO:root:9
Train: 2082.576416015625 VAL: 1729.46484375
INFO:root:10
Train: 3326.85205078125 VAL: 2266.392822265625
INFO:root:11
Train: 1485.1043701171875 VAL: 1039.2686767578125
INFO:root:12
Train: 953.002197265625 VAL: 748.7840576171875
INFO:root:13
Train: 753.5910034179688 VAL: 812.7403564453125
INFO:root:14
Train: 717.0174560546875 VAL: 883.320068359375
INFO:root:15
Train: 616.237548828125 VAL: 599.4818115234375
INFO:root:16
Train: 535.13330078125 VAL: 464.6493225097656
INFO:root:17
Train: 409.0568542480469 VAL: 324.7623596191406
INFO:root:18
Train: 351.4915771484375 VAL: 408.33526611328125
INFO:root:19
Train: 380.8891906738281 VAL: 291.1588134765625
INFO:root:20
Train: 293.08197021484375 VAL: 245.71409606933594
INFO:root:21
Train: 250.39198303222656 VAL: 234.87277221679688
INFO:root:22
Train: 223.79733276367188 VAL: 179.4237518310547
INFO:root:23
Train: 188.58924865722656 VAL: 179.40435791015625
INFO:root:24
Train: 179.9205322265625 VAL: 199.68441772460938
INFO:root:25
Train: 633.6763916015625 VAL: 711.697265625
INFO:root:26
Train: 565.5689697265625 VAL: 356.78411865234375
INFO:root:27
Train: 327.5376281738281 VAL: 199.61651611328125
INFO:root:28
Train: 254.97752380371094 VAL: 252.03826904296875
INFO:root:29
Train: 153.79156494140625 VAL: 137.0634765625
INFO:root:30
Train: 161.9359588623047 VAL: 174.49124145507812
INFO:root:31
Train: 146.1134490966797 VAL: 128.70208740234375
INFO:root:32
Train: 136.78118896484375 VAL: 124.3407974243164
INFO:root:33
Train: 807.2392578125 VAL: 307.91986083984375
INFO:root:34
Train: 403.0621337890625 VAL: 181.4204559326172
INFO:root:35
Train: 327.8984680175781 VAL: 197.27224731445312
INFO:root:36
Train: 284.7008361816406 VAL: 155.72677612304688
INFO:root:Namespace(quiet=False, run_id=None, config=None, epochs=200, fold=1, batch_size=64, learn_rate=0.001, betas=(0.9, 0.999), weight_decay=0.001, hidden_size=32, kernel_init='skew-symmetric', note='', seed=None, nlayers=3, attn_head=2, latent_dim=256, dataset='mimiciii')
INFO:root:{'input_dim': 96, 'attn_head': 2, 'latent_dim': 256, 'n_layers': 3, 'device': device(type='cuda')}
INFO:root:1
Train: 0.8507528305053711 VAL: 0.48406803607940674
INFO:root:2
Train: 0.47168639302253723 VAL: 0.4616345167160034
INFO:root:3
Train: 0.43741509318351746 VAL: 0.44060108065605164
INFO:root:4
Train: 0.4213133156299591 VAL: 0.44055917859077454
INFO:root:5
Train: 0.4136384427547455 VAL: 0.4316272735595703
INFO:root:6
Train: 0.41573020815849304 VAL: 0.45561927556991577
INFO:root:7
Train: 0.4081754982471466 VAL: 0.4343721270561218
INFO:root:8
Train: 0.41194626688957214 VAL: 0.49005457758903503
INFO:root:9
Train: 4523071.5 VAL: 92027.7265625
INFO:root:10
Train: 137577.953125 VAL: 16606.830078125
INFO:root:11
Train: 6186.43115234375 VAL: 545.7442626953125
INFO:root:12
Train: 376.5084533691406 VAL: 225.50845336914062
INFO:root:13
Train: 228.48831176757812 VAL: 257.8192138671875
INFO:root:14
Train: 187.26748657226562 VAL: 134.84141540527344
INFO:root:15
Train: 137.1763458251953 VAL: 111.10418701171875
INFO:root:16
Train: 114.39198303222656 VAL: 99.07637023925781
INFO:root:17
Train: 88.08618927001953 VAL: 81.4405517578125
INFO:root:18
Train: 76.70170593261719 VAL: 71.0038070678711
INFO:root:19
Train: 67.15058898925781 VAL: 75.23957061767578
INFO:root:20
Train: 68.41357421875 VAL: 59.025657653808594
INFO:root:21
Train: 62.56291198730469 VAL: 56.87263488769531
INFO:root:22
Train: 72.18958282470703 VAL: 58.790897369384766
INFO:root:23
Train: 58.37974548339844 VAL: 66.5865478515625
INFO:root:24
Train: 52.424522399902344 VAL: 80.96253967285156
INFO:root:25
Train: 43.79232406616211 VAL: 44.73259353637695
INFO:root:26
Train: 37.056339263916016 VAL: 39.14958572387695
INFO:root:27
Train: 36.060916900634766 VAL: 44.2396240234375
INFO:root:28
Train: 27.211212158203125 VAL: 32.247196197509766
INFO:root:29
Train: 27.964136123657227 VAL: 33.2029914855957
INFO:root:30
Train: 29.33088493347168 VAL: 29.127016067504883
INFO:root:Namespace(quiet=False, run_id=None, config=None, epochs=200, fold=1, batch_size=128, learn_rate=0.001, betas=(0.9, 0.999), weight_decay=0.001, hidden_size=32, kernel_init='skew-symmetric', note='', seed=None, nlayers=3, attn_head=2, latent_dim=256, dataset='ushcn')
INFO:root:{'input_dim': 5, 'attn_head': 2, 'latent_dim': 256, 'n_layers': 3, 'device': device(type='cuda')}
INFO:root:1
Train: 12.86986255645752 VAL: 0.6661767363548279
INFO:root:2
Train: 0.8881615996360779 VAL: 0.8220291137695312
INFO:root:3
Train: 0.6016861200332642 VAL: 0.6298187971115112
INFO:root:4
Train: 0.5025383830070496 VAL: 0.5226869583129883
INFO:root:5
Train: 0.5165694355964661 VAL: 0.5314284563064575
INFO:root:6
Train: 0.461320161819458 VAL: 0.4323576092720032
INFO:root:7
Train: 0.3696326017379761 VAL: 0.4209384322166443
INFO:root:8
Train: 0.3668399751186371 VAL: 0.398148775100708
INFO:root:9
Train: 0.3118153512477875 VAL: 0.38743355870246887
INFO:root:10
Train: 0.3075534403324127 VAL: 0.39728260040283203
INFO:root:11
Train: 0.36139240860939026 VAL: 0.3959158658981323
INFO:root:12
Train: 0.3133646547794342 VAL: 0.390999972820282
INFO:root:13
Train: 0.3166145086288452 VAL: 0.4107324182987213
INFO:root:14
Train: 0.3559284508228302 VAL: 0.3968373239040375
INFO:root:15
Train: 0.3013390004634857 VAL: 0.3885245621204376
INFO:root:16
Train: 0.31418466567993164 VAL: 0.3832895755767822
INFO:root:17
Train: 0.3060894310474396 VAL: 0.3833324611186981
INFO:root:18
Train: 0.35664117336273193 VAL: 0.42841047048568726
INFO:root:19
Train: 0.30737170577049255 VAL: 0.3970186114311218
INFO:root:20
Train: 0.33067992329597473 VAL: 0.3829967677593231
INFO:root:21
Train: 0.2975945770740509 VAL: 0.3761966824531555
INFO:root:22
Train: 0.29415664076805115 VAL: 0.4090191721916199
INFO:root:23
Train: 0.2993493974208832 VAL: 0.3852546811103821
INFO:root:24
Train: 0.28856316208839417 VAL: 0.3759009838104248
INFO:root:25
Train: 0.3021411597728729 VAL: 0.3912995755672455
INFO:root:26
Train: 0.34290769696235657 VAL: 0.3977420926094055
INFO:root:27
Train: 0.32780107855796814 VAL: 0.39594775438308716
INFO:root:28
Train: 0.369749516248703 VAL: 0.40848392248153687
INFO:root:29
Train: 0.3898125886917114 VAL: 0.4047921895980835
INFO:root:30
Train: 0.36007046699523926 VAL: 0.39469113945961
INFO:root:31
Train: 0.3246302604675293 VAL: 0.41593366861343384
INFO:root:32
Train: 0.31729575991630554 VAL: 0.38457146286964417
INFO:root:33
Train: 0.302990198135376 VAL: 0.37720054388046265
INFO:root:34
Train: 0.29681217670440674 VAL: 0.38742849230766296
INFO:root:35
Train: 0.2956286668777466 VAL: 0.4043496251106262
INFO:root:36
Train: 0.29227879643440247 VAL: 0.3818993866443634
INFO:root:37
Train: 0.28549036383628845 VAL: 0.38712650537490845
INFO:root:38
Train: 0.28104671835899353 VAL: 0.3743886351585388
INFO:root:39
Train: 0.28412196040153503 VAL: 0.3763859272003174
INFO:root:40
Train: 0.281473308801651 VAL: 0.3827159106731415
INFO:root:41
Train: 0.2778482735157013 VAL: 0.3830198049545288
INFO:root:42
Train: 0.27686062455177307 VAL: 0.39386487007141113
INFO:root:43
Train: 0.26011496782302856 VAL: 0.38106006383895874
INFO:root:44
Train: 0.271932452917099 VAL: 0.38086998462677
INFO:root:45
Train: 0.27473166584968567 VAL: 0.37648001313209534
INFO:root:46
Train: 0.271721214056015 VAL: 0.3757442831993103
INFO:root:47
Train: 0.27561455965042114 VAL: 0.3808794617652893
INFO:root:48
Train: 0.2740992605686188 VAL: 0.37512141466140747
INFO:root:49
Train: 0.26851239800453186 VAL: 0.3844742178916931
INFO:root:50
Train: 0.27190420031547546 VAL: 0.3758532404899597
INFO:root:51
Train: 0.2723318040370941 VAL: 0.37565141916275024
INFO:root:52
Train: 0.2727530300617218 VAL: 0.37841615080833435
INFO:root:53
Train: 0.2734481394290924 VAL: 0.37564706802368164
INFO:root:54
Train: 0.2716820240020752 VAL: 0.3778931498527527
INFO:root:55
Train: 0.2721259891986847 VAL: 0.3754836916923523
INFO:root:56
Train: 0.27216383814811707 VAL: 0.37724125385284424
INFO:root:57
Train: 0.2670052945613861 VAL: 0.3758348226547241
INFO:root:58
Train: 0.2661493122577667 VAL: 0.37449342012405396
INFO:root:59
Train: 0.2683359682559967 VAL: 0.37811386585235596
INFO:root:60
Train: 0.26737257838249207 VAL: 0.37419551610946655
INFO:root:61
Train: 0.2721608281135559 VAL: 0.3779536485671997
INFO:root:62
Train: 0.25756385922431946 VAL: 0.37580594420433044
INFO:root:63
Train: 0.2719457447528839 VAL: 0.37536826729774475
INFO:root:64
Train: 0.2707696259021759 VAL: 0.3746854066848755
INFO:root:65
Train: 0.24848449230194092 VAL: 0.3773893415927887
INFO:root:66
Train: 0.27151671051979065 VAL: 0.3737926483154297
INFO:root:67
Train: 0.2703976035118103 VAL: 0.3761466145515442
INFO:root:68
Train: 0.2666971683502197 VAL: 0.37447589635849
INFO:root:69
Train: 0.2679136097431183 VAL: 0.3751771152019501
INFO:root:70
Train: 0.2714194357395172 VAL: 0.3749673366546631
INFO:root:71
Train: 0.2656347453594208 VAL: 0.37632298469543457
INFO:root:72
Train: 0.26440343260765076 VAL: 0.37398505210876465
INFO:root:73
Train: 0.26814791560173035 VAL: 0.3770518898963928
INFO:root:74
Train: 0.2711562216281891 VAL: 0.3756791353225708
INFO:root:75
Train: 0.2711404263973236 VAL: 0.3744734525680542
INFO:root:76
Train: 0.26882973313331604 VAL: 0.375588595867157
INFO:root:77
Train: 0.2689240276813507 VAL: 0.3748956322669983
INFO:root:78
Train: 0.2704186737537384 VAL: 0.3739922046661377
INFO:root:79
Train: 0.268105685710907 VAL: 0.3746851086616516
INFO:root:80
Train: 0.2673549950122833 VAL: 0.37479275465011597
INFO:root:81
Train: 0.26767829060554504 VAL: 0.37377554178237915
INFO:root:82
Train: 0.2634924352169037 VAL: 0.3759257197380066
INFO:root:83
Train: 0.2619740068912506 VAL: 0.37424731254577637
INFO:root:84
Train: 0.26751717925071716 VAL: 0.37644994258880615
INFO:root:85
Train: 0.26662570238113403 VAL: 0.37304413318634033
INFO:root:86
Train: 0.26544249057769775 VAL: 0.3756099343299866
INFO:root:87
Train: 0.2573472261428833 VAL: 0.3754509687423706
INFO:root:88
Train: 0.2651437819004059 VAL: 0.3737298548221588
INFO:root:89
Train: 0.25959211587905884 VAL: 0.3754277229309082
INFO:root:90
Train: 0.2565915286540985 VAL: 0.37408560514450073
INFO:root:91
Train: 0.2653546929359436 VAL: 0.37365156412124634
INFO:root:92
Train: 0.26832666993141174 VAL: 0.3739587068557739
INFO:root:93
Train: 0.2621472179889679 VAL: 0.37300580739974976
INFO:root:94
Train: 0.2698986530303955 VAL: 0.374708354473114
INFO:root:95
Train: 0.26577240228652954 VAL: 0.37228089570999146
INFO:root:96
Train: 0.26545900106430054 VAL: 0.3753338158130646
INFO:root:97
Train: 0.2670719623565674 VAL: 0.37292295694351196
INFO:root:98
Train: 0.26834920048713684 VAL: 0.37275606393814087
INFO:root:99
Train: 0.26936113834381104 VAL: 0.37346822023391724
INFO:root:100
Train: 0.26495227217674255 VAL: 0.3740600347518921
INFO:root:101
Train: 0.26676568388938904 VAL: 0.3735732138156891
INFO:root:102
Train: 0.2599045932292938 VAL: 0.37345778942108154
INFO:root:103
Train: 0.2573275864124298 VAL: 0.3728766441345215
INFO:root:104
Train: 0.24904854595661163 VAL: 0.37629008293151855
INFO:root:105
Train: 0.2652410566806793 VAL: 0.37316077947616577
INFO:root:106
Train: 0.26515477895736694 VAL: 0.37386229634284973
INFO:root:107
Train: 0.26511213183403015 VAL: 0.3727608323097229
INFO:root:108
Train: 0.24385619163513184 VAL: 0.3722792863845825
INFO:root:109
Train: 0.24872757494449615 VAL: 0.37432995438575745
INFO:root:110
Train: 0.2656327486038208 VAL: 0.3738976716995239
INFO:root:111
Train: 0.25358232855796814 VAL: 0.37201303243637085
INFO:root:112
Train: 0.26458823680877686 VAL: 0.3739481270313263
INFO:root:113
Train: 0.2621746063232422 VAL: 0.37258803844451904
INFO:root:114
Train: 0.2654225528240204 VAL: 0.37281346321105957
INFO:root:115
Train: 0.2658028304576874 VAL: 0.37244629859924316
INFO:root:116
Train: 0.2661970853805542 VAL: 0.3730763792991638
INFO:root:117
Train: 0.26410114765167236 VAL: 0.37241339683532715
INFO:root:118
Train: 0.260477751493454 VAL: 0.3726031482219696
INFO:root:119
Train: 0.2656429708003998 VAL: 0.3721456527709961
INFO:root:120
Train: 0.26411131024360657 VAL: 0.3732258677482605
INFO:root:121
Train: 0.26207777857780457 VAL: 0.37198057770729065
INFO:root:122
Train: 0.24348191916942596 VAL: 0.37378835678100586
INFO:root:123
Train: 0.24652208387851715 VAL: 0.37316203117370605
INFO:root:124
Train: 0.2628139853477478 VAL: 0.3721476197242737
INFO:root:125
Train: 0.2656837999820709 VAL: 0.371754914522171
INFO:root:126
Train: 0.2618787884712219 VAL: 0.37292906641960144
INFO:root:127
Train: 0.2612617611885071 VAL: 0.37268805503845215
INFO:root:128
Train: 0.266769140958786 VAL: 0.37206095457077026
INFO:root:129
Train: 0.2626897394657135 VAL: 0.3723546862602234
INFO:root:130
Train: 0.23828233778476715 VAL: 0.37260502576828003
INFO:root:131
Train: 0.2566392421722412 VAL: 0.372893750667572
INFO:root:132
Train: 0.2645803391933441 VAL: 0.3726716935634613
INFO:root:133
Train: 0.264070600271225 VAL: 0.371690958738327
INFO:root:134
Train: 0.26521554589271545 VAL: 0.3726195693016052
INFO:root:135
Train: 0.26273468136787415 VAL: 0.3722382187843323
INFO:root:136
Train: 0.2610011100769043 VAL: 0.37194228172302246
INFO:root:137
Train: 0.2624068260192871 VAL: 0.37207287549972534
INFO:root:138
Train: 0.25929686427116394 VAL: 0.37194424867630005
INFO:root:139
Train: 0.2639792859554291 VAL: 0.3731890916824341
INFO:root:140
Train: 0.25909650325775146 VAL: 0.37262779474258423
INFO:root:141
Train: 0.26359012722969055 VAL: 0.37193891406059265
INFO:root:142
Train: 0.26245370507240295 VAL: 0.371712327003479
INFO:root:143
Train: 0.2593397796154022 VAL: 0.37244778871536255
INFO:root:144
Train: 0.2643464207649231 VAL: 0.3724745512008667
INFO:root:145
Train: 0.2613130509853363 VAL: 0.3718092739582062
INFO:root:146
Train: 0.2631680369377136 VAL: 0.3717917799949646
INFO:root:147
Train: 0.2509295344352722 VAL: 0.37238189578056335
INFO:root:148
Train: 0.2297695279121399 VAL: 0.37256714701652527
INFO:root:149
Train: 0.26394203305244446 VAL: 0.3723471164703369
INFO:root:150
Train: 0.2575817406177521 VAL: 0.3723158836364746
INFO:root:151
Train: 0.2630508840084076 VAL: 0.37241464853286743
INFO:root:152
Train: 0.24425101280212402 VAL: 0.3720684349536896
INFO:root:153
Train: 0.24691902101039886 VAL: 0.3718832731246948
INFO:root:154
Train: 0.2585180103778839 VAL: 0.3723372220993042
INFO:root:155
Train: 0.2589273452758789 VAL: 0.372555136680603
INFO:root:156
Train: 0.26190176606178284 VAL: 0.37247762084007263
INFO:root:157
Train: 0.2600202262401581 VAL: 0.372122585773468
INFO:root:158
Train: 0.2663259506225586 VAL: 0.37219923734664917
INFO:root:159
Train: 0.25897184014320374 VAL: 0.3718230724334717
INFO:root:160
Train: 0.2571433484554291 VAL: 0.3718058466911316
INFO:root:161
Train: 0.2657599151134491 VAL: 0.37205761671066284
INFO:root:162
Train: 0.2611311376094818 VAL: 0.37198522686958313
INFO:root:163
Train: 0.26712140440940857 VAL: 0.37184906005859375
INFO:root:BEST VAL: 0.37184906005859375 TEST : 0.25445225834846497
INFO:root:Namespace(quiet=False, run_id=None, config=None, epochs=200, fold=1, batch_size=64, learn_rate=0.001, betas=(0.9, 0.999), weight_decay=0.001, hidden_size=32, kernel_init='skew-symmetric', note='', seed=None, nlayers=3, attn_head=2, latent_dim=256, dataset='mimiciii')
INFO:root:{'input_dim': 96, 'attn_head': 2, 'latent_dim': 256, 'n_layers': 3, 'device': device(type='cuda')}
INFO:root:1
Train: 0.8242363929748535 VAL: 0.4994499385356903
INFO:root:2
Train: 0.46562111377716064 VAL: 0.4614734649658203
INFO:root:3
Train: 0.44533148407936096 VAL: 0.47558796405792236
INFO:root:4
Train: 0.43023374676704407 VAL: 0.44304025173187256
INFO:root:5
Train: 0.42786216735839844 VAL: 0.43059495091438293
INFO:root:6
Train: 236610.203125 VAL: 1055.9205322265625
INFO:root:7
Train: 805386432.0 VAL: 271723.9375
INFO:root:8
Train: 59813.08203125 VAL: 32524.75390625
INFO:root:9
Train: 28144.32421875 VAL: 22332.6640625
INFO:root:10
Train: 21059.0078125 VAL: 24468.44921875
INFO:root:11
Train: 17333.248046875 VAL: 10170.328125
INFO:root:12
Train: 9117.4248046875 VAL: 7772.93505859375
INFO:root:13
Train: 6365.88232421875 VAL: 6546.5498046875
INFO:root:14
Train: 4963.59130859375 VAL: 4449.3525390625
INFO:root:15
Train: 4085.133544921875 VAL: 3417.718017578125
INFO:root:16
Train: 4092.373779296875 VAL: 3645.679443359375
INFO:root:17
Train: 2626.5673828125 VAL: 3610.02685546875
INFO:root:18
Train: 2315.77001953125 VAL: 2523.68505859375
INFO:root:19
Train: 2255.888427734375 VAL: 2839.28076171875
INFO:root:20
Train: 2210.29296875 VAL: 2323.3662109375
INFO:root:21
Train: 1980.2147216796875 VAL: 1830.8203125
INFO:root:22
Train: 1886.5048828125 VAL: 1786.1446533203125
INFO:root:23
Train: 1843.94921875 VAL: 1581.4188232421875
INFO:root:24
Train: 1713.3463134765625 VAL: 1525.753662109375
INFO:root:25
Train: 1582.8157958984375 VAL: 1820.4066162109375
INFO:root:26
Train: 1576.509033203125 VAL: 2210.724365234375
INFO:root:27
Train: 1634.8800048828125 VAL: 2892.501953125
INFO:root:28
Train: 1296.5694580078125 VAL: 1286.8681640625
INFO:root:29
Train: 1164.9603271484375 VAL: 1082.525634765625
INFO:root:30
Train: 1133.3199462890625 VAL: 1561.258056640625
INFO:root:31
Train: 1218.6905517578125 VAL: 972.2816162109375
INFO:root:32
Train: 1083.486572265625 VAL: 867.6541137695312
INFO:root:33
Train: 1034.31787109375 VAL: 860.3460693359375
INFO:root:34
Train: 1134.5343017578125 VAL: 979.305908203125
INFO:root:35
Train: 1187.5821533203125 VAL: 971.865478515625
INFO:root:BEST VAL: 971.865478515625 TEST : 0.48306456208229065
