INFO:root:Namespace(quiet=False, run_id=None, config=None, epochs=200, fold=4, batch_size=64, learn_rate=0.001, betas=(0.9, 0.999), weight_decay=0.001, hidden_size=32, kernel_init='skew-symmetric', note='', seed=None, nlayers=3, attn_head=4, latent_dim=32, dataset='mimiciii')
INFO:root:{'input_dim': 96, 'attn_head': 4, 'latent_dim': 32, 'n_layers': 3, 'device': device(type='cuda')}
INFO:root:1
Train: 0.5978432297706604 VAL: 0.5514017343521118
INFO:root:2
Train: 0.5257854461669922 VAL: 0.5262896418571472
INFO:root:3
Train: 0.48935648798942566 VAL: 0.533888578414917
INFO:root:4
Train: 0.46495696902275085 VAL: 0.5250336527824402
INFO:root:5
Train: 0.4556700885295868 VAL: 0.5524715185165405
INFO:root:6
Train: 0.4430422782897949 VAL: 0.4531176686286926
INFO:root:7
Train: 0.4224199056625366 VAL: 0.45982626080513
INFO:root:8
Train: 0.41493186354637146 VAL: 0.45623791217803955
INFO:root:9
Train: 0.4073650538921356 VAL: 0.44791391491889954
INFO:root:10
Train: 0.40998604893684387 VAL: 0.4441666901111603
INFO:root:11
Train: 0.39907974004745483 VAL: 0.4394069314002991
INFO:root:12
Train: 0.4031335413455963 VAL: 0.44267237186431885
INFO:root:13
Train: 0.3924332559108734 VAL: 0.4501321017742157
INFO:root:14
Train: 0.38907766342163086 VAL: 0.4325312674045563
INFO:root:15
Train: 0.3877560496330261 VAL: 0.43289804458618164
INFO:root:16
Train: 0.3874969184398651 VAL: 0.4314523935317993
INFO:root:17
Train: 0.38455408811569214 VAL: 0.4314873218536377
INFO:root:18
Train: 0.3829721212387085 VAL: 0.42412465810775757
INFO:root:19
Train: 0.3822382986545563 VAL: 0.4276946783065796
INFO:root:20
Train: 0.377776175737381 VAL: 0.42658355832099915
INFO:root:21
Train: 0.3770267069339752 VAL: 0.43609756231307983
INFO:root:22
Train: 0.37485402822494507 VAL: 0.4234636425971985
INFO:root:23
Train: 0.37394478917121887 VAL: 0.42371803522109985
INFO:root:24
Train: 0.3734578490257263 VAL: 0.42421916127204895
INFO:root:25
Train: 0.36754822731018066 VAL: 0.42018139362335205
INFO:root:26
Train: 0.3699973523616791 VAL: 0.418093740940094
INFO:root:27
Train: 0.36670219898223877 VAL: 0.4832008481025696
INFO:root:28
Train: 0.3820939362049103 VAL: 0.42986392974853516
INFO:root:29
Train: 0.3770623505115509 VAL: 0.47180137038230896
INFO:root:30
Train: 0.3877846300601959 VAL: 0.41813185811042786
INFO:root:31
Train: 0.36890900135040283 VAL: 0.420308381319046
INFO:root:32
Train: 0.3674716055393219 VAL: 0.41366034746170044
INFO:root:33
Train: 0.3672824501991272 VAL: 0.41614294052124023
INFO:root:34
Train: 0.363343745470047 VAL: 0.4209026098251343
INFO:root:35
Train: 0.36581552028656006 VAL: 0.4220353066921234
INFO:root:36
Train: 0.36664527654647827 VAL: 0.4171436131000519
INFO:root:37
Train: 0.36478549242019653 VAL: 0.4198359549045563
INFO:root:38
Train: 0.35860776901245117 VAL: 0.4213014245033264
INFO:root:39
Train: 0.35542061924934387 VAL: 0.4185977578163147
INFO:root:40
Train: 0.35357093811035156 VAL: 0.4108535647392273
INFO:root:41
Train: 0.35300713777542114 VAL: 0.4179050922393799
INFO:root:42
Train: 0.35283350944519043 VAL: 0.4152204394340515
INFO:root:43
Train: 0.3483784794807434 VAL: 0.4227127432823181
INFO:root:44
Train: 0.3478066027164459 VAL: 0.4165818989276886
INFO:root:45
Train: 0.344671368598938 VAL: 0.4140552878379822
INFO:root:46
Train: 0.345348984003067 VAL: 0.4129171371459961
INFO:root:47
Train: 0.34375330805778503 VAL: 0.4117826223373413
INFO:root:48
Train: 0.3417453169822693 VAL: 0.4139992296695709
INFO:root:49
Train: 0.3454378545284271 VAL: 0.4292841851711273
INFO:root:50
Train: 0.35028791427612305 VAL: 0.4254307746887207
INFO:root:51
Train: 0.34650012850761414 VAL: 0.411084920167923
INFO:root:52
Train: 0.3360961973667145 VAL: 0.40889298915863037
INFO:root:53
Train: 0.33213096857070923 VAL: 0.4096294343471527
INFO:root:54
Train: 0.32975518703460693 VAL: 0.4088127017021179
INFO:root:55
Train: 0.3320392072200775 VAL: 0.4216146469116211
INFO:root:56
Train: 0.3317843973636627 VAL: 0.4140237271785736
INFO:root:57
Train: 0.32653242349624634 VAL: 0.41145798563957214
INFO:root:58
Train: 0.3247640132904053 VAL: 0.4163978099822998
INFO:root:59
Train: 0.3247193992137909 VAL: 0.4106646478176117
INFO:root:60
Train: 0.3274574875831604 VAL: 0.41254958510398865
INFO:root:61
Train: 0.3225082457065582 VAL: 0.40386247634887695
INFO:root:62
Train: 0.3189676105976105 VAL: 0.41344308853149414
INFO:root:63
Train: 0.3204211890697479 VAL: 0.41886547207832336
INFO:root:64
Train: 0.31702694296836853 VAL: 0.4204133152961731
INFO:root:65
Train: 0.3152887225151062 VAL: 0.4195443391799927
INFO:root:66
Train: 0.3124276399612427 VAL: 0.41073864698410034
INFO:root:67
Train: 0.3140767216682434 VAL: 0.4122229814529419
INFO:root:68
Train: 0.31154534220695496 VAL: 0.4304172694683075
INFO:root:69
Train: 0.3111642003059387 VAL: 0.4128681719303131
INFO:root:70
Train: 0.30675745010375977 VAL: 0.4165222644805908
INFO:root:71
Train: 0.3095083236694336 VAL: 0.42295193672180176
INFO:root:72
Train: 0.30775120854377747 VAL: 0.42042791843414307
INFO:root:73
Train: 0.3009290397167206 VAL: 0.4222434461116791
INFO:root:74
Train: 0.29437804222106934 VAL: 0.4224015772342682
INFO:root:75
Train: 0.2934403419494629 VAL: 0.42415982484817505
INFO:root:76
Train: 0.29363539814949036 VAL: 0.426245778799057
INFO:root:77
Train: 0.29170945286750793 VAL: 0.4222800135612488
INFO:root:78
Train: 0.2898418605327606 VAL: 0.43070441484451294
INFO:root:79
Train: 0.2871566116809845 VAL: 0.4314301013946533
INFO:root:80
Train: 0.2869909405708313 VAL: 0.42698293924331665
INFO:root:81
Train: 0.28846195340156555 VAL: 0.42745277285575867
INFO:root:82
Train: 0.2841387391090393 VAL: 0.4312988817691803
INFO:root:83
Train: 0.28361964225769043 VAL: 0.4359733760356903
INFO:root:84
Train: 0.27898842096328735 VAL: 0.4324630796909332
INFO:root:85
Train: 0.2777467370033264 VAL: 0.4326937198638916
INFO:root:86
Train: 0.2759113013744354 VAL: 0.43206924200057983
INFO:root:87
Train: 0.27561476826667786 VAL: 0.43055087327957153
INFO:root:88
Train: 0.27512797713279724 VAL: 0.4336170256137848
INFO:root:89
Train: 0.27452948689460754 VAL: 0.434074729681015
INFO:root:90
Train: 0.2745494246482849 VAL: 0.4437570571899414
INFO:root:91
Train: 0.27325868606567383 VAL: 0.43926671147346497
INFO:root:BEST VAL: 0.43926671147346497 TEST : 0.4003797769546509
