INFO:root:Namespace(quiet=False, run_id=None, config=None, epochs=200, fold=1, batch_size=128, learn_rate=0.001, betas=(0.9, 0.999), weight_decay=0.001, hidden_size=32, kernel_init='skew-symmetric', note='', seed=None, nlayers=2, attn_head=4, latent_dim=32, dataset='ushcn')
INFO:root:{'input_dim': 5, 'attn_head': 4, 'latent_dim': 32, 'n_layers': 2, 'device': device(type='cuda')}
INFO:root:1
Train: 0.6311952471733093 VAL: 0.5203709006309509
INFO:root:2
Train: 0.44625532627105713 VAL: 0.4194633662700653
INFO:root:3
Train: 0.3260631263256073 VAL: 0.35523977875709534
INFO:root:4
Train: 0.3011007606983185 VAL: 0.35444730520248413
INFO:root:5
Train: 0.3165307343006134 VAL: 0.35776498913764954
INFO:root:6
Train: 0.3038615882396698 VAL: 0.36016684770584106
INFO:root:7
Train: 0.31163641810417175 VAL: 0.34104764461517334
INFO:root:8
Train: 0.29453396797180176 VAL: 0.3362354636192322
INFO:root:9
Train: 0.27748903632164 VAL: 0.33997613191604614
INFO:root:10
Train: 0.28888410329818726 VAL: 0.3444150388240814
INFO:root:11
Train: 0.27440428733825684 VAL: 0.3337230682373047
INFO:root:12
Train: 0.29427793622016907 VAL: 0.34009650349617004
INFO:root:13
Train: 0.2852034270763397 VAL: 0.33656635880470276
INFO:root:14
Train: 0.29324814677238464 VAL: 0.34668993949890137
INFO:root:15
Train: 0.29951995611190796 VAL: 0.33898818492889404
INFO:root:16
Train: 0.29085972905158997 VAL: 0.33172303438186646
INFO:root:17
Train: 0.28409919142723083 VAL: 0.3392263352870941
INFO:root:18
Train: 0.2847456634044647 VAL: 0.3337922990322113
INFO:root:19
Train: 0.2882406413555145 VAL: 0.3318946659564972
INFO:root:20
Train: 0.28967517614364624 VAL: 0.33365756273269653
INFO:root:21
Train: 0.2904859185218811 VAL: 0.341860294342041
INFO:root:22
Train: 0.283608078956604 VAL: 0.331088125705719
INFO:root:23
Train: 0.2881292998790741 VAL: 0.3308674693107605
INFO:root:24
Train: 0.2872498333454132 VAL: 0.3314814269542694
INFO:root:25
Train: 0.2843383848667145 VAL: 0.3369249105453491
INFO:root:26
Train: 0.290692001581192 VAL: 0.32987314462661743
INFO:root:27
Train: 0.2811577618122101 VAL: 0.3293735980987549
INFO:root:28
Train: 0.26972392201423645 VAL: 0.33266669511795044
INFO:root:29
Train: 0.28320154547691345 VAL: 0.33344459533691406
INFO:root:30
Train: 0.27355140447616577 VAL: 0.32954519987106323
INFO:root:31
Train: 0.26877835392951965 VAL: 0.32984861731529236
INFO:root:32
Train: 0.28413164615631104 VAL: 0.3291005492210388
INFO:root:33
Train: 0.2625105082988739 VAL: 0.3317791223526001
INFO:root:34
Train: 0.2582704722881317 VAL: 0.33314356207847595
INFO:root:35
Train: 0.2801414430141449 VAL: 0.3292081654071808
INFO:root:36
Train: 0.26649418473243713 VAL: 0.3297286033630371
INFO:root:37
Train: 0.2799445688724518 VAL: 0.32898205518722534
INFO:root:38
Train: 0.2810914218425751 VAL: 0.32956206798553467
INFO:root:39
Train: 0.2712622582912445 VAL: 0.3295479118824005
INFO:root:40
Train: 0.26290228962898254 VAL: 0.3279477655887604
INFO:root:41
Train: 0.2731838524341583 VAL: 0.3345564603805542
INFO:root:42
Train: 0.2821807563304901 VAL: 0.3283535838127136
INFO:root:43
Train: 0.28293898701667786 VAL: 0.32671648263931274
INFO:root:44
Train: 0.2600669860839844 VAL: 0.33168816566467285
INFO:root:45
Train: 0.2724674642086029 VAL: 0.33032938838005066
INFO:root:46
Train: 0.2692387104034424 VAL: 0.3333394527435303
INFO:root:47
Train: 0.2796516716480255 VAL: 0.33265841007232666
INFO:root:48
Train: 0.2816968858242035 VAL: 0.3309782147407532
INFO:root:49
Train: 0.27639535069465637 VAL: 0.32932814955711365
INFO:root:50
Train: 0.2756097912788391 VAL: 0.3280624747276306
INFO:root:51
Train: 0.27354761958122253 VAL: 0.32767942547798157
INFO:root:52
Train: 0.2812354266643524 VAL: 0.3292772173881531
INFO:root:53
Train: 0.27793553471565247 VAL: 0.3296233117580414
INFO:root:54
Train: 0.27973470091819763 VAL: 0.3408553898334503
INFO:root:55
Train: 0.27842065691947937 VAL: 0.32930290699005127
INFO:root:56
Train: 0.2762990891933441 VAL: 0.32997575402259827
INFO:root:57
Train: 0.27528420090675354 VAL: 0.32746216654777527
INFO:root:58
Train: 0.2789803147315979 VAL: 0.33071526885032654
INFO:root:59
Train: 0.2625091075897217 VAL: 0.3267931640148163
INFO:root:60
Train: 0.2762473523616791 VAL: 0.32984089851379395
INFO:root:61
Train: 0.27335697412490845 VAL: 0.32730135321617126
INFO:root:62
Train: 0.27420076727867126 VAL: 0.3277491629123688
INFO:root:63
Train: 0.2672583758831024 VAL: 0.32793766260147095
INFO:root:64
Train: 0.2725341022014618 VAL: 0.32717394828796387
INFO:root:65
Train: 0.2682476341724396 VAL: 0.3319846987724304
INFO:root:66
Train: 0.27462899684906006 VAL: 0.32837948203086853
INFO:root:67
Train: 0.24929825961589813 VAL: 0.3276175856590271
INFO:root:68
Train: 0.266998827457428 VAL: 0.3281066119670868
INFO:root:69
Train: 0.2718379497528076 VAL: 0.32716935873031616
INFO:root:70
Train: 0.26359495520591736 VAL: 0.3284984827041626
INFO:root:71
Train: 0.27130094170570374 VAL: 0.32909125089645386
INFO:root:72
Train: 0.24896852672100067 VAL: 0.3276473879814148
INFO:root:73
Train: 0.27044811844825745 VAL: 0.3275773227214813
INFO:root:BEST VAL: 0.3275773227214813 TEST : 0.24795077741146088
