INFO:root:Namespace(quiet=False, run_id=None, config=None, epochs=200, fold=0, batch_size=128, learn_rate=0.001, betas=(0.9, 0.999), weight_decay=0.001, hidden_size=32, kernel_init='skew-symmetric', note='', seed=None, nlayers=3, attn_head=4, latent_dim=256, dataset='ushcn')
INFO:root:{'input_dim': 5, 'attn_head': 4, 'latent_dim': 256, 'n_layers': 3, 'device': device(type='cuda')}
INFO:root:1
Train: 10.893933296203613 VAL: 0.6834132075309753
INFO:root:2
Train: 0.7592144012451172 VAL: 0.8810829520225525
INFO:root:3
Train: 0.6171574592590332 VAL: 0.5281498432159424
INFO:root:4
Train: 0.4334971606731415 VAL: 1.1392313241958618
INFO:root:5
Train: 0.3586130142211914 VAL: 0.3217662274837494
INFO:root:6
Train: 0.34826764464378357 VAL: 0.7918304204940796
INFO:root:7
Train: 0.30441558361053467 VAL: 0.49172723293304443
INFO:root:8
Train: 0.28308889269828796 VAL: 0.46698737144470215
INFO:root:9
Train: 0.30288413166999817 VAL: 0.46024182438850403
INFO:root:10
Train: 0.2986591160297394 VAL: 0.32507434487342834
INFO:root:11
Train: 0.3030966520309448 VAL: 0.3459185063838959
INFO:root:12
Train: 0.30277904868125916 VAL: 0.3934580683708191
INFO:root:13
Train: 0.30275270342826843 VAL: 0.3576158881187439
INFO:root:14
Train: 0.2929401099681854 VAL: 0.35982832312583923
INFO:root:15
Train: 0.2913801074028015 VAL: 0.3657720386981964
INFO:root:16
Train: 0.2998338043689728 VAL: 0.3423340320587158
INFO:root:17
Train: 0.28932881355285645 VAL: 0.3580435812473297
INFO:root:18
Train: 0.2897794544696808 VAL: 0.3571036756038666
INFO:root:19
Train: 0.2865292727947235 VAL: 0.3529721200466156
INFO:root:20
Train: 0.2841249406337738 VAL: 0.35940855741500854
INFO:root:21
Train: 0.2940439283847809 VAL: 0.3654542565345764
INFO:root:22
Train: 0.2895883619785309 VAL: 0.35342103242874146
INFO:root:23
Train: 0.2917018532752991 VAL: 0.35693681240081787
INFO:root:24
Train: 0.29193946719169617 VAL: 0.375963419675827
INFO:root:25
Train: 0.29669830203056335 VAL: 0.36045536398887634
INFO:root:26
Train: 0.2918781340122223 VAL: 0.3379494547843933
INFO:root:27
Train: 0.2909614145755768 VAL: 0.3598014712333679
INFO:root:28
Train: 0.29180100560188293 VAL: 0.3615811765193939
INFO:root:29
Train: 0.2734913229942322 VAL: 0.36978834867477417
INFO:root:30
Train: 0.28935107588768005 VAL: 0.3616321086883545
INFO:root:31
Train: 0.2726590931415558 VAL: 0.356536328792572
INFO:root:32
Train: 0.27715444564819336 VAL: 0.3558465242385864
INFO:root:33
Train: 0.2803104817867279 VAL: 0.35840368270874023
INFO:root:34
Train: 0.2882729768753052 VAL: 0.35982397198677063
INFO:root:35
Train: 0.28288209438323975 VAL: 0.35784274339675903
INFO:root:BEST VAL: 0.35784274339675903 TEST : 0.20771215856075287
