INFO:root:Namespace(quiet=False, run_id=None, config=None, epochs=200, fold=4, batch_size=128, learn_rate=0.001, betas=(0.9, 0.999), weight_decay=0.001, hidden_size=32, kernel_init='skew-symmetric', note='', seed=None, nlayers=1, attn_head=1, latent_dim=128, dataset='ushcn')
INFO:root:{'input_dim': 5, 'attn_head': 1, 'latent_dim': 128, 'n_layers': 1, 'device': device(type='cuda')}
INFO:root:1
Train: 1.064975619316101 VAL: 0.6471051573753357
INFO:root:2
Train: 0.6647143959999084 VAL: 0.40584760904312134
INFO:root:3
Train: 0.5354406237602234 VAL: 0.330190509557724
INFO:root:4
Train: 0.39934155344963074 VAL: 0.2645585536956787
INFO:root:5
Train: 0.33513712882995605 VAL: 0.25522908568382263
INFO:root:6
Train: 0.3394312858581543 VAL: 0.2742764949798584
INFO:root:7
Train: 0.3432634174823761 VAL: 0.24923071265220642
INFO:root:8
Train: 0.33533117175102234 VAL: 0.25352659821510315
INFO:root:9
Train: 0.32220137119293213 VAL: 0.25423404574394226
INFO:root:10
Train: 0.329032301902771 VAL: 0.2500693202018738
INFO:root:11
Train: 0.33055540919303894 VAL: 0.2472134828567505
INFO:root:12
Train: 0.327313095331192 VAL: 0.24480479955673218
INFO:root:13
Train: 0.3240375220775604 VAL: 0.26069778203964233
INFO:root:14
Train: 0.3253394365310669 VAL: 0.2422272264957428
INFO:root:15
Train: 0.32496681809425354 VAL: 0.2500445544719696
INFO:root:16
Train: 0.3171161711215973 VAL: 0.24071593582630157
INFO:root:17
Train: 0.31814315915107727 VAL: 0.24097484350204468
INFO:root:18
Train: 0.3244401812553406 VAL: 0.2763158082962036
INFO:root:19
Train: 0.31218379735946655 VAL: 0.2601434588432312
INFO:root:20
Train: 0.3278020918369293 VAL: 0.24609555304050446
INFO:root:21
Train: 0.32656875252723694 VAL: 0.24194654822349548
INFO:root:22
Train: 0.3178672790527344 VAL: 0.24800853431224823
INFO:root:23
Train: 0.32053670287132263 VAL: 0.24883678555488586
INFO:root:24
Train: 0.3025910556316376 VAL: 0.24693205952644348
INFO:root:25
Train: 0.3122873604297638 VAL: 0.24305342137813568
INFO:root:Namespace(quiet=False, run_id=None, config=None, epochs=200, fold=4, batch_size=128, learn_rate=0.001, betas=(0.9, 0.999), weight_decay=0.001, hidden_size=32, kernel_init='skew-symmetric', note='', seed=None, nlayers=1, attn_head=1, latent_dim=128, dataset='ushcn')
INFO:root:{'input_dim': 5, 'attn_head': 1, 'latent_dim': 128, 'n_layers': 1, 'device': device(type='cuda')}
INFO:root:1
Train: 1.093686819076538 VAL: 0.45784738659858704
INFO:root:2
Train: 0.6245425343513489 VAL: 0.3808155357837677
INFO:root:3
Train: 0.5040768384933472 VAL: 0.33265724778175354
INFO:root:4
Train: 0.4458779990673065 VAL: 0.2786393165588379
INFO:root:5
Train: 0.3936710059642792 VAL: 0.2936169505119324
INFO:root:6
Train: 0.36270570755004883 VAL: 0.2578297257423401
INFO:root:7
Train: 0.34665384888648987 VAL: 0.26834824681282043
INFO:root:8
Train: 0.33717846870422363 VAL: 0.26298287510871887
INFO:root:9
Train: 0.33615514636039734 VAL: 0.2552609145641327
INFO:root:10
Train: 0.33754658699035645 VAL: 0.2604635953903198
INFO:root:11
Train: 0.32853683829307556 VAL: 0.2536720037460327
INFO:root:12
Train: 0.3291456997394562 VAL: 0.25208622217178345
INFO:root:13
Train: 0.3284054100513458 VAL: 0.24500469863414764
INFO:root:14
Train: 0.32607969641685486 VAL: 0.24519750475883484
INFO:root:15
Train: 0.328708678483963 VAL: 0.25743407011032104
INFO:root:16
Train: 0.32524287700653076 VAL: 0.2506565451622009
INFO:root:17
Train: 0.3112342655658722 VAL: 0.2459583729505539
INFO:root:18
Train: 0.32487159967422485 VAL: 0.24317264556884766
INFO:root:19
Train: 0.31879326701164246 VAL: 0.2444240301847458
INFO:root:20
Train: 0.3248915374279022 VAL: 0.2526993453502655
INFO:root:21
Train: 0.31268778443336487 VAL: 0.2531929612159729
INFO:root:22
Train: 0.32279691100120544 VAL: 0.24917249381542206
INFO:root:23
Train: 0.30858227610588074 VAL: 0.24015972018241882
INFO:root:24
Train: 0.32505112886428833 VAL: 0.2418823540210724
INFO:root:25
Train: 0.3236533999443054 VAL: 0.24317096173763275
INFO:root:26
Train: 0.31835684180259705 VAL: 0.24106350541114807
INFO:root:27
Train: 0.3211945593357086 VAL: 0.2402401864528656
INFO:root:28
Train: 0.30827948451042175 VAL: 0.24806787073612213
INFO:root:29
Train: 0.32038015127182007 VAL: 0.2618410587310791
INFO:root:30
Train: 0.323564738035202 VAL: 0.24970239400863647
INFO:root:31
Train: 0.31625011563301086 VAL: 0.2593075633049011
INFO:root:32
Train: 0.32168349623680115 VAL: 0.24764183163642883
INFO:root:33
Train: 0.3202493190765381 VAL: 0.24635809659957886
INFO:root:34
Train: 0.31644201278686523 VAL: 0.2552606165409088
INFO:root:35
Train: 0.2955074608325958 VAL: 0.23989513516426086
INFO:root:36
Train: 0.2985565960407257 VAL: 0.24717365205287933
INFO:root:37
Train: 0.30729803442955017 VAL: 0.2433275580406189
INFO:root:38
Train: 0.2917007505893707 VAL: 0.24270467460155487
INFO:root:39
Train: 0.30506110191345215 VAL: 0.2397020161151886
INFO:root:40
Train: 0.31605255603790283 VAL: 0.2514615058898926
INFO:root:41
Train: 0.30698373913764954 VAL: 0.2446608543395996
INFO:root:42
Train: 0.3133552372455597 VAL: 0.2578974962234497
INFO:root:43
Train: 0.31462061405181885 VAL: 0.2418947070837021
INFO:root:44
Train: 0.3103122115135193 VAL: 0.24215827882289886
INFO:root:45
Train: 0.31609657406806946 VAL: 0.24838358163833618
INFO:root:46
Train: 0.31366661190986633 VAL: 0.2409614622592926
INFO:root:47
Train: 0.31483596563339233 VAL: 0.24463802576065063
INFO:root:48
Train: 0.3145349323749542 VAL: 0.24967500567436218
INFO:root:49
Train: 0.3115059733390808 VAL: 0.24555101990699768
INFO:root:50
Train: 0.29613861441612244 VAL: 0.2388259768486023
INFO:root:51
Train: 0.3132718503475189 VAL: 0.24456289410591125
INFO:root:52
Train: 0.31239941716194153 VAL: 0.24168621003627777
INFO:root:53
Train: 0.31951332092285156 VAL: 0.2522892653942108
INFO:root:54
Train: 0.3167547285556793 VAL: 0.24463312327861786
INFO:root:55
Train: 0.31547683477401733 VAL: 0.24171175062656403
INFO:root:56
Train: 0.32059165835380554 VAL: 0.23823411762714386
INFO:root:57
Train: 0.2760264277458191 VAL: 0.2528635561466217
INFO:root:58
Train: 0.31823447346687317 VAL: 0.24755226075649261
INFO:root:59
Train: 0.31497922539711 VAL: 0.2392154484987259
INFO:root:60
Train: 0.3087543249130249 VAL: 0.24974435567855835
INFO:root:61
Train: 0.3030795454978943 VAL: 0.23806804418563843
INFO:root:62
Train: 0.3167874813079834 VAL: 0.23931290209293365
INFO:root:63
Train: 0.3069305717945099 VAL: 0.25759151577949524
INFO:root:64
Train: 0.3227127194404602 VAL: 0.24511930346488953
INFO:root:65
Train: 0.3195295035839081 VAL: 0.23779988288879395
INFO:root:66
Train: 0.311794638633728 VAL: 0.2472408264875412
INFO:root:67
Train: 0.3248249590396881 VAL: 0.2603275179862976
INFO:root:68
Train: 0.2933519184589386 VAL: 0.24064837396144867
INFO:root:69
Train: 0.3033469021320343 VAL: 0.23825183510780334
INFO:root:70
Train: 0.3109205663204193 VAL: 0.2539321482181549
INFO:root:71
Train: 0.2991522550582886 VAL: 0.24794220924377441
INFO:root:72
Train: 0.31327226758003235 VAL: 0.24050281941890717
INFO:root:73
Train: 0.31704220175743103 VAL: 0.24993227422237396
INFO:root:74
Train: 0.31070899963378906 VAL: 0.2418101578950882
INFO:root:75
Train: 0.3118823766708374 VAL: 0.23943473398685455
INFO:root:76
Train: 0.3119349181652069 VAL: 0.2542630434036255
INFO:root:77
Train: 0.3115245997905731 VAL: 0.24001222848892212
INFO:root:78
Train: 0.3058112561702728 VAL: 0.2430804967880249
INFO:root:79
Train: 0.3156698942184448 VAL: 0.2400989532470703
INFO:root:80
Train: 0.30834653973579407 VAL: 0.24233029782772064
INFO:root:81
Train: 0.30114781856536865 VAL: 0.23903441429138184
INFO:root:82
Train: 0.3117333948612213 VAL: 0.24472245573997498
INFO:root:83
Train: 0.2984027564525604 VAL: 0.23970377445220947
INFO:root:84
Train: 0.2908424437046051 VAL: 0.2431996613740921
INFO:root:85
Train: 0.31067970395088196 VAL: 0.24033866822719574
INFO:root:86
Train: 0.31040456891059875 VAL: 0.2423517405986786
INFO:root:87
Train: 0.3026421368122101 VAL: 0.24062196910381317
INFO:root:88
Train: 0.2999727129936218 VAL: 0.24116502702236176
INFO:root:89
Train: 0.3072163164615631 VAL: 0.2402779757976532
INFO:root:90
Train: 0.31137722730636597 VAL: 0.24147284030914307
INFO:root:91
Train: 0.29471445083618164 VAL: 0.2430328130722046
INFO:root:92
Train: 0.2986573874950409 VAL: 0.23894768953323364
INFO:root:93
Train: 0.3096727430820465 VAL: 0.2448737919330597
INFO:root:94
Train: 0.3086813688278198 VAL: 0.23936274647712708
INFO:root:95
Train: 0.29920414090156555 VAL: 0.24024434387683868
INFO:root:BEST VAL: 0.24024434387683868 TEST : 0.245136559009552
INFO:root:Namespace(quiet=False, run_id=None, config=None, epochs=200, fold=4, batch_size=64, learn_rate=0.001, betas=(0.9, 0.999), weight_decay=0.001, hidden_size=32, kernel_init='skew-symmetric', note='', seed=None, nlayers=1, attn_head=1, latent_dim=128, dataset='mimiciv')
INFO:root:{'input_dim': 100, 'attn_head': 1, 'latent_dim': 128, 'n_layers': 1, 'device': device(type='cuda')}
INFO:root:1
Train: 0.34382951259613037 VAL: 0.2963263690471649
INFO:root:2
Train: 0.2783336043357849 VAL: 0.2866305708885193
INFO:root:3
Train: 0.266947478055954 VAL: 0.26520711183547974
INFO:root:4
Train: 0.2587021589279175 VAL: 0.26049256324768066
INFO:root:5
Train: 0.2555820643901825 VAL: 0.26311537623405457
INFO:root:6
Train: 0.2545085549354553 VAL: 0.25782305002212524
INFO:root:7
Train: 0.25277411937713623 VAL: 0.2578514516353607
INFO:root:8
Train: 0.2516639232635498 VAL: 0.2627553939819336
INFO:root:9
Train: 0.24708569049835205 VAL: 0.251630961894989
INFO:root:10
Train: 0.24898014962673187 VAL: 0.253030925989151
INFO:root:11
Train: 0.24479880928993225 VAL: 0.256481409072876
INFO:root:12
Train: 0.24620744585990906 VAL: 0.25028225779533386
INFO:root:13
Train: 0.2425907701253891 VAL: 0.2504223585128784
INFO:root:14
Train: 0.24447587132453918 VAL: 0.24483728408813477
INFO:root:15
Train: 0.2406085729598999 VAL: 0.24589145183563232
INFO:root:16
Train: 0.23965398967266083 VAL: 0.2488272339105606
INFO:root:17
Train: 0.24016109108924866 VAL: 0.246812641620636
INFO:root:18
Train: 0.23927482962608337 VAL: 0.24508346617221832
INFO:root:19
Train: 0.2359451949596405 VAL: 0.25764673948287964
INFO:root:20
Train: 0.23801542818546295 VAL: 0.24135282635688782
INFO:root:21
Train: 0.2350223958492279 VAL: 0.24498885869979858
INFO:root:22
Train: 0.2359282672405243 VAL: 0.2530632019042969
INFO:root:23
Train: 0.23605838418006897 VAL: 0.24361173808574677
INFO:root:24
Train: 0.2342408150434494 VAL: 0.24799111485481262
INFO:root:25
Train: 0.23177142441272736 VAL: 0.24948915839195251
INFO:root:26
Train: 0.23319557309150696 VAL: 0.24797779321670532
INFO:root:27
Train: 0.23222839832305908 VAL: 0.2415347695350647
INFO:root:28
Train: 0.23240011930465698 VAL: 0.24174459278583527
INFO:root:29
Train: 0.2319505661725998 VAL: 0.24144500494003296
INFO:root:30
Train: 0.23106060922145844 VAL: 0.24317559599876404
INFO:root:31
Train: 0.23040388524532318 VAL: 0.23891837894916534
INFO:root:32
Train: 0.22945895791053772 VAL: 0.24095454812049866
INFO:root:33
Train: 0.22982323169708252 VAL: 0.24110160768032074
INFO:root:34
Train: 0.22956036031246185 VAL: 0.24082662165164948
INFO:root:35
Train: 0.2286953330039978 VAL: 0.24156782031059265
INFO:root:36
Train: 0.22779232263565063 VAL: 0.24303317070007324
INFO:root:37
Train: 0.2274177223443985 VAL: 0.2430095076560974
INFO:root:38
Train: 0.22734665870666504 VAL: 0.24647152423858643
INFO:root:39
Train: 0.22664256393909454 VAL: 0.241289883852005
INFO:root:40
Train: 0.22666014730930328 VAL: 0.24318066239356995
INFO:root:41
Train: 0.22453227639198303 VAL: 0.24046818912029266
INFO:root:42
Train: 0.22433803975582123 VAL: 0.24463260173797607
INFO:root:43
Train: 0.21985477209091187 VAL: 0.23940785229206085
INFO:root:44
Train: 0.21986569464206696 VAL: 0.2391926795244217
INFO:root:45
Train: 0.21684926748275757 VAL: 0.24270647764205933
INFO:root:46
Train: 0.21758417785167694 VAL: 0.24297019839286804
INFO:root:47
Train: 0.21557152271270752 VAL: 0.24331986904144287
INFO:root:48
Train: 0.2158312052488327 VAL: 0.24370354413986206
INFO:root:49
Train: 0.21524196863174438 VAL: 0.24385087192058563
INFO:root:50
Train: 0.21433524787425995 VAL: 0.24012109637260437
INFO:root:51
Train: 0.2131950408220291 VAL: 0.2434675395488739
INFO:root:52
Train: 0.21317312121391296 VAL: 0.24364247918128967
INFO:root:53
Train: 0.2123507559299469 VAL: 0.24555596709251404
INFO:root:54
Train: 0.20807009935379028 VAL: 0.24199533462524414
INFO:root:55
Train: 0.2069837599992752 VAL: 0.2439378947019577
INFO:root:56
Train: 0.20552466809749603 VAL: 0.2440134882926941
INFO:root:57
Train: 0.20586459338665009 VAL: 0.24322013556957245
INFO:root:58
Train: 0.20541232824325562 VAL: 0.24217556416988373
INFO:root:59
Train: 0.20432217419147491 VAL: 0.24117690324783325
INFO:root:60
Train: 0.20370891690254211 VAL: 0.24469169974327087
INFO:root:61
Train: 0.20273374021053314 VAL: 0.24436795711517334
INFO:root:BEST VAL: 0.24436795711517334 TEST : 0.23480622470378876
