INFO:root:Namespace(quiet=False, run_id=None, config=None, epochs=200, fold=1, batch_size=128, learn_rate=0.001, betas=(0.9, 0.999), weight_decay=0.001, hidden_size=32, kernel_init='skew-symmetric', note='', seed=None, nlayers=3, attn_head=1, latent_dim=128, dataset='ushcn')
INFO:root:{'input_dim': 5, 'attn_head': 1, 'latent_dim': 128, 'n_layers': 3, 'device': device(type='cuda')}
INFO:root:1
Train: 1.8524669408798218 VAL: 0.683066725730896
INFO:root:2
Train: 0.6250032782554626 VAL: 0.6015720367431641
INFO:root:3
Train: 0.48901692032814026 VAL: 0.4729417562484741
INFO:root:4
Train: 0.3708941638469696 VAL: 0.4077921509742737
INFO:root:5
Train: 0.3305761516094208 VAL: 0.3977547883987427
INFO:root:6
Train: 0.3063788115978241 VAL: 0.4034839868545532
INFO:root:7
Train: 0.30504122376441956 VAL: 0.38983970880508423
INFO:root:8
Train: 0.2902710437774658 VAL: 0.38942015171051025
INFO:root:9
Train: 0.3083859384059906 VAL: 0.37826377153396606
INFO:root:10
Train: 0.2875395715236664 VAL: 0.3749672472476959
INFO:root:11
Train: 0.30435317754745483 VAL: 0.3985911011695862
INFO:root:12
Train: 0.32933902740478516 VAL: 0.3945276737213135
INFO:root:13
Train: 0.3200536072254181 VAL: 0.3789772689342499
INFO:root:14
Train: 0.31772616505622864 VAL: 0.42104747891426086
INFO:root:15
Train: 0.3583908975124359 VAL: 0.41169053316116333
INFO:root:16
Train: 0.3145401179790497 VAL: 0.3951307535171509
INFO:root:17
Train: 0.2788810729980469 VAL: 0.37972527742385864
INFO:root:18
Train: 0.2816791236400604 VAL: 0.37912511825561523
INFO:root:19
Train: 0.2904561161994934 VAL: 0.39237913489341736
INFO:root:20
Train: 0.3115219473838806 VAL: 0.39707133173942566
INFO:root:21
Train: 0.2705301344394684 VAL: 0.38402286171913147
INFO:root:22
Train: 0.3095676898956299 VAL: 0.3833502233028412
INFO:root:23
Train: 0.2911199629306793 VAL: 0.3820071220397949
INFO:root:24
Train: 0.2675555348396301 VAL: 0.3811240494251251
INFO:root:25
Train: 0.28654617071151733 VAL: 0.380628377199173
INFO:root:26
Train: 0.2847668528556824 VAL: 0.3758118450641632
INFO:root:27
Train: 0.2798575162887573 VAL: 0.3781057894229889
INFO:root:28
Train: 0.2820294201374054 VAL: 0.3802160918712616
INFO:root:29
Train: 0.28408995270729065 VAL: 0.3749295771121979
INFO:root:30
Train: 0.27046141028404236 VAL: 0.3760254383087158
INFO:root:31
Train: 0.27709031105041504 VAL: 0.37876853346824646
INFO:root:32
Train: 0.2805534899234772 VAL: 0.37745702266693115
INFO:root:33
Train: 0.2652800381183624 VAL: 0.3784604072570801
INFO:root:34
Train: 0.2768113911151886 VAL: 0.3788191080093384
INFO:root:35
Train: 0.2664053738117218 VAL: 0.3779572546482086
INFO:root:Namespace(quiet=False, run_id=None, config=None, epochs=200, fold=1, batch_size=128, learn_rate=0.001, betas=(0.9, 0.999), weight_decay=0.001, hidden_size=32, kernel_init='skew-symmetric', note='', seed=None, nlayers=3, attn_head=1, latent_dim=128, dataset='ushcn')
INFO:root:{'input_dim': 5, 'attn_head': 1, 'latent_dim': 128, 'n_layers': 3, 'device': device(type='cuda')}
INFO:root:1
Train: 1.9604216814041138 VAL: 0.791118860244751
INFO:root:2
Train: 0.6133114695549011 VAL: 0.5762205123901367
INFO:root:3
Train: 0.4450635612010956 VAL: 0.49851661920547485
INFO:root:4
Train: 0.41665396094322205 VAL: 0.42875200510025024
INFO:root:5
Train: 0.32357367873191833 VAL: 0.4050123393535614
INFO:root:6
Train: 0.33490970730781555 VAL: 0.3989744186401367
INFO:root:7
Train: 0.3508548438549042 VAL: 0.47387996315956116
INFO:root:8
Train: 0.3186032176017761 VAL: 0.4202561378479004
INFO:root:9
Train: 0.382098525762558 VAL: 0.4089307188987732
INFO:root:10
Train: 0.35424748063087463 VAL: 0.4040635824203491
INFO:root:11
Train: 0.3133145570755005 VAL: 0.37611615657806396
INFO:root:12
Train: 0.2878779172897339 VAL: 0.383851557970047
INFO:root:13
Train: 0.28030893206596375 VAL: 0.38069289922714233
INFO:root:14
Train: 0.28272077441215515 VAL: 0.38886651396751404
INFO:root:15
Train: 0.28660252690315247 VAL: 0.38196587562561035
INFO:root:16
Train: 0.2870873212814331 VAL: 0.38473039865493774
INFO:root:17
Train: 0.3005397319793701 VAL: 0.38742202520370483
INFO:root:18
Train: 0.2755148708820343 VAL: 0.3794516921043396
INFO:root:19
Train: 0.28567299246788025 VAL: 0.3940008282661438
INFO:root:20
Train: 0.31794002652168274 VAL: 0.3863289952278137
INFO:root:21
Train: 0.2826057970523834 VAL: 0.3769457936286926
INFO:root:22
Train: 0.262742817401886 VAL: 0.3782953917980194
INFO:root:23
Train: 0.28372451663017273 VAL: 0.38019078969955444
INFO:root:24
Train: 0.27368685603141785 VAL: 0.3794007897377014
INFO:root:25
Train: 0.2794357240200043 VAL: 0.3779405355453491
INFO:root:26
Train: 0.26490017771720886 VAL: 0.3778344392776489
INFO:root:27
Train: 0.27404189109802246 VAL: 0.37381771206855774
INFO:root:28
Train: 0.2572133541107178 VAL: 0.3847191631793976
INFO:root:29
Train: 0.2732635736465454 VAL: 0.3752948045730591
INFO:root:30
Train: 0.2754921019077301 VAL: 0.37800925970077515
INFO:root:31
Train: 0.2654186487197876 VAL: 0.37555575370788574
INFO:root:32
Train: 0.25444549322128296 VAL: 0.3820006251335144
INFO:root:33
Train: 0.27204176783561707 VAL: 0.3744552433490753
INFO:root:34
Train: 0.2704063355922699 VAL: 0.37544548511505127
INFO:root:35
Train: 0.2716027498245239 VAL: 0.3765564560890198
INFO:root:36
Train: 0.270891010761261 VAL: 0.37417465448379517
INFO:root:37
Train: 0.2704165279865265 VAL: 0.3792729377746582
INFO:root:38
Train: 0.2723929286003113 VAL: 0.3793623447418213
INFO:root:39
Train: 0.2732034921646118 VAL: 0.3751012682914734
INFO:root:40
Train: 0.258782297372818 VAL: 0.3763394355773926
INFO:root:41
Train: 0.2715936303138733 VAL: 0.37372201681137085
INFO:root:42
Train: 0.2704370617866516 VAL: 0.3764879107475281
INFO:root:43
Train: 0.26563313603401184 VAL: 0.37651801109313965
INFO:root:44
Train: 0.24694176018238068 VAL: 0.3750680088996887
INFO:root:45
Train: 0.26317930221557617 VAL: 0.37595945596694946
INFO:root:46
Train: 0.25936755537986755 VAL: 0.375801146030426
INFO:root:47
Train: 0.2580925226211548 VAL: 0.3760795593261719
INFO:root:48
Train: 0.257490336894989 VAL: 0.37425723671913147
INFO:root:49
Train: 0.2697437107563019 VAL: 0.37719428539276123
INFO:root:50
Train: 0.26558858156204224 VAL: 0.3751440644264221
INFO:root:51
Train: 0.259960800409317 VAL: 0.3749169111251831
INFO:root:52
Train: 0.2640998065471649 VAL: 0.3745929002761841
INFO:root:53
Train: 0.26956796646118164 VAL: 0.3748948276042938
INFO:root:54
Train: 0.26674607396125793 VAL: 0.37368297576904297
INFO:root:55
Train: 0.2668738067150116 VAL: 0.3762585520744324
INFO:root:56
Train: 0.26764458417892456 VAL: 0.37356486916542053
INFO:root:57
Train: 0.26637694239616394 VAL: 0.37692034244537354
INFO:root:58
Train: 0.24545831978321075 VAL: 0.3734808564186096
INFO:root:59
Train: 0.2650280296802521 VAL: 0.37491554021835327
INFO:root:60
Train: 0.26768070459365845 VAL: 0.37339457869529724
INFO:root:61
Train: 0.26851049065589905 VAL: 0.3763018250465393
INFO:root:62
Train: 0.2683658003807068 VAL: 0.37346524000167847
INFO:root:63
Train: 0.26938503980636597 VAL: 0.3742949962615967
INFO:root:64
Train: 0.26992034912109375 VAL: 0.3749197721481323
INFO:root:65
Train: 0.26990917325019836 VAL: 0.3733689486980438
INFO:root:66
Train: 0.24676354229450226 VAL: 0.37586942315101624
INFO:root:67
Train: 0.26911500096321106 VAL: 0.3736414611339569
INFO:root:68
Train: 0.2455165833234787 VAL: 0.37398603558540344
INFO:root:69
Train: 0.26720815896987915 VAL: 0.37616777420043945
INFO:root:70
Train: 0.2599591314792633 VAL: 0.3728746175765991
INFO:root:71
Train: 0.26553794741630554 VAL: 0.3749143183231354
INFO:root:72
Train: 0.27044907212257385 VAL: 0.37382662296295166
INFO:root:73
Train: 0.2668566405773163 VAL: 0.3726937174797058
INFO:root:74
Train: 0.2570509612560272 VAL: 0.3771797716617584
INFO:root:75
Train: 0.26875078678131104 VAL: 0.3725264370441437
INFO:root:76
Train: 0.26706528663635254 VAL: 0.3741692900657654
INFO:root:77
Train: 0.2693793475627899 VAL: 0.3730224370956421
INFO:root:78
Train: 0.2654557228088379 VAL: 0.3738950192928314
INFO:root:79
Train: 0.2653258144855499 VAL: 0.3729400038719177
INFO:root:80
Train: 0.26060113310813904 VAL: 0.37367430329322815
INFO:root:81
Train: 0.2646484076976776 VAL: 0.3738776445388794
INFO:root:82
Train: 0.24614162743091583 VAL: 0.3734400272369385
INFO:root:83
Train: 0.265971302986145 VAL: 0.37539494037628174
INFO:root:84
Train: 0.2629391849040985 VAL: 0.3731863498687744
INFO:root:85
Train: 0.26442989706993103 VAL: 0.3732820749282837
INFO:root:86
Train: 0.2694754898548126 VAL: 0.3734820485115051
INFO:root:87
Train: 0.26663899421691895 VAL: 0.3734985589981079
INFO:root:88
Train: 0.2685738503932953 VAL: 0.3733483850955963
INFO:root:89
Train: 0.26863816380500793 VAL: 0.3731016218662262
INFO:root:90
Train: 0.2624030113220215 VAL: 0.37366050481796265
INFO:root:91
Train: 0.26576048135757446 VAL: 0.3729141354560852
INFO:root:Namespace(quiet=False, run_id=None, config=None, epochs=200, fold=1, batch_size=128, learn_rate=0.001, betas=(0.9, 0.999), weight_decay=0.001, hidden_size=32, kernel_init='skew-symmetric', note='', seed=None, nlayers=3, attn_head=1, latent_dim=128, dataset='ushcn')
INFO:root:{'input_dim': 5, 'attn_head': 1, 'latent_dim': 128, 'n_layers': 3, 'device': device(type='cuda')}
INFO:root:1
Train: 1.8545011281967163 VAL: 0.7861871719360352
INFO:root:2
Train: 0.632154107093811 VAL: 0.5858637094497681
INFO:root:3
Train: 0.4930618703365326 VAL: 0.5291979312896729
INFO:root:4
Train: 0.4386131763458252 VAL: 0.3902025818824768
INFO:root:5
Train: 0.34695789217948914 VAL: 0.43350207805633545
INFO:root:6
Train: 0.4027620255947113 VAL: 0.43222442269325256
INFO:root:7
Train: 0.39614737033843994 VAL: 0.4181833863258362
INFO:root:8
Train: 0.3942504823207855 VAL: 0.4431280195713043
INFO:root:9
Train: 0.38519391417503357 VAL: 0.4035855233669281
INFO:root:10
Train: 0.35376837849617004 VAL: 0.3914111256599426
INFO:root:11
Train: 0.360515832901001 VAL: 0.3876749277114868
INFO:root:12
Train: 0.3505890369415283 VAL: 0.3936670422554016
INFO:root:13
Train: 0.318014532327652 VAL: 0.3757009208202362
INFO:root:14
Train: 0.30587950348854065 VAL: 0.38115739822387695
INFO:root:15
Train: 0.30886155366897583 VAL: 0.38663119077682495
INFO:root:16
Train: 0.29162031412124634 VAL: 0.38650816679000854
INFO:root:17
Train: 0.2927035987377167 VAL: 0.3846868574619293
INFO:root:18
Train: 0.28954726457595825 VAL: 0.37601929903030396
INFO:root:19
Train: 0.2686019837856293 VAL: 0.37430447340011597
INFO:root:20
Train: 0.28041014075279236 VAL: 0.3723765015602112
INFO:root:21
Train: 0.28045281767845154 VAL: 0.37323278188705444
INFO:root:22
Train: 0.285612016916275 VAL: 0.39465630054473877
INFO:root:23
Train: 0.2881792485713959 VAL: 0.3839482069015503
INFO:root:24
Train: 0.27402085065841675 VAL: 0.3733988404273987
INFO:root:25
Train: 0.27671879529953003 VAL: 0.3759632110595703
INFO:root:26
Train: 0.2723865509033203 VAL: 0.3811386525630951
INFO:root:27
Train: 0.27705249190330505 VAL: 0.3793015778064728
INFO:root:28
Train: 0.2765561640262604 VAL: 0.3843773603439331
INFO:root:29
Train: 0.2751205265522003 VAL: 0.37675711512565613
INFO:root:30
Train: 0.2791016101837158 VAL: 0.3746784031391144
INFO:root:31
Train: 0.2764013409614563 VAL: 0.378467321395874
INFO:root:32
Train: 0.2754315435886383 VAL: 0.37189334630966187
INFO:root:33
Train: 0.2761135995388031 VAL: 0.37089359760284424
INFO:root:34
Train: 0.27669283747673035 VAL: 0.37166574597358704
INFO:root:35
Train: 0.2635685205459595 VAL: 0.37001967430114746
INFO:root:36
Train: 0.27000075578689575 VAL: 0.37332838773727417
INFO:root:37
Train: 0.23982477188110352 VAL: 0.37107694149017334
INFO:root:38
Train: 0.274278849363327 VAL: 0.3783634901046753
INFO:root:39
Train: 0.2503039836883545 VAL: 0.3770616948604584
INFO:root:40
Train: 0.2591301202774048 VAL: 0.36944395303726196
INFO:root:41
Train: 0.27356433868408203 VAL: 0.37310099601745605
INFO:root:42
Train: 0.2713204324245453 VAL: 0.3677895665168762
INFO:root:43
Train: 0.2761395275592804 VAL: 0.37141451239585876
INFO:root:44
Train: 0.2735348641872406 VAL: 0.3828248977661133
INFO:root:45
Train: 0.2727198898792267 VAL: 0.3736899495124817
INFO:root:46
Train: 0.26929205656051636 VAL: 0.37069791555404663
INFO:root:47
Train: 0.26940634846687317 VAL: 0.3800892233848572
INFO:root:48
Train: 0.2801021337509155 VAL: 0.3774901032447815
INFO:root:49
Train: 0.26397183537483215 VAL: 0.37262940406799316
INFO:root:50
Train: 0.26758667826652527 VAL: 0.37183302640914917
INFO:root:51
Train: 0.2637266218662262 VAL: 0.3787339925765991
INFO:root:52
Train: 0.2687227725982666 VAL: 0.3753497004508972
INFO:root:53
Train: 0.2728603780269623 VAL: 0.3806251883506775
INFO:root:54
Train: 0.26488181948661804 VAL: 0.3706880509853363
INFO:root:55
Train: 0.2726551592350006 VAL: 0.3745327591896057
INFO:root:56
Train: 0.250528484582901 VAL: 0.3694643974304199
INFO:root:57
Train: 0.26825106143951416 VAL: 0.37486013770103455
INFO:root:58
Train: 0.26856720447540283 VAL: 0.36978477239608765
INFO:root:59
Train: 0.26825597882270813 VAL: 0.36943310499191284
INFO:root:60
Train: 0.268258661031723 VAL: 0.37080222368240356
INFO:root:61
Train: 0.266177237033844 VAL: 0.37105417251586914
INFO:root:62
Train: 0.26110032200813293 VAL: 0.37230855226516724
INFO:root:63
Train: 0.266085684299469 VAL: 0.3681987524032593
INFO:root:64
Train: 0.25845447182655334 VAL: 0.3737640380859375
INFO:root:65
Train: 0.2632886469364166 VAL: 0.3689008057117462
INFO:root:66
Train: 0.25604936480522156 VAL: 0.3740634620189667
INFO:root:67
Train: 0.26329925656318665 VAL: 0.37022310495376587
INFO:root:68
Train: 0.25889259576797485 VAL: 0.37009382247924805
INFO:root:69
Train: 0.25118139386177063 VAL: 0.3711283802986145
INFO:root:70
Train: 0.2583608627319336 VAL: 0.3701459467411041
INFO:root:71
Train: 0.2651787996292114 VAL: 0.36982136964797974
INFO:root:72
Train: 0.2648034989833832 VAL: 0.3697083294391632
INFO:root:BEST VAL: 0.3697083294391632 TEST : 0.2579145133495331
INFO:root:Namespace(quiet=False, run_id=None, config=None, epochs=200, fold=1, batch_size=64, learn_rate=0.001, betas=(0.9, 0.999), weight_decay=0.001, hidden_size=32, kernel_init='skew-symmetric', note='', seed=None, nlayers=3, attn_head=1, latent_dim=128, dataset='mimiciii')
INFO:root:{'input_dim': 96, 'attn_head': 1, 'latent_dim': 128, 'n_layers': 3, 'device': device(type='cuda')}
INFO:root:1
Train: 0.5436967611312866 VAL: 0.4628502130508423
INFO:root:2
Train: 0.43844494223594666 VAL: 0.44304847717285156
INFO:root:3
Train: 0.42220577597618103 VAL: 0.4294172525405884
INFO:root:4
Train: 0.4148925840854645 VAL: 0.4275846779346466
INFO:root:5
Train: 0.40300455689430237 VAL: 0.4219869375228882
INFO:root:6
Train: 0.4043580889701843 VAL: 0.4352065920829773
INFO:root:7
Train: 0.5160045623779297 VAL: 0.5203761458396912
INFO:root:8
Train: 10.891977310180664 VAL: 0.7159373760223389
INFO:root:9
Train: 0.5603384971618652 VAL: 0.48306554555892944
INFO:root:10
Train: 0.46524038910865784 VAL: 0.4890000820159912
INFO:root:11
Train: 0.4587654173374176 VAL: 0.5266751050949097
INFO:root:12
Train: 0.4477247893810272 VAL: 0.4611988067626953
INFO:root:13
Train: 0.4881661832332611 VAL: 0.46368998289108276
INFO:root:14
Train: 0.4409148693084717 VAL: 0.45056837797164917
INFO:root:15
Train: 0.41780799627304077 VAL: 0.43782946467399597
INFO:root:16
Train: 0.4132818877696991 VAL: 0.4290773868560791
INFO:root:17
Train: 0.4093354046344757 VAL: 0.4272506833076477
INFO:root:18
Train: 0.4043126106262207 VAL: 0.4360102415084839
INFO:root:19
Train: 0.4062769114971161 VAL: 0.4238203763961792
INFO:root:20
Train: 0.40179264545440674 VAL: 0.4252395033836365
INFO:root:21
Train: 0.40181925892829895 VAL: 0.424600213766098
INFO:root:22
Train: 0.4040455222129822 VAL: 0.41757112741470337
INFO:root:23
Train: 0.40041205286979675 VAL: 0.42108088731765747
INFO:root:24
Train: 0.40321528911590576 VAL: 0.4193798303604126
INFO:root:25
Train: 0.3971429467201233 VAL: 0.4135996699333191
INFO:root:26
Train: 0.39917320013046265 VAL: 0.4210796356201172
INFO:root:27
Train: 0.3953320384025574 VAL: 0.4176040291786194
INFO:root:28
Train: 0.3909446597099304 VAL: 0.41883111000061035
INFO:root:29
Train: 0.39293360710144043 VAL: 0.4167846441268921
INFO:root:30
Train: 0.39101049304008484 VAL: 0.41528579592704773
INFO:root:31
Train: 0.3911365270614624 VAL: 0.4167417883872986
INFO:root:32
Train: 0.3864807188510895 VAL: 0.41506922245025635
INFO:root:33
Train: 0.38875246047973633 VAL: 0.4113088846206665
INFO:root:34
Train: 0.38576722145080566 VAL: 0.4200168550014496
INFO:root:35
Train: 0.38763320446014404 VAL: 0.41022050380706787
INFO:root:36
Train: 0.3839976191520691 VAL: 0.41697484254837036
INFO:root:37
Train: 0.38350623846054077 VAL: 0.412119597196579
INFO:root:38
Train: 0.3839573264122009 VAL: 0.41393113136291504
INFO:root:39
Train: 0.3858589828014374 VAL: 0.41690778732299805
INFO:root:40
Train: 0.38731735944747925 VAL: 0.4137299656867981
INFO:root:41
Train: 0.3985985815525055 VAL: 0.41928398609161377
INFO:root:42
Train: 0.3934391438961029 VAL: 0.4176771342754364
INFO:root:43
Train: 0.38288944959640503 VAL: 0.412122905254364
INFO:root:44
Train: 0.38011571764945984 VAL: 0.40528374910354614
INFO:root:45
Train: 0.37765416502952576 VAL: 0.4038342833518982
INFO:root:46
Train: 0.3857325613498688 VAL: 0.4060249924659729
INFO:root:47
Train: 0.40159162878990173 VAL: 0.41661304235458374
INFO:root:48
Train: 0.39109161496162415 VAL: 0.40382319688796997
INFO:root:49
Train: 0.3801247179508209 VAL: 0.41738128662109375
INFO:root:50
Train: 0.37593531608581543 VAL: 0.3964080214500427
INFO:root:51
Train: 0.37299656867980957 VAL: 0.3982176184654236
INFO:root:52
Train: 0.3748472034931183 VAL: 0.39528048038482666
INFO:root:53
Train: 0.3701752722263336 VAL: 0.4020758271217346
INFO:root:54
Train: 0.37063080072402954 VAL: 0.3991889953613281
INFO:root:55
Train: 0.37713053822517395 VAL: 0.4057087302207947
INFO:root:56
Train: 0.3787038326263428 VAL: 0.40802323818206787
INFO:root:57
Train: 0.37017449736595154 VAL: 0.39952510595321655
INFO:root:58
Train: 0.3710725009441376 VAL: 0.3993532955646515
INFO:root:59
Train: 0.3681812882423401 VAL: 0.4023789167404175
INFO:root:60
Train: 0.36461108922958374 VAL: 0.39601337909698486
INFO:root:61
Train: 0.3745338022708893 VAL: 0.3987036347389221
INFO:root:62
Train: 0.3720608651638031 VAL: 0.4242551326751709
INFO:root:63
Train: 0.3718762993812561 VAL: 0.39387741684913635
INFO:root:64
Train: 0.3675275444984436 VAL: 0.4498952627182007
INFO:root:65
Train: 0.37926095724105835 VAL: 0.40307700634002686
INFO:root:66
Train: 0.37464722990989685 VAL: 0.43825411796569824
INFO:root:67
Train: 0.3677125573158264 VAL: 0.4111252725124359
INFO:root:68
Train: 0.3688347041606903 VAL: 0.40156400203704834
INFO:root:69
Train: 0.36400893330574036 VAL: 0.40486109256744385
INFO:root:70
Train: 0.3590032160282135 VAL: 0.40170204639434814
INFO:root:71
Train: 0.3564668893814087 VAL: 0.3965439796447754
INFO:root:72
Train: 0.35156509280204773 VAL: 0.40403762459754944
INFO:root:73
Train: 0.35442134737968445 VAL: 0.41211479902267456
INFO:root:74
Train: 0.3542993366718292 VAL: 0.40211570262908936
INFO:root:75
Train: 0.340581476688385 VAL: 0.3953239917755127
INFO:root:76
Train: 0.34030604362487793 VAL: 0.402610182762146
INFO:root:77
Train: 0.33340224623680115 VAL: 0.4032541513442993
INFO:root:78
Train: 0.33496278524398804 VAL: 0.4021795392036438
INFO:root:79
Train: 0.33170855045318604 VAL: 0.4081372618675232
INFO:root:80
Train: 0.32653969526290894 VAL: 0.4066442847251892
INFO:root:81
Train: 0.3263505697250366 VAL: 0.4012289047241211
INFO:root:82
Train: 0.32508060336112976 VAL: 0.41294699907302856
INFO:root:83
Train: 0.3201410472393036 VAL: 0.4165574312210083
INFO:root:84
Train: 0.31750136613845825 VAL: 0.4146636128425598
INFO:root:85
Train: 0.3156610131263733 VAL: 0.4094697833061218
INFO:root:86
Train: 0.30306917428970337 VAL: 0.40879592299461365
INFO:root:87
Train: 0.29550614953041077 VAL: 0.4192911982536316
INFO:root:88
Train: 0.2930155396461487 VAL: 0.4146080017089844
INFO:root:89
Train: 0.2894359827041626 VAL: 0.42520928382873535
INFO:root:90
Train: 0.28622540831565857 VAL: 0.4286847710609436
INFO:root:91
Train: 0.2834966480731964 VAL: 0.42532670497894287
INFO:root:92
Train: 0.2809143364429474 VAL: 0.43423694372177124
INFO:root:93
Train: 0.2786237895488739 VAL: 0.4292583465576172
INFO:root:Namespace(quiet=False, run_id=None, config=None, epochs=200, fold=1, batch_size=64, learn_rate=0.001, betas=(0.9, 0.999), weight_decay=0.001, hidden_size=32, kernel_init='skew-symmetric', note='', seed=None, nlayers=3, attn_head=1, latent_dim=128, dataset='mimiciii')
INFO:root:{'input_dim': 96, 'attn_head': 1, 'latent_dim': 128, 'n_layers': 3, 'device': device(type='cuda')}
INFO:root:1
Train: 0.5786842107772827 VAL: 0.48042458295822144
INFO:root:2
Train: 0.4385613799095154 VAL: 0.4377998113632202
INFO:root:3
Train: 0.43899238109588623 VAL: 0.4350031614303589
INFO:root:4
Train: 0.41526511311531067 VAL: 0.44106364250183105
INFO:root:5
Train: 0.4222429096698761 VAL: 0.4326190948486328
INFO:root:6
Train: 0.40625348687171936 VAL: 0.4290808439254761
INFO:root:7
Train: 0.3983309864997864 VAL: 0.42407524585723877
INFO:root:8
Train: 0.3971879482269287 VAL: 0.416620135307312
INFO:root:9
Train: 0.396055668592453 VAL: 0.4068436622619629
INFO:root:10
Train: 0.3982047140598297 VAL: 0.42447638511657715
INFO:root:11
Train: 0.40754517912864685 VAL: 0.42708417773246765
INFO:root:12
Train: 0.626129150390625 VAL: 0.4455943703651428
INFO:root:13
Train: 0.3978019952774048 VAL: 0.41932761669158936
INFO:root:14
Train: 0.38978272676467896 VAL: 0.4227031469345093
INFO:root:15
Train: 0.3844112157821655 VAL: 0.404291033744812
INFO:root:16
Train: 0.38586491346359253 VAL: 0.41087400913238525
INFO:root:17
Train: 0.3873979151248932 VAL: 0.4223089814186096
INFO:root:18
Train: 0.38220247626304626 VAL: 0.40239331126213074
INFO:root:19
Train: 0.38824430108070374 VAL: 0.3972952365875244
INFO:root:20
Train: 0.3791550099849701 VAL: 0.4196246266365051
INFO:root:21
Train: 0.3832659125328064 VAL: 0.41751188039779663
INFO:root:22
Train: 51.66188430786133 VAL: 1.6348520517349243
INFO:root:23
Train: 0.8628650903701782 VAL: 0.7270265221595764
INFO:root:24
Train: 0.6114924550056458 VAL: 0.5800960659980774
INFO:root:25
Train: 0.5301876664161682 VAL: 0.528221845626831
INFO:root:26
Train: 0.4873044192790985 VAL: 0.4913279712200165
INFO:root:27
Train: 0.46861475706100464 VAL: 0.4865306615829468
INFO:root:28
Train: 0.4567956030368805 VAL: 0.47477656602859497
INFO:root:29
Train: 0.45423513650894165 VAL: 0.4695267677307129
INFO:root:30
Train: 0.4406926929950714 VAL: 0.46069109439849854
INFO:root:31
Train: 0.43201959133148193 VAL: 0.4508036971092224
INFO:root:32
Train: 0.4298936426639557 VAL: 0.4571700692176819
INFO:root:33
Train: 0.4326257109642029 VAL: 0.4507702589035034
INFO:root:34
Train: 0.4241049289703369 VAL: 0.4480435848236084
INFO:root:35
Train: 0.4215596616268158 VAL: 0.43765711784362793
INFO:root:36
Train: 0.4179377555847168 VAL: 0.46015313267707825
INFO:root:37
Train: 0.4190724194049835 VAL: 0.4469347596168518
INFO:root:38
Train: 0.42035603523254395 VAL: 0.43739748001098633
INFO:root:Namespace(quiet=False, run_id=None, config=None, epochs=200, fold=1, batch_size=128, learn_rate=0.001, betas=(0.9, 0.999), weight_decay=0.001, hidden_size=32, kernel_init='skew-symmetric', note='', seed=None, nlayers=3, attn_head=1, latent_dim=128, dataset='ushcn')
INFO:root:{'input_dim': 5, 'attn_head': 1, 'latent_dim': 128, 'n_layers': 3, 'device': device(type='cuda')}
INFO:root:1
Train: 2.490131139755249 VAL: 0.6456380486488342
INFO:root:2
Train: 0.5835654139518738 VAL: 0.6020494699478149
INFO:root:3
Train: 0.5345664620399475 VAL: 0.5107213258743286
INFO:root:4
Train: 0.3457503318786621 VAL: 0.43929141759872437
INFO:root:5
Train: 0.3955681324005127 VAL: 0.4111931324005127
INFO:root:6
Train: 0.3376634418964386 VAL: 0.4374242424964905
INFO:root:7
Train: 0.3923215866088867 VAL: 0.4040478467941284
INFO:root:8
Train: 0.3798638880252838 VAL: 0.3926820755004883
INFO:root:9
Train: 0.33345654606819153 VAL: 0.3876837491989136
INFO:root:10
Train: 0.3139709234237671 VAL: 0.37649595737457275
INFO:root:11
Train: 0.2909459173679352 VAL: 0.3858310878276825
INFO:root:12
Train: 0.30441251397132874 VAL: 0.3779943287372589
INFO:root:13
Train: 0.3592454493045807 VAL: 0.3983924686908722
INFO:root:14
Train: 0.3199879825115204 VAL: 0.41034531593322754
INFO:root:15
Train: 0.3157489001750946 VAL: 0.40263593196868896
INFO:root:16
Train: 0.31406232714653015 VAL: 0.38183823227882385
INFO:root:17
Train: 0.29293569922447205 VAL: 0.4060586094856262
INFO:root:18
Train: 0.2942744493484497 VAL: 0.39513111114501953
INFO:root:19
Train: 0.2583296597003937 VAL: 0.3798155188560486
INFO:root:20
Train: 0.28350502252578735 VAL: 0.38127750158309937
INFO:root:21
Train: 0.2860707938671112 VAL: 0.3778128921985626
INFO:root:22
Train: 0.27862349152565 VAL: 0.382082462310791
INFO:root:23
Train: 0.27674219012260437 VAL: 0.3757805824279785
INFO:root:24
Train: 0.274970144033432 VAL: 0.37562406063079834
INFO:root:25
Train: 0.2754632532596588 VAL: 0.3763906955718994
INFO:root:26
Train: 0.26916375756263733 VAL: 0.37714019417762756
INFO:root:27
Train: 0.2759806215763092 VAL: 0.375577449798584
INFO:root:28
Train: 0.2597634196281433 VAL: 0.3764987587928772
INFO:root:29
Train: 0.26727280020713806 VAL: 0.38226526975631714
INFO:root:30
Train: 0.26251575350761414 VAL: 0.37622636556625366
INFO:root:31
Train: 0.2635042369365692 VAL: 0.385312020778656
INFO:root:32
Train: 0.27601635456085205 VAL: 0.376842737197876
INFO:root:33
Train: 0.2607279121875763 VAL: 0.3774052560329437
INFO:root:34
Train: 0.25723087787628174 VAL: 0.379052996635437
INFO:root:35
Train: 0.27286794781684875 VAL: 0.3741358518600464
INFO:root:36
Train: 0.2757765054702759 VAL: 0.3791404068470001
INFO:root:37
Train: 0.27836892008781433 VAL: 0.3778376579284668
INFO:root:38
Train: 0.2812279164791107 VAL: 0.37438637018203735
INFO:root:39
Train: 0.274948388338089 VAL: 0.3870341181755066
INFO:root:40
Train: 0.25687435269355774 VAL: 0.3737112283706665
INFO:root:41
Train: 0.26989319920539856 VAL: 0.3798438012599945
INFO:root:42
Train: 0.2678886950016022 VAL: 0.3745114207267761
INFO:root:43
Train: 0.2724028527736664 VAL: 0.374541699886322
INFO:root:44
Train: 0.2739209234714508 VAL: 0.3742884397506714
INFO:root:45
Train: 0.2606162428855896 VAL: 0.3738408088684082
INFO:root:46
Train: 0.2711835205554962 VAL: 0.3790576457977295
INFO:root:47
Train: 0.25576522946357727 VAL: 0.3736323118209839
INFO:root:48
Train: 0.27614521980285645 VAL: 0.3758428692817688
INFO:root:49
Train: 0.27153512835502625 VAL: 0.3913525342941284
INFO:root:50
Train: 0.27295586466789246 VAL: 0.3774876892566681
INFO:root:51
Train: 0.2736184597015381 VAL: 0.3769723176956177
INFO:root:52
Train: 0.26904234290122986 VAL: 0.3796045184135437
INFO:root:53
Train: 0.2567291259765625 VAL: 0.3831852078437805
INFO:root:54
Train: 0.27232909202575684 VAL: 0.37532275915145874
INFO:root:55
Train: 0.2730575203895569 VAL: 0.37550124526023865
INFO:root:56
Train: 0.2715587615966797 VAL: 0.3753913938999176
INFO:root:57
Train: 0.27451589703559875 VAL: 0.378669798374176
INFO:root:58
Train: 0.25277549028396606 VAL: 0.38424211740493774
INFO:root:59
Train: 0.269950270652771 VAL: 0.37367889285087585
INFO:root:60
Train: 0.2685493528842926 VAL: 0.37925875186920166
INFO:root:61
Train: 0.2697788178920746 VAL: 0.37316325306892395
INFO:root:62
Train: 0.26845964789390564 VAL: 0.3767821192741394
INFO:root:63
Train: 0.26536837220191956 VAL: 0.37273064255714417
INFO:root:64
Train: 0.27028849720954895 VAL: 0.37628963589668274
INFO:root:65
Train: 0.26930493116378784 VAL: 0.3726208508014679
INFO:root:66
Train: 0.27032670378685 VAL: 0.37761539220809937
INFO:root:67
Train: 0.26577794551849365 VAL: 0.37201082706451416
INFO:root:68
Train: 0.24598218500614166 VAL: 0.3760489225387573
INFO:root:69
Train: 0.26813367009162903 VAL: 0.372016578912735
INFO:root:70
Train: 0.2535366714000702 VAL: 0.37567371129989624
INFO:root:71
Train: 0.2700321078300476 VAL: 0.37314021587371826
INFO:root:72
Train: 0.2651717960834503 VAL: 0.3733614683151245
INFO:root:73
Train: 0.26751258969306946 VAL: 0.37317365407943726
INFO:root:74
Train: 0.25738924741744995 VAL: 0.3753368854522705
INFO:root:75
Train: 0.2617698609828949 VAL: 0.3733850121498108
INFO:root:76
Train: 0.26255878806114197 VAL: 0.37290287017822266
INFO:root:77
Train: 0.26847055554389954 VAL: 0.37385493516921997
INFO:root:78
Train: 0.24969561398029327 VAL: 0.3777215778827667
INFO:root:79
Train: 0.2535138428211212 VAL: 0.3747027516365051
INFO:root:80
Train: 0.2674907147884369 VAL: 0.3717195987701416
INFO:root:81
Train: 0.257696270942688 VAL: 0.37777745723724365
INFO:root:82
Train: 0.2636204957962036 VAL: 0.3723498284816742
INFO:root:83
Train: 0.24556100368499756 VAL: 0.3760886788368225
INFO:root:84
Train: 0.2557486891746521 VAL: 0.37277108430862427
INFO:root:85
Train: 0.26324090361595154 VAL: 0.3731626868247986
INFO:root:86
Train: 0.24972732365131378 VAL: 0.37436580657958984
INFO:root:87
Train: 0.2672373950481415 VAL: 0.3727240264415741
INFO:root:88
Train: 0.2661781311035156 VAL: 0.3729763627052307
INFO:root:89
Train: 0.2638246715068817 VAL: 0.3738108277320862
INFO:root:90
Train: 0.2650339901447296 VAL: 0.3721455931663513
INFO:root:91
Train: 0.26624593138694763 VAL: 0.3753490447998047
INFO:root:92
Train: 0.26775315403938293 VAL: 0.37337151169776917
INFO:root:93
Train: 0.2279355376958847 VAL: 0.3739021420478821
INFO:root:94
Train: 0.2613085210323334 VAL: 0.37292736768722534
INFO:root:95
Train: 0.2606489360332489 VAL: 0.3725876212120056
INFO:root:96
Train: 0.26214176416397095 VAL: 0.3741357922554016
INFO:root:97
Train: 0.2648588716983795 VAL: 0.3727194368839264
INFO:root:98
Train: 0.2631329596042633 VAL: 0.3730233311653137
INFO:root:99
Train: 0.2660093903541565 VAL: 0.3741105794906616
INFO:root:100
Train: 0.2635498642921448 VAL: 0.3728606700897217
INFO:root:101
Train: 0.2642057240009308 VAL: 0.37251073122024536
INFO:root:102
Train: 0.2619379460811615 VAL: 0.3757038712501526
INFO:root:103
Train: 0.26446297764778137 VAL: 0.37343648076057434
INFO:root:104
Train: 0.2653510868549347 VAL: 0.3722928762435913
INFO:root:105
Train: 0.2647179663181305 VAL: 0.37293151021003723
INFO:root:106
Train: 0.2469615936279297 VAL: 0.37367600202560425
INFO:root:107
Train: 0.25776931643486023 VAL: 0.37355032563209534
INFO:root:108
Train: 0.26703405380249023 VAL: 0.3736974000930786
INFO:root:109
Train: 0.26380473375320435 VAL: 0.37237703800201416
INFO:root:110
Train: 0.2648266851902008 VAL: 0.37306779623031616
INFO:root:BEST VAL: 0.37306779623031616 TEST : 0.2553398013114929
