INFO:root:Namespace(quiet=False, run_id=None, config=None, epochs=200, fold=4, batch_size=64, learn_rate=0.001, betas=(0.9, 0.999), weight_decay=0.001, hidden_size=32, kernel_init='skew-symmetric', note='', seed=None, nlayers=3, attn_head=1, latent_dim=256, dataset='mimiciii')
INFO:root:{'input_dim': 96, 'attn_head': 1, 'latent_dim': 256, 'n_layers': 3, 'device': device(type='cuda')}
INFO:root:1
Train: 0.6860482692718506 VAL: 0.45228463411331177
INFO:root:2
Train: 0.4630790054798126 VAL: 0.43869835138320923
INFO:root:Namespace(quiet=False, run_id=None, config=None, epochs=200, fold=4, batch_size=128, learn_rate=0.001, betas=(0.9, 0.999), weight_decay=0.001, hidden_size=32, kernel_init='skew-symmetric', note='', seed=None, nlayers=3, attn_head=1, latent_dim=256, dataset='ushcn')
INFO:root:{'input_dim': 5, 'attn_head': 1, 'latent_dim': 256, 'n_layers': 3, 'device': device(type='cuda')}
INFO:root:1
Train: 11.811622619628906 VAL: 0.968977689743042
INFO:root:2
Train: 0.7830021381378174 VAL: 0.451831579208374
INFO:root:3
Train: 0.6119856834411621 VAL: 0.5779647827148438
INFO:root:4
Train: 0.5531883835792542 VAL: 0.44121038913726807
INFO:root:5
Train: 0.524651825428009 VAL: 0.3493969440460205
INFO:root:6
Train: 0.40056729316711426 VAL: 0.3107060194015503
INFO:root:7
Train: 0.4084472954273224 VAL: 0.3054608702659607
INFO:root:8
Train: 0.3909657299518585 VAL: 0.2729834020137787
INFO:root:9
Train: 0.37871336936950684 VAL: 0.2816288471221924
INFO:root:10
Train: 0.34153079986572266 VAL: 0.27266162633895874
INFO:root:11
Train: 0.3389918804168701 VAL: 0.2605690360069275
INFO:root:12
Train: 0.34925711154937744 VAL: 0.26419058442115784
INFO:root:13
Train: 0.3313829004764557 VAL: 0.2492942214012146
INFO:root:14
Train: 0.39439722895622253 VAL: 0.262478232383728
INFO:root:15
Train: 0.33753034472465515 VAL: 0.25402405858039856
INFO:root:16
Train: 0.3544125556945801 VAL: 0.296688050031662
INFO:root:17
Train: 0.3540804386138916 VAL: 0.2998720109462738
INFO:root:18
Train: 0.33639469742774963 VAL: 0.30762070417404175
INFO:root:19
Train: 0.3292027413845062 VAL: 0.25773102045059204
INFO:root:20
Train: 0.3241594135761261 VAL: 0.2538980543613434
INFO:root:21
Train: 0.33011677861213684 VAL: 0.2867391109466553
INFO:root:22
Train: 0.31974247097969055 VAL: 0.2630152106285095
INFO:root:23
Train: 0.30127474665641785 VAL: 0.24731089174747467
INFO:root:24
Train: 0.3244120180606842 VAL: 0.2500289976596832
INFO:root:25
Train: 0.3203645646572113 VAL: 0.2528865933418274
INFO:root:26
Train: 0.32626664638519287 VAL: 0.2488752007484436
INFO:root:27
Train: 0.3218715786933899 VAL: 0.25023016333580017
INFO:root:28
Train: 0.33096566796302795 VAL: 0.2538287937641144
INFO:root:29
Train: 0.3271084129810333 VAL: 0.2555602490901947
INFO:root:30
Train: 0.3324086666107178 VAL: 0.25094881653785706
INFO:root:31
Train: 0.31463193893432617 VAL: 0.2491292655467987
INFO:root:32
Train: 0.3280487358570099 VAL: 0.24439701437950134
INFO:root:33
Train: 0.3228980600833893 VAL: 0.2626302242279053
INFO:root:34
Train: 0.31296172738075256 VAL: 0.24146421253681183
INFO:root:35
Train: 0.31496158242225647 VAL: 0.2501048445701599
INFO:root:36
Train: 0.31034037470817566 VAL: 0.25519508123397827
INFO:root:37
Train: 0.3259015381336212 VAL: 0.25538524985313416
INFO:root:38
Train: 0.3167930841445923 VAL: 0.2449505478143692
INFO:root:39
Train: 0.31347525119781494 VAL: 0.23950928449630737
INFO:root:40
Train: 0.30906108021736145 VAL: 0.24014315009117126
INFO:root:41
Train: 0.3134666383266449 VAL: 0.24667057394981384
INFO:root:42
Train: 0.3081981837749481 VAL: 0.2593643069267273
INFO:root:43
Train: 0.3268430233001709 VAL: 0.28998297452926636
INFO:root:44
Train: 0.3245759904384613 VAL: 0.2777225971221924
INFO:root:45
Train: 0.3150520622730255 VAL: 0.2463521510362625
INFO:root:46
Train: 0.31431594491004944 VAL: 0.2447451651096344
INFO:root:47
Train: 0.3169063329696655 VAL: 0.24257399141788483
INFO:root:48
Train: 0.31258150935173035 VAL: 0.2457943558692932
INFO:root:49
Train: 0.3131975829601288 VAL: 0.23777520656585693
INFO:root:50
Train: 0.3118515908718109 VAL: 0.2417445182800293
INFO:root:51
Train: 0.2886539697647095 VAL: 0.23544853925704956
INFO:root:52
Train: 0.3006366193294525 VAL: 0.2653834819793701
INFO:root:53
Train: 0.31440481543540955 VAL: 0.29690587520599365
INFO:root:54
Train: 0.3247625231742859 VAL: 0.25366777181625366
INFO:root:55
Train: 0.32362091541290283 VAL: 0.26768410205841064
INFO:root:56
Train: 0.31491783261299133 VAL: 0.2415948510169983
INFO:root:57
Train: 0.3037467896938324 VAL: 0.2403416633605957
INFO:root:58
Train: 0.3025891184806824 VAL: 0.2420881688594818
INFO:root:59
Train: 0.31242504715919495 VAL: 0.23919560015201569
INFO:root:60
Train: 0.30615630745887756 VAL: 0.24442513287067413
INFO:root:61
Train: 0.3076927065849304 VAL: 0.26110774278640747
INFO:root:62
Train: 0.36895856261253357 VAL: 0.2700112760066986
INFO:root:63
Train: 0.35722076892852783 VAL: 0.25947797298431396
INFO:root:64
Train: 0.31936249136924744 VAL: 0.2587347626686096
INFO:root:65
Train: 0.35408714413642883 VAL: 0.27174267172813416
INFO:root:66
Train: 0.3072947561740875 VAL: 0.26358357071876526
INFO:root:67
Train: 0.33072593808174133 VAL: 0.24915966391563416
INFO:root:68
Train: 0.31415972113609314 VAL: 0.2517196536064148
INFO:root:69
Train: 0.3180166184902191 VAL: 0.2500948905944824
INFO:root:70
Train: 0.3291669189929962 VAL: 0.2471269816160202
INFO:root:71
Train: 0.32058754563331604 VAL: 0.24428561329841614
INFO:root:72
Train: 0.31734952330589294 VAL: 0.25155073404312134
INFO:root:73
Train: 0.31293734908103943 VAL: 0.24956128001213074
INFO:root:74
Train: 0.31341588497161865 VAL: 0.24932485818862915
INFO:root:75
Train: 0.2924858629703522 VAL: 0.24449290335178375
INFO:root:76
Train: 0.3081038296222687 VAL: 0.25109320878982544
INFO:root:77
Train: 0.30569854378700256 VAL: 0.24466028809547424
INFO:root:78
Train: 0.2886047065258026 VAL: 0.24609366059303284
INFO:root:79
Train: 0.3043290078639984 VAL: 0.24635908007621765
INFO:root:80
Train: 0.28033164143562317 VAL: 0.2443116158246994
INFO:root:81
Train: 0.29840078949928284 VAL: 0.244272843003273
INFO:root:BEST VAL: 0.244272843003273 TEST : 0.3619685769081116
