INFO:root:Namespace(quiet=False, run_id=None, config=None, epochs=200, fold=0, batch_size=64, learn_rate=0.001, betas=(0.9, 0.999), weight_decay=0.001, hidden_size=32, kernel_init='skew-symmetric', note='', seed=None, nlayers=3, attn_head=1, latent_dim=128, dataset='mimiciii')
INFO:root:{'input_dim': 96, 'attn_head': 1, 'latent_dim': 128, 'n_layers': 3, 'device': device(type='cuda')}
INFO:root:1
Train: 0.7665265202522278 VAL: 0.639890193939209
INFO:root:2
Train: 0.6546180248260498 VAL: 0.6930637955665588
INFO:root:3
Train: 0.589756429195404 VAL: 0.5740171670913696
INFO:root:4
Train: 0.5607439875602722 VAL: 0.6280924677848816
INFO:root:5
Train: 0.5893141627311707 VAL: 0.5959795713424683
INFO:root:6
Train: 0.5698056817054749 VAL: 0.5583704710006714
INFO:root:7
Train: 0.5519055724143982 VAL: 0.5728223919868469
INFO:root:8
Train: 0.5327502489089966 VAL: 0.5457046627998352
INFO:root:9
Train: 0.5326226949691772 VAL: 0.524776816368103
INFO:root:10
Train: 0.535004198551178 VAL: 0.5301371216773987
INFO:root:11
Train: 0.5619568824768066 VAL: 0.5319277048110962
INFO:root:12
Train: 0.543820858001709 VAL: 0.5126523375511169
INFO:root:13
Train: 0.5066728591918945 VAL: 0.510225772857666
INFO:root:14
Train: 0.504153311252594 VAL: 0.500594973564148
INFO:root:15
Train: 0.516061544418335 VAL: 0.5355081558227539
INFO:root:16
Train: 0.5784933567047119 VAL: 0.5467801690101624
INFO:root:17
Train: 0.5488467812538147 VAL: 0.5501004457473755
INFO:root:18
Train: 0.515868067741394 VAL: 0.5357252359390259
INFO:root:19
Train: 0.5155141949653625 VAL: 0.5235329866409302
INFO:root:20
Train: 0.5257939696311951 VAL: 0.5363914370536804
INFO:root:21
Train: 0.4974222779273987 VAL: 0.5003265142440796
INFO:root:22
Train: 0.51746666431427 VAL: 0.5695716738700867
INFO:root:23
Train: 0.5274143815040588 VAL: 0.5308837890625
INFO:root:24
Train: 0.5546127557754517 VAL: 0.5448316335678101
INFO:root:25
Train: 0.4995633065700531 VAL: 0.5350093245506287
INFO:root:26
Train: 0.5105536580085754 VAL: 0.5009363889694214
INFO:root:27
Train: 0.5010765790939331 VAL: 0.5102313160896301
INFO:root:28
Train: 0.48828577995300293 VAL: 0.5118737816810608
INFO:root:29
Train: 0.509669303894043 VAL: 0.582991361618042
INFO:root:30
Train: 0.5406437516212463 VAL: 0.5068539381027222
INFO:root:31
Train: 0.5031917095184326 VAL: 0.5446301698684692
INFO:root:32
Train: 0.5225094556808472 VAL: 0.5596485733985901
INFO:root:33
Train: 0.5143935680389404 VAL: 0.5033589005470276
INFO:root:34
Train: 0.4717642068862915 VAL: 0.5287066698074341
INFO:root:35
Train: 0.5006548166275024 VAL: 0.5260630249977112
INFO:root:36
Train: 0.4969056248664856 VAL: 0.5002309679985046
INFO:root:37
Train: 0.4886273741722107 VAL: 0.5119061470031738
INFO:root:38
Train: 0.4753436744213104 VAL: 0.5453788042068481
INFO:root:39
Train: 0.7021055221557617 VAL: 0.5615024566650391
INFO:root:40
Train: 0.49413353204727173 VAL: 0.5038465857505798
INFO:root:41
Train: 0.4865526556968689 VAL: 0.5066130757331848
INFO:root:42
Train: 0.4804668724536896 VAL: 0.6007204055786133
INFO:root:43
Train: 0.4819609522819519 VAL: 0.5134785175323486
INFO:root:44
Train: 0.4710630774497986 VAL: 0.5299484729766846
INFO:root:45
Train: 0.6206943988800049 VAL: 0.5398197174072266
INFO:root:Namespace(quiet=False, run_id=None, config=None, epochs=200, fold=0, batch_size=128, learn_rate=0.001, betas=(0.9, 0.999), weight_decay=0.001, hidden_size=32, kernel_init='skew-symmetric', note='', seed=None, nlayers=3, attn_head=1, latent_dim=128, dataset='ushcn')
INFO:root:{'input_dim': 5, 'attn_head': 1, 'latent_dim': 128, 'n_layers': 3, 'device': device(type='cuda')}
INFO:root:1
Train: 1.5269354581832886 VAL: 0.9386827945709229
INFO:root:2
Train: 0.6395888924598694 VAL: 0.7347332239151001
INFO:root:3
Train: 0.49004554748535156 VAL: 0.4687270522117615
INFO:root:4
Train: 0.3594430387020111 VAL: 0.3323143720626831
INFO:root:5
Train: 0.33124542236328125 VAL: 0.5732085704803467
INFO:root:6
Train: 0.32296958565711975 VAL: 0.34022092819213867
INFO:root:7
Train: 0.32287976145744324 VAL: 0.38668322563171387
INFO:root:8
Train: 0.3185621201992035 VAL: 0.4328053593635559
INFO:root:9
Train: 0.3139357268810272 VAL: 0.327337384223938
INFO:root:10
Train: 0.3090416193008423 VAL: 0.3325580358505249
INFO:root:11
Train: 0.30490344762802124 VAL: 0.32831263542175293
INFO:root:12
Train: 0.3106817305088043 VAL: 0.33070459961891174
INFO:root:13
Train: 0.3036958873271942 VAL: 0.31803086400032043
INFO:root:14
Train: 0.29730579257011414 VAL: 0.37369439005851746
INFO:root:15
Train: 0.3011370301246643 VAL: 0.3833043575286865
INFO:root:16
Train: 0.2979908585548401 VAL: 0.44383931159973145
INFO:root:17
Train: 0.3054044842720032 VAL: 0.40924230217933655
INFO:root:18
Train: 0.30271458625793457 VAL: 0.4438810646533966
INFO:root:19
Train: 0.3042914569377899 VAL: 0.508070707321167
INFO:root:20
Train: 0.31077155470848083 VAL: 0.3902897834777832
INFO:root:21
Train: 0.31152018904685974 VAL: 0.37239280343055725
INFO:root:22
Train: 0.30928391218185425 VAL: 0.3363466262817383
INFO:root:23
Train: 0.30708298087120056 VAL: 0.32067781686782837
INFO:root:24
Train: 0.3038466274738312 VAL: 0.318421334028244
INFO:root:25
Train: 0.3048880398273468 VAL: 0.3902442753314972
INFO:root:26
Train: 0.3001691699028015 VAL: 0.3427066206932068
INFO:root:27
Train: 0.2872937321662903 VAL: 0.4067292809486389
INFO:root:28
Train: 0.29532262682914734 VAL: 0.4110579192638397
INFO:root:29
Train: 0.29985103011131287 VAL: 0.4029027223587036
INFO:root:30
Train: 0.2992953956127167 VAL: 0.3968534469604492
INFO:root:31
Train: 0.2980016767978668 VAL: 0.456725150346756
INFO:root:32
Train: 0.29748767614364624 VAL: 0.4353141188621521
INFO:root:33
Train: 0.2997426390647888 VAL: 0.4351293444633484
INFO:root:34
Train: 0.28234490752220154 VAL: 0.39611631631851196
INFO:root:35
Train: 0.29583939909935 VAL: 0.458920955657959
INFO:root:36
Train: 0.29574906826019287 VAL: 0.446837455034256
INFO:root:37
Train: 0.295913964509964 VAL: 0.4208381175994873
INFO:root:38
Train: 0.2920651137828827 VAL: 0.4225893020629883
INFO:root:39
Train: 0.29489290714263916 VAL: 0.4391242265701294
INFO:root:40
Train: 0.2827783524990082 VAL: 0.44023874402046204
INFO:root:41
Train: 0.2891884744167328 VAL: 0.43180572986602783
INFO:root:42
Train: 0.2911522388458252 VAL: 0.4388296604156494
INFO:root:43
Train: 0.2977573573589325 VAL: 0.4432745575904846
INFO:root:BEST VAL: 0.4432745575904846 TEST : 0.27223068475723267
