INFO:root:Namespace(quiet=False, run_id=None, config=None, epochs=200, fold=1, batch_size=64, learn_rate=0.001, betas=(0.9, 0.999), weight_decay=0.001, hidden_size=32, kernel_init='skew-symmetric', note='', seed=None, nlayers=1, attn_head=1, latent_dim=32, dataset='mimiciii')
INFO:root:{'input_dim': 96, 'attn_head': 1, 'latent_dim': 32, 'n_layers': 1, 'device': device(type='cuda')}
INFO:root:Namespace(quiet=False, run_id=None, config=None, epochs=200, fold=1, batch_size=64, learn_rate=0.001, betas=(0.9, 0.999), weight_decay=0.001, hidden_size=32, kernel_init='skew-symmetric', note='', seed=None, nlayers=1, attn_head=1, latent_dim=32, dataset='mimiciii')
INFO:root:{'input_dim': 96, 'attn_head': 1, 'latent_dim': 32, 'n_layers': 1, 'device': device(type='cuda')}
INFO:root:1
Train: 0.5661949515342712 VAL: 0.5345346927642822
INFO:root:1
Train: 0.5700106620788574 VAL: 0.5331006646156311
INFO:root:2
Train: 0.4940232038497925 VAL: 0.5065914392471313
INFO:root:2
Train: 0.5048515796661377 VAL: 0.49751561880111694
INFO:root:3
Train: 0.4606598913669586 VAL: 0.47710055112838745
INFO:root:3
Train: 0.4579283595085144 VAL: 0.46811339259147644
INFO:root:4
Train: 0.44461578130722046 VAL: 0.45251762866973877
INFO:root:4
Train: 0.44076934456825256 VAL: 0.4577387571334839
INFO:root:5
Train: 0.4304170310497284 VAL: 0.4468323588371277
INFO:root:5
Train: 0.43230655789375305 VAL: 0.4519748091697693
INFO:root:6
Train: 0.42614513635635376 VAL: 0.44484081864356995
INFO:root:6
Train: 0.4285750687122345 VAL: 0.4453110694885254
INFO:root:7
Train: 0.41923195123672485 VAL: 0.43884289264678955
INFO:root:7
Train: 0.4198364019393921 VAL: 0.43986958265304565
INFO:root:8
Train: 0.41927435994148254 VAL: 0.4500299096107483
INFO:root:8
Train: 0.41571298241615295 VAL: 0.43663710355758667
INFO:root:9
Train: 0.41537532210350037 VAL: 0.44377046823501587
INFO:root:9
Train: 0.41291487216949463 VAL: 0.43744510412216187
INFO:root:10
Train: 0.41227829456329346 VAL: 0.4254401922225952
INFO:root:10
Train: 0.4128376245498657 VAL: 0.43379101157188416
INFO:root:11
Train: 0.41183388233184814 VAL: 0.42428597807884216
INFO:root:11
Train: 0.40951693058013916 VAL: 0.42340558767318726
INFO:root:12
Train: 0.41067999601364136 VAL: 0.4287310838699341
INFO:root:12
Train: 0.40674179792404175 VAL: 0.42452001571655273
INFO:root:13
Train: 0.4068690538406372 VAL: 0.42762964963912964
INFO:root:13
Train: 0.4076005518436432 VAL: 0.42878684401512146
INFO:root:14
Train: 0.40780699253082275 VAL: 0.4293172359466553
INFO:root:14
Train: 0.4052770137786865 VAL: 0.41897061467170715
INFO:root:15
Train: 0.4070805609226227 VAL: 0.42102354764938354
INFO:root:15
Train: 0.4024377167224884 VAL: 0.41899579763412476
INFO:root:16
Train: 0.4048984944820404 VAL: 0.41609299182891846
INFO:root:16
Train: 0.4014892578125 VAL: 0.41608375310897827
INFO:root:17
Train: 0.40250423550605774 VAL: 0.41321074962615967
INFO:root:17
Train: 0.4036376476287842 VAL: 0.4226648211479187
INFO:root:18
Train: 0.4145423173904419 VAL: 0.481792151927948
INFO:root:18
Train: 0.40220847725868225 VAL: 0.41507330536842346
INFO:root:19
Train: 0.42219382524490356 VAL: 0.438691645860672
INFO:root:19
Train: 0.40075111389160156 VAL: 0.4225439131259918
INFO:root:20
Train: 0.40676024556159973 VAL: 0.4283598065376282
INFO:root:20
Train: 0.3986506164073944 VAL: 0.4139770567417145
INFO:root:21
Train: 0.4030551612377167 VAL: 0.42645975947380066
INFO:root:21
Train: 0.39908912777900696 VAL: 0.41324013471603394
INFO:root:22
Train: 0.4016634225845337 VAL: 0.41595155000686646
INFO:root:22
Train: 0.3966783583164215 VAL: 0.4219852685928345
INFO:root:23
Train: 0.3990785479545593 VAL: 0.4237251579761505
INFO:root:23
Train: 0.39614957571029663 VAL: 0.41431987285614014
INFO:root:24
Train: 0.40199151635169983 VAL: 0.4214743375778198
INFO:root:24
Train: 0.3978472948074341 VAL: 0.4165708124637604
INFO:root:25
Train: 0.39998069405555725 VAL: 0.41906991600990295
INFO:root:25
Train: 0.39838504791259766 VAL: 0.4209591746330261
INFO:root:26
Train: 0.39838337898254395 VAL: 0.41470932960510254
INFO:root:26
Train: 0.3960404098033905 VAL: 0.42521247267723083
INFO:root:27
Train: 0.39908215403556824 VAL: 0.4160430431365967
INFO:root:27
Train: 0.3942286968231201 VAL: 0.4168239235877991
INFO:root:28
Train: 0.3978908658027649 VAL: 0.41628408432006836
INFO:root:28
Train: 0.3954770863056183 VAL: 0.41743022203445435
INFO:root:29
Train: 0.3949211835861206 VAL: 0.4163969159126282
INFO:root:29
Train: 0.392807275056839 VAL: 0.4225148558616638
INFO:root:30
Train: 0.39220577478408813 VAL: 0.4145616888999939
INFO:root:30
Train: 0.3942875862121582 VAL: 0.4183681607246399
INFO:root:31
Train: 0.3923178017139435 VAL: 0.4145742654800415
INFO:root:31
Train: 0.3954611122608185 VAL: 0.4173823893070221
INFO:root:32
Train: 0.39110809564590454 VAL: 0.41564497351646423
INFO:root:32
Train: 0.3939540386199951 VAL: 0.4152073562145233
INFO:root:33
Train: 0.390193909406662 VAL: 0.41540396213531494
INFO:root:33
Train: 0.3910219371318817 VAL: 0.4122527539730072
INFO:root:34
Train: 0.3917016088962555 VAL: 0.4165453314781189
INFO:root:34
Train: 0.3893948197364807 VAL: 0.4128648042678833
INFO:root:35
Train: 0.3897691071033478 VAL: 0.414725124835968
INFO:root:35
Train: 0.38717445731163025 VAL: 0.4137319326400757
INFO:root:36
Train: 0.3911304771900177 VAL: 0.42076605558395386
INFO:root:36
Train: 0.38689300417900085 VAL: 0.4129304885864258
INFO:root:37
Train: 0.38941100239753723 VAL: 0.4166734218597412
INFO:root:37
Train: 0.3878892958164215 VAL: 0.4130992889404297
INFO:root:38
Train: 0.3886207640171051 VAL: 0.41890743374824524
INFO:root:38
Train: 0.3856491148471832 VAL: 0.4127662479877472
INFO:root:39
Train: 0.3896247446537018 VAL: 0.4172091484069824
INFO:root:39
Train: 0.38690200448036194 VAL: 0.41002997756004333
INFO:root:40
Train: 0.3892568349838257 VAL: 0.41405346989631653
INFO:root:40
Train: 0.38591068983078003 VAL: 0.41424834728240967
INFO:root:41
Train: 0.38783904910087585 VAL: 0.41313934326171875
INFO:root:41
Train: 0.38318848609924316 VAL: 0.4155169725418091
INFO:root:42
Train: 0.38571351766586304 VAL: 0.4142133593559265
INFO:root:42
Train: 0.38352346420288086 VAL: 0.40938234329223633
INFO:root:43
Train: 0.3834860324859619 VAL: 0.4142085909843445
INFO:root:43
Train: 0.3824290931224823 VAL: 0.4096006453037262
INFO:root:44
Train: 0.38559767603874207 VAL: 0.4164018929004669
INFO:root:44
Train: 0.3807927668094635 VAL: 0.41158318519592285
INFO:root:45
Train: 0.3856874406337738 VAL: 0.41525399684906006
INFO:root:45
Train: 0.37920188903808594 VAL: 0.41367051005363464
INFO:root:46
Train: 0.38594377040863037 VAL: 0.41705477237701416
INFO:root:46
Train: 0.37903961539268494 VAL: 0.4070590138435364
INFO:root:47
Train: 0.3852115571498871 VAL: 0.4144744277000427
INFO:root:47
Train: 0.3805875778198242 VAL: 0.406340092420578
INFO:root:48
Train: 0.3849163353443146 VAL: 0.4136240482330322
INFO:root:48
Train: 0.3798936903476715 VAL: 0.41189953684806824
INFO:root:49
Train: 0.3851819932460785 VAL: 0.4136797785758972
INFO:root:49
Train: 0.3782690763473511 VAL: 0.406693696975708
INFO:root:50
Train: 0.3838081657886505 VAL: 0.41435307264328003
INFO:root:50
Train: 0.3752346634864807 VAL: 0.40611156821250916
INFO:root:51
Train: 0.3856111168861389 VAL: 0.41411951184272766
INFO:root:51
Train: 0.3769007623195648 VAL: 0.4086669981479645
INFO:root:52
Train: 0.38393720984458923 VAL: 0.4159470796585083
INFO:root:52
Train: 0.3775910437107086 VAL: 0.40423548221588135
INFO:root:53
Train: 0.3842950165271759 VAL: 0.4131494164466858
INFO:root:53
Train: 0.377373605966568 VAL: 0.4066227078437805
INFO:root:54
Train: 0.38239553570747375 VAL: 0.41353315114974976
INFO:root:54
Train: 0.37670964002609253 VAL: 0.4065614640712738
INFO:root:55
Train: 0.3817240595817566 VAL: 0.41505882143974304
INFO:root:55
Train: 0.37453407049179077 VAL: 0.4047847092151642
INFO:root:56
Train: 0.38352346420288086 VAL: 0.41459453105926514
INFO:root:56
Train: 0.3742150664329529 VAL: 0.4074326753616333
INFO:root:57
Train: 0.38371986150741577 VAL: 0.41349515318870544
INFO:root:57
Train: 0.37159988284111023 VAL: 0.40798553824424744
INFO:root:58
Train: 0.38186749815940857 VAL: 0.41423356533050537
INFO:root:58
Train: 0.3744710683822632 VAL: 0.40688014030456543
INFO:root:59
Train: 0.3799825608730316 VAL: 0.4158060848712921
INFO:root:59
Train: 0.3735421895980835 VAL: 0.40483909845352173
INFO:root:60
Train: 0.3839508891105652 VAL: 0.4150659441947937
INFO:root:60
Train: 0.37400540709495544 VAL: 0.40757906436920166
INFO:root:61
Train: 0.3815714418888092 VAL: 0.4142334461212158
INFO:root:61
Train: 0.37175899744033813 VAL: 0.4034120440483093
INFO:root:62
Train: 0.38191190361976624 VAL: 0.414564847946167
INFO:root:62
Train: 0.3708864450454712 VAL: 0.40331122279167175
INFO:root:63
Train: 0.38097769021987915 VAL: 0.4151850640773773
INFO:root:63
Train: 0.3704639971256256 VAL: 0.4095442593097687
INFO:root:64
Train: 0.3812570571899414 VAL: 0.41457411646842957
INFO:root:64
Train: 0.3729321360588074 VAL: 0.4066017270088196
INFO:root:65
Train: 0.3796080946922302 VAL: 0.4146561622619629
INFO:root:65
Train: 0.36979764699935913 VAL: 0.40674537420272827
INFO:root:66
Train: 0.3803672194480896 VAL: 0.4143936038017273
INFO:root:66
Train: 0.37167319655418396 VAL: 0.4033207297325134
INFO:root:67
Train: 0.3798181116580963 VAL: 0.4127338230609894
INFO:root:67
Train: 0.369779497385025 VAL: 0.40735283493995667
INFO:root:68
Train: 0.38117244839668274 VAL: 0.4143502712249756
INFO:root:68
Train: 0.36949288845062256 VAL: 0.4041079878807068
INFO:root:69
Train: 0.3801363706588745 VAL: 0.4135128855705261
INFO:root:69
Train: 0.3695162832736969 VAL: 0.4032436013221741
INFO:root:70
Train: 0.3806213438510895 VAL: 0.41352736949920654
INFO:root:70
Train: 0.3678893446922302 VAL: 0.40976959466934204
INFO:root:71
Train: 0.3801303803920746 VAL: 0.4138762950897217
INFO:root:71
Train: 0.3696148693561554 VAL: 0.4017900228500366
INFO:root:72
Train: 0.38062021136283875 VAL: 0.4132486581802368
INFO:root:72
Train: 0.3667287826538086 VAL: 0.40783172845840454
INFO:root:73
Train: 0.3796316981315613 VAL: 0.4137628674507141
INFO:root:73
Train: 0.3681482970714569 VAL: 0.40525662899017334
INFO:root:74
Train: 0.38002872467041016 VAL: 0.4135185480117798
INFO:root:74
Train: 0.36923396587371826 VAL: 0.4014245867729187
INFO:root:75
Train: 0.37862181663513184 VAL: 0.4137408435344696
INFO:root:75
Train: 0.36645546555519104 VAL: 0.4027808904647827
INFO:root:76
Train: 0.37993279099464417 VAL: 0.41372406482696533
INFO:root:76
Train: 0.36621084809303284 VAL: 0.4017949104309082
INFO:root:77
Train: 0.3782069683074951 VAL: 0.4152379035949707
INFO:root:77
Train: 0.3673153817653656 VAL: 0.4039370119571686
INFO:root:78
Train: 0.37870657444000244 VAL: 0.41292813420295715
INFO:root:78
Train: 0.36333146691322327 VAL: 0.40663331747055054
INFO:root:79
Train: 0.3796900808811188 VAL: 0.41334182024002075
INFO:root:79
Train: 0.3663022220134735 VAL: 0.410137414932251
INFO:root:80
Train: 0.37848055362701416 VAL: 0.4136083722114563
INFO:root:80
Train: 0.36472877860069275 VAL: 0.40522998571395874
INFO:root:81
Train: 0.37808480858802795 VAL: 0.41345280408859253
INFO:root:81
Train: 0.36449867486953735 VAL: 0.4075699746608734
INFO:root:82
Train: 0.379581093788147 VAL: 0.41429921984672546
INFO:root:82
Train: 0.3617689609527588 VAL: 0.41176342964172363
INFO:root:83
Train: 0.37836992740631104 VAL: 0.41329312324523926
INFO:root:83
Train: 0.36305850744247437 VAL: 0.40357908606529236
INFO:root:84
Train: 0.38046079874038696 VAL: 0.4134786128997803
INFO:root:84
Train: 0.36445754766464233 VAL: 0.40159767866134644
INFO:root:85
Train: 0.37984853982925415 VAL: 0.4135892689228058
INFO:root:85
Train: 0.36025333404541016 VAL: 0.404371440410614
INFO:root:86
Train: 0.3796076476573944 VAL: 0.41463541984558105
INFO:root:86
Train: 0.36037909984588623 VAL: 0.40423256158828735
INFO:root:87
Train: 0.3782694935798645 VAL: 0.4136456251144409
INFO:root:87
Train: 0.35884910821914673 VAL: 0.40786099433898926
INFO:root:88
Train: 0.37859129905700684 VAL: 0.4134354591369629
INFO:root:88
Train: 0.3600965440273285 VAL: 0.40472400188446045
INFO:root:89
Train: 0.3778408169746399 VAL: 0.41342267394065857
INFO:root:89
Train: 0.35759425163269043 VAL: 0.40478917956352234
INFO:root:90
Train: 0.3804261088371277 VAL: 0.4135228395462036
INFO:root:90
Train: 0.36064377427101135 VAL: 0.4039490818977356
INFO:root:91
Train: 0.37768664956092834 VAL: 0.41320860385894775
INFO:root:91
Train: 0.35925623774528503 VAL: 0.40296414494514465
INFO:root:92
Train: 0.37973737716674805 VAL: 0.41326701641082764
INFO:root:92
Train: 0.35811901092529297 VAL: 0.40542012453079224
INFO:root:93
Train: 0.3784821927547455 VAL: 0.41324329376220703
INFO:root:93
Train: 0.35901129245758057 VAL: 0.4026561975479126
INFO:root:94
Train: 0.3785313069820404 VAL: 0.4132746160030365
INFO:root:94
Train: 0.35984450578689575 VAL: 0.40553969144821167
INFO:root:95
Train: 0.37748441100120544 VAL: 0.41322803497314453
INFO:root:95
Train: 0.35735732316970825 VAL: 0.4084089398384094
INFO:root:96
Train: 0.37638917565345764 VAL: 0.41348832845687866
INFO:root:96
Train: 0.35738760232925415 VAL: 0.40461966395378113
INFO:root:97
Train: 0.38122591376304626 VAL: 0.4132702350616455
INFO:root:97
Train: 0.3570975661277771 VAL: 0.40481874346733093
INFO:root:BEST VAL: 0.4132702350616455 TEST : 0.4734807014465332
INFO:root:98
Train: 0.35662558674812317 VAL: 0.40404385328292847
INFO:root:99
Train: 0.3568522036075592 VAL: 0.4035935401916504
INFO:root:100
Train: 0.3558593690395355 VAL: 0.4051765501499176
INFO:root:101
Train: 0.3543885052204132 VAL: 0.4034923315048218
INFO:root:102
Train: 0.3569418489933014 VAL: 0.4047514796257019
INFO:root:103
Train: 0.35763657093048096 VAL: 0.40500643849372864
INFO:root:104
Train: 0.35676050186157227 VAL: 0.4046405553817749
INFO:root:BEST VAL: 0.4046405553817749 TEST : 0.3840697407722473
