INFO:root:Namespace(quiet=False, run_id=None, config=None, epochs=200, fold=2, batch_size=64, learn_rate=0.001, betas=(0.9, 0.999), weight_decay=0.001, hidden_size=32, kernel_init='skew-symmetric', note='', seed=None, nlayers=1, attn_head=1, latent_dim=256, dataset='mimiciii')
INFO:root:{'input_dim': 96, 'attn_head': 1, 'latent_dim': 256, 'n_layers': 1, 'device': device(type='cuda')}
INFO:root:1
Train: 0.596810519695282 VAL: 0.6245788335800171
INFO:root:2
Train: 0.450203537940979 VAL: 0.5386879444122314
INFO:root:3
Train: 0.43574172258377075 VAL: 0.5019629001617432
INFO:root:4
Train: 0.4517918527126312 VAL: 0.44954776763916016
INFO:root:5
Train: 0.4234549105167389 VAL: 0.5033408403396606
INFO:root:6
Train: 0.41988611221313477 VAL: 0.43923676013946533
INFO:root:7
Train: 0.4138163626194 VAL: 0.4419701099395752
INFO:root:8
Train: 0.4064115583896637 VAL: 0.5024012327194214
INFO:root:9
Train: 0.4064483046531677 VAL: 0.47103947401046753
INFO:root:10
Train: 0.4066167175769806 VAL: 0.4859258532524109
INFO:root:11
Train: 0.408884733915329 VAL: 0.49368491768836975
INFO:root:12
Train: 0.4070189595222473 VAL: 0.4336158037185669
INFO:root:13
Train: 0.40093323588371277 VAL: 0.4652198255062103
INFO:root:14
Train: 0.41186466813087463 VAL: 0.4985705018043518
INFO:root:15
Train: 0.4032760560512543 VAL: 0.4522862732410431
INFO:root:16
Train: 0.39543113112449646 VAL: 0.4254496097564697
INFO:root:17
Train: 0.39594215154647827 VAL: 0.42374974489212036
INFO:root:18
Train: 0.3983885645866394 VAL: 0.46349143981933594
INFO:root:19
Train: 0.39759474992752075 VAL: 0.5010483264923096
INFO:root:20
Train: 0.40773072838783264 VAL: 0.44204139709472656
INFO:root:21
Train: 0.40849941968917847 VAL: 0.5042026042938232
INFO:root:22
Train: 0.4031022787094116 VAL: 0.48341676592826843
INFO:root:23
Train: 0.3961907625198364 VAL: 0.47879281640052795
INFO:root:24
Train: 0.39417025446891785 VAL: 0.4339384436607361
INFO:root:25
Train: 0.39750656485557556 VAL: 0.44932082295417786
INFO:root:26
Train: 0.389534592628479 VAL: 0.44421684741973877
INFO:root:27
Train: 0.38827213644981384 VAL: 0.4217109978199005
INFO:root:28
Train: 0.3904280662536621 VAL: 0.47062042355537415
INFO:root:29
Train: 0.39078643918037415 VAL: 0.4773048162460327
INFO:root:30
Train: 0.3908993601799011 VAL: 0.46952494978904724
INFO:root:31
Train: 0.3878763020038605 VAL: 0.4647654891014099
INFO:root:32
Train: 0.3881947100162506 VAL: 0.47669997811317444
INFO:root:33
Train: 0.3845067620277405 VAL: 0.47352927923202515
INFO:root:34
Train: 0.384701132774353 VAL: 0.4720652103424072
INFO:root:35
Train: 0.3897799551486969 VAL: 0.47518572211265564
INFO:root:36
Train: 0.389598548412323 VAL: 0.4645630121231079
INFO:root:37
Train: 0.3854982554912567 VAL: 0.42836815118789673
INFO:root:38
Train: 0.3812693953514099 VAL: 0.4207714796066284
INFO:root:39
Train: 0.3852160573005676 VAL: 0.46428370475769043
INFO:root:40
Train: 0.3840367794036865 VAL: 0.447314590215683
INFO:root:41
Train: 0.38444992899894714 VAL: 0.40557605028152466
INFO:root:42
Train: 0.38073232769966125 VAL: 0.4717422127723694
INFO:root:43
Train: 0.3806059956550598 VAL: 0.47492125630378723
INFO:root:44
Train: 0.37933793663978577 VAL: 0.47292935848236084
INFO:root:45
Train: 0.3764755129814148 VAL: 0.4622003138065338
INFO:root:46
Train: 0.3751574754714966 VAL: 0.452440083026886
INFO:root:47
Train: 0.3751677870750427 VAL: 0.46808600425720215
INFO:root:48
Train: 0.37809616327285767 VAL: 0.40231502056121826
INFO:root:49
Train: 0.37512704730033875 VAL: 0.40700453519821167
INFO:root:50
Train: 0.3740376830101013 VAL: 0.4587481915950775
INFO:root:51
Train: 0.374094158411026 VAL: 0.42346760630607605
INFO:root:52
Train: 0.37506386637687683 VAL: 0.409867525100708
INFO:root:53
Train: 0.37141141295433044 VAL: 0.40078386664390564
INFO:root:54
Train: 0.3740220367908478 VAL: 0.43883436918258667
INFO:root:55
Train: 0.3716176748275757 VAL: 0.41809675097465515
INFO:root:56
Train: 0.37279003858566284 VAL: 0.4015336036682129
INFO:root:57
Train: 0.3771617114543915 VAL: 0.46383506059646606
INFO:root:58
Train: 0.374426931142807 VAL: 0.40856367349624634
INFO:root:59
Train: 0.37721186876296997 VAL: 0.4197239875793457
INFO:root:60
Train: 0.3705619275569916 VAL: 0.4588932394981384
INFO:root:61
Train: 0.3695860207080841 VAL: 0.41950422525405884
INFO:root:62
Train: 0.3673381805419922 VAL: 0.41330426931381226
INFO:root:63
Train: 0.36920976638793945 VAL: 0.4332355856895447
INFO:root:64
Train: 0.36713215708732605 VAL: 0.4647183120250702
INFO:root:65
Train: 0.3636108636856079 VAL: 0.4105203151702881
INFO:root:66
Train: 0.35860592126846313 VAL: 0.45271527767181396
INFO:root:67
Train: 0.35707181692123413 VAL: 0.4373966455459595
INFO:root:68
Train: 0.3555217981338501 VAL: 0.44669395685195923
INFO:root:69
Train: 0.354846328496933 VAL: 0.4403623938560486
INFO:root:70
Train: 0.3543212413787842 VAL: 0.40680086612701416
INFO:root:71
Train: 0.3537253737449646 VAL: 0.436828076839447
INFO:root:72
Train: 0.35407498478889465 VAL: 0.41858333349227905
INFO:root:73
Train: 0.35691478848457336 VAL: 0.41467270255088806
INFO:root:74
Train: 0.3519775867462158 VAL: 0.4311835765838623
INFO:root:75
Train: 0.3504137098789215 VAL: 0.40886634588241577
INFO:root:76
Train: 0.3437848687171936 VAL: 0.4299113154411316
INFO:root:77
Train: 0.33971571922302246 VAL: 0.4187013804912567
INFO:root:78
Train: 0.33851033449172974 VAL: 0.425997257232666
INFO:root:79
Train: 0.3380485773086548 VAL: 0.4579751491546631
INFO:root:80
Train: 0.33713945746421814 VAL: 0.4365836977958679
INFO:root:81
Train: 0.3367900550365448 VAL: 0.43327516317367554
INFO:root:82
Train: 0.33631259202957153 VAL: 0.46141940355300903
INFO:root:83
Train: 0.3351539969444275 VAL: 0.4515766501426697
INFO:root:BEST VAL: 0.4515766501426697 TEST : 0.3970279097557068
