INFO:root:Namespace(quiet=False, run_id=None, config=None, epochs=200, fold=1, batch_size=64, learn_rate=0.001, betas=(0.9, 0.999), weight_decay=0.001, hidden_size=32, kernel_init='skew-symmetric', note='', seed=None, nlayers=3, attn_head=4, latent_dim=32, dataset='mimiciii')
INFO:root:{'input_dim': 96, 'attn_head': 4, 'latent_dim': 32, 'n_layers': 3, 'device': device(type='cuda')}
INFO:root:1
Train: 0.5633639693260193 VAL: 0.5506049394607544
INFO:root:2
Train: 0.5159865021705627 VAL: 0.4809398651123047
INFO:root:3
Train: 0.4493098556995392 VAL: 0.4396163821220398
INFO:root:4
Train: 0.4303968846797943 VAL: 0.4399210214614868
INFO:root:5
Train: 0.4205353856086731 VAL: 0.42877039313316345
INFO:root:6
Train: 0.41820648312568665 VAL: 0.42704853415489197
INFO:root:7
Train: 0.42047119140625 VAL: 0.4285818040370941
INFO:root:8
Train: 0.4056285619735718 VAL: 0.4218934178352356
INFO:root:9
Train: 0.40496736764907837 VAL: 0.4157693386077881
INFO:root:10
Train: 0.39786621928215027 VAL: 0.4158514738082886
INFO:root:11
Train: 0.3971661627292633 VAL: 0.418276309967041
INFO:root:12
Train: 0.39507800340652466 VAL: 0.4182991087436676
INFO:root:13
Train: 0.39030951261520386 VAL: 0.42447787523269653
INFO:root:14
Train: 0.39092105627059937 VAL: 0.4165985584259033
INFO:root:15
Train: 0.39077767729759216 VAL: 0.41700905561447144
INFO:root:16
Train: 0.3860012888908386 VAL: 0.4046381115913391
INFO:root:17
Train: 0.38803356885910034 VAL: 0.4048372805118561
INFO:root:18
Train: 0.38203877210617065 VAL: 0.4015570878982544
INFO:root:19
Train: 0.38062456250190735 VAL: 0.39992326498031616
INFO:root:20
Train: 0.37809064984321594 VAL: 0.3965614438056946
INFO:root:21
Train: 0.37444740533828735 VAL: 0.4004181921482086
INFO:root:22
Train: 0.38642558455467224 VAL: 0.4100980758666992
INFO:root:23
Train: 0.37856364250183105 VAL: 0.404323935508728
INFO:root:24
Train: 0.3778594732284546 VAL: 0.40198028087615967
INFO:root:25
Train: 0.37405306100845337 VAL: 0.41320329904556274
INFO:root:26
Train: 0.37415534257888794 VAL: 0.4027121067047119
INFO:root:27
Train: 0.3696632981300354 VAL: 0.3980351686477661
INFO:root:28
Train: 0.36943140625953674 VAL: 0.41134142875671387
INFO:root:29
Train: 0.36596226692199707 VAL: 0.39964497089385986
INFO:root:30
Train: 0.3647156357765198 VAL: 0.40767180919647217
INFO:root:31
Train: 0.3720247149467468 VAL: 0.40507546067237854
INFO:root:32
Train: 0.3614036738872528 VAL: 0.39980998635292053
INFO:root:33
Train: 0.3579975366592407 VAL: 0.40035054087638855
INFO:root:34
Train: 0.3555380702018738 VAL: 0.39353856444358826
INFO:root:35
Train: 0.35182827711105347 VAL: 0.39842432737350464
INFO:root:36
Train: 0.3519482910633087 VAL: 0.39931005239486694
INFO:root:37
Train: 0.34941866993904114 VAL: 0.398788183927536
INFO:root:38
Train: 0.35003384947776794 VAL: 0.39671552181243896
INFO:root:39
Train: 0.34652137756347656 VAL: 0.4009316563606262
INFO:root:40
Train: 0.34797078371047974 VAL: 0.3966064453125
INFO:root:41
Train: 0.34698185324668884 VAL: 0.39872926473617554
INFO:root:42
Train: 0.3521846830844879 VAL: 0.3997752070426941
INFO:root:43
Train: 0.3474723994731903 VAL: 0.39365720748901367
INFO:root:44
Train: 0.3418494760990143 VAL: 0.39068472385406494
INFO:root:45
Train: 0.34288597106933594 VAL: 0.39384669065475464
INFO:root:46
Train: 0.341584175825119 VAL: 0.4020833373069763
INFO:root:47
Train: 0.34321129322052 VAL: 0.3939630389213562
INFO:root:48
Train: 0.33895018696784973 VAL: 0.3940469026565552
INFO:root:49
Train: 0.33793744444847107 VAL: 0.39358240365982056
INFO:root:50
Train: 0.34066706895828247 VAL: 0.39594852924346924
INFO:root:51
Train: 0.33683279156684875 VAL: 0.40137535333633423
INFO:root:52
Train: 0.3362111449241638 VAL: 0.39971089363098145
INFO:root:53
Train: 0.3369923233985901 VAL: 0.39819979667663574
INFO:root:54
Train: 0.33339449763298035 VAL: 0.39915114641189575
INFO:root:55
Train: 0.33266961574554443 VAL: 0.40153002738952637
INFO:root:56
Train: 0.32630518078804016 VAL: 0.40414953231811523
INFO:root:57
Train: 0.323930561542511 VAL: 0.3986648917198181
INFO:root:58
Train: 0.3229621946811676 VAL: 0.40246883034706116
INFO:root:59
Train: 0.3210304379463196 VAL: 0.40324291586875916
INFO:root:60
Train: 0.3219605088233948 VAL: 0.401614248752594
INFO:root:61
Train: 0.3195117712020874 VAL: 0.40719136595726013
INFO:root:62
Train: 0.3199501931667328 VAL: 0.4055572748184204
INFO:root:63
Train: 0.3189723789691925 VAL: 0.40147870779037476
INFO:root:64
Train: 0.3163386285305023 VAL: 0.4051944613456726
INFO:root:65
Train: 0.31488269567489624 VAL: 0.40464088320732117
INFO:root:66
Train: 0.3145359754562378 VAL: 0.40488529205322266
INFO:root:67
Train: 0.31129834055900574 VAL: 0.4075322151184082
INFO:root:68
Train: 0.31044381856918335 VAL: 0.4076768159866333
INFO:root:69
Train: 0.3093568980693817 VAL: 0.4100140333175659
INFO:root:70
Train: 0.3083343207836151 VAL: 0.41198641061782837
INFO:root:71
Train: 0.308817982673645 VAL: 0.41142600774765015
INFO:root:72
Train: 0.30770912766456604 VAL: 0.41081246733665466
INFO:root:73
Train: 0.3064993917942047 VAL: 0.41114723682403564
INFO:root:74
Train: 0.3079090714454651 VAL: 0.41268831491470337
INFO:root:BEST VAL: 0.41268831491470337 TEST : 0.403297483921051
