INFO:root:Namespace(quiet=False, run_id=None, config=None, epochs=200, fold=3, batch_size=64, learn_rate=0.001, betas=(0.9, 0.999), weight_decay=0.001, hidden_size=32, kernel_init='skew-symmetric', note='', seed=None, nlayers=1, attn_head=4, latent_dim=64, dataset='mimiciii')
INFO:root:{'input_dim': 96, 'attn_head': 4, 'latent_dim': 64, 'n_layers': 1, 'device': device(type='cuda')}
INFO:root:1
Train: 0.724855363368988 VAL: 0.6538509130477905
INFO:root:Namespace(quiet=False, run_id=None, config=None, epochs=200, fold=3, batch_size=64, learn_rate=0.001, betas=(0.9, 0.999), weight_decay=0.001, hidden_size=32, kernel_init='skew-symmetric', note='', seed=None, nlayers=1, attn_head=4, latent_dim=64, dataset='mimiciii')
INFO:root:{'input_dim': 96, 'attn_head': 4, 'latent_dim': 64, 'n_layers': 1, 'device': device(type='cuda')}
INFO:root:1
Train: 0.5670322775840759 VAL: 0.5108954906463623
INFO:root:2
Train: 0.5024867057800293 VAL: 0.4625939130783081
INFO:root:3
Train: 0.4766823649406433 VAL: 0.46617648005485535
INFO:root:4
Train: 0.45351627469062805 VAL: 0.43335703015327454
INFO:root:5
Train: 0.44046321511268616 VAL: 0.42049166560173035
INFO:root:6
Train: 0.44238317012786865 VAL: 0.43609750270843506
INFO:root:7
Train: 0.42917314171791077 VAL: 0.41706642508506775
INFO:root:8
Train: 0.4183119237422943 VAL: 0.40461379289627075
INFO:root:9
Train: 0.4151153862476349 VAL: 0.4094066619873047
INFO:root:10
Train: 0.4089628756046295 VAL: 0.40314996242523193
INFO:root:11
Train: 0.4082244634628296 VAL: 0.41031479835510254
INFO:root:12
Train: 0.40846145153045654 VAL: 0.4020601511001587
INFO:root:13
Train: 0.4027932286262512 VAL: 0.4064423739910126
INFO:root:14
Train: 0.402598112821579 VAL: 0.3961619734764099
INFO:root:15
Train: 0.39886733889579773 VAL: 0.39254260063171387
INFO:root:16
Train: 0.40176793932914734 VAL: 0.39492231607437134
INFO:root:17
Train: 0.4013604521751404 VAL: 0.4019886255264282
INFO:root:18
Train: 0.39584416151046753 VAL: 0.4290199279785156
INFO:root:19
Train: 0.3959375023841858 VAL: 0.39445146918296814
INFO:root:20
Train: 0.3937382102012634 VAL: 0.39369693398475647
INFO:root:21
Train: 0.3937723934650421 VAL: 0.39638569951057434
INFO:root:22
Train: 0.3921431005001068 VAL: 0.3904211223125458
INFO:root:23
Train: 0.39233964681625366 VAL: 0.3904009461402893
INFO:root:24
Train: 0.38826408982276917 VAL: 0.3896227478981018
INFO:root:25
Train: 0.39766958355903625 VAL: 0.413572758436203
INFO:root:26
Train: 0.39318403601646423 VAL: 0.38863253593444824
INFO:root:27
Train: 0.38767558336257935 VAL: 0.39566105604171753
INFO:root:28
Train: 0.3826967477798462 VAL: 0.38603758811950684
INFO:root:29
Train: 0.3802291452884674 VAL: 0.38357314467430115
INFO:root:30
Train: 0.38074204325675964 VAL: 0.38612455129623413
INFO:root:31
Train: 0.37461602687835693 VAL: 0.3815988600254059
INFO:root:32
Train: 0.3750225901603699 VAL: 0.38375040888786316
INFO:root:33
Train: 0.3710285723209381 VAL: 0.37872177362442017
INFO:root:34
Train: 0.3762159049510956 VAL: 0.376800000667572
INFO:root:35
Train: 0.37045156955718994 VAL: 0.3831476867198944
INFO:root:36
Train: 0.37320974469184875 VAL: 0.3748461604118347
INFO:root:37
Train: 0.3686232566833496 VAL: 0.37480485439300537
INFO:root:38
Train: 0.36452800035476685 VAL: 0.37682273983955383
INFO:root:39
Train: 0.36202096939086914 VAL: 0.3774593472480774
INFO:root:40
Train: 0.36048442125320435 VAL: 0.37485024333000183
INFO:root:41
Train: 0.3597770631313324 VAL: 0.3708605170249939
INFO:root:42
Train: 0.35995548963546753 VAL: 0.3759176731109619
INFO:root:Namespace(quiet=False, run_id=None, config=None, epochs=200, fold=3, batch_size=128, learn_rate=0.001, betas=(0.9, 0.999), weight_decay=0.001, hidden_size=32, kernel_init='skew-symmetric', note='', seed=None, nlayers=1, attn_head=4, latent_dim=64, dataset='ushcn')
INFO:root:{'input_dim': 5, 'attn_head': 4, 'latent_dim': 64, 'n_layers': 1, 'device': device(type='cuda')}
INFO:root:1
Train: 0.7116456627845764 VAL: 0.5827368497848511
INFO:root:2
Train: 0.5752970576286316 VAL: 0.5160404443740845
INFO:root:3
Train: 0.4907394349575043 VAL: 0.42741212248802185
INFO:root:4
Train: 0.4113437831401825 VAL: 0.34805676341056824
INFO:root:5
Train: 0.3567821979522705 VAL: 0.3127675950527191
INFO:root:6
Train: 0.32296112179756165 VAL: 0.31264910101890564
INFO:root:7
Train: 0.33088764548301697 VAL: 0.2945135235786438
INFO:root:8
Train: 0.3152618706226349 VAL: 0.2893064022064209
INFO:root:9
Train: 0.3180418610572815 VAL: 0.2874252200126648
INFO:root:10
Train: 0.32068654894828796 VAL: 0.2865835130214691
INFO:root:11
Train: 0.3215083181858063 VAL: 0.28471997380256653
INFO:root:12
Train: 0.31417033076286316 VAL: 0.28483012318611145
INFO:root:13
Train: 0.2951062321662903 VAL: 0.28379204869270325
INFO:root:14
Train: 0.31321820616722107 VAL: 0.2832554578781128
INFO:root:15
Train: 0.3140530586242676 VAL: 0.28193867206573486
INFO:root:16
Train: 0.3114036023616791 VAL: 0.28250670433044434
INFO:root:17
Train: 0.31408989429473877 VAL: 0.2814103960990906
INFO:root:18
Train: 0.31077975034713745 VAL: 0.2810221016407013
INFO:root:19
Train: 0.2941160202026367 VAL: 0.2805827260017395
INFO:root:20
Train: 0.310329407453537 VAL: 0.28232526779174805
INFO:root:21
Train: 0.31561776995658875 VAL: 0.2830795645713806
INFO:root:22
Train: 0.31101319193840027 VAL: 0.2806083559989929
INFO:root:23
Train: 0.2866012752056122 VAL: 0.2816884517669678
INFO:root:24
Train: 0.30448856949806213 VAL: 0.28223592042922974
INFO:root:25
Train: 0.31324127316474915 VAL: 0.27900296449661255
INFO:root:26
Train: 0.3112426698207855 VAL: 0.27995213866233826
INFO:root:27
Train: 0.3093624413013458 VAL: 0.27858424186706543
INFO:root:28
Train: 0.30640700459480286 VAL: 0.27841874957084656
INFO:root:29
Train: 0.3130631446838379 VAL: 0.27902331948280334
INFO:root:30
Train: 0.3049904406070709 VAL: 0.28793203830718994
INFO:root:31
Train: 0.31540894508361816 VAL: 0.2814098298549652
INFO:root:32
Train: 0.3069898188114166 VAL: 0.27879422903060913
INFO:root:33
Train: 0.3058215081691742 VAL: 0.2785532474517822
INFO:root:34
Train: 0.3074747920036316 VAL: 0.27857908606529236
INFO:root:35
Train: 0.3076936900615692 VAL: 0.2833108901977539
INFO:root:36
Train: 0.31047746539115906 VAL: 0.2881140112876892
INFO:root:37
Train: 0.30499348044395447 VAL: 0.277854859828949
INFO:root:38
Train: 0.30784404277801514 VAL: 0.28092047572135925
INFO:root:39
Train: 0.3049022853374481 VAL: 0.2776044011116028
INFO:root:40
Train: 0.3063863217830658 VAL: 0.2776126563549042
INFO:root:41
Train: 0.30333083868026733 VAL: 0.2772600054740906
INFO:root:42
Train: 0.30615320801734924 VAL: 0.27972501516342163
INFO:root:43
Train: 0.3080095946788788 VAL: 0.2771685719490051
INFO:root:44
Train: 0.3070581257343292 VAL: 0.2774388790130615
INFO:root:45
Train: 0.2768394649028778 VAL: 0.27878427505493164
INFO:root:46
Train: 0.30435246229171753 VAL: 0.2797020971775055
INFO:root:47
Train: 0.3060277998447418 VAL: 0.2796873450279236
INFO:root:48
Train: 0.30876943469047546 VAL: 0.2859395444393158
INFO:root:49
Train: 0.317304402589798 VAL: 0.28042072057724
INFO:root:50
Train: 0.3021477460861206 VAL: 0.2842128872871399
INFO:root:51
Train: 0.3041805922985077 VAL: 0.28022530674934387
INFO:root:52
Train: 0.3089788854122162 VAL: 0.28723910450935364
INFO:root:53
Train: 0.2969569265842438 VAL: 0.2822949290275574
INFO:root:54
Train: 0.31397920846939087 VAL: 0.28959208726882935
INFO:root:55
Train: 0.3063240349292755 VAL: 0.28283578157424927
INFO:root:56
Train: 0.3070312440395355 VAL: 0.28185391426086426
INFO:root:57
Train: 0.30551788210868835 VAL: 0.2788470685482025
INFO:root:58
Train: 0.29977214336395264 VAL: 0.27820491790771484
INFO:root:59
Train: 0.30118224024772644 VAL: 0.27735191583633423
INFO:root:60
Train: 0.30271676182746887 VAL: 0.27735382318496704
INFO:root:61
Train: 0.3021482527256012 VAL: 0.2774469256401062
INFO:root:62
Train: 0.29550203680992126 VAL: 0.2771911323070526
INFO:root:63
Train: 0.30341604351997375 VAL: 0.2777254283428192
INFO:root:64
Train: 0.2823887765407562 VAL: 0.2772262990474701
INFO:root:65
Train: 0.30460986495018005 VAL: 0.27944427728652954
INFO:root:66
Train: 0.29967615008354187 VAL: 0.2769724428653717
INFO:root:67
Train: 0.29752346873283386 VAL: 0.27705615758895874
INFO:root:68
Train: 0.25742965936660767 VAL: 0.2767009139060974
INFO:root:69
Train: 0.2983112335205078 VAL: 0.276678204536438
INFO:root:70
Train: 0.2845862805843353 VAL: 0.2771395742893219
INFO:root:71
Train: 0.29687806963920593 VAL: 0.2777056396007538
INFO:root:72
Train: 0.2951698303222656 VAL: 0.27845117449760437
INFO:root:73
Train: 0.306196928024292 VAL: 0.27683472633361816
INFO:root:74
Train: 0.29484736919403076 VAL: 0.2767971456050873
INFO:root:75
Train: 0.3020191490650177 VAL: 0.2767653167247772
INFO:root:76
Train: 0.3020823299884796 VAL: 0.27678054571151733
INFO:root:77
Train: 0.28312864899635315 VAL: 0.27642303705215454
INFO:root:78
Train: 0.30213403701782227 VAL: 0.2766132652759552
INFO:root:79
Train: 0.3056981861591339 VAL: 0.277517169713974
INFO:root:80
Train: 0.30101117491722107 VAL: 0.27784186601638794
INFO:root:81
Train: 0.3011680841445923 VAL: 0.27755025029182434
INFO:root:82
Train: 0.30503150820732117 VAL: 0.27672886848449707
INFO:root:83
Train: 0.28203338384628296 VAL: 0.2766749858856201
INFO:root:84
Train: 0.2805832624435425 VAL: 0.2772701680660248
INFO:root:85
Train: 0.3014197051525116 VAL: 0.27681177854537964
INFO:root:86
Train: 0.2997313141822815 VAL: 0.27785995602607727
INFO:root:87
Train: 0.302621454000473 VAL: 0.27730435132980347
INFO:root:88
Train: 0.27875447273254395 VAL: 0.2767581343650818
INFO:root:89
Train: 0.30260971188545227 VAL: 0.2772611677646637
INFO:root:90
Train: 0.2968143820762634 VAL: 0.276750385761261
INFO:root:91
Train: 0.29259803891181946 VAL: 0.2766253352165222
INFO:root:92
Train: 0.30181387066841125 VAL: 0.27728864550590515
INFO:root:93
Train: 0.3019241392612457 VAL: 0.27668485045433044
INFO:root:94
Train: 0.30379512906074524 VAL: 0.2766859531402588
INFO:root:95
Train: 0.3020382523536682 VAL: 0.27680709958076477
INFO:root:96
Train: 0.2980937063694 VAL: 0.27658846974372864
INFO:root:97
Train: 0.30195459723472595 VAL: 0.27684545516967773
INFO:root:98
Train: 0.2974447011947632 VAL: 0.27659866213798523
INFO:root:99
Train: 0.3006378710269928 VAL: 0.2765510678291321
INFO:root:100
Train: 0.280032753944397 VAL: 0.27682164311408997
INFO:root:101
Train: 0.29701799154281616 VAL: 0.2770073115825653
INFO:root:102
Train: 0.2639322876930237 VAL: 0.27664053440093994
INFO:root:103
Train: 0.30306342244148254 VAL: 0.27669647336006165
INFO:root:104
Train: 0.2780548632144928 VAL: 0.27662166953086853
INFO:root:105
Train: 0.3024510443210602 VAL: 0.27675336599349976
INFO:root:106
Train: 0.3027513027191162 VAL: 0.27667418122291565
INFO:root:107
Train: 0.2984336316585541 VAL: 0.2767660617828369
INFO:root:BEST VAL: 0.2767660617828369 TEST : 0.24322903156280518
