INFO:root:Namespace(quiet=False, run_id=None, config=None, epochs=200, fold=2, batch_size=128, learn_rate=0.001, betas=(0.9, 0.999), weight_decay=0.001, hidden_size=32, kernel_init='skew-symmetric', note='', seed=None, nlayers=2, attn_head=4, latent_dim=64, dataset='physionet2012')
INFO:root:{'input_dim': 37, 'attn_head': 4, 'latent_dim': 64, 'n_layers': 2, 'device': device(type='cuda')}
INFO:root:1
Train: 0.4585040509700775 VAL: 0.38555943965911865
INFO:root:2
Train: 0.37883731722831726 VAL: 0.3675934076309204
INFO:root:3
Train: 0.33887428045272827 VAL: 0.310275673866272
INFO:root:4
Train: 0.30610862374305725 VAL: 0.2983063757419586
INFO:root:5
Train: 0.30090028047561646 VAL: 0.295112669467926
INFO:root:6
Train: 0.302868127822876 VAL: 0.29814571142196655
INFO:root:7
Train: 0.29830753803253174 VAL: 0.29885488748550415
INFO:root:8
Train: 0.29673829674720764 VAL: 0.29325249791145325
INFO:root:9
Train: 0.2963005602359772 VAL: 0.2939789891242981
INFO:root:10
Train: 0.2944198548793793 VAL: 0.2918279767036438
INFO:root:11
Train: 0.2939123809337616 VAL: 0.2899589538574219
INFO:root:12
Train: 0.2920149266719818 VAL: 0.29038935899734497
INFO:root:13
Train: 0.2914641201496124 VAL: 0.2937915623188019
INFO:root:14
Train: 0.2921963632106781 VAL: 0.2918354868888855
INFO:root:15
Train: 0.2929650545120239 VAL: 0.2909783124923706
INFO:root:16
Train: 0.290365070104599 VAL: 0.2889344394207001
INFO:root:17
Train: 0.2918189465999603 VAL: 0.2912042737007141
INFO:root:18
Train: 0.28919366002082825 VAL: 0.2882876694202423
INFO:root:19
Train: 0.2897513508796692 VAL: 0.28845834732055664
INFO:root:20
Train: 0.28813543915748596 VAL: 0.28915250301361084
INFO:root:21
Train: 0.2889348566532135 VAL: 0.28830641508102417
INFO:root:22
Train: 0.28851643204689026 VAL: 0.2914004325866699
INFO:root:23
Train: 0.2868673801422119 VAL: 0.2899855077266693
INFO:root:24
Train: 0.2878575921058655 VAL: 0.2870223820209503
INFO:root:25
Train: 0.2872076630592346 VAL: 0.2897984981536865
INFO:root:26
Train: 0.28656500577926636 VAL: 0.2885097861289978
INFO:root:27
Train: 0.2854861617088318 VAL: 0.28837311267852783
INFO:root:28
Train: 0.28439074754714966 VAL: 0.2889053225517273
INFO:root:29
Train: 0.28403037786483765 VAL: 0.29180702567100525
INFO:root:30
Train: 0.2845209538936615 VAL: 0.2867807149887085
INFO:root:31
Train: 0.2845478951931 VAL: 0.293781042098999
INFO:root:32
Train: 0.2840256094932556 VAL: 0.29084229469299316
INFO:root:33
Train: 0.2828926742076874 VAL: 0.2877027988433838
INFO:root:34
Train: 0.2829456329345703 VAL: 0.2894592881202698
INFO:root:35
Train: 0.2813635468482971 VAL: 0.28827178478240967
INFO:root:36
Train: 0.2833181619644165 VAL: 0.2864833474159241
INFO:root:37
Train: 0.2818728983402252 VAL: 0.2879621386528015
INFO:root:38
Train: 0.28086236119270325 VAL: 0.28777673840522766
INFO:root:39
Train: 0.28067198395729065 VAL: 0.28988778591156006
INFO:root:40
Train: 0.2824627459049225 VAL: 0.2872588336467743
INFO:root:41
Train: 0.27962300181388855 VAL: 0.2893366813659668
INFO:root:42
Train: 0.2782314121723175 VAL: 0.28995147347450256
INFO:root:43
Train: 0.2785244584083557 VAL: 0.28957808017730713
INFO:root:44
Train: 0.2782118022441864 VAL: 0.28813326358795166
INFO:root:45
Train: 0.2770036458969116 VAL: 0.286904513835907
INFO:root:46
Train: 0.278207391500473 VAL: 0.28800660371780396
INFO:root:47
Train: 0.27617308497428894 VAL: 0.2858862578868866
INFO:root:48
Train: 0.27520349621772766 VAL: 0.28663012385368347
INFO:root:49
Train: 0.2747326195240021 VAL: 0.2895577549934387
INFO:root:50
Train: 0.27453935146331787 VAL: 0.28926196694374084
INFO:root:51
Train: 0.27442461252212524 VAL: 0.2872733473777771
INFO:root:52
Train: 0.2734085023403168 VAL: 0.289867103099823
INFO:root:53
Train: 0.27133437991142273 VAL: 0.2873851954936981
INFO:root:54
Train: 0.2698025107383728 VAL: 0.2901371121406555
INFO:root:55
Train: 0.27151238918304443 VAL: 0.29211002588272095
INFO:root:56
Train: 0.2696303129196167 VAL: 0.2884114682674408
INFO:root:57
Train: 0.267435759305954 VAL: 0.2926163971424103
INFO:root:58
Train: 0.26807090640068054 VAL: 0.290192186832428
INFO:root:59
Train: 0.2640308141708374 VAL: 0.29001665115356445
INFO:root:60
Train: 0.2615085244178772 VAL: 0.28882187604904175
INFO:root:61
Train: 0.26049569249153137 VAL: 0.29102835059165955
INFO:root:62
Train: 0.2598722279071808 VAL: 0.29098087549209595
INFO:root:63
Train: 0.25941938161849976 VAL: 0.29091131687164307
INFO:root:64
Train: 0.25728651881217957 VAL: 0.2937915325164795
INFO:root:65
Train: 0.257313996553421 VAL: 0.2907329201698303
INFO:root:66
Train: 0.2561996579170227 VAL: 0.29565155506134033
INFO:root:67
Train: 0.2563334107398987 VAL: 0.29207080602645874
INFO:root:68
Train: 0.255096971988678 VAL: 0.2940680980682373
INFO:root:69
Train: 0.2555978000164032 VAL: 0.2941652238368988
INFO:root:70
Train: 0.25075480341911316 VAL: 0.29308420419692993
INFO:root:71
Train: 0.24908776581287384 VAL: 0.2942267954349518
INFO:root:72
Train: 0.24942760169506073 VAL: 0.29427918791770935
INFO:root:73
Train: 0.2474743276834488 VAL: 0.29542988538742065
INFO:root:74
Train: 0.24706940352916718 VAL: 0.2943236231803894
INFO:root:75
Train: 0.24610687792301178 VAL: 0.2964072823524475
INFO:root:76
Train: 0.24562254548072815 VAL: 0.2973569929599762
INFO:root:77
Train: 0.24534007906913757 VAL: 0.29756948351860046
INFO:root:BEST VAL: 0.29756948351860046 TEST : 0.28505557775497437
