INFO:root:Namespace(quiet=False, run_id=None, config=None, epochs=200, fold=4, batch_size=128, learn_rate=0.001, betas=(0.9, 0.999), weight_decay=0.001, hidden_size=32, kernel_init='skew-symmetric', note='', seed=None, nlayers=3, attn_head=2, latent_dim=32, dataset='ushcn')
INFO:root:{'input_dim': 5, 'attn_head': 2, 'latent_dim': 32, 'n_layers': 3, 'device': device(type='cuda')}
INFO:root:1
Train: 0.7022529244422913 VAL: 0.4841439723968506
INFO:root:2
Train: 0.5933422446250916 VAL: 0.4290703237056732
INFO:root:3
Train: 0.49358227849006653 VAL: 0.37278297543525696
INFO:root:4
Train: 0.4321954548358917 VAL: 0.30263614654541016
INFO:root:5
Train: 0.36002787947654724 VAL: 0.29859626293182373
INFO:root:6
Train: 0.36225154995918274 VAL: 0.26549020409584045
INFO:root:7
Train: 0.3245335817337036 VAL: 0.26403966546058655
INFO:root:8
Train: 0.3366081714630127 VAL: 0.24965333938598633
INFO:root:9
Train: 0.3270738124847412 VAL: 0.2497658133506775
INFO:root:10
Train: 0.32194653153419495 VAL: 0.25515973567962646
INFO:root:11
Train: 0.3082638084888458 VAL: 0.25239092111587524
INFO:root:12
Train: 0.32188963890075684 VAL: 0.26323115825653076
INFO:root:13
Train: 0.32092350721359253 VAL: 0.24969390034675598
INFO:root:14
Train: 0.3042944371700287 VAL: 0.24947524070739746
INFO:root:15
Train: 0.3183431625366211 VAL: 0.2565018832683563
INFO:root:16
Train: 0.30247563123703003 VAL: 0.25040486454963684
INFO:root:17
Train: 0.3210289180278778 VAL: 0.24947085976600647
INFO:root:18
Train: 0.314363569021225 VAL: 0.26378533244132996
INFO:root:19
Train: 0.3277575373649597 VAL: 0.2506994903087616
INFO:root:20
Train: 0.3212394416332245 VAL: 0.24574518203735352
INFO:root:21
Train: 0.33306625485420227 VAL: 0.2558513283729553
INFO:root:22
Train: 0.3284268081188202 VAL: 0.25015759468078613
INFO:root:23
Train: 0.3188847005367279 VAL: 0.24665075540542603
INFO:root:24
Train: 0.31703341007232666 VAL: 0.25668972730636597
INFO:root:25
Train: 0.32268744707107544 VAL: 0.24784889817237854
INFO:root:26
Train: 0.29988276958465576 VAL: 0.24566209316253662
INFO:root:27
Train: 0.29807066917419434 VAL: 0.24986323714256287
INFO:root:28
Train: 0.30487582087516785 VAL: 0.24985907971858978
INFO:root:29
Train: 0.31284162402153015 VAL: 0.2543516755104065
INFO:root:30
Train: 0.31508591771125793 VAL: 0.2492448389530182
INFO:root:31
Train: 0.31562113761901855 VAL: 0.2463332712650299
INFO:root:32
Train: 0.3138011395931244 VAL: 0.24495825171470642
INFO:root:33
Train: 0.3167468011379242 VAL: 0.25701749324798584
INFO:root:34
Train: 0.31618934869766235 VAL: 0.24411937594413757
INFO:root:35
Train: 0.3169824481010437 VAL: 0.24510794878005981
INFO:root:36
Train: 0.3179995119571686 VAL: 0.24364419281482697
INFO:root:37
Train: 0.32052135467529297 VAL: 0.2460608333349228
INFO:root:38
Train: 0.31232887506484985 VAL: 0.25822770595550537
INFO:root:39
Train: 0.32038870453834534 VAL: 0.24442997574806213
INFO:root:40
Train: 0.311227411031723 VAL: 0.25398603081703186
INFO:root:41
Train: 0.3132566213607788 VAL: 0.2472684383392334
INFO:root:42
Train: 0.319004088640213 VAL: 0.24288274347782135
INFO:root:43
Train: 0.3045147955417633 VAL: 0.24533198773860931
INFO:root:44
Train: 0.3201453983783722 VAL: 0.2493561953306198
INFO:root:45
Train: 0.307780385017395 VAL: 0.24555590748786926
INFO:root:46
Train: 0.3073302209377289 VAL: 0.24442057311534882
INFO:root:47
Train: 0.31279119849205017 VAL: 0.245624840259552
INFO:root:48
Train: 0.31524837017059326 VAL: 0.25272291898727417
INFO:root:49
Train: 0.30995678901672363 VAL: 0.2443343847990036
INFO:root:50
Train: 0.3124425411224365 VAL: 0.25122255086898804
INFO:root:51
Train: 0.3135465383529663 VAL: 0.24332387745380402
INFO:root:52
Train: 0.31111201643943787 VAL: 0.24508333206176758
INFO:root:53
Train: 0.31070566177368164 VAL: 0.25835055112838745
INFO:root:54
Train: 0.3056477904319763 VAL: 0.24116450548171997
INFO:root:55
Train: 0.3140353262424469 VAL: 0.25112077593803406
INFO:root:56
Train: 0.30699828267097473 VAL: 0.2415563017129898
INFO:root:57
Train: 0.31479284167289734 VAL: 0.25167709589004517
INFO:root:58
Train: 0.30460286140441895 VAL: 0.241764634847641
INFO:root:59
Train: 0.290189653635025 VAL: 0.2512289881706238
INFO:root:60
Train: 0.31165260076522827 VAL: 0.2419975847005844
INFO:root:61
Train: 0.3120217025279999 VAL: 0.24192509055137634
INFO:root:62
Train: 0.2870493233203888 VAL: 0.24451231956481934
INFO:root:63
Train: 0.3057975769042969 VAL: 0.24371618032455444
INFO:root:64
Train: 0.307918906211853 VAL: 0.2450602948665619
INFO:root:65
Train: 0.2827794849872589 VAL: 0.24163572490215302
INFO:root:66
Train: 0.29816481471061707 VAL: 0.24504169821739197
INFO:root:67
Train: 0.30079886317253113 VAL: 0.24438747763633728
INFO:root:68
Train: 0.31013092398643494 VAL: 0.241956889629364
INFO:root:69
Train: 0.2950917184352875 VAL: 0.24394741654396057
INFO:root:70
Train: 0.3085554838180542 VAL: 0.24410085380077362
INFO:root:71
Train: 0.31150370836257935 VAL: 0.2429904341697693
INFO:root:72
Train: 0.3082849681377411 VAL: 0.2431333065032959
INFO:root:73
Train: 0.3120504915714264 VAL: 0.24333256483078003
INFO:root:74
Train: 0.306822806596756 VAL: 0.2433791160583496
INFO:root:75
Train: 0.3120221793651581 VAL: 0.2427820861339569
INFO:root:76
Train: 0.2937726080417633 VAL: 0.241338312625885
INFO:root:77
Train: 0.31064629554748535 VAL: 0.24476860463619232
INFO:root:78
Train: 0.3107975721359253 VAL: 0.24595874547958374
INFO:root:79
Train: 0.31045135855674744 VAL: 0.24170593917369843
INFO:root:80
Train: 0.30905798077583313 VAL: 0.2421720027923584
INFO:root:81
Train: 0.3071863651275635 VAL: 0.2440674901008606
INFO:root:82
Train: 0.3084232807159424 VAL: 0.24263149499893188
INFO:root:83
Train: 0.3079299032688141 VAL: 0.24255946278572083
INFO:root:84
Train: 0.2927227318286896 VAL: 0.24324293434619904
INFO:root:BEST VAL: 0.24324293434619904 TEST : 0.20537757873535156
INFO:root:Namespace(quiet=False, run_id=None, config=None, epochs=200, fold=4, batch_size=128, learn_rate=0.001, betas=(0.9, 0.999), weight_decay=0.001, hidden_size=32, kernel_init='skew-symmetric', note='', seed=None, nlayers=3, attn_head=2, latent_dim=32, dataset='physionet2012')
INFO:root:{'input_dim': 37, 'attn_head': 2, 'latent_dim': 32, 'n_layers': 3, 'device': device(type='cuda')}
INFO:root:1
Train: 0.4574289619922638 VAL: 0.3822810649871826
INFO:root:2
Train: 0.3622203469276428 VAL: 0.33001580834388733
INFO:root:3
Train: 0.3232499957084656 VAL: 0.30849751830101013
INFO:root:4
Train: 0.3050003945827484 VAL: 0.29527825117111206
INFO:root:5
Train: 0.2983987629413605 VAL: 0.2947668135166168
INFO:root:6
Train: 0.3011244535446167 VAL: 0.2963857650756836
INFO:root:7
Train: 0.29841184616088867 VAL: 0.2981029748916626
INFO:root:8
Train: 0.29714497923851013 VAL: 0.3033117353916168
INFO:root:9
Train: 0.2958533465862274 VAL: 0.29235178232192993
INFO:root:10
Train: 0.2957542836666107 VAL: 0.2918562889099121
INFO:root:11
Train: 0.29332178831100464 VAL: 0.29118725657463074
INFO:root:12
Train: 0.2924279570579529 VAL: 0.2914355993270874
INFO:root:13
Train: 0.2918708026409149 VAL: 0.2890627384185791
INFO:root:14
Train: 0.2918194532394409 VAL: 0.2935939431190491
INFO:root:15
Train: 0.2912790775299072 VAL: 0.28975406289100647
INFO:root:16
Train: 0.29114052653312683 VAL: 0.2894858121871948
INFO:root:17
Train: 0.29102227091789246 VAL: 0.2895940840244293
INFO:root:18
Train: 0.29047900438308716 VAL: 0.28867247700691223
INFO:root:19
Train: 0.2890555262565613 VAL: 0.2899271845817566
INFO:root:20
Train: 0.2903396189212799 VAL: 0.28813427686691284
INFO:root:21
Train: 0.28847479820251465 VAL: 0.28960558772087097
INFO:root:22
Train: 0.2883235514163971 VAL: 0.28959715366363525
INFO:root:23
Train: 0.2874853014945984 VAL: 0.29035961627960205
INFO:root:24
Train: 0.2889350652694702 VAL: 0.29035356640815735
INFO:root:25
Train: 0.2877199649810791 VAL: 0.29041337966918945
INFO:root:26
Train: 0.2864334285259247 VAL: 0.28930798172950745
INFO:root:27
Train: 0.28837186098098755 VAL: 0.2904961407184601
INFO:root:28
Train: 0.2868351936340332 VAL: 0.28762853145599365
INFO:root:29
Train: 0.2849508225917816 VAL: 0.28995245695114136
INFO:root:30
Train: 0.285196989774704 VAL: 0.2880752980709076
INFO:root:31
Train: 0.2848953306674957 VAL: 0.2896716594696045
INFO:root:32
Train: 0.2851172387599945 VAL: 0.2869756519794464
INFO:root:33
Train: 0.28393882513046265 VAL: 0.2896912693977356
INFO:root:34
Train: 0.28426438570022583 VAL: 0.2890705466270447
INFO:root:35
Train: 0.283244252204895 VAL: 0.28989163041114807
INFO:root:36
Train: 0.2842133939266205 VAL: 0.2881540060043335
INFO:root:37
Train: 0.2840798497200012 VAL: 0.28783589601516724
INFO:root:38
Train: 0.28168511390686035 VAL: 0.2878206968307495
INFO:root:39
Train: 0.28258755803108215 VAL: 0.290881872177124
INFO:root:40
Train: 0.2829588055610657 VAL: 0.28780490159988403
INFO:root:41
Train: 0.2814531922340393 VAL: 0.288290798664093
INFO:root:42
Train: 0.2822320759296417 VAL: 0.287090003490448
INFO:root:43
Train: 0.28239718079566956 VAL: 0.2888297736644745
INFO:root:44
Train: 0.2799951732158661 VAL: 0.286990225315094
INFO:root:45
Train: 0.2787817716598511 VAL: 0.2863171100616455
INFO:root:46
Train: 0.2781643569469452 VAL: 0.28889715671539307
INFO:root:47
Train: 0.27799302339553833 VAL: 0.28614896535873413
INFO:root:48
Train: 0.277066707611084 VAL: 0.2871807813644409
INFO:root:49
Train: 0.2769180238246918 VAL: 0.2862718999385834
INFO:root:50
Train: 0.2774967849254608 VAL: 0.2881515622138977
INFO:root:51
Train: 0.2762710750102997 VAL: 0.28904908895492554
INFO:root:52
Train: 0.2765096426010132 VAL: 0.2872277796268463
INFO:root:53
Train: 0.27613142132759094 VAL: 0.28848379850387573
INFO:root:54
Train: 0.27616065740585327 VAL: 0.28690147399902344
INFO:root:55
Train: 0.2748281955718994 VAL: 0.2874336242675781
INFO:root:56
Train: 0.2754785418510437 VAL: 0.28755122423171997
INFO:root:57
Train: 0.2751134932041168 VAL: 0.28711116313934326
INFO:root:58
Train: 0.27364689111709595 VAL: 0.2870742082595825
INFO:root:59
Train: 0.27256932854652405 VAL: 0.28688734769821167
INFO:root:60
Train: 0.272498220205307 VAL: 0.28725171089172363
INFO:root:61
Train: 0.2716962993144989 VAL: 0.28749948740005493
INFO:root:62
Train: 0.27189838886260986 VAL: 0.2865903079509735
INFO:root:63
Train: 0.2717127501964569 VAL: 0.2890898585319519
INFO:root:64
Train: 0.27055609226226807 VAL: 0.2863001227378845
INFO:root:65
Train: 0.27046263217926025 VAL: 0.28675001859664917
INFO:root:66
Train: 0.2711832523345947 VAL: 0.2881253957748413
INFO:root:67
Train: 0.27077555656433105 VAL: 0.2868375778198242
INFO:root:68
Train: 0.2695689797401428 VAL: 0.28753456473350525
INFO:root:69
Train: 0.2700134515762329 VAL: 0.2873671054840088
INFO:root:70
Train: 0.26932525634765625 VAL: 0.28673437237739563
INFO:root:71
Train: 0.26821067929267883 VAL: 0.28764963150024414
INFO:root:72
Train: 0.267852246761322 VAL: 0.2878703474998474
INFO:root:73
Train: 0.26817384362220764 VAL: 0.2877025306224823
INFO:root:74
Train: 0.2679058015346527 VAL: 0.28744128346443176
INFO:root:75
Train: 0.26732975244522095 VAL: 0.28747695684432983
INFO:root:76
Train: 0.26729339361190796 VAL: 0.28883615136146545
INFO:root:77
Train: 0.266876757144928 VAL: 0.288470059633255
INFO:root:BEST VAL: 0.288470059633255 TEST : 0.2858985662460327
