INFO:root:Namespace(quiet=False, run_id=None, config=None, epochs=200, fold=1, batch_size=128, learn_rate=0.001, betas=(0.9, 0.999), weight_decay=0.001, hidden_size=32, kernel_init='skew-symmetric', note='', seed=None, nlayers=3, attn_head=1, latent_dim=256, dataset='ushcn')
INFO:root:{'input_dim': 5, 'attn_head': 1, 'latent_dim': 256, 'n_layers': 3, 'device': device(type='cuda')}
INFO:root:1
Train: 12.310894966125488 VAL: 0.6165305376052856
INFO:root:2
Train: 0.7131507396697998 VAL: 0.5836204290390015
INFO:root:3
Train: 0.493221640586853 VAL: 0.6075112819671631
INFO:root:4
Train: 0.4644276797771454 VAL: 0.45038726925849915
INFO:root:5
Train: 0.41794058680534363 VAL: 0.4321637451648712
INFO:root:6
Train: 0.37941697239875793 VAL: 0.4216739535331726
INFO:root:7
Train: 0.3807089030742645 VAL: 0.40206557512283325
INFO:root:8
Train: 0.3181401789188385 VAL: 0.41748857498168945
INFO:root:9
Train: 1.1456756591796875 VAL: 0.7490826845169067
INFO:root:10
Train: 0.5510372519493103 VAL: 0.4523295760154724
INFO:root:11
Train: 0.4389595091342926 VAL: 0.4382965862751007
INFO:root:12
Train: 0.4009877145290375 VAL: 0.42785412073135376
INFO:root:13
Train: 0.3619016706943512 VAL: 0.4213707447052002
INFO:root:14
Train: 0.38559484481811523 VAL: 0.4514526128768921
INFO:root:15
Train: 0.4024008810520172 VAL: 0.43389174342155457
INFO:root:16
Train: 0.405108243227005 VAL: 0.4298595190048218
INFO:root:17
Train: 0.371491938829422 VAL: 0.4104442000389099
INFO:root:18
Train: 0.3582291305065155 VAL: 0.4101194739341736
INFO:root:19
Train: 0.3695099353790283 VAL: 0.4274064600467682
INFO:root:20
Train: 0.36949512362480164 VAL: 0.4065070152282715
INFO:root:21
Train: 0.3593185245990753 VAL: 0.4081656038761139
INFO:root:22
Train: 0.3547084629535675 VAL: 0.40405023097991943
INFO:root:23
Train: 0.35236987471580505 VAL: 0.40488308668136597
INFO:root:24
Train: 0.34273457527160645 VAL: 0.4085145890712738
INFO:root:25
Train: 0.33692264556884766 VAL: 0.41352200508117676
INFO:root:26
Train: 0.37195321917533875 VAL: 0.44576025009155273
INFO:root:27
Train: 0.35826990008354187 VAL: 0.40940776467323303
INFO:root:28
Train: 0.37134552001953125 VAL: 0.4124990701675415
INFO:root:29
Train: 0.3570682108402252 VAL: 0.4092082977294922
INFO:root:30
Train: 0.34862765669822693 VAL: 0.4057874083518982
INFO:root:31
Train: 0.348565012216568 VAL: 0.4058213531970978
INFO:root:32
Train: 0.341360479593277 VAL: 0.406344473361969
INFO:root:33
Train: 0.3312033712863922 VAL: 0.41225484013557434
INFO:root:34
Train: 0.3494687080383301 VAL: 0.4048677086830139
INFO:root:35
Train: 0.34769654273986816 VAL: 0.4072993993759155
INFO:root:36
Train: 0.3424656093120575 VAL: 0.40783703327178955
INFO:root:37
Train: 0.33679744601249695 VAL: 0.405873566865921
INFO:root:BEST VAL: 0.405873566865921 TEST : 0.30257850885391235
