INFO:root:Namespace(quiet=False, run_id=None, config=None, epochs=200, fold=2, batch_size=64, learn_rate=0.001, betas=(0.9, 0.999), weight_decay=0.001, hidden_size=32, kernel_init='skew-symmetric', note='', seed=None, nlayers=1, attn_head=4, latent_dim=32, dataset='mimiciii')
INFO:root:{'input_dim': 96, 'attn_head': 4, 'latent_dim': 32, 'n_layers': 1, 'device': device(type='cuda')}
INFO:root:1
Train: 0.5765929818153381 VAL: 0.5706053972244263
INFO:root:2
Train: 0.5181702375411987 VAL: 0.5378415584564209
INFO:root:3
Train: 0.48536503314971924 VAL: 0.5168955326080322
INFO:root:4
Train: 0.46976491808891296 VAL: 0.5071296691894531
INFO:root:5
Train: 0.45736050605773926 VAL: 0.48970091342926025
INFO:root:6
Train: 0.454277902841568 VAL: 0.47996985912323
INFO:root:7
Train: 0.4419150948524475 VAL: 0.48133450746536255
INFO:root:8
Train: 0.43757906556129456 VAL: 0.4679884910583496
INFO:root:9
Train: 0.4330260753631592 VAL: 0.46841517090797424
INFO:root:10
Train: 0.42769789695739746 VAL: 0.4737434387207031
INFO:root:11
Train: 0.4224785566329956 VAL: 0.45550185441970825
INFO:root:12
Train: 0.4212488532066345 VAL: 0.45126092433929443
INFO:root:13
Train: 0.4223686158657074 VAL: 0.454298198223114
INFO:root:14
Train: 0.41603440046310425 VAL: 0.4599151611328125
INFO:root:15
Train: 0.4178045690059662 VAL: 0.44296902418136597
INFO:root:16
Train: 0.4155978858470917 VAL: 0.4692500829696655
INFO:root:17
Train: 0.41102537512779236 VAL: 0.4314436614513397
INFO:root:18
Train: 0.41191598773002625 VAL: 0.43237078189849854
INFO:root:19
Train: 0.41065868735313416 VAL: 0.44074249267578125
INFO:root:20
Train: 0.4095872640609741 VAL: 0.43292561173439026
INFO:root:21
Train: 0.40753117203712463 VAL: 0.43391555547714233
INFO:root:22
Train: 0.40656453371047974 VAL: 0.4395785927772522
INFO:root:23
Train: 0.4070250689983368 VAL: 0.44612008333206177
INFO:root:24
Train: 0.4078603982925415 VAL: 0.44263389706611633
INFO:root:25
Train: 0.4032616913318634 VAL: 0.44455134868621826
INFO:root:26
Train: 0.40140655636787415 VAL: 0.4362736642360687
INFO:root:27
Train: 0.4027884602546692 VAL: 0.4402864873409271
INFO:root:28
Train: 0.4007820188999176 VAL: 0.4501374363899231
INFO:root:29
Train: 0.3975018858909607 VAL: 0.4344976842403412
INFO:root:30
Train: 0.39648473262786865 VAL: 0.4447180926799774
INFO:root:31
Train: 0.3969782888889313 VAL: 0.43613600730895996
INFO:root:32
Train: 0.3950158357620239 VAL: 0.44392067193984985
INFO:root:33
Train: 0.3968532085418701 VAL: 0.4250096082687378
INFO:root:34
Train: 0.394218385219574 VAL: 0.4326580762863159
INFO:root:35
Train: 0.3965819478034973 VAL: 0.42846888303756714
INFO:root:36
Train: 0.3922629654407501 VAL: 0.4277282953262329
INFO:root:37
Train: 0.3923124074935913 VAL: 0.4322468340396881
INFO:root:38
Train: 0.39072102308273315 VAL: 0.4320913553237915
INFO:root:39
Train: 0.39093559980392456 VAL: 0.4442010819911957
INFO:root:40
Train: 0.3905127942562103 VAL: 0.4426119029521942
INFO:root:41
Train: 0.39346250891685486 VAL: 0.43177586793899536
INFO:root:42
Train: 0.38808757066726685 VAL: 0.4458147883415222
INFO:root:43
Train: 0.388228178024292 VAL: 0.4375884532928467
INFO:root:44
Train: 0.38772544264793396 VAL: 0.4340932369232178
INFO:root:45
Train: 0.3855574131011963 VAL: 0.43191567063331604
INFO:root:46
Train: 0.385176420211792 VAL: 0.42642682790756226
INFO:root:47
Train: 0.38493645191192627 VAL: 0.4377076029777527
INFO:root:48
Train: 0.3850855231285095 VAL: 0.43303531408309937
INFO:root:49
Train: 0.3845006823539734 VAL: 0.42791956663131714
INFO:root:50
Train: 0.3829355537891388 VAL: 0.4326258897781372
INFO:root:51
Train: 0.3833857774734497 VAL: 0.4378734230995178
INFO:root:52
Train: 0.38075220584869385 VAL: 0.4362671375274658
INFO:root:53
Train: 0.38258323073387146 VAL: 0.43569427728652954
INFO:root:54
Train: 0.3828039765357971 VAL: 0.4348142743110657
INFO:root:55
Train: 0.38227927684783936 VAL: 0.43507736921310425
INFO:root:56
Train: 0.3790634870529175 VAL: 0.4344492554664612
INFO:root:57
Train: 0.37654218077659607 VAL: 0.43418723344802856
INFO:root:58
Train: 0.38137295842170715 VAL: 0.4346437454223633
INFO:root:59
Train: 0.37807393074035645 VAL: 0.4362032413482666
INFO:root:60
Train: 0.38215604424476624 VAL: 0.4334690272808075
INFO:root:61
Train: 0.3793806731700897 VAL: 0.4331623911857605
INFO:root:62
Train: 0.37916266918182373 VAL: 0.4346686005592346
INFO:root:63
Train: 0.3781737685203552 VAL: 0.4332377314567566
INFO:root:BEST VAL: 0.4332377314567566 TEST : 0.4094645380973816
