INFO:root:Namespace(quiet=False, run_id=None, config=None, epochs=200, fold=1, batch_size=64, learn_rate=0.001, betas=(0.9, 0.999), weight_decay=0.001, hidden_size=32, kernel_init='skew-symmetric', note='', seed=None, nlayers=1, attn_head=2, latent_dim=32, dataset='mimiciii')
INFO:root:{'input_dim': 96, 'attn_head': 2, 'latent_dim': 32, 'n_layers': 1, 'device': device(type='cuda')}
INFO:root:1
Train: 0.6941547989845276 VAL: 0.7004667520523071
INFO:root:2
Train: 0.6253166794776917 VAL: 0.658310055732727
INFO:root:3
Train: 0.5777401924133301 VAL: 0.6414583921432495
INFO:root:4
Train: 0.5548359751701355 VAL: 0.596619725227356
INFO:root:5
Train: 0.5475804805755615 VAL: 0.5845763087272644
INFO:root:6
Train: 0.5321208238601685 VAL: 0.5760337710380554
INFO:root:7
Train: 0.5288261771202087 VAL: 0.5777721405029297
INFO:root:8
Train: 0.5217977166175842 VAL: 0.5667816400527954
INFO:root:9
Train: 0.5120842456817627 VAL: 0.5637680888175964
INFO:root:10
Train: 0.5135833621025085 VAL: 0.5511464476585388
INFO:root:11
Train: 0.5046101808547974 VAL: 0.5463504791259766
INFO:root:12
Train: 0.502348005771637 VAL: 0.5605120062828064
INFO:root:13
Train: 0.5001463890075684 VAL: 0.5401507616043091
INFO:root:14
Train: 0.499891459941864 VAL: 0.5506547689437866
INFO:root:15
Train: 0.4979269504547119 VAL: 0.563335120677948
INFO:root:16
Train: 0.495442658662796 VAL: 0.5551681518554688
INFO:root:17
Train: 0.49033743143081665 VAL: 0.5397255420684814
INFO:root:18
Train: 0.4913494288921356 VAL: 0.5392392873764038
INFO:root:19
Train: 0.4881258010864258 VAL: 0.5310311913490295
INFO:root:20
Train: 0.4887305200099945 VAL: 0.5297520160675049
INFO:root:21
Train: 0.48702967166900635 VAL: 0.5313307642936707
INFO:root:22
Train: 0.4865882992744446 VAL: 0.5325742363929749
INFO:root:23
Train: 0.48556241393089294 VAL: 0.5342034101486206
INFO:root:24
Train: 0.48619839549064636 VAL: 0.5320095419883728
INFO:root:25
Train: 0.4847285747528076 VAL: 0.536102294921875
INFO:root:26
Train: 0.4782191216945648 VAL: 0.5354416966438293
INFO:root:27
Train: 0.4808824956417084 VAL: 0.5400344133377075
INFO:root:28
Train: 0.4816071391105652 VAL: 0.5509770512580872
INFO:root:29
Train: 0.47950929403305054 VAL: 0.5481245517730713
INFO:root:30
Train: 0.47879791259765625 VAL: 0.5408554673194885
INFO:root:31
Train: 0.47611191868782043 VAL: 0.5266770720481873
INFO:root:32
Train: 0.4781845510005951 VAL: 0.5313788652420044
INFO:root:33
Train: 0.4772386848926544 VAL: 0.5421565175056458
INFO:root:34
Train: 0.4779112935066223 VAL: 0.5394815802574158
INFO:root:35
Train: 0.47417765855789185 VAL: 0.5264288187026978
INFO:root:36
Train: 0.4733469486236572 VAL: 0.5343220829963684
INFO:root:37
Train: 0.47106218338012695 VAL: 0.538478434085846
INFO:root:38
Train: 0.47063711285591125 VAL: 0.5455640554428101
INFO:root:39
Train: 0.46931207180023193 VAL: 0.5395079851150513
INFO:root:40
Train: 0.46902477741241455 VAL: 0.5221781134605408
INFO:root:41
Train: 0.46900179982185364 VAL: 0.5399593710899353
INFO:root:42
Train: 0.4665493369102478 VAL: 0.5430223345756531
INFO:root:43
Train: 0.46740850806236267 VAL: 0.5522351264953613
INFO:root:44
Train: 0.4691115617752075 VAL: 0.5407650470733643
INFO:root:45
Train: 0.4671001732349396 VAL: 0.5497367978096008
INFO:root:46
Train: 0.4647257626056671 VAL: 0.536286473274231
INFO:root:47
Train: 0.4662557542324066 VAL: 0.5321150422096252
INFO:root:48
Train: 0.46158361434936523 VAL: 0.5523011684417725
INFO:root:49
Train: 0.46587854623794556 VAL: 0.5401776432991028
INFO:root:50
Train: 0.46072643995285034 VAL: 0.5439632534980774
INFO:root:51
Train: 0.46289458870887756 VAL: 0.5291069746017456
INFO:root:52
Train: 0.4517681896686554 VAL: 0.5526223182678223
INFO:root:53
Train: 0.45152539014816284 VAL: 0.5414000153541565
INFO:root:54
Train: 0.4462701082229614 VAL: 0.5454441905021667
INFO:root:55
Train: 0.4496496021747589 VAL: 0.5400888323783875
INFO:root:56
Train: 0.4451136291027069 VAL: 0.5345980525016785
INFO:root:57
Train: 0.4475652575492859 VAL: 0.5446142554283142
INFO:root:58
Train: 0.4449937343597412 VAL: 0.5426086783409119
INFO:root:59
Train: 0.4428565502166748 VAL: 0.5400258302688599
INFO:root:60
Train: 0.44422924518585205 VAL: 0.5447388887405396
INFO:root:Namespace(quiet=False, run_id=None, config=None, epochs=200, fold=1, batch_size=64, learn_rate=0.001, betas=(0.9, 0.999), weight_decay=0.001, hidden_size=32, kernel_init='skew-symmetric', note='', seed=None, nlayers=1, attn_head=2, latent_dim=32, dataset='mimiciii')
INFO:root:{'input_dim': 96, 'attn_head': 2, 'latent_dim': 32, 'n_layers': 1, 'device': device(type='cuda')}
INFO:root:1
Train: 0.5690820217132568 VAL: 0.535751461982727
INFO:root:2
Train: 0.5035682916641235 VAL: 0.5033873319625854
INFO:root:3
Train: 0.4695287048816681 VAL: 0.4943488836288452
INFO:root:4
Train: 0.4563435912132263 VAL: 0.4710678160190582
INFO:root:5
Train: 0.4446850121021271 VAL: 0.4706183671951294
INFO:root:6
Train: 0.43761247396469116 VAL: 0.4549787640571594
INFO:root:7
Train: 0.4292752146720886 VAL: 0.46354231238365173
INFO:root:8
Train: 0.4235166907310486 VAL: 0.45022398233413696
INFO:root:9
Train: 0.420380175113678 VAL: 0.4422953128814697
INFO:root:10
Train: 0.415762335062027 VAL: 0.4414209723472595
INFO:root:11
Train: 0.4148418605327606 VAL: 0.43254756927490234
INFO:root:12
Train: 0.40798112750053406 VAL: 0.4314054846763611
INFO:root:13
Train: 0.4081627428531647 VAL: 0.44317591190338135
INFO:root:14
Train: 0.4054804742336273 VAL: 0.42479467391967773
INFO:root:15
Train: 0.4028390944004059 VAL: 0.42769160866737366
INFO:root:16
Train: 0.3984476923942566 VAL: 0.4209039807319641
INFO:root:17
Train: 0.40310296416282654 VAL: 0.4175206422805786
INFO:root:18
Train: 0.4013958275318146 VAL: 0.42731547355651855
INFO:root:19
Train: 0.40314048528671265 VAL: 0.4171694219112396
INFO:root:20
Train: 0.3976442217826843 VAL: 0.4182361662387848
INFO:root:21
Train: 0.3969673216342926 VAL: 0.41630083322525024
INFO:root:22
Train: 0.39550507068634033 VAL: 0.41889405250549316
INFO:root:23
Train: 0.3939838409423828 VAL: 0.41575056314468384
INFO:root:24
Train: 0.39411309361457825 VAL: 0.409167617559433
INFO:root:25
Train: 0.39509159326553345 VAL: 0.41515272855758667
INFO:root:26
Train: 0.3922618329524994 VAL: 0.41794031858444214
INFO:root:27
Train: 0.38895559310913086 VAL: 0.4120877981185913
INFO:root:28
Train: 0.3892516493797302 VAL: 0.41412436962127686
INFO:root:29
Train: 0.39042389392852783 VAL: 0.41366061568260193
INFO:root:30
Train: 0.3912544846534729 VAL: 0.41187766194343567
INFO:root:31
Train: 0.38646164536476135 VAL: 0.40997710824012756
INFO:root:32
Train: 0.3843173086643219 VAL: 0.4081456661224365
INFO:root:33
Train: 0.3845948874950409 VAL: 0.4119703769683838
INFO:root:34
Train: 0.38171979784965515 VAL: 0.4110925793647766
INFO:root:35
Train: 0.3835504353046417 VAL: 0.41445034742355347
INFO:root:36
Train: 0.3798772990703583 VAL: 0.4101771414279938
INFO:root:37
Train: 0.3796785771846771 VAL: 0.40827396512031555
INFO:root:38
Train: 0.3771621286869049 VAL: 0.41299301385879517
INFO:root:39
Train: 0.3774133026599884 VAL: 0.4114015996456146
INFO:root:40
Train: 0.3796893060207367 VAL: 0.41323208808898926
INFO:root:41
Train: 0.3796689808368683 VAL: 0.41086483001708984
INFO:root:42
Train: 0.37597277760505676 VAL: 0.40429219603538513
INFO:root:43
Train: 0.3729683458805084 VAL: 0.406375527381897
INFO:root:44
Train: 0.3730529844760895 VAL: 0.4090866446495056
INFO:root:45
Train: 0.3747713267803192 VAL: 0.4111853241920471
INFO:root:46
Train: 0.3719709515571594 VAL: 0.40639829635620117
INFO:root:47
Train: 0.37207892537117004 VAL: 0.4056890606880188
INFO:root:48
Train: 0.3705919086933136 VAL: 0.40778422355651855
INFO:root:49
Train: 0.3733939826488495 VAL: 0.4065310060977936
INFO:root:50
Train: 0.3685115873813629 VAL: 0.40897202491760254
INFO:root:51
Train: 0.37057873606681824 VAL: 0.40729665756225586
INFO:root:52
Train: 0.36981162428855896 VAL: 0.4047314524650574
INFO:root:53
Train: 0.37087830901145935 VAL: 0.401149719953537
INFO:root:54
Train: 0.36993035674095154 VAL: 0.4075838327407837
INFO:root:55
Train: 0.36763641238212585 VAL: 0.4058871567249298
INFO:root:56
Train: 0.3697614073753357 VAL: 0.4011068642139435
INFO:root:57
Train: 0.3660684823989868 VAL: 0.40178418159484863
INFO:root:58
Train: 0.3654986619949341 VAL: 0.401137113571167
INFO:root:59
Train: 0.3660421073436737 VAL: 0.4037315547466278
INFO:root:60
Train: 0.3660530149936676 VAL: 0.4037478268146515
INFO:root:61
Train: 0.3646999001502991 VAL: 0.4016570448875427
INFO:root:62
Train: 0.36518043279647827 VAL: 0.39734068512916565
INFO:root:63
Train: 0.3617984652519226 VAL: 0.40223705768585205
INFO:root:64
Train: 0.3610428273677826 VAL: 0.39941003918647766
INFO:root:65
Train: 0.3608369827270508 VAL: 0.4050130844116211
INFO:root:66
Train: 0.3623760938644409 VAL: 0.4015581011772156
INFO:root:67
Train: 0.35910356044769287 VAL: 0.4024074971675873
INFO:root:68
Train: 0.36068809032440186 VAL: 0.40707629919052124
INFO:root:69
Train: 0.35825321078300476 VAL: 0.4048912227153778
INFO:root:70
Train: 0.3568245470523834 VAL: 0.39976149797439575
INFO:root:71
Train: 0.3558517396450043 VAL: 0.40015894174575806
INFO:root:72
Train: 0.3555305004119873 VAL: 0.3973984718322754
INFO:root:73
Train: 0.3533596396446228 VAL: 0.40157967805862427
INFO:root:74
Train: 0.3498094379901886 VAL: 0.3997756540775299
INFO:root:75
Train: 0.34820356965065 VAL: 0.397102028131485
INFO:root:76
Train: 0.3499908745288849 VAL: 0.3973020613193512
INFO:root:77
Train: 0.35043865442276 VAL: 0.4018407464027405
INFO:root:78
Train: 0.35071104764938354 VAL: 0.3950333595275879
INFO:root:79
Train: 0.34965330362319946 VAL: 0.39824429154396057
INFO:root:80
Train: 0.34746187925338745 VAL: 0.39876294136047363
INFO:root:81
Train: 0.3489510118961334 VAL: 0.396706223487854
INFO:root:82
Train: 0.3494075536727905 VAL: 0.4028039574623108
INFO:root:83
Train: 0.34703806042671204 VAL: 0.3975684344768524
INFO:root:84
Train: 0.34619030356407166 VAL: 0.3993462026119232
INFO:root:85
Train: 0.3469086289405823 VAL: 0.3995990455150604
INFO:root:86
Train: 0.3466923236846924 VAL: 0.39901071786880493
INFO:root:87
Train: 0.3454528748989105 VAL: 0.4018273949623108
INFO:root:88
Train: 0.3449915945529938 VAL: 0.3991093039512634
INFO:root:89
Train: 0.34594064950942993 VAL: 0.3989926278591156
INFO:root:90
Train: 0.3449299931526184 VAL: 0.39762717485427856
INFO:root:91
Train: 0.341813862323761 VAL: 0.3986765742301941
INFO:root:92
Train: 0.3437741696834564 VAL: 0.3986266255378723
INFO:root:93
Train: 0.3410095274448395 VAL: 0.39845630526542664
INFO:root:94
Train: 0.34329429268836975 VAL: 0.3972247242927551
INFO:root:95
Train: 0.3427664339542389 VAL: 0.3982714116573334
INFO:root:96
Train: 0.3426094353199005 VAL: 0.3980666995048523
INFO:root:97
Train: 0.3416183590888977 VAL: 0.39750936627388
INFO:root:98
Train: 0.3428381383419037 VAL: 0.3976048529148102
INFO:root:99
Train: 0.34047573804855347 VAL: 0.40095508098602295
INFO:root:100
Train: 0.3389139175415039 VAL: 0.3981305956840515
INFO:root:101
Train: 0.34025242924690247 VAL: 0.3986528515815735
INFO:root:102
Train: 0.3392481803894043 VAL: 0.3982134163379669
INFO:root:103
Train: 0.34009990096092224 VAL: 0.3984745740890503
INFO:root:104
Train: 0.3392832279205322 VAL: 0.398084431886673
INFO:root:105
Train: 0.33949747681617737 VAL: 0.39661702513694763
INFO:root:106
Train: 0.33934637904167175 VAL: 0.3982800245285034
INFO:root:107
Train: 0.33903801441192627 VAL: 0.3984187841415405
INFO:root:108
Train: 0.33826231956481934 VAL: 0.3981787860393524
INFO:root:BEST VAL: 0.3981787860393524 TEST : 0.4900387227535248
