INFO:root:Namespace(quiet=False, run_id=None, config=None, epochs=200, fold=4, batch_size=128, learn_rate=0.001, betas=(0.9, 0.999), weight_decay=0.001, hidden_size=32, kernel_init='skew-symmetric', note='', seed=None, nlayers=4, attn_head=4, latent_dim=256, dataset='ushcn')
INFO:root:{'input_dim': 5, 'attn_head': 4, 'latent_dim': 256, 'n_layers': 4, 'device': device(type='cuda')}
INFO:root:1
Train: 15.327204704284668 VAL: 0.6839746236801147
INFO:root:2
Train: 0.6638736724853516 VAL: 0.4848901033401489
INFO:root:3
Train: 0.5783486366271973 VAL: 0.4353659152984619
INFO:root:4
Train: 0.48969295620918274 VAL: 0.3317776322364807
INFO:root:5
Train: 0.5062771439552307 VAL: 0.3394356369972229
INFO:root:6
Train: 0.4787631034851074 VAL: 0.32738420367240906
INFO:root:7
Train: 0.38274896144866943 VAL: 0.27525559067726135
INFO:root:8
Train: 0.3510033190250397 VAL: 0.26999011635780334
INFO:root:9
Train: 0.33902978897094727 VAL: 0.2553521692752838
INFO:root:10
Train: 0.3400649130344391 VAL: 0.25033247470855713
INFO:root:11
Train: 0.3139555752277374 VAL: 0.25130999088287354
INFO:root:12
Train: 0.32993313670158386 VAL: 0.2672351896762848
INFO:root:Namespace(quiet=False, run_id=None, config=None, epochs=200, fold=4, batch_size=128, learn_rate=0.001, betas=(0.9, 0.999), weight_decay=0.001, hidden_size=32, kernel_init='skew-symmetric', note='', seed=None, nlayers=4, attn_head=4, latent_dim=256, dataset='ushcn')
INFO:root:{'input_dim': 5, 'attn_head': 4, 'latent_dim': 256, 'n_layers': 4, 'device': device(type='cuda')}
INFO:root:1
Train: 17.975187301635742 VAL: 0.8260811567306519
INFO:root:2
Train: 0.7634572982788086 VAL: 0.5993165373802185
INFO:root:3
Train: 0.5936786532402039 VAL: 0.4759771227836609
INFO:root:4
Train: 0.469643235206604 VAL: 0.29227229952812195
INFO:root:5
Train: 0.502897322177887 VAL: 0.33096036314964294
INFO:root:6
Train: 0.5539565682411194 VAL: 0.28431451320648193
INFO:root:7
Train: 0.43520721793174744 VAL: 0.30165451765060425
INFO:root:8
Train: 0.3904571235179901 VAL: 0.2619267702102661
INFO:root:9
Train: 0.3568479120731354 VAL: 0.2624298334121704
INFO:root:10
Train: 0.34313154220581055 VAL: 0.275197833776474
INFO:root:11
Train: 0.32324573397636414 VAL: 0.2503553628921509
INFO:root:12
Train: 0.3391246795654297 VAL: 0.25173261761665344
INFO:root:13
Train: 0.33144548535346985 VAL: 0.24940185248851776
INFO:root:14
Train: 0.32928356528282166 VAL: 0.2561034858226776
INFO:root:15
Train: 0.32252052426338196 VAL: 0.25119006633758545
INFO:root:16
Train: 0.31284645199775696 VAL: 0.24563463032245636
INFO:root:17
Train: 0.30677637457847595 VAL: 0.24493636190891266
INFO:root:18
Train: 0.332927942276001 VAL: 0.27456802129745483
INFO:root:19
Train: 0.3185560405254364 VAL: 0.2683558166027069
INFO:root:20
Train: 0.32825860381126404 VAL: 0.24458567798137665
INFO:root:21
Train: 0.30963680148124695 VAL: 0.25257307291030884
INFO:root:22
Train: 0.3120734989643097 VAL: 0.251910537481308
INFO:root:23
Train: 0.31478628516197205 VAL: 0.2525957524776459
INFO:root:24
Train: 0.3017732799053192 VAL: 0.2543444037437439
INFO:root:25
Train: 0.32244256138801575 VAL: 0.2501254081726074
INFO:root:26
Train: 0.28768083453178406 VAL: 0.2533505856990814
INFO:root:27
Train: 0.3159430921077728 VAL: 0.24302361905574799
INFO:root:28
Train: 0.3097277879714966 VAL: 0.2589348256587982
INFO:root:29
Train: 0.3212699592113495 VAL: 0.2651214003562927
INFO:root:30
Train: 0.3204365074634552 VAL: 0.24358758330345154
INFO:root:31
Train: 0.30997470021247864 VAL: 0.243124321103096
INFO:root:32
Train: 0.29415497183799744 VAL: 0.2638128101825714
INFO:root:33
Train: 0.3118458092212677 VAL: 0.24776902794837952
INFO:root:34
Train: 0.3109302520751953 VAL: 0.2462809532880783
INFO:root:35
Train: 0.30157217383384705 VAL: 0.24706535041332245
INFO:root:36
Train: 0.3099813759326935 VAL: 0.24028638005256653
INFO:root:37
Train: 0.3188011050224304 VAL: 0.2549234628677368
INFO:root:38
Train: 0.3192271888256073 VAL: 0.26042336225509644
INFO:root:39
Train: 0.32104310393333435 VAL: 0.2502916157245636
INFO:root:40
Train: 0.322234183549881 VAL: 0.24256746470928192
INFO:root:41
Train: 0.29467082023620605 VAL: 0.2421548068523407
INFO:root:42
Train: 0.31648653745651245 VAL: 0.24194961786270142
INFO:root:43
Train: 0.31282806396484375 VAL: 0.24358123540878296
INFO:root:44
Train: 0.31457456946372986 VAL: 0.24739965796470642
INFO:root:45
Train: 0.3103638291358948 VAL: 0.2502548396587372
INFO:root:46
Train: 0.29625189304351807 VAL: 0.2505207657814026
INFO:root:47
Train: 0.3072189390659332 VAL: 0.24001893401145935
INFO:root:48
Train: 0.30494195222854614 VAL: 0.24223339557647705
INFO:root:49
Train: 0.3126581907272339 VAL: 0.2449263632297516
INFO:root:50
Train: 0.314850389957428 VAL: 0.2509653866291046
INFO:root:51
Train: 0.3107832074165344 VAL: 0.24878433346748352
INFO:root:52
Train: 0.3117068409919739 VAL: 0.26270246505737305
INFO:root:53
Train: 0.3143611252307892 VAL: 0.24800533056259155
INFO:root:54
Train: 0.30152082443237305 VAL: 0.25035709142684937
INFO:root:55
Train: 0.31003114581108093 VAL: 0.24038060009479523
INFO:root:56
Train: 0.31120744347572327 VAL: 0.23770174384117126
INFO:root:57
Train: 0.31824612617492676 VAL: 0.23535481095314026
INFO:root:58
Train: 0.3137151002883911 VAL: 0.24171991646289825
INFO:root:59
Train: 0.3150918781757355 VAL: 0.2644882798194885
INFO:root:60
Train: 0.317196249961853 VAL: 0.25914475321769714
INFO:root:61
Train: 0.31849125027656555 VAL: 0.2405158281326294
INFO:root:62
Train: 0.30647823214530945 VAL: 0.2379087507724762
INFO:root:63
Train: 0.3081035614013672 VAL: 0.23727232217788696
INFO:root:64
Train: 0.3037290871143341 VAL: 0.2534511983394623
INFO:root:65
Train: 0.28980883955955505 VAL: 0.24121835827827454
INFO:root:66
Train: 0.3058314323425293 VAL: 0.23537865281105042
INFO:root:67
Train: 0.3124209940433502 VAL: 0.24886982142925262
INFO:root:68
Train: 0.3059101998806 VAL: 0.23540204763412476
INFO:root:69
Train: 0.31092631816864014 VAL: 0.26116684079170227
INFO:root:70
Train: 0.31866011023521423 VAL: 0.24882538616657257
INFO:root:71
Train: 0.31494078040122986 VAL: 0.24027401208877563
INFO:root:72
Train: 0.31206879019737244 VAL: 0.24644973874092102
INFO:root:73
Train: 0.3040000796318054 VAL: 0.23849651217460632
INFO:root:74
Train: 0.2949428856372833 VAL: 0.24625009298324585
INFO:root:75
Train: 0.28832870721817017 VAL: 0.23649168014526367
INFO:root:76
Train: 0.30956539511680603 VAL: 0.24117767810821533
INFO:root:77
Train: 0.3056228458881378 VAL: 0.23976197838783264
INFO:root:78
Train: 0.3081494867801666 VAL: 0.24111583828926086
INFO:root:79
Train: 0.30117061734199524 VAL: 0.23810164630413055
INFO:root:80
Train: 0.303786963224411 VAL: 0.24015434086322784
INFO:root:81
Train: 0.3004691004753113 VAL: 0.23538494110107422
INFO:root:82
Train: 0.3042769730091095 VAL: 0.23726142942905426
INFO:root:83
Train: 0.29605790972709656 VAL: 0.240728959441185
INFO:root:84
Train: 0.30449816584587097 VAL: 0.23486317694187164
INFO:root:85
Train: 0.2971876263618469 VAL: 0.24091307818889618
INFO:root:86
Train: 0.30065691471099854 VAL: 0.23665204644203186
INFO:root:87
Train: 0.2952444851398468 VAL: 0.23665153980255127
INFO:root:88
Train: 0.301967978477478 VAL: 0.23848271369934082
INFO:root:89
Train: 0.28739213943481445 VAL: 0.239465594291687
INFO:root:90
Train: 0.3039074242115021 VAL: 0.23811069130897522
INFO:root:91
Train: 0.29954683780670166 VAL: 0.23641152679920197
INFO:root:92
Train: 0.2950272858142853 VAL: 0.23779688775539398
INFO:root:93
Train: 0.3012801706790924 VAL: 0.23856127262115479
INFO:root:94
Train: 0.2756405472755432 VAL: 0.23387187719345093
INFO:root:95
Train: 0.3028320372104645 VAL: 0.24242660403251648
INFO:root:96
Train: 0.3016243278980255 VAL: 0.23503980040550232
INFO:root:97
Train: 0.3035793602466583 VAL: 0.2386842966079712
INFO:root:98
Train: 0.30109068751335144 VAL: 0.238652303814888
INFO:root:99
Train: 0.2898988723754883 VAL: 0.23683886229991913
INFO:root:100
Train: 0.2959161400794983 VAL: 0.23607411980628967
INFO:root:101
Train: 0.29788726568222046 VAL: 0.2364995926618576
INFO:root:102
Train: 0.29795411229133606 VAL: 0.2402985841035843
INFO:root:103
Train: 0.2672668397426605 VAL: 0.2336641252040863
INFO:root:104
Train: 0.30147743225097656 VAL: 0.24203619360923767
INFO:root:105
Train: 0.29187312722206116 VAL: 0.23491868376731873
INFO:root:106
Train: 0.29862144589424133 VAL: 0.23407739400863647
INFO:root:107
Train: 0.29935503005981445 VAL: 0.24150562286376953
INFO:root:108
Train: 0.3009489178657532 VAL: 0.23680375516414642
INFO:root:109
Train: 0.2936043441295624 VAL: 0.2369576096534729
INFO:root:110
Train: 0.29713162779808044 VAL: 0.24175751209259033
INFO:root:111
Train: 0.2944047749042511 VAL: 0.2505870759487152
INFO:root:112
Train: 0.2865552008152008 VAL: 0.24373537302017212
INFO:root:113
Train: 0.2903066575527191 VAL: 0.2446092963218689
INFO:root:114
Train: 0.3039240539073944 VAL: 0.24416004121303558
INFO:root:115
Train: 0.29447469115257263 VAL: 0.23787936568260193
INFO:root:116
Train: 0.2993236482143402 VAL: 0.23703067004680634
INFO:root:117
Train: 0.29960671067237854 VAL: 0.24272796511650085
INFO:root:118
Train: 0.2991773188114166 VAL: 0.23747539520263672
INFO:root:119
Train: 0.2947978973388672 VAL: 0.24142354726791382
INFO:root:120
Train: 0.29487094283103943 VAL: 0.24010927975177765
INFO:root:121
Train: 0.26675641536712646 VAL: 0.24143823981285095
INFO:root:122
Train: 0.2917240262031555 VAL: 0.23926591873168945
INFO:root:123
Train: 0.29141056537628174 VAL: 0.24065208435058594
INFO:root:124
Train: 0.27334919571876526 VAL: 0.25092440843582153
INFO:root:125
Train: 0.28907862305641174 VAL: 0.2536652982234955
INFO:root:126
Train: 0.29021432995796204 VAL: 0.24824291467666626
INFO:root:127
Train: 0.28457149863243103 VAL: 0.25395092368125916
INFO:root:128
Train: 0.27906158566474915 VAL: 0.25421735644340515
INFO:root:129
Train: 0.2835727334022522 VAL: 0.2556180953979492
INFO:root:130
Train: 0.28287217020988464 VAL: 0.25896352529525757
INFO:root:131
Train: 0.28245916962623596 VAL: 0.2615736424922943
INFO:root:132
Train: 0.2868399918079376 VAL: 0.26033374667167664
INFO:root:133
Train: 0.2853645086288452 VAL: 0.26346898078918457
INFO:root:BEST VAL: 0.26346898078918457 TEST : 0.2593793272972107
INFO:root:Namespace(quiet=False, run_id=None, config=None, epochs=200, fold=4, batch_size=64, learn_rate=0.001, betas=(0.9, 0.999), weight_decay=0.001, hidden_size=32, kernel_init='skew-symmetric', note='', seed=None, nlayers=4, attn_head=4, latent_dim=256, dataset='mimiciii')
INFO:root:{'input_dim': 96, 'attn_head': 4, 'latent_dim': 256, 'n_layers': 4, 'device': device(type='cuda')}
INFO:root:1
Train: 3.5471889972686768 VAL: 0.779497504234314
INFO:root:2
Train: 0.5872377157211304 VAL: 0.5303342342376709
INFO:root:3
Train: 0.5312031507492065 VAL: 0.49868184328079224
INFO:root:4
Train: 0.5001067519187927 VAL: 0.4922219514846802
INFO:root:5
Train: 0.46253690123558044 VAL: 0.46808886528015137
INFO:root:6
Train: 0.44369199872016907 VAL: 0.43059688806533813
INFO:root:7
Train: 0.4319775402545929 VAL: 0.4249787926673889
INFO:root:8
Train: 0.44249942898750305 VAL: 0.428864449262619
INFO:root:9
Train: 0.4275346100330353 VAL: 0.43756330013275146
INFO:root:10
Train: 0.41658908128738403 VAL: 0.4191465973854065
INFO:root:11
Train: 0.41457533836364746 VAL: 0.4085732102394104
INFO:root:12
Train: 0.40656018257141113 VAL: 0.4121592044830322
INFO:root:13
Train: 0.4169904887676239 VAL: 0.4515816271305084
INFO:root:14
Train: 188847.21875 VAL: 669.0257568359375
INFO:root:15
Train: 6070297690112.0 VAL: 5953885696.0
INFO:root:16
Train: 1311832530747392.0 VAL: 1496713265152.0
INFO:root:17
Train: 1408888733696.0 VAL: 1202321489920.0
INFO:root:18
Train: 984063410176.0 VAL: 797703274496.0
INFO:root:19
Train: 804795711488.0 VAL: 682119921664.0
INFO:root:20
Train: 696947638272.0 VAL: 781848018944.0
INFO:root:21
Train: 573067821056.0 VAL: 458090020864.0
INFO:root:22
Train: 502882861056.0 VAL: 341043216384.0
INFO:root:23
Train: 349426614272.0 VAL: 312053956608.0
INFO:root:24
Train: 289561772032.0 VAL: 332002951168.0
INFO:root:25
Train: 247522246656.0 VAL: 198510804992.0
INFO:root:26
Train: 193759952896.0 VAL: 161490649088.0
INFO:root:27
Train: 152411455488.0 VAL: 190678859776.0
INFO:root:28
Train: 129394384896.0 VAL: 86561857536.0
INFO:root:29
Train: 89633865728.0 VAL: 69882560512.0
INFO:root:30
Train: 66810744832.0 VAL: 45787111424.0
INFO:root:31
Train: 52681732096.0 VAL: 45097435136.0
INFO:root:32
Train: 35567546368.0 VAL: 24097548288.0
INFO:root:33
Train: 32685967360.0 VAL: 28522213376.0
INFO:root:34
Train: 27771680768.0 VAL: 22932842496.0
INFO:root:35
Train: 22458771456.0 VAL: 19871070208.0
INFO:root:36
Train: 22063273984.0 VAL: 17916628992.0
INFO:root:37
Train: 20550572032.0 VAL: 16500429824.0
INFO:root:38
Train: 19325433856.0 VAL: 15364827136.0
INFO:root:39
Train: 16857750528.0 VAL: 14121763840.0
INFO:root:40
Train: 15462339584.0 VAL: 12265967616.0
INFO:root:41
Train: 16333128704.0 VAL: 12709603328.0
INFO:root:Namespace(quiet=False, run_id=None, config=None, epochs=200, fold=4, batch_size=128, learn_rate=0.001, betas=(0.9, 0.999), weight_decay=0.001, hidden_size=32, kernel_init='skew-symmetric', note='', seed=None, nlayers=4, attn_head=4, latent_dim=256, dataset='ushcn')
INFO:root:{'input_dim': 5, 'attn_head': 4, 'latent_dim': 256, 'n_layers': 4, 'device': device(type='cuda')}
INFO:root:1
Train: 14.574091911315918 VAL: 0.6541376113891602
INFO:root:2
Train: 0.7647221088409424 VAL: 0.451419472694397
INFO:root:3
Train: 0.5623425841331482 VAL: 0.46513545513153076
INFO:root:4
Train: 0.4904896318912506 VAL: 0.29153376817703247
INFO:root:5
Train: 0.4747282564640045 VAL: 0.27466070652008057
INFO:root:6
Train: 0.3604801595211029 VAL: 0.25656047463417053
INFO:root:7
Train: 0.3556840121746063 VAL: 0.25322863459587097
INFO:root:8
Train: 0.339017778635025 VAL: 0.2524111270904541
INFO:root:9
Train: 0.34566935896873474 VAL: 0.25367939472198486
INFO:root:10
Train: 0.33460938930511475 VAL: 0.24731455743312836
INFO:root:11
Train: 0.3117500841617584 VAL: 0.2472342848777771
INFO:root:12
Train: 0.33421024680137634 VAL: 0.27879589796066284
INFO:root:13
Train: 0.31327998638153076 VAL: 0.2542787492275238
INFO:root:14
Train: 0.3230731189250946 VAL: 0.24352742731571198
INFO:root:15
Train: 0.3295871913433075 VAL: 0.2438935488462448
INFO:root:16
Train: 0.320244699716568 VAL: 0.24308864772319794
INFO:root:17
Train: 0.32353445887565613 VAL: 0.2473311722278595
INFO:root:18
Train: 0.32324692606925964 VAL: 0.25797784328460693
INFO:root:19
Train: 0.2971118986606598 VAL: 0.258768230676651
INFO:root:20
Train: 0.31483256816864014 VAL: 0.2450016587972641
INFO:root:21
Train: 0.3007371723651886 VAL: 0.24893425405025482
INFO:root:22
Train: 0.31700000166893005 VAL: 0.24845866858959198
INFO:root:23
Train: 0.3218301236629486 VAL: 0.2472708523273468
INFO:root:24
Train: 0.31866729259490967 VAL: 0.24420028924942017
INFO:root:25
Train: 0.30176112055778503 VAL: 0.2540324330329895
INFO:root:26
Train: 0.3285119831562042 VAL: 0.2544171214103699
INFO:root:27
Train: 0.3241017758846283 VAL: 0.24785561859607697
INFO:root:28
Train: 0.31892937421798706 VAL: 0.25227490067481995
INFO:root:29
Train: 0.3202339708805084 VAL: 0.24363994598388672
INFO:root:30
Train: 0.29735568165779114 VAL: 0.24480806291103363
INFO:root:31
Train: 0.29972708225250244 VAL: 0.25019049644470215
INFO:root:32
Train: 0.3101503849029541 VAL: 0.24390846490859985
INFO:root:33
Train: 0.31318846344947815 VAL: 0.244751438498497
INFO:root:34
Train: 0.30798855423927307 VAL: 0.2426857054233551
INFO:root:35
Train: 0.3070158064365387 VAL: 0.24751728773117065
INFO:root:36
Train: 0.31028860807418823 VAL: 0.24379286170005798
INFO:root:37
Train: 0.3176501989364624 VAL: 0.2420623004436493
INFO:root:38
Train: 0.31730446219444275 VAL: 0.24762199819087982
INFO:root:39
Train: 0.2864222526550293 VAL: 0.24183528125286102
INFO:root:40
Train: 0.3058488368988037 VAL: 0.2545647621154785
INFO:root:41
Train: 0.3109009861946106 VAL: 0.23860454559326172
INFO:root:42
Train: 0.31515780091285706 VAL: 0.25262945890426636
INFO:root:43
Train: 0.30409252643585205 VAL: 0.24051150679588318
INFO:root:44
Train: 0.3079374432563782 VAL: 0.24406719207763672
INFO:root:45
Train: 0.3105047643184662 VAL: 0.24050289392471313
INFO:root:46
Train: 0.3115421235561371 VAL: 0.24600432813167572
INFO:root:47
Train: 0.31166884303092957 VAL: 0.24003736674785614
INFO:root:48
Train: 0.30976971983909607 VAL: 0.23935909569263458
INFO:root:49
Train: 0.3007183372974396 VAL: 0.25318634510040283
INFO:root:50
Train: 0.31273242831230164 VAL: 0.23910142481327057
INFO:root:51
Train: 0.30766066908836365 VAL: 0.23984229564666748
INFO:root:52
Train: 0.32280078530311584 VAL: 0.2587716281414032
INFO:root:53
Train: 0.31638774275779724 VAL: 0.24148878455162048
INFO:root:54
Train: 0.30461999773979187 VAL: 0.24197453260421753
INFO:root:55
Train: 0.2928168475627899 VAL: 0.24129241704940796
INFO:root:56
Train: 0.284686416387558 VAL: 0.24174508452415466
INFO:root:57
Train: 0.3101558983325958 VAL: 0.2455628365278244
INFO:root:58
Train: 0.308523029088974 VAL: 0.23643316328525543
INFO:root:59
Train: 0.3116093575954437 VAL: 0.2427695393562317
INFO:root:60
Train: 0.30733397603034973 VAL: 0.24229386448860168
INFO:root:61
Train: 0.3135541081428528 VAL: 0.24102947115898132
INFO:root:62
Train: 0.28487032651901245 VAL: 0.24064305424690247
INFO:root:63
Train: 0.3081250488758087 VAL: 0.2403314709663391
INFO:root:64
Train: 0.3091024160385132 VAL: 0.24058175086975098
INFO:root:65
Train: 0.2887951135635376 VAL: 0.2399439513683319
INFO:root:66
Train: 0.3044579327106476 VAL: 0.245572030544281
INFO:root:67
Train: 0.31100890040397644 VAL: 0.23643751442432404
INFO:root:68
Train: 0.3064887821674347 VAL: 0.2486988604068756
INFO:root:69
Train: 0.30188924074172974 VAL: 0.23933669924736023
INFO:root:70
Train: 0.3043161928653717 VAL: 0.23991480469703674
INFO:root:71
Train: 0.3048572838306427 VAL: 0.24089129269123077
INFO:root:72
Train: 0.29853224754333496 VAL: 0.23994962871074677
INFO:root:73
Train: 0.3025189936161041 VAL: 0.2436864823102951
INFO:root:74
Train: 0.31002184748649597 VAL: 0.23852434754371643
INFO:root:75
Train: 0.2900771200656891 VAL: 0.24015307426452637
INFO:root:76
Train: 0.31013792753219604 VAL: 0.24141618609428406
INFO:root:77
Train: 0.30524203181266785 VAL: 0.23954203724861145
INFO:root:78
Train: 0.29487261176109314 VAL: 0.24159570038318634
INFO:root:79
Train: 0.2989075779914856 VAL: 0.24046224355697632
INFO:root:80
Train: 0.305148184299469 VAL: 0.23778364062309265
INFO:root:81
Train: 0.30654388666152954 VAL: 0.23911158740520477
INFO:root:82
Train: 0.3082023561000824 VAL: 0.2393244206905365
INFO:root:83
Train: 0.3037809133529663 VAL: 0.23985625803470612
INFO:root:84
Train: 0.3060508966445923 VAL: 0.23897379636764526
INFO:root:85
Train: 0.29835447669029236 VAL: 0.24009552597999573
INFO:root:86
Train: 0.3064003884792328 VAL: 0.23808085918426514
INFO:root:87
Train: 0.28079909086227417 VAL: 0.2393752932548523
INFO:root:88
Train: 0.30520689487457275 VAL: 0.2386266589164734
INFO:root:BEST VAL: 0.2386266589164734 TEST : 0.29403695464134216
INFO:root:Namespace(quiet=False, run_id=None, config=None, epochs=200, fold=4, batch_size=64, learn_rate=0.001, betas=(0.9, 0.999), weight_decay=0.001, hidden_size=32, kernel_init='skew-symmetric', note='', seed=None, nlayers=4, attn_head=4, latent_dim=256, dataset='mimiciv')
INFO:root:{'input_dim': 100, 'attn_head': 4, 'latent_dim': 256, 'n_layers': 4, 'device': device(type='cuda')}
