INFO:root:Namespace(quiet=False, run_id=None, config=None, epochs=200, fold=0, batch_size=128, learn_rate=0.001, betas=(0.9, 0.999), weight_decay=0.001, hidden_size=32, kernel_init='skew-symmetric', note='', seed=None, nlayers=3, attn_head=1, latent_dim=32, dataset='ushcn')
INFO:root:{'input_dim': 5, 'attn_head': 1, 'latent_dim': 32, 'n_layers': 3, 'device': device(type='cuda')}
INFO:root:1
Train: 0.6808696389198303 VAL: 0.7731857299804688
INFO:root:2
Train: 0.5904855132102966 VAL: 0.6808744072914124
INFO:root:3
Train: 0.5205278992652893 VAL: 0.552162766456604
INFO:root:4
Train: 0.40689828991889954 VAL: 0.32914942502975464
INFO:root:5
Train: 0.40317603945732117 VAL: 0.3502987027168274
INFO:root:6
Train: 0.3323118984699249 VAL: 0.3454509973526001
INFO:root:7
Train: 0.3382910192012787 VAL: 0.34412336349487305
INFO:root:8
Train: 0.3254512846469879 VAL: 0.3319876492023468
INFO:root:9
Train: 0.33423104882240295 VAL: 0.31330955028533936
INFO:root:10
Train: 0.33126720786094666 VAL: 0.307852566242218
INFO:root:11
Train: 0.3034224212169647 VAL: 0.31418490409851074
INFO:root:12
Train: 0.30115222930908203 VAL: 0.3338252902030945
INFO:root:13
Train: 0.31922975182533264 VAL: 0.35397037863731384
INFO:root:14
Train: 0.31691649556159973 VAL: 0.3790386915206909
INFO:root:15
Train: 0.2951434552669525 VAL: 0.4103809595108032
INFO:root:16
Train: 0.29413846135139465 VAL: 0.42509135603904724
INFO:root:17
Train: 0.30836617946624756 VAL: 0.4565311074256897
INFO:root:18
Train: 0.2937919795513153 VAL: 0.4623029828071594
INFO:root:19
Train: 0.3090483844280243 VAL: 0.5077550411224365
INFO:root:20
Train: 0.28869763016700745 VAL: 0.500232994556427
INFO:root:21
Train: 0.28424355387687683 VAL: 0.4780198931694031
INFO:root:22
Train: 0.31332120299339294 VAL: 0.4842430353164673
INFO:root:23
Train: 0.3036797046661377 VAL: 0.5018289685249329
INFO:root:24
Train: 0.3072325885295868 VAL: 0.5147037506103516
INFO:root:25
Train: 0.29990965127944946 VAL: 0.5044819712638855
INFO:root:26
Train: 0.30284515023231506 VAL: 0.5063223242759705
INFO:root:27
Train: 0.3063899576663971 VAL: 0.5240182876586914
INFO:root:28
Train: 0.2982946038246155 VAL: 0.5172891020774841
INFO:root:29
Train: 0.3033624589443207 VAL: 0.5060024261474609
INFO:root:30
Train: 0.30745837092399597 VAL: 0.5105102062225342
INFO:root:31
Train: 0.3034118115901947 VAL: 0.5092928409576416
INFO:root:32
Train: 0.30707836151123047 VAL: 0.5095567107200623
INFO:root:33
Train: 0.3069362938404083 VAL: 0.5044330358505249
INFO:root:34
Train: 0.30312272906303406 VAL: 0.5022928714752197
INFO:root:35
Train: 0.30178797245025635 VAL: 0.5076202750205994
INFO:root:36
Train: 0.29742464423179626 VAL: 0.5065282583236694
INFO:root:37
Train: 0.29982051253318787 VAL: 0.5118404626846313
INFO:root:38
Train: 0.30518296360969543 VAL: 0.5054610967636108
INFO:root:39
Train: 0.28347280621528625 VAL: 0.5042388439178467
INFO:root:40
Train: 0.3061356842517853 VAL: 0.5086162090301514
INFO:root:BEST VAL: 0.5086162090301514 TEST : 0.2051827311515808
