INFO:root:Namespace(quiet=False, run_id=None, config=None, epochs=200, fold=0, batch_size=64, learn_rate=0.001, betas=(0.9, 0.999), weight_decay=0.001, hidden_size=32, kernel_init='skew-symmetric', note='', seed=None, nlayers=3, attn_head=1, latent_dim=256, dataset='mimiciii')
INFO:root:{'input_dim': 96, 'attn_head': 1, 'latent_dim': 256, 'n_layers': 3, 'device': device(type='cuda')}
INFO:root:1
Train: 0.7481703758239746 VAL: 0.4971454441547394
INFO:root:2
Train: 0.47033563256263733 VAL: 0.4640023112297058
INFO:root:3
Train: 0.44484731554985046 VAL: 0.45896196365356445
INFO:root:4
Train: 0.4389110207557678 VAL: 0.46006423234939575
INFO:root:5
Train: 0.4863618314266205 VAL: 0.8082883358001709
INFO:root:6
Train: 274387616.0 VAL: 18308.69140625
INFO:root:7
Train: 8661.53125 VAL: 2867.964599609375
INFO:root:8
Train: 2149.99365234375 VAL: 1692.26025390625
INFO:root:9
Train: 1509.3238525390625 VAL: 1159.162353515625
INFO:root:10
Train: 1034.4373779296875 VAL: 826.4613037109375
INFO:root:11
Train: 5535.13818359375 VAL: 823.4130859375
INFO:root:12
Train: 761.7384643554688 VAL: 675.779541015625
INFO:root:13
Train: 558.3960571289062 VAL: 539.0889892578125
INFO:root:14
Train: 764.4451293945312 VAL: 828.3313598632812
INFO:root:15
Train: 530.483642578125 VAL: 441.17218017578125
INFO:root:16
Train: 427.69927978515625 VAL: 428.4068603515625
INFO:root:17
Train: 377.3765869140625 VAL: 355.68609619140625
INFO:root:18
Train: 334.6488342285156 VAL: 309.7268981933594
INFO:root:19
Train: 309.0235900878906 VAL: 289.1697082519531
INFO:root:20
Train: 273.5247802734375 VAL: 411.3388366699219
INFO:root:21
Train: 301.02252197265625 VAL: 272.41925048828125
INFO:root:22
Train: 250.75949096679688 VAL: 262.492919921875
INFO:root:23
Train: 266.9187316894531 VAL: 253.2944793701172
INFO:root:24
Train: 214.2159881591797 VAL: 282.8861083984375
INFO:root:25
Train: 597.7446899414062 VAL: 436.790771484375
INFO:root:26
Train: 1803.3946533203125 VAL: 905.7069091796875
INFO:root:27
Train: 1131.6031494140625 VAL: 640.057373046875
INFO:root:28
Train: 797.1375122070312 VAL: 535.638916015625
INFO:root:29
Train: 1363.7900390625 VAL: 1344.015380859375
INFO:root:30
Train: 1140.2503662109375 VAL: 590.1152954101562
INFO:root:31
Train: 668.9307250976562 VAL: 440.8731384277344
INFO:root:32
Train: 650.8387451171875 VAL: 409.87677001953125
INFO:root:33
Train: 644.4813232421875 VAL: 579.3360595703125
INFO:root:Namespace(quiet=False, run_id=None, config=None, epochs=200, fold=0, batch_size=64, learn_rate=0.001, betas=(0.9, 0.999), weight_decay=0.001, hidden_size=32, kernel_init='skew-symmetric', note='', seed=None, nlayers=3, attn_head=1, latent_dim=256, dataset='mimiciii')
INFO:root:{'input_dim': 96, 'attn_head': 1, 'latent_dim': 256, 'n_layers': 3, 'device': device(type='cuda')}
INFO:root:1
Train: 0.7929738759994507 VAL: 0.4885038137435913
INFO:root:2
Train: 0.4680289328098297 VAL: 0.47052472829818726
INFO:root:3
Train: 0.42862609028816223 VAL: 0.4609673023223877
INFO:root:4
Train: 0.4518064260482788 VAL: 0.4805451035499573
INFO:root:5
Train: 0.4504382610321045 VAL: 0.46162906289100647
INFO:root:6
Train: 0.4211287498474121 VAL: 0.4388868808746338
INFO:root:7
Train: 0.4422924816608429 VAL: 0.4344343841075897
INFO:root:8
Train: 73455272.0 VAL: 780014.375
INFO:root:9
Train: 171747.78125 VAL: 6334.69775390625
INFO:root:10
Train: 3865.281494140625 VAL: 2560.3232421875
INFO:root:11
Train: 2517.3525390625 VAL: 2364.0673828125
INFO:root:12
Train: 2002.2113037109375 VAL: 1951.186767578125
INFO:root:13
Train: 1712.927490234375 VAL: 1331.3507080078125
INFO:root:14
Train: 1463.68017578125 VAL: 1215.48388671875
INFO:root:15
Train: 1211.907958984375 VAL: 983.2197265625
INFO:root:16
Train: 1286.8673095703125 VAL: 1166.675537109375
INFO:root:17
Train: 1051.4920654296875 VAL: 1121.63232421875
INFO:root:18
Train: 1086.7364501953125 VAL: 1103.4599609375
INFO:root:19
Train: 775.3883666992188 VAL: 819.6381225585938
INFO:root:20
Train: 677.2916259765625 VAL: 616.586181640625
INFO:root:21
Train: 1359.861083984375 VAL: 1087.479736328125
INFO:root:22
Train: 859.3988037109375 VAL: 812.732666015625
INFO:root:23
Train: 903.6807250976562 VAL: 605.74365234375
INFO:root:24
Train: 656.44287109375 VAL: 826.1123046875
INFO:root:25
Train: 508.4500427246094 VAL: 517.9625854492188
INFO:root:26
Train: 429.4583740234375 VAL: 363.5169677734375
INFO:root:27
Train: 523.7492065429688 VAL: 619.9053955078125
INFO:root:28
Train: 472.1752014160156 VAL: 314.1280212402344
INFO:root:29
Train: 492.7725524902344 VAL: 470.04266357421875
INFO:root:30
Train: 317.9017639160156 VAL: 266.55682373046875
INFO:root:31
Train: 267.30712890625 VAL: 315.9288330078125
INFO:root:32
Train: 288.2967834472656 VAL: 231.7730255126953
INFO:root:33
Train: 244.2674560546875 VAL: 316.81591796875
INFO:root:34
Train: 240.01611328125 VAL: 284.7164306640625
INFO:root:35
Train: 380.2570495605469 VAL: 188.13357543945312
INFO:root:36
Train: 9124.0576171875 VAL: 899.0311279296875
INFO:root:Namespace(quiet=False, run_id=None, config=None, epochs=200, fold=0, batch_size=128, learn_rate=0.001, betas=(0.9, 0.999), weight_decay=0.001, hidden_size=32, kernel_init='skew-symmetric', note='', seed=None, nlayers=3, attn_head=1, latent_dim=256, dataset='ushcn')
INFO:root:{'input_dim': 5, 'attn_head': 1, 'latent_dim': 256, 'n_layers': 3, 'device': device(type='cuda')}
INFO:root:1
Train: 8.927750587463379 VAL: 1.525796890258789
INFO:root:2
Train: 0.8858961462974548 VAL: 0.6141629219055176
INFO:root:3
Train: 0.6025518774986267 VAL: 0.7542383670806885
INFO:root:4
Train: 0.612093985080719 VAL: 0.6302503347396851
INFO:root:5
Train: 0.43199583888053894 VAL: 0.5777331590652466
INFO:root:6
Train: 0.39489641785621643 VAL: 0.6279600262641907
INFO:root:7
Train: 0.4252050220966339 VAL: 0.5785043835639954
INFO:root:8
Train: 0.4506235122680664 VAL: 0.6858024001121521
INFO:root:9
Train: 0.40460702776908875 VAL: 0.5918616056442261
INFO:root:10
Train: 0.3852163553237915 VAL: 0.5395469665527344
INFO:root:11
Train: 0.3673638105392456 VAL: 0.5179176330566406
INFO:root:12
Train: 0.3695712983608246 VAL: 0.5236883163452148
INFO:root:13
Train: 0.373215913772583 VAL: 0.5225565433502197
INFO:root:14
Train: 0.3568500578403473 VAL: 0.5167757272720337
INFO:root:15
Train: 0.30716419219970703 VAL: 0.30009955167770386
INFO:root:16
Train: 0.32801246643066406 VAL: 0.382094144821167
INFO:root:17
Train: 0.31868305802345276 VAL: 0.3742750585079193
INFO:root:18
Train: 0.31019797921180725 VAL: 0.4317437410354614
INFO:root:19
Train: 0.2953414022922516 VAL: 0.6371859312057495
INFO:root:20
Train: 0.30341851711273193 VAL: 0.3212248384952545
INFO:root:21
Train: 0.3189160227775574 VAL: 0.6442018151283264
INFO:root:22
Train: 0.31045854091644287 VAL: 0.42091676592826843
INFO:root:23
Train: 0.32173749804496765 VAL: 0.3520961403846741
INFO:root:24
Train: 0.3230569064617157 VAL: 0.4302537143230438
INFO:root:25
Train: 0.30178382992744446 VAL: 0.3741213083267212
INFO:root:26
Train: 0.30555787682533264 VAL: 0.4439590573310852
INFO:root:27
Train: 0.3052111268043518 VAL: 0.3617658317089081
INFO:root:28
Train: 0.28005513548851013 VAL: 0.3497494161128998
INFO:root:29
Train: 0.3020271360874176 VAL: 0.33813899755477905
INFO:root:30
Train: 0.29311397671699524 VAL: 0.37678277492523193
INFO:root:31
Train: 0.30530861020088196 VAL: 0.32607269287109375
INFO:root:32
Train: 0.30590328574180603 VAL: 0.5429592132568359
INFO:root:33
Train: 0.30678996443748474 VAL: 0.39009416103363037
INFO:root:34
Train: 0.3119264543056488 VAL: 0.4222162663936615
INFO:root:35
Train: 0.3087342381477356 VAL: 0.4472298324108124
INFO:root:36
Train: 0.31583067774772644 VAL: 0.36559775471687317
INFO:root:37
Train: 0.30596956610679626 VAL: 0.4071245789527893
INFO:root:38
Train: 0.3024643361568451 VAL: 0.38344770669937134
INFO:root:39
Train: 0.3062402606010437 VAL: 0.393489271402359
INFO:root:40
Train: 0.29623574018478394 VAL: 0.40255171060562134
INFO:root:41
Train: 0.27830076217651367 VAL: 0.41117754578590393
INFO:root:42
Train: 0.296546071767807 VAL: 0.4184551537036896
INFO:root:43
Train: 0.29585015773773193 VAL: 0.4131607413291931
INFO:root:44
Train: 0.2957122027873993 VAL: 0.4215800166130066
INFO:root:45
Train: 0.2929876446723938 VAL: 0.4141734540462494
INFO:root:BEST VAL: 0.4141734540462494 TEST : 0.2071744054555893
