INFO:root:Namespace(quiet=False, run_id=None, config=None, epochs=200, fold=4, batch_size=64, learn_rate=0.001, betas=(0.9, 0.999), weight_decay=0.001, hidden_size=32, kernel_init='skew-symmetric', note='', seed=None, nlayers=1, attn_head=1, latent_dim=32, dataset='mimiciii')
INFO:root:{'input_dim': 96, 'attn_head': 1, 'latent_dim': 32, 'n_layers': 1, 'device': device(type='cuda')}
INFO:root:1
Train: 0.5795527100563049 VAL: 0.5106763243675232
INFO:root:2
Train: 0.4992394745349884 VAL: 0.4802872836589813
INFO:root:3
Train: 0.47384321689605713 VAL: 0.45682138204574585
INFO:root:4
Train: 0.4589973986148834 VAL: 0.44453632831573486
INFO:root:5
Train: 0.4428733289241791 VAL: 0.45234060287475586
INFO:root:6
Train: 0.4402278959751129 VAL: 0.4392848312854767
INFO:root:7
Train: 0.43403175473213196 VAL: 0.4361588954925537
INFO:root:8
Train: 0.4263448119163513 VAL: 0.42527133226394653
INFO:root:9
Train: 0.4188859164714813 VAL: 0.42614322900772095
INFO:root:10
Train: 0.41751590371131897 VAL: 0.42508912086486816
INFO:root:11
Train: 0.4154103100299835 VAL: 0.4204709231853485
INFO:root:12
Train: 0.41117075085639954 VAL: 0.419606477022171
INFO:root:13
Train: 0.40952715277671814 VAL: 0.4174887537956238
INFO:root:14
Train: 0.40800419449806213 VAL: 0.41704243421554565
INFO:root:15
Train: 0.4057014584541321 VAL: 0.41514602303504944
INFO:root:16
Train: 0.40609273314476013 VAL: 0.41780149936676025
INFO:root:17
Train: 0.4068140387535095 VAL: 0.4101349115371704
INFO:root:18
Train: 0.4039897918701172 VAL: 0.4128284454345703
INFO:root:19
Train: 0.4021841585636139 VAL: 0.4124320149421692
INFO:root:20
Train: 0.40029093623161316 VAL: 0.4149017930030823
INFO:root:21
Train: 0.39973020553588867 VAL: 0.41145777702331543
INFO:root:22
Train: 0.39839282631874084 VAL: 0.4113842248916626
INFO:root:23
Train: 0.39799928665161133 VAL: 0.4127848148345947
INFO:root:24
Train: 0.3984317183494568 VAL: 0.41103363037109375
INFO:root:25
Train: 0.3966904282569885 VAL: 0.41166672110557556
INFO:root:26
Train: 0.39699864387512207 VAL: 0.4060371518135071
INFO:root:27
Train: 0.39548295736312866 VAL: 0.40838658809661865
INFO:root:28
Train: 0.3925344944000244 VAL: 0.4075397253036499
INFO:root:29
Train: 0.39287683367729187 VAL: 0.40665143728256226
INFO:root:30
Train: 0.3938252925872803 VAL: 0.410636842250824
INFO:root:31
Train: 0.3938859701156616 VAL: 0.4098977744579315
INFO:root:32
Train: 0.39344555139541626 VAL: 0.4086822271347046
INFO:root:33
Train: 0.3897154927253723 VAL: 0.4058264493942261
INFO:root:34
Train: 0.3903641402721405 VAL: 0.4103073477745056
INFO:root:35
Train: 0.38762199878692627 VAL: 0.40232548117637634
INFO:root:36
Train: 0.38734692335128784 VAL: 0.401841938495636
INFO:root:37
Train: 0.38716426491737366 VAL: 0.4010811448097229
INFO:root:38
Train: 0.3889197111129761 VAL: 0.40659523010253906
INFO:root:39
Train: 0.38498297333717346 VAL: 0.3996132016181946
INFO:root:40
Train: 0.3838147819042206 VAL: 0.41451263427734375
INFO:root:41
Train: 0.3842681646347046 VAL: 0.40164732933044434
INFO:root:42
Train: 0.37964165210723877 VAL: 0.4038032293319702
INFO:root:43
Train: 0.38023632764816284 VAL: 0.3985387086868286
INFO:root:44
Train: 0.3810432255268097 VAL: 0.40052926540374756
INFO:root:45
Train: 0.37828654050827026 VAL: 0.3944602310657501
INFO:root:46
Train: 0.37867844104766846 VAL: 0.3974788188934326
INFO:root:47
Train: 0.37725016474723816 VAL: 0.39412185549736023
INFO:root:48
Train: 0.3759159445762634 VAL: 0.4007582664489746
INFO:root:49
Train: 0.37685924768447876 VAL: 0.395597368478775
INFO:root:50
Train: 0.37470486760139465 VAL: 0.4022597670555115
INFO:root:51
Train: 0.37533465027809143 VAL: 0.3945816457271576
INFO:root:52
Train: 0.37610068917274475 VAL: 0.3975924253463745
INFO:root:53
Train: 0.37502166628837585 VAL: 0.4007013440132141
INFO:root:54
Train: 0.3788421154022217 VAL: 0.3974952697753906
INFO:root:55
Train: 0.37636104226112366 VAL: 0.397582471370697
INFO:root:56
Train: 0.3781607747077942 VAL: 0.3913973867893219
INFO:root:57
Train: 0.373731791973114 VAL: 0.39166054129600525
INFO:root:58
Train: 0.376760870218277 VAL: 0.3925672471523285
INFO:root:59
Train: 0.37941277027130127 VAL: 0.39493077993392944
INFO:root:60
Train: 0.37360507249832153 VAL: 0.39247384667396545
INFO:root:61
Train: 0.3708671033382416 VAL: 0.39446866512298584
INFO:root:62
Train: 0.37357833981513977 VAL: 0.39893677830696106
INFO:root:63
Train: 0.3727160692214966 VAL: 0.3911614418029785
INFO:root:64
Train: 0.37164878845214844 VAL: 0.38804197311401367
INFO:root:65
Train: 0.369284063577652 VAL: 0.3914988040924072
INFO:root:66
Train: 0.36906343698501587 VAL: 0.39148199558258057
INFO:root:67
Train: 0.3700018525123596 VAL: 0.3938242793083191
INFO:root:68
Train: 0.370462566614151 VAL: 0.3913954496383667
INFO:root:69
Train: 0.36711224913597107 VAL: 0.38864660263061523
INFO:root:70
Train: 0.37028181552886963 VAL: 0.3893319070339203
INFO:root:71
Train: 0.3698047399520874 VAL: 0.3901349604129791
INFO:root:72
Train: 0.37179264426231384 VAL: 0.39095601439476013
INFO:root:73
Train: 0.369243860244751 VAL: 0.39020687341690063
INFO:root:74
Train: 0.3700424134731293 VAL: 0.3885348439216614
INFO:root:75
Train: 0.36747655272483826 VAL: 0.38882437348365784
INFO:root:76
Train: 0.36595290899276733 VAL: 0.3871195912361145
INFO:root:77
Train: 0.36410558223724365 VAL: 0.38573968410491943
INFO:root:78
Train: 0.36146819591522217 VAL: 0.3853015899658203
INFO:root:79
Train: 0.3616896867752075 VAL: 0.38591909408569336
INFO:root:80
Train: 0.3646841049194336 VAL: 0.38901427388191223
INFO:root:81
Train: 0.3616485893726349 VAL: 0.386545866727829
INFO:root:82
Train: 0.3635213375091553 VAL: 0.38683345913887024
INFO:root:83
Train: 0.36074045300483704 VAL: 0.3868602514266968
INFO:root:84
Train: 0.36220601201057434 VAL: 0.3893227279186249
INFO:root:85
Train: 0.35960233211517334 VAL: 0.38540083169937134
INFO:root:86
Train: 0.36161428689956665 VAL: 0.38850653171539307
INFO:root:87
Train: 0.36064255237579346 VAL: 0.38983073830604553
INFO:root:88
Train: 0.3597678542137146 VAL: 0.3878403306007385
INFO:root:89
Train: 0.358100026845932 VAL: 0.3882574737071991
INFO:root:90
Train: 0.3561175465583801 VAL: 0.3856571912765503
INFO:root:91
Train: 0.3551277816295624 VAL: 0.3865423798561096
INFO:root:92
Train: 0.35618752241134644 VAL: 0.38556408882141113
INFO:root:93
Train: 0.3552551865577698 VAL: 0.3865860402584076
INFO:root:94
Train: 0.35711538791656494 VAL: 0.38816726207733154
INFO:root:95
Train: 0.35793808102607727 VAL: 0.38778966665267944
INFO:root:96
Train: 0.3579522371292114 VAL: 0.3858504593372345
INFO:root:97
Train: 0.3551684617996216 VAL: 0.3869692385196686
INFO:root:98
Train: 0.3567782938480377 VAL: 0.3881853222846985
INFO:root:Namespace(quiet=False, run_id=None, config=None, epochs=200, fold=4, batch_size=64, learn_rate=0.001, betas=(0.9, 0.999), weight_decay=0.001, hidden_size=32, kernel_init='skew-symmetric', note='', seed=None, nlayers=1, attn_head=1, latent_dim=32, dataset='mimiciii')
INFO:root:{'input_dim': 96, 'attn_head': 1, 'latent_dim': 32, 'n_layers': 1, 'device': device(type='cuda')}
INFO:root:99
Train: 0.3557117283344269 VAL: 0.3848588466644287
INFO:root:1
Train: 0.5694442987442017 VAL: 0.5138834714889526
INFO:root:100
Train: 0.35761186480522156 VAL: 0.38532954454421997
INFO:root:2
Train: 0.5022306442260742 VAL: 0.49276816844940186
INFO:root:101
Train: 0.3568730056285858 VAL: 0.3878352642059326
INFO:root:3
Train: 0.46933218836784363 VAL: 0.44938695430755615
INFO:root:102
Train: 0.3586462140083313 VAL: 0.38657745718955994
INFO:root:4
Train: 0.4517873227596283 VAL: 0.4434492886066437
INFO:root:103
Train: 0.3547213673591614 VAL: 0.384799599647522
INFO:root:5
Train: 0.43460017442703247 VAL: 0.4446587562561035
INFO:root:104
Train: 0.35474395751953125 VAL: 0.3858831524848938
INFO:root:6
Train: 0.42893582582473755 VAL: 0.4268057942390442
INFO:root:105
Train: 0.3558686375617981 VAL: 0.3859376609325409
INFO:root:7
Train: 0.42348891496658325 VAL: 0.42425617575645447
INFO:root:106
Train: 0.3557426929473877 VAL: 0.38712412118911743
INFO:root:107
Train: 0.3574323058128357 VAL: 0.38820064067840576
INFO:root:8
Train: 0.4181196689605713 VAL: 0.42659005522727966
INFO:root:108
Train: 0.3546462059020996 VAL: 0.38516780734062195
INFO:root:9
Train: 0.41582340002059937 VAL: 0.42829903960227966
INFO:root:109
Train: 0.3572828769683838 VAL: 0.3860681653022766
INFO:root:10
Train: 0.4132121205329895 VAL: 0.42696094512939453
INFO:root:110
Train: 0.3554874062538147 VAL: 0.38708701729774475
INFO:root:11
Train: 0.41499561071395874 VAL: 0.4172595143318176
INFO:root:111
Train: 0.35669025778770447 VAL: 0.38589340448379517
INFO:root:12
Train: 0.4117361009120941 VAL: 0.41672733426094055
INFO:root:112
Train: 0.3566065728664398 VAL: 0.38535815477371216
INFO:root:13
Train: 0.407652348279953 VAL: 0.4188492000102997
INFO:root:113
Train: 0.3549351692199707 VAL: 0.38792991638183594
INFO:root:14
Train: 0.40406379103660583 VAL: 0.4185733199119568
INFO:root:114
Train: 0.35288330912590027 VAL: 0.38586047291755676
INFO:root:15
Train: 0.40522193908691406 VAL: 0.4162345826625824
INFO:root:115
Train: 0.35305652022361755 VAL: 0.38521304726600647
INFO:root:16
Train: 0.40283921360969543 VAL: 0.41333818435668945
INFO:root:116
Train: 0.351455420255661 VAL: 0.3853083848953247
INFO:root:17
Train: 0.40526461601257324 VAL: 0.4194936752319336
INFO:root:117
Train: 0.3543529212474823 VAL: 0.38568633794784546
INFO:root:18
Train: 0.40257781744003296 VAL: 0.41180986166000366
INFO:root:118
Train: 0.3528260886669159 VAL: 0.38546034693717957
INFO:root:19
Train: 0.4005272090435028 VAL: 0.41195565462112427
INFO:root:119
Train: 0.3516612648963928 VAL: 0.3854835033416748
INFO:root:20
Train: 0.40213465690612793 VAL: 0.4161664843559265
INFO:root:120
Train: 0.3536284267902374 VAL: 0.3851720690727234
INFO:root:21
Train: 0.3980012536048889 VAL: 0.41188350319862366
INFO:root:121
Train: 0.3517102301120758 VAL: 0.3858097195625305
INFO:root:22
Train: 0.4006699323654175 VAL: 0.4210682511329651
INFO:root:122
Train: 0.35443052649497986 VAL: 0.38552480936050415
INFO:root:23
Train: 0.397619366645813 VAL: 0.4158312678337097
INFO:root:123
Train: 0.35185506939888 VAL: 0.38595306873321533
INFO:root:24
Train: 0.3978141248226166 VAL: 0.4094466269016266
INFO:root:124
Train: 0.3528861701488495 VAL: 0.3854413628578186
INFO:root:25
Train: 0.39809176325798035 VAL: 0.4096198081970215
INFO:root:125
Train: 0.3525788187980652 VAL: 0.38524457812309265
INFO:root:26
Train: 0.3959561884403229 VAL: 0.4105648398399353
INFO:root:126
Train: 0.35103628039360046 VAL: 0.3855922818183899
INFO:root:27
Train: 0.39589589834213257 VAL: 0.4082251787185669
INFO:root:127
Train: 0.3501949906349182 VAL: 0.3860524296760559
INFO:root:28
Train: 0.39480042457580566 VAL: 0.4166727066040039
INFO:root:128
Train: 0.3526539206504822 VAL: 0.38582897186279297
INFO:root:29
Train: 0.3948834538459778 VAL: 0.4128653407096863
INFO:root:129
Train: 0.35038191080093384 VAL: 0.3857460916042328
INFO:root:30
Train: 0.3926180601119995 VAL: 0.4077848792076111
INFO:root:130
Train: 0.3513930141925812 VAL: 0.3856262266635895
INFO:root:31
Train: 0.3954421281814575 VAL: 0.40775609016418457
INFO:root:131
Train: 0.34987321496009827 VAL: 0.38601410388946533
INFO:root:32
Train: 0.3932989239692688 VAL: 0.4054405689239502
INFO:root:132
Train: 0.35185784101486206 VAL: 0.38560622930526733
INFO:root:33
Train: 0.39291879534721375 VAL: 0.40569204092025757
INFO:root:133
Train: 0.3498634994029999 VAL: 0.3854093551635742
INFO:root:BEST VAL: 0.3854093551635742 TEST : 0.3848823308944702
INFO:root:34
Train: 0.3888251781463623 VAL: 0.40424370765686035
INFO:root:35
Train: 0.38990867137908936 VAL: 0.40935540199279785
INFO:root:36
Train: 0.3875296413898468 VAL: 0.4030991494655609
INFO:root:37
Train: 0.3887450098991394 VAL: 0.4108477234840393
INFO:root:38
Train: 0.38634029030799866 VAL: 0.405137836933136
INFO:root:39
Train: 0.38674435019493103 VAL: 0.4053420424461365
INFO:root:40
Train: 0.38550710678100586 VAL: 0.40499868988990784
INFO:root:41
Train: 0.3893680274486542 VAL: 0.4079013466835022
INFO:root:42
Train: 0.3868378698825836 VAL: 0.405394971370697
INFO:root:43
Train: 0.3852549195289612 VAL: 0.40647801756858826
INFO:root:44
Train: 0.38394415378570557 VAL: 0.40438926219940186
INFO:root:45
Train: 0.38439324498176575 VAL: 0.400591105222702
INFO:root:46
Train: 0.3840843439102173 VAL: 0.4018939435482025
INFO:root:47
Train: 0.37934228777885437 VAL: 0.39575645327568054
INFO:root:48
Train: 0.3779671788215637 VAL: 0.39679163694381714
INFO:root:49
Train: 0.37996822595596313 VAL: 0.3940892219543457
INFO:root:50
Train: 0.37769272923469543 VAL: 0.39745035767555237
INFO:root:51
Train: 0.3791845738887787 VAL: 0.3968992531299591
INFO:root:52
Train: 0.37944722175598145 VAL: 0.3937201499938965
INFO:root:53
Train: 0.3768245279788971 VAL: 0.39690640568733215
INFO:root:54
Train: 0.376574844121933 VAL: 0.3950311839580536
INFO:root:55
Train: 0.37423691153526306 VAL: 0.39789748191833496
INFO:root:56
Train: 0.3781188726425171 VAL: 0.39944541454315186
INFO:root:57
Train: 0.37746286392211914 VAL: 0.40225306153297424
INFO:root:58
Train: 0.3770998418331146 VAL: 0.39302128553390503
INFO:root:59
Train: 0.3753035068511963 VAL: 0.3925279974937439
INFO:root:60
Train: 0.37132468819618225 VAL: 0.39659029245376587
INFO:root:61
Train: 0.37322792410850525 VAL: 0.3955745995044708
INFO:root:62
Train: 0.37486332654953003 VAL: 0.39787739515304565
INFO:root:63
Train: 0.37222346663475037 VAL: 0.39752066135406494
INFO:root:64
Train: 0.37466534972190857 VAL: 0.39574551582336426
INFO:root:65
Train: 0.36880001425743103 VAL: 0.39763206243515015
INFO:root:66
Train: 0.37036529183387756 VAL: 0.39651399850845337
INFO:root:67
Train: 0.37293025851249695 VAL: 0.4017418622970581
INFO:root:68
Train: 0.3697078227996826 VAL: 0.39299169182777405
INFO:root:69
Train: 0.3729724884033203 VAL: 0.39670616388320923
INFO:root:70
Train: 0.37393781542778015 VAL: 0.3985629081726074
INFO:root:71
Train: 0.36605727672576904 VAL: 0.39021360874176025
INFO:root:72
Train: 0.36585935950279236 VAL: 0.39228636026382446
INFO:root:73
Train: 0.3657364845275879 VAL: 0.3911517858505249
INFO:root:74
Train: 0.36632782220840454 VAL: 0.3900849223136902
INFO:root:75
Train: 0.3639339506626129 VAL: 0.3938901424407959
INFO:root:76
Train: 0.3645406663417816 VAL: 0.3916671872138977
INFO:root:77
Train: 0.3638230562210083 VAL: 0.39081871509552
INFO:root:78
Train: 0.3641725182533264 VAL: 0.3920288383960724
INFO:root:79
Train: 0.36408424377441406 VAL: 0.39231938123703003
INFO:root:80
Train: 0.3632214367389679 VAL: 0.3923771381378174
INFO:root:81
Train: 0.3639277517795563 VAL: 0.3936425745487213
INFO:root:82
Train: 0.36453330516815186 VAL: 0.39157354831695557
INFO:root:83
Train: 0.35925227403640747 VAL: 0.3918071985244751
INFO:root:84
Train: 0.36265507340431213 VAL: 0.39065951108932495
INFO:root:85
Train: 0.3633376359939575 VAL: 0.3906969130039215
INFO:root:86
Train: 0.36262211203575134 VAL: 0.3904540240764618
INFO:root:87
Train: 0.3587471842765808 VAL: 0.39013636112213135
INFO:root:88
Train: 0.36099541187286377 VAL: 0.39089953899383545
INFO:root:89
Train: 0.358184278011322 VAL: 0.3910309672355652
INFO:root:90
Train: 0.358676552772522 VAL: 0.388887882232666
INFO:root:91
Train: 0.35686540603637695 VAL: 0.38956212997436523
INFO:root:92
Train: 0.35810816287994385 VAL: 0.3897889256477356
INFO:root:93
Train: 0.35669851303100586 VAL: 0.38906294107437134
INFO:root:94
Train: 0.3558844029903412 VAL: 0.3900753855705261
INFO:root:95
Train: 0.3573826253414154 VAL: 0.39094042778015137
INFO:root:96
Train: 0.3575711250305176 VAL: 0.3880627453327179
INFO:root:97
Train: 0.35796859860420227 VAL: 0.38851356506347656
INFO:root:98
Train: 0.3566400408744812 VAL: 0.3897380828857422
INFO:root:99
Train: 0.3568668067455292 VAL: 0.3884979486465454
INFO:root:100
Train: 0.3552856147289276 VAL: 0.3893349766731262
INFO:root:101
Train: 0.35627761483192444 VAL: 0.39009371399879456
INFO:root:102
Train: 0.3563016951084137 VAL: 0.3915635049343109
INFO:root:103
Train: 0.3542586863040924 VAL: 0.38872843980789185
INFO:root:104
Train: 0.35821834206581116 VAL: 0.3908533453941345
INFO:root:105
Train: 0.3567675054073334 VAL: 0.3895421624183655
INFO:root:106
Train: 0.35729488730430603 VAL: 0.3891521692276001
INFO:root:107
Train: 0.3560565412044525 VAL: 0.38890722393989563
INFO:root:108
Train: 0.3543179929256439 VAL: 0.38825225830078125
INFO:root:109
Train: 0.3522399961948395 VAL: 0.3889036178588867
INFO:root:110
Train: 0.35321587324142456 VAL: 0.38944798707962036
INFO:root:111
Train: 0.35393887758255005 VAL: 0.38808029890060425
INFO:root:112
Train: 0.3536633551120758 VAL: 0.3885021209716797
INFO:root:113
Train: 0.3533128798007965 VAL: 0.38906270265579224
INFO:root:114
Train: 0.3526840806007385 VAL: 0.38836967945098877
INFO:root:115
Train: 0.3528541922569275 VAL: 0.3893871307373047
INFO:root:116
Train: 0.3514240086078644 VAL: 0.38916635513305664
INFO:root:117
Train: 0.3541802167892456 VAL: 0.3882726728916168
INFO:root:118
Train: 0.3527688682079315 VAL: 0.3897906541824341
INFO:root:119
Train: 0.35407334566116333 VAL: 0.3885361850261688
INFO:root:120
Train: 0.3516315221786499 VAL: 0.38876405358314514
INFO:root:121
Train: 0.3520713746547699 VAL: 0.3881876468658447
INFO:root:122
Train: 0.3540506362915039 VAL: 0.38835129141807556
INFO:root:123
Train: 0.3519619107246399 VAL: 0.3882306218147278
INFO:root:124
Train: 0.35240209102630615 VAL: 0.3881663680076599
INFO:root:125
Train: 0.35094061493873596 VAL: 0.3886120319366455
INFO:root:126
Train: 0.351117879152298 VAL: 0.38822799921035767
INFO:root:BEST VAL: 0.38822799921035767 TEST : 0.3878500461578369
