INFO:root:Namespace(quiet=False, run_id=None, config=None, epochs=200, fold=0, batch_size=128, learn_rate=0.001, betas=(0.9, 0.999), weight_decay=0.001, hidden_size=32, kernel_init='skew-symmetric', note='', seed=None, nlayers=2, attn_head=4, latent_dim=128, dataset='ushcn')
INFO:root:{'input_dim': 5, 'attn_head': 4, 'latent_dim': 128, 'n_layers': 2, 'device': device(type='cuda')}
INFO:root:1
Train: 1.7272714376449585 VAL: 0.7948553562164307
INFO:root:2
Train: 0.6475335955619812 VAL: 0.6636362075805664
INFO:root:3
Train: 0.5204237103462219 VAL: 0.48217910528182983
INFO:root:4
Train: 0.38744044303894043 VAL: 0.38657277822494507
INFO:root:5
Train: 0.3377600908279419 VAL: 0.6995933055877686
INFO:root:6
Train: 0.3228440582752228 VAL: 0.45863741636276245
INFO:root:7
Train: 0.32294049859046936 VAL: 0.36031675338745117
INFO:root:8
Train: 0.28799504041671753 VAL: 0.3803780674934387
INFO:root:9
Train: 0.31036099791526794 VAL: 0.31353890895843506
INFO:root:10
Train: 0.31052669882774353 VAL: 0.3062812089920044
INFO:root:11
Train: 0.2926526367664337 VAL: 0.3229983150959015
INFO:root:12
Train: 0.3080083429813385 VAL: 0.5383254885673523
INFO:root:13
Train: 0.28862401843070984 VAL: 0.4345339238643646
INFO:root:14
Train: 0.3050052225589752 VAL: 0.4107261002063751
INFO:root:15
Train: 0.30499374866485596 VAL: 0.3952474296092987
INFO:root:16
Train: 0.302826851606369 VAL: 0.43665820360183716
INFO:root:17
Train: 0.30774417519569397 VAL: 0.42964351177215576
INFO:root:18
Train: 0.30505362153053284 VAL: 0.3890010118484497
INFO:root:19
Train: 0.30131766200065613 VAL: 0.4307189881801605
INFO:root:20
Train: 0.30769476294517517 VAL: 0.45123064517974854
INFO:root:21
Train: 0.3007717728614807 VAL: 0.38736692070961
INFO:root:22
Train: 0.30346766114234924 VAL: 0.39587435126304626
INFO:root:23
Train: 0.29793357849121094 VAL: 0.4396941065788269
INFO:root:24
Train: 0.3033685088157654 VAL: 0.4253687858581543
INFO:root:25
Train: 0.30653488636016846 VAL: 0.383466899394989
INFO:root:26
Train: 0.30238237977027893 VAL: 0.392528772354126
INFO:root:27
Train: 0.30138280987739563 VAL: 0.43817347288131714
INFO:root:28
Train: 0.3063821792602539 VAL: 0.39825791120529175
INFO:root:29
Train: 0.30409204959869385 VAL: 0.39598026871681213
INFO:root:30
Train: 0.3015333116054535 VAL: 0.4168342351913452
INFO:root:31
Train: 0.304915189743042 VAL: 0.4273267388343811
INFO:root:32
Train: 0.2980767488479614 VAL: 0.42046040296554565
INFO:root:33
Train: 0.272782564163208 VAL: 0.40523281693458557
INFO:root:34
Train: 0.2909257411956787 VAL: 0.40726596117019653
INFO:root:35
Train: 0.3018881380558014 VAL: 0.4180011749267578
INFO:root:36
Train: 0.29372119903564453 VAL: 0.4097318649291992
INFO:root:37
Train: 0.2970684766769409 VAL: 0.4157525300979614
INFO:root:38
Train: 0.2965964376926422 VAL: 0.42681676149368286
INFO:root:39
Train: 0.24363058805465698 VAL: 0.4200628995895386
INFO:root:40
Train: 0.2788888216018677 VAL: 0.4096762537956238
INFO:root:BEST VAL: 0.4096762537956238 TEST : 0.24406000971794128
INFO:root:Namespace(quiet=False, run_id=None, config=None, epochs=200, fold=0, batch_size=64, learn_rate=0.001, betas=(0.9, 0.999), weight_decay=0.001, hidden_size=32, kernel_init='skew-symmetric', note='', seed=None, nlayers=2, attn_head=4, latent_dim=128, dataset='mimiciii')
INFO:root:{'input_dim': 96, 'attn_head': 4, 'latent_dim': 128, 'n_layers': 2, 'device': device(type='cuda')}
INFO:root:1
Train: 0.5718543529510498 VAL: 0.5101648569107056
INFO:root:2
Train: 0.454925537109375 VAL: 0.47206318378448486
INFO:root:3
Train: 0.4372347295284271 VAL: 0.4481179416179657
INFO:root:4
Train: 0.4323514699935913 VAL: 0.44005805253982544
INFO:root:5
Train: 0.4172484576702118 VAL: 0.43230509757995605
INFO:root:6
Train: 0.4247686564922333 VAL: 0.45001065731048584
INFO:root:7
Train: 0.4181259274482727 VAL: 0.4362933039665222
INFO:root:8
Train: 0.4118117094039917 VAL: 0.47093766927719116
INFO:root:9
Train: 0.40477249026298523 VAL: 0.427886962890625
INFO:root:10
Train: 0.4118987023830414 VAL: 0.4607626795768738
INFO:root:11
Train: 0.43671920895576477 VAL: 0.44430577754974365
INFO:root:12
Train: 0.4076208770275116 VAL: 0.4286457300186157
INFO:root:13
Train: 0.39762845635414124 VAL: 0.43693509697914124
INFO:root:14
Train: 0.3975842297077179 VAL: 0.5307649970054626
INFO:root:15
Train: 0.40525582432746887 VAL: 0.4320484399795532
INFO:root:16
Train: 0.39193981885910034 VAL: 0.43015843629837036
INFO:root:17
Train: 0.3984724283218384 VAL: 0.44400709867477417
INFO:root:18
Train: 0.401153564453125 VAL: 0.4335956275463104
INFO:root:19
Train: 0.39799565076828003 VAL: 0.4221491813659668
INFO:root:20
Train: 0.3992930054664612 VAL: 0.4238438606262207
INFO:root:21
Train: 0.41417962312698364 VAL: 0.43145349621772766
INFO:root:22
Train: 0.39405831694602966 VAL: 0.42479193210601807
INFO:root:23
Train: 0.38512465357780457 VAL: 0.4220859110355377
INFO:root:24
Train: 0.39546552300453186 VAL: 0.4175688624382019
INFO:root:25
Train: 0.38387611508369446 VAL: 0.41833260655403137
INFO:root:26
Train: 0.37626999616622925 VAL: 0.41645824909210205
INFO:root:27
Train: 0.37223878502845764 VAL: 0.41603729128837585
INFO:root:28
Train: 0.3698277175426483 VAL: 0.4168834090232849
INFO:root:29
Train: 0.3646627962589264 VAL: 0.40759700536727905
INFO:root:30
Train: 0.36904019117355347 VAL: 0.4076235294342041
INFO:root:31
Train: 0.368812620639801 VAL: 0.41810715198516846
INFO:root:32
Train: 0.36874720454216003 VAL: 0.40916740894317627
INFO:root:33
Train: 0.3664645254611969 VAL: 0.41148141026496887
INFO:root:34
Train: 0.37333589792251587 VAL: 0.4081871509552002
INFO:root:35
Train: 0.37235116958618164 VAL: 0.4195573925971985
INFO:root:36
Train: 0.36177223920822144 VAL: 0.4147135615348816
INFO:root:37
Train: 0.36180147528648376 VAL: 0.41131097078323364
INFO:root:38
Train: 0.36153069138526917 VAL: 0.4079964756965637
INFO:root:39
Train: 0.35593634843826294 VAL: 0.4039520025253296
INFO:root:40
Train: 0.35481715202331543 VAL: 0.4082667827606201
INFO:root:41
Train: 0.35256484150886536 VAL: 0.41386669874191284
INFO:root:42
Train: 0.3648741543292999 VAL: 0.4136347770690918
INFO:root:43
Train: 0.35769739747047424 VAL: 0.402355432510376
INFO:root:44
Train: 0.35835230350494385 VAL: 0.40441590547561646
INFO:root:45
Train: 0.3609015941619873 VAL: 0.410706102848053
INFO:root:46
Train: 0.36123237013816833 VAL: 0.41203922033309937
INFO:root:47
Train: 0.3569491505622864 VAL: 0.41402292251586914
INFO:root:48
Train: 0.3526971936225891 VAL: 0.4061090350151062
INFO:root:49
Train: 0.34444841742515564 VAL: 0.4048495888710022
INFO:root:50
Train: 0.3543457090854645 VAL: 0.40314024686813354
INFO:root:51
Train: 0.34755271673202515 VAL: 0.43023210763931274
INFO:root:52
Train: 0.34190478920936584 VAL: 0.406503826379776
INFO:root:53
Train: 0.3312392830848694 VAL: 0.40087077021598816
INFO:root:54
Train: 0.3291468322277069 VAL: 0.40168508887290955
INFO:root:55
Train: 0.3659205734729767 VAL: 0.42189353704452515
INFO:root:56
Train: 0.3777451813220978 VAL: 0.4079442620277405
INFO:root:57
Train: 0.3426061272621155 VAL: 0.3988078832626343
INFO:root:58
Train: 0.3322547972202301 VAL: 0.4153006672859192
INFO:root:59
Train: 0.33055153489112854 VAL: 0.42510682344436646
INFO:root:60
Train: 0.33826708793640137 VAL: 0.4029849171638489
INFO:root:61
Train: 0.33616453409194946 VAL: 0.4074062407016754
INFO:root:62
Train: 0.3227079510688782 VAL: 0.40140500664711
INFO:root:63
Train: 0.3213033080101013 VAL: 0.4035332202911377
INFO:root:64
Train: 0.31822988390922546 VAL: 0.4059567451477051
INFO:root:65
Train: 0.3191061019897461 VAL: 0.4017709493637085
INFO:root:66
Train: 0.31591305136680603 VAL: 0.4163947105407715
INFO:root:67
Train: 0.31420883536338806 VAL: 0.41152122616767883
INFO:root:68
Train: 0.31332364678382874 VAL: 0.40737640857696533
INFO:root:69
Train: 0.29551640152931213 VAL: 0.40608909726142883
INFO:root:70
Train: 0.2920747697353363 VAL: 0.4094863533973694
INFO:root:71
Train: 0.2822723388671875 VAL: 0.4196310043334961
INFO:root:72
Train: 0.2793796956539154 VAL: 0.40932783484458923
INFO:root:73
Train: 0.27105867862701416 VAL: 0.41509538888931274
INFO:root:74
Train: 0.2658029794692993 VAL: 0.4087616801261902
INFO:root:75
Train: 0.26364943385124207 VAL: 0.4076361060142517
INFO:root:76
Train: 0.261857807636261 VAL: 0.4126145541667938
INFO:root:77
Train: 0.25892484188079834 VAL: 0.41582703590393066
INFO:root:78
Train: 0.2537941038608551 VAL: 0.4195033311843872
INFO:root:79
Train: 0.2531285285949707 VAL: 0.4259085953235626
INFO:root:80
Train: 0.2419467568397522 VAL: 0.41957101225852966
INFO:root:81
Train: 0.23062561452388763 VAL: 0.41906288266181946
INFO:root:82
Train: 0.2258460819721222 VAL: 0.42710942029953003
INFO:root:83
Train: 0.22177688777446747 VAL: 0.4271974265575409
INFO:root:84
Train: 0.2177969068288803 VAL: 0.4262150824069977
INFO:root:85
Train: 0.21769224107265472 VAL: 0.4296000599861145
INFO:root:86
Train: 0.21301911771297455 VAL: 0.43196389079093933
INFO:root:87
Train: 0.2109541893005371 VAL: 0.4362279176712036
INFO:root:BEST VAL: 0.4362279176712036 TEST : 0.3392614722251892
