INFO:root:Namespace(quiet=False, run_id=None, config=None, epochs=200, fold=3, batch_size=128, learn_rate=0.001, betas=(0.9, 0.999), weight_decay=0.001, hidden_size=32, kernel_init='skew-symmetric', note='', seed=None, nlayers=1, attn_head=2, latent_dim=32, dataset='ushcn')
INFO:root:{'input_dim': 5, 'attn_head': 2, 'latent_dim': 32, 'n_layers': 1, 'device': device(type='cuda')}
INFO:root:1
Train: 0.656099796295166 VAL: 0.6255339980125427
INFO:root:2
Train: 0.6130961775779724 VAL: 0.579018235206604
INFO:root:3
Train: 0.5537683367729187 VAL: 0.534537136554718
INFO:root:4
Train: 0.48395606875419617 VAL: 0.48381295800209045
INFO:root:5
Train: 0.4637306034564972 VAL: 0.42363566160202026
INFO:root:6
Train: 0.3958982527256012 VAL: 0.35484614968299866
INFO:root:7
Train: 0.3490884304046631 VAL: 0.30730220675468445
INFO:root:8
Train: 0.3251616358757019 VAL: 0.2909389138221741
INFO:root:9
Train: 0.3288804590702057 VAL: 0.29251474142074585
INFO:root:10
Train: 0.3185971677303314 VAL: 0.2896706163883209
INFO:root:11
Train: 0.32079747319221497 VAL: 0.28920045495033264
INFO:root:12
Train: 0.32356947660446167 VAL: 0.2888011038303375
INFO:root:13
Train: 0.32545438408851624 VAL: 0.28993338346481323
INFO:root:14
Train: 0.3011414110660553 VAL: 0.2812348008155823
INFO:root:15
Train: 0.31804266571998596 VAL: 0.2808503210544586
INFO:root:16
Train: 0.31493496894836426 VAL: 0.2795671820640564
INFO:root:17
Train: 0.29978764057159424 VAL: 0.28567400574684143
INFO:root:18
Train: 0.3148834705352783 VAL: 0.28933489322662354
INFO:root:19
Train: 0.31369709968566895 VAL: 0.28011444211006165
INFO:root:20
Train: 0.30908307433128357 VAL: 0.2793928384780884
INFO:root:21
Train: 0.30938270688056946 VAL: 0.2778346836566925
INFO:root:22
Train: 0.3108586370944977 VAL: 0.2778795063495636
INFO:root:23
Train: 0.30975231528282166 VAL: 0.2781018018722534
INFO:root:24
Train: 0.2932954728603363 VAL: 0.27770036458969116
INFO:root:25
Train: 0.30503609776496887 VAL: 0.2782328426837921
INFO:root:26
Train: 0.3107990026473999 VAL: 0.27825021743774414
INFO:root:27
Train: 0.3058440387248993 VAL: 0.2789759635925293
INFO:root:28
Train: 0.31206607818603516 VAL: 0.27906155586242676
INFO:root:29
Train: 0.28917455673217773 VAL: 0.27769702672958374
INFO:root:30
Train: 0.2985723614692688 VAL: 0.2793951630592346
INFO:root:31
Train: 0.31322720646858215 VAL: 0.28137463331222534
INFO:root:32
Train: 0.3090144991874695 VAL: 0.2758040726184845
INFO:root:33
Train: 0.31099870800971985 VAL: 0.2771396338939667
INFO:root:34
Train: 0.3077860176563263 VAL: 0.2762812376022339
INFO:root:35
Train: 0.30781999230384827 VAL: 0.2770140469074249
INFO:root:36
Train: 0.311701238155365 VAL: 0.2791455090045929
INFO:root:37
Train: 0.3112318813800812 VAL: 0.2794501781463623
INFO:root:38
Train: 0.3113323748111725 VAL: 0.27644458413124084
INFO:root:39
Train: 0.31147944927215576 VAL: 0.275896281003952
INFO:root:40
Train: 0.30767956376075745 VAL: 0.27579519152641296
INFO:root:41
Train: 0.3079051971435547 VAL: 0.2753530740737915
INFO:root:42
Train: 0.3090837895870209 VAL: 0.2802443206310272
INFO:root:43
Train: 0.3054274022579193 VAL: 0.28333255648612976
INFO:root:44
Train: 0.30950742959976196 VAL: 0.2775672674179077
INFO:root:45
Train: 0.3063557744026184 VAL: 0.278409868478775
INFO:root:46
Train: 0.31060847640037537 VAL: 0.2755444645881653
INFO:root:47
Train: 0.3029908239841461 VAL: 0.2791227400302887
INFO:root:48
Train: 0.2762106657028198 VAL: 0.2757788300514221
INFO:root:49
Train: 0.30311667919158936 VAL: 0.2773504853248596
INFO:root:50
Train: 0.3011390268802643 VAL: 0.2752365171909332
INFO:root:51
Train: 0.30623531341552734 VAL: 0.2756975293159485
INFO:root:52
Train: 0.3038747310638428 VAL: 0.27485066652297974
INFO:root:53
Train: 0.3037854731082916 VAL: 0.2749016284942627
INFO:root:54
Train: 0.28801214694976807 VAL: 0.27589157223701477
INFO:root:55
Train: 0.30677810311317444 VAL: 0.2786751985549927
INFO:root:56
Train: 0.2985575497150421 VAL: 0.28097638487815857
INFO:root:57
Train: 0.30690982937812805 VAL: 0.28004884719848633
INFO:root:58
Train: 0.30888745188713074 VAL: 0.275314062833786
INFO:root:59
Train: 0.2849850058555603 VAL: 0.27505072951316833
INFO:root:60
Train: 0.3058168888092041 VAL: 0.2748553156852722
INFO:root:61
Train: 0.29837995767593384 VAL: 0.2771598696708679
INFO:root:62
Train: 0.3060580790042877 VAL: 0.2768499255180359
INFO:root:63
Train: 0.3075996935367584 VAL: 0.27432966232299805
INFO:root:64
Train: 0.2826530635356903 VAL: 0.27603819966316223
INFO:root:65
Train: 0.3084612786769867 VAL: 0.27513542771339417
INFO:root:66
Train: 0.3025231957435608 VAL: 0.27727606892585754
INFO:root:67
Train: 0.3036108911037445 VAL: 0.2752825915813446
INFO:root:68
Train: 0.2862030267715454 VAL: 0.27482742071151733
INFO:root:69
Train: 0.3095388412475586 VAL: 0.27522021532058716
INFO:root:70
Train: 0.283858060836792 VAL: 0.2757822573184967
INFO:root:71
Train: 0.30223676562309265 VAL: 0.2778853178024292
INFO:root:72
Train: 0.31644123792648315 VAL: 0.27472683787345886
INFO:root:73
Train: 0.30141881108283997 VAL: 0.2789638638496399
INFO:root:74
Train: 0.28861162066459656 VAL: 0.2815142869949341
INFO:root:75
Train: 0.3027473986148834 VAL: 0.2801862955093384
INFO:root:76
Train: 0.27492785453796387 VAL: 0.27680858969688416
INFO:root:77
Train: 0.28197166323661804 VAL: 0.27661383152008057
INFO:root:78
Train: 0.30435287952423096 VAL: 0.2756281793117523
INFO:root:79
Train: 0.28516608476638794 VAL: 0.2755790948867798
INFO:root:80
Train: 0.2857784032821655 VAL: 0.2752028703689575
INFO:root:81
Train: 0.3053208887577057 VAL: 0.2755690813064575
INFO:root:82
Train: 0.30425623059272766 VAL: 0.2749781906604767
INFO:root:83
Train: 0.30649498105049133 VAL: 0.2749830484390259
INFO:root:84
Train: 0.28433164954185486 VAL: 0.2747329771518707
INFO:root:85
Train: 0.3021619915962219 VAL: 0.2746869623661041
INFO:root:86
Train: 0.2812196910381317 VAL: 0.2748887240886688
INFO:root:87
Train: 0.29708749055862427 VAL: 0.27501797676086426
INFO:root:88
Train: 0.3031608760356903 VAL: 0.2748878598213196
INFO:root:89
Train: 0.299793004989624 VAL: 0.27489200234413147
INFO:root:90
Train: 0.3052369952201843 VAL: 0.27567070722579956
INFO:root:91
Train: 0.3067188262939453 VAL: 0.27610453963279724
INFO:root:92
Train: 0.3077816069126129 VAL: 0.27698972821235657
INFO:root:93
Train: 0.29871639609336853 VAL: 0.27548155188560486
INFO:root:BEST VAL: 0.27548155188560486 TEST : 0.24732860922813416
INFO:root:Namespace(quiet=False, run_id=None, config=None, epochs=200, fold=3, batch_size=128, learn_rate=0.001, betas=(0.9, 0.999), weight_decay=0.001, hidden_size=32, kernel_init='skew-symmetric', note='', seed=None, nlayers=1, attn_head=2, latent_dim=32, dataset='ushcn')
INFO:root:{'input_dim': 5, 'attn_head': 2, 'latent_dim': 32, 'n_layers': 1, 'device': device(type='cuda')}
INFO:root:1
Train: 0.7323760986328125 VAL: 0.6527094841003418
INFO:root:2
Train: 0.6079484820365906 VAL: 0.5935450792312622
INFO:root:3
Train: 0.5877993702888489 VAL: 0.6028287410736084
INFO:root:4
Train: 0.5471461415290833 VAL: 0.5335421562194824
INFO:root:5
Train: 0.5239220261573792 VAL: 0.4877932667732239
INFO:root:6
Train: 0.47417259216308594 VAL: 0.44463133811950684
INFO:root:7
Train: 0.42553818225860596 VAL: 0.39034485816955566
INFO:root:8
Train: 0.3938343822956085 VAL: 0.3474724292755127
INFO:root:9
Train: 0.36353886127471924 VAL: 0.32129496335983276
INFO:root:10
Train: 0.3510085642337799 VAL: 0.3095622658729553
INFO:root:11
Train: 0.33943864703178406 VAL: 0.29891711473464966
INFO:root:12
Train: 0.3262195885181427 VAL: 0.29605960845947266
INFO:root:13
Train: 0.3257911801338196 VAL: 0.28923073410987854
INFO:root:14
Train: 0.3205525577068329 VAL: 0.29178690910339355
INFO:root:15
Train: 0.3023853898048401 VAL: 0.2831699848175049
INFO:root:16
Train: 0.32033395767211914 VAL: 0.2875612676143646
INFO:root:17
Train: 0.31450748443603516 VAL: 0.28604769706726074
INFO:root:18
Train: 0.2963872253894806 VAL: 0.2846466898918152
INFO:root:19
Train: 0.3176868259906769 VAL: 0.28058403730392456
INFO:root:20
Train: 0.3192814290523529 VAL: 0.28016990423202515
INFO:root:21
Train: 0.31490033864974976 VAL: 0.2811780571937561
INFO:root:22
Train: 0.30284416675567627 VAL: 0.2805572748184204
INFO:root:23
Train: 0.30917784571647644 VAL: 0.2806418836116791
INFO:root:24
Train: 0.31701233983039856 VAL: 0.2791876792907715
INFO:root:25
Train: 0.30973848700523376 VAL: 0.28033456206321716
INFO:root:26
Train: 0.31024405360221863 VAL: 0.2806105613708496
INFO:root:27
Train: 0.3071775734424591 VAL: 0.27997085452079773
INFO:root:28
Train: 0.3124583959579468 VAL: 0.2794882357120514
INFO:root:29
Train: 0.31193408370018005 VAL: 0.2787858247756958
INFO:root:30
Train: 0.30464616417884827 VAL: 0.2791079878807068
INFO:root:31
Train: 0.3074912130832672 VAL: 0.2790752351284027
INFO:root:32
Train: 0.3104798495769501 VAL: 0.2788068652153015
INFO:root:33
Train: 0.29212573170661926 VAL: 0.27884572744369507
INFO:root:34
Train: 0.308524489402771 VAL: 0.2800983488559723
INFO:root:35
Train: 0.3136459290981293 VAL: 0.2820388376712799
INFO:root:36
Train: 0.29849159717559814 VAL: 0.279053270816803
INFO:root:37
Train: 0.31140661239624023 VAL: 0.2780895531177521
INFO:root:38
Train: 0.3108459711074829 VAL: 0.28178831934928894
INFO:root:39
Train: 0.3025508522987366 VAL: 0.28429296612739563
INFO:root:40
Train: 0.30934807658195496 VAL: 0.2785996198654175
INFO:root:41
Train: 0.29544541239738464 VAL: 0.2800605893135071
INFO:root:42
Train: 0.3138444125652313 VAL: 0.2792135775089264
INFO:root:43
Train: 0.30820992588996887 VAL: 0.27887749671936035
INFO:root:44
Train: 0.30259132385253906 VAL: 0.27784252166748047
INFO:root:45
Train: 0.3108961582183838 VAL: 0.2792944610118866
INFO:root:46
Train: 0.3055088222026825 VAL: 0.27931421995162964
INFO:root:47
Train: 0.3043406009674072 VAL: 0.2780713438987732
INFO:root:48
Train: 0.30490148067474365 VAL: 0.2839580178260803
INFO:root:49
Train: 0.30792221426963806 VAL: 0.2800372242927551
INFO:root:50
Train: 0.30793634057044983 VAL: 0.2783359885215759
INFO:root:51
Train: 0.3070034682750702 VAL: 0.2790757417678833
INFO:root:52
Train: 0.30753645300865173 VAL: 0.27823665738105774
INFO:root:53
Train: 0.2989519238471985 VAL: 0.27943509817123413
INFO:root:54
Train: 0.30952849984169006 VAL: 0.2794158458709717
INFO:root:55
Train: 0.30758970975875854 VAL: 0.27941691875457764
INFO:root:56
Train: 0.31008172035217285 VAL: 0.2777804136276245
INFO:root:57
Train: 0.3065302073955536 VAL: 0.27790969610214233
INFO:root:58
Train: 0.3043915927410126 VAL: 0.2777072787284851
INFO:root:59
Train: 0.2906964421272278 VAL: 0.27784574031829834
INFO:root:60
Train: 0.3048934042453766 VAL: 0.2777206301689148
INFO:root:61
Train: 0.30321240425109863 VAL: 0.27715426683425903
INFO:root:62
Train: 0.2761892080307007 VAL: 0.2771974205970764
INFO:root:63
Train: 0.30959978699684143 VAL: 0.27733486890792847
INFO:root:64
Train: 0.3109453320503235 VAL: 0.27756476402282715
INFO:root:65
Train: 0.3096092641353607 VAL: 0.27771610021591187
INFO:root:66
Train: 0.30817869305610657 VAL: 0.27778124809265137
INFO:root:67
Train: 0.30716249346733093 VAL: 0.27849215269088745
INFO:root:Namespace(quiet=False, run_id=None, config=None, epochs=200, fold=3, batch_size=128, learn_rate=0.001, betas=(0.9, 0.999), weight_decay=0.001, hidden_size=32, kernel_init='skew-symmetric', note='', seed=None, nlayers=1, attn_head=2, latent_dim=32, dataset='ushcn')
INFO:root:{'input_dim': 5, 'attn_head': 2, 'latent_dim': 32, 'n_layers': 1, 'device': device(type='cuda')}
INFO:root:1
Train: 0.6188004612922668 VAL: 0.6067391633987427
INFO:root:2
Train: 0.568959653377533 VAL: 0.5407623648643494
INFO:root:3
Train: 0.5234463810920715 VAL: 0.4855330288410187
INFO:root:4
Train: 0.46033892035484314 VAL: 0.40654054284095764
INFO:root:5
Train: 0.3884822130203247 VAL: 0.33647459745407104
INFO:root:6
Train: 0.3519349992275238 VAL: 0.3088389039039612
INFO:root:7
Train: 0.3458355963230133 VAL: 0.2970181703567505
INFO:root:8
Train: 0.3295955955982208 VAL: 0.2929573655128479
INFO:root:9
Train: 0.3278251588344574 VAL: 0.29203760623931885
INFO:root:10
Train: 0.3272136449813843 VAL: 0.28901195526123047
INFO:root:11
Train: 0.3018030822277069 VAL: 0.288196861743927
INFO:root:12
Train: 0.31333640217781067 VAL: 0.2859119772911072
INFO:root:13
Train: 0.31234392523765564 VAL: 0.2842804789543152
INFO:root:14
Train: 0.3180188834667206 VAL: 0.2836019992828369
INFO:root:15
Train: 0.3181878626346588 VAL: 0.28307026624679565
INFO:root:16
Train: 0.3135211765766144 VAL: 0.283223032951355
INFO:root:17
Train: 0.31372013688087463 VAL: 0.28329598903656006
INFO:root:18
Train: 0.3086056411266327 VAL: 0.2826617956161499
INFO:root:19
Train: 0.2996910512447357 VAL: 0.28374090790748596
INFO:root:20
Train: 0.3135042190551758 VAL: 0.28563761711120605
INFO:root:21
Train: 0.31341782212257385 VAL: 0.2851976156234741
INFO:root:22
Train: 0.31003013253211975 VAL: 0.28140926361083984
INFO:root:23
Train: 0.3019163906574249 VAL: 0.28157418966293335
INFO:root:24
Train: 0.30121490359306335 VAL: 0.2839898467063904
INFO:root:25
Train: 0.3128735423088074 VAL: 0.2818191349506378
INFO:root:26
Train: 0.3141373097896576 VAL: 0.2812877595424652
INFO:root:27
Train: 0.3099091351032257 VAL: 0.2809447646141052
INFO:root:28
Train: 0.3164118230342865 VAL: 0.2824404239654541
INFO:root:29
Train: 0.30217108130455017 VAL: 0.2801123857498169
INFO:root:30
Train: 0.31484508514404297 VAL: 0.2847897410392761
INFO:root:31
Train: 0.2970440089702606 VAL: 0.28106871247291565
INFO:root:32
Train: 0.3119979798793793 VAL: 0.286283940076828
INFO:root:33
Train: 0.3123171031475067 VAL: 0.2810995578765869
INFO:root:34
Train: 0.3149844706058502 VAL: 0.28183913230895996
INFO:root:35
Train: 0.30981263518333435 VAL: 0.28356626629829407
INFO:root:36
Train: 0.31053775548934937 VAL: 0.2799259126186371
INFO:root:37
Train: 0.31239059567451477 VAL: 0.27983611822128296
INFO:root:38
Train: 0.2689070701599121 VAL: 0.27989938855171204
INFO:root:39
Train: 0.3071467876434326 VAL: 0.27925828099250793
INFO:root:40
Train: 0.31136226654052734 VAL: 0.2821578085422516
INFO:root:41
Train: 0.30533960461616516 VAL: 0.279183566570282
INFO:root:42
Train: 0.2909034788608551 VAL: 0.28118494153022766
INFO:root:43
Train: 0.31122052669525146 VAL: 0.2791324853897095
INFO:root:44
Train: 0.3015914559364319 VAL: 0.278622031211853
INFO:root:45
Train: 0.3114791214466095 VAL: 0.2789766788482666
INFO:root:46
Train: 0.3091694414615631 VAL: 0.2787618637084961
INFO:root:47
Train: 0.30025187134742737 VAL: 0.2790587246417999
INFO:root:48
Train: 0.3011852502822876 VAL: 0.2787133455276489
INFO:root:49
Train: 0.28877514600753784 VAL: 0.2781819999217987
INFO:root:50
Train: 0.3017655611038208 VAL: 0.27809691429138184
INFO:root:51
Train: 0.3061579763889313 VAL: 0.27860623598098755
INFO:root:52
Train: 0.306683748960495 VAL: 0.2787729501724243
INFO:root:53
Train: 0.30510398745536804 VAL: 0.2780502438545227
INFO:root:54
Train: 0.31036725640296936 VAL: 0.2784276306629181
INFO:root:55
Train: 0.295989453792572 VAL: 0.27836835384368896
INFO:root:56
Train: 0.2868191599845886 VAL: 0.2794960141181946
INFO:root:57
Train: 0.3110932409763336 VAL: 0.2802571952342987
INFO:root:58
Train: 0.31126728653907776 VAL: 0.2783043384552002
INFO:root:59
Train: 0.3082500398159027 VAL: 0.2794976234436035
INFO:root:60
Train: 0.3069375157356262 VAL: 0.2794540226459503
INFO:root:61
Train: 0.31076595187187195 VAL: 0.28496426343917847
INFO:root:62
Train: 0.3055779039859772 VAL: 0.27947014570236206
INFO:root:63
Train: 0.2862703204154968 VAL: 0.277409166097641
INFO:root:64
Train: 0.3089836835861206 VAL: 0.27890104055404663
INFO:root:65
Train: 0.3033319115638733 VAL: 0.2788729965686798
INFO:root:66
Train: 0.30507782101631165 VAL: 0.27926433086395264
INFO:root:67
Train: 0.31273820996284485 VAL: 0.27893516421318054
INFO:root:68
Train: 0.3074914515018463 VAL: 0.27696600556373596
INFO:root:69
Train: 0.2981555759906769 VAL: 0.28160494565963745
INFO:root:70
Train: 0.30613887310028076 VAL: 0.2785322666168213
INFO:root:71
Train: 0.2804572582244873 VAL: 0.27895569801330566
INFO:root:72
Train: 0.3070531189441681 VAL: 0.27868080139160156
INFO:root:73
Train: 0.30715322494506836 VAL: 0.2770349979400635
INFO:root:74
Train: 0.30109789967536926 VAL: 0.27757781744003296
INFO:root:75
Train: 0.30216893553733826 VAL: 0.2771165072917938
INFO:root:76
Train: 0.28504273295402527 VAL: 0.2780182361602783
INFO:root:77
Train: 0.29909220337867737 VAL: 0.27720528841018677
INFO:root:78
Train: 0.30942460894584656 VAL: 0.2826611399650574
INFO:root:79
Train: 0.3066312372684479 VAL: 0.2794105112552643
INFO:root:80
Train: 0.2843145430088043 VAL: 0.2807212471961975
INFO:root:81
Train: 0.28930994868278503 VAL: 0.27857455611228943
INFO:root:82
Train: 0.30951550602912903 VAL: 0.2804934084415436
INFO:root:83
Train: 0.30587002635002136 VAL: 0.27954065799713135
INFO:root:84
Train: 0.3091079890727997 VAL: 0.27866727113723755
INFO:root:85
Train: 0.2972637116909027 VAL: 0.27755680680274963
INFO:root:86
Train: 0.3052556812763214 VAL: 0.2773556709289551
INFO:root:87
Train: 0.30745455622673035 VAL: 0.27719008922576904
INFO:root:88
Train: 0.30407652258872986 VAL: 0.27736541628837585
INFO:root:89
Train: 0.2837216258049011 VAL: 0.27778393030166626
INFO:root:90
Train: 0.28394076228141785 VAL: 0.2778517007827759
INFO:root:91
Train: 0.30186721682548523 VAL: 0.2770739793777466
INFO:root:92
Train: 0.30197444558143616 VAL: 0.2773931324481964
INFO:root:93
Train: 0.2839759290218353 VAL: 0.277546763420105
INFO:root:94
Train: 0.3009028136730194 VAL: 0.2774556279182434
INFO:root:95
Train: 0.30507415533065796 VAL: 0.2774832844734192
INFO:root:96
Train: 0.30390244722366333 VAL: 0.2773798108100891
INFO:root:97
Train: 0.2958304286003113 VAL: 0.27729344367980957
INFO:root:98
Train: 0.3032078146934509 VAL: 0.2774650454521179
INFO:root:BEST VAL: 0.2774650454521179 TEST : 0.25562283396720886
