INFO:root:Namespace(quiet=False, run_id=None, config=None, epochs=200, fold=4, batch_size=64, learn_rate=0.001, betas=(0.9, 0.999), weight_decay=0.001, hidden_size=32, kernel_init='skew-symmetric', note='', seed=None, nlayers=2, attn_head=4, latent_dim=256, dataset='mimiciii')
INFO:root:{'input_dim': 96, 'attn_head': 4, 'latent_dim': 256, 'n_layers': 2, 'device': device(type='cuda')}
INFO:root:1
Train: 0.6986091732978821 VAL: 0.49344679713249207
INFO:root:2
Train: 0.4581196904182434 VAL: 0.4680994749069214
INFO:root:3
Train: 0.4310268461704254 VAL: 0.4752204418182373
INFO:root:4
Train: 0.4225163757801056 VAL: 0.45455944538116455
INFO:root:5
Train: 0.424439013004303 VAL: 0.44509395956993103
INFO:root:6
Train: 0.4184262454509735 VAL: 0.4395848512649536
INFO:root:7
Train: 5408.9580078125 VAL: 7.12348747253418
INFO:root:8
Train: 2.7926571369171143 VAL: 1.3886616230010986
INFO:root:9
Train: 1.2521350383758545 VAL: 0.8815624713897705
INFO:root:10
Train: 0.9724747538566589 VAL: 0.7997046709060669
INFO:root:11
Train: 0.7795518040657043 VAL: 0.7303199768066406
INFO:root:12
Train: 0.7493481636047363 VAL: 0.6310238838195801
INFO:root:13
Train: 0.6995311975479126 VAL: 0.6012274026870728
INFO:root:14
Train: 0.8542044758796692 VAL: 0.8492653965950012
INFO:root:15
Train: 0.6199565529823303 VAL: 0.578115701675415
INFO:root:16
Train: 0.6600489020347595 VAL: 0.5620236396789551
INFO:root:17
Train: 0.9686784744262695 VAL: 0.5877547264099121
INFO:root:18
Train: 0.5583463311195374 VAL: 0.6817797422409058
INFO:root:19
Train: 0.5435940027236938 VAL: 0.529943585395813
INFO:root:20
Train: 0.5904853343963623 VAL: 0.5793904066085815
INFO:root:21
Train: 0.564033031463623 VAL: 0.5344734191894531
INFO:root:22
Train: 0.5796282887458801 VAL: 0.5294097661972046
INFO:root:23
Train: 0.6901944279670715 VAL: 0.6242287755012512
INFO:root:24
Train: 0.610460102558136 VAL: 0.5113597512245178
INFO:root:25
Train: 0.5953091979026794 VAL: 0.5646166801452637
INFO:root:26
Train: 0.6568058133125305 VAL: 2.4108242988586426
INFO:root:27
Train: 1.131665587425232 VAL: 2.0491061210632324
INFO:root:28
Train: 1.0413140058517456 VAL: 0.5112210512161255
INFO:root:29
Train: 0.49173611402511597 VAL: 0.5516166687011719
INFO:root:30
Train: 0.4855102598667145 VAL: 0.5565149784088135
INFO:root:31
Train: 0.49519622325897217 VAL: 0.5081720352172852
INFO:root:32
Train: 0.5183041095733643 VAL: 0.5053497552871704
INFO:root:33
Train: 0.5129159688949585 VAL: 0.5177704691886902
INFO:root:34
Train: 0.5566617846488953 VAL: 0.49617090821266174
INFO:root:35
Train: 0.598036527633667 VAL: 0.551753580570221
INFO:root:36
Train: 0.6984323263168335 VAL: 1.0740058422088623
INFO:root:BEST VAL: 1.0740058422088623 TEST : 0.4376906752586365
