INFO:root:Namespace(quiet=False, run_id=None, config=None, epochs=200, fold=2, batch_size=128, learn_rate=0.001, betas=(0.9, 0.999), weight_decay=0.001, hidden_size=32, kernel_init='skew-symmetric', note='', seed=None, nlayers=1, attn_head=1, latent_dim=128, dataset='ushcn')
INFO:root:{'input_dim': 5, 'attn_head': 1, 'latent_dim': 128, 'n_layers': 1, 'device': device(type='cuda')}
INFO:root:1
Train: 0.9062952995300293 VAL: 0.5883901715278625
INFO:root:2
Train: 0.5915767550468445 VAL: 0.37589436769485474
INFO:root:3
Train: 0.46737346053123474 VAL: 0.2985469698905945
INFO:root:4
Train: 0.38513436913490295 VAL: 0.26562783122062683
INFO:root:5
Train: 0.31623131036758423 VAL: 0.2550428807735443
INFO:root:6
Train: 0.34514185786247253 VAL: 0.24008280038833618
INFO:root:7
Train: 0.31738123297691345 VAL: 0.26718229055404663
INFO:root:8
Train: 0.3558390140533447 VAL: 0.2636231780052185
INFO:root:9
Train: 0.3152148723602295 VAL: 0.25972098112106323
INFO:root:10
Train: 0.33105024695396423 VAL: 0.23597125709056854
INFO:root:11
Train: 0.3177551329135895 VAL: 0.24509215354919434
INFO:root:12
Train: 0.3001810312271118 VAL: 0.25819429755210876
INFO:root:13
Train: 0.30737313628196716 VAL: 0.2845265865325928
INFO:root:14
Train: 0.2946304976940155 VAL: 0.25115591287612915
INFO:root:15
Train: 0.2982410192489624 VAL: 0.24098041653633118
INFO:root:16
Train: 0.30178242921829224 VAL: 0.2514036297798157
INFO:root:17
Train: 0.29901161789894104 VAL: 0.24916218221187592
INFO:root:18
Train: 0.2806885242462158 VAL: 0.2515808939933777
INFO:root:19
Train: 0.29354336857795715 VAL: 0.25141581892967224
INFO:root:20
Train: 0.2881758511066437 VAL: 0.24329796433448792
INFO:root:21
Train: 0.2944183051586151 VAL: 0.2484939694404602
INFO:root:22
Train: 0.29388847947120667 VAL: 0.2498307079076767
INFO:root:23
Train: 0.2667767107486725 VAL: 0.2496841549873352
INFO:root:24
Train: 0.2633344233036041 VAL: 0.25002023577690125
INFO:root:25
Train: 0.28402087092399597 VAL: 0.26088541746139526
INFO:root:26
Train: 0.29245173931121826 VAL: 0.24942509829998016
INFO:root:27
Train: 0.28665637969970703 VAL: 0.24927808344364166
INFO:root:28
Train: 0.29062244296073914 VAL: 0.24708257615566254
INFO:root:29
Train: 0.2706756889820099 VAL: 0.25095534324645996
INFO:root:30
Train: 0.28339898586273193 VAL: 0.253938227891922
INFO:root:31
Train: 0.2878212034702301 VAL: 0.2513352632522583
INFO:root:32
Train: 0.2859330475330353 VAL: 0.24861499667167664
INFO:root:33
Train: 0.2921123802661896 VAL: 0.2518308460712433
INFO:root:34
Train: 0.28038015961647034 VAL: 0.2502146363258362
INFO:root:35
Train: 0.2919199466705322 VAL: 0.25334432721138
INFO:root:36
Train: 0.28739818930625916 VAL: 0.25336262583732605
INFO:root:37
Train: 0.2871553897857666 VAL: 0.25384053587913513
INFO:root:38
Train: 0.28564751148223877 VAL: 0.25050580501556396
INFO:root:39
Train: 0.2886408865451813 VAL: 0.2496270388364792
INFO:root:40
Train: 0.2808505594730377 VAL: 0.25563809275627136
INFO:root:BEST VAL: 0.25563809275627136 TEST : 0.3196829557418823
INFO:root:Namespace(quiet=False, run_id=None, config=None, epochs=200, fold=2, batch_size=128, learn_rate=0.001, betas=(0.9, 0.999), weight_decay=0.001, hidden_size=32, kernel_init='skew-symmetric', note='', seed=None, nlayers=1, attn_head=1, latent_dim=128, dataset='ushcn')
INFO:root:{'input_dim': 5, 'attn_head': 1, 'latent_dim': 128, 'n_layers': 1, 'device': device(type='cuda')}
INFO:root:1
Train: 1.0792192220687866 VAL: 0.6066867113113403
INFO:root:2
Train: 0.5785698890686035 VAL: 0.3768461346626282
INFO:root:3
Train: 0.4109807312488556 VAL: 0.32618167996406555
INFO:root:4
Train: 0.36583492159843445 VAL: 0.3348919451236725
INFO:root:5
Train: 0.35762548446655273 VAL: 0.25427043437957764
INFO:root:6
Train: 0.33394527435302734 VAL: 0.2765846252441406
INFO:root:7
Train: 0.30568990111351013 VAL: 0.29822808504104614
INFO:root:8
Train: 0.3206090033054352 VAL: 0.29521533846855164
INFO:root:9
Train: 0.3105998933315277 VAL: 0.3063853979110718
INFO:root:10
Train: 0.3052360415458679 VAL: 0.2644605338573456
INFO:root:11
Train: 0.3166629672050476 VAL: 0.26605039834976196
INFO:root:12
Train: 0.29544398188591003 VAL: 0.2757262587547302
INFO:root:13
Train: 0.3073413372039795 VAL: 0.3070920407772064
INFO:root:14
Train: 0.30571290850639343 VAL: 0.2850590944290161
INFO:root:15
Train: 0.2938757836818695 VAL: 0.29836854338645935
INFO:root:16
Train: 0.3089239299297333 VAL: 0.2835192084312439
INFO:root:17
Train: 0.3090614974498749 VAL: 0.28162145614624023
INFO:root:18
Train: 0.30601373314857483 VAL: 0.30520403385162354
INFO:root:19
Train: 0.296916663646698 VAL: 0.3023219108581543
INFO:root:20
Train: 0.3051866888999939 VAL: 0.2949845790863037
INFO:root:21
Train: 0.29846426844596863 VAL: 0.3001237213611603
INFO:root:22
Train: 0.2834061086177826 VAL: 0.2882171869277954
INFO:root:23
Train: 0.29510465264320374 VAL: 0.2915486693382263
INFO:root:24
Train: 0.3048619329929352 VAL: 0.2940192222595215
INFO:root:25
Train: 0.3051355183124542 VAL: 0.2939112186431885
INFO:root:26
Train: 0.3060384690761566 VAL: 0.29475146532058716
INFO:root:27
Train: 0.307025283575058 VAL: 0.31971195340156555
INFO:root:28
Train: 0.3018415570259094 VAL: 0.29971086978912354
INFO:root:29
Train: 0.3002238869667053 VAL: 0.2962551414966583
INFO:root:30
Train: 0.30257102847099304 VAL: 0.2937706708908081
INFO:root:31
Train: 0.3031866252422333 VAL: 0.30524367094039917
INFO:root:32
Train: 0.29182884097099304 VAL: 0.31832289695739746
INFO:root:33
Train: 0.30411672592163086 VAL: 0.3054822087287903
INFO:root:34
Train: 0.3039766252040863 VAL: 0.30006903409957886
INFO:root:35
Train: 0.3054085075855255 VAL: 0.29570043087005615
INFO:root:BEST VAL: 0.29570043087005615 TEST : 0.3759988248348236
INFO:root:Namespace(quiet=False, run_id=None, config=None, epochs=200, fold=2, batch_size=64, learn_rate=0.001, betas=(0.9, 0.999), weight_decay=0.001, hidden_size=32, kernel_init='skew-symmetric', note='', seed=None, nlayers=1, attn_head=1, latent_dim=128, dataset='mimiciii')
INFO:root:{'input_dim': 96, 'attn_head': 1, 'latent_dim': 128, 'n_layers': 1, 'device': device(type='cuda')}
INFO:root:1
Train: 0.54317706823349 VAL: 0.5475403666496277
INFO:root:2
Train: 0.4524761140346527 VAL: 0.5088254809379578
INFO:root:3
Train: 0.43597841262817383 VAL: 0.502588152885437
INFO:root:4
Train: 0.4271554946899414 VAL: 0.4780990481376648
INFO:root:5
Train: 0.4226028025150299 VAL: 0.45390287041664124
INFO:root:6
Train: 0.41165804862976074 VAL: 0.46313613653182983
INFO:root:7
Train: 0.40710464119911194 VAL: 0.4678103029727936
INFO:root:8
Train: 0.409423828125 VAL: 0.4460138976573944
INFO:root:9
Train: 0.4061332643032074 VAL: 0.4394332766532898
INFO:root:10
Train: 0.404793381690979 VAL: 0.4401179850101471
INFO:root:11
Train: 0.4017045497894287 VAL: 0.47626829147338867
INFO:root:12
Train: 0.39876043796539307 VAL: 0.4258759617805481
INFO:root:13
Train: 0.40066781640052795 VAL: 0.4267888069152832
INFO:root:14
Train: 0.40104177594184875 VAL: 0.42150771617889404
INFO:root:15
Train: 0.39804115891456604 VAL: 0.44055771827697754
INFO:root:16
Train: 0.3944741487503052 VAL: 0.4248591661453247
INFO:root:17
Train: 0.39621323347091675 VAL: 0.42395466566085815
INFO:root:18
Train: 0.39885413646698 VAL: 0.4132702946662903
INFO:root:19
Train: 0.3906150460243225 VAL: 0.4110078811645508
INFO:root:20
Train: 0.38745060563087463 VAL: 0.4553186297416687
INFO:root:21
Train: 0.39229410886764526 VAL: 0.4392507076263428
INFO:root:22
Train: 0.38923773169517517 VAL: 0.41333335638046265
INFO:root:23
Train: 0.3877676725387573 VAL: 0.409988135099411
INFO:root:24
Train: 0.3828231990337372 VAL: 0.4214939475059509
INFO:root:25
Train: 0.38317975401878357 VAL: 0.44956865906715393
INFO:root:26
Train: 0.383555144071579 VAL: 0.4072994589805603
INFO:root:27
Train: 0.3823445737361908 VAL: 0.46278563141822815
INFO:root:28
Train: 0.3787810504436493 VAL: 0.425761342048645
INFO:root:29
Train: 0.37908557057380676 VAL: 0.46882006525993347
INFO:root:30
Train: 0.4058867394924164 VAL: 0.46033725142478943
INFO:root:31
Train: 0.39275306463241577 VAL: 0.41623467206954956
INFO:root:32
Train: 0.38288119435310364 VAL: 0.46204453706741333
INFO:root:33
Train: 0.3810804486274719 VAL: 0.40582478046417236
INFO:root:34
Train: 0.376939058303833 VAL: 0.46327927708625793
INFO:root:35
Train: 0.37512558698654175 VAL: 0.40153634548187256
INFO:root:36
Train: 0.3759017586708069 VAL: 0.45615002512931824
INFO:root:37
Train: 0.37423911690711975 VAL: 0.45550352334976196
INFO:root:38
Train: 0.37642529606819153 VAL: 0.40151840448379517
INFO:root:39
Train: 0.3733246624469757 VAL: 0.4029880166053772
INFO:root:40
Train: 0.3698188066482544 VAL: 0.4413315951824188
INFO:root:41
Train: 0.3769240379333496 VAL: 0.4231730103492737
INFO:root:42
Train: 0.371739000082016 VAL: 0.4051847755908966
INFO:root:43
Train: 0.37136250734329224 VAL: 0.40412741899490356
INFO:root:44
Train: 0.37180235981941223 VAL: 0.39827001094818115
INFO:root:45
Train: 0.37086594104766846 VAL: 0.40869849920272827
INFO:root:46
Train: 0.36952197551727295 VAL: 0.4007105827331543
INFO:root:47
Train: 0.36907902359962463 VAL: 0.4055848717689514
INFO:root:48
Train: 0.3669433295726776 VAL: 0.4105013608932495
INFO:root:49
Train: 0.36680206656455994 VAL: 0.4440497159957886
INFO:root:50
Train: 0.37272417545318604 VAL: 0.40547674894332886
INFO:root:51
Train: 0.3658375144004822 VAL: 0.44976040720939636
INFO:root:52
Train: 0.36868685483932495 VAL: 0.395251989364624
INFO:root:53
Train: 0.36805403232574463 VAL: 0.4640365242958069
INFO:root:54
Train: 0.36536335945129395 VAL: 0.45853951573371887
INFO:root:55
Train: 0.36610040068626404 VAL: 0.455329567193985
INFO:root:56
Train: 0.366525799036026 VAL: 0.45486193895339966
INFO:root:57
Train: 0.36558976769447327 VAL: 0.41612398624420166
INFO:root:58
Train: 0.379285603761673 VAL: 0.45982906222343445
INFO:root:59
Train: 0.36828529834747314 VAL: 0.42500537633895874
INFO:root:60
Train: 0.3643842041492462 VAL: 0.44294267892837524
INFO:root:61
Train: 0.3630276620388031 VAL: 0.427457332611084
INFO:root:62
Train: 0.3610934317111969 VAL: 0.44832444190979004
INFO:root:63
Train: 0.3637200593948364 VAL: 0.3964884281158447
INFO:root:64
Train: 0.3546578586101532 VAL: 0.406109482049942
INFO:root:65
Train: 0.35503053665161133 VAL: 0.3981418311595917
INFO:root:66
Train: 0.35107600688934326 VAL: 0.400363028049469
INFO:root:67
Train: 0.35287195444107056 VAL: 0.40525907278060913
INFO:root:68
Train: 0.3502183258533478 VAL: 0.42985478043556213
INFO:root:69
Train: 0.34854599833488464 VAL: 0.4030051827430725
INFO:root:70
Train: 0.34744182229042053 VAL: 0.4025888741016388
INFO:root:71
Train: 0.3477756679058075 VAL: 0.4428761899471283
INFO:root:72
Train: 0.3461896479129791 VAL: 0.407361775636673
INFO:root:Namespace(quiet=False, run_id=None, config=None, epochs=200, fold=2, batch_size=64, learn_rate=0.001, betas=(0.9, 0.999), weight_decay=0.001, hidden_size=32, kernel_init='skew-symmetric', note='', seed=None, nlayers=1, attn_head=1, latent_dim=128, dataset='mimiciv')
INFO:root:{'input_dim': 100, 'attn_head': 1, 'latent_dim': 128, 'n_layers': 1, 'device': device(type='cuda')}
INFO:root:1
Train: 0.35565152764320374 VAL: 0.29200997948646545
INFO:root:2
Train: 0.27996066212654114 VAL: 0.2765423059463501
INFO:root:3
Train: 0.26725688576698303 VAL: 0.2726287543773651
INFO:root:4
Train: 0.26106536388397217 VAL: 0.264026403427124
INFO:root:5
Train: 0.25816240906715393 VAL: 0.26524120569229126
INFO:root:6
Train: 0.25398629903793335 VAL: 0.25945019721984863
INFO:root:7
Train: 0.24983645975589752 VAL: 0.25462207198143005
INFO:root:8
Train: 0.248519629240036 VAL: 0.2700793445110321
INFO:root:9
Train: 0.24795356392860413 VAL: 0.24866607785224915
INFO:root:10
Train: 0.24516774713993073 VAL: 0.25193506479263306
INFO:root:11
Train: 0.24460837244987488 VAL: 0.2485913783311844
INFO:root:12
Train: 0.24202963709831238 VAL: 0.24535882472991943
INFO:root:13
Train: 0.24142427742481232 VAL: 0.2441556602716446
INFO:root:14
Train: 0.24140730500221252 VAL: 0.24515925347805023
INFO:root:15
Train: 0.2406185120344162 VAL: 0.24392330646514893
INFO:root:16
Train: 0.24158671498298645 VAL: 0.2447991669178009
INFO:root:17
Train: 0.2402472347021103 VAL: 0.2442958950996399
INFO:root:18
Train: 0.23857487738132477 VAL: 0.2441122829914093
INFO:root:19
Train: 0.23792484402656555 VAL: 0.2443893849849701
INFO:root:20
Train: 0.23663626611232758 VAL: 0.2439887821674347
INFO:root:21
Train: 0.23486001789569855 VAL: 0.24256207048892975
INFO:root:22
Train: 0.2353605479001999 VAL: 0.24238240718841553
INFO:root:23
Train: 0.2339612990617752 VAL: 0.24707509577274323
INFO:root:24
Train: 0.23386235535144806 VAL: 0.24678757786750793
INFO:root:25
Train: 0.23351475596427917 VAL: 0.24158799648284912
INFO:root:26
Train: 0.23233027756214142 VAL: 0.2391047477722168
INFO:root:27
Train: 0.22979521751403809 VAL: 0.24650752544403076
INFO:root:28
Train: 0.23031893372535706 VAL: 0.2429657280445099
INFO:root:29
Train: 0.22998733818531036 VAL: 0.23938800394535065
INFO:root:30
Train: 0.22930282354354858 VAL: 0.2425478994846344
INFO:root:31
Train: 0.22969584167003632 VAL: 0.23876139521598816
INFO:root:32
Train: 0.22916892170906067 VAL: 0.23971036076545715
INFO:root:33
Train: 0.22906720638275146 VAL: 0.24190068244934082
INFO:root:34
Train: 0.22670091688632965 VAL: 0.24128006398677826
INFO:root:35
Train: 0.2271983027458191 VAL: 0.24137035012245178
INFO:root:36
Train: 0.22658143937587738 VAL: 0.2388412058353424
INFO:root:37
Train: 0.22657069563865662 VAL: 0.23815125226974487
INFO:root:38
Train: 0.22692467272281647 VAL: 0.24334296584129333
INFO:root:39
Train: 0.22551436722278595 VAL: 0.24173134565353394
INFO:root:40
Train: 0.22606687247753143 VAL: 0.2382994294166565
INFO:root:41
Train: 0.22588524222373962 VAL: 0.2511533200740814
INFO:root:42
Train: 0.22406142950057983 VAL: 0.2394191324710846
INFO:root:43
Train: 0.22236907482147217 VAL: 0.24489593505859375
INFO:root:44
Train: 0.2237475961446762 VAL: 0.24028566479682922
INFO:root:45
Train: 0.2219066470861435 VAL: 0.24759386479854584
INFO:root:46
Train: 0.2232048362493515 VAL: 0.24208086729049683
INFO:root:47
Train: 0.22416315972805023 VAL: 0.2403084635734558
INFO:root:48
Train: 0.222959965467453 VAL: 0.2440427541732788
INFO:root:49
Train: 0.21707649528980255 VAL: 0.23977337777614594
INFO:root:50
Train: 0.21330778300762177 VAL: 0.23885123431682587
INFO:root:51
Train: 0.21380770206451416 VAL: 0.23957419395446777
INFO:root:52
Train: 0.21280908584594727 VAL: 0.24067236483097076
INFO:root:53
Train: 0.2117064744234085 VAL: 0.24300912022590637
INFO:root:54
Train: 0.21066932380199432 VAL: 0.2437821328639984
INFO:root:55
Train: 0.21120598912239075 VAL: 0.24281486868858337
INFO:root:56
Train: 0.20953266322612762 VAL: 0.2427346408367157
INFO:root:57
Train: 0.21066510677337646 VAL: 0.24152326583862305
INFO:root:58
Train: 0.20836223661899567 VAL: 0.2415134310722351
INFO:root:59
Train: 0.20862668752670288 VAL: 0.2411169409751892
INFO:root:60
Train: 0.20423024892807007 VAL: 0.2416154444217682
INFO:root:61
Train: 0.20179162919521332 VAL: 0.24552685022354126
INFO:root:62
Train: 0.20119726657867432 VAL: 0.2450348138809204
INFO:root:63
Train: 0.20090821385383606 VAL: 0.24477770924568176
INFO:root:64
Train: 0.2007882297039032 VAL: 0.24480044841766357
INFO:root:65
Train: 0.19965313374996185 VAL: 0.24541449546813965
INFO:root:66
Train: 0.19870059192180634 VAL: 0.24464522302150726
INFO:root:67
Train: 0.19801172614097595 VAL: 0.2457696944475174
INFO:root:BEST VAL: 0.2457696944475174 TEST : 0.237625852227211
