INFO:root:Namespace(quiet=False, run_id=None, config=None, epochs=200, fold=3, batch_size=64, learn_rate=0.001, betas=(0.9, 0.999), weight_decay=0.001, hidden_size=32, kernel_init='skew-symmetric', note='', seed=None, nlayers=4, attn_head=1, latent_dim=128, dataset='mimiciii')
INFO:root:{'input_dim': 96, 'attn_head': 1, 'latent_dim': 128, 'n_layers': 4, 'device': device(type='cuda')}
INFO:root:1
Train: 0.6179163455963135 VAL: 0.4554392695426941
INFO:root:2
Train: 0.5225121974945068 VAL: 0.4547383487224579
INFO:root:3
Train: 0.4560891389846802 VAL: 0.4224320650100708
INFO:root:4
Train: 27.5129337310791 VAL: 0.46634164452552795
INFO:root:5
Train: 0.4707641005516052 VAL: 0.4387679696083069
INFO:root:6
Train: 0.45502737164497375 VAL: 0.46447303891181946
INFO:root:7
Train: 0.43595030903816223 VAL: 0.4303717613220215
INFO:root:8
Train: 0.42662346363067627 VAL: 0.41800326108932495
INFO:root:9
Train: 0.4182744324207306 VAL: 0.41060835123062134
INFO:root:10
Train: 0.4206388592720032 VAL: 0.40644752979278564
INFO:root:11
Train: 0.4215325117111206 VAL: 0.4205958843231201
INFO:root:12
Train: 0.43817394971847534 VAL: 0.414146363735199
INFO:root:13
Train: 0.4385547935962677 VAL: 0.4131479263305664
INFO:root:14
Train: 0.44465646147727966 VAL: 0.4355822205543518
INFO:root:15
Train: 0.4325253665447235 VAL: 0.42321884632110596
INFO:root:16
Train: 0.4289632737636566 VAL: 0.4050551950931549
INFO:root:17
Train: 0.4179590344429016 VAL: 0.40641382336616516
INFO:root:18
Train: 0.4158520996570587 VAL: 0.4093051850795746
INFO:root:19
Train: 0.4138822555541992 VAL: 0.4070407748222351
INFO:root:20
Train: 0.4068143963813782 VAL: 0.4011183977127075
INFO:root:21
Train: 0.40488699078559875 VAL: 0.398624449968338
INFO:root:22
Train: 0.4039550721645355 VAL: 0.39274802803993225
INFO:root:23
Train: 0.42953574657440186 VAL: 0.39901915192604065
INFO:root:24
Train: 0.4254126250743866 VAL: 0.40688273310661316
INFO:root:25
Train: 0.41497641801834106 VAL: 0.39940017461776733
INFO:root:26
Train: 0.40516164898872375 VAL: 0.39343199133872986
INFO:root:27
Train: 4133.7802734375 VAL: 1.6575568914413452
INFO:root:28
Train: 1.3996391296386719 VAL: 1.2134311199188232
INFO:root:29
Train: 1.2159076929092407 VAL: 1.043440580368042
INFO:root:30
Train: 1.0865907669067383 VAL: 0.9854660034179688
INFO:root:31
Train: 1.0125278234481812 VAL: 0.9228405952453613
INFO:root:32
Train: 0.9528766870498657 VAL: 0.8671953082084656
INFO:root:33
Train: 0.8776379227638245 VAL: 0.9606466889381409
INFO:root:34
Train: 0.8025611042976379 VAL: 0.7680045366287231
INFO:root:35
Train: 0.7702166438102722 VAL: 0.7899214029312134
INFO:root:36
Train: 0.7447150349617004 VAL: 0.7098363041877747
INFO:root:37
Train: 0.726576030254364 VAL: 0.7216950058937073
INFO:root:38
Train: 0.7271440029144287 VAL: 0.6730409860610962
INFO:root:39
Train: 0.6782547235488892 VAL: 0.6766520738601685
INFO:root:40
Train: 0.6710017919540405 VAL: 0.6249605417251587
INFO:root:41
Train: 0.6887404322624207 VAL: 0.6067007780075073
INFO:root:42
Train: 0.6501750349998474 VAL: 0.5995980501174927
INFO:root:43
Train: 0.6264667510986328 VAL: 0.6694121956825256
INFO:root:44
Train: 0.6254215240478516 VAL: 0.5755521059036255
INFO:root:45
Train: 0.5804884433746338 VAL: 0.5439541935920715
INFO:root:46
Train: 0.5805620551109314 VAL: 0.5563517808914185
INFO:root:47
Train: 0.5827933549880981 VAL: 0.5897759199142456
INFO:root:48
Train: 0.5580788850784302 VAL: 0.5525192618370056
INFO:root:49
Train: 0.5593792796134949 VAL: 0.5237492918968201
INFO:root:50
Train: 0.5454593896865845 VAL: 0.5345603227615356
INFO:root:51
Train: 0.5492002964019775 VAL: 0.5903377532958984
INFO:root:52
Train: 0.5778073072433472 VAL: 0.6318767070770264
INFO:root:Namespace(quiet=False, run_id=None, config=None, epochs=200, fold=3, batch_size=64, learn_rate=0.001, betas=(0.9, 0.999), weight_decay=0.001, hidden_size=32, kernel_init='skew-symmetric', note='', seed=None, nlayers=4, attn_head=1, latent_dim=128, dataset='mimiciii')
INFO:root:{'input_dim': 96, 'attn_head': 1, 'latent_dim': 128, 'n_layers': 4, 'device': device(type='cuda')}
INFO:root:1
Train: 0.6036666631698608 VAL: 0.4784168004989624
INFO:root:2
Train: 0.5057026147842407 VAL: 0.42853662371635437
INFO:root:3
Train: 0.45388558506965637 VAL: 0.4071946442127228
INFO:root:4
Train: 0.9276190996170044 VAL: 0.4626508057117462
INFO:root:5
Train: 44.30366897583008 VAL: 1.617742657661438
INFO:root:6
Train: 1.4153411388397217 VAL: 1.2805202007293701
INFO:root:7
Train: 0.8759440779685974 VAL: 0.7057545185089111
INFO:root:8
Train: 0.6623358130455017 VAL: 0.6353732347488403
INFO:root:9
Train: 1.633126139640808 VAL: 0.6886482238769531
INFO:root:10
Train: 0.6572900414466858 VAL: 0.598801851272583
INFO:root:11
Train: 0.589622437953949 VAL: 0.566601037979126
INFO:root:12
Train: 0.5703458189964294 VAL: 0.5332703590393066
INFO:root:13
Train: 0.5550556778907776 VAL: 0.5237694978713989
INFO:root:14
Train: 0.5325292944908142 VAL: 0.5514624118804932
INFO:root:15
Train: 0.5303158164024353 VAL: 0.49340423941612244
INFO:root:16
Train: 0.5113080739974976 VAL: 0.4841965436935425
INFO:root:17
Train: 0.4896528720855713 VAL: 0.4790497422218323
INFO:root:18
Train: 0.48341912031173706 VAL: 0.46711742877960205
INFO:root:19
Train: 0.4723415970802307 VAL: 0.44815167784690857
INFO:root:20
Train: 0.4628591239452362 VAL: 0.4437803030014038
INFO:root:21
Train: 0.46069300174713135 VAL: 0.4386026859283447
INFO:root:22
Train: 0.4737156927585602 VAL: 0.47512516379356384
INFO:root:23
Train: 0.5023288130760193 VAL: 0.45103099942207336
INFO:root:24
Train: 0.4637218415737152 VAL: 0.44216111302375793
INFO:root:25
Train: 0.44404515624046326 VAL: 0.4270721971988678
INFO:root:26
Train: 0.4339543282985687 VAL: 0.42681366205215454
INFO:root:27
Train: 0.42814111709594727 VAL: 0.4193953275680542
INFO:root:28
Train: 0.42433300614356995 VAL: 0.41387632489204407
INFO:root:29
Train: 0.4235084652900696 VAL: 0.4341552257537842
INFO:root:30
Train: 0.4241378903388977 VAL: 0.47547101974487305
INFO:root:31
Train: 0.4405488967895508 VAL: 0.4217921197414398
INFO:root:32
Train: 0.42439794540405273 VAL: 0.4135293662548065
INFO:root:33
Train: 0.4187144339084625 VAL: 0.416594535112381
INFO:root:BEST VAL: 0.416594535112381 TEST : 0.43047791719436646
