INFO:root:Namespace(quiet=False, run_id=None, config=None, epochs=200, fold=4, batch_size=128, learn_rate=0.001, betas=(0.9, 0.999), weight_decay=0.001, hidden_size=32, kernel_init='skew-symmetric', note='', seed=None, nlayers=4, attn_head=4, latent_dim=32, dataset='ushcn')
INFO:root:{'input_dim': 5, 'attn_head': 4, 'latent_dim': 32, 'n_layers': 4, 'device': device(type='cuda')}
INFO:root:1
Train: 0.6635755896568298 VAL: 0.4537210762500763
INFO:root:2
Train: 0.526444673538208 VAL: 0.39579564332962036
INFO:root:3
Train: 0.4672107994556427 VAL: 0.3030797839164734
INFO:root:4
Train: 0.36608508229255676 VAL: 0.27608823776245117
INFO:root:5
Train: 0.32760000228881836 VAL: 0.25412440299987793
INFO:root:6
Train: 0.30701351165771484 VAL: 0.25327980518341064
INFO:root:7
Train: 0.328936904668808 VAL: 0.2544589340686798
INFO:root:8
Train: 0.3284323215484619 VAL: 0.2555273771286011
INFO:root:9
Train: 0.3037635087966919 VAL: 0.25407660007476807
INFO:root:10
Train: 0.3291320204734802 VAL: 0.2505861520767212
INFO:root:11
Train: 0.3252752721309662 VAL: 0.2530435621738434
INFO:root:12
Train: 0.3516230881214142 VAL: 0.25100114941596985
INFO:root:13
Train: 0.33770760893821716 VAL: 0.26889926195144653
INFO:root:14
Train: 0.334185391664505 VAL: 0.25377157330513
INFO:root:15
Train: 0.32583320140838623 VAL: 0.2489028424024582
INFO:root:16
Train: 0.3213863670825958 VAL: 0.2559555768966675
INFO:root:17
Train: 0.32603326439857483 VAL: 0.2493676245212555
INFO:root:18
Train: 0.30343541502952576 VAL: 0.24502579867839813
INFO:root:19
Train: 0.32607603073120117 VAL: 0.25569948554039
INFO:root:20
Train: 0.3150612413883209 VAL: 0.24618948996067047
INFO:root:21
Train: 0.32016730308532715 VAL: 0.24607740342617035
INFO:root:22
Train: 0.318013072013855 VAL: 0.24997615814208984
INFO:root:23
Train: 0.3219590485095978 VAL: 0.2520405352115631
INFO:root:24
Train: 0.3196410536766052 VAL: 0.25353920459747314
INFO:root:25
Train: 0.3159150779247284 VAL: 0.24679803848266602
INFO:root:26
Train: 0.31917163729667664 VAL: 0.24903693795204163
INFO:root:27
Train: 0.3142676055431366 VAL: 0.260746568441391
INFO:root:28
Train: 0.32317054271698 VAL: 0.24856898188591003
INFO:root:29
Train: 0.30306684970855713 VAL: 0.26135867834091187
INFO:root:30
Train: 0.3164912164211273 VAL: 0.24538490176200867
INFO:root:31
Train: 0.28287699818611145 VAL: 0.25248417258262634
INFO:root:32
Train: 0.31426316499710083 VAL: 0.24652191996574402
INFO:root:33
Train: 0.31042560935020447 VAL: 0.24931950867176056
INFO:root:34
Train: 0.3153854310512543 VAL: 0.24672000110149384
INFO:root:35
Train: 0.311225026845932 VAL: 0.24825775623321533
INFO:root:36
Train: 0.31425487995147705 VAL: 0.24732749164104462
INFO:root:37
Train: 0.3117065131664276 VAL: 0.24829240143299103
INFO:root:38
Train: 0.313876748085022 VAL: 0.24833296239376068
INFO:root:39
Train: 0.300366073846817 VAL: 0.24639612436294556
INFO:root:40
Train: 0.3077589273452759 VAL: 0.24921754002571106
INFO:root:41
Train: 0.3117092549800873 VAL: 0.24603822827339172
INFO:root:42
Train: 0.2984335720539093 VAL: 0.24726490676403046
INFO:root:43
Train: 0.3035486936569214 VAL: 0.24775880575180054
INFO:root:44
Train: 0.3038952052593231 VAL: 0.24603357911109924
INFO:root:45
Train: 0.26326215267181396 VAL: 0.24809065461158752
INFO:root:46
Train: 0.3084395229816437 VAL: 0.24735765159130096
INFO:root:47
Train: 0.3056936264038086 VAL: 0.25035586953163147
INFO:root:48
Train: 0.31269851326942444 VAL: 0.2465178668498993
INFO:root:BEST VAL: 0.2465178668498993 TEST : 0.5975925922393799
