INFO:root:Namespace(quiet=False, run_id=None, config=None, epochs=200, fold=0, batch_size=128, learn_rate=0.001, betas=(0.9, 0.999), weight_decay=0.001, hidden_size=32, kernel_init='skew-symmetric', note='', seed=None, nlayers=1, attn_head=4, latent_dim=64, dataset='ushcn')
INFO:root:{'input_dim': 5, 'attn_head': 4, 'latent_dim': 64, 'n_layers': 1, 'device': device(type='cuda')}
INFO:root:1
Train: 0.6269941329956055 VAL: 0.7058280110359192
INFO:root:2
Train: 0.48665836453437805 VAL: 0.5742234587669373
INFO:root:3
Train: 0.4239470958709717 VAL: 0.4183446168899536
INFO:root:4
Train: 0.36483776569366455 VAL: 0.35639309883117676
INFO:root:5
Train: 0.32641908526420593 VAL: 0.42129766941070557
INFO:root:6
Train: 0.3207595646381378 VAL: 0.4982287883758545
INFO:root:7
Train: 0.310863733291626 VAL: 0.4119289517402649
INFO:root:8
Train: 0.30486002564430237 VAL: 0.40533512830734253
INFO:root:9
Train: 0.2840538024902344 VAL: 0.461402952671051
INFO:root:10
Train: 0.3035801351070404 VAL: 0.45663198828697205
INFO:root:11
Train: 0.3036862313747406 VAL: 0.3963415324687958
INFO:root:12
Train: 0.2879370450973511 VAL: 0.4521874189376831
INFO:root:13
Train: 0.3129609227180481 VAL: 0.4854510426521301
INFO:root:14
Train: 0.3005193769931793 VAL: 0.47103843092918396
INFO:root:15
Train: 0.29166316986083984 VAL: 0.4215293824672699
INFO:root:16
Train: 0.29207977652549744 VAL: 0.4427434206008911
INFO:root:17
Train: 0.2935594916343689 VAL: 0.4287995398044586
INFO:root:18
Train: 0.2941925525665283 VAL: 0.40083956718444824
INFO:root:19
Train: 0.2917429506778717 VAL: 0.4164699614048004
INFO:root:20
Train: 0.29631760716438293 VAL: 0.43665510416030884
INFO:root:21
Train: 0.29600346088409424 VAL: 0.4498180150985718
INFO:root:22
Train: 0.29540398716926575 VAL: 0.425615131855011
INFO:root:23
Train: 0.2780488431453705 VAL: 0.3971974551677704
INFO:root:24
Train: 0.2985363006591797 VAL: 0.4035963714122772
INFO:root:25
Train: 0.2946050465106964 VAL: 0.38697391748428345
INFO:root:26
Train: 0.2906426787376404 VAL: 0.40033015608787537
INFO:root:27
Train: 0.298149436712265 VAL: 0.4019518792629242
INFO:root:28
Train: 0.2981168329715729 VAL: 0.39923861622810364
INFO:root:29
Train: 0.299455463886261 VAL: 0.39871519804000854
INFO:root:30
Train: 0.2967017590999603 VAL: 0.39995986223220825
INFO:root:31
Train: 0.2734591066837311 VAL: 0.4022034704685211
INFO:root:32
Train: 0.2989843487739563 VAL: 0.41078364849090576
INFO:root:33
Train: 0.2712402939796448 VAL: 0.4136308431625366
INFO:root:34
Train: 0.26765206456184387 VAL: 0.40483611822128296
INFO:root:BEST VAL: 0.40483611822128296 TEST : 0.24684390425682068
INFO:root:Namespace(quiet=False, run_id=None, config=None, epochs=200, fold=0, batch_size=128, learn_rate=0.001, betas=(0.9, 0.999), weight_decay=0.001, hidden_size=32, kernel_init='skew-symmetric', note='', seed=None, nlayers=1, attn_head=4, latent_dim=64, dataset='ushcn')
INFO:root:{'input_dim': 5, 'attn_head': 4, 'latent_dim': 64, 'n_layers': 1, 'device': device(type='cuda')}
INFO:root:1
Train: 0.688542366027832 VAL: 0.7646013498306274
INFO:root:2
Train: 0.5482469201087952 VAL: 0.6454384326934814
INFO:root:3
Train: 0.47118353843688965 VAL: 0.5449805855751038
INFO:root:4
Train: 0.4038483798503876 VAL: 0.4487292468547821
INFO:root:5
Train: 0.3787567913532257 VAL: 0.34544339776039124
INFO:root:6
Train: 0.3415639102458954 VAL: 0.3018729090690613
INFO:root:7
Train: 0.3268914520740509 VAL: 0.3310476541519165
INFO:root:8
Train: 0.3211393654346466 VAL: 0.3658103942871094
INFO:root:9
Train: 0.3206366002559662 VAL: 0.3798254132270813
INFO:root:10
Train: 0.3178875744342804 VAL: 0.3837043046951294
INFO:root:11
Train: 0.3039517104625702 VAL: 0.3691968023777008
INFO:root:12
Train: 0.31090348958969116 VAL: 0.4119046926498413
INFO:root:13
Train: 0.3160249888896942 VAL: 0.4353712201118469
INFO:root:14
Train: 0.312912255525589 VAL: 0.38004034757614136
INFO:root:15
Train: 0.30696341395378113 VAL: 0.4155420958995819
INFO:root:16
Train: 0.315350204706192 VAL: 0.3778633773326874
INFO:root:17
Train: 0.3076455891132355 VAL: 0.41543909907341003
INFO:root:18
Train: 0.31180238723754883 VAL: 0.4191761016845703
INFO:root:19
Train: 0.3084116280078888 VAL: 0.40050244331359863
INFO:root:20
Train: 0.30587589740753174 VAL: 0.4102644920349121
INFO:root:21
Train: 0.3076755702495575 VAL: 0.4304113984107971
INFO:root:22
Train: 0.3030482828617096 VAL: 0.43082088232040405
INFO:root:23
Train: 0.3074403703212738 VAL: 0.39253097772598267
INFO:root:24
Train: 0.3093942701816559 VAL: 0.4167247414588928
INFO:root:25
Train: 0.2997485399246216 VAL: 0.4019028842449188
INFO:root:26
Train: 0.3044934570789337 VAL: 0.4002937078475952
INFO:root:27
Train: 0.28971388936042786 VAL: 0.40762144327163696
INFO:root:28
Train: 0.29402363300323486 VAL: 0.4134751260280609
INFO:root:29
Train: 0.30653613805770874 VAL: 0.39153826236724854
INFO:root:30
Train: 0.2814621925354004 VAL: 0.3906109631061554
INFO:root:31
Train: 0.2895677089691162 VAL: 0.40164703130722046
INFO:root:32
Train: 0.29739832878112793 VAL: 0.40936920046806335
INFO:root:33
Train: 0.30291613936424255 VAL: 0.41708728671073914
INFO:root:34
Train: 0.301365464925766 VAL: 0.39946886897087097
INFO:root:35
Train: 0.3110170364379883 VAL: 0.4168752431869507
INFO:root:36
Train: 0.29967406392097473 VAL: 0.3891754746437073
INFO:root:BEST VAL: 0.3891754746437073 TEST : 0.21027103066444397
