INFO:root:Namespace(quiet=False, run_id=None, config=None, epochs=200, fold=3, batch_size=128, learn_rate=0.001, betas=(0.9, 0.999), weight_decay=0.001, hidden_size=32, kernel_init='skew-symmetric', note='', seed=None, nlayers=1, attn_head=2, latent_dim=256, dataset='ushcn')
INFO:root:{'input_dim': 5, 'attn_head': 2, 'latent_dim': 256, 'n_layers': 1, 'device': device(type='cuda')}
INFO:root:1
Train: 2.978327751159668 VAL: 0.5639203190803528
INFO:root:2
Train: 0.8644793629646301 VAL: 0.8880717754364014
INFO:root:3
Train: 0.6475736498832703 VAL: 0.4545472264289856
INFO:root:4
Train: 0.4799326956272125 VAL: 0.41000550985336304
INFO:root:5
Train: 0.4519340693950653 VAL: 0.39717763662338257
INFO:root:6
Train: 0.42907842993736267 VAL: 0.36616092920303345
INFO:root:7
Train: 0.41126036643981934 VAL: 0.35147660970687866
INFO:root:8
Train: 0.3968590497970581 VAL: 0.3335229158401489
INFO:root:9
Train: 0.3577171862125397 VAL: 0.2969515323638916
INFO:root:10
Train: 0.33696019649505615 VAL: 0.29103943705558777
INFO:root:11
Train: 0.3212425112724304 VAL: 0.28459158539772034
INFO:root:12
Train: 0.31431126594543457 VAL: 0.28453752398490906
INFO:root:13
Train: 0.3182564079761505 VAL: 0.28778207302093506
INFO:root:14
Train: 0.32768845558166504 VAL: 0.29105114936828613
INFO:root:15
Train: 0.3236510157585144 VAL: 0.29060375690460205
INFO:root:16
Train: 0.3207436203956604 VAL: 0.2845456600189209
INFO:root:17
Train: 0.3190999925136566 VAL: 0.29327160120010376
INFO:root:18
Train: 0.32793131470680237 VAL: 0.298659086227417
INFO:root:19
Train: 0.3092047870159149 VAL: 0.2851378917694092
INFO:root:20
Train: 0.2874510586261749 VAL: 0.2849457859992981
INFO:root:21
Train: 0.3092707395553589 VAL: 0.28705763816833496
INFO:root:22
Train: 0.31307587027549744 VAL: 0.2897936701774597
INFO:root:23
Train: 0.31127119064331055 VAL: 0.29713523387908936
INFO:root:24
Train: 0.2986692488193512 VAL: 0.2916698455810547
INFO:root:25
Train: 0.29836374521255493 VAL: 0.2840154469013214
INFO:root:26
Train: 0.3116380274295807 VAL: 0.2878998816013336
INFO:root:27
Train: 0.3018527626991272 VAL: 0.2856585383415222
INFO:root:28
Train: 0.2957247197628021 VAL: 0.2840028405189514
INFO:root:29
Train: 0.30663982033729553 VAL: 0.29336875677108765
INFO:root:30
Train: 0.29109272360801697 VAL: 0.2823179364204407
INFO:root:31
Train: 0.30712413787841797 VAL: 0.28478527069091797
INFO:root:32
Train: 0.30626678466796875 VAL: 0.2826337218284607
INFO:root:33
Train: 0.3019923269748688 VAL: 0.28183722496032715
INFO:root:34
Train: 0.3046111762523651 VAL: 0.283019483089447
INFO:root:35
Train: 0.2900945842266083 VAL: 0.28101128339767456
INFO:root:36
Train: 0.29965460300445557 VAL: 0.2809143662452698
INFO:root:37
Train: 0.2793557941913605 VAL: 0.28092002868652344
INFO:root:38
Train: 0.30556145310401917 VAL: 0.2800541818141937
INFO:root:39
Train: 0.30176201462745667 VAL: 0.28126123547554016
INFO:root:40
Train: 0.3044929802417755 VAL: 0.2824997007846832
INFO:root:41
Train: 0.28685805201530457 VAL: 0.28690147399902344
INFO:root:42
Train: 0.30798596143722534 VAL: 0.2844464182853699
INFO:root:43
Train: 0.30918869376182556 VAL: 0.28222575783729553
INFO:root:44
Train: 0.29864344000816345 VAL: 0.28478366136550903
INFO:root:45
Train: 0.31077226996421814 VAL: 0.2818700671195984
INFO:root:46
Train: 0.29063618183135986 VAL: 0.2808218002319336
INFO:root:47
Train: 0.2844148576259613 VAL: 0.2804494798183441
INFO:root:48
Train: 0.28756311535835266 VAL: 0.28114333748817444
INFO:root:49
Train: 0.29190734028816223 VAL: 0.2807319462299347
INFO:root:50
Train: 0.30215349793434143 VAL: 0.28030407428741455
INFO:root:51
Train: 0.3023231625556946 VAL: 0.28173506259918213
INFO:root:52
Train: 0.29284006357192993 VAL: 0.28308114409446716
INFO:root:53
Train: 0.30615702271461487 VAL: 0.283786416053772
INFO:root:54
Train: 0.300491601228714 VAL: 0.2882643938064575
INFO:root:55
Train: 0.31048300862312317 VAL: 0.28197526931762695
INFO:root:56
Train: 0.30231237411499023 VAL: 0.2836850881576538
INFO:root:57
Train: 0.3022911250591278 VAL: 0.2814944386482239
INFO:root:58
Train: 0.3024519085884094 VAL: 0.28068286180496216
INFO:root:59
Train: 0.2982269525527954 VAL: 0.280673623085022
INFO:root:60
Train: 0.2982417345046997 VAL: 0.28067636489868164
INFO:root:61
Train: 0.29987409710884094 VAL: 0.2810696065425873
INFO:root:62
Train: 0.2983023226261139 VAL: 0.2806221842765808
INFO:root:63
Train: 0.29826268553733826 VAL: 0.281264990568161
INFO:root:64
Train: 0.29838353395462036 VAL: 0.2810676097869873
INFO:root:65
Train: 0.27859023213386536 VAL: 0.28072884678840637
INFO:root:66
Train: 0.29896944761276245 VAL: 0.2800983488559723
INFO:root:67
Train: 0.2999732792377472 VAL: 0.28076767921447754
INFO:root:68
Train: 0.2974760830402374 VAL: 0.2811201810836792
INFO:root:BEST VAL: 0.2811201810836792 TEST : 0.2702144384384155
