INFO:root:Namespace(quiet=False, run_id=None, config=None, epochs=200, fold=2, batch_size=64, learn_rate=0.001, betas=(0.9, 0.999), weight_decay=0.001, hidden_size=32, kernel_init='skew-symmetric', note='', seed=None, nlayers=4, attn_head=1, latent_dim=128, dataset='mimiciii')
INFO:root:{'input_dim': 96, 'attn_head': 1, 'latent_dim': 128, 'n_layers': 4, 'device': device(type='cuda')}
INFO:root:1
Train: 0.5682662725448608 VAL: 0.5834053158760071
INFO:root:2
Train: 0.4553970992565155 VAL: 0.4632568955421448
INFO:root:3
Train: 0.42991241812705994 VAL: 0.4939994513988495
INFO:root:4
Train: 0.4219394326210022 VAL: 0.46367475390434265
INFO:root:5
Train: 0.41462981700897217 VAL: 0.48450177907943726
INFO:root:6
Train: 0.41303569078445435 VAL: 0.47462522983551025
INFO:root:7
Train: 0.4031219184398651 VAL: 0.4767739474773407
INFO:root:8
Train: 0.3967796564102173 VAL: 0.46447038650512695
INFO:root:9
Train: 0.4004265367984772 VAL: 0.484998881816864
INFO:root:10
Train: 0.4268641173839569 VAL: 0.47163861989974976
INFO:root:11
Train: 0.397277295589447 VAL: 0.448846697807312
INFO:root:12
Train: 0.3962574601173401 VAL: 0.4591144919395447
INFO:root:13
Train: 0.3862634003162384 VAL: 0.4619004428386688
INFO:root:14
Train: 0.384715735912323 VAL: 0.434169739484787
INFO:root:15
Train: 0.39221471548080444 VAL: 0.4731469750404358
INFO:root:16
Train: 0.3820390999317169 VAL: 0.4615556597709656
INFO:root:17
Train: 0.38166287541389465 VAL: 0.42513740062713623
INFO:root:18
Train: 623.369140625 VAL: 88.86087036132812
INFO:root:19
Train: 242.7177276611328 VAL: 3.6338205337524414
INFO:root:20
Train: 2.1222147941589355 VAL: 1.5529179573059082
INFO:root:21
Train: 1.301928162574768 VAL: 1.3087289333343506
INFO:root:22
Train: 1.1154356002807617 VAL: 1.2168195247650146
INFO:root:23
Train: 1.343216061592102 VAL: 1.5759528875350952
INFO:root:24
Train: 1.1805490255355835 VAL: 1.0644261837005615
INFO:root:25
Train: 1.7669315338134766 VAL: 1.4138000011444092
INFO:root:26
Train: 1.2123079299926758 VAL: 1.078948736190796
INFO:root:27
Train: 0.9501696228981018 VAL: 1.045952320098877
INFO:root:28
Train: 0.8697614073753357 VAL: 0.949882984161377
INFO:root:29
Train: 0.7724432349205017 VAL: 0.8996657133102417
INFO:root:30
Train: 0.7674549221992493 VAL: 0.8538869023323059
INFO:root:31
Train: 0.754059374332428 VAL: 0.9090840816497803
INFO:root:32
Train: 0.9014005661010742 VAL: 0.8461999893188477
INFO:root:33
Train: 0.9754582047462463 VAL: 0.9022115468978882
INFO:root:34
Train: 0.8184167146682739 VAL: 0.8311862945556641
INFO:root:35
Train: 0.74669349193573 VAL: 1.1948888301849365
INFO:root:36
Train: 0.7323791980743408 VAL: 0.7699358463287354
INFO:root:37
Train: 1.6653000116348267 VAL: 0.799645185470581
INFO:root:38
Train: 1.2383610010147095 VAL: 0.8912538886070251
INFO:root:39
Train: 0.8719446659088135 VAL: 0.935776948928833
INFO:root:40
Train: 0.7089622616767883 VAL: 0.8572161197662354
INFO:root:41
Train: 0.6918811202049255 VAL: 0.8018567562103271
INFO:root:42
Train: 0.6808539628982544 VAL: 0.7575674057006836
INFO:root:43
Train: 0.6775752305984497 VAL: 0.7463172674179077
INFO:root:44
Train: 0.7063474059104919 VAL: 0.8229609727859497
INFO:root:45
Train: 0.6886413097381592 VAL: 0.8312383890151978
INFO:root:46
Train: 0.7326086163520813 VAL: 0.7396242618560791
INFO:root:47
Train: 0.7149909734725952 VAL: 0.7573835253715515
INFO:root:BEST VAL: 0.7573835253715515 TEST : 0.3930862545967102
