INFO:root:Namespace(quiet=False, run_id=None, config=None, epochs=200, fold=1, batch_size=128, learn_rate=0.001, betas=(0.9, 0.999), weight_decay=0.001, hidden_size=32, kernel_init='skew-symmetric', note='', seed=None, nlayers=2, attn_head=4, latent_dim=64, dataset='physionet2012')
INFO:root:{'input_dim': 37, 'attn_head': 4, 'latent_dim': 64, 'n_layers': 2, 'device': device(type='cuda')}
INFO:root:1
Train: 0.45772793889045715 VAL: 0.3818402886390686
INFO:root:2
Train: 0.37099337577819824 VAL: 0.33941638469696045
INFO:root:3
Train: 0.3139737844467163 VAL: 0.3050369620323181
INFO:root:4
Train: 0.30357059836387634 VAL: 0.29649797081947327
INFO:root:5
Train: 0.30167385935783386 VAL: 0.2955167591571808
INFO:root:6
Train: 0.30146002769470215 VAL: 0.2987937331199646
INFO:root:7
Train: 0.29820162057876587 VAL: 0.2974824905395508
INFO:root:8
Train: 0.2974255681037903 VAL: 0.2956002354621887
INFO:root:9
Train: 0.29585233330726624 VAL: 0.2927864193916321
INFO:root:10
Train: 0.2942569851875305 VAL: 0.2912667393684387
INFO:root:11
Train: 0.2925049066543579 VAL: 0.29164111614227295
INFO:root:12
Train: 0.2966483533382416 VAL: 0.2893436849117279
INFO:root:13
Train: 0.2930980920791626 VAL: 0.29119956493377686
INFO:root:14
Train: 0.29214784502983093 VAL: 0.2907474637031555
INFO:root:15
Train: 0.29159605503082275 VAL: 0.29028263688087463
INFO:root:16
Train: 0.28977081179618835 VAL: 0.2889445424079895
INFO:root:17
Train: 0.2892983853816986 VAL: 0.2889338731765747
INFO:root:18
Train: 0.2898983955383301 VAL: 0.28879398107528687
INFO:root:19
Train: 0.28847718238830566 VAL: 0.28853029012680054
INFO:root:20
Train: 0.2885642647743225 VAL: 0.28854843974113464
INFO:root:21
Train: 0.28767549991607666 VAL: 0.2879617512226105
INFO:root:22
Train: 0.2880993187427521 VAL: 0.2898050546646118
INFO:root:23
Train: 0.28789520263671875 VAL: 0.28999876976013184
INFO:root:24
Train: 0.2863474488258362 VAL: 0.29004764556884766
INFO:root:25
Train: 0.2885425090789795 VAL: 0.2877123951911926
INFO:root:26
Train: 0.2854325771331787 VAL: 0.2910864055156708
INFO:root:27
Train: 0.28588640689849854 VAL: 0.28938812017440796
INFO:root:28
Train: 0.28474360704421997 VAL: 0.28716665506362915
INFO:root:29
Train: 0.2842930853366852 VAL: 0.2862696647644043
INFO:root:30
Train: 0.2846832871437073 VAL: 0.2869044542312622
INFO:root:31
Train: 0.2852717936038971 VAL: 0.2921352982521057
INFO:root:32
Train: 0.28528735041618347 VAL: 0.28788110613822937
INFO:root:33
Train: 0.28312036395072937 VAL: 0.2906940281391144
INFO:root:34
Train: 0.28201109170913696 VAL: 0.2880263328552246
INFO:root:35
Train: 0.28274884819984436 VAL: 0.28701573610305786
INFO:root:36
Train: 0.28051742911338806 VAL: 0.2866997718811035
INFO:root:37
Train: 0.2811012864112854 VAL: 0.29041874408721924
INFO:root:38
Train: 0.2800957262516022 VAL: 0.29103580117225647
INFO:root:39
Train: 0.2802415192127228 VAL: 0.28843653202056885
INFO:root:40
Train: 0.2795056700706482 VAL: 0.28744667768478394
INFO:root:41
Train: 0.27656158804893494 VAL: 0.2873053252696991
INFO:root:42
Train: 0.27601954340934753 VAL: 0.2869036793708801
INFO:root:43
Train: 0.2746862769126892 VAL: 0.2862316966056824
INFO:root:44
Train: 0.2748609483242035 VAL: 0.2873508632183075
INFO:root:45
Train: 0.2749429941177368 VAL: 0.28756165504455566
INFO:root:46
Train: 0.2735474109649658 VAL: 0.2883603870868683
INFO:root:47
Train: 0.2727251946926117 VAL: 0.28723612427711487
INFO:root:48
Train: 0.2726203501224518 VAL: 0.28807637095451355
INFO:root:49
Train: 0.272433340549469 VAL: 0.28878989815711975
INFO:root:50
Train: 0.27138981223106384 VAL: 0.28996413946151733
INFO:root:51
Train: 0.2715812921524048 VAL: 0.2884792685508728
INFO:root:52
Train: 0.27140310406684875 VAL: 0.2872961759567261
INFO:root:53
Train: 0.27226781845092773 VAL: 0.2872987985610962
INFO:root:54
Train: 0.27070412039756775 VAL: 0.2885362505912781
INFO:root:55
Train: 0.2679749131202698 VAL: 0.28666922450065613
INFO:root:56
Train: 0.26653623580932617 VAL: 0.2876209020614624
INFO:root:57
Train: 0.2669813334941864 VAL: 0.2876186668872833
INFO:root:58
Train: 0.26623162627220154 VAL: 0.28754469752311707
INFO:root:59
Train: 0.26611047983169556 VAL: 0.28723424673080444
INFO:root:60
Train: 0.2652926743030548 VAL: 0.2876156270503998
INFO:root:61
Train: 0.26471447944641113 VAL: 0.2880550026893616
INFO:root:62
Train: 0.2645520865917206 VAL: 0.2882763743400574
INFO:root:63
Train: 0.2633291482925415 VAL: 0.28946903347969055
INFO:root:64
Train: 0.2634314000606537 VAL: 0.28831231594085693
INFO:root:65
Train: 0.26293662190437317 VAL: 0.28912609815597534
INFO:root:66
Train: 0.2620532810688019 VAL: 0.28893744945526123
INFO:root:67
Train: 0.26106497645378113 VAL: 0.28778451681137085
INFO:root:68
Train: 0.2612631022930145 VAL: 0.28977781534194946
INFO:root:69
Train: 0.2604670524597168 VAL: 0.28999221324920654
INFO:root:70
Train: 0.26027098298072815 VAL: 0.2895025908946991
INFO:root:71
Train: 0.26000845432281494 VAL: 0.28911471366882324
INFO:root:72
Train: 0.2598482370376587 VAL: 0.28974419832229614
INFO:root:73
Train: 0.2594836354255676 VAL: 0.2895277738571167
INFO:root:BEST VAL: 0.2895277738571167 TEST : 0.2855760157108307
