INFO:root:Namespace(quiet=False, run_id=None, config=None, epochs=200, fold=0, batch_size=64, learn_rate=0.001, betas=(0.9, 0.999), weight_decay=0.001, hidden_size=32, kernel_init='skew-symmetric', note='', seed=None, nlayers=1, attn_head=1, latent_dim=128, dataset='mimiciii')
INFO:root:{'input_dim': 96, 'attn_head': 1, 'latent_dim': 128, 'n_layers': 1, 'device': device(type='cuda')}
INFO:root:1
Train: 0.7444202899932861 VAL: 0.6378028392791748
INFO:root:2
Train: 0.6007634997367859 VAL: 0.6233024001121521
INFO:root:3
Train: 0.574241042137146 VAL: 0.568354606628418
INFO:root:4
Train: 0.5976842045783997 VAL: 0.5843546390533447
INFO:root:5
Train: 0.5999521017074585 VAL: 0.6001054644584656
INFO:root:6
Train: 0.5879040956497192 VAL: 0.5628919005393982
INFO:root:7
Train: 0.5423805117607117 VAL: 0.5832211971282959
INFO:root:8
Train: 0.5297189950942993 VAL: 0.5468109250068665
INFO:root:9
Train: 0.5242193341255188 VAL: 0.5530074834823608
INFO:root:10
Train: 0.5246891379356384 VAL: 0.5550947189331055
INFO:root:11
Train: 0.516089141368866 VAL: 0.532351553440094
INFO:root:12
Train: 0.5211940407752991 VAL: 0.5428863167762756
INFO:root:13
Train: 0.5267361402511597 VAL: 0.5798113942146301
INFO:root:14
Train: 0.5315953493118286 VAL: 0.549606204032898
INFO:root:15
Train: 0.5148229598999023 VAL: 0.5364101529121399
INFO:root:16
Train: 0.5129753351211548 VAL: 0.526214063167572
INFO:root:17
Train: 0.5147638320922852 VAL: 0.5580956935882568
INFO:root:18
Train: 0.5098216533660889 VAL: 0.5633434057235718
INFO:root:19
Train: 0.5206670165061951 VAL: 0.543591320514679
INFO:root:20
Train: 0.5095070004463196 VAL: 0.5430896878242493
INFO:root:21
Train: 0.5181363224983215 VAL: 0.5372624397277832
INFO:root:22
Train: 0.5116708278656006 VAL: 0.5345999598503113
INFO:root:23
Train: 0.5152501463890076 VAL: 0.5422317385673523
INFO:root:24
Train: 0.5144625902175903 VAL: 0.5349329113960266
INFO:root:25
Train: 0.5044732093811035 VAL: 0.543537974357605
INFO:root:26
Train: 0.5078374147415161 VAL: 0.5636041164398193
INFO:root:27
Train: 0.5082963705062866 VAL: 0.5228227972984314
INFO:root:28
Train: 0.5095235705375671 VAL: 0.5296821594238281
INFO:root:29
Train: 0.5088484883308411 VAL: 0.5358465313911438
INFO:root:30
Train: 0.5048620700836182 VAL: 0.5378220677375793
INFO:root:31
Train: 0.5047945976257324 VAL: 0.5186980962753296
INFO:root:32
Train: 0.5010249614715576 VAL: 0.5416855216026306
INFO:root:33
Train: 0.5014395117759705 VAL: 0.5220927000045776
INFO:root:34
Train: 0.5032722353935242 VAL: 0.5358103513717651
INFO:root:35
Train: 0.4967067241668701 VAL: 0.5320444703102112
INFO:root:36
Train: 0.5070133805274963 VAL: 0.530122697353363
INFO:root:37
Train: 0.5408604741096497 VAL: 0.5749987363815308
INFO:root:38
Train: 0.5174763798713684 VAL: 0.5393572449684143
INFO:root:39
Train: 0.5028135180473328 VAL: 0.5417578220367432
INFO:root:40
Train: 0.5021721720695496 VAL: 0.5271039605140686
INFO:root:41
Train: 0.49794819951057434 VAL: 0.5337087512016296
INFO:root:42
Train: 0.4932692050933838 VAL: 0.5180672407150269
INFO:root:43
Train: 0.49317535758018494 VAL: 0.5241959095001221
INFO:root:44
Train: 0.48918431997299194 VAL: 0.5478718876838684
INFO:root:45
Train: 0.49428999423980713 VAL: 0.5262642502784729
INFO:root:46
Train: 0.4939233362674713 VAL: 0.5154366493225098
INFO:root:47
Train: 0.4924129843711853 VAL: 0.5238978862762451
INFO:root:48
Train: 0.4931740164756775 VAL: 0.531365692615509
INFO:root:49
Train: 0.4983087182044983 VAL: 0.5225207805633545
INFO:root:50
Train: 0.48480960726737976 VAL: 0.525300920009613
INFO:root:51
Train: 0.4898914694786072 VAL: 0.5191543102264404
INFO:root:52
Train: 0.4869610667228699 VAL: 0.521204948425293
INFO:root:53
Train: 0.4880223870277405 VAL: 0.5257279276847839
INFO:root:54
Train: 0.48988738656044006 VAL: 0.5334969758987427
INFO:root:55
Train: 0.4851393401622772 VAL: 0.5208719372749329
INFO:root:56
Train: 0.4888196587562561 VAL: 0.5210320949554443
INFO:root:57
Train: 0.49117663502693176 VAL: 0.517873227596283
INFO:root:58
Train: 0.4745635986328125 VAL: 0.5247846841812134
INFO:root:59
Train: 0.4765540659427643 VAL: 0.5164993405342102
INFO:root:60
Train: 0.470830500125885 VAL: 0.5170758962631226
INFO:root:61
Train: 0.47075968980789185 VAL: 0.528978705406189
INFO:root:62
Train: 0.464937299489975 VAL: 0.5296255350112915
INFO:root:63
Train: 0.463530033826828 VAL: 0.5107820630073547
INFO:root:64
Train: 0.46098965406417847 VAL: 0.5152192115783691
INFO:root:Namespace(quiet=False, run_id=None, config=None, epochs=200, fold=0, batch_size=64, learn_rate=0.001, betas=(0.9, 0.999), weight_decay=0.001, hidden_size=32, kernel_init='skew-symmetric', note='', seed=None, nlayers=1, attn_head=1, latent_dim=128, dataset='mimiciv')
INFO:root:{'input_dim': 100, 'attn_head': 1, 'latent_dim': 128, 'n_layers': 1, 'device': device(type='cuda')}
INFO:root:1
Train: 0.3459509015083313 VAL: 0.29117128252983093
INFO:root:2
Train: 0.2810644507408142 VAL: 0.2671625018119812
INFO:root:3
Train: 0.26783886551856995 VAL: 0.2674438953399658
INFO:root:4
Train: 0.2582709789276123 VAL: 0.25718939304351807
INFO:root:5
Train: 0.2569487690925598 VAL: 0.2545928955078125
INFO:root:6
Train: 0.25276240706443787 VAL: 0.2511398196220398
INFO:root:7
Train: 0.2496715486049652 VAL: 0.25712379813194275
INFO:root:8
Train: 0.24859939515590668 VAL: 0.2558864653110504
INFO:root:9
Train: 0.24929435551166534 VAL: 0.25271928310394287
INFO:root:10
Train: 0.24823619425296783 VAL: 0.24977728724479675
INFO:root:11
Train: 0.24384336173534393 VAL: 0.2505742311477661
INFO:root:12
Train: 0.24353137612342834 VAL: 0.25124049186706543
INFO:root:13
Train: 0.24269652366638184 VAL: 0.24998579919338226
INFO:root:14
Train: 0.24247731268405914 VAL: 0.24580693244934082
INFO:root:15
Train: 0.2426416575908661 VAL: 0.2489006221294403
INFO:root:16
Train: 0.24152041971683502 VAL: 0.24868068099021912
INFO:root:17
Train: 0.23911763727664948 VAL: 0.24724087119102478
INFO:root:18
Train: 0.23717579245567322 VAL: 0.24900031089782715
INFO:root:19
Train: 0.2367493212223053 VAL: 0.2505296468734741
INFO:root:20
Train: 0.23607414960861206 VAL: 0.24915647506713867
INFO:root:21
Train: 0.23546715080738068 VAL: 0.24286334216594696
INFO:root:22
Train: 0.23530517518520355 VAL: 0.24106407165527344
INFO:root:23
Train: 0.23395629227161407 VAL: 0.24331948161125183
INFO:root:24
Train: 0.23296822607517242 VAL: 0.24757294356822968
INFO:root:25
Train: 0.23310048878192902 VAL: 0.2436225712299347
INFO:root:26
Train: 0.2318531572818756 VAL: 0.24575798213481903
INFO:root:27
Train: 0.23092609643936157 VAL: 0.2394273579120636
INFO:root:28
Train: 0.23019972443580627 VAL: 0.2415391504764557
INFO:root:29
Train: 0.22937028110027313 VAL: 0.2417469620704651
INFO:root:30
Train: 0.22932708263397217 VAL: 0.2431621253490448
INFO:root:31
Train: 0.22896984219551086 VAL: 0.2408686876296997
INFO:root:32
Train: 0.22885002195835114 VAL: 0.2393011450767517
INFO:root:33
Train: 0.22844871878623962 VAL: 0.24165278673171997
INFO:root:34
Train: 0.22734422981739044 VAL: 0.2504439353942871
INFO:root:35
Train: 0.2277940958738327 VAL: 0.24133552610874176
INFO:root:36
Train: 0.2280840128660202 VAL: 0.24225327372550964
INFO:root:37
Train: 0.22704873979091644 VAL: 0.24130648374557495
INFO:root:38
Train: 0.22726298868656158 VAL: 0.24044594168663025
INFO:root:39
Train: 0.22474920749664307 VAL: 0.2382892370223999
INFO:root:40
Train: 0.2245495319366455 VAL: 0.24384397268295288
INFO:root:41
Train: 0.22616121172904968 VAL: 0.24215102195739746
INFO:root:42
Train: 0.22224843502044678 VAL: 0.24115589261054993
INFO:root:43
Train: 0.22297453880310059 VAL: 0.24398812651634216
INFO:root:44
Train: 0.22538875043392181 VAL: 0.23930367827415466
INFO:root:45
Train: 0.222382053732872 VAL: 0.24434763193130493
INFO:root:46
Train: 0.2238430380821228 VAL: 0.23857049643993378
INFO:root:47
Train: 0.22185258567333221 VAL: 0.2406616508960724
INFO:root:48
Train: 0.22208723425865173 VAL: 0.24144287407398224
INFO:root:49
Train: 0.22156018018722534 VAL: 0.2405431568622589
INFO:root:50
Train: 0.2202843427658081 VAL: 0.24140408635139465
INFO:root:51
Train: 0.21434013545513153 VAL: 0.2387477159500122
INFO:root:52
Train: 0.21183077991008759 VAL: 0.2393539845943451
INFO:root:53
Train: 0.21096128225326538 VAL: 0.24078035354614258
INFO:root:54
Train: 0.21094323694705963 VAL: 0.24224494397640228
INFO:root:55
Train: 0.20843395590782166 VAL: 0.238226056098938
INFO:root:56
Train: 0.2108188271522522 VAL: 0.2404661923646927
INFO:root:57
Train: 0.20729230344295502 VAL: 0.24044448137283325
INFO:root:58
Train: 0.20736296474933624 VAL: 0.23848778009414673
INFO:root:59
Train: 0.2066567838191986 VAL: 0.2429383099079132
INFO:root:60
Train: 0.20566554367542267 VAL: 0.23969140648841858
INFO:root:61
Train: 0.20555895566940308 VAL: 0.2400156408548355
INFO:root:62
Train: 0.20365387201309204 VAL: 0.24754133820533752
INFO:root:63
Train: 0.20333422720432281 VAL: 0.24530604481697083
INFO:root:64
Train: 0.20133687555789948 VAL: 0.24624896049499512
INFO:root:65
Train: 0.20150505006313324 VAL: 0.2468453049659729
INFO:root:66
Train: 0.20154781639575958 VAL: 0.2444029450416565
INFO:root:67
Train: 0.19485171139240265 VAL: 0.2435472309589386
INFO:root:68
Train: 0.19237154722213745 VAL: 0.24938037991523743
INFO:root:69
Train: 0.19220085442066193 VAL: 0.24465800821781158
INFO:root:70
Train: 0.19156081974506378 VAL: 0.2446490079164505
INFO:root:71
Train: 0.19165809452533722 VAL: 0.2478749305009842
INFO:root:72
Train: 0.19079938530921936 VAL: 0.2450178861618042
INFO:root:73
Train: 0.18959251046180725 VAL: 0.24870190024375916
INFO:root:74
Train: 0.18963223695755005 VAL: 0.2506447434425354
INFO:root:75
Train: 0.18845391273498535 VAL: 0.25096821784973145
INFO:root:76
Train: 0.18793317675590515 VAL: 0.24811223149299622
INFO:root:77
Train: 0.1872219443321228 VAL: 0.24851574003696442
INFO:root:78
Train: 0.18349479138851166 VAL: 0.24984844028949738
INFO:root:79
Train: 0.18210899829864502 VAL: 0.2490399330854416
INFO:root:80
Train: 0.18188880383968353 VAL: 0.25086507201194763
INFO:root:81
Train: 0.1815645396709442 VAL: 0.25085029006004333
INFO:root:82
Train: 0.18193970620632172 VAL: 0.2506372332572937
INFO:root:83
Train: 0.1811143308877945 VAL: 0.252074658870697
INFO:root:84
Train: 0.18057090044021606 VAL: 0.2527376711368561
INFO:root:85
Train: 0.17926456034183502 VAL: 0.2531701922416687
INFO:root:BEST VAL: 0.2531701922416687 TEST : 0.23700276017189026
