INFO:root:Namespace(quiet=False, run_id=None, config=None, epochs=200, fold=4, batch_size=128, learn_rate=0.001, betas=(0.9, 0.999), weight_decay=0.001, hidden_size=32, kernel_init='skew-symmetric', note='', seed=None, nlayers=4, attn_head=1, latent_dim=64, dataset='physionet2012')
INFO:root:{'input_dim': 37, 'attn_head': 1, 'latent_dim': 64, 'n_layers': 4, 'device': device(type='cuda')}
INFO:root:1
Train: 0.46079742908477783 VAL: 0.37206119298934937
INFO:root:2
Train: 0.33770641684532166 VAL: 0.30435681343078613
INFO:root:3
Train: 0.3044752776622772 VAL: 0.295651376247406
INFO:root:4
Train: 0.2997782826423645 VAL: 0.29821839928627014
INFO:root:5
Train: 0.30090242624282837 VAL: 0.2942996025085449
INFO:root:6
Train: 0.2961886525154114 VAL: 0.2960889935493469
INFO:root:7
Train: 0.29679834842681885 VAL: 0.29261910915374756
INFO:root:8
Train: 0.2936888039112091 VAL: 0.2919151186943054
INFO:root:9
Train: 0.2927112281322479 VAL: 0.30498212575912476
INFO:root:10
Train: 0.294662207365036 VAL: 0.2899435758590698
INFO:root:11
Train: 0.2904933989048004 VAL: 0.2923676371574402
INFO:root:12
Train: 0.29166123270988464 VAL: 0.2910822629928589
INFO:root:13
Train: 0.28965961933135986 VAL: 0.2906073331832886
INFO:root:14
Train: 0.28978902101516724 VAL: 0.2897736728191376
INFO:root:15
Train: 0.29029202461242676 VAL: 0.28996530175209045
INFO:root:16
Train: 0.28813546895980835 VAL: 0.29059427976608276
INFO:root:17
Train: 0.2863370180130005 VAL: 0.2934032082557678
INFO:root:18
Train: 0.2863287031650543 VAL: 0.2972870469093323
INFO:root:19
Train: 0.28668975830078125 VAL: 0.28896379470825195
INFO:root:20
Train: 0.2867915630340576 VAL: 0.29336291551589966
INFO:root:21
Train: 0.2873704135417938 VAL: 0.2912362813949585
INFO:root:22
Train: 0.28497549891471863 VAL: 0.2968047857284546
INFO:root:23
Train: 0.28699520230293274 VAL: 0.29034870862960815
INFO:root:24
Train: 0.28536850214004517 VAL: 0.2892938554286957
INFO:root:25
Train: 0.28377869725227356 VAL: 0.28894543647766113
INFO:root:26
Train: 0.28346171975135803 VAL: 0.28751254081726074
INFO:root:27
Train: 0.2832685708999634 VAL: 0.28919681906700134
INFO:root:28
Train: 0.28190869092941284 VAL: 0.2913298010826111
INFO:root:29
Train: 0.2807425558567047 VAL: 0.28968292474746704
INFO:root:30
Train: 0.28022995591163635 VAL: 0.2900311350822449
INFO:root:31
Train: 0.28123560547828674 VAL: 0.28729790449142456
INFO:root:32
Train: 0.2810730040073395 VAL: 0.293902188539505
INFO:root:33
Train: 0.2802145481109619 VAL: 0.28921613097190857
INFO:root:34
Train: 0.27820760011672974 VAL: 0.2883453369140625
INFO:root:35
Train: 0.27913522720336914 VAL: 0.2899152636528015
INFO:root:36
Train: 0.2762284576892853 VAL: 0.2877475619316101
INFO:root:37
Train: 0.27502715587615967 VAL: 0.29361027479171753
INFO:root:38
Train: 0.2752552926540375 VAL: 0.2918952703475952
INFO:root:39
Train: 0.27524375915527344 VAL: 0.2904803156852722
INFO:root:40
Train: 0.2734791040420532 VAL: 0.29371702671051025
INFO:root:41
Train: 0.2719920575618744 VAL: 0.28900647163391113
INFO:root:42
Train: 0.273185670375824 VAL: 0.28897997736930847
INFO:root:43
Train: 0.2672008275985718 VAL: 0.2916158139705658
INFO:root:44
Train: 0.26455679535865784 VAL: 0.2903375029563904
INFO:root:45
Train: 0.2624487578868866 VAL: 0.2904813289642334
INFO:root:46
Train: 0.26161178946495056 VAL: 0.294990211725235
INFO:root:47
Train: 0.259453147649765 VAL: 0.29466336965560913
INFO:root:48
Train: 0.2587774097919464 VAL: 0.29488933086395264
INFO:root:49
Train: 0.25943273305892944 VAL: 0.29556503891944885
INFO:root:50
Train: 0.2563343048095703 VAL: 0.30037349462509155
INFO:root:51
Train: 0.25692158937454224 VAL: 0.2940913140773773
INFO:root:52
Train: 0.25491562485694885 VAL: 0.30190911889076233
INFO:root:53
Train: 0.25458115339279175 VAL: 0.297394335269928
INFO:root:54
Train: 0.2467934787273407 VAL: 0.2972288131713867
INFO:root:55
Train: 0.2449129968881607 VAL: 0.30173081159591675
INFO:root:56
Train: 0.24385888874530792 VAL: 0.30089300870895386
INFO:root:57
Train: 0.24220427870750427 VAL: 0.30058175325393677
INFO:root:58
Train: 0.24059294164180756 VAL: 0.3045594096183777
INFO:root:59
Train: 0.23950409889221191 VAL: 0.3037254810333252
INFO:root:60
Train: 0.2371983677148819 VAL: 0.3046928644180298
INFO:root:61
Train: 0.23647482693195343 VAL: 0.30669358372688293
INFO:root:BEST VAL: 0.30669358372688293 TEST : 0.28722602128982544
