INFO:root:Namespace(quiet=False, run_id=None, config=None, epochs=200, fold=2, batch_size=64, learn_rate=0.001, betas=(0.9, 0.999), weight_decay=0.001, hidden_size=32, kernel_init='skew-symmetric', note='', seed=None, nlayers=4, attn_head=2, latent_dim=128, dataset='mimiciii')
INFO:root:{'input_dim': 96, 'attn_head': 2, 'latent_dim': 128, 'n_layers': 4, 'device': device(type='cuda')}
INFO:root:Namespace(quiet=False, run_id=None, config=None, epochs=200, fold=2, batch_size=64, learn_rate=0.001, betas=(0.9, 0.999), weight_decay=0.001, hidden_size=32, kernel_init='skew-symmetric', note='', seed=None, nlayers=4, attn_head=2, latent_dim=128, dataset='mimiciii')
INFO:root:{'input_dim': 96, 'attn_head': 2, 'latent_dim': 128, 'n_layers': 4, 'device': device(type='cuda')}
INFO:root:1
Train: 0.5972577333450317 VAL: 0.5684701800346375
INFO:root:1
Train: 0.5964377522468567 VAL: 0.550240159034729
INFO:root:2
Train: 0.442617267370224 VAL: 0.4513368606567383
INFO:root:2
Train: 0.44511178135871887 VAL: 0.5283622145652771
INFO:root:3
Train: 0.4206808805465698 VAL: 0.45036524534225464
INFO:root:3
Train: 0.4437251687049866 VAL: 0.5379238128662109
INFO:root:4
Train: 0.4146250784397125 VAL: 0.5565533638000488
INFO:root:4
Train: 1.8729751110076904 VAL: 0.6934021711349487
INFO:root:5
Train: 2.676396131515503 VAL: 0.5428248047828674
INFO:root:5
Train: 0.45812198519706726 VAL: 0.4828765094280243
INFO:root:6
Train: 0.4394878149032593 VAL: 0.5226705074310303
INFO:root:6
Train: 0.4427381753921509 VAL: 0.48299577832221985
INFO:root:7
Train: 0.42237910628318787 VAL: 0.4659508466720581
INFO:root:7
Train: 0.4238957166671753 VAL: 0.46123477816581726
INFO:root:8
Train: 0.4087229371070862 VAL: 0.46209490299224854
INFO:root:8
Train: 0.40768393874168396 VAL: 0.474876344203949
INFO:root:9
Train: 0.40368756651878357 VAL: 0.439518541097641
INFO:root:9
Train: 0.39967694878578186 VAL: 0.44737738370895386
INFO:root:10
Train: 0.40229475498199463 VAL: 0.47110816836357117
INFO:root:10
Train: 0.40046316385269165 VAL: 0.47363266348838806
INFO:root:11
Train: 0.39818868041038513 VAL: 0.4694916009902954
INFO:root:11
Train: 0.3990360200405121 VAL: 0.4612731337547302
INFO:root:12
Train: 0.40014681220054626 VAL: 0.46494466066360474
INFO:root:12
Train: 0.3945348262786865 VAL: 0.48399031162261963
INFO:root:13
Train: 0.39211544394493103 VAL: 0.44175800681114197
INFO:root:13
Train: 0.3923592269420624 VAL: 0.47845929861068726
INFO:root:14
Train: 0.3938184082508087 VAL: 0.42423027753829956
INFO:root:14
Train: 0.3900310695171356 VAL: 0.4484856128692627
INFO:root:15
Train: 0.38806357979774475 VAL: 0.42751142382621765
INFO:root:15
Train: 0.3844103217124939 VAL: 0.4578937292098999
INFO:root:16
Train: 0.3874487280845642 VAL: 0.4183410406112671
INFO:root:16
Train: 0.38460567593574524 VAL: 0.4581248164176941
INFO:root:17
Train: 0.3908056914806366 VAL: 0.42540034651756287
INFO:root:17
Train: 0.38649430871009827 VAL: 0.41643595695495605
INFO:root:18
Train: 0.40510621666908264 VAL: 0.4689781069755554
INFO:root:18
Train: 0.38491755723953247 VAL: 0.4580458998680115
INFO:root:19
Train: 0.38844382762908936 VAL: 0.4808685779571533
INFO:root:19
Train: 0.3791080713272095 VAL: 0.4319804310798645
INFO:root:20
Train: 0.3892786502838135 VAL: 0.46125274896621704
INFO:root:20
Train: 0.38117077946662903 VAL: 0.4617864191532135
INFO:root:21
Train: 0.3837147653102875 VAL: 0.44510766863822937
INFO:root:21
Train: 0.3813876211643219 VAL: 0.4379727840423584
INFO:root:22
Train: 0.3830246031284332 VAL: 0.4593093991279602
INFO:root:22
Train: 0.37629759311676025 VAL: 0.453346848487854
INFO:root:23
Train: 0.37769848108291626 VAL: 0.44610795378685
INFO:root:23
Train: 0.37832674384117126 VAL: 0.43154457211494446
INFO:root:24
Train: 0.37580883502960205 VAL: 0.449582040309906
INFO:root:24
Train: 0.3896804749965668 VAL: 0.4739472568035126
INFO:root:25
Train: 0.37930232286453247 VAL: 0.4379013776779175
INFO:root:25
Train: 0.4055085778236389 VAL: 0.4580094516277313
INFO:root:26
Train: 0.3908427953720093 VAL: 0.46521738171577454
INFO:root:26
Train: 0.3842904269695282 VAL: 0.4703880846500397
INFO:root:27
Train: 0.39645448327064514 VAL: 0.43362051248550415
INFO:root:27
Train: 0.38540956377983093 VAL: 0.4949219524860382
INFO:root:28
Train: 0.39840686321258545 VAL: 0.4462801218032837
INFO:root:28
Train: 6663.63330078125 VAL: 2153.89892578125
INFO:root:29
Train: 0.4776511788368225 VAL: 0.647826611995697
INFO:root:29
Train: 1254.7557373046875 VAL: 18.995037078857422
INFO:root:30
Train: 0.41328683495521545 VAL: 0.4336872696876526
INFO:root:30
Train: 16.694639205932617 VAL: 12.59395980834961
INFO:root:31
Train: 7.393811225891113 VAL: 5.0764594078063965
INFO:root:31
Train: 0.4261440336704254 VAL: 0.5251948833465576
INFO:root:32
Train: 5.13342809677124 VAL: 3.72381591796875
INFO:root:32
Train: 0.405050665140152 VAL: 0.4502682089805603
INFO:root:33
Train: 4.0501532554626465 VAL: 3.471987009048462
INFO:root:33
Train: 0.3794395327568054 VAL: 0.41047370433807373
INFO:root:34
Train: 3.0680079460144043 VAL: 3.4842376708984375
INFO:root:34
Train: 0.380344033241272 VAL: 0.4399748742580414
INFO:root:35
Train: 2.6413278579711914 VAL: 2.5709164142608643
INFO:root:35
Train: 0.3736952543258667 VAL: 0.4522646367549896
INFO:root:36
Train: 2.34676194190979 VAL: 2.150717258453369
INFO:root:36
Train: 0.3776822090148926 VAL: 0.42143476009368896
INFO:root:37
Train: 2.0434889793395996 VAL: 2.2677900791168213
INFO:root:37
Train: 0.3802170157432556 VAL: 0.4104406237602234
INFO:root:38
Train: 2.4456863403320312 VAL: 5.509851455688477
INFO:root:38
Train: 0.36898356676101685 VAL: 0.4303339123725891
INFO:root:39
Train: 1.949623465538025 VAL: 1.991949439048767
INFO:root:39
Train: 0.3715991675853729 VAL: 0.3994632363319397
INFO:root:40
Train: 1.5612688064575195 VAL: 1.6764130592346191
INFO:root:40
Train: 0.36760130524635315 VAL: 0.4463113248348236
INFO:root:41
Train: 1.464194893836975 VAL: 1.631164312362671
INFO:root:41
Train: 0.3930695354938507 VAL: 0.44175684452056885
INFO:root:42
Train: 1.459167242050171 VAL: 1.5213292837142944
INFO:root:42
Train: 0.510126531124115 VAL: 0.4631497859954834
INFO:root:43
Train: 1.4466114044189453 VAL: 2.1076695919036865
INFO:root:43
Train: 0.39572402834892273 VAL: 0.4645274877548218
INFO:root:44
Train: 1.5021932125091553 VAL: 1.745132565498352
INFO:root:44
Train: 0.38971421122550964 VAL: 0.4234515130519867
INFO:root:45
Train: 1.2939491271972656 VAL: 1.365922212600708
INFO:root:45
Train: 0.37453994154930115 VAL: 0.4415012001991272
INFO:root:46
Train: 1.6211340427398682 VAL: 1.7857117652893066
INFO:root:46
Train: 0.36992931365966797 VAL: 0.45112383365631104
INFO:root:47
Train: 1.3216853141784668 VAL: 1.4788939952850342
INFO:root:47
Train: 0.36842626333236694 VAL: 0.4456178545951843
INFO:root:48
Train: 0.3667519688606262 VAL: 0.4515689015388489
INFO:root:49
Train: 0.3639480471611023 VAL: 0.44951313734054565
INFO:root:50
Train: 0.35977843403816223 VAL: 0.4529290199279785
INFO:root:51
Train: 0.352678507566452 VAL: 0.4499422311782837
INFO:root:52
Train: 0.34804803133010864 VAL: 0.454828679561615
INFO:root:53
Train: 0.3506510555744171 VAL: 0.4488743543624878
INFO:root:54
Train: 0.34695965051651 VAL: 0.45671898126602173
INFO:root:55
Train: 0.3478093147277832 VAL: 0.4479849636554718
INFO:root:56
Train: 0.34478580951690674 VAL: 0.4607990086078644
INFO:root:57
Train: 0.34414032101631165 VAL: 0.4533422589302063
INFO:root:58
Train: 0.3534025251865387 VAL: 0.4478691816329956
INFO:root:59
Train: 0.3479398787021637 VAL: 0.45578593015670776
INFO:root:60
Train: 0.34756436944007874 VAL: 0.46009448170661926
INFO:root:61
Train: 0.3456570506095886 VAL: 0.43627291917800903
INFO:root:62
Train: 0.33223122358322144 VAL: 0.4481019675731659
INFO:root:63
Train: 0.3301241099834442 VAL: 0.4513011574745178
INFO:root:64
Train: 0.3324217200279236 VAL: 0.44622865319252014
INFO:root:65
Train: 0.3306536078453064 VAL: 0.4464072287082672
INFO:root:66
Train: 0.3276671767234802 VAL: 0.45463213324546814
INFO:root:67
Train: 0.3256058990955353 VAL: 0.4482477307319641
INFO:root:68
Train: 0.32295915484428406 VAL: 0.45045024156570435
INFO:root:69
Train: 0.3227086663246155 VAL: 0.4499664902687073
INFO:root:Namespace(quiet=False, run_id=None, config=None, epochs=200, fold=2, batch_size=128, learn_rate=0.001, betas=(0.9, 0.999), weight_decay=0.001, hidden_size=32, kernel_init='skew-symmetric', note='', seed=None, nlayers=4, attn_head=2, latent_dim=128, dataset='ushcn')
INFO:root:{'input_dim': 5, 'attn_head': 2, 'latent_dim': 128, 'n_layers': 4, 'device': device(type='cuda')}
INFO:root:1
Train: 2.077972412109375 VAL: 1.0375862121582031
INFO:root:2
Train: 0.6444212794303894 VAL: 0.49152249097824097
INFO:root:3
Train: 0.5483595728874207 VAL: 0.6205120086669922
INFO:root:4
Train: 0.4208700358867645 VAL: 0.35982853174209595
INFO:root:5
Train: 0.43778732419013977 VAL: 0.2832731008529663
INFO:root:6
Train: 0.413090318441391 VAL: 0.27952107787132263
INFO:root:7
Train: 0.39801886677742004 VAL: 0.2769906520843506
INFO:root:8
Train: 0.3157624304294586 VAL: 0.26909539103507996
INFO:root:9
Train: 0.3108764886856079 VAL: 0.2341471165418625
INFO:root:10
Train: 0.31628522276878357 VAL: 0.25119319558143616
INFO:root:11
Train: 0.28878867626190186 VAL: 0.2687317728996277
INFO:root:12
Train: 0.2877582907676697 VAL: 0.2499028444290161
INFO:root:13
Train: 0.30979621410369873 VAL: 0.24479085206985474
INFO:root:14
Train: 0.30292731523513794 VAL: 0.2587164640426636
INFO:root:15
Train: 0.3099776804447174 VAL: 0.25999122858047485
INFO:root:16
Train: 0.2753477394580841 VAL: 0.2396351397037506
INFO:root:17
Train: 0.3075365126132965 VAL: 0.26114195585250854
INFO:root:18
Train: 0.2861010432243347 VAL: 0.26683637499809265
INFO:root:19
Train: 0.29823189973831177 VAL: 0.25057950615882874
INFO:root:20
Train: 0.29831549525260925 VAL: 0.2564685344696045
INFO:root:21
Train: 0.29728206992149353 VAL: 0.2743936777114868
INFO:root:22
Train: 0.2978476583957672 VAL: 0.2696688175201416
INFO:root:23
Train: 0.29924556612968445 VAL: 0.2700744569301605
INFO:root:24
Train: 0.29328063130378723 VAL: 0.26819008588790894
INFO:root:25
Train: 0.29651153087615967 VAL: 0.27212977409362793
INFO:root:26
Train: 0.2919577360153198 VAL: 0.2863233685493469
INFO:root:27
Train: 0.29609397053718567 VAL: 0.2718999981880188
INFO:root:28
Train: 0.2975237965583801 VAL: 0.2787160873413086
INFO:root:29
Train: 0.29518577456474304 VAL: 0.2799942195415497
INFO:root:30
Train: 0.24404431879520416 VAL: 0.2784118056297302
INFO:root:31
Train: 0.2917307913303375 VAL: 0.29612433910369873
INFO:root:32
Train: 0.2953743040561676 VAL: 0.27541428804397583
INFO:root:33
Train: 0.2924180030822754 VAL: 0.2807842791080475
INFO:root:34
Train: 0.2970453202724457 VAL: 0.28118064999580383
INFO:root:35
Train: 0.29516467452049255 VAL: 0.2801332175731659
INFO:root:36
Train: 0.2973015308380127 VAL: 0.2853429913520813
INFO:root:37
Train: 0.2928154766559601 VAL: 0.27715253829956055
INFO:root:38
Train: 0.2884718179702759 VAL: 0.27781277894973755
INFO:root:39
Train: 0.29264092445373535 VAL: 0.27962762117385864
INFO:root:BEST VAL: 0.27962762117385864 TEST : 0.3525378108024597
