INFO:root:Namespace(quiet=False, run_id=None, config=None, epochs=200, fold=4, batch_size=64, learn_rate=0.001, betas=(0.9, 0.999), weight_decay=0.001, hidden_size=32, kernel_init='skew-symmetric', note='', seed=None, nlayers=4, attn_head=2, latent_dim=64, dataset='mimiciii')
INFO:root:{'input_dim': 96, 'attn_head': 2, 'latent_dim': 64, 'n_layers': 4, 'device': device(type='cuda')}
INFO:root:1
Train: 0.5788418054580688 VAL: 0.5146605968475342
INFO:root:2
Train: 0.4956947863101959 VAL: 0.4766797423362732
INFO:root:3
Train: 0.44646841287612915 VAL: 0.45177507400512695
INFO:root:4
Train: 0.44606471061706543 VAL: 0.4308416247367859
INFO:root:5
Train: 0.4196818470954895 VAL: 0.4307035207748413
INFO:root:6
Train: 0.5002389550209045 VAL: 0.6583389043807983
INFO:root:7
Train: 0.553030788898468 VAL: 0.46406570076942444
INFO:root:8
Train: 0.6107790470123291 VAL: 0.5094670653343201
INFO:root:9
Train: 0.44870322942733765 VAL: 0.49747157096862793
INFO:root:10
Train: 0.4694260358810425 VAL: 0.4403914213180542
INFO:root:11
Train: 0.45574477314949036 VAL: 0.42812493443489075
INFO:root:12
Train: 0.4706296920776367 VAL: 0.42579275369644165
INFO:root:13
Train: 0.45442140102386475 VAL: 0.5078015327453613
INFO:root:14
Train: 0.4421498477458954 VAL: 0.42036962509155273
INFO:root:15
Train: 0.44989925622940063 VAL: 0.4141157269477844
INFO:root:16
Train: 0.4227887988090515 VAL: 0.4277321696281433
INFO:root:17
Train: 0.4145408272743225 VAL: 0.4250031113624573
INFO:root:18
Train: 0.4162976145744324 VAL: 0.41602253913879395
INFO:root:19
Train: 0.4104484021663666 VAL: 0.40471768379211426
INFO:root:20
Train: 0.3957589864730835 VAL: 0.3979654312133789
INFO:root:21
Train: 0.39140331745147705 VAL: 0.3974683880805969
INFO:root:22
Train: 0.39810365438461304 VAL: 0.39489051699638367
INFO:root:23
Train: 0.3887297809123993 VAL: 0.4020615220069885
INFO:root:24
Train: 0.3954716622829437 VAL: 0.3956746459007263
INFO:root:25
Train: 0.3896309435367584 VAL: 0.40039002895355225
INFO:root:26
Train: 0.3911757469177246 VAL: 0.39649778604507446
INFO:root:27
Train: 0.4136792719364166 VAL: 0.41786861419677734
INFO:root:28
Train: 0.407399445772171 VAL: 0.39772331714630127
INFO:root:29
Train: 0.39379480481147766 VAL: 0.3976927399635315
INFO:root:30
Train: 0.40227004885673523 VAL: 0.39780810475349426
INFO:root:31
Train: 0.40844133496284485 VAL: 0.43476834893226624
INFO:root:32
Train: 0.40418925881385803 VAL: 0.40127527713775635
INFO:root:33
Train: 0.4011664092540741 VAL: 0.44342267513275146
INFO:root:34
Train: 0.3894570469856262 VAL: 0.3949865698814392
INFO:root:35
Train: 0.38556501269340515 VAL: 0.39537376165390015
INFO:root:36
Train: 0.38014939427375793 VAL: 0.3944193720817566
INFO:root:37
Train: 0.382300466299057 VAL: 0.39097124338150024
INFO:root:38
Train: 0.3804374635219574 VAL: 0.3882395625114441
INFO:root:39
Train: 0.3735538721084595 VAL: 0.3895723223686218
INFO:root:40
Train: 0.372008740901947 VAL: 0.38770604133605957
INFO:root:41
Train: 0.37467068433761597 VAL: 0.38891899585723877
INFO:root:42
Train: 0.41834479570388794 VAL: 0.40575358271598816
INFO:root:43
Train: 0.40635260939598083 VAL: 0.3879638910293579
INFO:root:44
Train: 0.38082343339920044 VAL: 0.39477449655532837
INFO:root:45
Train: 0.3821248710155487 VAL: 0.39404839277267456
INFO:root:46
Train: 0.375196635723114 VAL: 0.3857291340827942
INFO:root:47
Train: 0.3703598380088806 VAL: 0.398161917924881
INFO:root:48
Train: 0.393882155418396 VAL: 0.3875136375427246
INFO:root:49
Train: 0.37306126952171326 VAL: 0.3922434449195862
INFO:root:50
Train: 0.3712413012981415 VAL: 0.3969140648841858
INFO:root:51
Train: 0.3630882501602173 VAL: 0.3864099383354187
INFO:root:52
Train: 0.36983931064605713 VAL: 0.3961547613143921
INFO:root:53
Train: 0.39158686995506287 VAL: 0.4027596414089203
INFO:root:54
Train: 0.42958950996398926 VAL: 0.38882267475128174
INFO:root:55
Train: 0.37259724736213684 VAL: 0.401075541973114
INFO:root:56
Train: 0.37081190943717957 VAL: 0.3955232501029968
INFO:root:57
Train: 0.3614021837711334 VAL: 0.38646844029426575
INFO:root:58
Train: 0.3561899662017822 VAL: 0.3859792947769165
INFO:root:59
Train: 0.35310301184654236 VAL: 0.3843129873275757
INFO:root:60
Train: 0.3518015444278717 VAL: 0.38366013765335083
INFO:root:61
Train: 0.3501899838447571 VAL: 0.38407444953918457
INFO:root:62
Train: 0.3456304371356964 VAL: 0.3829954266548157
INFO:root:63
Train: 0.3464997112751007 VAL: 0.3827013373374939
INFO:root:64
Train: 0.3432386815547943 VAL: 0.38405293226242065
INFO:root:65
Train: 0.34502482414245605 VAL: 0.38087159395217896
INFO:root:66
Train: 0.33846497535705566 VAL: 0.3860500454902649
INFO:root:67
Train: 0.34516724944114685 VAL: 0.385708749294281
INFO:root:68
Train: 0.34473860263824463 VAL: 0.3865373432636261
INFO:root:69
Train: 0.3422703444957733 VAL: 0.38414084911346436
INFO:root:70
Train: 0.3440699577331543 VAL: 0.3801061809062958
INFO:root:71
Train: 0.34160083532333374 VAL: 0.3865334987640381
INFO:root:72
Train: 0.3378809988498688 VAL: 0.3860379457473755
INFO:root:73
Train: 0.34070438146591187 VAL: 0.38353848457336426
INFO:root:74
Train: 0.3364086151123047 VAL: 0.3892759084701538
INFO:root:75
Train: 0.3316284418106079 VAL: 0.38451385498046875
INFO:root:76
Train: 0.3324899971485138 VAL: 0.38618338108062744
INFO:root:77
Train: 0.32716500759124756 VAL: 0.38781869411468506
INFO:root:78
Train: 0.33083969354629517 VAL: 0.3878946304321289
INFO:root:79
Train: 0.3285588026046753 VAL: 0.3887118995189667
INFO:root:80
Train: 0.33370476961135864 VAL: 0.38690510392189026
INFO:root:81
Train: 0.32443809509277344 VAL: 0.3949959874153137
INFO:root:82
Train: 0.3130432069301605 VAL: 0.39091336727142334
INFO:root:83
Train: 0.30805593729019165 VAL: 0.3909459710121155
INFO:root:84
Train: 0.3072015345096588 VAL: 0.3944341540336609
INFO:root:85
Train: 0.3036973476409912 VAL: 0.39645031094551086
INFO:root:86
Train: 0.303013414144516 VAL: 0.399969220161438
INFO:root:87
Train: 0.301784873008728 VAL: 0.39899012446403503
INFO:root:88
Train: 0.29831624031066895 VAL: 0.39827343821525574
INFO:root:89
Train: 0.29766321182250977 VAL: 0.39770084619522095
INFO:root:90
Train: 0.2937775254249573 VAL: 0.40675148367881775
INFO:root:91
Train: 0.29266029596328735 VAL: 0.39997005462646484
INFO:root:92
Train: 0.30917972326278687 VAL: 0.39505162835121155
INFO:root:93
Train: 0.2981618642807007 VAL: 0.40070879459381104
INFO:root:94
Train: 0.2865481376647949 VAL: 0.40427082777023315
INFO:root:95
Train: 0.283866286277771 VAL: 0.40652966499328613
INFO:root:96
Train: 0.2802899479866028 VAL: 0.40853628516197205
INFO:root:97
Train: 0.27936089038848877 VAL: 0.40685802698135376
INFO:root:98
Train: 0.27798786759376526 VAL: 0.4068217873573303
INFO:root:99
Train: 0.2735484540462494 VAL: 0.41037505865097046
INFO:root:100
Train: 0.27212339639663696 VAL: 0.4079197347164154
INFO:root:Namespace(quiet=False, run_id=None, config=None, epochs=200, fold=4, batch_size=64, learn_rate=0.001, betas=(0.9, 0.999), weight_decay=0.001, hidden_size=32, kernel_init='skew-symmetric', note='', seed=None, nlayers=4, attn_head=2, latent_dim=64, dataset='mimiciii')
INFO:root:{'input_dim': 96, 'attn_head': 2, 'latent_dim': 64, 'n_layers': 4, 'device': device(type='cuda')}
INFO:root:1
Train: 0.5780652165412903 VAL: 0.5065656304359436
INFO:root:2
Train: 0.5065026879310608 VAL: 0.44991445541381836
INFO:root:3
Train: 0.45846647024154663 VAL: 0.4265213906764984
INFO:root:4
Train: 0.44227465987205505 VAL: 0.421464204788208
INFO:root:5
Train: 0.44275063276290894 VAL: 0.4283437430858612
INFO:root:6
Train: 0.4577362835407257 VAL: 0.453025221824646
INFO:root:7
Train: 0.4388571083545685 VAL: 0.42050665616989136
INFO:root:8
Train: 0.4573834240436554 VAL: 0.4125359058380127
INFO:root:9
Train: 0.4400617480278015 VAL: 0.4095763564109802
INFO:root:10
Train: 0.41379496455192566 VAL: 0.42013633251190186
INFO:root:11
Train: 0.5853148698806763 VAL: 0.49866750836372375
INFO:root:12
Train: 0.4698660373687744 VAL: 0.4505738914012909
INFO:root:13
Train: 0.4302579462528229 VAL: 0.42968934774398804
INFO:root:14
Train: 0.41382721066474915 VAL: 0.41704392433166504
INFO:root:15
Train: 0.4012300670146942 VAL: 0.4074758291244507
INFO:root:16
Train: 0.40965521335601807 VAL: 0.43216508626937866
INFO:root:17
Train: 0.4103366732597351 VAL: 0.42253559827804565
INFO:root:18
Train: 0.3985469937324524 VAL: 0.40315675735473633
INFO:root:19
Train: 0.4066446125507355 VAL: 0.4106743335723877
INFO:root:20
Train: 0.4254715144634247 VAL: 0.4174242615699768
INFO:root:21
Train: 0.42865732312202454 VAL: 0.4206634759902954
INFO:root:22
Train: 0.4049297571182251 VAL: 0.6279796361923218
INFO:root:23
Train: 0.4152258634567261 VAL: 0.40804988145828247
INFO:root:24
Train: 0.39491456747055054 VAL: 0.3995022475719452
INFO:root:25
Train: 0.39646831154823303 VAL: 0.41904860734939575
INFO:root:26
Train: 0.3969024419784546 VAL: 0.41687798500061035
INFO:root:27
Train: 0.40016111731529236 VAL: 0.4042634963989258
INFO:root:28
Train: 0.41620931029319763 VAL: 0.41057419776916504
INFO:root:29
Train: 0.4103129804134369 VAL: 0.44102713465690613
INFO:root:30
Train: 0.46798598766326904 VAL: 0.4340110719203949
INFO:root:31
Train: 0.43912050127983093 VAL: 0.4241756200790405
INFO:root:32
Train: 0.41647565364837646 VAL: 0.4086301922798157
INFO:root:33
Train: 0.4319417178630829 VAL: 0.4708745777606964
INFO:root:34
Train: 0.4674910306930542 VAL: 0.4326865077018738
INFO:root:35
Train: 0.4114435315132141 VAL: 0.4352383613586426
INFO:root:36
Train: 0.3941790759563446 VAL: 0.39783626794815063
INFO:root:37
Train: 0.4261663854122162 VAL: 0.4061792492866516
INFO:root:38
Train: 0.3842846751213074 VAL: 0.39585137367248535
INFO:root:39
Train: 0.38031309843063354 VAL: 0.397463858127594
INFO:root:40
Train: 0.37860336899757385 VAL: 0.39841729402542114
INFO:root:41
Train: 0.38213807344436646 VAL: 0.3948538899421692
INFO:root:42
Train: 0.3896178603172302 VAL: 0.393182635307312
INFO:root:43
Train: 0.3848358988761902 VAL: 0.3981444835662842
INFO:root:44
Train: 0.3771613836288452 VAL: 0.3920804262161255
INFO:root:45
Train: 0.3729897737503052 VAL: 0.3914366364479065
INFO:root:46
Train: 0.3814427852630615 VAL: 0.40104010701179504
INFO:root:47
Train: 0.3770701587200165 VAL: 0.3948521018028259
INFO:root:48
Train: 0.3823535144329071 VAL: 0.39832091331481934
INFO:root:49
Train: 0.3726395070552826 VAL: 0.38903874158859253
INFO:root:50
Train: 0.37009647488594055 VAL: 0.3972823917865753
INFO:root:51
Train: 0.3729371726512909 VAL: 0.3951561748981476
INFO:root:52
Train: 0.38509777188301086 VAL: 0.3899380564689636
INFO:root:53
Train: 0.3867796063423157 VAL: 0.3931681513786316
INFO:root:54
Train: 0.36984124779701233 VAL: 0.3980986475944519
INFO:root:55
Train: 0.3729056417942047 VAL: 0.39548635482788086
INFO:root:56
Train: 0.3839171528816223 VAL: 0.3882056474685669
INFO:root:57
Train: 0.3798547387123108 VAL: 0.40759503841400146
INFO:root:58
Train: 0.37551307678222656 VAL: 0.39842134714126587
INFO:root:59
Train: 0.37773895263671875 VAL: 0.41962960362434387
INFO:root:60
Train: 0.412381649017334 VAL: 0.5159791707992554
INFO:root:61
Train: 0.41986963152885437 VAL: 0.4094785451889038
INFO:root:62
Train: 0.38974007964134216 VAL: 0.40883690118789673
INFO:root:63
Train: 0.40012192726135254 VAL: 0.43862712383270264
INFO:root:64
Train: 0.42930856347084045 VAL: 0.4157911241054535
INFO:root:65
Train: 0.3935753107070923 VAL: 0.416319340467453
INFO:root:66
Train: 0.40402767062187195 VAL: 0.3976415991783142
INFO:root:67
Train: 0.38070014119148254 VAL: 0.3980502486228943
INFO:root:68
Train: 0.37532663345336914 VAL: 0.3952818214893341
INFO:root:69
Train: 0.3765093982219696 VAL: 0.39456504583358765
INFO:root:70
Train: 0.3726048767566681 VAL: 0.3943102955818176
INFO:root:71
Train: 0.3695714473724365 VAL: 0.3952076733112335
INFO:root:72
Train: 0.37003105878829956 VAL: 0.39589595794677734
INFO:root:73
Train: 0.36938419938087463 VAL: 0.39438849687576294
INFO:root:74
Train: 0.3693530857563019 VAL: 0.3928530812263489
INFO:root:75
Train: 0.36660635471343994 VAL: 0.3946642577648163
INFO:root:76
Train: 0.3666517436504364 VAL: 0.3951270282268524
INFO:root:77
Train: 0.36488276720046997 VAL: 0.39219599962234497
INFO:root:78
Train: 0.3649674654006958 VAL: 0.39266592264175415
INFO:root:79
Train: 0.3610970079898834 VAL: 0.3910590410232544
INFO:root:80
Train: 0.3608887195587158 VAL: 0.39172038435935974
INFO:root:81
Train: 0.35751327872276306 VAL: 0.3921847939491272
INFO:root:82
Train: 0.3583885133266449 VAL: 0.39102694392204285
INFO:root:83
Train: 0.359152227640152 VAL: 0.3938184976577759
INFO:root:84
Train: 0.3576964735984802 VAL: 0.39044713973999023
INFO:root:85
Train: 0.3575102984905243 VAL: 0.391998291015625
INFO:root:86
Train: 0.35637128353118896 VAL: 0.39073723554611206
INFO:root:BEST VAL: 0.39073723554611206 TEST : 0.3944386839866638
INFO:root:Namespace(quiet=False, run_id=None, config=None, epochs=200, fold=4, batch_size=64, learn_rate=0.001, betas=(0.9, 0.999), weight_decay=0.001, hidden_size=32, kernel_init='skew-symmetric', note='', seed=None, nlayers=4, attn_head=2, latent_dim=64, dataset='mimiciii')
INFO:root:{'input_dim': 96, 'attn_head': 2, 'latent_dim': 64, 'n_layers': 4, 'device': device(type='cuda')}
INFO:root:1
Train: 0.5904766321182251 VAL: 0.5383124351501465
INFO:root:2
Train: 0.5226317644119263 VAL: 0.4741224944591522
INFO:root:3
Train: 0.4510559141635895 VAL: 0.4356517791748047
INFO:root:4
Train: 0.43179187178611755 VAL: 0.422634482383728
INFO:root:5
Train: 0.4207690954208374 VAL: 0.4124222695827484
INFO:root:6
Train: 0.41102051734924316 VAL: 0.40552595257759094
INFO:root:7
Train: 0.4214259088039398 VAL: 0.4467921853065491
INFO:root:8
Train: 0.41375988721847534 VAL: 0.41483038663864136
INFO:root:9
Train: 0.4142046272754669 VAL: 0.43368420004844666
INFO:root:10
Train: 0.4252900779247284 VAL: 0.41293638944625854
INFO:root:11
Train: 0.39354127645492554 VAL: 0.40032142400741577
INFO:root:12
Train: 0.4345773160457611 VAL: 0.41335469484329224
INFO:root:13
Train: 0.4098317623138428 VAL: 0.4029864966869354
INFO:root:14
Train: 0.39426255226135254 VAL: 0.41165515780448914
INFO:root:15
Train: 0.3921128809452057 VAL: 0.4026930332183838
INFO:root:16
Train: 0.38457271456718445 VAL: 0.39546242356300354
INFO:root:17
Train: 0.38341057300567627 VAL: 0.3941957950592041
INFO:root:18
Train: 0.4035015404224396 VAL: 0.444415420293808
INFO:root:19
Train: 0.41290366649627686 VAL: 0.39652198553085327
INFO:root:20
Train: 0.4195752739906311 VAL: 0.42221829295158386
INFO:root:21
Train: 0.4553113579750061 VAL: 0.4243125915527344
INFO:root:22
Train: 0.4382670521736145 VAL: 0.421448290348053
INFO:root:23
Train: 0.4089079797267914 VAL: 0.4158390760421753
INFO:root:24
Train: 0.39993876218795776 VAL: 0.39836108684539795
INFO:root:25
Train: 0.3952934145927429 VAL: 0.403409481048584
INFO:root:26
Train: 0.3854265809059143 VAL: 0.40990161895751953
INFO:root:27
Train: 0.3841938078403473 VAL: 0.39321470260620117
INFO:root:28
Train: 0.38061442971229553 VAL: 0.3936837911605835
INFO:root:29
Train: 0.3868851363658905 VAL: 0.3978395462036133
INFO:root:30
Train: 0.3974504768848419 VAL: 0.38702476024627686
INFO:root:31
Train: 0.41100767254829407 VAL: 0.4211786389350891
INFO:root:32
Train: 0.3973008096218109 VAL: 0.4092102348804474
INFO:root:33
Train: 0.3835712969303131 VAL: 0.38882243633270264
INFO:root:34
Train: 0.37386950850486755 VAL: 0.387106329202652
INFO:root:35
Train: 0.3757985830307007 VAL: 0.38931629061698914
INFO:root:36
Train: 0.37534916400909424 VAL: 0.4080660343170166
INFO:root:37
Train: 0.37041252851486206 VAL: 0.3934873342514038
INFO:root:38
Train: 0.3808842599391937 VAL: 0.3899967074394226
INFO:root:39
Train: 0.37476229667663574 VAL: 0.39030835032463074
INFO:root:40
Train: 0.38795149326324463 VAL: 0.41493189334869385
INFO:root:41
Train: 0.39036327600479126 VAL: 0.40022027492523193
INFO:root:42
Train: 0.3646877110004425 VAL: 0.3816068470478058
INFO:root:43
Train: 0.3561345636844635 VAL: 0.3810212016105652
INFO:root:44
Train: 0.3642018735408783 VAL: 0.38691526651382446
INFO:root:45
Train: 0.36212342977523804 VAL: 0.39133915305137634
INFO:root:46
Train: 0.3722010552883148 VAL: 0.3912314176559448
INFO:root:47
Train: 0.3666536211967468 VAL: 0.38111358880996704
INFO:root:48
Train: 0.3629177212715149 VAL: 0.38893061876296997
INFO:root:49
Train: 0.35362449288368225 VAL: 0.37958526611328125
INFO:root:50
Train: 0.34846633672714233 VAL: 0.3781266212463379
INFO:root:51
Train: 0.35311159491539 VAL: 0.3905643820762634
INFO:root:52
Train: 0.39139989018440247 VAL: 0.3936760723590851
INFO:root:53
Train: 0.35953792929649353 VAL: 0.3828023672103882
INFO:root:54
Train: 0.34918662905693054 VAL: 0.3857162594795227
INFO:root:55
Train: 0.3469030261039734 VAL: 0.38524574041366577
INFO:root:56
Train: 0.34874361753463745 VAL: 0.38796597719192505
INFO:root:57
Train: 0.3460230529308319 VAL: 0.39578163623809814
INFO:root:58
Train: 0.3676449954509735 VAL: 0.38044458627700806
INFO:root:59
Train: 0.34805890917778015 VAL: 0.3876280188560486
INFO:root:60
Train: 0.34791916608810425 VAL: 0.3818763494491577
INFO:root:61
Train: 0.33771786093711853 VAL: 0.38277190923690796
INFO:root:62
Train: 0.3264921009540558 VAL: 0.3801690936088562
INFO:root:63
Train: 0.3255159258842468 VAL: 0.37836766242980957
INFO:root:64
Train: 0.32290151715278625 VAL: 0.3827356696128845
INFO:root:65
Train: 0.3213922381401062 VAL: 0.38017383217811584
INFO:root:66
Train: 0.32394832372665405 VAL: 0.3842058777809143
INFO:root:67
Train: 0.31970542669296265 VAL: 0.3824108839035034
INFO:root:68
Train: 0.3188211917877197 VAL: 0.38799992203712463
INFO:root:69
Train: 0.31545963883399963 VAL: 0.3888968825340271
INFO:root:70
Train: 0.3148879408836365 VAL: 0.38365381956100464
INFO:root:71
Train: 0.31422632932662964 VAL: 0.38272616267204285
INFO:root:72
Train: 0.312520831823349 VAL: 0.3919820785522461
INFO:root:73
Train: 0.3030203878879547 VAL: 0.3892463445663452
INFO:root:74
Train: 0.2986748218536377 VAL: 0.3912479877471924
INFO:root:75
Train: 0.29706719517707825 VAL: 0.39061394333839417
INFO:root:76
Train: 0.29432186484336853 VAL: 0.3896242380142212
INFO:root:77
Train: 0.2936486303806305 VAL: 0.3969520032405853
INFO:root:78
Train: 0.2924789786338806 VAL: 0.392744779586792
INFO:root:79
Train: 0.28909432888031006 VAL: 0.39643970131874084
INFO:root:80
Train: 0.28640466928482056 VAL: 0.3941304087638855
INFO:root:BEST VAL: 0.3941304087638855 TEST : 0.38007456064224243
