INFO:root:Namespace(quiet=False, run_id=None, config=None, epochs=200, fold=1, batch_size=64, learn_rate=0.001, betas=(0.9, 0.999), weight_decay=0.001, hidden_size=32, kernel_init='skew-symmetric', note='', seed=None, nlayers=2, attn_head=4, latent_dim=128, dataset='mimiciii')
INFO:root:{'input_dim': 96, 'attn_head': 4, 'latent_dim': 128, 'n_layers': 2, 'device': device(type='cuda')}
INFO:root:1
Train: 0.5834659337997437 VAL: 0.5202953219413757
INFO:root:2
Train: 0.4913337826728821 VAL: 0.4908343553543091
INFO:root:3
Train: 0.4627018868923187 VAL: 0.45240139961242676
INFO:root:4
Train: 0.42352956533432007 VAL: 0.43505799770355225
INFO:root:5
Train: 0.4208493232727051 VAL: 0.4325517416000366
INFO:root:6
Train: 0.4080989956855774 VAL: 0.44685643911361694
INFO:root:7
Train: 0.40531954169273376 VAL: 0.43503910303115845
INFO:root:8
Train: 0.4054412841796875 VAL: 0.4147055149078369
INFO:root:9
Train: 0.3982926309108734 VAL: 0.42647507786750793
INFO:root:10
Train: 0.3991535007953644 VAL: 0.43213799595832825
INFO:root:11
Train: 0.39163002371788025 VAL: 0.41584131121635437
INFO:root:12
Train: 0.39699649810791016 VAL: 0.40930885076522827
INFO:root:13
Train: 0.3889097571372986 VAL: 0.415951669216156
INFO:root:14
Train: 0.38662540912628174 VAL: 0.4213721752166748
INFO:root:15
Train: 0.3870227634906769 VAL: 0.4121384918689728
INFO:root:16
Train: 0.39348676800727844 VAL: 0.41506922245025635
INFO:root:17
Train: 0.38370856642723083 VAL: 0.40345603227615356
INFO:root:18
Train: 0.3820490837097168 VAL: 0.4087626338005066
INFO:root:19
Train: 0.376068651676178 VAL: 0.4111708104610443
INFO:root:20
Train: 0.37099191546440125 VAL: 0.4147416353225708
INFO:root:21
Train: 0.379332572221756 VAL: 0.42026087641716003
INFO:root:22
Train: 0.3733085095882416 VAL: 0.4008670747280121
INFO:root:23
Train: 0.3708028197288513 VAL: 0.4282568395137787
INFO:root:24
Train: 0.36954987049102783 VAL: 0.41080617904663086
INFO:root:25
Train: 0.3687790632247925 VAL: 0.3969790041446686
INFO:root:26
Train: 0.3674366772174835 VAL: 0.39918869733810425
INFO:root:27
Train: 0.35868895053863525 VAL: 0.400585412979126
INFO:root:28
Train: 0.3867129385471344 VAL: 0.42704853415489197
INFO:root:29
Train: 0.37759676575660706 VAL: 0.4088652431964874
INFO:root:30
Train: 0.36631476879119873 VAL: 0.3999628722667694
INFO:root:31
Train: 0.3613843023777008 VAL: 0.3927708864212036
INFO:root:32
Train: 0.3550751209259033 VAL: 0.3963771462440491
INFO:root:33
Train: 0.34920716285705566 VAL: 0.39024367928504944
INFO:root:34
Train: 0.3571893870830536 VAL: 0.4073250889778137
INFO:root:35
Train: 0.36414819955825806 VAL: 0.4010949432849884
INFO:root:36
Train: 0.3528667986392975 VAL: 0.39417654275894165
INFO:root:37
Train: 0.35032954812049866 VAL: 0.40827757120132446
INFO:root:38
Train: 0.3478683829307556 VAL: 0.3929164707660675
INFO:root:39
Train: 0.3467690944671631 VAL: 0.3970840871334076
INFO:root:40
Train: 0.3441946804523468 VAL: 0.4543381929397583
INFO:root:41
Train: 0.35891664028167725 VAL: 0.3912293314933777
INFO:root:42
Train: 0.3496689200401306 VAL: 0.39794307947158813
INFO:root:43
Train: 0.3432554006576538 VAL: 0.39483657479286194
INFO:root:44
Train: 0.33601856231689453 VAL: 0.40619903802871704
INFO:root:45
Train: 0.3277805745601654 VAL: 0.38907569646835327
INFO:root:46
Train: 0.31613093614578247 VAL: 0.3937918245792389
INFO:root:47
Train: 0.3133145570755005 VAL: 0.3941953182220459
INFO:root:48
Train: 0.3076995611190796 VAL: 0.3972122073173523
INFO:root:49
Train: 0.3033450245857239 VAL: 0.3967108428478241
INFO:root:50
Train: 0.3058633804321289 VAL: 0.39859485626220703
INFO:root:51
Train: 0.2992405891418457 VAL: 0.3957872688770294
INFO:root:52
Train: 0.2926587760448456 VAL: 0.4014221429824829
INFO:root:53
Train: 0.28866663575172424 VAL: 0.4121913015842438
INFO:root:54
Train: 0.2843416929244995 VAL: 0.40793561935424805
INFO:root:55
Train: 0.27840757369995117 VAL: 0.4170691668987274
INFO:root:56
Train: 0.27698296308517456 VAL: 0.40852078795433044
INFO:root:57
Train: 0.26258811354637146 VAL: 0.4108179211616516
INFO:root:58
Train: 0.25212153792381287 VAL: 0.4186081290245056
INFO:root:59
Train: 0.24800321459770203 VAL: 0.41010987758636475
INFO:root:60
Train: 0.2424970418214798 VAL: 0.41279804706573486
INFO:root:61
Train: 0.23815955221652985 VAL: 0.4158460795879364
INFO:root:62
Train: 0.2348804771900177 VAL: 0.42038583755493164
INFO:root:63
Train: 0.2321755439043045 VAL: 0.42206573486328125
INFO:root:64
Train: 0.2289854884147644 VAL: 0.42509567737579346
INFO:root:65
Train: 0.22740322351455688 VAL: 0.42274343967437744
INFO:root:66
Train: 0.22294871509075165 VAL: 0.4291219413280487
INFO:root:67
Train: 0.2191317230463028 VAL: 0.4291701316833496
INFO:root:68
Train: 0.21115002036094666 VAL: 0.42684265971183777
INFO:root:69
Train: 0.20567326247692108 VAL: 0.4339599609375
INFO:root:70
Train: 0.2031155526638031 VAL: 0.43495669960975647
INFO:root:71
Train: 0.20183277130126953 VAL: 0.4418736398220062
INFO:root:72
Train: 0.19874155521392822 VAL: 0.4385770857334137
INFO:root:73
Train: 0.19653423130512238 VAL: 0.4380860924720764
INFO:root:74
Train: 0.19498899579048157 VAL: 0.43715983629226685
INFO:root:75
Train: 0.1942022442817688 VAL: 0.4375911355018616
INFO:root:BEST VAL: 0.4375911355018616 TEST : 0.45280128717422485
