INFO:root:Namespace(quiet=False, run_id=None, config=None, epochs=200, fold=3, batch_size=128, learn_rate=0.001, betas=(0.9, 0.999), weight_decay=0.001, hidden_size=32, kernel_init='skew-symmetric', note='', seed=None, nlayers=3, attn_head=2, latent_dim=256, dataset='ushcn')
INFO:root:{'input_dim': 5, 'attn_head': 2, 'latent_dim': 256, 'n_layers': 3, 'device': device(type='cuda')}
INFO:root:1
Train: 15.376376152038574 VAL: 0.6293336749076843
INFO:root:2
Train: 0.9151065945625305 VAL: 0.7581629753112793
INFO:root:3
Train: 0.6690676212310791 VAL: 0.6193125247955322
INFO:root:4
Train: 0.5497719645500183 VAL: 0.43735986948013306
INFO:root:5
Train: 0.4079585075378418 VAL: 0.3277798891067505
INFO:root:6
Train: 0.4421449601650238 VAL: 0.3656216561794281
INFO:root:7
Train: 0.366254061460495 VAL: 0.32098719477653503
INFO:root:8
Train: 0.3337080776691437 VAL: 0.29234644770622253
INFO:root:9
Train: 0.38232967257499695 VAL: 0.2964757978916168
INFO:root:10
Train: 0.38686811923980713 VAL: 0.3328958749771118
INFO:root:11
Train: 0.3931661546230316 VAL: 0.3351711630821228
INFO:root:12
Train: 0.3966834247112274 VAL: 0.3098587989807129
INFO:root:13
Train: 0.40742233395576477 VAL: 0.31857287883758545
INFO:root:14
Train: 0.33137771487236023 VAL: 0.31857508420944214
INFO:root:15
Train: 0.38280126452445984 VAL: 0.3133586049079895
INFO:root:16
Train: 0.37277886271476746 VAL: 0.32960769534111023
INFO:root:17
Train: 0.4014405310153961 VAL: 0.32855695486068726
INFO:root:18
Train: 0.33988261222839355 VAL: 0.31720560789108276
INFO:root:19
Train: 0.34037676453590393 VAL: 0.3092972934246063
INFO:root:20
Train: 0.34127017855644226 VAL: 0.30209702253341675
INFO:root:21
Train: 0.32217153906822205 VAL: 0.2901555299758911
INFO:root:22
Train: 0.306490033864975 VAL: 0.2835026681423187
INFO:root:23
Train: 0.2904537618160248 VAL: 0.2845745086669922
INFO:root:24
Train: 0.293458491563797 VAL: 0.2830958962440491
INFO:root:25
Train: 0.2953982353210449 VAL: 0.2860316038131714
INFO:root:26
Train: 0.31422868371009827 VAL: 0.28308600187301636
INFO:root:27
Train: 0.35815849900245667 VAL: 0.3156915307044983
INFO:root:28
Train: 0.36155271530151367 VAL: 0.31374022364616394
INFO:root:29
Train: 0.3605559170246124 VAL: 0.3078615069389343
INFO:root:30
Train: 0.3441407382488251 VAL: 0.3062152862548828
INFO:root:31
Train: 0.3452102243900299 VAL: 0.30491626262664795
INFO:root:32
Train: 0.33116859197616577 VAL: 0.29707178473472595
INFO:root:33
Train: 0.31902918219566345 VAL: 0.2966611385345459
INFO:root:34
Train: 0.30307528376579285 VAL: 0.29422128200531006
INFO:root:35
Train: 0.3226180374622345 VAL: 0.2870958745479584
INFO:root:36
Train: 0.3146815598011017 VAL: 0.28540799021720886
INFO:root:37
Train: 0.31236785650253296 VAL: 0.28419816493988037
INFO:root:38
Train: 0.3098171055316925 VAL: 0.2831474244594574
INFO:root:39
Train: 0.312997430562973 VAL: 0.28283312916755676
INFO:root:40
Train: 0.31218603253364563 VAL: 0.2819746136665344
INFO:root:41
Train: 0.31279876828193665 VAL: 0.28112319111824036
INFO:root:42
Train: 0.3095006048679352 VAL: 0.2819761633872986
INFO:root:43
Train: 0.29428791999816895 VAL: 0.2823544144630432
INFO:root:Namespace(quiet=False, run_id=None, config=None, epochs=200, fold=3, batch_size=128, learn_rate=0.001, betas=(0.9, 0.999), weight_decay=0.001, hidden_size=32, kernel_init='skew-symmetric', note='', seed=None, nlayers=3, attn_head=2, latent_dim=256, dataset='ushcn')
INFO:root:{'input_dim': 5, 'attn_head': 2, 'latent_dim': 256, 'n_layers': 3, 'device': device(type='cuda')}
INFO:root:1
Train: 10.148712158203125 VAL: 0.6963321566581726
INFO:root:2
Train: 0.7407926917076111 VAL: 0.7762295603752136
INFO:root:3
Train: 0.6371077299118042 VAL: 0.7164562940597534
INFO:root:4
Train: 0.573254406452179 VAL: 0.4895436763763428
INFO:root:5
Train: 0.4602568447589874 VAL: 0.36830204725265503
INFO:root:6
Train: 0.43667086958885193 VAL: 0.3503902554512024
INFO:root:7
Train: 0.4256455600261688 VAL: 0.39909273386001587
INFO:root:8
Train: 0.4185091555118561 VAL: 0.3569147288799286
INFO:root:9
Train: 0.42442014813423157 VAL: 0.32076752185821533
INFO:root:10
Train: 0.35472941398620605 VAL: 0.48206987977027893
INFO:root:11
Train: 0.4329221248626709 VAL: 0.37257763743400574
INFO:root:12
Train: 0.4695914089679718 VAL: 0.41335827112197876
INFO:root:13
Train: 0.44131699204444885 VAL: 0.37601274251937866
INFO:root:14
Train: 0.3505952060222626 VAL: 0.35458678007125854
INFO:root:15
Train: 0.39490804076194763 VAL: 0.3196403682231903
INFO:root:16
Train: 0.3617183268070221 VAL: 0.310279905796051
INFO:root:17
Train: 0.3234542906284332 VAL: 0.32666710019111633
INFO:root:18
Train: 0.3950609266757965 VAL: 0.300332635641098
INFO:root:19
Train: 0.3280148208141327 VAL: 0.29774874448776245
INFO:root:20
Train: 0.32410165667533875 VAL: 0.2795467972755432
INFO:root:21
Train: 0.3104419708251953 VAL: 0.28189772367477417
INFO:root:22
Train: 0.33520472049713135 VAL: 0.2937334477901459
INFO:root:23
Train: 0.3232741355895996 VAL: 0.30862754583358765
INFO:root:24
Train: 0.3420161306858063 VAL: 0.2915807366371155
INFO:root:25
Train: 0.3430197536945343 VAL: 0.2935464382171631
INFO:root:26
Train: 0.31305134296417236 VAL: 0.2906431257724762
INFO:root:27
Train: 0.31605264544487 VAL: 0.29500463604927063
INFO:root:28
Train: 0.3176802098751068 VAL: 0.27959033846855164
INFO:root:29
Train: 0.31637999415397644 VAL: 0.281150758266449
INFO:root:30
Train: 0.31575873494148254 VAL: 0.28087127208709717
INFO:root:31
Train: 0.3111550211906433 VAL: 0.28395065665245056
INFO:root:32
Train: 0.29705533385276794 VAL: 0.2795289158821106
INFO:root:33
Train: 0.3061290383338928 VAL: 0.2817203104496002
INFO:root:34
Train: 0.299915075302124 VAL: 0.277859628200531
INFO:root:35
Train: 0.28990036249160767 VAL: 0.2769154906272888
INFO:root:36
Train: 0.3096112310886383 VAL: 0.2801821231842041
INFO:root:37
Train: 0.3064349591732025 VAL: 0.2780074179172516
INFO:root:38
Train: 0.30363550782203674 VAL: 0.27630507946014404
INFO:root:39
Train: 0.30711743235588074 VAL: 0.27958327531814575
INFO:root:40
Train: 0.2911454737186432 VAL: 0.2788398563861847
INFO:root:41
Train: 0.30518677830696106 VAL: 0.27727192640304565
INFO:root:42
Train: 0.29948845505714417 VAL: 0.2788851857185364
INFO:root:43
Train: 0.29607751965522766 VAL: 0.276240736246109
INFO:root:44
Train: 0.3031918704509735 VAL: 0.28047242760658264
INFO:root:45
Train: 0.3026951253414154 VAL: 0.2769780457019806
INFO:root:46
Train: 0.2942524254322052 VAL: 0.2777405083179474
INFO:root:47
Train: 0.3009999394416809 VAL: 0.28611311316490173
INFO:root:48
Train: 0.2992430627346039 VAL: 0.27582845091819763
INFO:root:49
Train: 0.3148816227912903 VAL: 0.28104084730148315
INFO:root:50
Train: 0.3084666132926941 VAL: 0.2778424918651581
INFO:root:51
Train: 0.3005574941635132 VAL: 0.2785618305206299
INFO:root:52
Train: 0.27937939763069153 VAL: 0.27675360441207886
INFO:root:53
Train: 0.30018913745880127 VAL: 0.2787420451641083
INFO:root:54
Train: 0.3041430711746216 VAL: 0.27663084864616394
INFO:root:55
Train: 0.3042842149734497 VAL: 0.27796635031700134
INFO:root:56
Train: 0.29692602157592773 VAL: 0.2765160799026489
INFO:root:57
Train: 0.29870107769966125 VAL: 0.2776199281215668
INFO:root:58
Train: 0.30153682827949524 VAL: 0.2759687304496765
INFO:root:59
Train: 0.2819015681743622 VAL: 0.2776486277580261
INFO:root:60
Train: 0.2814587950706482 VAL: 0.278531014919281
INFO:root:61
Train: 0.29859301447868347 VAL: 0.27639442682266235
INFO:root:62
Train: 0.2968612015247345 VAL: 0.2786700129508972
INFO:root:63
Train: 0.29320552945137024 VAL: 0.276559978723526
INFO:root:64
Train: 0.2959303557872772 VAL: 0.27780380845069885
INFO:root:65
Train: 0.29560235142707825 VAL: 0.27585020661354065
INFO:root:66
Train: 0.29119452834129333 VAL: 0.2780401110649109
INFO:root:67
Train: 0.29647573828697205 VAL: 0.27797168493270874
INFO:root:68
Train: 0.29554978013038635 VAL: 0.2772572338581085
INFO:root:69
Train: 0.2772159278392792 VAL: 0.2768768072128296
INFO:root:70
Train: 0.2960987687110901 VAL: 0.2755676507949829
INFO:root:71
Train: 0.2976638674736023 VAL: 0.2768014073371887
INFO:root:72
Train: 0.2948974668979645 VAL: 0.27538758516311646
INFO:root:73
Train: 0.2947927415370941 VAL: 0.2776111960411072
INFO:root:74
Train: 0.29066964983940125 VAL: 0.2752390503883362
INFO:root:75
Train: 0.2921798527240753 VAL: 0.2788665294647217
INFO:root:76
Train: 0.29465463757514954 VAL: 0.27580785751342773
INFO:root:77
Train: 0.28468456864356995 VAL: 0.27839669585227966
INFO:root:78
Train: 0.306436687707901 VAL: 0.28252241015434265
INFO:root:79
Train: 0.2898227870464325 VAL: 0.2778022289276123
INFO:root:80
Train: 0.2802107632160187 VAL: 0.27574431896209717
INFO:root:81
Train: 0.3004777133464813 VAL: 0.27877575159072876
INFO:root:82
Train: 0.2984935939311981 VAL: 0.2802829146385193
INFO:root:83
Train: 0.29217585921287537 VAL: 0.27707046270370483
INFO:root:84
Train: 0.2998841106891632 VAL: 0.2765732407569885
INFO:root:85
Train: 0.3000584840774536 VAL: 0.28004854917526245
INFO:root:86
Train: 0.29226991534233093 VAL: 0.27750226855278015
INFO:root:87
Train: 0.29051080346107483 VAL: 0.27648890018463135
INFO:root:88
Train: 0.28891173005104065 VAL: 0.27487558126449585
INFO:root:89
Train: 0.27189189195632935 VAL: 0.27623313665390015
INFO:root:90
Train: 0.29442310333251953 VAL: 0.2758833169937134
INFO:root:91
Train: 0.29697385430336 VAL: 0.27667316794395447
INFO:root:92
Train: 0.2959591746330261 VAL: 0.2783960700035095
INFO:root:93
Train: 0.28776612877845764 VAL: 0.275905966758728
INFO:root:94
Train: 0.2957569658756256 VAL: 0.27902835607528687
INFO:root:95
Train: 0.2917378842830658 VAL: 0.2767431139945984
INFO:root:96
Train: 0.2884737551212311 VAL: 0.276254266500473
INFO:root:97
Train: 0.2917376756668091 VAL: 0.2753210961818695
INFO:root:98
Train: 0.29559239745140076 VAL: 0.27981528639793396
INFO:root:99
Train: 0.29529446363449097 VAL: 0.2760864794254303
INFO:root:100
Train: 0.29047974944114685 VAL: 0.2780247926712036
INFO:root:101
Train: 0.29163089394569397 VAL: 0.2758961617946625
INFO:root:102
Train: 0.29144835472106934 VAL: 0.2767922282218933
INFO:root:103
Train: 0.2929827868938446 VAL: 0.276487797498703
INFO:root:104
Train: 0.2877423167228699 VAL: 0.27683180570602417
INFO:root:105
Train: 0.2654387056827545 VAL: 0.27610889077186584
INFO:root:106
Train: 0.29395997524261475 VAL: 0.27826258540153503
INFO:root:107
Train: 0.291998028755188 VAL: 0.2770839035511017
INFO:root:108
Train: 0.2872781753540039 VAL: 0.27640432119369507
INFO:root:109
Train: 0.287662148475647 VAL: 0.2776871621608734
INFO:root:110
Train: 0.290601521730423 VAL: 0.27601030468940735
INFO:root:111
Train: 0.29266366362571716 VAL: 0.2764587998390198
INFO:root:112
Train: 0.28590869903564453 VAL: 0.2770416736602783
INFO:root:113
Train: 0.2891034781932831 VAL: 0.27737846970558167
INFO:root:114
Train: 0.29109784960746765 VAL: 0.27686119079589844
INFO:root:115
Train: 0.2779831886291504 VAL: 0.276589572429657
INFO:root:116
Train: 0.29124972224235535 VAL: 0.27671805024147034
INFO:root:117
Train: 0.2918291985988617 VAL: 0.2780775725841522
INFO:root:118
Train: 0.2911781370639801 VAL: 0.2776985466480255
INFO:root:BEST VAL: 0.2776985466480255 TEST : 0.2654017508029938
INFO:root:Namespace(quiet=False, run_id=None, config=None, epochs=200, fold=3, batch_size=64, learn_rate=0.001, betas=(0.9, 0.999), weight_decay=0.001, hidden_size=32, kernel_init='skew-symmetric', note='', seed=None, nlayers=3, attn_head=2, latent_dim=256, dataset='mimiciii')
INFO:root:{'input_dim': 96, 'attn_head': 2, 'latent_dim': 256, 'n_layers': 3, 'device': device(type='cuda')}
INFO:root:1
Train: 0.8206387162208557 VAL: 0.5353847742080688
INFO:root:2
Train: 0.5079927444458008 VAL: 0.44200053811073303
INFO:root:3
Train: 0.44196853041648865 VAL: 0.4409087002277374
INFO:root:4
Train: 0.45463666319847107 VAL: 0.45083293318748474
INFO:root:5
Train: 0.45257139205932617 VAL: 0.4090588390827179
INFO:root:6
Train: 0.4269380271434784 VAL: 0.4413965344429016
INFO:root:7
Train: 0.41070687770843506 VAL: 0.40613192319869995
INFO:root:8
Train: 0.4234684407711029 VAL: 0.3996230959892273
INFO:root:9
Train: 0.40698114037513733 VAL: 0.39951449632644653
INFO:root:10
Train: 0.41110390424728394 VAL: 0.39934250712394714
INFO:root:11
Train: 0.40509918332099915 VAL: 0.4097006022930145
INFO:root:12
Train: 0.41667380928993225 VAL: 0.41128820180892944
INFO:root:13
Train: 139.53843688964844 VAL: 19860.880859375
INFO:root:14
Train: 1625995.125 VAL: 992.4447021484375
INFO:root:15
Train: 845.3087768554688 VAL: 797.157958984375
INFO:root:16
Train: 631.9507446289062 VAL: 743.0696411132812
INFO:root:17
Train: 410.33465576171875 VAL: 364.9393310546875
INFO:root:18
Train: 230.4290313720703 VAL: 167.423095703125
INFO:root:19
Train: 189.1177520751953 VAL: 116.17935180664062
INFO:root:20
Train: 215.4477996826172 VAL: 379.50347900390625
INFO:root:21
Train: 135.76300048828125 VAL: 92.79800415039062
INFO:root:22
Train: 89.99810028076172 VAL: 83.09310913085938
INFO:root:23
Train: 93.03994750976562 VAL: 69.38064575195312
INFO:root:24
Train: 74.07478332519531 VAL: 56.09752655029297
INFO:root:25
Train: 70.9223861694336 VAL: 115.59040832519531
INFO:root:26
Train: 68.1356430053711 VAL: 134.70384216308594
INFO:root:27
Train: 68.46722412109375 VAL: 67.96073913574219
INFO:root:28
Train: 57.212928771972656 VAL: 63.15743637084961
INFO:root:29
Train: 51.28874969482422 VAL: 36.90804672241211
INFO:root:30
Train: 48.58500289916992 VAL: 38.68949890136719
INFO:root:31
Train: 40.8972053527832 VAL: 53.167518615722656
INFO:root:32
Train: 58.24300765991211 VAL: 36.217498779296875
INFO:root:33
Train: 29.322145462036133 VAL: 24.048267364501953
INFO:root:34
Train: 30.098800659179688 VAL: 53.748802185058594
INFO:root:35
Train: 28.8959903717041 VAL: 22.55782127380371
INFO:root:36
Train: 34.70743179321289 VAL: 85.79582214355469
INFO:root:37
Train: 28.472091674804688 VAL: 36.03072738647461
INFO:root:38
Train: 32.585044860839844 VAL: 17.522960662841797
INFO:root:39
Train: 31.638336181640625 VAL: 297.4627685546875
INFO:root:40
Train: 56.64498519897461 VAL: 14.649310111999512
INFO:root:Namespace(quiet=False, run_id=None, config=None, epochs=200, fold=3, batch_size=128, learn_rate=0.001, betas=(0.9, 0.999), weight_decay=0.001, hidden_size=32, kernel_init='skew-symmetric', note='', seed=None, nlayers=3, attn_head=2, latent_dim=256, dataset='ushcn')
INFO:root:{'input_dim': 5, 'attn_head': 2, 'latent_dim': 256, 'n_layers': 3, 'device': device(type='cuda')}
INFO:root:1
Train: 13.847357749938965 VAL: 0.7267096638679504
INFO:root:2
Train: 0.8277721405029297 VAL: 0.8084005117416382
INFO:root:3
Train: 0.656938910484314 VAL: 0.5499272346496582
INFO:root:4
Train: 0.5390997529029846 VAL: 0.4771330952644348
INFO:root:5
Train: 0.46141067147254944 VAL: 0.3572455644607544
INFO:root:6
Train: 0.42643141746520996 VAL: 0.3970148265361786
INFO:root:7
Train: 0.3815099000930786 VAL: 0.33789271116256714
INFO:root:8
Train: 0.3417999744415283 VAL: 0.3084865212440491
INFO:root:9
Train: 0.35138046741485596 VAL: 0.28639140725135803
INFO:root:10
Train: 0.32292166352272034 VAL: 0.30419921875
INFO:root:11
Train: 0.3401281535625458 VAL: 0.3048305809497833
INFO:root:12
Train: 0.33024895191192627 VAL: 0.3070921003818512
INFO:root:13
Train: 0.3341526985168457 VAL: 0.28150108456611633
INFO:root:14
Train: 0.32066628336906433 VAL: 0.28591954708099365
INFO:root:15
Train: 0.3228447139263153 VAL: 0.2839375138282776
INFO:root:Namespace(quiet=False, run_id=None, config=None, epochs=200, fold=3, batch_size=128, learn_rate=0.001, betas=(0.9, 0.999), weight_decay=0.001, hidden_size=32, kernel_init='skew-symmetric', note='', seed=None, nlayers=3, attn_head=2, latent_dim=256, dataset='ushcn')
INFO:root:{'input_dim': 5, 'attn_head': 2, 'latent_dim': 256, 'n_layers': 3, 'device': device(type='cuda')}
INFO:root:16
Train: 0.3198717534542084 VAL: 0.314054399728775
INFO:root:17
Train: 0.33870092034339905 VAL: 0.2854844033718109
INFO:root:1
Train: 12.201773643493652 VAL: 0.5897244811058044
INFO:root:18
Train: 0.35251733660697937 VAL: 0.3160843253135681
INFO:root:19
Train: 0.37359702587127686 VAL: 0.3395746350288391
INFO:root:2
Train: 0.7828068733215332 VAL: 0.9406113624572754
INFO:root:20
Train: 0.4108552634716034 VAL: 0.34059715270996094
INFO:root:3
Train: 0.6136139035224915 VAL: 0.709075927734375
INFO:root:21
Train: 0.4057852327823639 VAL: 0.35428792238235474
INFO:root:4
Train: 0.5209162831306458 VAL: 0.45693308115005493
INFO:root:22
Train: 0.3402482271194458 VAL: 0.31968629360198975
INFO:root:5
Train: 0.4053313732147217 VAL: 0.32808026671409607
INFO:root:23
Train: 0.32631969451904297 VAL: 0.2875436544418335
INFO:root:6
Train: 0.3341422379016876 VAL: 0.42037034034729004
INFO:root:24
Train: 0.3214810788631439 VAL: 0.30504584312438965
INFO:root:7
Train: 0.4880399703979492 VAL: 0.43164387345314026
INFO:root:25
Train: 0.31623658537864685 VAL: 0.28197699785232544
INFO:root:8
Train: 0.4522515535354614 VAL: 0.3417646884918213
INFO:root:26
Train: 0.31069013476371765 VAL: 0.2809027135372162
INFO:root:9
Train: 0.3853861093521118 VAL: 0.3328886330127716
INFO:root:27
Train: 0.3054284155368805 VAL: 0.28084996342658997
INFO:root:10
Train: 0.3613639175891876 VAL: 0.3329932391643524
INFO:root:28
Train: 0.31438127160072327 VAL: 0.2784181833267212
INFO:root:11
Train: 0.3489774465560913 VAL: 0.3116469979286194
INFO:root:29
Train: 0.3112768530845642 VAL: 0.27796363830566406
INFO:root:12
Train: 0.33776235580444336 VAL: 0.3518081307411194
INFO:root:30
Train: 0.27870532870292664 VAL: 0.277743399143219
INFO:root:13
Train: 0.3454529345035553 VAL: 0.3027895987033844
INFO:root:31
Train: 0.3054387867450714 VAL: 0.2770582437515259
INFO:root:14
Train: 0.3659237325191498 VAL: 0.34873682260513306
INFO:root:32
Train: 0.3092244267463684 VAL: 0.2772996723651886
INFO:root:15
Train: 0.4664994776248932 VAL: 0.33505529165267944
INFO:root:33
Train: 0.29442670941352844 VAL: 0.27708080410957336
INFO:root:16
Train: 0.3790725767612457 VAL: 0.29835256934165955
INFO:root:34
Train: 0.3019693195819855 VAL: 0.2776529788970947
INFO:root:17
Train: 0.4116131365299225 VAL: 0.3068881034851074
INFO:root:35
Train: 0.3088516891002655 VAL: 0.2763582468032837
INFO:root:18
Train: 0.39445826411247253 VAL: 0.33041128516197205
INFO:root:36
Train: 0.3059788942337036 VAL: 0.2774496078491211
INFO:root:19
Train: 0.3811422884464264 VAL: 0.3386686146259308
INFO:root:37
Train: 0.29029372334480286 VAL: 0.27730265259742737
INFO:root:20
Train: 0.34937500953674316 VAL: 0.31406325101852417
INFO:root:38
Train: 0.258696049451828 VAL: 0.2773188650608063
INFO:root:21
Train: 0.34812548756599426 VAL: 0.31333282589912415
INFO:root:39
Train: 0.2878813147544861 VAL: 0.27755969762802124
INFO:root:22
Train: 0.41249117255210876 VAL: 0.30880340933799744
INFO:root:40
Train: 0.2885051667690277 VAL: 0.2803729176521301
INFO:root:23
Train: 0.32527047395706177 VAL: 0.31672149896621704
INFO:root:41
Train: 0.3087410032749176 VAL: 0.2777459919452667
INFO:root:24
Train: 0.37130996584892273 VAL: 0.31385672092437744
INFO:root:42
Train: 0.30450567603111267 VAL: 0.2772340774536133
INFO:root:25
Train: 0.3514784574508667 VAL: 0.29066529870033264
INFO:root:43
Train: 0.3043496906757355 VAL: 0.28304269909858704
INFO:root:26
Train: 0.31769171357154846 VAL: 0.32632336020469666
INFO:root:44
Train: 0.30103981494903564 VAL: 0.27770742774009705
INFO:root:27
Train: 0.34597623348236084 VAL: 0.30229219794273376
INFO:root:45
Train: 0.3313550055027008 VAL: 0.2821759581565857
INFO:root:28
Train: 0.3409416377544403 VAL: 0.2966400384902954
INFO:root:46
Train: 0.3474445641040802 VAL: 0.29432955384254456
INFO:root:29
Train: 0.33767279982566833 VAL: 0.2791518568992615
INFO:root:47
Train: 0.33862337470054626 VAL: 0.28851354122161865
INFO:root:30
Train: 0.32772865891456604 VAL: 0.2887837290763855
INFO:root:48
Train: 0.32563745975494385 VAL: 0.28285449743270874
INFO:root:31
Train: 0.32596108317375183 VAL: 0.2854025661945343
INFO:root:49
Train: 0.3113973140716553 VAL: 0.27587762475013733
INFO:root:32
Train: 0.29737767577171326 VAL: 0.2838883697986603
INFO:root:50
Train: 0.302236944437027 VAL: 0.2753412127494812
INFO:root:33
Train: 0.31849172711372375 VAL: 0.27973639965057373
INFO:root:51
Train: 0.2919151484966278 VAL: 0.27707457542419434
INFO:root:34
Train: 0.29372453689575195 VAL: 0.27918195724487305
INFO:root:52
Train: 0.3073684275150299 VAL: 0.27427083253860474
INFO:root:35
Train: 0.2956741750240326 VAL: 0.2841477692127228
INFO:root:36
Train: 0.3073134124279022 VAL: 0.28103452920913696
INFO:root:53
Train: 0.2978113889694214 VAL: 0.2745264172554016
INFO:root:37
Train: 0.31432750821113586 VAL: 0.2795540392398834
INFO:root:54
Train: 0.30060267448425293 VAL: 0.2754583954811096
INFO:root:38
Train: 0.3141365349292755 VAL: 0.28115180134773254
INFO:root:55
Train: 0.3018336296081543 VAL: 0.2745782434940338
INFO:root:39
Train: 0.3086094558238983 VAL: 0.2829474210739136
INFO:root:56
Train: 0.30259278416633606 VAL: 0.27495816349983215
INFO:root:40
Train: 0.2817944586277008 VAL: 0.28104352951049805
INFO:root:57
Train: 0.30465757846832275 VAL: 0.27590513229370117
INFO:root:41
Train: 0.3108364939689636 VAL: 0.2771674394607544
INFO:root:58
Train: 0.30559656023979187 VAL: 0.27896907925605774
INFO:root:59
Train: 0.3033597469329834 VAL: 0.276370644569397
INFO:root:42
Train: 0.3072928190231323 VAL: 0.2777482271194458
INFO:root:60
Train: 0.3052031099796295 VAL: 0.2783600091934204
INFO:root:43
Train: 0.30115291476249695 VAL: 0.278089702129364
INFO:root:61
Train: 0.30060064792633057 VAL: 0.2749529480934143
INFO:root:44
Train: 0.3022958040237427 VAL: 0.2769418954849243
INFO:root:62
Train: 0.3028857111930847 VAL: 0.27573278546333313
INFO:root:45
Train: 0.2916885316371918 VAL: 0.2768207788467407
INFO:root:63
Train: 0.3044517934322357 VAL: 0.2775630056858063
INFO:root:46
Train: 0.3005020320415497 VAL: 0.28929436206817627
INFO:root:64
Train: 0.2970956861972809 VAL: 0.2758517265319824
INFO:root:47
Train: 0.3093007504940033 VAL: 0.27913305163383484
INFO:root:65
Train: 0.30012235045433044 VAL: 0.275275856256485
INFO:root:48
Train: 0.305208295583725 VAL: 0.27725809812545776
INFO:root:66
Train: 0.298164039850235 VAL: 0.27543991804122925
INFO:root:49
Train: 0.305747389793396 VAL: 0.2801329791545868
INFO:root:67
Train: 0.29771554470062256 VAL: 0.2758764326572418
INFO:root:50
Train: 0.30538347363471985 VAL: 0.2803803086280823
INFO:root:68
Train: 0.2989901304244995 VAL: 0.2752797603607178
INFO:root:51
Train: 0.3060857951641083 VAL: 0.2824927568435669
INFO:root:69
Train: 0.3016722798347473 VAL: 0.27611663937568665
INFO:root:52
Train: 0.3033592402935028 VAL: 0.27839845418930054
INFO:root:70
Train: 0.29568418860435486 VAL: 0.2758777141571045
INFO:root:53
Train: 0.31081798672676086 VAL: 0.27746647596359253
INFO:root:71
Train: 0.28209051489830017 VAL: 0.2757275104522705
INFO:root:54
Train: 0.3034377098083496 VAL: 0.27837300300598145
INFO:root:72
Train: 0.2935398519039154 VAL: 0.27692151069641113
INFO:root:55
Train: 0.29781612753868103 VAL: 0.2903013229370117
INFO:root:73
Train: 0.30008313059806824 VAL: 0.27626869082450867
INFO:root:56
Train: 0.3091374337673187 VAL: 0.279509037733078
INFO:root:74
Train: 0.29632195830345154 VAL: 0.276638925075531
INFO:root:57
Train: 0.28530043363571167 VAL: 0.2787773013114929
INFO:root:75
Train: 0.2994835078716278 VAL: 0.2755074203014374
INFO:root:58
Train: 0.28054627776145935 VAL: 0.27775144577026367
INFO:root:76
Train: 0.29492440819740295 VAL: 0.2758342921733856
INFO:root:59
Train: 0.3005155622959137 VAL: 0.279549777507782
INFO:root:77
Train: 0.2955740988254547 VAL: 0.2753855288028717
INFO:root:60
Train: 0.302461177110672 VAL: 0.27764102816581726
INFO:root:78
Train: 0.29734528064727783 VAL: 0.27586132287979126
INFO:root:61
Train: 0.30529406666755676 VAL: 0.2789405882358551
INFO:root:79
Train: 0.2987349033355713 VAL: 0.2763621211051941
INFO:root:62
Train: 0.30116352438926697 VAL: 0.2777113914489746
INFO:root:80
Train: 0.2916184067726135 VAL: 0.2755945920944214
INFO:root:63
Train: 0.30038735270500183 VAL: 0.27975451946258545
INFO:root:81
Train: 0.27448102831840515 VAL: 0.275477796792984
INFO:root:64
Train: 0.2895287275314331 VAL: 0.27927133440971375
INFO:root:82
Train: 0.2944220304489136 VAL: 0.2750377058982849
INFO:root:BEST VAL: 0.2750377058982849 TEST : 0.2583131492137909
INFO:root:65
Train: 0.29750585556030273 VAL: 0.28100156784057617
INFO:root:66
Train: 0.2927279770374298 VAL: 0.2810877561569214
INFO:root:67
Train: 0.27828583121299744 VAL: 0.2820177972316742
INFO:root:68
Train: 0.2930940091609955 VAL: 0.27836060523986816
INFO:root:69
Train: 0.29587143659591675 VAL: 0.2782100439071655
INFO:root:70
Train: 0.2943768799304962 VAL: 0.2798917293548584
INFO:root:71
Train: 0.30121228098869324 VAL: 0.2782670259475708
INFO:root:72
Train: 0.2761995494365692 VAL: 0.2782610356807709
INFO:root:73
Train: 0.3002323806285858 VAL: 0.2791125178337097
INFO:root:74
Train: 0.2954544425010681 VAL: 0.27789562940597534
INFO:root:75
Train: 0.28152427077293396 VAL: 0.27878570556640625
INFO:root:BEST VAL: 0.27878570556640625 TEST : 0.26733243465423584
INFO:root:Namespace(quiet=False, run_id=None, config=None, epochs=200, fold=3, batch_size=128, learn_rate=0.001, betas=(0.9, 0.999), weight_decay=0.001, hidden_size=32, kernel_init='skew-symmetric', note='', seed=None, nlayers=3, attn_head=2, latent_dim=256, dataset='ushcn')
INFO:root:{'input_dim': 5, 'attn_head': 2, 'latent_dim': 256, 'n_layers': 3, 'device': device(type='cuda')}
INFO:root:1
Train: 9.88774299621582 VAL: 1.3147624731063843
INFO:root:2
Train: 0.8270193934440613 VAL: 0.7114191055297852
INFO:root:3
Train: 0.6377142071723938 VAL: 0.5591233968734741
INFO:root:4
Train: 0.5408653616905212 VAL: 0.42181462049484253
INFO:root:5
Train: 0.4055699110031128 VAL: 0.3885359764099121
INFO:root:6
Train: 0.4551266133785248 VAL: 0.35554009675979614
INFO:root:7
Train: 0.47507408261299133 VAL: 0.4126893877983093
INFO:root:8
Train: 0.41804179549217224 VAL: 0.33333343267440796
INFO:root:9
Train: 0.4409273564815521 VAL: 0.3076937794685364
INFO:root:10
Train: 0.3469787836074829 VAL: 0.2973155379295349
INFO:root:11
Train: 0.33330944180488586 VAL: 0.30492711067199707
INFO:root:12
Train: 0.35507580637931824 VAL: 0.292599081993103
INFO:root:13
Train: 0.3215343952178955 VAL: 0.28029072284698486
INFO:root:14
Train: 0.3204502761363983 VAL: 0.2814580500125885
INFO:root:15
Train: 0.3295435905456543 VAL: 0.27695584297180176
INFO:root:16
Train: 0.3254854083061218 VAL: 0.2974112331867218
INFO:root:17
Train: 0.3569341003894806 VAL: 0.2925497889518738
INFO:root:18
Train: 0.3159695267677307 VAL: 0.2866785526275635
INFO:root:19
Train: 0.32465890049934387 VAL: 0.28860053420066833
INFO:root:20
Train: 0.3292624354362488 VAL: 0.28695040941238403
INFO:root:21
Train: 0.3142029941082001 VAL: 0.27671384811401367
INFO:root:22
Train: 0.31780609488487244 VAL: 0.28127413988113403
INFO:root:23
Train: 0.319238543510437 VAL: 0.28517353534698486
INFO:root:24
Train: 0.30205968022346497 VAL: 0.2750714421272278
INFO:root:25
Train: 0.29864203929901123 VAL: 0.2762429714202881
INFO:root:26
Train: 0.3079109489917755 VAL: 0.27923619747161865
INFO:root:27
Train: 0.3122486472129822 VAL: 0.28386807441711426
INFO:root:28
Train: 0.30907925963401794 VAL: 0.29776543378829956
INFO:root:29
Train: 0.33082517981529236 VAL: 0.30261167883872986
INFO:root:30
Train: 0.332911878824234 VAL: 0.294910728931427
INFO:root:31
Train: 0.3213859796524048 VAL: 0.2876984179019928
INFO:root:32
Train: 0.3173165023326874 VAL: 0.2779313921928406
INFO:root:33
Train: 0.3129836320877075 VAL: 0.279869943857193
INFO:root:34
Train: 0.3062330484390259 VAL: 0.2838512063026428
INFO:root:35
Train: 0.30637726187705994 VAL: 0.3033267855644226
INFO:root:36
Train: 0.3207244873046875 VAL: 0.2879534363746643
INFO:root:37
Train: 0.30594155192375183 VAL: 0.2776640057563782
INFO:root:38
Train: 0.3036140203475952 VAL: 0.2791098356246948
INFO:root:39
Train: 0.29858770966529846 VAL: 0.2779911458492279
INFO:root:40
Train: 0.30445823073387146 VAL: 0.2777943015098572
INFO:root:41
Train: 0.3038584291934967 VAL: 0.2799879312515259
INFO:root:42
Train: 0.2953190803527832 VAL: 0.27671703696250916
INFO:root:43
Train: 0.29911985993385315 VAL: 0.277423620223999
INFO:root:44
Train: 0.3074399530887604 VAL: 0.279852956533432
INFO:root:45
Train: 0.284306138753891 VAL: 0.28058576583862305
INFO:root:46
Train: 0.2791060507297516 VAL: 0.2806016504764557
INFO:root:47
Train: 0.2799326479434967 VAL: 0.278984010219574
INFO:root:48
Train: 0.2816333472728729 VAL: 0.2784464955329895
INFO:root:49
Train: 0.2868201434612274 VAL: 0.27824509143829346
INFO:root:50
Train: 0.26325657963752747 VAL: 0.2782437801361084
INFO:root:51
Train: 0.29959073662757874 VAL: 0.27968287467956543
INFO:root:52
Train: 0.295858234167099 VAL: 0.28022611141204834
INFO:root:53
Train: 0.2982465624809265 VAL: 0.2804517149925232
INFO:root:54
Train: 0.2958858013153076 VAL: 0.28163960576057434
INFO:root:BEST VAL: 0.28163960576057434 TEST : 0.2426212579011917
INFO:root:Namespace(quiet=False, run_id=None, config=None, epochs=200, fold=3, batch_size=64, learn_rate=0.001, betas=(0.9, 0.999), weight_decay=0.001, hidden_size=32, kernel_init='skew-symmetric', note='', seed=None, nlayers=3, attn_head=2, latent_dim=256, dataset='mimiciii')
INFO:root:{'input_dim': 96, 'attn_head': 2, 'latent_dim': 256, 'n_layers': 3, 'device': device(type='cuda')}
INFO:root:1
Train: 0.8249933123588562 VAL: 0.5000228881835938
INFO:root:2
Train: 0.5210864543914795 VAL: 0.42412686347961426
INFO:root:3
Train: 0.4492531418800354 VAL: 0.4381040930747986
INFO:root:4
Train: 0.4587339162826538 VAL: 0.4152922034263611
INFO:root:5
Train: 0.4408705234527588 VAL: 0.4197155833244324
INFO:root:6
Train: 0.44248783588409424 VAL: 0.5504554510116577
INFO:root:7
Train: 320054.40625 VAL: 859.9752197265625
INFO:root:8
Train: 283.0036926269531 VAL: 128.87684631347656
INFO:root:9
Train: 117.73963165283203 VAL: 47.21856689453125
INFO:root:10
Train: 74.3581314086914 VAL: 38.08602523803711
INFO:root:11
Train: 120.12688446044922 VAL: 63.26453399658203
INFO:root:12
Train: 62.5206413269043 VAL: 49.028072357177734
INFO:root:13
Train: 104.1920166015625 VAL: 45.85303497314453
INFO:root:14
Train: 46.15544128417969 VAL: 93.27861022949219
INFO:root:15
Train: 65.7801513671875 VAL: 127.33023834228516
INFO:root:16
Train: 28.371885299682617 VAL: 21.445415496826172
INFO:root:17
Train: 18.39872932434082 VAL: 31.558582305908203
INFO:root:18
Train: 18.544301986694336 VAL: 47.400474548339844
INFO:root:19
Train: 23.96607208251953 VAL: 39.172149658203125
INFO:root:20
Train: 22.90664291381836 VAL: 17.35171890258789
INFO:root:21
Train: 27.960622787475586 VAL: 40.62265396118164
INFO:root:22
Train: 19.801227569580078 VAL: 11.486475944519043
INFO:root:23
Train: 33.930206298828125 VAL: 14.306793212890625
INFO:root:24
Train: 27.742311477661133 VAL: 29.578943252563477
INFO:root:25
Train: 54.595916748046875 VAL: 13.550226211547852
INFO:root:26
Train: 15.973784446716309 VAL: 7.318005084991455
INFO:root:27
Train: 7.349427700042725 VAL: 6.529801845550537
INFO:root:28
Train: 6.424402236938477 VAL: 5.339770317077637
INFO:root:29
Train: 5.898482322692871 VAL: 6.044544696807861
INFO:root:30
Train: 6.416055679321289 VAL: 8.514155387878418
INFO:root:31
Train: 5.922107696533203 VAL: 4.400238990783691
INFO:root:32
Train: 5.459939479827881 VAL: 6.3335394859313965
INFO:root:33
Train: 6.289378643035889 VAL: 3.6643834114074707
INFO:root:34
Train: 10.057757377624512 VAL: 3.9593048095703125
INFO:root:BEST VAL: 3.9593048095703125 TEST : 0.4439653158187866
