INFO:root:Namespace(quiet=False, run_id=None, config=None, epochs=200, fold=1, batch_size=128, learn_rate=0.001, betas=(0.9, 0.999), weight_decay=0.001, hidden_size=32, kernel_init='skew-symmetric', note='', seed=None, nlayers=1, attn_head=4, latent_dim=256, dataset='ushcn')
INFO:root:{'input_dim': 5, 'attn_head': 4, 'latent_dim': 256, 'n_layers': 1, 'device': device(type='cuda')}
INFO:root:1
Train: 1.9266878366470337 VAL: 1.4146558046340942
INFO:root:2
Train: 0.8936044573783875 VAL: 0.4913490116596222
INFO:root:3
Train: 0.486492782831192 VAL: 0.45265284180641174
INFO:root:4
Train: 0.4431212246417999 VAL: 0.5235665440559387
INFO:root:5
Train: 0.37503623962402344 VAL: 0.41573041677474976
INFO:root:6
Train: 0.3385277986526489 VAL: 0.3716873228549957
INFO:root:7
Train: 0.33193063735961914 VAL: 0.3488399088382721
INFO:root:8
Train: 0.2981458008289337 VAL: 0.34336328506469727
INFO:root:9
Train: 0.3008405268192291 VAL: 0.34595969319343567
INFO:root:10
Train: 0.293641597032547 VAL: 0.33284422755241394
INFO:root:11
Train: 0.2948582172393799 VAL: 0.3368455469608307
INFO:root:12
Train: 0.29265183210372925 VAL: 0.33584293723106384
INFO:root:13
Train: 0.28513526916503906 VAL: 0.3317508101463318
INFO:root:14
Train: 0.2754034101963043 VAL: 0.3460202217102051
INFO:root:15
Train: 0.33986178040504456 VAL: 0.3459256887435913
INFO:root:16
Train: 0.3223995864391327 VAL: 0.3396688401699066
INFO:root:17
Train: 0.28119131922721863 VAL: 0.32774922251701355
INFO:root:18
Train: 0.29551512002944946 VAL: 0.33915582299232483
INFO:root:19
Train: 0.2581453323364258 VAL: 0.33151036500930786
INFO:root:20
Train: 0.2939952313899994 VAL: 0.33300572633743286
INFO:root:21
Train: 0.2890794575214386 VAL: 0.3313256502151489
INFO:root:22
Train: 0.2882070243358612 VAL: 0.3299350142478943
INFO:root:23
Train: 0.2855376601219177 VAL: 0.3281494379043579
INFO:root:24
Train: 0.2720186710357666 VAL: 0.3366994261741638
INFO:root:25
Train: 0.2803007662296295 VAL: 0.33445364236831665
INFO:root:26
Train: 0.2626565098762512 VAL: 0.33503958582878113
INFO:root:27
Train: 0.2868267595767975 VAL: 0.337187796831131
INFO:root:28
Train: 0.28856709599494934 VAL: 0.3294742703437805
INFO:root:29
Train: 0.27831682562828064 VAL: 0.3273155689239502
INFO:root:30
Train: 0.2802583873271942 VAL: 0.3323669135570526
INFO:root:31
Train: 0.2818604111671448 VAL: 0.3280855715274811
INFO:root:32
Train: 0.27617117762565613 VAL: 0.33246439695358276
INFO:root:33
Train: 0.28212830424308777 VAL: 0.32665833830833435
INFO:root:34
Train: 0.25865092873573303 VAL: 0.3286542594432831
INFO:root:35
Train: 0.28122878074645996 VAL: 0.3265341818332672
INFO:root:36
Train: 0.27873295545578003 VAL: 0.3271629810333252
INFO:root:37
Train: 0.2756085693836212 VAL: 0.3272584080696106
INFO:root:38
Train: 0.25481510162353516 VAL: 0.32714375853538513
INFO:root:39
Train: 0.26621463894844055 VAL: 0.3269771933555603
INFO:root:40
Train: 0.2792854309082031 VAL: 0.32920271158218384
INFO:root:41
Train: 0.2769237458705902 VAL: 0.3283650875091553
INFO:root:42
Train: 0.27522027492523193 VAL: 0.32573333382606506
INFO:root:43
Train: 0.2767518162727356 VAL: 0.32787632942199707
INFO:root:44
Train: 0.2786451280117035 VAL: 0.32816818356513977
INFO:root:45
Train: 0.2753053605556488 VAL: 0.32746079564094543
INFO:root:46
Train: 0.2759379744529724 VAL: 0.3278857469558716
INFO:root:47
Train: 0.2726348340511322 VAL: 0.32609665393829346
INFO:root:48
Train: 0.2793979346752167 VAL: 0.3265087604522705
INFO:root:49
Train: 0.2625199556350708 VAL: 0.32861343026161194
INFO:root:50
Train: 0.278881311416626 VAL: 0.3269140124320984
INFO:root:51
Train: 0.2520817220211029 VAL: 0.32629069685935974
INFO:root:52
Train: 0.26890990138053894 VAL: 0.32837173342704773
INFO:root:53
Train: 0.2704342305660248 VAL: 0.3296983242034912
INFO:root:54
Train: 0.27091217041015625 VAL: 0.325406551361084
INFO:root:55
Train: 0.2803491950035095 VAL: 0.3277077376842499
INFO:root:56
Train: 0.27945101261138916 VAL: 0.3261990249156952
INFO:root:57
Train: 0.2741982936859131 VAL: 0.32889023423194885
INFO:root:58
Train: 0.27677610516548157 VAL: 0.32627972960472107
INFO:root:59
Train: 0.2770693004131317 VAL: 0.32770341634750366
INFO:root:60
Train: 0.27289673686027527 VAL: 0.3259632885456085
INFO:root:61
Train: 0.2731035351753235 VAL: 0.32892608642578125
INFO:root:62
Train: 0.2707303762435913 VAL: 0.3258305490016937
INFO:root:63
Train: 0.25695833563804626 VAL: 0.328029990196228
INFO:root:64
Train: 0.2740498483181 VAL: 0.3254559636116028
INFO:root:65
Train: 0.27569684386253357 VAL: 0.32682597637176514
INFO:root:66
Train: 0.27332258224487305 VAL: 0.32699984312057495
INFO:root:67
Train: 0.2740098536014557 VAL: 0.3262316882610321
INFO:root:68
Train: 0.2737152874469757 VAL: 0.3269411325454712
INFO:root:69
Train: 0.2705424129962921 VAL: 0.3259047865867615
INFO:root:70
Train: 0.27755430340766907 VAL: 0.3258455693721771
INFO:root:71
Train: 0.273250550031662 VAL: 0.32572323083877563
INFO:root:72
Train: 0.2731212079524994 VAL: 0.32723551988601685
INFO:root:73
Train: 0.25708162784576416 VAL: 0.32594072818756104
INFO:root:74
Train: 0.2715979516506195 VAL: 0.327536016702652
INFO:root:75
Train: 0.27662283182144165 VAL: 0.3255944550037384
INFO:root:76
Train: 0.2757168412208557 VAL: 0.32583001255989075
INFO:root:77
Train: 0.2704223394393921 VAL: 0.32613009214401245
INFO:root:78
Train: 0.2682897746562958 VAL: 0.3268965184688568
INFO:root:79
Train: 0.27295932173728943 VAL: 0.3263213634490967
INFO:root:80
Train: 0.26626667380332947 VAL: 0.32624492049217224
INFO:root:81
Train: 0.2542159855365753 VAL: 0.32645419239997864
INFO:root:82
Train: 0.263637900352478 VAL: 0.32633915543556213
INFO:root:83
Train: 0.2749682068824768 VAL: 0.32617977261543274
INFO:root:84
Train: 0.25752896070480347 VAL: 0.3259764015674591
INFO:root:BEST VAL: 0.3259764015674591 TEST : 0.2504815459251404
INFO:root:Namespace(quiet=False, run_id=None, config=None, epochs=200, fold=1, batch_size=64, learn_rate=0.001, betas=(0.9, 0.999), weight_decay=0.001, hidden_size=32, kernel_init='skew-symmetric', note='', seed=None, nlayers=1, attn_head=4, latent_dim=256, dataset='mimiciii')
INFO:root:{'input_dim': 96, 'attn_head': 4, 'latent_dim': 256, 'n_layers': 1, 'device': device(type='cuda')}
INFO:root:1
Train: 0.5989384055137634 VAL: 0.5146900415420532
INFO:root:2
Train: 0.46440646052360535 VAL: 0.4696651101112366
INFO:root:3
Train: 0.43495503067970276 VAL: 0.4447537064552307
INFO:root:4
Train: 0.42374178767204285 VAL: 0.45069384574890137
INFO:root:5
Train: 0.4211445450782776 VAL: 0.4559977650642395
INFO:root:6
Train: 0.4214227497577667 VAL: 0.4584648609161377
INFO:root:7
Train: 0.40938568115234375 VAL: 0.4312995672225952
INFO:root:8
Train: 0.40400034189224243 VAL: 0.41669392585754395
INFO:root:9
Train: 0.40444478392601013 VAL: 0.42323046922683716
INFO:root:10
Train: 0.4040939211845398 VAL: 0.43579140305519104
INFO:root:11
Train: 0.4031831622123718 VAL: 0.47939175367355347
INFO:root:12
Train: 0.4219326078891754 VAL: 0.43226346373558044
INFO:root:13
Train: 0.39721402525901794 VAL: 0.41633743047714233
INFO:root:14
Train: 0.391848087310791 VAL: 0.4103762209415436
INFO:root:15
Train: 0.3863045275211334 VAL: 0.4124097526073456
INFO:root:16
Train: 0.38753700256347656 VAL: 0.41688287258148193
INFO:root:17
Train: 0.38596558570861816 VAL: 0.423176109790802
INFO:root:18
Train: 0.3849934935569763 VAL: 0.4213866591453552
INFO:root:19
Train: 0.3863838315010071 VAL: 0.407308965921402
INFO:root:20
Train: 0.38181278109550476 VAL: 0.40452173352241516
INFO:root:21
Train: 0.3871583044528961 VAL: 0.44152748584747314
INFO:root:22
Train: 0.3840310871601105 VAL: 0.4055848717689514
INFO:root:23
Train: 0.378086656332016 VAL: 0.3983367383480072
INFO:root:24
Train: 0.37480342388153076 VAL: 0.4028553366661072
INFO:root:25
Train: 0.37655824422836304 VAL: 0.40094637870788574
INFO:root:26
Train: 0.37637341022491455 VAL: 0.3968607187271118
INFO:root:27
Train: 0.37569060921669006 VAL: 0.40030622482299805
INFO:root:28
Train: 0.3770347535610199 VAL: 0.41068169474601746
INFO:root:29
Train: 0.36993685364723206 VAL: 0.3972651958465576
INFO:root:30
Train: 0.366536408662796 VAL: 0.39762985706329346
INFO:root:31
Train: 0.36470890045166016 VAL: 0.4030917286872864
INFO:root:32
Train: 0.36325597763061523 VAL: 0.3978707194328308
INFO:root:33
Train: 0.36425432562828064 VAL: 0.398598313331604
INFO:root:34
Train: 0.35690075159072876 VAL: 0.3958612084388733
INFO:root:35
Train: 0.3582053780555725 VAL: 0.4122486114501953
INFO:root:36
Train: 0.35812750458717346 VAL: 0.4067291021347046
INFO:root:37
Train: 0.3555287718772888 VAL: 0.40652233362197876
INFO:root:38
Train: 0.35363003611564636 VAL: 0.4027687907218933
INFO:root:39
Train: 0.3538404703140259 VAL: 0.40711134672164917
INFO:root:40
Train: 0.350786030292511 VAL: 0.4106341600418091
INFO:root:41
Train: 0.35072091221809387 VAL: 0.4003981351852417
INFO:root:42
Train: 0.34633517265319824 VAL: 0.40231239795684814
INFO:root:43
Train: 0.34850096702575684 VAL: 0.4113028049468994
INFO:root:44
Train: 0.3473719656467438 VAL: 0.4104198217391968
INFO:root:45
Train: 0.34567609429359436 VAL: 0.4071204662322998
INFO:root:46
Train: 0.327356219291687 VAL: 0.406547874212265
INFO:root:47
Train: 0.3242979943752289 VAL: 0.4038451313972473
INFO:root:48
Train: 0.32126355171203613 VAL: 0.40196943283081055
INFO:root:49
Train: 0.31598883867263794 VAL: 0.40541160106658936
INFO:root:50
Train: 0.3138217329978943 VAL: 0.40130415558815
INFO:root:51
Train: 0.3116443157196045 VAL: 0.3984676003456116
INFO:root:52
Train: 0.3058018982410431 VAL: 0.405941903591156
INFO:root:53
Train: 0.3019869923591614 VAL: 0.40253230929374695
INFO:root:54
Train: 0.30182328820228577 VAL: 0.40654873847961426
INFO:root:55
Train: 0.2980758845806122 VAL: 0.40452301502227783
INFO:root:56
Train: 0.29646921157836914 VAL: 0.4114106297492981
INFO:root:57
Train: 0.2811160087585449 VAL: 0.4087319076061249
INFO:root:58
Train: 0.2709888815879822 VAL: 0.40961170196533203
INFO:root:59
Train: 0.26815927028656006 VAL: 0.4226841926574707
INFO:root:60
Train: 0.26405736804008484 VAL: 0.41777509450912476
INFO:root:61
Train: 0.25993776321411133 VAL: 0.42116856575012207
INFO:root:62
Train: 0.2577953040599823 VAL: 0.4159257709980011
INFO:root:63
Train: 0.25427091121673584 VAL: 0.4248342216014862
INFO:root:64
Train: 0.25020632147789 VAL: 0.42442449927330017
