INFO:root:Namespace(quiet=False, run_id=None, config=None, epochs=200, fold=4, batch_size=128, learn_rate=0.001, betas=(0.9, 0.999), weight_decay=0.001, hidden_size=32, kernel_init='skew-symmetric', note='', seed=None, nlayers=2, attn_head=2, latent_dim=64, dataset='ushcn')
INFO:root:{'input_dim': 5, 'attn_head': 2, 'latent_dim': 64, 'n_layers': 2, 'device': device(type='cuda')}
INFO:root:1
Train: 0.7818092703819275 VAL: 0.5629355311393738
INFO:root:2
Train: 0.5837926864624023 VAL: 0.39168864488601685
INFO:root:3
Train: 0.4517571032047272 VAL: 0.3013136386871338
INFO:root:4
Train: 0.40352317690849304 VAL: 0.29155123233795166
INFO:root:5
Train: 0.37293723225593567 VAL: 0.26906341314315796
INFO:root:6
Train: 0.3478999435901642 VAL: 0.2663690447807312
INFO:root:7
Train: 0.34275054931640625 VAL: 0.2577965259552002
INFO:root:8
Train: 0.32556697726249695 VAL: 0.25129973888397217
INFO:root:9
Train: 0.324870765209198 VAL: 0.26020148396492004
INFO:root:10
Train: 0.333105206489563 VAL: 0.2469608634710312
INFO:root:11
Train: 0.3279936611652374 VAL: 0.2478063702583313
INFO:root:12
Train: 0.3309420347213745 VAL: 0.25355595350265503
INFO:root:13
Train: 0.32746097445487976 VAL: 0.24795743823051453
INFO:root:14
Train: 0.3019677698612213 VAL: 0.2472178041934967
INFO:root:15
Train: 0.31149712204933167 VAL: 0.2538614869117737
INFO:root:16
Train: 0.32925018668174744 VAL: 0.24481996893882751
INFO:root:17
Train: 0.3272290825843811 VAL: 0.24704763293266296
INFO:root:18
Train: 0.30815908312797546 VAL: 0.25599586963653564
INFO:root:19
Train: 0.3183314800262451 VAL: 0.2496546506881714
INFO:root:20
Train: 0.32532456517219543 VAL: 0.24503949284553528
INFO:root:21
Train: 0.3225000500679016 VAL: 0.24780945479869843
INFO:root:22
Train: 0.32784196734428406 VAL: 0.2580522298812866
INFO:root:23
Train: 0.3272098898887634 VAL: 0.24874165654182434
INFO:root:Namespace(quiet=False, run_id=None, config=None, epochs=200, fold=4, batch_size=128, learn_rate=0.001, betas=(0.9, 0.999), weight_decay=0.001, hidden_size=32, kernel_init='skew-symmetric', note='', seed=None, nlayers=2, attn_head=2, latent_dim=64, dataset='ushcn')
INFO:root:{'input_dim': 5, 'attn_head': 2, 'latent_dim': 64, 'n_layers': 2, 'device': device(type='cuda')}
INFO:root:1
Train: 0.6932234764099121 VAL: 0.44974830746650696
INFO:root:2
Train: 0.5115583539009094 VAL: 0.3336062431335449
INFO:root:3
Train: 0.4087407886981964 VAL: 0.254089891910553
INFO:root:4
Train: 0.34726080298423767 VAL: 0.25686681270599365
INFO:root:5
Train: 0.3457651138305664 VAL: 0.2608514130115509
INFO:root:6
Train: 0.33052122592926025 VAL: 0.25211742520332336
INFO:root:7
Train: 0.3054187595844269 VAL: 0.2586400508880615
INFO:root:8
Train: 0.3289933204650879 VAL: 0.2600961923599243
INFO:root:9
Train: 0.3300735652446747 VAL: 0.2470855414867401
INFO:root:10
Train: 0.3019410967826843 VAL: 0.24799206852912903
INFO:root:11
Train: 0.330506831407547 VAL: 0.25842520594596863
INFO:root:12
Train: 0.32522961497306824 VAL: 0.24519631266593933
INFO:root:13
Train: 0.3184947967529297 VAL: 0.24747616052627563
INFO:root:14
Train: 0.31784895062446594 VAL: 0.2436390519142151
INFO:root:15
Train: 0.29825925827026367 VAL: 0.2466317117214203
INFO:root:16
Train: 0.3256802558898926 VAL: 0.25995898246765137
INFO:root:17
Train: 0.32320985198020935 VAL: 0.254416286945343
INFO:root:18
Train: 0.3292311728000641 VAL: 0.2445807009935379
INFO:root:19
Train: 0.320852667093277 VAL: 0.24356549978256226
INFO:root:20
Train: 0.317773699760437 VAL: 0.24986925721168518
INFO:root:21
Train: 0.30669209361076355 VAL: 0.24457944929599762
INFO:root:22
Train: 0.30166149139404297 VAL: 0.25073155760765076
INFO:root:23
Train: 0.3200455605983734 VAL: 0.2642821967601776
INFO:root:24
Train: 0.32806670665740967 VAL: 0.24383094906806946
INFO:root:25
Train: 0.3185088336467743 VAL: 0.2500673234462738
INFO:root:26
Train: 0.3177608847618103 VAL: 0.26191532611846924
INFO:root:27
Train: 0.32846030592918396 VAL: 0.24835743010044098
INFO:root:28
Train: 0.32674598693847656 VAL: 0.24787551164627075
INFO:root:29
Train: 0.3077361285686493 VAL: 0.26164400577545166
INFO:root:30
Train: 0.320325642824173 VAL: 0.24383676052093506
INFO:root:31
Train: 0.3149432837963104 VAL: 0.24812601506710052
INFO:root:32
Train: 0.3166116774082184 VAL: 0.24557597935199738
INFO:root:33
Train: 0.3082308769226074 VAL: 0.24374398589134216
INFO:root:34
Train: 0.30962079763412476 VAL: 0.24701166152954102
INFO:root:35
Train: 0.30929630994796753 VAL: 0.24620524048805237
INFO:root:36
Train: 0.2901853621006012 VAL: 0.24321714043617249
INFO:root:37
Train: 0.3085671365261078 VAL: 0.24513307213783264
INFO:root:38
Train: 0.29866766929626465 VAL: 0.24677367508411407
INFO:root:39
Train: 0.3144718110561371 VAL: 0.24453002214431763
INFO:root:40
Train: 0.3131389319896698 VAL: 0.247666135430336
INFO:root:41
Train: 0.3113049566745758 VAL: 0.2420719563961029
INFO:root:42
Train: 0.3012268841266632 VAL: 0.24731037020683289
INFO:root:43
Train: 0.2888981103897095 VAL: 0.24212294816970825
INFO:root:44
Train: 0.3018677830696106 VAL: 0.2435580939054489
INFO:root:45
Train: 0.3102923631668091 VAL: 0.24802307784557343
INFO:root:46
Train: 0.31343814730644226 VAL: 0.24200496077537537
INFO:root:47
Train: 0.2874544560909271 VAL: 0.2430470585823059
INFO:root:48
Train: 0.2931782901287079 VAL: 0.2457692176103592
INFO:root:49
Train: 0.31320637464523315 VAL: 0.24987412989139557
INFO:root:50
Train: 0.29106882214546204 VAL: 0.24140800535678864
INFO:root:51
Train: 0.31090250611305237 VAL: 0.24420274794101715
INFO:root:52
Train: 0.3110712468624115 VAL: 0.2440035343170166
INFO:root:53
Train: 0.31065690517425537 VAL: 0.2421649545431137
INFO:root:54
Train: 0.28486761450767517 VAL: 0.24223841726779938
INFO:root:55
Train: 0.30707618594169617 VAL: 0.24232511222362518
INFO:root:56
Train: 0.3122519552707672 VAL: 0.24578224122524261
INFO:root:57
Train: 0.3083336651325226 VAL: 0.24662509560585022
INFO:root:58
Train: 0.30931374430656433 VAL: 0.23996780812740326
INFO:root:59
Train: 0.3096221387386322 VAL: 0.2476661056280136
INFO:root:60
Train: 0.291038453578949 VAL: 0.23955947160720825
INFO:root:61
Train: 0.28437504172325134 VAL: 0.24237073957920074
INFO:root:62
Train: 0.309450626373291 VAL: 0.2519182562828064
INFO:root:63
Train: 0.3042958676815033 VAL: 0.23947975039482117
INFO:root:64
Train: 0.30752062797546387 VAL: 0.2461020052433014
INFO:root:65
Train: 0.31155043840408325 VAL: 0.24093502759933472
INFO:root:66
Train: 0.29104289412498474 VAL: 0.24206773936748505
INFO:root:67
Train: 0.3022306263446808 VAL: 0.24131892621517181
INFO:root:68
Train: 0.3093569874763489 VAL: 0.2422638237476349
INFO:root:69
Train: 0.3004172444343567 VAL: 0.24096167087554932
INFO:root:70
Train: 0.30859920382499695 VAL: 0.23862381279468536
INFO:root:71
Train: 0.3031299412250519 VAL: 0.2439579963684082
INFO:root:72
Train: 0.3054264783859253 VAL: 0.23959915339946747
INFO:root:73
Train: 0.3044424057006836 VAL: 0.24409955739974976
INFO:root:74
Train: 0.3089737892150879 VAL: 0.24299661815166473
INFO:root:75
Train: 0.3076797425746918 VAL: 0.24020043015480042
INFO:root:76
Train: 0.30203381180763245 VAL: 0.2421238124370575
INFO:root:77
Train: 0.308917760848999 VAL: 0.24061273038387299
INFO:root:78
Train: 0.3085753619670868 VAL: 0.2388976365327835
INFO:root:79
Train: 0.3117114305496216 VAL: 0.26082244515419006
INFO:root:80
Train: 0.3000048100948334 VAL: 0.2376924604177475
INFO:root:81
Train: 0.30676957964897156 VAL: 0.2414967119693756
INFO:root:82
Train: 0.3046236038208008 VAL: 0.24654074013233185
INFO:root:83
Train: 0.30146780610084534 VAL: 0.23945806920528412
INFO:root:84
Train: 0.3069269061088562 VAL: 0.24542336165905
INFO:root:85
Train: 0.3078521192073822 VAL: 0.2376765012741089
INFO:root:86
Train: 0.30627763271331787 VAL: 0.24083881080150604
INFO:root:87
Train: 0.3108038008213043 VAL: 0.2568832039833069
INFO:root:88
Train: 0.3105168640613556 VAL: 0.23914365470409393
INFO:root:89
Train: 0.31288978457450867 VAL: 0.24547646939754486
INFO:root:90
Train: 0.31148970127105713 VAL: 0.2400360405445099
INFO:root:91
Train: 0.3075568377971649 VAL: 0.2446085512638092
INFO:root:92
Train: 0.3084452450275421 VAL: 0.2414475381374359
INFO:root:93
Train: 0.2975793480873108 VAL: 0.23959603905677795
INFO:root:94
Train: 0.2939392626285553 VAL: 0.23914775252342224
INFO:root:95
Train: 0.30542686581611633 VAL: 0.24089467525482178
INFO:root:96
Train: 0.2816750705242157 VAL: 0.23919972777366638
INFO:root:97
Train: 0.30579155683517456 VAL: 0.24322175979614258
INFO:root:98
Train: 0.30256029963493347 VAL: 0.23749610781669617
INFO:root:99
Train: 0.28804656863212585 VAL: 0.24307101964950562
INFO:root:100
Train: 0.2938489317893982 VAL: 0.23900537192821503
INFO:root:101
Train: 0.3045251667499542 VAL: 0.24282725155353546
INFO:root:102
Train: 0.2897551655769348 VAL: 0.23783636093139648
INFO:root:103
Train: 0.3009013533592224 VAL: 0.24092420935630798
INFO:root:104
Train: 0.3057561218738556 VAL: 0.24001754820346832
INFO:root:105
Train: 0.3042964041233063 VAL: 0.23989556729793549
INFO:root:106
Train: 0.30199432373046875 VAL: 0.24010783433914185
INFO:root:107
Train: 0.30222955346107483 VAL: 0.23825077712535858
INFO:root:108
Train: 0.29660704731941223 VAL: 0.23925110697746277
INFO:root:109
Train: 0.2971245050430298 VAL: 0.23778429627418518
INFO:root:110
Train: 0.291993647813797 VAL: 0.24001063406467438
INFO:root:111
Train: 0.303446501493454 VAL: 0.24139593541622162
INFO:root:112
Train: 0.27806341648101807 VAL: 0.2373453676700592
INFO:root:113
Train: 0.3025350868701935 VAL: 0.23965854942798615
INFO:root:114
Train: 0.2910235822200775 VAL: 0.23865821957588196
INFO:root:115
Train: 0.30535176396369934 VAL: 0.24098913371562958
INFO:root:116
Train: 0.297311007976532 VAL: 0.2393745630979538
INFO:root:117
Train: 0.29727664589881897 VAL: 0.23926015198230743
INFO:root:118
Train: 0.30589160323143005 VAL: 0.24038949608802795
INFO:root:119
Train: 0.3017352223396301 VAL: 0.23836807906627655
INFO:root:120
Train: 0.2971203029155731 VAL: 0.23944512009620667
INFO:root:121
Train: 0.30302971601486206 VAL: 0.23960503935813904
INFO:root:122
Train: 0.30242934823036194 VAL: 0.23925429582595825
INFO:root:123
Train: 0.2913012206554413 VAL: 0.23781399428844452
INFO:root:124
Train: 0.3027285933494568 VAL: 0.239964097738266
INFO:root:125
Train: 0.30252471566200256 VAL: 0.23914705216884613
INFO:root:126
Train: 0.30241432785987854 VAL: 0.2383226752281189
INFO:root:127
Train: 0.3038106858730316 VAL: 0.23829419910907745
INFO:root:128
Train: 0.2940230071544647 VAL: 0.23857071995735168
INFO:root:129
Train: 0.2944219410419464 VAL: 0.2379339337348938
INFO:root:130
Train: 0.3017217218875885 VAL: 0.23997458815574646
INFO:root:131
Train: 0.30276232957839966 VAL: 0.2395169883966446
INFO:root:132
Train: 0.30594509840011597 VAL: 0.23817600309848785
INFO:root:133
Train: 0.305169016122818 VAL: 0.23884724080562592
INFO:root:134
Train: 0.2948474884033203 VAL: 0.2388116717338562
INFO:root:135
Train: 0.28449520468711853 VAL: 0.23820358514785767
INFO:root:136
Train: 0.2922939956188202 VAL: 0.2376544177532196
INFO:root:137
Train: 0.2973420321941376 VAL: 0.23788991570472717
INFO:root:138
Train: 0.30329808592796326 VAL: 0.23837141692638397
INFO:root:139
Train: 0.2947113513946533 VAL: 0.23874832689762115
INFO:root:140
Train: 0.3033338487148285 VAL: 0.23920679092407227
INFO:root:141
Train: 0.3045257329940796 VAL: 0.23842936754226685
INFO:root:142
Train: 0.29746103286743164 VAL: 0.237910196185112
INFO:root:BEST VAL: 0.237910196185112 TEST : 0.41718077659606934
