INFO:root:Namespace(quiet=False, run_id=None, config=None, epochs=200, fold=3, batch_size=128, learn_rate=0.001, betas=(0.9, 0.999), weight_decay=0.001, hidden_size=32, kernel_init='skew-symmetric', note='', seed=None, nlayers=4, attn_head=4, latent_dim=64, dataset='ushcn')
INFO:root:{'input_dim': 5, 'attn_head': 4, 'latent_dim': 64, 'n_layers': 4, 'device': device(type='cuda')}
INFO:root:1
Train: 0.7616028189659119 VAL: 0.515334963798523
INFO:root:2
Train: 0.5575926899909973 VAL: 0.5375024676322937
INFO:root:3
Train: 0.501481831073761 VAL: 0.4213743805885315
INFO:root:4
Train: 0.3857194483280182 VAL: 0.3137187957763672
INFO:root:5
Train: 0.3583739697933197 VAL: 0.2998122274875641
INFO:root:6
Train: 0.343626469373703 VAL: 0.29437530040740967
INFO:root:7
Train: 0.3256664574146271 VAL: 0.28849005699157715
INFO:root:8
Train: 0.34479764103889465 VAL: 0.2991654872894287
INFO:root:9
Train: 0.3092060685157776 VAL: 0.302404522895813
INFO:root:10
Train: 0.32780900597572327 VAL: 0.29066091775894165
INFO:root:11
Train: 0.31328198313713074 VAL: 0.28424781560897827
INFO:root:12
Train: 0.30297407507896423 VAL: 0.28309738636016846
INFO:root:13
Train: 0.31457123160362244 VAL: 0.2903171181678772
INFO:root:14
Train: 0.3228912949562073 VAL: 0.29136261343955994
INFO:root:15
Train: 0.31442609429359436 VAL: 0.2909237742424011
INFO:root:16
Train: 0.3125028908252716 VAL: 0.28272590041160583
INFO:root:17
Train: 0.2950330674648285 VAL: 0.29031211137771606
INFO:root:18
Train: 0.3140619695186615 VAL: 0.28286612033843994
INFO:root:19
Train: 0.312664657831192 VAL: 0.29204779863357544
INFO:root:20
Train: 0.3112190067768097 VAL: 0.2806541919708252
INFO:root:21
Train: 0.28294262290000916 VAL: 0.28455424308776855
INFO:root:22
Train: 0.3119504451751709 VAL: 0.2786464989185333
INFO:root:23
Train: 0.30809059739112854 VAL: 0.28118932247161865
INFO:root:24
Train: 0.3102527856826782 VAL: 0.2772376835346222
INFO:root:25
Train: 0.3078014552593231 VAL: 0.2791370749473572
INFO:root:26
Train: 0.3074471950531006 VAL: 0.2762584090232849
INFO:root:27
Train: 0.3067954480648041 VAL: 0.28040993213653564
INFO:root:28
Train: 0.30775511264801025 VAL: 0.2777315378189087
INFO:root:29
Train: 0.3089626729488373 VAL: 0.27726322412490845
INFO:root:30
Train: 0.30962902307510376 VAL: 0.2813724875450134
INFO:root:31
Train: 0.30406054854393005 VAL: 0.27705007791519165
INFO:root:32
Train: 0.3050856292247772 VAL: 0.28045374155044556
INFO:root:33
Train: 0.30323904752731323 VAL: 0.27995139360427856
INFO:root:34
Train: 0.301864355802536 VAL: 0.28727102279663086
INFO:root:35
Train: 0.314730167388916 VAL: 0.27760547399520874
INFO:root:36
Train: 0.29720911383628845 VAL: 0.2729102373123169
INFO:root:37
Train: 0.3001563847064972 VAL: 0.2739117741584778
INFO:root:38
Train: 0.29155638813972473 VAL: 0.27659910917282104
INFO:root:39
Train: 0.3092770278453827 VAL: 0.2750237286090851
INFO:root:40
Train: 0.31703507900238037 VAL: 0.27905452251434326
INFO:root:41
Train: 0.29592278599739075 VAL: 0.27352654933929443
INFO:root:42
Train: 0.31473508477211 VAL: 0.27640917897224426
INFO:root:43
Train: 0.3209305703639984 VAL: 0.28259289264678955
INFO:root:44
Train: 0.30624768137931824 VAL: 0.2792966067790985
INFO:root:45
Train: 0.31500664353370667 VAL: 0.27456071972846985
INFO:root:46
Train: 0.3051173985004425 VAL: 0.27695876359939575
INFO:root:47
Train: 0.31668227910995483 VAL: 0.2841343283653259
INFO:root:48
Train: 0.3053736090660095 VAL: 0.27395516633987427
INFO:root:49
Train: 0.30185437202453613 VAL: 0.2718506455421448
INFO:root:50
Train: 0.3063284456729889 VAL: 0.275460422039032
INFO:root:51
Train: 0.3049064874649048 VAL: 0.2741421163082123
INFO:root:52
Train: 0.3032606840133667 VAL: 0.2736489176750183
INFO:root:53
Train: 0.30081015825271606 VAL: 0.27158236503601074
INFO:root:54
Train: 0.2954385578632355 VAL: 0.2727641761302948
INFO:root:55
Train: 0.3010313808917999 VAL: 0.27515125274658203
INFO:root:56
Train: 0.2923136055469513 VAL: 0.27264368534088135
INFO:root:57
Train: 0.2814960181713104 VAL: 0.2739686965942383
INFO:root:58
Train: 0.29486390948295593 VAL: 0.27323979139328003
INFO:root:59
Train: 0.3004574775695801 VAL: 0.27624350786209106
INFO:root:60
Train: 0.2966524064540863 VAL: 0.27074703574180603
INFO:root:61
Train: 0.29455533623695374 VAL: 0.274065226316452
INFO:root:62
Train: 0.2949594557285309 VAL: 0.2769424617290497
INFO:root:63
Train: 0.2961141765117645 VAL: 0.2758132219314575
INFO:root:64
Train: 0.28425896167755127 VAL: 0.271934449672699
INFO:root:65
Train: 0.29528751969337463 VAL: 0.27293452620506287
INFO:root:66
Train: 0.2936643064022064 VAL: 0.2741014063358307
INFO:root:67
Train: 0.27689382433891296 VAL: 0.27385368943214417
INFO:root:68
Train: 0.30243489146232605 VAL: 0.2830284535884857
INFO:root:69
Train: 0.29684770107269287 VAL: 0.2735726237297058
INFO:root:70
Train: 0.29923853278160095 VAL: 0.2809697389602661
INFO:root:71
Train: 0.2966899573802948 VAL: 0.27590706944465637
INFO:root:72
Train: 0.2981753945350647 VAL: 0.27864623069763184
INFO:root:73
Train: 0.29437267780303955 VAL: 0.27487102150917053
INFO:root:74
Train: 0.29779425263404846 VAL: 0.2772284150123596
INFO:root:75
Train: 0.2954223155975342 VAL: 0.2733551859855652
INFO:root:76
Train: 0.29241514205932617 VAL: 0.2732316851615906
INFO:root:77
Train: 0.2961418032646179 VAL: 0.2779363691806793
INFO:root:78
Train: 0.2957145869731903 VAL: 0.2723662257194519
INFO:root:79
Train: 0.29566851258277893 VAL: 0.2744936943054199
INFO:root:80
Train: 0.29358187317848206 VAL: 0.27665454149246216
INFO:root:81
Train: 0.2938295900821686 VAL: 0.27317675948143005
INFO:root:82
Train: 0.29050466418266296 VAL: 0.27605125308036804
INFO:root:83
Train: 0.29338574409484863 VAL: 0.2768884301185608
INFO:root:84
Train: 0.29223814606666565 VAL: 0.27374622225761414
INFO:root:85
Train: 0.29311051964759827 VAL: 0.2746346592903137
INFO:root:86
Train: 0.27005860209465027 VAL: 0.274696946144104
INFO:root:87
Train: 0.2836477756500244 VAL: 0.2742033004760742
INFO:root:88
Train: 0.2928362488746643 VAL: 0.2755962312221527
INFO:root:89
Train: 0.2753811180591583 VAL: 0.2764891982078552
INFO:root:90
Train: 0.2943477928638458 VAL: 0.2733900547027588
INFO:root:BEST VAL: 0.2733900547027588 TEST : 0.24308541417121887
INFO:root:Namespace(quiet=False, run_id=None, config=None, epochs=200, fold=3, batch_size=64, learn_rate=0.001, betas=(0.9, 0.999), weight_decay=0.001, hidden_size=32, kernel_init='skew-symmetric', note='', seed=None, nlayers=4, attn_head=4, latent_dim=64, dataset='mimiciv')
INFO:root:{'input_dim': 100, 'attn_head': 4, 'latent_dim': 64, 'n_layers': 4, 'device': device(type='cuda')}
INFO:root:1
Train: 0.3605453372001648 VAL: 0.33626651763916016
INFO:root:2
Train: 0.29689717292785645 VAL: 0.2744988203048706
INFO:root:3
Train: 0.26781338453292847 VAL: 0.257828950881958
INFO:root:4
Train: 0.25668826699256897 VAL: 0.254925012588501
INFO:root:5
Train: 0.24921971559524536 VAL: 0.24582771956920624
INFO:root:6
Train: 0.24530154466629028 VAL: 0.24861302971839905
INFO:root:7
Train: 0.24725177884101868 VAL: 0.24845629930496216
INFO:root:8
Train: 0.24152898788452148 VAL: 0.24132686853408813
INFO:root:9
Train: 0.2379591166973114 VAL: 0.23960599303245544
INFO:root:10
Train: 0.23638898134231567 VAL: 0.24470475316047668
INFO:root:11
Train: 0.23394007980823517 VAL: 0.24788495898246765
INFO:root:12
Train: 0.23281796276569366 VAL: 0.2490500956773758
INFO:root:13
Train: 0.22891923785209656 VAL: 0.2388826459646225
INFO:root:14
Train: 0.22681717574596405 VAL: 0.23806549608707428
INFO:root:15
Train: 0.22794625163078308 VAL: 0.23715290427207947
INFO:root:16
Train: 0.2243751585483551 VAL: 0.24051447212696075
INFO:root:17
Train: 0.22401952743530273 VAL: 0.23747703433036804
INFO:root:18
Train: 0.22140160202980042 VAL: 0.23019817471504211
INFO:root:19
Train: 0.22137491405010223 VAL: 0.23764659464359283
INFO:root:20
Train: 0.21840700507164001 VAL: 0.24053612351417542
INFO:root:21
Train: 0.21681737899780273 VAL: 0.2326427847146988
INFO:root:22
Train: 0.21675796806812286 VAL: 0.23909251391887665
INFO:root:23
Train: 0.21918804943561554 VAL: 0.23191185295581818
INFO:root:24
Train: 0.21552665531635284 VAL: 0.23372721672058105
INFO:root:25
Train: 0.21264922618865967 VAL: 0.23922385275363922
INFO:root:26
Train: 0.20952314138412476 VAL: 0.22911667823791504
INFO:root:27
Train: 0.2063569724559784 VAL: 0.22985529899597168
INFO:root:28
Train: 0.20499864220619202 VAL: 0.23359796404838562
INFO:root:29
Train: 0.20463190972805023 VAL: 0.22549010813236237
INFO:root:30
Train: 0.20656175911426544 VAL: 0.22447264194488525
INFO:root:31
Train: 0.20652168989181519 VAL: 0.2335379719734192
INFO:root:32
Train: 0.20240719616413116 VAL: 0.22941672801971436
INFO:root:33
Train: 0.20168033242225647 VAL: 0.2266024351119995
INFO:root:34
Train: 0.1952299028635025 VAL: 0.231209397315979
INFO:root:35
Train: 0.19281001389026642 VAL: 0.22588573396205902
INFO:root:36
Train: 0.19287633895874023 VAL: 0.23199167847633362
INFO:root:37
Train: 0.191497802734375 VAL: 0.23689422011375427
INFO:root:38
Train: 0.18728908896446228 VAL: 0.23922231793403625
INFO:root:39
Train: 0.18910445272922516 VAL: 0.24249613285064697
INFO:root:40
Train: 0.18957890570163727 VAL: 0.23723754286766052
INFO:root:41
Train: 0.18472152948379517 VAL: 0.23198747634887695
INFO:root:42
Train: 0.16838951408863068 VAL: 0.23387373983860016
INFO:root:43
Train: 0.16080132126808167 VAL: 0.23172934353351593
INFO:root:44
Train: 0.15640047192573547 VAL: 0.23729388415813446
INFO:root:45
Train: 0.1522141546010971 VAL: 0.24536293745040894
INFO:root:46
Train: 0.14934498071670532 VAL: 0.24049970507621765
INFO:root:47
Train: 0.14695951342582703 VAL: 0.24505025148391724
INFO:root:48
Train: 0.14268623292446136 VAL: 0.24305345118045807
INFO:root:49
Train: 0.13992545008659363 VAL: 0.2467978596687317
INFO:root:50
Train: 0.14045856893062592 VAL: 0.2488524317741394
INFO:root:51
Train: 0.13456439971923828 VAL: 0.248399019241333
INFO:root:52
Train: 0.13241656124591827 VAL: 0.2490195780992508
INFO:root:53
Train: 0.12081656605005264 VAL: 0.25326329469680786
INFO:root:54
Train: 0.11227665096521378 VAL: 0.2617175281047821
INFO:root:55
Train: 0.10862492024898529 VAL: 0.2587997019290924
INFO:root:56
Train: 0.10608697682619095 VAL: 0.26163801550865173
INFO:root:57
Train: 0.10358120501041412 VAL: 0.26227545738220215
INFO:root:58
Train: 0.10088681429624557 VAL: 0.26722076535224915
INFO:root:59
Train: 0.09849542379379272 VAL: 0.2684781849384308
INFO:root:60
Train: 0.0958867073059082 VAL: 0.2700890600681305
INFO:root:BEST VAL: 0.2700890600681305 TEST : 0.22328683733940125
