INFO:root:Namespace(quiet=False, run_id=None, config=None, epochs=200, fold=1, batch_size=128, learn_rate=0.001, betas=(0.9, 0.999), weight_decay=0.001, hidden_size=32, kernel_init='skew-symmetric', note='', seed=None, nlayers=1, attn_head=4, latent_dim=64, dataset='ushcn')
INFO:root:{'input_dim': 5, 'attn_head': 4, 'latent_dim': 64, 'n_layers': 1, 'device': device(type='cuda')}
INFO:root:1
Train: 0.6658361554145813 VAL: 0.6171526312828064
INFO:root:2
Train: 0.5037434101104736 VAL: 0.5401737689971924
INFO:root:3
Train: 0.4468606412410736 VAL: 0.4878096580505371
INFO:root:4
Train: 0.3624788224697113 VAL: 0.4445224404335022
INFO:root:5
Train: 0.35687121748924255 VAL: 0.41510558128356934
INFO:root:6
Train: 0.3133428692817688 VAL: 0.40028470754623413
INFO:root:7
Train: 0.29538658261299133 VAL: 0.4179282784461975
INFO:root:8
Train: 0.3029797673225403 VAL: 0.3958297371864319
INFO:root:9
Train: 0.2849791646003723 VAL: 0.38452208042144775
INFO:root:10
Train: 0.2909452021121979 VAL: 0.3911290764808655
INFO:root:11
Train: 0.2892318069934845 VAL: 0.38730746507644653
INFO:root:12
Train: 0.29236188530921936 VAL: 0.3826545476913452
INFO:root:13
Train: 0.28901827335357666 VAL: 0.38688331842422485
INFO:root:14
Train: 0.26760634779930115 VAL: 0.38045355677604675
INFO:root:15
Train: 0.2843019962310791 VAL: 0.3796271085739136
INFO:root:16
Train: 0.2816447615623474 VAL: 0.37953969836235046
INFO:root:17
Train: 0.286474347114563 VAL: 0.3975973427295685
INFO:root:18
Train: 0.28858309984207153 VAL: 0.3775216341018677
INFO:root:19
Train: 0.26622381806373596 VAL: 0.37644797563552856
INFO:root:20
Train: 0.2757717967033386 VAL: 0.38677170872688293
INFO:root:21
Train: 0.2819236218929291 VAL: 0.3804692029953003
INFO:root:22
Train: 0.28728118538856506 VAL: 0.3761025667190552
INFO:root:23
Train: 0.28230130672454834 VAL: 0.3806641101837158
INFO:root:24
Train: 0.28154247999191284 VAL: 0.37764137983322144
INFO:root:25
Train: 0.26420873403549194 VAL: 0.3773498237133026
INFO:root:26
Train: 0.2715364992618561 VAL: 0.3819634020328522
INFO:root:27
Train: 0.2783425450325012 VAL: 0.3768354058265686
INFO:root:28
Train: 0.27644309401512146 VAL: 0.37851130962371826
INFO:root:29
Train: 0.2788031995296478 VAL: 0.3754449784755707
INFO:root:30
Train: 0.2736987769603729 VAL: 0.37646764516830444
INFO:root:31
Train: 0.28165510296821594 VAL: 0.3758142590522766
INFO:root:32
Train: 0.28120580315589905 VAL: 0.37610310316085815
INFO:root:33
Train: 0.27734142541885376 VAL: 0.38347434997558594
INFO:root:34
Train: 0.27244019508361816 VAL: 0.37885478138923645
INFO:root:35
Train: 0.2786161005496979 VAL: 0.37545323371887207
INFO:root:36
Train: 0.2759205996990204 VAL: 0.381158709526062
INFO:root:37
Train: 0.28863605856895447 VAL: 0.38245221972465515
INFO:root:38
Train: 0.28432726860046387 VAL: 0.37589240074157715
INFO:root:39
Train: 0.25455477833747864 VAL: 0.38825175166130066
INFO:root:40
Train: 0.27852168679237366 VAL: 0.3838806748390198
INFO:root:41
Train: 0.2804248034954071 VAL: 0.3790486752986908
INFO:root:42
Train: 0.27930065989494324 VAL: 0.37901949882507324
INFO:root:43
Train: 0.27739596366882324 VAL: 0.3739877939224243
INFO:root:44
Train: 0.27894535660743713 VAL: 0.3787662386894226
INFO:root:45
Train: 0.27297091484069824 VAL: 0.37429267168045044
INFO:root:46
Train: 0.27577486634254456 VAL: 0.3743296265602112
INFO:root:47
Train: 0.26799967885017395 VAL: 0.3751407861709595
INFO:root:48
Train: 0.26858237385749817 VAL: 0.378642737865448
INFO:root:49
Train: 0.2781302332878113 VAL: 0.37582433223724365
INFO:root:50
Train: 0.2765800654888153 VAL: 0.37613189220428467
INFO:root:51
Train: 0.2744104862213135 VAL: 0.37491506338119507
INFO:root:52
Train: 0.27139124274253845 VAL: 0.3779330849647522
INFO:root:53
Train: 0.27138546109199524 VAL: 0.3747861981391907
INFO:root:54
Train: 0.2670951187610626 VAL: 0.37771135568618774
INFO:root:55
Train: 0.247836172580719 VAL: 0.3751334547996521
INFO:root:56
Train: 0.2728869915008545 VAL: 0.37554115056991577
INFO:root:57
Train: 0.2728143632411957 VAL: 0.37639981508255005
INFO:root:58
Train: 0.25626567006111145 VAL: 0.3759494423866272
INFO:root:59
Train: 0.27010905742645264 VAL: 0.3759506344795227
INFO:root:60
Train: 0.27562737464904785 VAL: 0.37602823972702026
INFO:root:61
Train: 0.2717645466327667 VAL: 0.3751205801963806
INFO:root:62
Train: 0.274277925491333 VAL: 0.37511563301086426
INFO:root:63
Train: 0.27717673778533936 VAL: 0.3759445250034332
INFO:root:64
Train: 0.25880512595176697 VAL: 0.37510424852371216
INFO:root:65
Train: 0.24869346618652344 VAL: 0.37794041633605957
INFO:root:66
Train: 0.27260854840278625 VAL: 0.3756405711174011
INFO:root:67
Train: 0.27646946907043457 VAL: 0.3751949369907379
INFO:root:68
Train: 0.25695493817329407 VAL: 0.37545424699783325
INFO:root:69
Train: 0.2647036015987396 VAL: 0.3762431740760803
INFO:root:70
Train: 0.27420467138290405 VAL: 0.3757149577140808
INFO:root:71
Train: 0.2707124948501587 VAL: 0.37465745210647583
INFO:root:72
Train: 0.2748086154460907 VAL: 0.37491828203201294
INFO:root:73
Train: 0.2543027102947235 VAL: 0.3757380247116089
INFO:root:BEST VAL: 0.3757380247116089 TEST : 0.2536284327507019
