INFO:root:Namespace(quiet=False, run_id=None, config=None, epochs=200, fold=3, batch_size=128, learn_rate=0.001, betas=(0.9, 0.999), weight_decay=0.001, hidden_size=32, kernel_init='skew-symmetric', note='', seed=None, nlayers=4, attn_head=1, latent_dim=64, dataset='physionet2012')
INFO:root:{'input_dim': 37, 'attn_head': 1, 'latent_dim': 64, 'n_layers': 4, 'device': device(type='cuda')}
INFO:root:1
Train: 0.4778278172016144 VAL: 0.3530745208263397
INFO:root:2
Train: 0.32277488708496094 VAL: 0.3006976842880249
INFO:root:3
Train: 0.302379846572876 VAL: 0.2967393398284912
INFO:root:4
Train: 0.29847365617752075 VAL: 0.294013112783432
INFO:root:5
Train: 0.29927265644073486 VAL: 0.29578566551208496
INFO:root:6
Train: 0.2969944179058075 VAL: 0.30042487382888794
INFO:root:7
Train: 0.29502829909324646 VAL: 0.29773375391960144
INFO:root:8
Train: 0.29426711797714233 VAL: 0.2941966950893402
INFO:root:9
Train: 0.2935281991958618 VAL: 0.2994835674762726
INFO:root:10
Train: 0.2940234839916229 VAL: 0.2915046215057373
INFO:root:11
Train: 0.29247066378593445 VAL: 0.29410356283187866
INFO:root:12
Train: 0.29104718565940857 VAL: 0.2922825217247009
INFO:root:13
Train: 0.28911831974983215 VAL: 0.2917056679725647
INFO:root:14
Train: 0.28936058282852173 VAL: 0.29245293140411377
INFO:root:15
Train: 0.29014143347740173 VAL: 0.28988316655158997
INFO:root:16
Train: 0.28898102045059204 VAL: 0.29022645950317383
INFO:root:17
Train: 0.28888675570487976 VAL: 0.29237133264541626
INFO:root:18
Train: 0.2896561622619629 VAL: 0.29203349351882935
INFO:root:19
Train: 0.28692391514778137 VAL: 0.29096919298171997
INFO:root:20
Train: 0.28668636083602905 VAL: 0.29065197706222534
INFO:root:21
Train: 0.2869910001754761 VAL: 0.2895175814628601
INFO:root:22
Train: 0.2857776880264282 VAL: 0.2882712483406067
INFO:root:23
Train: 0.28369244933128357 VAL: 0.2874943017959595
INFO:root:24
Train: 0.28454336524009705 VAL: 0.2885535955429077
INFO:root:25
Train: 0.28518521785736084 VAL: 0.29057061672210693
INFO:root:26
Train: 0.2838347256183624 VAL: 0.2884443998336792
INFO:root:27
Train: 0.2828255891799927 VAL: 0.2885671555995941
INFO:root:28
Train: 0.28237053751945496 VAL: 0.2864481508731842
INFO:root:29
Train: 0.2810598313808441 VAL: 0.2901368737220764
INFO:root:30
Train: 0.28082773089408875 VAL: 0.2886140048503876
INFO:root:31
Train: 0.28107985854148865 VAL: 0.28940334916114807
INFO:root:32
Train: 0.2797890603542328 VAL: 0.287009596824646
INFO:root:33
Train: 0.2791256606578827 VAL: 0.2888379693031311
INFO:root:34
Train: 0.28028738498687744 VAL: 0.28754472732543945
INFO:root:35
Train: 0.2797289192676544 VAL: 0.29314324259757996
INFO:root:36
Train: 0.27835506200790405 VAL: 0.289723664522171
INFO:root:37
Train: 0.2774539589881897 VAL: 0.29061758518218994
INFO:root:38
Train: 0.2773057222366333 VAL: 0.28854697942733765
INFO:root:39
Train: 0.2744038701057434 VAL: 0.29242193698883057
INFO:root:40
Train: 0.27035629749298096 VAL: 0.2867047190666199
INFO:root:41
Train: 0.26824498176574707 VAL: 0.28715458512306213
INFO:root:42
Train: 0.26707398891448975 VAL: 0.28810256719589233
INFO:root:43
Train: 0.26495105028152466 VAL: 0.29171061515808105
INFO:root:44
Train: 0.2650051414966583 VAL: 0.2892087399959564
INFO:root:45
Train: 0.2644693851470947 VAL: 0.2877556085586548
INFO:root:46
Train: 0.26343202590942383 VAL: 0.2924240231513977
INFO:root:47
Train: 0.2630785405635834 VAL: 0.29226449131965637
INFO:root:48
Train: 0.2610129117965698 VAL: 0.2952991724014282
INFO:root:49
Train: 0.2591819763183594 VAL: 0.2921559512615204
INFO:root:50
Train: 0.25775033235549927 VAL: 0.2898305654525757
INFO:root:51
Train: 0.2525703012943268 VAL: 0.29113447666168213
INFO:root:52
Train: 0.25101426243782043 VAL: 0.29216468334198
INFO:root:53
Train: 0.2498904913663864 VAL: 0.2928972840309143
INFO:root:54
Train: 0.24825653433799744 VAL: 0.2931126654148102
INFO:root:55
Train: 0.24739202857017517 VAL: 0.2961263060569763
INFO:root:56
Train: 0.24591152369976044 VAL: 0.2957886755466461
INFO:root:57
Train: 0.24483375251293182 VAL: 0.29661092162132263
INFO:root:58
Train: 0.24373432993888855 VAL: 0.2975555658340454
INFO:root:BEST VAL: 0.2975555658340454 TEST : 0.28770583868026733
