INFO:root:Namespace(quiet=False, run_id=None, config=None, epochs=200, fold=3, batch_size=128, learn_rate=0.001, betas=(0.9, 0.999), weight_decay=0.001, hidden_size=32, kernel_init='skew-symmetric', note='', seed=None, nlayers=1, attn_head=4, latent_dim=256, dataset='ushcn')
INFO:root:{'input_dim': 5, 'attn_head': 4, 'latent_dim': 256, 'n_layers': 1, 'device': device(type='cuda')}
INFO:root:1
Train: 3.154240369796753 VAL: 0.5592629909515381
INFO:root:2
Train: 0.9513400197029114 VAL: 1.147338628768921
INFO:root:3
Train: 0.7535107731819153 VAL: 0.5929340124130249
INFO:root:4
Train: 0.547045886516571 VAL: 0.40439045429229736
INFO:root:5
Train: 0.418319970369339 VAL: 0.3243265748023987
INFO:root:6
Train: 0.36008310317993164 VAL: 0.3079763650894165
INFO:root:7
Train: 0.3432149887084961 VAL: 0.3026942312717438
INFO:root:8
Train: 0.33170732855796814 VAL: 0.30064713954925537
INFO:root:9
Train: 0.34507834911346436 VAL: 0.3041582703590393
INFO:root:10
Train: 0.3232733905315399 VAL: 0.28913766145706177
INFO:root:11
Train: 0.3166067898273468 VAL: 0.2842636704444885
INFO:root:12
Train: 0.3156977891921997 VAL: 0.28484079241752625
INFO:root:13
Train: 0.3167695701122284 VAL: 0.28312355279922485
INFO:root:14
Train: 0.31313732266426086 VAL: 0.2811424136161804
INFO:root:15
Train: 0.31323108077049255 VAL: 0.2815627455711365
INFO:root:16
Train: 0.3067181408405304 VAL: 0.28225862979888916
INFO:root:17
Train: 0.2710009217262268 VAL: 0.28206297755241394
INFO:root:18
Train: 0.30572834610939026 VAL: 0.2799728512763977
INFO:root:19
Train: 0.2962699234485626 VAL: 0.2796940803527832
INFO:root:20
Train: 0.3125244379043579 VAL: 0.28944844007492065
INFO:root:21
Train: 0.3110472857952118 VAL: 0.2799140214920044
INFO:root:22
Train: 0.28970202803611755 VAL: 0.297473669052124
INFO:root:23
Train: 0.3253682255744934 VAL: 0.2902701497077942
INFO:root:24
Train: 0.3160892724990845 VAL: 0.28610390424728394
INFO:root:25
Train: 0.31721368432044983 VAL: 0.28481510281562805
INFO:root:26
Train: 0.3114364445209503 VAL: 0.2822815179824829
INFO:root:27
Train: 0.32141757011413574 VAL: 0.28257784247398376
INFO:root:28
Train: 0.3161947727203369 VAL: 0.2839754521846771
INFO:root:29
Train: 0.313142329454422 VAL: 0.28332602977752686
INFO:root:30
Train: 0.310589462518692 VAL: 0.279151052236557
INFO:root:31
Train: 0.3052304685115814 VAL: 0.28009772300720215
INFO:root:32
Train: 0.30986979603767395 VAL: 0.2883811593055725
INFO:root:33
Train: 0.27478983998298645 VAL: 0.28012603521347046
INFO:root:34
Train: 0.31238916516304016 VAL: 0.28035950660705566
INFO:root:35
Train: 0.3085334897041321 VAL: 0.2798989415168762
INFO:root:36
Train: 0.30375146865844727 VAL: 0.2833921015262604
INFO:root:37
Train: 0.30790722370147705 VAL: 0.280459463596344
INFO:root:38
Train: 0.3046637773513794 VAL: 0.28261300921440125
INFO:root:39
Train: 0.3135656416416168 VAL: 0.2837817072868347
INFO:root:40
Train: 0.30576834082603455 VAL: 0.2812432050704956
INFO:root:41
Train: 0.3004513680934906 VAL: 0.28082799911499023
INFO:root:42
Train: 0.29327574372291565 VAL: 0.27864983677864075
INFO:root:43
Train: 0.2900909185409546 VAL: 0.2811287045478821
INFO:root:44
Train: 0.3073444962501526 VAL: 0.28484058380126953
INFO:root:45
Train: 0.30160829424858093 VAL: 0.2828434705734253
INFO:root:46
Train: 0.3082762062549591 VAL: 0.2779863476753235
INFO:root:47
Train: 0.2860710918903351 VAL: 0.27842777967453003
INFO:root:48
Train: 0.3062751591205597 VAL: 0.27800294756889343
INFO:root:49
Train: 0.3047313988208771 VAL: 0.28013700246810913
INFO:root:50
Train: 0.30779406428337097 VAL: 0.2784690260887146
INFO:root:51
Train: 0.30147311091423035 VAL: 0.2839656174182892
INFO:root:52
Train: 0.29869189858436584 VAL: 0.28068336844444275
INFO:root:Namespace(quiet=False, run_id=None, config=None, epochs=200, fold=3, batch_size=128, learn_rate=0.001, betas=(0.9, 0.999), weight_decay=0.001, hidden_size=32, kernel_init='skew-symmetric', note='', seed=None, nlayers=1, attn_head=4, latent_dim=256, dataset='ushcn')
INFO:root:{'input_dim': 5, 'attn_head': 4, 'latent_dim': 256, 'n_layers': 1, 'device': device(type='cuda')}
INFO:root:1
Train: 3.135995626449585 VAL: 0.5424021482467651
INFO:root:2
Train: 0.9012133479118347 VAL: 0.8256518840789795
INFO:root:3
Train: 0.6105728149414062 VAL: 0.442696750164032
INFO:root:4
Train: 0.4838693141937256 VAL: 0.4703199565410614
INFO:root:5
Train: 0.4438837766647339 VAL: 0.31586259603500366
INFO:root:6
Train: 0.3659656047821045 VAL: 0.3531908392906189
INFO:root:7
Train: 0.363182932138443 VAL: 0.3450951874256134
INFO:root:8
Train: 0.3582540452480316 VAL: 0.2999303638935089
INFO:root:9
Train: 0.33112236857414246 VAL: 0.303069144487381
INFO:root:10
Train: 0.33240941166877747 VAL: 0.2942863702774048
INFO:root:11
Train: 0.28517383337020874 VAL: 0.28921595215797424
INFO:root:12
Train: 0.2982230484485626 VAL: 0.29073986411094666
INFO:root:13
Train: 0.31422391533851624 VAL: 0.2840695083141327
INFO:root:14
Train: 0.3116956651210785 VAL: 0.2847989797592163
INFO:root:15
Train: 0.293880820274353 VAL: 0.28152990341186523
INFO:root:16
Train: 0.2699171304702759 VAL: 0.28550466895103455
INFO:root:17
Train: 0.29999789595603943 VAL: 0.2800731956958771
INFO:root:18
Train: 0.3067229688167572 VAL: 0.2799643278121948
INFO:root:19
Train: 0.30639562010765076 VAL: 0.2791402041912079
INFO:root:20
Train: 0.2916179895401001 VAL: 0.28169581294059753
INFO:root:21
Train: 0.2806261479854584 VAL: 0.2811264991760254
INFO:root:22
Train: 0.31391167640686035 VAL: 0.27997416257858276
INFO:root:23
Train: 0.2831752598285675 VAL: 0.27958500385284424
INFO:root:24
Train: 0.3035393953323364 VAL: 0.2788611650466919
INFO:root:25
Train: 0.29334351420402527 VAL: 0.2808989882469177
INFO:root:26
Train: 0.3036104142665863 VAL: 0.28023430705070496
INFO:root:27
Train: 0.31435707211494446 VAL: 0.2799414098262787
INFO:root:28
Train: 0.2965131998062134 VAL: 0.2800336480140686
INFO:root:29
Train: 0.30994850397109985 VAL: 0.28612515330314636
INFO:root:30
Train: 0.3079970180988312 VAL: 0.2829585671424866
INFO:root:31
Train: 0.3119802474975586 VAL: 0.28040826320648193
INFO:root:32
Train: 0.31380870938301086 VAL: 0.2865006923675537
INFO:root:33
Train: 0.3206389844417572 VAL: 0.28861749172210693
INFO:root:34
Train: 0.3122757375240326 VAL: 0.28412383794784546
INFO:root:35
Train: 0.29177573323249817 VAL: 0.2826671004295349
INFO:root:36
Train: 0.29500797390937805 VAL: 0.27991950511932373
INFO:root:37
Train: 0.3015153706073761 VAL: 0.2847125232219696
INFO:root:38
Train: 0.30885228514671326 VAL: 0.28585153818130493
INFO:root:39
Train: 0.2837050259113312 VAL: 0.28074660897254944
INFO:root:40
Train: 0.30512747168540955 VAL: 0.27993839979171753
INFO:root:41
Train: 0.2972047030925751 VAL: 0.27952060103416443
INFO:root:42
Train: 0.3079424202442169 VAL: 0.28033122420310974
INFO:root:43
Train: 0.3028990924358368 VAL: 0.2813017964363098
INFO:root:44
Train: 0.29954952001571655 VAL: 0.27997326850891113
INFO:root:45
Train: 0.3048432171344757 VAL: 0.2803393304347992
INFO:root:46
Train: 0.30620241165161133 VAL: 0.2813093662261963
INFO:root:47
Train: 0.2977336347103119 VAL: 0.2803756892681122
INFO:root:48
Train: 0.30189648270606995 VAL: 0.27939194440841675
INFO:root:49
Train: 0.30334892868995667 VAL: 0.2793125808238983
INFO:root:50
Train: 0.3020743131637573 VAL: 0.27914854884147644
INFO:root:51
Train: 0.28033748269081116 VAL: 0.2795470356941223
INFO:root:52
Train: 0.30416327714920044 VAL: 0.2796463966369629
INFO:root:53
Train: 0.28389376401901245 VAL: 0.27947330474853516
INFO:root:54
Train: 0.2958434820175171 VAL: 0.28090232610702515
INFO:root:BEST VAL: 0.28090232610702515 TEST : 0.2584626078605652
