INFO:root:Namespace(quiet=False, run_id=None, config=None, epochs=200, fold=1, batch_size=128, learn_rate=0.001, betas=(0.9, 0.999), weight_decay=0.001, hidden_size=32, kernel_init='skew-symmetric', note='', seed=None, nlayers=4, attn_head=4, latent_dim=128, dataset='ushcn')
INFO:root:{'input_dim': 5, 'attn_head': 4, 'latent_dim': 128, 'n_layers': 4, 'device': device(type='cuda')}
INFO:root:1
Train: 2.705603837966919 VAL: 0.8242208957672119
INFO:root:2
Train: 0.5944821834564209 VAL: 0.6620795726776123
INFO:root:3
Train: 0.6215190291404724 VAL: 0.5305342078208923
INFO:root:4
Train: 0.484537810087204 VAL: 0.46638089418411255
INFO:root:5
Train: 0.35669317841529846 VAL: 0.44427308440208435
INFO:root:6
Train: 0.3596917390823364 VAL: 0.41342225670814514
INFO:root:7
Train: 0.3348347246646881 VAL: 0.41711270809173584
INFO:root:8
Train: 0.3362479507923126 VAL: 0.3992399275302887
INFO:root:9
Train: 0.3241483271121979 VAL: 0.3843214213848114
INFO:root:10
Train: 0.2907610237598419 VAL: 0.3852073550224304
INFO:root:11
Train: 0.32328012585639954 VAL: 0.3961644470691681
INFO:root:12
Train: 0.3230970799922943 VAL: 0.39062029123306274
INFO:root:13
Train: 0.30563971400260925 VAL: 0.3857455253601074
INFO:root:14
Train: 0.28622376918792725 VAL: 0.37960678339004517
INFO:root:15
Train: 0.29156798124313354 VAL: 0.38074392080307007
INFO:root:16
Train: 0.29778966307640076 VAL: 0.38057905435562134
INFO:root:17
Train: 0.28606149554252625 VAL: 0.38045355677604675
INFO:root:18
Train: 0.28365838527679443 VAL: 0.3778710663318634
INFO:root:19
Train: 0.2626829743385315 VAL: 0.3738916218280792
INFO:root:20
Train: 0.2889145314693451 VAL: 0.37904661893844604
INFO:root:21
Train: 0.2834640443325043 VAL: 0.37941014766693115
INFO:root:22
Train: 0.28558194637298584 VAL: 0.3786793649196625
INFO:root:23
Train: 0.2786741256713867 VAL: 0.3739585876464844
INFO:root:24
Train: 0.28194138407707214 VAL: 0.3777013421058655
INFO:root:25
Train: 0.2612204849720001 VAL: 0.3803880512714386
INFO:root:26
Train: 0.27334341406822205 VAL: 0.3745136559009552
INFO:root:27
Train: 0.2824142873287201 VAL: 0.37888723611831665
INFO:root:Namespace(quiet=False, run_id=None, config=None, epochs=200, fold=1, batch_size=128, learn_rate=0.001, betas=(0.9, 0.999), weight_decay=0.001, hidden_size=32, kernel_init='skew-symmetric', note='', seed=None, nlayers=4, attn_head=4, latent_dim=128, dataset='ushcn')
INFO:root:{'input_dim': 5, 'attn_head': 4, 'latent_dim': 128, 'n_layers': 4, 'device': device(type='cuda')}
INFO:root:1
Train: 3.432004928588867 VAL: 0.7493042349815369
INFO:root:2
Train: 0.6169638633728027 VAL: 0.6287069320678711
INFO:root:3
Train: 0.47845908999443054 VAL: 0.5639451742172241
INFO:root:4
Train: 0.4297912120819092 VAL: 0.4233206510543823
INFO:root:5
Train: 0.3482731282711029 VAL: 0.4506434202194214
INFO:root:6
Train: 0.31827959418296814 VAL: 0.3846924304962158
INFO:root:7
Train: 0.31639090180397034 VAL: 0.39454782009124756
INFO:root:8
Train: 0.322864294052124 VAL: 0.3930260241031647
INFO:root:9
Train: 0.3054370582103729 VAL: 0.38225340843200684
INFO:root:10
Train: 0.2973819971084595 VAL: 0.3916250467300415
INFO:root:11
Train: 0.3080205023288727 VAL: 0.38079944252967834
INFO:root:12
Train: 0.2924364507198334 VAL: 0.3814999461174011
INFO:root:13
Train: 0.2863960564136505 VAL: 0.3915071487426758
INFO:root:14
Train: 0.2834036350250244 VAL: 0.3899846374988556
INFO:root:15
Train: 0.28909745812416077 VAL: 0.37745535373687744
INFO:root:16
Train: 0.279282808303833 VAL: 0.37600183486938477
INFO:root:17
Train: 0.2832106351852417 VAL: 0.3779243230819702
INFO:root:18
Train: 0.27690938115119934 VAL: 0.3774303197860718
INFO:root:19
Train: 0.2774699330329895 VAL: 0.37713974714279175
INFO:root:20
Train: 0.2851654887199402 VAL: 0.37864553928375244
INFO:root:21
Train: 0.2818628251552582 VAL: 0.3762364387512207
INFO:root:22
Train: 0.28233569860458374 VAL: 0.3766271770000458
INFO:root:23
Train: 0.2791558802127838 VAL: 0.3816501498222351
INFO:root:24
Train: 0.2760981619358063 VAL: 0.37698960304260254
INFO:root:25
Train: 0.272603303194046 VAL: 0.37614625692367554
INFO:root:26
Train: 0.2586022913455963 VAL: 0.3964022994041443
INFO:root:27
Train: 0.277011901140213 VAL: 0.3853890299797058
INFO:root:28
Train: 0.2682407796382904 VAL: 0.3770110607147217
INFO:root:29
Train: 0.27084338665008545 VAL: 0.3801317811012268
INFO:root:30
Train: 0.2758912444114685 VAL: 0.3783089220523834
INFO:root:31
Train: 0.27884605526924133 VAL: 0.3779149353504181
INFO:root:32
Train: 0.2760741710662842 VAL: 0.3867209851741791
INFO:root:33
Train: 0.27807924151420593 VAL: 0.37710100412368774
INFO:root:34
Train: 0.26900073885917664 VAL: 0.3797498643398285
INFO:root:35
Train: 0.26564714312553406 VAL: 0.3764950633049011
INFO:root:36
Train: 0.2600782811641693 VAL: 0.37361666560173035
INFO:root:37
Train: 0.2741434872150421 VAL: 0.3786383271217346
INFO:root:38
Train: 0.2603188157081604 VAL: 0.3723706603050232
INFO:root:39
Train: 0.2769116759300232 VAL: 0.37835246324539185
INFO:root:40
Train: 0.2691223621368408 VAL: 0.3791137933731079
INFO:root:41
Train: 0.2747877240180969 VAL: 0.37244123220443726
INFO:root:42
Train: 0.25997403264045715 VAL: 0.3735851049423218
INFO:root:43
Train: 0.238846555352211 VAL: 0.3748766779899597
INFO:root:44
Train: 0.2504129409790039 VAL: 0.3759686350822449
INFO:root:45
Train: 0.2701897919178009 VAL: 0.38306736946105957
INFO:root:46
Train: 0.2752152979373932 VAL: 0.381198525428772
INFO:root:47
Train: 0.2741726338863373 VAL: 0.3760896325111389
INFO:root:48
Train: 0.27356430888175964 VAL: 0.3749697208404541
INFO:root:49
Train: 0.2687481939792633 VAL: 0.3780796527862549
INFO:root:50
Train: 0.2756853997707367 VAL: 0.37400853633880615
INFO:root:51
Train: 0.2698087990283966 VAL: 0.37487268447875977
INFO:root:52
Train: 0.2736952602863312 VAL: 0.37460753321647644
INFO:root:53
Train: 0.2687365710735321 VAL: 0.37506991624832153
INFO:root:54
Train: 0.26271939277648926 VAL: 0.372842937707901
INFO:root:55
Train: 0.2680113613605499 VAL: 0.3746463656425476
INFO:root:56
Train: 0.2698345482349396 VAL: 0.3742392659187317
INFO:root:57
Train: 0.26844772696495056 VAL: 0.374336302280426
INFO:root:58
Train: 0.27186912298202515 VAL: 0.373531699180603
INFO:root:59
Train: 0.2654132544994354 VAL: 0.37347346544265747
INFO:root:60
Train: 0.2496960163116455 VAL: 0.3725433349609375
INFO:root:61
Train: 0.269453763961792 VAL: 0.37223657965660095
INFO:root:62
Train: 0.25694164633750916 VAL: 0.3762318789958954
INFO:root:63
Train: 0.2527049481868744 VAL: 0.37161028385162354
INFO:root:64
Train: 0.2647477686405182 VAL: 0.37301865220069885
INFO:root:65
Train: 0.24685342609882355 VAL: 0.37362658977508545
INFO:root:66
Train: 0.2666776776313782 VAL: 0.3714812695980072
INFO:root:67
Train: 0.2690039873123169 VAL: 0.37509363889694214
INFO:root:68
Train: 0.2644878029823303 VAL: 0.3718891739845276
INFO:root:69
Train: 0.26777616143226624 VAL: 0.37274935841560364
INFO:root:70
Train: 0.2621101140975952 VAL: 0.3757703900337219
INFO:root:Namespace(quiet=False, run_id=None, config=None, epochs=200, fold=1, batch_size=128, learn_rate=0.001, betas=(0.9, 0.999), weight_decay=0.001, hidden_size=32, kernel_init='skew-symmetric', note='', seed=None, nlayers=4, attn_head=4, latent_dim=128, dataset='ushcn')
INFO:root:{'input_dim': 5, 'attn_head': 4, 'latent_dim': 128, 'n_layers': 4, 'device': device(type='cuda')}
INFO:root:1
Train: 3.279475212097168 VAL: 0.8057165145874023
INFO:root:2
Train: 0.6293743252754211 VAL: 0.6165766716003418
INFO:root:3
Train: 0.4762217104434967 VAL: 0.49142199754714966
INFO:root:4
Train: 0.3824748694896698 VAL: 0.44317707419395447
INFO:root:5
Train: 0.2998579442501068 VAL: 0.40990906953811646
INFO:root:6
Train: 0.2970730662345886 VAL: 0.40912002325057983
INFO:root:7
Train: 0.28285136818885803 VAL: 0.4069003462791443
INFO:root:8
Train: 0.31655123829841614 VAL: 0.39345234632492065
INFO:root:9
Train: 0.3041193187236786 VAL: 0.3988570272922516
INFO:root:10
Train: 0.32334640622138977 VAL: 0.38787341117858887
INFO:root:11
Train: 0.27188175916671753 VAL: 0.3799838423728943
INFO:root:12
Train: 0.29410699009895325 VAL: 0.3836679458618164
INFO:root:13
Train: 0.29046836495399475 VAL: 0.3814540505409241
INFO:root:14
Train: 0.2838406562805176 VAL: 0.37894248962402344
INFO:root:15
Train: 0.28142404556274414 VAL: 0.379801869392395
INFO:root:16
Train: 0.2773421108722687 VAL: 0.38495180010795593
INFO:root:17
Train: 0.28253403306007385 VAL: 0.39609503746032715
INFO:root:18
Train: 0.28325822949409485 VAL: 0.38170039653778076
INFO:root:19
Train: 0.27587172389030457 VAL: 0.37820273637771606
INFO:root:20
Train: 0.2733534574508667 VAL: 0.37649327516555786
INFO:root:21
Train: 0.25692853331565857 VAL: 0.37851065397262573
INFO:root:22
Train: 0.26623639464378357 VAL: 0.37626761198043823
INFO:root:23
Train: 0.2783891558647156 VAL: 0.38765788078308105
INFO:root:24
Train: 0.28322097659111023 VAL: 0.3757159113883972
INFO:root:25
Train: 0.2729555666446686 VAL: 0.37755104899406433
INFO:root:26
Train: 0.2773977816104889 VAL: 0.37535494565963745
INFO:root:27
Train: 0.27595606446266174 VAL: 0.3781253695487976
INFO:root:28
Train: 0.2732383906841278 VAL: 0.37613439559936523
INFO:root:29
Train: 0.27774155139923096 VAL: 0.3761651813983917
INFO:root:30
Train: 0.27863919734954834 VAL: 0.378279447555542
INFO:root:31
Train: 0.27196386456489563 VAL: 0.3895113468170166
INFO:root:32
Train: 0.2793577313423157 VAL: 0.39428144693374634
INFO:root:33
Train: 0.2788940370082855 VAL: 0.3793645203113556
INFO:root:34
Train: 0.27680808305740356 VAL: 0.3867858648300171
INFO:root:35
Train: 0.2769351899623871 VAL: 0.3753393590450287
INFO:root:36
Train: 0.28088560700416565 VAL: 0.3772152066230774
INFO:root:37
Train: 0.2779022753238678 VAL: 0.37437841296195984
INFO:root:38
Train: 0.26697084307670593 VAL: 0.3782607913017273
INFO:root:39
Train: 0.2744438648223877 VAL: 0.37843626737594604
INFO:root:40
Train: 0.27259889245033264 VAL: 0.3934771716594696
INFO:root:41
Train: 0.2766527235507965 VAL: 0.3843285143375397
INFO:root:42
Train: 0.2737680971622467 VAL: 0.38393062353134155
INFO:root:43
Train: 0.2757661044597626 VAL: 0.37579086422920227
INFO:root:44
Train: 0.2589232623577118 VAL: 0.39429569244384766
INFO:root:45
Train: 0.28540876507759094 VAL: 0.394104540348053
INFO:root:46
Train: 0.2955164611339569 VAL: 0.37540775537490845
INFO:root:47
Train: 0.27046921849250793 VAL: 0.38352465629577637
INFO:root:48
Train: 0.2626623213291168 VAL: 0.38338562846183777
INFO:root:49
Train: 0.2677500545978546 VAL: 0.37620434165000916
INFO:root:50
Train: 0.2721572816371918 VAL: 0.3748840093612671
INFO:root:51
Train: 0.2431064248085022 VAL: 0.37591254711151123
INFO:root:52
Train: 0.26204097270965576 VAL: 0.3751710057258606
INFO:root:53
Train: 0.2696145176887512 VAL: 0.37352484464645386
INFO:root:54
Train: 0.2650812566280365 VAL: 0.3750249147415161
INFO:root:55
Train: 0.26603734493255615 VAL: 0.3717455565929413
INFO:root:56
Train: 0.26498961448669434 VAL: 0.3759405016899109
INFO:root:57
Train: 0.2666384279727936 VAL: 0.3727445602416992
INFO:root:58
Train: 0.24849309027194977 VAL: 0.37336963415145874
INFO:root:59
Train: 0.266140341758728 VAL: 0.3830866813659668
INFO:root:60
Train: 0.26769784092903137 VAL: 0.37461182475090027
INFO:root:61
Train: 0.26674240827560425 VAL: 0.37510329484939575
INFO:root:62
Train: 0.264680951833725 VAL: 0.37298208475112915
INFO:root:63
Train: 0.2660139203071594 VAL: 0.37170684337615967
INFO:root:64
Train: 0.26712167263031006 VAL: 0.3759296238422394
INFO:root:65
Train: 0.2682291865348816 VAL: 0.3731309771537781
INFO:root:66
Train: 0.2659764289855957 VAL: 0.3716896176338196
INFO:root:67
Train: 0.26992931962013245 VAL: 0.3749249279499054
INFO:root:68
Train: 0.26421499252319336 VAL: 0.3730206787586212
INFO:root:69
Train: 0.2628908157348633 VAL: 0.37080878019332886
INFO:root:70
Train: 0.2663709819316864 VAL: 0.373944491147995
INFO:root:71
Train: 0.26574525237083435 VAL: 0.37282150983810425
INFO:root:72
Train: 0.2665223181247711 VAL: 0.37135958671569824
INFO:root:73
Train: 0.26671102643013 VAL: 0.37673693895339966
INFO:root:74
Train: 0.26096221804618835 VAL: 0.3723917603492737
INFO:root:75
Train: 0.2567902207374573 VAL: 0.3709738254547119
INFO:root:76
Train: 0.26601988077163696 VAL: 0.37714314460754395
INFO:root:77
Train: 0.2473040074110031 VAL: 0.3695499897003174
INFO:root:78
Train: 0.2614102363586426 VAL: 0.37278124690055847
INFO:root:79
Train: 0.2638653516769409 VAL: 0.37085455656051636
INFO:root:80
Train: 0.26614028215408325 VAL: 0.37592488527297974
INFO:root:81
Train: 0.26513242721557617 VAL: 0.3783304691314697
INFO:root:82
Train: 0.2684091031551361 VAL: 0.3715997338294983
INFO:root:83
Train: 0.26560065150260925 VAL: 0.37423694133758545
INFO:root:84
Train: 0.2629826068878174 VAL: 0.3705437183380127
INFO:root:85
Train: 0.2616839110851288 VAL: 0.37147727608680725
INFO:root:86
Train: 0.26376211643218994 VAL: 0.3699583411216736
INFO:root:87
Train: 0.2662000358104706 VAL: 0.37575632333755493
INFO:root:88
Train: 0.2588036358356476 VAL: 0.3792504668235779
INFO:root:89
Train: 0.25841161608695984 VAL: 0.37048155069351196
INFO:root:90
Train: 0.2615528106689453 VAL: 0.37314075231552124
INFO:root:91
Train: 0.2482425570487976 VAL: 0.36972594261169434
INFO:root:92
Train: 0.25893813371658325 VAL: 0.3736494779586792
INFO:root:93
Train: 0.2644394338130951 VAL: 0.373945951461792
INFO:root:94
Train: 0.2614409029483795 VAL: 0.36937689781188965
INFO:root:95
Train: 0.26316699385643005 VAL: 0.3720701336860657
INFO:root:96
Train: 0.2652507722377777 VAL: 0.36910563707351685
INFO:root:97
Train: 0.2598612308502197 VAL: 0.3721446990966797
INFO:root:98
Train: 0.26447775959968567 VAL: 0.3722347021102905
INFO:root:99
Train: 0.2595199942588806 VAL: 0.370824933052063
INFO:root:100
Train: 0.259093314409256 VAL: 0.3691137433052063
INFO:root:101
Train: 0.26191213726997375 VAL: 0.3761815130710602
INFO:root:102
Train: 0.2641333341598511 VAL: 0.3705088198184967
INFO:root:103
Train: 0.2587944269180298 VAL: 0.37197983264923096
INFO:root:104
Train: 0.2585535943508148 VAL: 0.3716984987258911
INFO:root:105
Train: 0.26102352142333984 VAL: 0.3699631690979004
INFO:root:106
Train: 0.22373990714550018 VAL: 0.3708881735801697
INFO:root:107
Train: 0.2608802914619446 VAL: 0.3704371452331543
INFO:root:108
Train: 0.24683554470539093 VAL: 0.3719452917575836
INFO:root:109
Train: 0.25808456540107727 VAL: 0.370296835899353
INFO:root:110
Train: 0.2471841722726822 VAL: 0.36999785900115967
INFO:root:111
Train: 0.2599785625934601 VAL: 0.3726225197315216
INFO:root:112
Train: 0.25166967511177063 VAL: 0.37003281712532043
INFO:root:113
Train: 0.2542171776294708 VAL: 0.37156373262405396
INFO:root:114
Train: 0.2587033212184906 VAL: 0.3693721294403076
INFO:root:115
Train: 0.2564084529876709 VAL: 0.3713950514793396
INFO:root:116
Train: 0.24712228775024414 VAL: 0.3705747127532959
INFO:root:117
Train: 0.2542112171649933 VAL: 0.3709448575973511
INFO:root:118
Train: 0.24720542132854462 VAL: 0.37169933319091797
INFO:root:119
Train: 0.25985246896743774 VAL: 0.3703131079673767
INFO:root:120
Train: 0.25767621397972107 VAL: 0.37037089467048645
INFO:root:121
Train: 0.25399520993232727 VAL: 0.3704603612422943
INFO:root:122
Train: 0.2586708664894104 VAL: 0.37198954820632935
INFO:root:123
Train: 0.25951021909713745 VAL: 0.36933499574661255
INFO:root:124
Train: 0.25988832116127014 VAL: 0.3710806369781494
INFO:root:125
Train: 0.25537005066871643 VAL: 0.37032049894332886
INFO:root:126
Train: 0.25700637698173523 VAL: 0.3705075979232788
INFO:root:BEST VAL: 0.3705075979232788 TEST : 0.25777947902679443
