INFO:root:Namespace(quiet=False, run_id=None, config=None, epochs=200, fold=2, batch_size=128, learn_rate=0.001, betas=(0.9, 0.999), weight_decay=0.001, hidden_size=32, kernel_init='skew-symmetric', note='', seed=None, nlayers=4, attn_head=2, latent_dim=32, dataset='ushcn')
INFO:root:{'input_dim': 5, 'attn_head': 2, 'latent_dim': 32, 'n_layers': 4, 'device': device(type='cuda')}
INFO:root:1
Train: 0.6729184985160828 VAL: 0.5041061639785767
INFO:root:2
Train: 0.5584538578987122 VAL: 0.4538498520851135
INFO:root:3
Train: 0.44644245505332947 VAL: 0.3757447600364685
INFO:root:4
Train: 0.5967246890068054 VAL: 0.3023853898048401
INFO:root:5
Train: 0.33111289143562317 VAL: 0.2846566140651703
INFO:root:6
Train: 0.3371535837650299 VAL: 0.2472110539674759
INFO:root:7
Train: 0.3223051130771637 VAL: 0.2437804639339447
INFO:root:8
Train: 0.322605162858963 VAL: 0.2578069567680359
INFO:root:9
Train: 0.31527239084243774 VAL: 0.267106831073761
INFO:root:10
Train: 0.3144935667514801 VAL: 0.2533906400203705
INFO:root:11
Train: 0.2918485105037689 VAL: 0.25510358810424805
INFO:root:12
Train: 0.28888991475105286 VAL: 0.25231051445007324
INFO:root:13
Train: 0.30053311586380005 VAL: 0.2597859501838684
INFO:root:14
Train: 0.3139202892780304 VAL: 0.26155179738998413
INFO:root:15
Train: 0.3018914759159088 VAL: 0.24864062666893005
INFO:root:16
Train: 0.30318424105644226 VAL: 0.2515687942504883
INFO:root:17
Train: 0.3036039173603058 VAL: 0.2532629668712616
INFO:root:18
Train: 0.2992003262042999 VAL: 0.2575540840625763
INFO:root:19
Train: 0.29170289635658264 VAL: 0.256632536649704
INFO:root:20
Train: 0.29309746623039246 VAL: 0.26218751072883606
INFO:root:21
Train: 0.29440179467201233 VAL: 0.27613896131515503
INFO:root:22
Train: 0.2895669937133789 VAL: 0.26806169748306274
INFO:root:23
Train: 0.2827660143375397 VAL: 0.27219778299331665
INFO:root:24
Train: 0.29262229800224304 VAL: 0.26922234892845154
INFO:root:25
Train: 0.2921821177005768 VAL: 0.284579873085022
INFO:root:26
Train: 0.28916868567466736 VAL: 0.27649956941604614
INFO:root:27
Train: 0.2921152412891388 VAL: 0.2731722593307495
INFO:root:28
Train: 0.2917673885822296 VAL: 0.2860438823699951
INFO:root:29
Train: 0.2905026078224182 VAL: 0.2785851061344147
INFO:root:30
Train: 0.2798367440700531 VAL: 0.2858421802520752
INFO:root:31
Train: 0.2900642156600952 VAL: 0.27782580256462097
INFO:root:32
Train: 0.28670600056648254 VAL: 0.2830137610435486
INFO:root:33
Train: 0.2888343334197998 VAL: 0.2795201241970062
INFO:root:34
Train: 0.2875478267669678 VAL: 0.2817875146865845
INFO:root:35
Train: 0.28861355781555176 VAL: 0.2796212136745453
INFO:root:36
Train: 0.270251601934433 VAL: 0.2821672856807709
INFO:root:37
Train: 0.27973511815071106 VAL: 0.2805822789669037
INFO:root:BEST VAL: 0.2805822789669037 TEST : 0.32900646328926086
