INFO:root:Namespace(quiet=False, run_id=None, config=None, epochs=200, fold=3, batch_size=128, learn_rate=0.001, betas=(0.9, 0.999), weight_decay=0.001, hidden_size=32, kernel_init='skew-symmetric', note='', seed=None, nlayers=3, attn_head=1, latent_dim=256, dataset='ushcn')
INFO:root:{'input_dim': 5, 'attn_head': 1, 'latent_dim': 256, 'n_layers': 3, 'device': device(type='cuda')}
INFO:root:1
Train: 16.11013412475586 VAL: 0.7157615423202515
INFO:root:2
Train: 0.8559290766716003 VAL: 0.6238575577735901
INFO:root:3
Train: 0.6240686774253845 VAL: 0.5435389280319214
INFO:root:4
Train: 0.5696094632148743 VAL: 0.42274606227874756
INFO:root:5
Train: 0.4318401515483856 VAL: 0.3491266667842865
INFO:root:6
Train: 0.42972299456596375 VAL: 0.3122207820415497
INFO:root:7
Train: 0.4068633019924164 VAL: 0.33554333448410034
INFO:root:8
Train: 0.4314790964126587 VAL: 0.3327140212059021
INFO:root:9
Train: 0.3737877905368805 VAL: 0.33062422275543213
INFO:root:10
Train: 0.39142492413520813 VAL: 0.3331593871116638
INFO:root:11
Train: 0.4325025975704193 VAL: 0.30289801955223083
INFO:root:12
Train: 0.3445497751235962 VAL: 0.29894721508026123
INFO:root:13
Train: 0.32758334279060364 VAL: 0.2913243770599365
INFO:root:14
Train: 0.321575403213501 VAL: 0.28428032994270325
INFO:root:15
Train: 0.31784796714782715 VAL: 0.28919991850852966
INFO:root:16
Train: 0.32589033246040344 VAL: 0.3085426986217499
INFO:root:17
Train: 0.33126649260520935 VAL: 0.31130242347717285
INFO:root:18
Train: 0.33083251118659973 VAL: 0.28496718406677246
INFO:root:19
Train: 0.31273752450942993 VAL: 0.2984444499015808
INFO:root:20
Train: 0.32539528608322144 VAL: 0.30785679817199707
INFO:root:21
Train: 0.3107248544692993 VAL: 0.2825205326080322
INFO:root:22
Train: 0.3293399512767792 VAL: 0.29029786586761475
INFO:root:23
Train: 0.3279786705970764 VAL: 0.27998167276382446
INFO:root:24
Train: 0.3150281012058258 VAL: 0.2851039469242096
INFO:root:25
Train: 0.30367588996887207 VAL: 0.28770774602890015
INFO:root:26
Train: 0.30878958106040955 VAL: 0.2783851623535156
INFO:root:27
Train: 0.32269975543022156 VAL: 0.29159003496170044
INFO:root:28
Train: 0.35197213292121887 VAL: 0.30658578872680664
INFO:root:29
Train: 0.33948826789855957 VAL: 0.2867935001850128
INFO:root:30
Train: 0.3282010853290558 VAL: 0.29409298300743103
INFO:root:31
Train: 0.3408561944961548 VAL: 0.2836005389690399
INFO:root:32
Train: 0.3191134035587311 VAL: 0.2837340533733368
INFO:root:33
Train: 0.2971329391002655 VAL: 0.2786043882369995
INFO:root:34
Train: 0.3184800446033478 VAL: 0.28700441122055054
INFO:root:35
Train: 0.3163367211818695 VAL: 0.2800312340259552
INFO:root:36
Train: 0.31135550141334534 VAL: 0.2795054614543915
INFO:root:37
Train: 0.3056353032588959 VAL: 0.2883356213569641
INFO:root:38
Train: 0.30006054043769836 VAL: 0.2787126302719116
INFO:root:39
Train: 0.29875892400741577 VAL: 0.2817016839981079
INFO:root:40
Train: 0.29170623421669006 VAL: 0.28754836320877075
INFO:root:41
Train: 0.3100384771823883 VAL: 0.2784109115600586
INFO:root:42
Train: 0.30160829424858093 VAL: 0.2795255184173584
INFO:root:43
Train: 0.3032350540161133 VAL: 0.28003954887390137
INFO:root:44
Train: 0.3050391376018524 VAL: 0.28543102741241455
INFO:root:45
Train: 0.3128337860107422 VAL: 0.28574782609939575
INFO:root:46
Train: 0.3078056871891022 VAL: 0.2775924503803253
INFO:root:47
Train: 0.2971409261226654 VAL: 0.2783737778663635
INFO:root:48
Train: 0.30853626132011414 VAL: 0.2771679759025574
INFO:root:49
Train: 0.29856112599372864 VAL: 0.2781983017921448
INFO:root:50
Train: 0.30274084210395813 VAL: 0.2855711281299591
INFO:root:51
Train: 0.3026382625102997 VAL: 0.2757779359817505
INFO:root:52
Train: 0.3002353012561798 VAL: 0.27538445591926575
INFO:root:53
Train: 0.3051998019218445 VAL: 0.2772813141345978
INFO:root:54
Train: 0.29545682668685913 VAL: 0.27677690982818604
INFO:root:55
Train: 0.2988593876361847 VAL: 0.2757139503955841
INFO:root:56
Train: 0.30163484811782837 VAL: 0.27526313066482544
INFO:root:57
Train: 0.30313029885292053 VAL: 0.27765193581581116
INFO:root:58
Train: 0.30294984579086304 VAL: 0.2750673294067383
INFO:root:59
Train: 0.30203747749328613 VAL: 0.28246378898620605
INFO:root:60
Train: 0.30356094241142273 VAL: 0.2757859230041504
INFO:root:61
Train: 0.3000563383102417 VAL: 0.27618733048439026
INFO:root:62
Train: 0.2999422550201416 VAL: 0.2773354649543762
INFO:root:63
Train: 0.28119027614593506 VAL: 0.27569785714149475
INFO:root:64
Train: 0.30078360438346863 VAL: 0.2754673957824707
INFO:root:65
Train: 0.2993183434009552 VAL: 0.27771812677383423
INFO:root:66
Train: 0.29768991470336914 VAL: 0.27745240926742554
INFO:root:67
Train: 0.29872575402259827 VAL: 0.2768881916999817
INFO:root:68
Train: 0.3019455373287201 VAL: 0.2757229804992676
INFO:root:69
Train: 0.298007994890213 VAL: 0.2768303453922272
INFO:root:70
Train: 0.29912593960762024 VAL: 0.276630699634552
INFO:root:71
Train: 0.28590914607048035 VAL: 0.27601611614227295
INFO:root:72
Train: 0.2975236475467682 VAL: 0.2762511968612671
INFO:root:73
Train: 0.27593860030174255 VAL: 0.2773599624633789
INFO:root:74
Train: 0.29937854409217834 VAL: 0.27632853388786316
INFO:root:75
Train: 0.2963846027851105 VAL: 0.27594149112701416
INFO:root:76
Train: 0.28132861852645874 VAL: 0.2768539786338806
INFO:root:77
Train: 0.2962557375431061 VAL: 0.2751920223236084
INFO:root:78
Train: 0.2927432358264923 VAL: 0.2788216769695282
INFO:root:79
Train: 0.2760476768016815 VAL: 0.2751854658126831
INFO:root:80
Train: 0.28455281257629395 VAL: 0.2785380780696869
INFO:root:81
Train: 0.29488199949264526 VAL: 0.27603965997695923
INFO:root:82
Train: 0.2878391742706299 VAL: 0.2775014638900757
INFO:root:83
Train: 0.2936483919620514 VAL: 0.27638742327690125
INFO:root:84
Train: 0.2662215530872345 VAL: 0.2763030529022217
INFO:root:85
Train: 0.2939178943634033 VAL: 0.2752017378807068
INFO:root:86
Train: 0.2914991080760956 VAL: 0.27580171823501587
INFO:root:87
Train: 0.2956802248954773 VAL: 0.27468499541282654
INFO:root:88
Train: 0.27206945419311523 VAL: 0.2768486738204956
INFO:root:89
Train: 0.29587480425834656 VAL: 0.27600422501564026
INFO:root:90
Train: 0.27695995569229126 VAL: 0.2750765383243561
INFO:root:91
Train: 0.2830559313297272 VAL: 0.2753426432609558
INFO:root:92
Train: 0.2902991473674774 VAL: 0.27562230825424194
INFO:root:93
Train: 0.29289254546165466 VAL: 0.2762834131717682
INFO:root:94
Train: 0.26606300473213196 VAL: 0.27662575244903564
INFO:root:95
Train: 0.2941213548183441 VAL: 0.2756097614765167
INFO:root:96
Train: 0.2715614438056946 VAL: 0.27587372064590454
INFO:root:97
Train: 0.2771574854850769 VAL: 0.2778666019439697
INFO:root:98
Train: 0.2958187162876129 VAL: 0.2760520875453949
INFO:root:99
Train: 0.29488810896873474 VAL: 0.27585911750793457
INFO:root:100
Train: 0.29699522256851196 VAL: 0.27536168694496155
INFO:root:101
Train: 0.2888016104698181 VAL: 0.27831533551216125
INFO:root:102
Train: 0.2965014576911926 VAL: 0.2765026092529297
INFO:root:103
Train: 0.29383954405784607 VAL: 0.2759060263633728
INFO:root:104
Train: 0.29515907168388367 VAL: 0.27640199661254883
INFO:root:105
Train: 0.29417216777801514 VAL: 0.2771958112716675
INFO:root:106
Train: 0.29537832736968994 VAL: 0.2766244411468506
INFO:root:107
Train: 0.2907281517982483 VAL: 0.2759675085544586
INFO:root:108
Train: 0.29334917664527893 VAL: 0.27796855568885803
INFO:root:109
Train: 0.29749301075935364 VAL: 0.2763286232948303
INFO:root:110
Train: 0.2939167022705078 VAL: 0.2758585512638092
INFO:root:111
Train: 0.2887870669364929 VAL: 0.2770531177520752
INFO:root:112
Train: 0.29204103350639343 VAL: 0.2767944931983948
INFO:root:113
Train: 0.294281542301178 VAL: 0.2762315273284912
INFO:root:114
Train: 0.29372045397758484 VAL: 0.27635133266448975
INFO:root:115
Train: 0.2888096570968628 VAL: 0.2761286497116089
INFO:root:116
Train: 0.29281842708587646 VAL: 0.27705755829811096
INFO:root:117
Train: 0.2913024127483368 VAL: 0.2765273451805115
INFO:root:BEST VAL: 0.2765273451805115 TEST : 0.250939279794693
INFO:root:Namespace(quiet=False, run_id=None, config=None, epochs=200, fold=3, batch_size=128, learn_rate=0.001, betas=(0.9, 0.999), weight_decay=0.001, hidden_size=32, kernel_init='skew-symmetric', note='', seed=None, nlayers=3, attn_head=1, latent_dim=256, dataset='ushcn')
INFO:root:{'input_dim': 5, 'attn_head': 1, 'latent_dim': 256, 'n_layers': 3, 'device': device(type='cuda')}
INFO:root:1
Train: 11.604606628417969 VAL: 0.9811870455741882
INFO:root:2
Train: 0.7838887572288513 VAL: 0.5794774293899536
INFO:root:3
Train: 0.5917109251022339 VAL: 0.48715460300445557
INFO:root:4
Train: 0.4751075208187103 VAL: 0.4517466127872467
INFO:root:5
Train: 0.4317704141139984 VAL: 0.4460599720478058
INFO:root:6
Train: 0.43305596709251404 VAL: 0.33790796995162964
INFO:root:7
Train: 0.3948482573032379 VAL: 0.4508056342601776
INFO:root:8
Train: 0.6504694819450378 VAL: 0.5852822065353394
INFO:root:9
Train: 0.5917152762413025 VAL: 0.40226972103118896
INFO:root:10
Train: 0.45929160714149475 VAL: 0.36031514406204224
INFO:root:11
Train: 0.44873046875 VAL: 0.3579103648662567
INFO:root:12
Train: 0.3905738294124603 VAL: 0.3459501266479492
INFO:root:13
Train: 0.39461398124694824 VAL: 0.34432393312454224
INFO:root:14
Train: 0.38179317116737366 VAL: 0.3367593288421631
INFO:root:15
Train: 0.3746074438095093 VAL: 0.33712318539619446
INFO:root:16
Train: 0.34282612800598145 VAL: 0.3365999162197113
INFO:root:17
Train: 0.43402090668678284 VAL: 0.339874804019928
INFO:root:18
Train: 0.3802708685398102 VAL: 0.3471026122570038
INFO:root:19
Train: 0.36306479573249817 VAL: 0.32753250002861023
INFO:root:20
Train: 0.37127164006233215 VAL: 0.3260185718536377
INFO:root:21
Train: 0.3615013360977173 VAL: 0.31065046787261963
INFO:root:22
Train: 0.3803863823413849 VAL: 0.3032018542289734
INFO:root:23
Train: 0.3911210596561432 VAL: 0.3589422106742859
INFO:root:24
Train: 0.40022313594818115 VAL: 0.3469904959201813
INFO:root:25
Train: 0.38659659028053284 VAL: 0.34216365218162537
INFO:root:26
Train: 0.3271428942680359 VAL: 0.31651943922042847
INFO:root:27
Train: 0.39945611357688904 VAL: 0.37427985668182373
INFO:root:28
Train: 0.4113204777240753 VAL: 0.337752103805542
INFO:root:29
Train: 0.3665034770965576 VAL: 0.332475483417511
INFO:root:30
Train: 0.35615774989128113 VAL: 0.3366492986679077
INFO:root:31
Train: 0.4085218906402588 VAL: 0.37265706062316895
INFO:root:32
Train: 0.39203763008117676 VAL: 0.33915087580680847
INFO:root:33
Train: 0.36365070939064026 VAL: 0.3313673138618469
INFO:root:34
Train: 0.3802016079425812 VAL: 0.33217352628707886
INFO:root:35
Train: 0.3771618604660034 VAL: 0.3269316554069519
INFO:root:36
Train: 0.3760106861591339 VAL: 0.3261793553829193
INFO:root:37
Train: 0.37852540612220764 VAL: 0.3305094540119171
INFO:root:38
Train: 0.3703613579273224 VAL: 0.3219766914844513
INFO:root:39
Train: 0.3706030547618866 VAL: 0.32000142335891724
INFO:root:40
Train: 0.362364262342453 VAL: 0.314544141292572
INFO:root:41
Train: 0.38253068923950195 VAL: 0.43519318103790283
INFO:root:42
Train: 0.41842857003211975 VAL: 0.38090428709983826
INFO:root:43
Train: 0.3666435182094574 VAL: 0.339995801448822
INFO:root:44
Train: 0.37487146258354187 VAL: 0.32262492179870605
INFO:root:45
Train: 0.35120949149131775 VAL: 0.3147484064102173
INFO:root:46
Train: 0.3490927219390869 VAL: 0.3206630349159241
INFO:root:47
Train: 0.34301140904426575 VAL: 0.31732916831970215
INFO:root:48
Train: 0.3359564244747162 VAL: 0.3146538734436035
INFO:root:49
Train: 0.3337593078613281 VAL: 0.3100930154323578
INFO:root:50
Train: 0.35227808356285095 VAL: 0.3205714523792267
INFO:root:51
Train: 0.35884276032447815 VAL: 0.3191210925579071
INFO:root:52
Train: 0.33677050471305847 VAL: 0.30910158157348633
INFO:root:BEST VAL: 0.30910158157348633 TEST : 0.35514941811561584
