INFO:root:Namespace(quiet=False, run_id=None, config=None, epochs=200, fold=1, batch_size=128, learn_rate=0.001, betas=(0.9, 0.999), weight_decay=0.001, hidden_size=32, kernel_init='skew-symmetric', note='', seed=None, nlayers=3, attn_head=1, latent_dim=64, dataset='ushcn')
INFO:root:{'input_dim': 5, 'attn_head': 1, 'latent_dim': 64, 'n_layers': 3, 'device': device(type='cuda')}
INFO:root:1
Train: 0.7717062830924988 VAL: 0.6144610643386841
INFO:root:2
Train: 0.5088622570037842 VAL: 0.4942813515663147
INFO:root:3
Train: 0.37754204869270325 VAL: 0.3995085060596466
INFO:root:4
Train: 0.30684688687324524 VAL: 0.4063677191734314
INFO:root:5
Train: 0.29482021927833557 VAL: 0.39715027809143066
INFO:root:6
Train: 0.32485297322273254 VAL: 0.4013368785381317
INFO:root:7
Train: 0.32208430767059326 VAL: 0.39757972955703735
INFO:root:8
Train: 0.31715187430381775 VAL: 0.3920283913612366
INFO:root:9
Train: 0.3007484972476959 VAL: 0.3800399899482727
INFO:root:10
Train: 0.29605305194854736 VAL: 0.3799217939376831
INFO:root:11
Train: 0.29900863766670227 VAL: 0.3880402147769928
INFO:root:12
Train: 0.2850089371204376 VAL: 0.3827776312828064
INFO:root:13
Train: 0.2793004810810089 VAL: 0.3793211579322815
INFO:root:14
Train: 0.26635053753852844 VAL: 0.37846070528030396
INFO:root:15
Train: 0.2886866331100464 VAL: 0.3797214925289154
INFO:root:16
Train: 0.2828558385372162 VAL: 0.39477914571762085
INFO:root:17
Train: 0.27678194642066956 VAL: 0.37770357728004456
INFO:root:18
Train: 0.2774577736854553 VAL: 0.3793298602104187
INFO:root:19
Train: 0.27966609597206116 VAL: 0.3757340908050537
INFO:root:20
Train: 0.278510183095932 VAL: 0.37881049513816833
INFO:root:21
Train: 0.2742406725883484 VAL: 0.37727493047714233
INFO:root:22
Train: 0.26322081685066223 VAL: 0.3768555223941803
INFO:root:23
Train: 0.268850177526474 VAL: 0.3844212293624878
INFO:root:24
Train: 0.2538367807865143 VAL: 0.3780543804168701
INFO:root:25
Train: 0.22892053425312042 VAL: 0.37527257204055786
INFO:root:26
Train: 0.2777298092842102 VAL: 0.3757913410663605
INFO:root:27
Train: 0.27774563431739807 VAL: 0.3826564848423004
INFO:root:28
Train: 0.27777984738349915 VAL: 0.378691703081131
INFO:root:29
Train: 0.2790134847164154 VAL: 0.3939583897590637
INFO:root:30
Train: 0.27469009160995483 VAL: 0.3769359588623047
INFO:root:31
Train: 0.2761476933956146 VAL: 0.37586480379104614
INFO:root:32
Train: 0.2554164528846741 VAL: 0.3777047097682953
INFO:root:33
Train: 0.25700685381889343 VAL: 0.3781505823135376
INFO:root:34
Train: 0.2633315622806549 VAL: 0.3769493103027344
INFO:root:35
Train: 0.26786935329437256 VAL: 0.3725084364414215
INFO:root:36
Train: 0.26288676261901855 VAL: 0.38367173075675964
INFO:root:37
Train: 0.2532704174518585 VAL: 0.3744892477989197
INFO:root:38
Train: 0.25102055072784424 VAL: 0.37745344638824463
INFO:root:39
Train: 0.272269070148468 VAL: 0.3739403486251831
INFO:root:40
Train: 0.2706134617328644 VAL: 0.3824135661125183
INFO:root:41
Train: 0.278462290763855 VAL: 0.38507819175720215
INFO:root:42
Train: 0.2584518492221832 VAL: 0.3781628906726837
INFO:root:43
Train: 0.2686677575111389 VAL: 0.381031334400177
INFO:root:44
Train: 0.2721610963344574 VAL: 0.37456968426704407
INFO:root:45
Train: 0.2702491581439972 VAL: 0.372805655002594
INFO:root:46
Train: 0.2596261203289032 VAL: 0.3701937794685364
INFO:root:47
Train: 0.27266883850097656 VAL: 0.3769705891609192
INFO:root:48
Train: 0.27377626299858093 VAL: 0.3727470636367798
INFO:root:49
Train: 0.270602822303772 VAL: 0.38379114866256714
INFO:root:50
Train: 0.2727659046649933 VAL: 0.38020259141921997
INFO:root:51
Train: 0.2465670108795166 VAL: 0.3705057203769684
INFO:root:52
Train: 0.2618918716907501 VAL: 0.3748559355735779
INFO:root:53
Train: 0.2684820592403412 VAL: 0.37175190448760986
INFO:root:54
Train: 0.27136489748954773 VAL: 0.37600377202033997
INFO:root:55
Train: 0.2683432400226593 VAL: 0.37321627140045166
INFO:root:56
Train: 0.2678159475326538 VAL: 0.3753337860107422
INFO:root:57
Train: 0.2561053931713104 VAL: 0.36976927518844604
INFO:root:58
Train: 0.27119991183280945 VAL: 0.3787515163421631
INFO:root:59
Train: 0.3088482916355133 VAL: 0.376669704914093
INFO:root:60
Train: 0.2939821779727936 VAL: 0.39367860555648804
INFO:root:61
Train: 0.2697761654853821 VAL: 0.379442423582077
INFO:root:62
Train: 0.28578993678092957 VAL: 0.37257349491119385
INFO:root:63
Train: 0.27342960238456726 VAL: 0.3839583992958069
INFO:root:64
Train: 0.27243533730506897 VAL: 0.38453763723373413
INFO:root:65
Train: 0.3003866970539093 VAL: 0.39099937677383423
INFO:root:66
Train: 0.29302310943603516 VAL: 0.3897189795970917
INFO:root:67
Train: 0.331796258687973 VAL: 0.3819138705730438
INFO:root:68
Train: 0.28468623757362366 VAL: 0.4086901545524597
INFO:root:69
Train: 0.29012617468833923 VAL: 0.3864867091178894
INFO:root:70
Train: 0.2813471853733063 VAL: 0.3782588243484497
INFO:root:71
Train: 0.27978506684303284 VAL: 0.37708693742752075
INFO:root:72
Train: 0.27207204699516296 VAL: 0.3754868805408478
INFO:root:73
Train: 0.2833802402019501 VAL: 0.3900156617164612
INFO:root:74
Train: 0.27415984869003296 VAL: 0.380034476518631
INFO:root:75
Train: 0.2744380533695221 VAL: 0.3775363862514496
INFO:root:76
Train: 0.2507661283016205 VAL: 0.3784078359603882
INFO:root:77
Train: 0.27134260535240173 VAL: 0.38003969192504883
INFO:root:78
Train: 0.28517696261405945 VAL: 0.3789845407009125
INFO:root:79
Train: 0.2787753939628601 VAL: 0.37379950284957886
INFO:root:80
Train: 0.2797096073627472 VAL: 0.372931569814682
INFO:root:81
Train: 0.2740236818790436 VAL: 0.37904974818229675
INFO:root:82
Train: 0.270450621843338 VAL: 0.37193113565444946
INFO:root:83
Train: 0.2635948956012726 VAL: 0.3750208020210266
INFO:root:84
Train: 0.27027177810668945 VAL: 0.3706936836242676
INFO:root:85
Train: 0.2453366070985794 VAL: 0.37336236238479614
INFO:root:86
Train: 0.2653256952762604 VAL: 0.3704611659049988
INFO:root:87
Train: 0.26529404520988464 VAL: 0.3715611398220062
INFO:root:BEST VAL: 0.3715611398220062 TEST : 0.2575925588607788
