INFO:root:Namespace(quiet=False, run_id=None, config=None, epochs=200, fold=3, batch_size=128, learn_rate=0.001, betas=(0.9, 0.999), weight_decay=0.001, hidden_size=32, kernel_init='skew-symmetric', note='', seed=None, nlayers=3, attn_head=2, latent_dim=32, dataset='ushcn')
INFO:root:{'input_dim': 5, 'attn_head': 2, 'latent_dim': 32, 'n_layers': 3, 'device': device(type='cuda')}
INFO:root:1
Train: 0.6352823972702026 VAL: 0.5615473985671997
INFO:root:2
Train: 0.5482220649719238 VAL: 0.474192351102829
INFO:root:3
Train: 0.46052196621894836 VAL: 0.3974861204624176
INFO:root:4
Train: 0.3831183612346649 VAL: 0.3140062093734741
INFO:root:5
Train: 0.34044572710990906 VAL: 0.2986019253730774
INFO:root:6
Train: 0.33042630553245544 VAL: 0.2910114824771881
INFO:root:7
Train: 0.32229211926460266 VAL: 0.2877146601676941
INFO:root:8
Train: 0.31941792368888855 VAL: 0.284972220659256
INFO:root:9
Train: 0.3131088316440582 VAL: 0.28698599338531494
INFO:root:10
Train: 0.32161346077919006 VAL: 0.2927709221839905
INFO:root:11
Train: 0.30101653933525085 VAL: 0.2910040616989136
INFO:root:12
Train: 0.32047924399375916 VAL: 0.29056084156036377
INFO:root:13
Train: 0.3130791485309601 VAL: 0.29170817136764526
INFO:root:14
Train: 0.30752861499786377 VAL: 0.28403395414352417
INFO:root:15
Train: 0.2949303090572357 VAL: 0.28505223989486694
INFO:root:16
Train: 0.3099316656589508 VAL: 0.28570517897605896
INFO:root:17
Train: 0.3166452944278717 VAL: 0.2900238037109375
INFO:root:18
Train: 0.305708646774292 VAL: 0.2845342755317688
INFO:root:19
Train: 0.31608012318611145 VAL: 0.2938374876976013
INFO:root:20
Train: 0.31809332966804504 VAL: 0.28189462423324585
INFO:root:21
Train: 0.31464096903800964 VAL: 0.2871410548686981
INFO:root:22
Train: 0.3142252266407013 VAL: 0.28375035524368286
INFO:root:23
Train: 0.28269657492637634 VAL: 0.28227466344833374
INFO:root:24
Train: 0.30693820118904114 VAL: 0.28122973442077637
INFO:root:25
Train: 0.3111475110054016 VAL: 0.28098565340042114
INFO:root:26
Train: 0.30574706196784973 VAL: 0.28184056282043457
INFO:root:27
Train: 0.3044786751270294 VAL: 0.2804327607154846
INFO:root:28
Train: 0.3090902864933014 VAL: 0.2789359390735626
INFO:root:29
Train: 0.3066674768924713 VAL: 0.2798970639705658
INFO:root:30
Train: 0.2861073911190033 VAL: 0.28025519847869873
INFO:root:31
Train: 0.3114013969898224 VAL: 0.2843421995639801
INFO:root:32
Train: 0.3056480586528778 VAL: 0.2783873677253723
INFO:root:33
Train: 0.30542412400245667 VAL: 0.2912830710411072
INFO:root:34
Train: 0.31229403614997864 VAL: 0.28116732835769653
INFO:root:35
Train: 0.31364956498146057 VAL: 0.27997294068336487
INFO:root:36
Train: 0.30833670496940613 VAL: 0.27847447991371155
INFO:root:37
Train: 0.3091932535171509 VAL: 0.27920401096343994
INFO:root:38
Train: 0.30337727069854736 VAL: 0.2779623568058014
INFO:root:39
Train: 0.30439862608909607 VAL: 0.2767043113708496
INFO:root:40
Train: 0.30693039298057556 VAL: 0.27875202894210815
INFO:root:41
Train: 0.30273815989494324 VAL: 0.27892637252807617
INFO:root:42
Train: 0.3099026083946228 VAL: 0.2953871190547943
INFO:root:43
Train: 0.30553510785102844 VAL: 0.27913230657577515
INFO:root:44
Train: 0.3120679557323456 VAL: 0.2929162383079529
INFO:root:45
Train: 0.31548717617988586 VAL: 0.2809160351753235
INFO:root:46
Train: 0.31153395771980286 VAL: 0.28397491574287415
INFO:root:47
Train: 0.2909773290157318 VAL: 0.2825377583503723
INFO:root:48
Train: 0.3064715564250946 VAL: 0.2822127640247345
INFO:root:49
Train: 0.304890900850296 VAL: 0.27900949120521545
INFO:root:50
Train: 0.2944299280643463 VAL: 0.2774469256401062
INFO:root:51
Train: 0.30304691195487976 VAL: 0.2771170139312744
INFO:root:52
Train: 0.29961729049682617 VAL: 0.27667346596717834
INFO:root:53
Train: 0.292775958776474 VAL: 0.2764770984649658
INFO:root:54
Train: 0.28385069966316223 VAL: 0.27630698680877686
INFO:root:55
Train: 0.305980920791626 VAL: 0.2761591970920563
INFO:root:56
Train: 0.29862475395202637 VAL: 0.2762796878814697
INFO:root:57
Train: 0.29207706451416016 VAL: 0.2758800685405731
INFO:root:58
Train: 0.28199508786201477 VAL: 0.2763138711452484
INFO:root:59
Train: 0.2984321415424347 VAL: 0.2766057848930359
INFO:root:60
Train: 0.30112868547439575 VAL: 0.2756953835487366
INFO:root:61
Train: 0.2951124608516693 VAL: 0.2757526636123657
INFO:root:62
Train: 0.29888466000556946 VAL: 0.2759304344654083
INFO:root:63
Train: 0.30336764454841614 VAL: 0.27586308121681213
INFO:root:64
Train: 0.3011217415332794 VAL: 0.2769451141357422
INFO:root:65
Train: 0.30208203196525574 VAL: 0.27726083993911743
INFO:root:66
Train: 0.294933021068573 VAL: 0.27644968032836914
INFO:root:67
Train: 0.29859864711761475 VAL: 0.27805420756340027
INFO:root:68
Train: 0.30316033959388733 VAL: 0.2760349214076996
INFO:root:69
Train: 0.27121543884277344 VAL: 0.2775176763534546
INFO:root:70
Train: 0.3039151728153229 VAL: 0.2756122350692749
INFO:root:71
Train: 0.30162307620048523 VAL: 0.27712610363960266
INFO:root:72
Train: 0.3004429042339325 VAL: 0.2761697769165039
INFO:root:73
Train: 0.3000103235244751 VAL: 0.276364266872406
INFO:root:74
Train: 0.3021419942378998 VAL: 0.27574095129966736
INFO:root:75
Train: 0.2781663239002228 VAL: 0.27680084109306335
INFO:root:76
Train: 0.3002023994922638 VAL: 0.2757638394832611
INFO:root:77
Train: 0.29633405804634094 VAL: 0.27602967619895935
INFO:root:78
Train: 0.2823182940483093 VAL: 0.275637686252594
INFO:root:79
Train: 0.2963915169239044 VAL: 0.2759191691875458
INFO:root:80
Train: 0.30342045426368713 VAL: 0.2756238281726837
INFO:root:81
Train: 0.29794538021087646 VAL: 0.278090238571167
INFO:root:82
Train: 0.30007413029670715 VAL: 0.2759518027305603
INFO:root:83
Train: 0.2977495789527893 VAL: 0.2755186855792999
INFO:root:84
Train: 0.2932504117488861 VAL: 0.27496039867401123
INFO:root:85
Train: 0.2994430959224701 VAL: 0.27594366669654846
INFO:root:86
Train: 0.3021669387817383 VAL: 0.27535179257392883
INFO:root:87
Train: 0.29189103841781616 VAL: 0.27543073892593384
INFO:root:88
Train: 0.30214110016822815 VAL: 0.2751624286174774
INFO:root:89
Train: 0.3015425503253937 VAL: 0.27600234746932983
INFO:root:90
Train: 0.2993621230125427 VAL: 0.2751595079898834
INFO:root:91
Train: 0.2987922132015228 VAL: 0.2754490077495575
INFO:root:92
Train: 0.28219863772392273 VAL: 0.275581032037735
INFO:root:93
Train: 0.26901838183403015 VAL: 0.2753763198852539
INFO:root:94
Train: 0.268433541059494 VAL: 0.27484434843063354
INFO:root:95
Train: 0.2922990024089813 VAL: 0.27518290281295776
INFO:root:96
Train: 0.2983182668685913 VAL: 0.2752378582954407
INFO:root:97
Train: 0.29834768176078796 VAL: 0.27595019340515137
INFO:root:98
Train: 0.30406948924064636 VAL: 0.2763831615447998
INFO:root:99
Train: 0.29752448201179504 VAL: 0.2751752734184265
INFO:root:100
Train: 0.2928697466850281 VAL: 0.2758684754371643
INFO:root:101
Train: 0.3047276735305786 VAL: 0.2751671075820923
INFO:root:102
Train: 0.3000916540622711 VAL: 0.27666598558425903
INFO:root:103
Train: 0.29844483733177185 VAL: 0.2753261625766754
INFO:root:104
Train: 0.29770389199256897 VAL: 0.2754347324371338
INFO:root:105
Train: 0.2984646260738373 VAL: 0.27603113651275635
INFO:root:106
Train: 0.2983205020427704 VAL: 0.27549687027931213
INFO:root:107
Train: 0.29239368438720703 VAL: 0.27573519945144653
INFO:root:108
Train: 0.295800119638443 VAL: 0.27557122707366943
INFO:root:109
Train: 0.2990442216396332 VAL: 0.2755109667778015
INFO:root:110
Train: 0.2910509705543518 VAL: 0.2762061357498169
INFO:root:111
Train: 0.28464218974113464 VAL: 0.27528631687164307
INFO:root:112
Train: 0.298307865858078 VAL: 0.27603283524513245
INFO:root:113
Train: 0.2878406345844269 VAL: 0.27555787563323975
INFO:root:114
Train: 0.2972334921360016 VAL: 0.27567625045776367
INFO:root:115
Train: 0.2970842123031616 VAL: 0.27599745988845825
INFO:root:116
Train: 0.2994319200515747 VAL: 0.27557802200317383
INFO:root:117
Train: 0.2898472845554352 VAL: 0.2754732072353363
INFO:root:118
Train: 0.2969697415828705 VAL: 0.27543365955352783
INFO:root:119
Train: 0.29802051186561584 VAL: 0.2758484184741974
INFO:root:120
Train: 0.298541784286499 VAL: 0.27604982256889343
INFO:root:121
Train: 0.2993510663509369 VAL: 0.27563631534576416
INFO:root:122
Train: 0.29278334975242615 VAL: 0.2756664752960205
INFO:root:123
Train: 0.29503846168518066 VAL: 0.2753417193889618
INFO:root:124
Train: 0.29439547657966614 VAL: 0.2758675813674927
INFO:root:BEST VAL: 0.2758675813674927 TEST : 0.26315566897392273
INFO:root:Namespace(quiet=False, run_id=None, config=None, epochs=200, fold=3, batch_size=128, learn_rate=0.001, betas=(0.9, 0.999), weight_decay=0.001, hidden_size=32, kernel_init='skew-symmetric', note='', seed=None, nlayers=3, attn_head=2, latent_dim=32, dataset='physionet2012')
INFO:root:{'input_dim': 37, 'attn_head': 2, 'latent_dim': 32, 'n_layers': 3, 'device': device(type='cuda')}
INFO:root:1
Train: 0.4808947741985321 VAL: 0.38300350308418274
INFO:root:2
Train: 0.36735865473747253 VAL: 0.3271036744117737
INFO:root:3
Train: 0.32279089093208313 VAL: 0.313586562871933
INFO:root:4
Train: 0.3084949851036072 VAL: 0.2979085445404053
INFO:root:5
Train: 0.30195170640945435 VAL: 0.29622381925582886
INFO:root:6
Train: 0.3013116717338562 VAL: 0.2993137240409851
INFO:root:7
Train: 0.2982659935951233 VAL: 0.2953343391418457
INFO:root:8
Train: 0.3027026951313019 VAL: 0.3044523298740387
INFO:root:9
Train: 0.2991586923599243 VAL: 0.2933200001716614
INFO:root:10
Train: 0.2959175407886505 VAL: 0.2929009199142456
INFO:root:11
Train: 0.2939644455909729 VAL: 0.292579710483551
INFO:root:12
Train: 0.2942063510417938 VAL: 0.29304176568984985
INFO:root:13
Train: 0.294219434261322 VAL: 0.2911594808101654
INFO:root:14
Train: 0.293613463640213 VAL: 0.29385221004486084
INFO:root:15
Train: 0.29432833194732666 VAL: 0.2909371256828308
INFO:root:16
Train: 0.29143038392066956 VAL: 0.2914142906665802
INFO:root:17
Train: 0.29152345657348633 VAL: 0.29613739252090454
INFO:root:18
Train: 0.2910744547843933 VAL: 0.2914241850376129
INFO:root:19
Train: 0.2904275059700012 VAL: 0.29104191064834595
INFO:root:20
Train: 0.2903953790664673 VAL: 0.29271090030670166
INFO:root:21
Train: 0.28918343782424927 VAL: 0.2909995913505554
INFO:root:22
Train: 0.2902793884277344 VAL: 0.2886759042739868
INFO:root:23
Train: 0.2906525135040283 VAL: 0.2903558611869812
INFO:root:24
Train: 0.2900412380695343 VAL: 0.295590877532959
INFO:root:25
Train: 0.2883770167827606 VAL: 0.2881321310997009
INFO:root:26
Train: 0.28907620906829834 VAL: 0.2893873453140259
INFO:root:27
Train: 0.287912517786026 VAL: 0.288260817527771
INFO:root:28
Train: 0.286600261926651 VAL: 0.2892152667045593
INFO:root:29
Train: 0.28554338216781616 VAL: 0.28811028599739075
INFO:root:30
Train: 0.2859659790992737 VAL: 0.2910799980163574
INFO:root:31
Train: 0.28656959533691406 VAL: 0.28950244188308716
INFO:root:32
Train: 0.2872427701950073 VAL: 0.29204586148262024
INFO:root:33
Train: 0.28545719385147095 VAL: 0.2891054153442383
INFO:root:34
Train: 0.28534287214279175 VAL: 0.2884438931941986
INFO:root:35
Train: 0.2852092683315277 VAL: 0.28980374336242676
INFO:root:36
Train: 0.2850319743156433 VAL: 0.29234886169433594
INFO:root:37
Train: 0.28179460763931274 VAL: 0.2887172996997833
INFO:root:38
Train: 0.2816276550292969 VAL: 0.2882668972015381
INFO:root:39
Train: 0.2815398871898651 VAL: 0.2887774407863617
INFO:root:40
Train: 0.28159698843955994 VAL: 0.28939583897590637
INFO:root:41
Train: 0.2807565927505493 VAL: 0.2901929020881653
INFO:root:42
Train: 0.2809615731239319 VAL: 0.2899665832519531
INFO:root:43
Train: 0.2802266776561737 VAL: 0.2905181050300598
INFO:root:44
Train: 0.2798554003238678 VAL: 0.2892758846282959
INFO:root:45
Train: 0.28013452887535095 VAL: 0.28875336050987244
INFO:root:46
Train: 0.2798305153846741 VAL: 0.2890274226665497
INFO:root:47
Train: 0.27940797805786133 VAL: 0.2902194857597351
INFO:root:48
Train: 0.27829474210739136 VAL: 0.28890037536621094
INFO:root:49
Train: 0.2782374918460846 VAL: 0.2894864082336426
INFO:root:50
Train: 0.27803927659988403 VAL: 0.289273738861084
INFO:root:51
Train: 0.27706894278526306 VAL: 0.29080960154533386
INFO:root:52
Train: 0.27740538120269775 VAL: 0.29017889499664307
INFO:root:53
Train: 0.2770458161830902 VAL: 0.2903984785079956
INFO:root:54
Train: 0.27692297101020813 VAL: 0.2887652814388275
INFO:root:55
Train: 0.27665823698043823 VAL: 0.29003018140792847
INFO:root:56
Train: 0.27683737874031067 VAL: 0.29061180353164673
INFO:root:57
Train: 0.27682748436927795 VAL: 0.2903520166873932
INFO:root:58
Train: 0.2762673795223236 VAL: 0.28993335366249084
INFO:root:59
Train: 0.2748240828514099 VAL: 0.2900087535381317
INFO:root:BEST VAL: 0.2900087535381317 TEST : 0.2877926826477051
