INFO:root:Namespace(quiet=False, run_id=None, config=None, epochs=200, fold=4, batch_size=128, learn_rate=0.001, betas=(0.9, 0.999), weight_decay=0.001, hidden_size=32, kernel_init='skew-symmetric', note='', seed=None, nlayers=1, attn_head=4, latent_dim=64, dataset='ushcn')
INFO:root:{'input_dim': 5, 'attn_head': 4, 'latent_dim': 64, 'n_layers': 1, 'device': device(type='cuda')}
INFO:root:1
Train: 0.6621752977371216 VAL: 0.4880768656730652
INFO:root:2
Train: 0.5157256126403809 VAL: 0.3761129677295685
INFO:root:3
Train: 0.4609490931034088 VAL: 0.29448622465133667
INFO:root:4
Train: 0.38283756375312805 VAL: 0.2548964023590088
INFO:root:5
Train: 0.3593321144580841 VAL: 0.25478416681289673
INFO:root:6
Train: 0.3356506824493408 VAL: 0.24686765670776367
INFO:root:7
Train: 0.3389242887496948 VAL: 0.2599736154079437
INFO:root:8
Train: 0.3418356478214264 VAL: 0.2734009027481079
INFO:root:9
Train: 0.3438856601715088 VAL: 0.2513543665409088
INFO:root:10
Train: 0.33871254324913025 VAL: 0.24701134860515594
INFO:root:11
Train: 0.32872939109802246 VAL: 0.25374215841293335
INFO:root:12
Train: 0.3276936709880829 VAL: 0.279729425907135
INFO:root:13
Train: 0.3408324420452118 VAL: 0.24462388455867767
INFO:root:14
Train: 0.315974622964859 VAL: 0.24424748122692108
INFO:root:15
Train: 0.331089586019516 VAL: 0.24540632963180542
INFO:root:16
Train: 0.3338961899280548 VAL: 0.24678878486156464
INFO:root:17
Train: 0.3188425600528717 VAL: 0.2502920627593994
INFO:root:18
Train: 0.3217386305332184 VAL: 0.24843700230121613
INFO:root:19
Train: 0.30956533551216125 VAL: 0.24467191100120544
INFO:root:20
Train: 0.3252470791339874 VAL: 0.24410563707351685
INFO:root:21
Train: 0.32693564891815186 VAL: 0.25104281306266785
INFO:root:22
Train: 0.3207036554813385 VAL: 0.24411305785179138
INFO:root:23
Train: 0.3138509690761566 VAL: 0.24363213777542114
INFO:root:24
Train: 0.2949908971786499 VAL: 0.2700878083705902
INFO:root:25
Train: 0.32526877522468567 VAL: 0.25074753165245056
INFO:root:26
Train: 0.3087224066257477 VAL: 0.24314549565315247
INFO:root:27
Train: 0.318013995885849 VAL: 0.24691824615001678
INFO:root:28
Train: 0.3153684139251709 VAL: 0.2596970200538635
INFO:root:29
Train: 0.3238322138786316 VAL: 0.2441016435623169
INFO:root:30
Train: 0.3162402808666229 VAL: 0.25240927934646606
INFO:root:31
Train: 0.3071799576282501 VAL: 0.24506737291812897
INFO:root:32
Train: 0.30228498578071594 VAL: 0.24436186254024506
INFO:root:33
Train: 0.31883740425109863 VAL: 0.254154235124588
INFO:root:34
Train: 0.3101074993610382 VAL: 0.2514028251171112
INFO:root:35
Train: 0.3206251561641693 VAL: 0.24379602074623108
INFO:root:36
Train: 0.31235113739967346 VAL: 0.2447057068347931
INFO:root:37
Train: 0.30753451585769653 VAL: 0.2506355941295624
INFO:root:38
Train: 0.3118421137332916 VAL: 0.2466106116771698
INFO:root:39
Train: 0.3181743919849396 VAL: 0.24295301735401154
INFO:root:40
Train: 0.30969464778900146 VAL: 0.2552625238895416
INFO:root:41
Train: 0.3176170885562897 VAL: 0.24270185828208923
INFO:root:42
Train: 0.3244229853153229 VAL: 0.25549548864364624
INFO:root:43
Train: 0.3173103630542755 VAL: 0.24337980151176453
INFO:root:44
Train: 0.30031588673591614 VAL: 0.25134196877479553
INFO:root:45
Train: 0.3148323893547058 VAL: 0.243955597281456
INFO:root:46
Train: 0.3187984526157379 VAL: 0.24904832243919373
INFO:root:47
Train: 0.3160163462162018 VAL: 0.24907875061035156
INFO:root:48
Train: 0.31978920102119446 VAL: 0.2429407387971878
INFO:root:49
Train: 0.3155987560749054 VAL: 0.2523641884326935
INFO:root:50
Train: 0.3166966736316681 VAL: 0.24860289692878723
INFO:root:51
Train: 0.31287193298339844 VAL: 0.24501647055149078
INFO:root:52
Train: 0.29349660873413086 VAL: 0.25183531641960144
INFO:root:53
Train: 0.3142078220844269 VAL: 0.24595971405506134
INFO:root:54
Train: 0.2836134731769562 VAL: 0.24547213315963745
INFO:root:55
Train: 0.31364819407463074 VAL: 0.24694249033927917
INFO:root:56
Train: 0.30439838767051697 VAL: 0.24482646584510803
INFO:root:57
Train: 0.3112175166606903 VAL: 0.244139164686203
INFO:root:58
Train: 0.3154080808162689 VAL: 0.24756579101085663
INFO:root:59
Train: 0.3141882121562958 VAL: 0.2437029778957367
INFO:root:60
Train: 0.3145304024219513 VAL: 0.2458847016096115
INFO:root:61
Train: 0.2769467830657959 VAL: 0.24644462764263153
INFO:root:62
Train: 0.3008590638637543 VAL: 0.24522149562835693
INFO:root:63
Train: 0.2976461946964264 VAL: 0.2441156506538391
INFO:root:64
Train: 0.31318822503089905 VAL: 0.2488572895526886
INFO:root:65
Train: 0.3123808205127716 VAL: 0.2454667091369629
INFO:root:66
Train: 0.3092091679573059 VAL: 0.2442617416381836
INFO:root:67
Train: 0.303173691034317 VAL: 0.24622920155525208
INFO:root:68
Train: 0.3095981776714325 VAL: 0.24738946557044983
INFO:root:69
Train: 0.31278327107429504 VAL: 0.24400848150253296
INFO:root:70
Train: 0.31618788838386536 VAL: 0.2482212781906128
INFO:root:71
Train: 0.31574782729148865 VAL: 0.2461811751127243
INFO:root:BEST VAL: 0.2461811751127243 TEST : 0.22874364256858826
