INFO:root:Namespace(quiet=False, run_id=None, config=None, epochs=30, batch_size=32, learn_rate=0.001, betas=(0.9, 0.999), weight_decay=0.001, hidden_size=32, latent_size=64, kernel_init='skew-symmetric', note='', seed=None, number_layers=2, encoder_head=2, imab_dim=128, fold=0)
INFO:root:{'input_dim': 5, 'enc_num_heads': 2, 'dec_num_heads': 4, 'num_ref_points': 128, 'mse_weight': 1.0, 'norm': True, 'imab_dim': 128, 'cab_dim': 128, 'decoder_dim': 128, 'n_layers': 2, 'device': 'cpu'}
INFO:root:1
Train: 0.7180467247962952 VAL: 0.3238624036312103 TEST : 0.20772160589694977
INFO:root:2
Train: 0.3949972987174988 VAL: 0.5235963463783264 TEST : 0.21145884692668915
INFO:root:3
Train: 0.37204158306121826 VAL: 0.40669092535972595 TEST : 0.19396987557411194
INFO:root:4
Train: 0.3567211627960205 VAL: 0.32383719086647034 TEST : 0.2051834911108017
INFO:root:5
Train: 0.3373681604862213 VAL: 0.35515451431274414 TEST : 0.20290730893611908
INFO:root:6
Train: 0.3359537422657013 VAL: 0.4499383568763733 TEST : 0.34405091404914856
INFO:root:7
Train: 0.3210288882255554 VAL: 0.4315625727176666 TEST : 0.31138452887535095
INFO:root:8
Train: 0.3312036097049713 VAL: 0.3498395085334778 TEST : 0.26239174604415894
INFO:root:9
Train: 0.3114789128303528 VAL: 0.491991251707077 TEST : 0.3570173382759094
INFO:root:10
Train: 0.31450870633125305 VAL: 0.3698318898677826 TEST : 0.27552497386932373
INFO:root:11
Train: 0.30710741877555847 VAL: 0.5354384779930115 TEST : 0.38003110885620117
INFO:root:12
Train: 0.308978408575058 VAL: 0.33554327487945557 TEST : 0.225321426987648
INFO:root:13
Train: 0.3079872131347656 VAL: 0.5960164070129395 TEST : 0.37125149369239807
INFO:root:14
Train: 0.31175193190574646 VAL: 0.6132684350013733 TEST : 0.42128244042396545
INFO:root:15
Train: 0.3131919801235199 VAL: 0.4043501317501068 TEST : 0.28218623995780945
INFO:root:16
Train: 0.31445616483688354 VAL: 0.3906344175338745 TEST : 0.2645430564880371
INFO:root:17
Train: 0.31699109077453613 VAL: 0.41553398966789246 TEST : 0.1960081309080124
INFO:root:18
Train: 0.3246248960494995 VAL: 0.47851359844207764 TEST : 0.3950349986553192
INFO:root:19
Train: 0.31775525212287903 VAL: 0.4089256823062897 TEST : 0.1923297941684723
INFO:root:Namespace(quiet=False, run_id=None, config=None, epochs=30, batch_size=32, learn_rate=0.001, betas=(0.9, 0.999), weight_decay=0.001, hidden_size=32, latent_size=64, kernel_init='skew-symmetric', note='', seed=None, number_layers=2, encoder_head=2, imab_dim=128, dataset='ushcn', fold=0)
INFO:root:{'input_dim': 5, 'enc_num_heads': 2, 'dec_num_heads': 4, 'num_ref_points': 128, 'mse_weight': 1.0, 'norm': True, 'imab_dim': 128, 'cab_dim': 128, 'decoder_dim': 128, 'n_layers': 2, 'device': 'cpu'}
INFO:root:Namespace(quiet=False, run_id=None, config=None, epochs=30, batch_size=32, learn_rate=0.001, betas=(0.9, 0.999), weight_decay=0.001, hidden_size=32, latent_size=64, kernel_init='skew-symmetric', note='', seed=None, number_layers=2, encoder_head=2, imab_dim=128, dataset='ushcn', fold=0)
INFO:root:{'input_dim': 5, 'enc_num_heads': 2, 'dec_num_heads': 4, 'num_ref_points': 128, 'mse_weight': 1.0, 'norm': True, 'imab_dim': 128, 'cab_dim': 128, 'decoder_dim': 128, 'n_layers': 2, 'device': 'cpu'}
INFO:root:1
Train: 0.7324346899986267 VAL: 0.6562996506690979 TEST : 0.39509475231170654
INFO:root:Namespace(quiet=False, run_id=None, config=None, epochs=30, fold=0, batch_size=32, learn_rate=0.001, betas=(0.9, 0.999), weight_decay=0.001, hidden_size=32, kernel_init='skew-symmetric', note='', seed=None, nlayers=2, attn_head=2, latent_dim=128, dataset='ushcn')
INFO:root:{'input_dim': 5, 'attn_head': 2, 'latent_dim': 128, 'n_layers': 2, 'device': 'cpu'}
INFO:root:1
Train: 0.846464216709137 VAL: 0.3511514365673065 TEST : 0.22810018062591553
INFO:root:2
Train: 0.3721662163734436 VAL: 0.37137964367866516 TEST : 0.2051650583744049
INFO:root:Namespace(quiet=False, run_id=None, config=None, epochs=30, fold=0, batch_size=32, learn_rate=0.001, betas=(0.9, 0.999), weight_decay=0.001, hidden_size=32, kernel_init='skew-symmetric', note='', seed=None, nlayers=2, attn_head=2, latent_dim=128, dataset='ushcn')
INFO:root:{'input_dim': 5, 'attn_head': 2, 'latent_dim': 128, 'n_layers': 2, 'device': 'cpu'}
INFO:root:1
Train: 0.8896196484565735 VAL: 0.363280713558197 TEST : 0.20996269583702087
INFO:root:2
Train: 0.3532637655735016 VAL: 0.6880830526351929 TEST : 0.49262189865112305
INFO:root:Namespace(quiet=False, run_id=None, config=None, epochs=200, fold=0, batch_size=64, learn_rate=0.001, betas=(0.9, 0.999), weight_decay=0.001, hidden_size=32, kernel_init='skew-symmetric', note='', seed=None, nlayers=2, attn_head=2, latent_dim=128, dataset='mimiciii')
INFO:root:{'input_dim': 96, 'attn_head': 2, 'latent_dim': 128, 'n_layers': 2, 'device': device(type='cuda')}
INFO:root:1
Train: 0.5919156670570374 VAL: 0.5273405313491821
INFO:root:2
Train: 0.4746285080909729 VAL: 0.45431822538375854
INFO:root:3
Train: 0.44320759177207947 VAL: 0.44263899326324463
INFO:root:4
Train: 0.4255967140197754 VAL: 0.4351881444454193
INFO:root:5
Train: 0.4187181890010834 VAL: 0.4584750533103943
INFO:root:6
Train: 0.418567419052124 VAL: 0.43825504183769226
INFO:root:7
Train: 0.40597444772720337 VAL: 0.4288949966430664
INFO:root:8
Train: 0.4128706455230713 VAL: 0.4269621968269348
INFO:root:9
Train: 0.460788369178772 VAL: 0.46600067615509033
INFO:root:10
Train: 0.4408862292766571 VAL: 0.47083228826522827
INFO:root:11
Train: 0.40092524886131287 VAL: 0.4670685827732086
INFO:root:12
Train: 0.4079129993915558 VAL: 0.4245445430278778
INFO:root:13
Train: 0.3970862627029419 VAL: 0.42584073543548584
INFO:root:14
Train: 0.4045991897583008 VAL: 0.45580753684043884
INFO:root:15
Train: 0.4017658829689026 VAL: 0.42224055528640747
INFO:root:16
Train: 0.4022477865219116 VAL: 0.43007153272628784
INFO:root:17
Train: 0.41588538885116577 VAL: 0.4155385494232178
INFO:root:18
Train: 0.40583282709121704 VAL: 0.41325509548187256
INFO:root:19
Train: 0.41948825120925903 VAL: 0.4280611276626587
INFO:root:20
Train: 0.42649590969085693 VAL: 0.4184632897377014
INFO:root:21
Train: 0.39381203055381775 VAL: 0.4067721962928772
INFO:root:22
Train: 0.3861141800880432 VAL: 0.4093249440193176
INFO:root:23
Train: 0.3965478539466858 VAL: 0.42786142230033875
INFO:root:24
Train: 0.4076305627822876 VAL: 0.41550856828689575
INFO:root:25
Train: 0.3882872462272644 VAL: 0.4127410352230072
INFO:root:26
Train: 0.38504090905189514 VAL: 0.40117883682250977
INFO:root:27
Train: 0.3877386748790741 VAL: 0.3965305685997009
INFO:root:28
Train: 0.40217921137809753 VAL: 0.42850905656814575
INFO:root:29
Train: 0.3933680057525635 VAL: 0.4088095426559448
INFO:root:30
Train: 0.38470029830932617 VAL: 0.40095627307891846
INFO:root:31
Train: 0.37825673818588257 VAL: 0.4107990264892578
INFO:root:32
Train: 0.37928518652915955 VAL: 0.4069862961769104
INFO:root:33
Train: 0.3910701274871826 VAL: 0.4368651509284973
INFO:root:34
Train: 0.38864806294441223 VAL: 0.40554898977279663
INFO:root:35
Train: 0.3737643361091614 VAL: 0.39534997940063477
INFO:root:36
Train: 0.37061846256256104 VAL: 0.39827826619148254
INFO:root:37
Train: 0.3674459457397461 VAL: 0.39307060837745667
INFO:root:38
Train: 0.3867813050746918 VAL: 0.4428214132785797
INFO:root:39
Train: 0.41958242654800415 VAL: 0.5142877101898193
INFO:root:40
Train: 0.3981791138648987 VAL: 0.41523855924606323
INFO:root:41
Train: 0.38370996713638306 VAL: 0.3995770812034607
INFO:root:42
Train: 0.365447998046875 VAL: 0.40357616543769836
INFO:root:43
Train: 0.36143872141838074 VAL: 0.3986939787864685
INFO:root:44
Train: 0.3584258258342743 VAL: 0.39771169424057007
INFO:root:45
Train: 0.35748979449272156 VAL: 0.40222829580307007
INFO:root:46
Train: 0.3529479205608368 VAL: 0.3993760645389557
INFO:root:47
Train: 0.36587977409362793 VAL: 0.3921387195587158
INFO:root:48
Train: 0.3619268238544464 VAL: 0.39340686798095703
INFO:root:49
Train: 0.36660799384117126 VAL: 0.40401190519332886
INFO:root:50
Train: 0.3611612021923065 VAL: 0.4026108384132385
INFO:root:51
Train: 0.3572924733161926 VAL: 0.3989984393119812
INFO:root:52
Train: 0.34868279099464417 VAL: 0.4073445200920105
INFO:root:53
Train: 0.35432469844818115 VAL: 0.40558934211730957
INFO:root:54
Train: 0.35355323553085327 VAL: 0.4099183976650238
INFO:root:55
Train: 0.3555079996585846 VAL: 0.39758533239364624
INFO:root:56
Train: 0.3531239926815033 VAL: 0.41552361845970154
INFO:root:57
Train: 0.34533125162124634 VAL: 0.4049232304096222
INFO:root:58
Train: 0.3429843783378601 VAL: 0.39694178104400635
INFO:root:59
Train: 0.32676658034324646 VAL: 0.3987320363521576
INFO:root:60
Train: 0.32287344336509705 VAL: 0.3953176438808441
INFO:root:61
Train: 0.3208642303943634 VAL: 0.3973411023616791
INFO:root:62
Train: 0.3224463164806366 VAL: 0.40127092599868774
INFO:root:63
Train: 0.3197150230407715 VAL: 0.4065314531326294
INFO:root:64
Train: 0.31185784935951233 VAL: 0.3983265161514282
INFO:root:65
Train: 0.31276893615722656 VAL: 0.42045190930366516
INFO:root:66
Train: 0.30883097648620605 VAL: 0.40109628438949585
INFO:root:67
Train: 0.30033794045448303 VAL: 0.4062151610851288
INFO:root:68
Train: 0.3001917898654938 VAL: 0.40913206338882446
INFO:root:69
Train: 0.2931167781352997 VAL: 0.41101211309432983
INFO:root:70
Train: 0.27750152349472046 VAL: 0.39834675192832947
INFO:root:71
Train: 0.27004921436309814 VAL: 0.4102928042411804
INFO:root:72
Train: 0.2672596871852875 VAL: 0.4076470136642456
INFO:root:73
Train: 0.26279935240745544 VAL: 0.40706485509872437
INFO:root:74
Train: 0.25829651951789856 VAL: 0.4109173119068146
INFO:root:75
Train: 0.25406166911125183 VAL: 0.4100548326969147
INFO:root:76
Train: 0.24923747777938843 VAL: 0.4037022590637207
INFO:root:77
Train: 0.2472463995218277 VAL: 0.4148123860359192
INFO:root:Namespace(quiet=False, run_id=None, config=None, epochs=200, fold=0, batch_size=128, learn_rate=0.001, betas=(0.9, 0.999), weight_decay=0.001, hidden_size=32, kernel_init='skew-symmetric', note='', seed=None, nlayers=2, attn_head=2, latent_dim=128, dataset='ushcn')
INFO:root:{'input_dim': 5, 'attn_head': 2, 'latent_dim': 128, 'n_layers': 2, 'device': device(type='cuda')}
INFO:root:1
Train: 1.3734403848648071 VAL: 0.7696499824523926
INFO:root:2
Train: 0.6362311840057373 VAL: 0.5684071183204651
INFO:root:3
Train: 0.46768900752067566 VAL: 0.5266447067260742
INFO:root:4
Train: 0.3655741512775421 VAL: 0.6375159025192261
INFO:root:5
Train: 0.3304841220378876 VAL: 0.33667677640914917
INFO:root:6
Train: 0.334067702293396 VAL: 0.3054770231246948
INFO:root:7
Train: 0.28797265887260437 VAL: 0.49467456340789795
INFO:root:8
Train: 0.32044172286987305 VAL: 0.39380329847335815
INFO:root:9
Train: 0.3192472755908966 VAL: 0.3130952715873718
INFO:root:10
Train: 0.3125496804714203 VAL: 0.3967580795288086
INFO:root:11
Train: 0.31383052468299866 VAL: 0.47516393661499023
INFO:root:12
Train: 0.2906636893749237 VAL: 0.3567730784416199
INFO:root:13
Train: 0.3036591112613678 VAL: 0.41945257782936096
INFO:root:14
Train: 0.3109121322631836 VAL: 0.43101343512535095
INFO:root:15
Train: 0.3120585083961487 VAL: 0.3889394700527191
INFO:root:16
Train: 0.31139910221099854 VAL: 0.4928097128868103
INFO:root:17
Train: 0.30906757712364197 VAL: 0.3696178197860718
INFO:root:18
Train: 0.30289196968078613 VAL: 0.38813722133636475
INFO:root:19
Train: 0.3001849353313446 VAL: 0.4470955729484558
INFO:root:20
Train: 0.2788539230823517 VAL: 0.4478362798690796
INFO:root:21
Train: 0.3055783808231354 VAL: 0.42071396112442017
INFO:root:22
Train: 0.3001493215560913 VAL: 0.40748894214630127
INFO:root:23
Train: 0.2840080261230469 VAL: 0.4050391614437103
INFO:root:24
Train: 0.2826146185398102 VAL: 0.4086818993091583
INFO:root:25
Train: 0.28014594316482544 VAL: 0.42253607511520386
INFO:root:26
Train: 0.3014895021915436 VAL: 0.41898804903030396
INFO:root:27
Train: 0.3027346134185791 VAL: 0.4124526381492615
INFO:root:28
Train: 0.2778080999851227 VAL: 0.412066787481308
INFO:root:29
Train: 0.30034127831459045 VAL: 0.4177919626235962
INFO:root:30
Train: 0.2936874330043793 VAL: 0.4137939214706421
INFO:root:31
Train: 0.29593148827552795 VAL: 0.409430593252182
INFO:root:32
Train: 0.3016047775745392 VAL: 0.4104481637477875
INFO:root:33
Train: 0.28320062160491943 VAL: 0.4199020266532898
INFO:root:34
Train: 0.2983325719833374 VAL: 0.41974449157714844
INFO:root:35
Train: 0.2970716059207916 VAL: 0.4176766574382782
INFO:root:36
Train: 0.27924469113349915 VAL: 0.4181656837463379
INFO:root:BEST VAL: 0.4181656837463379 TEST : 0.2245398759841919
INFO:root:Namespace(quiet=False, run_id=None, config=None, epochs=1, fold=0, batch_size=64, learn_rate=0.001, betas=(0.9, 0.999), weight_decay=0.001, hidden_size=32, kernel_init='skew-symmetric', note='', seed=None, nlayers=2, attn_head=2, latent_dim=128, dataset='mimiciii')
INFO:root:{'input_dim': 96, 'attn_head': 2, 'latent_dim': 128, 'n_layers': 2, 'device': device(type='cuda')}
INFO:root:1
Train: 0.5634241104125977 VAL: 0.4871895909309387
INFO:root:BEST VAL: 0.4871895909309387 TEST : 0.35473135113716125
