INFO:root:Namespace(quiet=False, run_id=None, config=None, epochs=200, fold=4, batch_size=64, learn_rate=0.001, betas=(0.9, 0.999), weight_decay=0.001, hidden_size=32, kernel_init='skew-symmetric', note='', seed=None, nlayers=1, attn_head=4, latent_dim=32, dataset='mimiciii')
INFO:root:{'input_dim': 96, 'attn_head': 4, 'latent_dim': 32, 'n_layers': 1, 'device': device(type='cuda')}
INFO:root:1
Train: 0.582822322845459 VAL: 0.5549546480178833
INFO:root:2
Train: 0.5225418210029602 VAL: 0.5324121713638306
INFO:root:3
Train: 0.49584639072418213 VAL: 0.5086815357208252
INFO:root:4
Train: 0.47801151871681213 VAL: 0.4908267855644226
INFO:root:5
Train: 0.467369943857193 VAL: 0.48677557706832886
INFO:root:6
Train: 0.4553249180316925 VAL: 0.4800602197647095
INFO:root:7
Train: 0.44603201746940613 VAL: 0.47403115034103394
INFO:root:8
Train: 0.4392753839492798 VAL: 0.47174978256225586
INFO:root:9
Train: 0.43137985467910767 VAL: 0.46637919545173645
INFO:root:10
Train: 0.42944684624671936 VAL: 0.46381035447120667
INFO:root:11
Train: 0.4269948899745941 VAL: 0.4672818183898926
INFO:root:12
Train: 0.42302533984184265 VAL: 0.46125179529190063
INFO:root:13
Train: 0.42244526743888855 VAL: 0.46205857396125793
INFO:root:14
Train: 0.4186539351940155 VAL: 0.45895183086395264
INFO:root:15
Train: 0.4160676598548889 VAL: 0.45854678750038147
INFO:root:16
Train: 0.412357360124588 VAL: 0.4551622271537781
INFO:root:17
Train: 0.40990692377090454 VAL: 0.45595622062683105
INFO:root:18
Train: 0.40997591614723206 VAL: 0.45162317156791687
INFO:root:19
Train: 0.4091213643550873 VAL: 0.4604969620704651
INFO:root:20
Train: 0.4050111770629883 VAL: 0.4533803462982178
INFO:root:21
Train: 0.4051162898540497 VAL: 0.44731417298316956
INFO:root:22
Train: 0.40350303053855896 VAL: 0.4458981156349182
INFO:root:23
Train: 0.40264204144477844 VAL: 0.4493294358253479
INFO:root:24
Train: 0.4013424813747406 VAL: 0.45264023542404175
INFO:root:25
Train: 0.39938145875930786 VAL: 0.44774800539016724
INFO:root:26
Train: 0.3963623642921448 VAL: 0.4453476667404175
INFO:root:27
Train: 0.39855241775512695 VAL: 0.44388940930366516
INFO:root:28
Train: 0.39593857526779175 VAL: 0.4463299512863159
INFO:root:29
Train: 0.39684489369392395 VAL: 0.44677573442459106
INFO:root:30
Train: 0.39419594407081604 VAL: 0.44147181510925293
INFO:root:31
Train: 0.39684125781059265 VAL: 0.44692564010620117
INFO:root:32
Train: 0.3919071555137634 VAL: 0.4421299695968628
INFO:root:33
Train: 0.39396587014198303 VAL: 0.44159072637557983
INFO:root:34
Train: 0.39091750979423523 VAL: 0.43738073110580444
INFO:root:35
Train: 0.38865041732788086 VAL: 0.4400242865085602
INFO:root:36
Train: 0.3904004991054535 VAL: 0.43639305233955383
INFO:root:37
Train: 0.38819265365600586 VAL: 0.435482382774353
INFO:root:38
Train: 0.39145851135253906 VAL: 0.4408578872680664
INFO:root:39
Train: 0.3885590434074402 VAL: 0.4428946375846863
INFO:root:40
Train: 0.3895769417285919 VAL: 0.43617501854896545
INFO:root:41
Train: 0.3866960406303406 VAL: 0.43610304594039917
INFO:root:42
Train: 0.384005069732666 VAL: 0.436618834733963
INFO:root:43
Train: 0.38208717107772827 VAL: 0.4440656006336212
INFO:root:44
Train: 0.3831557333469391 VAL: 0.431988924741745
INFO:root:45
Train: 0.3817359507083893 VAL: 0.4334374964237213
INFO:root:46
Train: 0.3803611993789673 VAL: 0.42847755551338196
INFO:root:47
Train: 0.3791458010673523 VAL: 0.43062207102775574
INFO:root:48
Train: 0.38033798336982727 VAL: 0.4283508062362671
INFO:root:49
Train: 0.3774750232696533 VAL: 0.4320218563079834
INFO:root:50
Train: 0.3738745152950287 VAL: 0.42700737714767456
INFO:root:51
Train: 0.37355348467826843 VAL: 0.43123605847358704
INFO:root:52
Train: 0.3750932812690735 VAL: 0.430605411529541
INFO:root:53
Train: 0.3729771673679352 VAL: 0.4391914904117584
INFO:root:54
Train: 0.3740854561328888 VAL: 0.4281613826751709
INFO:root:55
Train: 0.3693569600582123 VAL: 0.4233092963695526
INFO:root:56
Train: 0.37565651535987854 VAL: 0.4253427982330322
INFO:root:57
Train: 0.3696752190589905 VAL: 0.42993006110191345
INFO:root:58
Train: 0.3661576509475708 VAL: 0.42141449451446533
INFO:root:59
Train: 0.3681151568889618 VAL: 0.4217369258403778
INFO:root:60
Train: 0.36567848920822144 VAL: 0.4246006906032562
INFO:root:61
Train: 0.36599960923194885 VAL: 0.42006760835647583
INFO:root:62
Train: 0.3629674017429352 VAL: 0.41785281896591187
INFO:root:63
Train: 0.3622303009033203 VAL: 0.4204370975494385
INFO:root:64
Train: 0.36440980434417725 VAL: 0.4186236560344696
INFO:root:65
Train: 0.3612392842769623 VAL: 0.420951247215271
INFO:root:66
Train: 0.36147448420524597 VAL: 0.4238990843296051
INFO:root:67
Train: 0.3644052743911743 VAL: 0.4189169406890869
INFO:root:68
Train: 0.3607051968574524 VAL: 0.42609697580337524
INFO:root:69
Train: 0.3598518669605255 VAL: 0.4201119542121887
INFO:root:70
Train: 0.3568606972694397 VAL: 0.4176989197731018
INFO:root:71
Train: 0.354764848947525 VAL: 0.4207790791988373
INFO:root:72
Train: 0.3567884564399719 VAL: 0.42342543601989746
INFO:root:73
Train: 0.3556825518608093 VAL: 0.41752779483795166
INFO:root:74
Train: 0.3576888144016266 VAL: 0.41711777448654175
INFO:root:75
Train: 0.3575406074523926 VAL: 0.41922372579574585
INFO:root:76
Train: 0.3545217514038086 VAL: 0.4255119264125824
INFO:root:77
Train: 0.35400792956352234 VAL: 0.4203789234161377
INFO:root:78
Train: 0.35694554448127747 VAL: 0.4234786033630371
INFO:root:79
Train: 0.35243120789527893 VAL: 0.42300087213516235
INFO:root:80
Train: 0.35150036215782166 VAL: 0.4145684242248535
INFO:root:81
Train: 0.35077807307243347 VAL: 0.42022061347961426
INFO:root:82
Train: 0.3512561619281769 VAL: 0.4167880117893219
INFO:root:83
Train: 0.34939658641815186 VAL: 0.42102324962615967
INFO:root:84
Train: 0.35350728034973145 VAL: 0.42013394832611084
INFO:root:85
Train: 0.34831345081329346 VAL: 0.4239574670791626
INFO:root:86
Train: 0.3490285873413086 VAL: 0.419236958026886
INFO:root:87
Train: 0.3486308753490448 VAL: 0.41645097732543945
INFO:root:88
Train: 0.35037505626678467 VAL: 0.42141851782798767
INFO:root:89
Train: 0.3482351303100586 VAL: 0.4162744879722595
INFO:root:90
Train: 0.3467998504638672 VAL: 0.4191610813140869
INFO:root:91
Train: 0.34833618998527527 VAL: 0.41738319396972656
INFO:root:92
Train: 0.3418107032775879 VAL: 0.41427189111709595
INFO:root:93
Train: 0.3412882387638092 VAL: 0.41613277792930603
INFO:root:94
Train: 0.34022256731987 VAL: 0.41596293449401855
INFO:root:95
Train: 0.33843961358070374 VAL: 0.416559636592865
INFO:root:96
Train: 0.3384341895580292 VAL: 0.41837021708488464
INFO:root:97
Train: 0.3374866247177124 VAL: 0.41399723291397095
INFO:root:98
Train: 0.3377009332180023 VAL: 0.4178691804409027
INFO:root:99
Train: 0.3368014693260193 VAL: 0.4196147918701172
INFO:root:100
Train: 0.33927613496780396 VAL: 0.4195096492767334
INFO:root:101
Train: 0.33845803141593933 VAL: 0.4189738631248474
INFO:root:102
Train: 0.33717620372772217 VAL: 0.41745299100875854
INFO:root:103
Train: 0.3343106210231781 VAL: 0.42098528146743774
INFO:root:104
Train: 0.33412623405456543 VAL: 0.4173484146595001
INFO:root:105
Train: 0.3330220878124237 VAL: 0.42116695642471313
INFO:root:106
Train: 0.3329618573188782 VAL: 0.41685402393341064
INFO:root:107
Train: 0.3332946002483368 VAL: 0.4214704632759094
INFO:root:108
Train: 0.33138319849967957 VAL: 0.4191095232963562
INFO:root:109
Train: 0.3286128342151642 VAL: 0.41626113653182983
INFO:root:110
Train: 0.3294757008552551 VAL: 0.4198870062828064
INFO:root:111
Train: 0.3287598490715027 VAL: 0.4207676351070404
INFO:root:112
Train: 0.3294679522514343 VAL: 0.41729748249053955
INFO:root:113
Train: 0.3279297649860382 VAL: 0.41683894395828247
INFO:root:114
Train: 0.32728394865989685 VAL: 0.4179918169975281
INFO:root:115
Train: 0.3283694386482239 VAL: 0.41939693689346313
INFO:root:116
Train: 0.3297187089920044 VAL: 0.41777533292770386
INFO:root:117
Train: 0.32851818203926086 VAL: 0.4178311228752136
INFO:root:118
Train: 0.32756543159484863 VAL: 0.41623106598854065
INFO:root:119
Train: 0.326665461063385 VAL: 0.4173973798751831
INFO:root:120
Train: 0.32611942291259766 VAL: 0.41742148995399475
INFO:root:121
Train: 0.32433998584747314 VAL: 0.419072687625885
INFO:root:122
Train: 0.3244393467903137 VAL: 0.41785693168640137
INFO:root:123
Train: 0.3260008692741394 VAL: 0.4182416796684265
INFO:root:124
Train: 0.32303574681282043 VAL: 0.417796790599823
INFO:root:125
Train: 0.32532018423080444 VAL: 0.4187721014022827
INFO:root:126
Train: 0.3264171779155731 VAL: 0.41797757148742676
INFO:root:127
Train: 0.3258572518825531 VAL: 0.41896969079971313
INFO:root:BEST VAL: 0.41896969079971313 TEST : 0.4031682014465332
