INFO:root:Namespace(quiet=False, run_id=None, config=None, epochs=200, fold=1, batch_size=128, learn_rate=0.001, betas=(0.9, 0.999), weight_decay=0.001, hidden_size=32, kernel_init='skew-symmetric', note='', seed=None, nlayers=4, attn_head=1, latent_dim=64, dataset='physionet2012')
INFO:root:{'input_dim': 37, 'attn_head': 1, 'latent_dim': 64, 'n_layers': 4, 'device': device(type='cuda')}
INFO:root:1
Train: 0.49060532450675964 VAL: 0.3673411011695862
INFO:root:2
Train: 0.32339993119239807 VAL: 0.29826653003692627
INFO:root:3
Train: 0.3025374114513397 VAL: 0.3049095571041107
INFO:root:4
Train: 0.29919758439064026 VAL: 0.2978496849536896
INFO:root:5
Train: 0.2983832061290741 VAL: 0.2965547740459442
INFO:root:6
Train: 0.29806482791900635 VAL: 0.2930832505226135
INFO:root:7
Train: 0.2946803867816925 VAL: 0.2923917770385742
INFO:root:8
Train: 0.2943669855594635 VAL: 0.29379355907440186
INFO:root:9
Train: 0.29343584179878235 VAL: 0.29182612895965576
INFO:root:10
Train: 0.29327017068862915 VAL: 0.29533320665359497
INFO:root:11
Train: 0.29327845573425293 VAL: 0.29887545108795166
INFO:root:12
Train: 0.2929299473762512 VAL: 0.2916530966758728
INFO:root:13
Train: 0.2924921214580536 VAL: 0.2940753102302551
INFO:root:14
Train: 0.2909798324108124 VAL: 0.28889864683151245
INFO:root:15
Train: 0.2904134690761566 VAL: 0.29344692826271057
INFO:root:16
Train: 0.2894352376461029 VAL: 0.28969529271125793
INFO:root:17
Train: 0.2892197370529175 VAL: 0.29061782360076904
INFO:root:18
Train: 0.28778067231178284 VAL: 0.28778132796287537
INFO:root:19
Train: 0.28693971037864685 VAL: 0.29292553663253784
INFO:root:20
Train: 0.28702065348625183 VAL: 0.291974276304245
INFO:root:21
Train: 0.28752124309539795 VAL: 0.28920668363571167
INFO:root:22
Train: 0.2860027253627777 VAL: 0.290715754032135
INFO:root:23
Train: 0.28549450635910034 VAL: 0.28824520111083984
INFO:root:24
Train: 0.284930944442749 VAL: 0.2884325385093689
INFO:root:25
Train: 0.28496024012565613 VAL: 0.2907573878765106
INFO:root:26
Train: 0.2845958173274994 VAL: 0.28875118494033813
INFO:root:27
Train: 0.2857848107814789 VAL: 0.2879062592983246
INFO:root:28
Train: 0.28307732939720154 VAL: 0.28929758071899414
INFO:root:29
Train: 0.2841812074184418 VAL: 0.28773748874664307
INFO:root:30
Train: 0.2808711528778076 VAL: 0.2864220440387726
INFO:root:31
Train: 0.2824227809906006 VAL: 0.28869736194610596
INFO:root:32
Train: 0.2827158272266388 VAL: 0.2948116064071655
INFO:root:33
Train: 0.2827126681804657 VAL: 0.29074519872665405
INFO:root:34
Train: 0.281453937292099 VAL: 0.28664252161979675
INFO:root:35
Train: 0.27919769287109375 VAL: 0.28873157501220703
INFO:root:36
Train: 0.2790856659412384 VAL: 0.2865155041217804
INFO:root:37
Train: 0.28175088763237 VAL: 0.29205018281936646
INFO:root:38
Train: 0.2792389690876007 VAL: 0.287130206823349
INFO:root:39
Train: 0.2760692536830902 VAL: 0.29080966114997864
INFO:root:40
Train: 0.2757490277290344 VAL: 0.2897471487522125
INFO:root:41
Train: 0.2759988307952881 VAL: 0.28846868872642517
INFO:root:42
Train: 0.2705506980419159 VAL: 0.29058724641799927
INFO:root:43
Train: 0.26940229535102844 VAL: 0.28697553277015686
INFO:root:44
Train: 0.26802557706832886 VAL: 0.2897273600101471
INFO:root:45
Train: 0.2679607570171356 VAL: 0.28691715002059937
INFO:root:46
Train: 0.2662542462348938 VAL: 0.2880036234855652
INFO:root:47
Train: 0.2662338316440582 VAL: 0.2882203459739685
INFO:root:48
Train: 0.26451098918914795 VAL: 0.2894178628921509
INFO:root:49
Train: 0.26436352729797363 VAL: 0.2944580614566803
INFO:root:50
Train: 0.2624818980693817 VAL: 0.2911302447319031
INFO:root:51
Train: 0.2603432536125183 VAL: 0.288533091545105
INFO:root:52
Train: 0.26003631949424744 VAL: 0.2926103472709656
INFO:root:53
Train: 0.25535765290260315 VAL: 0.2914001941680908
INFO:root:54
Train: 0.2532726228237152 VAL: 0.2919103801250458
INFO:root:55
Train: 0.2522853910923004 VAL: 0.2920830547809601
INFO:root:56
Train: 0.25084570050239563 VAL: 0.29204756021499634
INFO:root:57
Train: 0.2507682740688324 VAL: 0.29276371002197266
INFO:root:58
Train: 0.24943400919437408 VAL: 0.2950948476791382
INFO:root:59
Train: 0.24732579290866852 VAL: 0.2931062579154968
INFO:root:60
Train: 0.24632835388183594 VAL: 0.293310284614563
INFO:root:BEST VAL: 0.293310284614563 TEST : 0.2883567214012146
