INFO:root:Namespace(quiet=False, run_id=None, config=None, epochs=200, fold=0, batch_size=128, learn_rate=0.001, betas=(0.9, 0.999), weight_decay=0.001, hidden_size=32, kernel_init='skew-symmetric', note='', seed=None, nlayers=1, attn_head=2, latent_dim=256, dataset='ushcn')
INFO:root:{'input_dim': 5, 'attn_head': 2, 'latent_dim': 256, 'n_layers': 1, 'device': device(type='cuda')}
INFO:root:1
Train: 2.7144594192504883 VAL: 0.8392677903175354
INFO:root:2
Train: 0.7521074414253235 VAL: 0.9036198854446411
INFO:root:3
Train: 0.5938555598258972 VAL: 0.6428832411766052
INFO:root:4
Train: 0.4187343120574951 VAL: 0.3524704873561859
INFO:root:5
Train: 0.35768428444862366 VAL: 0.44984087347984314
INFO:root:6
Train: 0.3541194200515747 VAL: 0.43914809823036194
INFO:root:7
Train: 0.33606764674186707 VAL: 0.39782559871673584
INFO:root:8
Train: 0.3106149137020111 VAL: 0.9383469223976135
INFO:root:9
Train: 0.3243703842163086 VAL: 0.441106915473938
INFO:root:10
Train: 0.2931475341320038 VAL: 0.31943973898887634
INFO:root:11
Train: 0.3105222284793854 VAL: 0.35123372077941895
INFO:root:12
Train: 0.29649609327316284 VAL: 0.5912685394287109
INFO:root:13
Train: 0.3016410171985626 VAL: 0.5255630016326904
INFO:root:14
Train: 0.29646381735801697 VAL: 0.43664786219596863
INFO:root:15
Train: 0.2905624508857727 VAL: 0.4556122422218323
INFO:root:16
Train: 0.2952519953250885 VAL: 0.5114102959632874
INFO:root:17
Train: 0.277711421251297 VAL: 0.4739294946193695
INFO:root:18
Train: 0.2897787392139435 VAL: 0.4653879702091217
INFO:root:19
Train: 0.29610487818717957 VAL: 0.5550905466079712
INFO:root:20
Train: 0.2990163266658783 VAL: 0.5310696363449097
INFO:root:21
Train: 0.28718921542167664 VAL: 0.4562321603298187
INFO:root:22
Train: 0.2771017849445343 VAL: 0.4672302007675171
INFO:root:23
Train: 0.27495741844177246 VAL: 0.5036742687225342
INFO:root:24
Train: 0.2833348214626312 VAL: 0.5423358678817749
INFO:root:25
Train: 0.2969980537891388 VAL: 0.49396589398384094
INFO:root:26
Train: 0.2952001094818115 VAL: 0.4731512665748596
INFO:root:27
Train: 0.2959602475166321 VAL: 0.45350152254104614
INFO:root:28
Train: 0.2906966507434845 VAL: 0.532522976398468
INFO:root:29
Train: 0.296252578496933 VAL: 0.5101978182792664
INFO:root:30
Train: 0.2895798683166504 VAL: 0.517742395401001
INFO:root:31
Train: 0.28653964400291443 VAL: 0.5013548135757446
INFO:root:32
Train: 0.2871108949184418 VAL: 0.4805728495121002
INFO:root:33
Train: 0.2914314270019531 VAL: 0.4791291356086731
INFO:root:34
Train: 0.2900151312351227 VAL: 0.5365341305732727
INFO:root:35
Train: 0.2833481729030609 VAL: 0.5013764500617981
INFO:root:36
Train: 0.28824225068092346 VAL: 0.49956589937210083
INFO:root:37
Train: 0.29137513041496277 VAL: 0.47769516706466675
INFO:root:38
Train: 0.2856214642524719 VAL: 0.5008946657180786
INFO:root:39
Train: 0.29098349809646606 VAL: 0.5182362198829651
INFO:root:40
Train: 0.287137895822525 VAL: 0.5436950922012329
INFO:root:BEST VAL: 0.5436950922012329 TEST : 0.20707479119300842
