INFO:root:Namespace(quiet=False, run_id=None, config=None, epochs=200, fold=3, batch_size=64, learn_rate=0.001, betas=(0.9, 0.999), weight_decay=0.001, hidden_size=32, kernel_init='skew-symmetric', note='', seed=None, nlayers=1, attn_head=4, latent_dim=32, dataset='mimiciii')
INFO:root:{'input_dim': 96, 'attn_head': 4, 'latent_dim': 32, 'n_layers': 1, 'device': device(type='cuda')}
INFO:root:1
Train: 0.5873715877532959 VAL: 0.5292273759841919
INFO:root:2
Train: 0.5380815863609314 VAL: 0.49136918783187866
INFO:root:3
Train: 0.5041408538818359 VAL: 0.4651128649711609
INFO:root:4
Train: 0.4843144118785858 VAL: 0.5020307302474976
INFO:root:5
Train: 0.46518972516059875 VAL: 0.44650793075561523
INFO:root:6
Train: 0.4533902108669281 VAL: 0.4381105303764343
INFO:root:7
Train: 0.44399869441986084 VAL: 0.4293619990348816
INFO:root:8
Train: 0.43986374139785767 VAL: 0.4341358542442322
INFO:root:9
Train: 0.4401587247848511 VAL: 0.4403808116912842
INFO:root:10
Train: 0.42730289697647095 VAL: 0.4218129515647888
INFO:root:11
Train: 0.4299428462982178 VAL: 0.4132331907749176
INFO:root:12
Train: 0.42785170674324036 VAL: 0.4204361140727997
INFO:root:13
Train: 0.4254871904850006 VAL: 0.4128418564796448
INFO:root:14
Train: 0.4206429421901703 VAL: 0.41041457653045654
INFO:root:15
Train: 0.4202532470226288 VAL: 0.4187648296356201
INFO:root:16
Train: 0.4205568730831146 VAL: 0.41790419816970825
INFO:root:17
Train: 0.420425683259964 VAL: 0.4095648527145386
INFO:root:18
Train: 0.4196772575378418 VAL: 0.40736323595046997
INFO:root:19
Train: 0.41752082109451294 VAL: 0.41066375374794006
INFO:root:20
Train: 0.4184820353984833 VAL: 0.4092007279396057
INFO:root:21
Train: 0.4135989248752594 VAL: 0.4081554412841797
INFO:root:22
Train: 0.413011372089386 VAL: 0.4157792925834656
INFO:root:23
Train: 0.4124203622341156 VAL: 0.4050954580307007
INFO:root:24
Train: 0.4093075096607208 VAL: 0.40458473563194275
INFO:root:25
Train: 0.4046771824359894 VAL: 0.39822670817375183
INFO:root:26
Train: 0.4093695282936096 VAL: 0.40716201066970825
INFO:root:27
Train: 0.4062431752681732 VAL: 0.401563823223114
INFO:root:28
Train: 0.4093121588230133 VAL: 0.3997232913970947
INFO:root:29
Train: 0.40578463673591614 VAL: 0.397890567779541
INFO:root:30
Train: 0.407014399766922 VAL: 0.3987935781478882
INFO:root:31
Train: 0.4012446701526642 VAL: 0.3971317410469055
INFO:root:32
Train: 0.3985964357852936 VAL: 0.3964245319366455
INFO:root:33
Train: 0.39488619565963745 VAL: 0.39205652475357056
INFO:root:34
Train: 0.39755669236183167 VAL: 0.396173357963562
INFO:root:35
Train: 0.4017223119735718 VAL: 0.39134496450424194
INFO:root:36
Train: 0.4002082645893097 VAL: 0.3927873969078064
INFO:root:37
Train: 0.3961328864097595 VAL: 0.3880704641342163
INFO:root:38
Train: 0.39599645137786865 VAL: 0.394828736782074
INFO:root:39
Train: 0.38934364914894104 VAL: 0.38564333319664
INFO:root:40
Train: 0.39000821113586426 VAL: 0.39832156896591187
INFO:root:41
Train: 0.3942035734653473 VAL: 0.3862383961677551
INFO:root:42
Train: 0.3897721767425537 VAL: 0.3938853144645691
INFO:root:43
Train: 0.38624465465545654 VAL: 0.38454490900039673
INFO:root:44
Train: 0.3882721960544586 VAL: 0.3838913142681122
INFO:root:45
Train: 0.3854735195636749 VAL: 0.3867397904396057
INFO:root:46
Train: 0.3837483823299408 VAL: 0.388458788394928
INFO:root:47
Train: 0.3849277198314667 VAL: 0.3888622522354126
INFO:root:48
Train: 0.3820606768131256 VAL: 0.39050188660621643
INFO:root:49
Train: 0.3810313045978546 VAL: 0.3851734399795532
INFO:root:50
Train: 0.381100058555603 VAL: 0.38299185037612915
INFO:root:51
Train: 0.379965215921402 VAL: 0.3810761570930481
INFO:root:52
Train: 0.3799404501914978 VAL: 0.39114460349082947
INFO:root:53
Train: 0.37824246287345886 VAL: 0.3795933723449707
INFO:root:54
Train: 0.3787052631378174 VAL: 0.38891392946243286
INFO:root:55
Train: 0.37915942072868347 VAL: 0.38184022903442383
INFO:root:56
Train: 0.37715157866477966 VAL: 0.3812270164489746
INFO:root:57
Train: 0.3748061954975128 VAL: 0.3818865418434143
INFO:root:58
Train: 0.374472975730896 VAL: 0.3838372826576233
INFO:root:59
Train: 0.372683048248291 VAL: 0.38363200426101685
INFO:root:60
Train: 0.3797929286956787 VAL: 0.3775067925453186
INFO:root:61
Train: 0.3725588619709015 VAL: 0.3764762878417969
INFO:root:62
Train: 0.3704231083393097 VAL: 0.3799576461315155
INFO:root:63
Train: 0.37418442964553833 VAL: 0.38210099935531616
INFO:root:64
Train: 0.36731284856796265 VAL: 0.37484028935432434
INFO:root:65
Train: 0.366811603307724 VAL: 0.37881290912628174
INFO:root:66
Train: 0.3656253218650818 VAL: 0.3760300874710083
INFO:root:67
Train: 0.3676103949546814 VAL: 0.38719892501831055
INFO:root:68
Train: 0.3675374388694763 VAL: 0.380835622549057
INFO:root:69
Train: 0.3645971715450287 VAL: 0.3796405792236328
INFO:root:70
Train: 0.36476489901542664 VAL: 0.37990227341651917
INFO:root:71
Train: 0.36194297671318054 VAL: 0.3793899416923523
INFO:root:72
Train: 0.3714918792247772 VAL: 0.38006165623664856
INFO:root:73
Train: 0.3641616404056549 VAL: 0.37859320640563965
INFO:root:74
Train: 0.3598741590976715 VAL: 0.3768930435180664
INFO:root:75
Train: 0.35994482040405273 VAL: 0.37843090295791626
INFO:root:76
Train: 0.3546141982078552 VAL: 0.37423163652420044
INFO:root:77
Train: 0.3545050621032715 VAL: 0.37664514780044556
INFO:root:78
Train: 0.3519503176212311 VAL: 0.37604981660842896
INFO:root:79
Train: 0.356577605009079 VAL: 0.37434840202331543
INFO:root:80
Train: 0.35356730222702026 VAL: 0.37575387954711914
INFO:root:81
Train: 0.35161879658699036 VAL: 0.37544605135917664
INFO:root:82
Train: 0.3527359664440155 VAL: 0.3756146728992462
INFO:root:83
Train: 0.35371676087379456 VAL: 0.37648266553878784
INFO:root:84
Train: 0.35397642850875854 VAL: 0.37865814566612244
INFO:root:85
Train: 0.35195258259773254 VAL: 0.3787286877632141
INFO:root:86
Train: 0.3485207259654999 VAL: 0.37593144178390503
INFO:root:87
Train: 0.34859299659729004 VAL: 0.3746352791786194
INFO:root:88
Train: 0.346655011177063 VAL: 0.3743034303188324
INFO:root:89
Train: 0.3455665409564972 VAL: 0.374811053276062
INFO:root:90
Train: 0.34647098183631897 VAL: 0.374647855758667
INFO:root:91
Train: 0.34582629799842834 VAL: 0.37716901302337646
INFO:root:92
Train: 0.34543484449386597 VAL: 0.37674856185913086
INFO:root:93
Train: 0.34512630105018616 VAL: 0.3756977319717407
INFO:root:94
Train: 0.3438265025615692 VAL: 0.3758823275566101
INFO:root:95
Train: 0.34716925024986267 VAL: 0.37605348229408264
INFO:root:96
Train: 0.34590813517570496 VAL: 0.3781425356864929
INFO:root:97
Train: 0.3446073532104492 VAL: 0.3749415874481201
INFO:root:98
Train: 0.3459932208061218 VAL: 0.3769240975379944
INFO:root:99
Train: 0.3417493999004364 VAL: 0.37559133768081665
INFO:root:100
Train: 0.3433501422405243 VAL: 0.3758862614631653
INFO:root:101
Train: 0.3406156897544861 VAL: 0.37557968497276306
INFO:root:102
Train: 0.34008342027664185 VAL: 0.3778012990951538
INFO:root:103
Train: 0.34153059124946594 VAL: 0.3759830594062805
INFO:root:104
Train: 0.3401104211807251 VAL: 0.3779796063899994
INFO:root:105
Train: 0.34210172295570374 VAL: 0.37699705362319946
INFO:root:106
Train: 0.3425014019012451 VAL: 0.3761783242225647
INFO:root:BEST VAL: 0.3761783242225647 TEST : 0.4045678973197937
