INFO:root:Namespace(quiet=False, run_id=None, config=None, epochs=200, fold=3, batch_size=128, learn_rate=0.001, betas=(0.9, 0.999), weight_decay=0.001, hidden_size=32, kernel_init='skew-symmetric', note='', seed=None, nlayers=1, attn_head=1, latent_dim=128, dataset='ushcn')
INFO:root:{'input_dim': 5, 'attn_head': 1, 'latent_dim': 128, 'n_layers': 1, 'device': device(type='cuda')}
INFO:root:1
Train: 0.92718905210495 VAL: 0.6107614636421204
INFO:root:2
Train: 0.5707216858863831 VAL: 0.4274030923843384
INFO:root:3
Train: 0.403825044631958 VAL: 0.3766572177410126
INFO:root:4
Train: 0.3741530179977417 VAL: 0.3154570460319519
INFO:root:5
Train: 0.3392610549926758 VAL: 0.2982521057128906
INFO:root:6
Train: 0.3307022154331207 VAL: 0.2743663787841797
INFO:root:7
Train: 0.3189122974872589 VAL: 0.27388671040534973
INFO:root:8
Train: 0.3153902590274811 VAL: 0.27010759711265564
INFO:root:9
Train: 0.3071320354938507 VAL: 0.2690746784210205
INFO:root:10
Train: 0.3052677810192108 VAL: 0.26994842290878296
INFO:root:11
Train: 0.3070201575756073 VAL: 0.26522302627563477
INFO:root:12
Train: 0.3081410229206085 VAL: 0.27578723430633545
INFO:root:13
Train: 0.29537728428840637 VAL: 0.2787157893180847
INFO:root:14
Train: 0.3051520884037018 VAL: 0.2783387303352356
INFO:root:15
Train: 0.31073251366615295 VAL: 0.2634914219379425
INFO:root:16
Train: 0.30222028493881226 VAL: 0.2644278109073639
INFO:root:17
Train: 0.30110839009284973 VAL: 0.26357534527778625
INFO:root:18
Train: 0.2945704460144043 VAL: 0.27305400371551514
INFO:root:19
Train: 0.30395224690437317 VAL: 0.2640586793422699
INFO:root:20
Train: 0.2900812327861786 VAL: 0.26571157574653625
INFO:root:21
Train: 0.2954935133457184 VAL: 0.27611619234085083
INFO:root:22
Train: 0.32992324233055115 VAL: 0.26993274688720703
INFO:root:23
Train: 0.3387278616428375 VAL: 0.29228195548057556
INFO:root:24
Train: 0.36150726675987244 VAL: 0.29015684127807617
INFO:root:25
Train: 0.3408386707305908 VAL: 0.29488882422447205
INFO:root:26
Train: 0.31788331270217896 VAL: 0.2730168104171753
INFO:root:27
Train: 0.3025524318218231 VAL: 0.2748820185661316
INFO:root:28
Train: 0.303533673286438 VAL: 0.2681236267089844
INFO:root:29
Train: 0.2845991253852844 VAL: 0.26782429218292236
INFO:root:30
Train: 0.28567275404930115 VAL: 0.26569464802742004
INFO:root:31
Train: 0.2988567352294922 VAL: 0.26475828886032104
INFO:root:32
Train: 0.2957647144794464 VAL: 0.2622978389263153
INFO:root:33
Train: 0.2950221002101898 VAL: 0.2616596221923828
INFO:root:34
Train: 0.2891908884048462 VAL: 0.2621937394142151
INFO:root:35
Train: 0.30190297961235046 VAL: 0.26202282309532166
INFO:root:36
Train: 0.29975971579551697 VAL: 0.26342061161994934
INFO:root:37
Train: 0.3017101585865021 VAL: 0.26237669587135315
INFO:root:38
Train: 0.2823859751224518 VAL: 0.2617751657962799
INFO:root:39
Train: 0.2996850907802582 VAL: 0.2626652121543884
INFO:root:40
Train: 0.3011131286621094 VAL: 0.26953691244125366
INFO:root:41
Train: 0.30010077357292175 VAL: 0.26289698481559753
INFO:root:42
Train: 0.30269280076026917 VAL: 0.2646534740924835
INFO:root:43
Train: 0.29459479451179504 VAL: 0.2640502154827118
INFO:root:44
Train: 0.2986466586589813 VAL: 0.2628765404224396
INFO:root:45
Train: 0.2986598610877991 VAL: 0.2628884017467499
INFO:root:46
Train: 0.2692560851573944 VAL: 0.26167815923690796
INFO:root:47
Train: 0.28518953919410706 VAL: 0.2619238793849945
INFO:root:48
Train: 0.2976711690425873 VAL: 0.2620334327220917
INFO:root:49
Train: 0.2970261871814728 VAL: 0.26244381070137024
INFO:root:50
Train: 0.29548466205596924 VAL: 0.2620283365249634
INFO:root:51
Train: 0.29240790009498596 VAL: 0.2616173028945923
INFO:root:52
Train: 0.2981521189212799 VAL: 0.26364976167678833
INFO:root:53
Train: 0.2936747074127197 VAL: 0.2626972496509552
INFO:root:54
Train: 0.2797441780567169 VAL: 0.26264914870262146
INFO:root:55
Train: 0.297373503446579 VAL: 0.2622601091861725
INFO:root:56
Train: 0.2972452938556671 VAL: 0.261584997177124
INFO:root:57
Train: 0.2989388704299927 VAL: 0.26155856251716614
INFO:root:58
Train: 0.2933643162250519 VAL: 0.2626957893371582
INFO:root:59
Train: 0.2986212968826294 VAL: 0.2637324631214142
INFO:root:60
Train: 0.29683753848075867 VAL: 0.2633758783340454
INFO:root:61
Train: 0.29463687539100647 VAL: 0.2618512213230133
INFO:root:62
Train: 0.2965306341648102 VAL: 0.2637615501880646
INFO:root:63
Train: 0.29735156893730164 VAL: 0.2626914083957672
INFO:root:64
Train: 0.27956274151802063 VAL: 0.2628518044948578
INFO:root:65
Train: 0.2923294007778168 VAL: 0.2614800035953522
INFO:root:66
Train: 0.2980770170688629 VAL: 0.26241958141326904
INFO:root:67
Train: 0.29703330993652344 VAL: 0.2625448703765869
INFO:root:68
Train: 0.2858980596065521 VAL: 0.2633778154850006
INFO:root:69
Train: 0.29198721051216125 VAL: 0.26248666644096375
INFO:root:70
Train: 0.28389886021614075 VAL: 0.26171112060546875
INFO:root:71
Train: 0.2967619001865387 VAL: 0.2624601423740387
INFO:root:72
Train: 0.27052250504493713 VAL: 0.2637038230895996
INFO:root:73
Train: 0.29224082827568054 VAL: 0.26195263862609863
INFO:root:74
Train: 0.29590049386024475 VAL: 0.26320892572402954
INFO:root:75
Train: 0.25504904985427856 VAL: 0.26336151361465454
INFO:root:76
Train: 0.29442521929740906 VAL: 0.2634168565273285
INFO:root:77
Train: 0.2956167757511139 VAL: 0.26231813430786133
INFO:root:78
Train: 0.2629334032535553 VAL: 0.2622091770172119
INFO:root:79
Train: 0.27912965416908264 VAL: 0.2621554732322693
INFO:root:80
Train: 0.29408708214759827 VAL: 0.2622072100639343
INFO:root:81
Train: 0.29531827569007874 VAL: 0.26254791021347046
INFO:root:82
Train: 0.295773446559906 VAL: 0.26283106207847595
INFO:root:83
Train: 0.2979607582092285 VAL: 0.2631188929080963
INFO:root:84
Train: 0.2913931906223297 VAL: 0.262428343296051
INFO:root:85
Train: 0.292630136013031 VAL: 0.2627425193786621
INFO:root:86
Train: 0.28750985860824585 VAL: 0.26279500126838684
INFO:root:87
Train: 0.2946372330188751 VAL: 0.2622966766357422
INFO:root:88
Train: 0.29536423087120056 VAL: 0.2626879811286926
INFO:root:89
Train: 0.2884211838245392 VAL: 0.26259881258010864
INFO:root:90
Train: 0.28665199875831604 VAL: 0.26289889216423035
INFO:root:91
Train: 0.29520219564437866 VAL: 0.26289790868759155
INFO:root:92
Train: 0.29694628715515137 VAL: 0.2629643678665161
INFO:root:93
Train: 0.2930532693862915 VAL: 0.263251930475235
INFO:root:94
Train: 0.29613104462623596 VAL: 0.2626555562019348
INFO:root:95
Train: 0.29038843512535095 VAL: 0.2626170516014099
INFO:root:BEST VAL: 0.2626170516014099 TEST : 0.25530707836151123
INFO:root:Namespace(quiet=False, run_id=None, config=None, epochs=200, fold=3, batch_size=64, learn_rate=0.001, betas=(0.9, 0.999), weight_decay=0.001, hidden_size=32, kernel_init='skew-symmetric', note='', seed=None, nlayers=1, attn_head=1, latent_dim=128, dataset='mimiciii')
INFO:root:{'input_dim': 96, 'attn_head': 1, 'latent_dim': 128, 'n_layers': 1, 'device': device(type='cuda')}
INFO:root:1
Train: 0.7210104465484619 VAL: 0.6987100839614868
INFO:root:2
Train: 0.622877836227417 VAL: 0.5721296072006226
INFO:root:3
Train: 0.5578929781913757 VAL: 0.5587165355682373
INFO:root:4
Train: 0.5420284867286682 VAL: 0.7598069310188293
INFO:root:5
Train: 0.6398136019706726 VAL: 0.7075728178024292
INFO:root:6
Train: 0.5952298045158386 VAL: 0.5825866460800171
INFO:root:Namespace(quiet=False, run_id=None, config=None, epochs=200, fold=3, batch_size=64, learn_rate=0.001, betas=(0.9, 0.999), weight_decay=0.001, hidden_size=32, kernel_init='skew-symmetric', note='', seed=None, nlayers=1, attn_head=1, latent_dim=128, dataset='mimiciii')
INFO:root:{'input_dim': 96, 'attn_head': 1, 'latent_dim': 128, 'n_layers': 1, 'device': device(type='cuda')}
INFO:root:1
Train: 0.559116005897522 VAL: 0.4535173177719116
INFO:root:2
Train: 0.45685818791389465 VAL: 0.45125812292099
INFO:root:3
Train: 0.49224328994750977 VAL: 0.429252564907074
INFO:root:4
Train: 0.4318753480911255 VAL: 0.43088287115097046
INFO:root:5
Train: 0.42134955525398254 VAL: 0.4106694161891937
INFO:root:6
Train: 0.4184699058532715 VAL: 0.4571898281574249
INFO:root:7
Train: 0.4597008228302002 VAL: 0.4052739441394806
INFO:root:8
Train: 0.4234132468700409 VAL: 0.4252415597438812
INFO:root:9
Train: 0.4124114513397217 VAL: 0.4063124358654022
INFO:root:10
Train: 0.4048216640949249 VAL: 0.4001748561859131
INFO:root:11
Train: 0.4057748317718506 VAL: 0.4047314524650574
INFO:root:12
Train: 0.40692275762557983 VAL: 0.39970916509628296
INFO:root:13
Train: 0.40144261717796326 VAL: 0.3996337652206421
INFO:root:14
Train: 0.4016849994659424 VAL: 0.40181905031204224
INFO:root:15
Train: 0.40000998973846436 VAL: 0.3997187614440918
INFO:root:16
Train: 0.398379921913147 VAL: 0.40228500962257385
INFO:root:17
Train: 0.3981907069683075 VAL: 0.39518433809280396
INFO:root:18
Train: 0.3977741599082947 VAL: 0.40439894795417786
INFO:root:19
Train: 0.4006466269493103 VAL: 0.39368218183517456
INFO:root:20
Train: 0.3962288498878479 VAL: 0.3944513201713562
INFO:root:21
Train: 0.3920379877090454 VAL: 0.389390766620636
INFO:root:22
Train: 0.39118143916130066 VAL: 0.39827510714530945
INFO:root:23
Train: 0.3937811851501465 VAL: 0.40568965673446655
INFO:root:24
Train: 0.39016783237457275 VAL: 0.39701327681541443
INFO:root:25
Train: 0.3888322412967682 VAL: 0.3974699079990387
INFO:root:26
Train: 0.3877064287662506 VAL: 0.3902711570262909
INFO:root:27
Train: 0.3901502192020416 VAL: 0.3915364146232605
INFO:root:28
Train: 0.39302879571914673 VAL: 0.3966292142868042
INFO:root:29
Train: 0.43091312050819397 VAL: 0.4331156611442566
INFO:root:30
Train: 0.40414461493492126 VAL: 0.3946656286716461
INFO:root:31
Train: 0.3931964039802551 VAL: 0.3952862024307251
INFO:root:32
Train: 0.3863705098628998 VAL: 0.3957662880420685
INFO:root:33
Train: 0.3790600001811981 VAL: 0.38651931285858154
INFO:root:34
Train: 0.3794172406196594 VAL: 0.3828856945037842
INFO:root:35
Train: 0.3767407536506653 VAL: 0.3816826343536377
INFO:root:36
Train: 0.37686261534690857 VAL: 0.38466089963912964
INFO:root:37
Train: 0.3750169575214386 VAL: 0.3816056251525879
INFO:root:38
Train: 0.37517669796943665 VAL: 0.3844776153564453
INFO:root:39
Train: 0.3755754828453064 VAL: 0.3848206102848053
INFO:root:40
Train: 0.37478339672088623 VAL: 0.37941914796829224
INFO:root:41
Train: 0.372598260641098 VAL: 0.38197973370552063
INFO:root:42
Train: 0.37296032905578613 VAL: 0.380535364151001
INFO:root:43
Train: 0.36899569630622864 VAL: 0.38730567693710327
INFO:root:44
Train: 0.37108445167541504 VAL: 0.38353514671325684
INFO:root:45
Train: 0.37287256121635437 VAL: 0.38013482093811035
INFO:root:46
Train: 0.3717173635959625 VAL: 0.376740038394928
INFO:root:47
Train: 0.37094488739967346 VAL: 0.3756362497806549
INFO:root:48
Train: 0.3668445646762848 VAL: 0.3796806335449219
INFO:root:49
Train: 0.36739861965179443 VAL: 0.3838614821434021
INFO:root:Namespace(quiet=False, run_id=None, config=None, epochs=200, fold=3, batch_size=64, learn_rate=0.001, betas=(0.9, 0.999), weight_decay=0.001, hidden_size=32, kernel_init='skew-symmetric', note='', seed=None, nlayers=1, attn_head=1, latent_dim=128, dataset='mimiciv')
INFO:root:{'input_dim': 100, 'attn_head': 1, 'latent_dim': 128, 'n_layers': 1, 'device': device(type='cuda')}
INFO:root:1
Train: 0.35192278027534485 VAL: 0.2894405126571655
INFO:root:2
Train: 0.27985623478889465 VAL: 0.2799234986305237
INFO:root:3
Train: 0.26800838112831116 VAL: 0.26204895973205566
INFO:root:4
Train: 0.25805267691612244 VAL: 0.2569226622581482
INFO:root:5
Train: 0.2555464506149292 VAL: 0.25705647468566895
INFO:root:6
Train: 0.2541465163230896 VAL: 0.2634015679359436
INFO:root:7
Train: 0.2543148100376129 VAL: 0.26052945852279663
INFO:root:8
Train: 0.24937890470027924 VAL: 0.2595979571342468
INFO:root:9
Train: 0.24946242570877075 VAL: 0.25278663635253906
INFO:root:10
Train: 0.24690985679626465 VAL: 0.2550342082977295
INFO:root:11
Train: 0.24503354728221893 VAL: 0.25081223249435425
INFO:root:12
Train: 0.24272173643112183 VAL: 0.25173401832580566
INFO:root:13
Train: 0.24385572969913483 VAL: 0.24568922817707062
INFO:root:14
Train: 0.24067795276641846 VAL: 0.24669861793518066
INFO:root:15
Train: 0.24107715487480164 VAL: 0.2475602924823761
INFO:root:16
Train: 0.23906610906124115 VAL: 0.24449309706687927
INFO:root:17
Train: 0.239638552069664 VAL: 0.2552536427974701
INFO:root:18
Train: 0.23921619355678558 VAL: 0.24386298656463623
INFO:root:19
Train: 0.23724007606506348 VAL: 0.2400583028793335
INFO:root:20
Train: 0.2358151227235794 VAL: 0.2426525205373764
INFO:root:21
Train: 0.23501881957054138 VAL: 0.24278639256954193
INFO:root:22
Train: 0.2347242534160614 VAL: 0.24309343099594116
INFO:root:23
Train: 0.23271214962005615 VAL: 0.24237197637557983
INFO:root:24
Train: 0.23423589766025543 VAL: 0.24411733448505402
INFO:root:25
Train: 0.23251201212406158 VAL: 0.24292093515396118
INFO:root:26
Train: 0.2300991714000702 VAL: 0.24018147587776184
INFO:root:27
Train: 0.2287003993988037 VAL: 0.2399771511554718
INFO:root:28
Train: 0.2310379445552826 VAL: 0.24846825003623962
INFO:root:29
Train: 0.22967852652072906 VAL: 0.24365021288394928
INFO:root:30
Train: 0.2287096530199051 VAL: 0.24391746520996094
INFO:root:31
Train: 0.2293163537979126 VAL: 0.23936352133750916
INFO:root:32
Train: 0.23003214597702026 VAL: 0.24084056913852692
INFO:root:33
Train: 0.22777743637561798 VAL: 0.2381802797317505
INFO:root:34
Train: 0.2281673401594162 VAL: 0.24157558381557465
INFO:root:35
Train: 0.22622773051261902 VAL: 0.24156099557876587
INFO:root:36
Train: 0.22821711003780365 VAL: 0.24329906702041626
INFO:root:37
Train: 0.22721439599990845 VAL: 0.23969437181949615
INFO:root:38
Train: 0.22592470049858093 VAL: 0.24154339730739594
INFO:root:39
Train: 0.22583064436912537 VAL: 0.23768769204616547
INFO:root:40
Train: 0.22420291602611542 VAL: 0.23741352558135986
INFO:root:41
Train: 0.2240237444639206 VAL: 0.2407708317041397
INFO:root:42
Train: 0.22315706312656403 VAL: 0.23860014975070953
INFO:root:43
Train: 0.2242642343044281 VAL: 0.2396041601896286
INFO:root:44
Train: 0.22298213839530945 VAL: 0.23990045487880707
INFO:root:45
Train: 0.22380073368549347 VAL: 0.24250470101833344
INFO:root:46
Train: 0.22264999151229858 VAL: 0.24179556965827942
INFO:root:47
Train: 0.22311435639858246 VAL: 0.24168461561203003
INFO:root:48
Train: 0.22092865407466888 VAL: 0.2406522035598755
INFO:root:49
Train: 0.21976244449615479 VAL: 0.23855243623256683
INFO:root:50
Train: 0.21954381465911865 VAL: 0.23877820372581482
INFO:root:51
Train: 0.21901382505893707 VAL: 0.23789626359939575
INFO:root:52
Train: 0.2137903869152069 VAL: 0.23918290436267853
INFO:root:53
Train: 0.21203722059726715 VAL: 0.23842087388038635
INFO:root:54
Train: 0.212893545627594 VAL: 0.23737946152687073
INFO:root:55
Train: 0.21007156372070312 VAL: 0.24046029150485992
INFO:root:56
Train: 0.21118982136249542 VAL: 0.24117814004421234
INFO:root:57
Train: 0.21033066511154175 VAL: 0.2405911386013031
INFO:root:58
Train: 0.21092894673347473 VAL: 0.23825447261333466
INFO:root:59
Train: 0.2091381698846817 VAL: 0.237615704536438
INFO:root:60
Train: 0.20751036703586578 VAL: 0.24099498987197876
INFO:root:61
Train: 0.20708802342414856 VAL: 0.24386322498321533
INFO:root:62
Train: 0.2081843763589859 VAL: 0.2409832775592804
INFO:root:63
Train: 0.2072184979915619 VAL: 0.24178165197372437
INFO:root:64
Train: 0.20556451380252838 VAL: 0.23969249427318573
INFO:root:65
Train: 0.20487530529499054 VAL: 0.2417994886636734
INFO:root:66
Train: 0.20172467827796936 VAL: 0.2414308339357376
INFO:root:67
Train: 0.19919343292713165 VAL: 0.2418752908706665
INFO:root:68
Train: 0.19881364703178406 VAL: 0.24187882244586945
INFO:root:69
Train: 0.19827720522880554 VAL: 0.24284176528453827
INFO:root:70
Train: 0.19643710553646088 VAL: 0.24477149546146393
INFO:root:71
Train: 0.1960727572441101 VAL: 0.243149071931839
INFO:root:72
Train: 0.1961548626422882 VAL: 0.2452102154493332
INFO:root:73
Train: 0.19507820904254913 VAL: 0.2467033565044403
INFO:root:74
Train: 0.1943819522857666 VAL: 0.2493845522403717
INFO:root:75
Train: 0.1947830468416214 VAL: 0.24759379029273987
INFO:root:76
Train: 0.19332517683506012 VAL: 0.24658066034317017
INFO:root:77
Train: 0.1905653029680252 VAL: 0.24736084043979645
INFO:root:78
Train: 0.1902017891407013 VAL: 0.24854658544063568
INFO:root:79
Train: 0.18943162262439728 VAL: 0.24667267501354218
INFO:root:80
Train: 0.1887100487947464 VAL: 0.24765229225158691
INFO:root:81
Train: 0.18899552524089813 VAL: 0.24753719568252563
INFO:root:82
Train: 0.18732362985610962 VAL: 0.24745047092437744
INFO:root:83
Train: 0.18730340898036957 VAL: 0.2489432692527771
INFO:root:84
Train: 0.187683567404747 VAL: 0.2485705018043518
INFO:root:BEST VAL: 0.2485705018043518 TEST : 0.23138850927352905
