INFO:root:Namespace(quiet=False, run_id=None, config=None, epochs=200, fold=2, batch_size=64, learn_rate=0.001, betas=(0.9, 0.999), weight_decay=0.001, hidden_size=32, kernel_init='skew-symmetric', note='', seed=None, nlayers=3, attn_head=1, latent_dim=128, dataset='mimiciii')
INFO:root:{'input_dim': 96, 'attn_head': 1, 'latent_dim': 128, 'n_layers': 3, 'device': device(type='cuda')}
INFO:root:1
Train: 0.5378640294075012 VAL: 0.49977540969848633
INFO:root:2
Train: 0.4409605860710144 VAL: 0.45168232917785645
INFO:root:3
Train: 0.42382189631462097 VAL: 0.4559146463871002
INFO:root:4
Train: 0.4188917875289917 VAL: 0.47907721996307373
INFO:root:5
Train: 0.4566582143306732 VAL: 0.4594389498233795
INFO:root:6
Train: 0.4072777032852173 VAL: 0.44303154945373535
INFO:root:7
Train: 0.4011310338973999 VAL: 0.472354918718338
INFO:root:8
Train: 0.41273513436317444 VAL: 0.5070914030075073
INFO:root:9
Train: 0.39853209257125854 VAL: 0.46500980854034424
INFO:root:10
Train: 0.3961138129234314 VAL: 0.4455963373184204
INFO:root:11
Train: 0.40178850293159485 VAL: 0.4428282380104065
INFO:root:12
Train: 0.3904189169406891 VAL: 0.4620213806629181
INFO:root:13
Train: 0.38925954699516296 VAL: 0.4687540531158447
INFO:root:14
Train: 0.3923013210296631 VAL: 0.524372398853302
INFO:root:15
Train: 0.41167840361595154 VAL: 0.47293928265571594
INFO:root:16
Train: 0.3925616443157196 VAL: 0.46488431096076965
INFO:root:17
Train: 0.38417500257492065 VAL: 0.43584293127059937
INFO:root:18
Train: 0.38305187225341797 VAL: 0.4307999014854431
INFO:root:19
Train: 0.38447895646095276 VAL: 0.47002774477005005
INFO:root:20
Train: 0.3858899176120758 VAL: 0.42777881026268005
INFO:root:21
Train: 13.887090682983398 VAL: 1.0684258937835693
INFO:root:22
Train: 0.6522071361541748 VAL: 0.559798002243042
INFO:root:23
Train: 0.4543021619319916 VAL: 0.5213513374328613
INFO:root:24
Train: 0.44059208035469055 VAL: 0.49178797006607056
INFO:root:25
Train: 0.4340137839317322 VAL: 0.5265757441520691
INFO:root:26
Train: 0.4354216456413269 VAL: 0.4842560589313507
INFO:root:27
Train: 0.4265379011631012 VAL: 0.4784277081489563
INFO:root:28
Train: 0.41244128346443176 VAL: 0.4645252227783203
INFO:root:29
Train: 0.40461406111717224 VAL: 0.46355536580085754
INFO:root:30
Train: 0.40132448077201843 VAL: 0.46191954612731934
INFO:root:31
Train: 0.4005224108695984 VAL: 0.451480507850647
INFO:root:32
Train: 0.38946083188056946 VAL: 0.4571405053138733
INFO:root:33
Train: 0.3866768181324005 VAL: 0.44366762042045593
INFO:root:34
Train: 0.38946154713630676 VAL: 0.4472222328186035
INFO:root:35
Train: 0.3889351189136505 VAL: 0.4385857582092285
INFO:root:36
Train: 0.38615742325782776 VAL: 0.4366019368171692
INFO:root:37
Train: 0.3860549032688141 VAL: 0.4483393132686615
INFO:root:38
Train: 0.38678625226020813 VAL: 0.45263850688934326
INFO:root:39
Train: 0.40976980328559875 VAL: 0.4810032248497009
INFO:root:40
Train: 0.3897598385810852 VAL: 0.4695976972579956
INFO:root:41
Train: 0.38365548849105835 VAL: 0.4759290814399719
INFO:root:42
Train: 0.3815217614173889 VAL: 0.4383326470851898
INFO:root:43
Train: 0.3778270184993744 VAL: 0.41038745641708374
INFO:root:44
Train: 0.37428224086761475 VAL: 0.41522204875946045
INFO:root:45
Train: 0.3747415542602539 VAL: 0.43139415979385376
INFO:root:46
Train: 0.37459254264831543 VAL: 0.4613816738128662
INFO:root:47
Train: 0.3769366443157196 VAL: 0.4373755156993866
INFO:root:48
Train: 0.3731794059276581 VAL: 0.4180646538734436
INFO:root:49
Train: 0.3715205788612366 VAL: 0.41638892889022827
INFO:root:50
Train: 0.37115004658699036 VAL: 0.42579472064971924
INFO:root:51
Train: 0.371271014213562 VAL: 0.4613713026046753
INFO:root:52
Train: 0.37262123823165894 VAL: 0.44582197070121765
INFO:root:53
Train: 0.37345510721206665 VAL: 0.46768954396247864
INFO:root:54
Train: 0.3745060861110687 VAL: 0.4656890332698822
INFO:root:55
Train: 0.36943936347961426 VAL: 0.4593260884284973
INFO:root:56
Train: 0.36939021944999695 VAL: 0.4551883637905121
INFO:root:57
Train: 0.3667305111885071 VAL: 0.4596833288669586
INFO:root:58
Train: 0.3637879192829132 VAL: 0.46675723791122437
INFO:root:59
Train: 0.36606642603874207 VAL: 0.4597744047641754
INFO:root:60
Train: 0.3635811507701874 VAL: 0.46395349502563477
INFO:root:61
Train: 0.36262595653533936 VAL: 0.45633378624916077
INFO:root:62
Train: 0.36543264985084534 VAL: 0.46583443880081177
INFO:root:63
Train: 0.3929097354412079 VAL: 0.47701284289360046
INFO:root:64
Train: 0.3744506537914276 VAL: 0.460510790348053
INFO:root:65
Train: 0.3660113215446472 VAL: 0.45935744047164917
INFO:root:66
Train: 0.36334502696990967 VAL: 0.45702606439590454
INFO:root:67
Train: 0.35938170552253723 VAL: 0.4608447551727295
INFO:root:68
Train: 0.36127352714538574 VAL: 0.45704853534698486
INFO:root:69
Train: 0.3595549464225769 VAL: 0.46071040630340576
INFO:root:70
Train: 0.3629010319709778 VAL: 0.4551941752433777
INFO:root:71
Train: 0.3592565357685089 VAL: 0.45227617025375366
INFO:root:72
Train: 0.3588707149028778 VAL: 0.4520576000213623
INFO:root:73
Train: 0.3592853546142578 VAL: 0.40744927525520325
INFO:root:74
Train: 0.35811707377433777 VAL: 0.4079878330230713
INFO:root:75
Train: 0.356717586517334 VAL: 0.41232192516326904
INFO:root:76
Train: 0.3575999140739441 VAL: 0.40755584836006165
INFO:root:77
Train: 0.3583224415779114 VAL: 0.4068536162376404
INFO:root:78
Train: 0.35469290614128113 VAL: 0.40701591968536377
INFO:root:79
Train: 0.3536553978919983 VAL: 0.46200504899024963
INFO:root:80
Train: 0.35346123576164246 VAL: 0.4573298692703247
INFO:root:81
Train: 0.3554057776927948 VAL: 0.4582778811454773
INFO:root:82
Train: 0.3525105118751526 VAL: 0.4652523398399353
INFO:root:83
Train: 0.35249772667884827 VAL: 0.45925942063331604
INFO:root:84
Train: 0.35282832384109497 VAL: 0.46131405234336853
INFO:root:85
Train: 0.3511357307434082 VAL: 0.4611567556858063
INFO:root:86
Train: 0.3551068902015686 VAL: 0.459375262260437
INFO:root:87
Train: 0.35114753246307373 VAL: 0.4619854986667633
INFO:root:88
Train: 0.3484170734882355 VAL: 0.4569844901561737
INFO:root:89
Train: 0.3456832468509674 VAL: 0.4583315849304199
INFO:root:90
Train: 0.3451836109161377 VAL: 0.4603199064731598
INFO:root:91
Train: 0.348251610994339 VAL: 0.45697230100631714
INFO:root:92
Train: 0.34373149275779724 VAL: 0.46043264865875244
INFO:root:93
Train: 0.3410077691078186 VAL: 0.45963847637176514
INFO:root:94
Train: 0.3409852981567383 VAL: 0.46080949902534485
INFO:root:95
Train: 0.34255915880203247 VAL: 0.45791763067245483
INFO:root:96
Train: 0.3406462073326111 VAL: 0.4624820649623871
INFO:root:97
Train: 0.34262967109680176 VAL: 0.4631344676017761
INFO:root:98
Train: 0.33965030312538147 VAL: 0.4632521867752075
INFO:root:99
Train: 0.337859570980072 VAL: 0.46159982681274414
INFO:root:100
Train: 0.3377545177936554 VAL: 0.4614396393299103
INFO:root:101
Train: 0.33580759167671204 VAL: 0.4609212875366211
INFO:root:102
Train: 0.33610135316848755 VAL: 0.4608488380908966
INFO:root:103
Train: 0.33636415004730225 VAL: 0.4631522595882416
INFO:root:104
Train: 0.3335890769958496 VAL: 0.462839275598526
INFO:root:105
Train: 0.33582863211631775 VAL: 0.464476078748703
INFO:root:106
Train: 0.33592313528060913 VAL: 0.46328169107437134
INFO:root:107
Train: 0.3341338038444519 VAL: 0.46566757559776306
INFO:root:Namespace(quiet=False, run_id=None, config=None, epochs=200, fold=2, batch_size=128, learn_rate=0.001, betas=(0.9, 0.999), weight_decay=0.001, hidden_size=32, kernel_init='skew-symmetric', note='', seed=None, nlayers=3, attn_head=1, latent_dim=128, dataset='ushcn')
INFO:root:{'input_dim': 5, 'attn_head': 1, 'latent_dim': 128, 'n_layers': 3, 'device': device(type='cuda')}
INFO:root:1
Train: 1.979794979095459 VAL: 0.5398060083389282
INFO:root:2
Train: 0.6306414008140564 VAL: 0.7065069675445557
INFO:root:3
Train: 0.6431397795677185 VAL: 0.4378320872783661
INFO:root:4
Train: 0.4518277645111084 VAL: 0.3290836215019226
INFO:root:5
Train: 0.34419965744018555 VAL: 0.3669441342353821
INFO:root:6
Train: 0.4150635302066803 VAL: 0.27618417143821716
INFO:root:7
Train: 0.506597101688385 VAL: 0.3199256360530853
INFO:root:8
Train: 0.45890557765960693 VAL: 0.25650346279144287
INFO:root:9
Train: 0.3887448012828827 VAL: 0.2890458106994629
INFO:root:10
Train: 0.35411182045936584 VAL: 0.29370808601379395
INFO:root:11
Train: 0.3487473726272583 VAL: 0.2485021948814392
INFO:root:12
Train: 0.33595308661460876 VAL: 0.31896230578422546
INFO:root:13
Train: 0.33941760659217834 VAL: 0.27995479106903076
INFO:root:14
Train: 0.30142179131507874 VAL: 0.26004117727279663
INFO:root:15
Train: 0.31577232480049133 VAL: 0.2876094579696655
INFO:root:16
Train: 0.3067847490310669 VAL: 0.31489431858062744
INFO:root:17
Train: 0.31626951694488525 VAL: 0.3242531418800354
INFO:root:18
Train: 0.30592575669288635 VAL: 0.27166682481765747
INFO:root:19
Train: 0.3034842312335968 VAL: 0.2850016951560974
INFO:root:20
Train: 0.3110928535461426 VAL: 0.3364078104496002
INFO:root:21
Train: 0.3120296895503998 VAL: 0.33673131465911865
INFO:root:22
Train: 0.3066887855529785 VAL: 0.28586477041244507
INFO:root:23
Train: 0.31028813123703003 VAL: 0.31161439418792725
INFO:root:24
Train: 0.281330943107605 VAL: 0.30256086587905884
INFO:root:25
Train: 0.28397032618522644 VAL: 0.32274675369262695
INFO:root:26
Train: 0.30359700322151184 VAL: 0.3221015930175781
INFO:root:27
Train: 0.3035546839237213 VAL: 0.2907075881958008
INFO:root:28
Train: 0.284780353307724 VAL: 0.28221163153648376
INFO:root:29
Train: 0.30047139525413513 VAL: 0.3101877272129059
INFO:root:30
Train: 0.29779669642448425 VAL: 0.32735639810562134
INFO:root:31
Train: 0.2975248396396637 VAL: 0.31211480498313904
INFO:root:32
Train: 0.28420397639274597 VAL: 0.30629366636276245
INFO:root:33
Train: 0.2936728596687317 VAL: 0.3076122999191284
INFO:root:34
Train: 0.2924608290195465 VAL: 0.3038100600242615
INFO:root:35
Train: 0.2728472948074341 VAL: 0.3056979179382324
INFO:root:36
Train: 0.2961590886116028 VAL: 0.30344507098197937
INFO:root:37
Train: 0.29428255558013916 VAL: 0.3083381652832031
INFO:root:38
Train: 0.29847851395606995 VAL: 0.30695563554763794
INFO:root:39
Train: 0.28788331151008606 VAL: 0.3089316189289093
INFO:root:40
Train: 0.29262569546699524 VAL: 0.30774104595184326
INFO:root:41
Train: 0.29518890380859375 VAL: 0.3085998594760895
INFO:root:BEST VAL: 0.3085998594760895 TEST : 0.36115890741348267
