INFO:root:Namespace(quiet=False, run_id=None, config=None, epochs=200, fold=3, batch_size=128, learn_rate=0.001, betas=(0.9, 0.999), weight_decay=0.001, hidden_size=32, kernel_init='skew-symmetric', note='', seed=None, nlayers=2, attn_head=1, latent_dim=64, dataset='ushcn')
INFO:root:{'input_dim': 5, 'attn_head': 1, 'latent_dim': 64, 'n_layers': 2, 'device': device(type='cuda')}
INFO:root:1
Train: 0.8058416247367859 VAL: 0.7308348417282104
INFO:root:2
Train: 0.6296892762184143 VAL: 0.5672020316123962
INFO:root:3
Train: 0.5581874251365662 VAL: 0.5183969140052795
INFO:root:4
Train: 0.505473792552948 VAL: 0.40845808386802673
INFO:root:5
Train: 0.40764784812927246 VAL: 0.35047420859336853
INFO:root:6
Train: 0.3661205768585205 VAL: 0.30410248041152954
INFO:root:7
Train: 0.34760594367980957 VAL: 0.2863948345184326
INFO:root:8
Train: 0.33923229575157166 VAL: 0.29895126819610596
INFO:root:9
Train: 0.34676849842071533 VAL: 0.30607885122299194
INFO:root:10
Train: 0.3088703155517578 VAL: 0.3154670000076294
INFO:root:11
Train: 0.31192484498023987 VAL: 0.29663634300231934
INFO:root:12
Train: 0.3102225363254547 VAL: 0.29529815912246704
INFO:root:13
Train: 0.3203650712966919 VAL: 0.28747913241386414
INFO:root:14
Train: 0.29362788796424866 VAL: 0.2832997143268585
INFO:root:15
Train: 0.31522122025489807 VAL: 0.2811957895755768
INFO:root:16
Train: 0.2901884615421295 VAL: 0.28061792254447937
INFO:root:17
Train: 0.31260445713996887 VAL: 0.2811434864997864
INFO:root:18
Train: 0.28891366720199585 VAL: 0.2781839370727539
INFO:root:19
Train: 0.32107341289520264 VAL: 0.2790788412094116
INFO:root:20
Train: 0.3073119819164276 VAL: 0.2852567434310913
INFO:root:21
Train: 0.32059693336486816 VAL: 0.2811735272407532
INFO:root:22
Train: 0.3104231059551239 VAL: 0.27902573347091675
INFO:root:23
Train: 0.2997741997241974 VAL: 0.28084516525268555
INFO:root:24
Train: 0.31743016839027405 VAL: 0.28580182790756226
INFO:root:25
Train: 0.31345608830451965 VAL: 0.2844802737236023
INFO:root:26
Train: 0.30417945981025696 VAL: 0.2817992568016052
INFO:root:27
Train: 0.31332141160964966 VAL: 0.27832621335983276
INFO:root:28
Train: 0.3133767247200012 VAL: 0.2816043198108673
INFO:root:29
Train: 0.3110882341861725 VAL: 0.28093162178993225
INFO:root:30
Train: 0.3018839359283447 VAL: 0.27877846360206604
INFO:root:31
Train: 0.2881304919719696 VAL: 0.27945849299430847
INFO:root:32
Train: 0.30955156683921814 VAL: 0.2771492898464203
INFO:root:33
Train: 0.3114427328109741 VAL: 0.278633177280426
INFO:root:34
Train: 0.30608150362968445 VAL: 0.2768179476261139
INFO:root:35
Train: 0.30536922812461853 VAL: 0.27772507071495056
INFO:root:36
Train: 0.30752524733543396 VAL: 0.27769145369529724
INFO:root:37
Train: 0.3064101040363312 VAL: 0.2765684723854065
INFO:root:38
Train: 0.2894655168056488 VAL: 0.2759261131286621
INFO:root:39
Train: 0.3036598265171051 VAL: 0.2771156132221222
INFO:root:40
Train: 0.3087352514266968 VAL: 0.2807393968105316
INFO:root:41
Train: 0.3048841655254364 VAL: 0.28102731704711914
INFO:root:42
Train: 0.30717167258262634 VAL: 0.2794785499572754
INFO:root:43
Train: 0.29148438572883606 VAL: 0.28517886996269226
INFO:root:44
Train: 0.301494836807251 VAL: 0.2806665599346161
INFO:root:45
Train: 0.3048422634601593 VAL: 0.27998873591423035
INFO:root:46
Train: 0.3008210361003876 VAL: 0.2784823775291443
INFO:root:47
Train: 0.30470073223114014 VAL: 0.27805888652801514
INFO:root:48
Train: 0.30134621262550354 VAL: 0.2781910002231598
INFO:root:49
Train: 0.29238858819007874 VAL: 0.27648746967315674
INFO:root:50
Train: 0.30264416337013245 VAL: 0.2758932113647461
INFO:root:51
Train: 0.2994425594806671 VAL: 0.27689844369888306
INFO:root:52
Train: 0.30216336250305176 VAL: 0.2769084870815277
INFO:root:53
Train: 0.3061463534832001 VAL: 0.27609094977378845
INFO:root:54
Train: 0.30065760016441345 VAL: 0.2759213149547577
INFO:root:55
Train: 0.28993892669677734 VAL: 0.27552229166030884
INFO:root:56
Train: 0.2885149419307709 VAL: 0.275503933429718
INFO:root:57
Train: 0.30008015036582947 VAL: 0.27634167671203613
INFO:root:58
Train: 0.3046708106994629 VAL: 0.27695029973983765
INFO:root:59
Train: 0.30201494693756104 VAL: 0.27583372592926025
INFO:root:60
Train: 0.30002060532569885 VAL: 0.27605509757995605
INFO:root:61
Train: 0.30418622493743896 VAL: 0.27651363611221313
INFO:root:62
Train: 0.296344518661499 VAL: 0.2765410840511322
INFO:root:63
Train: 0.2808750569820404 VAL: 0.27630314230918884
INFO:root:64
Train: 0.3056824505329132 VAL: 0.27563127875328064
INFO:root:65
Train: 0.30124160647392273 VAL: 0.2768654227256775
INFO:root:66
Train: 0.30136799812316895 VAL: 0.2757020592689514
INFO:root:Namespace(quiet=False, run_id=None, config=None, epochs=200, fold=3, batch_size=128, learn_rate=0.001, betas=(0.9, 0.999), weight_decay=0.001, hidden_size=32, kernel_init='skew-symmetric', note='', seed=None, nlayers=2, attn_head=1, latent_dim=64, dataset='ushcn')
INFO:root:{'input_dim': 5, 'attn_head': 1, 'latent_dim': 64, 'n_layers': 2, 'device': device(type='cuda')}
INFO:root:1
Train: 0.7137642502784729 VAL: 0.6688017845153809
INFO:root:2
Train: 0.5384545922279358 VAL: 0.5051648616790771
INFO:root:3
Train: 0.48112669587135315 VAL: 0.38608017563819885
INFO:root:4
Train: 0.3737427294254303 VAL: 0.43727219104766846
INFO:root:5
Train: 0.43947863578796387 VAL: 0.31564804911613464
INFO:root:6
Train: 0.35534003376960754 VAL: 0.3179391622543335
INFO:root:7
Train: 0.34085187315940857 VAL: 0.3105655610561371
INFO:root:8
Train: 0.31926074624061584 VAL: 0.300472617149353
INFO:root:9
Train: 0.30825719237327576 VAL: 0.29006868600845337
INFO:root:10
Train: 0.3190893232822418 VAL: 0.2888917326927185
INFO:root:11
Train: 0.30555248260498047 VAL: 0.2850341796875
INFO:root:12
Train: 0.2932198941707611 VAL: 0.2830314636230469
INFO:root:13
Train: 0.3133922219276428 VAL: 0.28636103868484497
INFO:root:14
Train: 0.3129023015499115 VAL: 0.28592461347579956
INFO:root:15
Train: 0.28823742270469666 VAL: 0.2809686064720154
INFO:root:16
Train: 0.3071497678756714 VAL: 0.280034601688385
INFO:root:17
Train: 0.3175741732120514 VAL: 0.2953271269798279
INFO:root:18
Train: 0.31966421008110046 VAL: 0.2938142418861389
INFO:root:19
Train: 0.3220311105251312 VAL: 0.2838749885559082
INFO:root:20
Train: 0.3049158751964569 VAL: 0.2960074543952942
INFO:root:21
Train: 0.31879448890686035 VAL: 0.28963345289230347
INFO:root:22
Train: 0.3162454664707184 VAL: 0.2927519977092743
INFO:root:23
Train: 0.2980262339115143 VAL: 0.28719741106033325
INFO:root:24
Train: 0.31289005279541016 VAL: 0.28692692518234253
INFO:root:25
Train: 0.31109902262687683 VAL: 0.28559643030166626
INFO:root:26
Train: 0.30913689732551575 VAL: 0.2825973331928253
INFO:root:27
Train: 0.30642637610435486 VAL: 0.2818041741847992
INFO:root:28
Train: 0.3086130917072296 VAL: 0.2808489501476288
INFO:root:29
Train: 0.3024151623249054 VAL: 0.28124475479125977
INFO:root:30
Train: 0.281490296125412 VAL: 0.28013449907302856
INFO:root:31
Train: 0.29772454500198364 VAL: 0.28022655844688416
INFO:root:32
Train: 0.30736175179481506 VAL: 0.28058916330337524
INFO:root:33
Train: 0.30510058999061584 VAL: 0.2800859212875366
INFO:root:34
Train: 0.3054729104042053 VAL: 0.27958810329437256
INFO:root:35
Train: 0.30367597937583923 VAL: 0.2805103063583374
INFO:root:36
Train: 0.2994273006916046 VAL: 0.2793087065219879
INFO:root:37
Train: 0.31048914790153503 VAL: 0.28340598940849304
INFO:root:38
Train: 0.29811862111091614 VAL: 0.28123119473457336
INFO:root:39
Train: 0.30641913414001465 VAL: 0.2796138525009155
INFO:root:40
Train: 0.30420345067977905 VAL: 0.2815311551094055
INFO:root:41
Train: 0.3020201027393341 VAL: 0.280254065990448
INFO:root:42
Train: 0.2988765239715576 VAL: 0.28045138716697693
INFO:root:43
Train: 0.2785245180130005 VAL: 0.2800976037979126
INFO:root:44
Train: 0.27941223978996277 VAL: 0.2794261574745178
INFO:root:45
Train: 0.30443304777145386 VAL: 0.2817094027996063
INFO:root:46
Train: 0.3037039637565613 VAL: 0.28045177459716797
INFO:root:47
Train: 0.29719120264053345 VAL: 0.27904754877090454
INFO:root:48
Train: 0.2983725070953369 VAL: 0.28088104724884033
INFO:root:49
Train: 0.28477171063423157 VAL: 0.28206753730773926
INFO:root:50
Train: 0.3020775020122528 VAL: 0.2800472378730774
INFO:root:51
Train: 0.2734988033771515 VAL: 0.28031089901924133
INFO:root:52
Train: 0.3017803728580475 VAL: 0.2840043306350708
INFO:root:53
Train: 0.3039238154888153 VAL: 0.2805963158607483
INFO:root:54
Train: 0.29930898547172546 VAL: 0.2801409065723419
INFO:root:55
Train: 0.2984210252761841 VAL: 0.2831287980079651
INFO:root:56
Train: 0.3005203902721405 VAL: 0.27998095750808716
INFO:root:57
Train: 0.2961820662021637 VAL: 0.28174006938934326
INFO:root:58
Train: 0.3020070791244507 VAL: 0.28188231587409973
INFO:root:59
Train: 0.3007392883300781 VAL: 0.283273845911026
INFO:root:60
Train: 0.30484700202941895 VAL: 0.2806043326854706
INFO:root:61
Train: 0.29223474860191345 VAL: 0.2805313467979431
INFO:root:62
Train: 0.29812243580818176 VAL: 0.28247687220573425
INFO:root:63
Train: 0.29824039340019226 VAL: 0.2825233042240143
INFO:root:64
Train: 0.30403587222099304 VAL: 0.2821841239929199
INFO:root:65
Train: 0.29482558369636536 VAL: 0.27954259514808655
INFO:root:66
Train: 0.2921065390110016 VAL: 0.28305816650390625
INFO:root:67
Train: 0.29701513051986694 VAL: 0.2832229435443878
INFO:root:68
Train: 0.2990639805793762 VAL: 0.28187859058380127
INFO:root:69
Train: 0.2972871959209442 VAL: 0.2807552218437195
INFO:root:70
Train: 0.29599401354789734 VAL: 0.2820487320423126
INFO:root:71
Train: 0.29933202266693115 VAL: 0.2806158661842346
INFO:root:72
Train: 0.2891431748867035 VAL: 0.28136223554611206
INFO:root:73
Train: 0.2623947560787201 VAL: 0.28134438395500183
INFO:root:74
Train: 0.2983998656272888 VAL: 0.2811294198036194
INFO:root:75
Train: 0.2958281338214874 VAL: 0.2806830406188965
INFO:root:76
Train: 0.28119441866874695 VAL: 0.2817429304122925
INFO:root:77
Train: 0.29813262820243835 VAL: 0.2832041382789612
INFO:root:BEST VAL: 0.2832041382789612 TEST : 0.2652798295021057
