INFO:root:Namespace(quiet=False, run_id=None, config=None, epochs=200, fold=1, batch_size=128, learn_rate=0.001, betas=(0.9, 0.999), weight_decay=0.001, hidden_size=32, kernel_init='skew-symmetric', note='', seed=None, nlayers=4, attn_head=4, latent_dim=64, dataset='ushcn')
INFO:root:{'input_dim': 5, 'attn_head': 4, 'latent_dim': 64, 'n_layers': 4, 'device': device(type='cuda')}
INFO:root:1
Train: 0.7451193332672119 VAL: 0.6792981028556824
INFO:root:2
Train: 0.5481095910072327 VAL: 0.5719355940818787
INFO:root:3
Train: 0.5060924887657166 VAL: 0.4866507649421692
INFO:root:4
Train: 0.3781355321407318 VAL: 0.4193710684776306
INFO:root:5
Train: 0.3308856189250946 VAL: 0.4408912658691406
INFO:root:6
Train: 0.32547739148139954 VAL: 0.40584123134613037
INFO:root:7
Train: 0.32349708676338196 VAL: 0.3869287371635437
INFO:root:8
Train: 0.31496742367744446 VAL: 0.3908720016479492
INFO:root:9
Train: 0.30118900537490845 VAL: 0.38142359256744385
INFO:root:10
Train: 0.29589372873306274 VAL: 0.3820810317993164
INFO:root:11
Train: 0.29393643140792847 VAL: 0.38441452383995056
INFO:root:12
Train: 0.28242027759552 VAL: 0.37863752245903015
INFO:root:13
Train: 0.28353264927864075 VAL: 0.380251407623291
INFO:root:14
Train: 0.2831515967845917 VAL: 0.3803059458732605
INFO:root:15
Train: 0.26964476704597473 VAL: 0.37609755992889404
INFO:root:16
Train: 0.2773367464542389 VAL: 0.37503916025161743
INFO:root:17
Train: 0.2853698134422302 VAL: 0.3980187177658081
INFO:root:18
Train: 0.2819116711616516 VAL: 0.37587401270866394
INFO:root:19
Train: 0.2854640781879425 VAL: 0.3767908811569214
INFO:root:20
Train: 0.27299419045448303 VAL: 0.38206565380096436
INFO:root:21
Train: 0.27754566073417664 VAL: 0.37475425004959106
INFO:root:22
Train: 0.27629321813583374 VAL: 0.3739185333251953
INFO:root:23
Train: 0.2699701488018036 VAL: 0.3896688222885132
INFO:root:24
Train: 0.2827737033367157 VAL: 0.3756781816482544
INFO:root:25
Train: 0.2758609354496002 VAL: 0.3715188503265381
INFO:root:26
Train: 0.27618059515953064 VAL: 0.3928071856498718
INFO:root:27
Train: 0.28271207213401794 VAL: 0.376839280128479
INFO:root:28
Train: 0.2785830795764923 VAL: 0.374877393245697
INFO:root:29
Train: 0.2857308089733124 VAL: 0.37706732749938965
INFO:root:30
Train: 0.27931979298591614 VAL: 0.37508314847946167
INFO:root:31
Train: 0.27096179127693176 VAL: 0.3738704025745392
INFO:root:32
Train: 0.264150470495224 VAL: 0.3721369504928589
INFO:root:33
Train: 0.281568318605423 VAL: 0.37804457545280457
INFO:root:34
Train: 0.28811267018318176 VAL: 0.4058187007904053
INFO:root:35
Train: 0.29620441794395447 VAL: 0.391562819480896
INFO:root:36
Train: 0.2890794575214386 VAL: 0.3739745616912842
INFO:root:37
Train: 0.3008113205432892 VAL: 0.37743237614631653
INFO:root:38
Train: 0.2808504104614258 VAL: 0.384718120098114
INFO:root:39
Train: 0.29244014620780945 VAL: 0.3809943199157715
INFO:root:40
Train: 0.2794913351535797 VAL: 0.3775036931037903
INFO:root:41
Train: 0.27611473202705383 VAL: 0.37546369433403015
INFO:root:42
Train: 0.27697986364364624 VAL: 0.37422049045562744
INFO:root:43
Train: 0.2714848220348358 VAL: 0.372691810131073
INFO:root:44
Train: 0.27125295996665955 VAL: 0.3724364638328552
INFO:root:45
Train: 0.27422869205474854 VAL: 0.3768290579319
INFO:root:46
Train: 0.2742142677307129 VAL: 0.37206804752349854
INFO:root:47
Train: 0.25443461537361145 VAL: 0.37514954805374146
INFO:root:48
Train: 0.2760215103626251 VAL: 0.37067627906799316
INFO:root:49
Train: 0.27016231417655945 VAL: 0.3765043616294861
INFO:root:50
Train: 0.2665969431400299 VAL: 0.37242019176483154
INFO:root:51
Train: 0.2680642306804657 VAL: 0.37149232625961304
INFO:root:52
Train: 0.2697496712207794 VAL: 0.37243714928627014
INFO:root:53
Train: 0.26535722613334656 VAL: 0.37152090668678284
INFO:root:54
Train: 0.2706930935382843 VAL: 0.37178826332092285
INFO:root:55
Train: 0.2664312422275543 VAL: 0.37219053506851196
INFO:root:56
Train: 0.2702023983001709 VAL: 0.37117069959640503
INFO:root:57
Train: 0.265982985496521 VAL: 0.37109678983688354
INFO:root:58
Train: 0.2690180838108063 VAL: 0.3706313371658325
INFO:root:59
Train: 0.2664872705936432 VAL: 0.3711588978767395
INFO:root:60
Train: 0.26235976815223694 VAL: 0.37371528148651123
INFO:root:61
Train: 0.26353782415390015 VAL: 0.3705953359603882
INFO:root:62
Train: 0.24965506792068481 VAL: 0.37455591559410095
INFO:root:63
Train: 0.2624744474887848 VAL: 0.37026354670524597
INFO:root:64
Train: 0.2637752592563629 VAL: 0.370189905166626
INFO:root:65
Train: 0.2670624852180481 VAL: 0.3699033260345459
INFO:root:66
Train: 0.26652517914772034 VAL: 0.37128907442092896
INFO:root:67
Train: 0.24429653584957123 VAL: 0.37231555581092834
INFO:root:68
Train: 0.26226356625556946 VAL: 0.3709142208099365
INFO:root:69
Train: 0.25008946657180786 VAL: 0.3718957304954529
INFO:root:70
Train: 0.2636546790599823 VAL: 0.37077727913856506
INFO:root:71
Train: 0.26485922932624817 VAL: 0.3709808886051178
INFO:root:72
Train: 0.25973668694496155 VAL: 0.3710068464279175
INFO:root:73
Train: 0.25022584199905396 VAL: 0.37425553798675537
INFO:root:74
Train: 0.24064595997333527 VAL: 0.37117743492126465
INFO:root:75
Train: 0.22830522060394287 VAL: 0.3716472387313843
INFO:root:76
Train: 0.265093058347702 VAL: 0.3724902272224426
INFO:root:77
Train: 0.26430705189704895 VAL: 0.37220120429992676
INFO:root:78
Train: 0.2625882923603058 VAL: 0.37282586097717285
INFO:root:79
Train: 0.24709898233413696 VAL: 0.37145155668258667
INFO:root:80
Train: 0.26807454228401184 VAL: 0.3738894760608673
INFO:root:81
Train: 0.25836169719696045 VAL: 0.37016046047210693
INFO:root:82
Train: 0.2624927759170532 VAL: 0.3721591830253601
INFO:root:83
Train: 0.2584388554096222 VAL: 0.3723873198032379
INFO:root:84
Train: 0.26282840967178345 VAL: 0.37145835161209106
INFO:root:85
Train: 0.2621285319328308 VAL: 0.3735191822052002
INFO:root:86
Train: 0.2596360743045807 VAL: 0.3711416721343994
INFO:root:87
Train: 0.2515045702457428 VAL: 0.3740208148956299
INFO:root:88
Train: 0.2623721659183502 VAL: 0.37160879373550415
INFO:root:89
Train: 0.2509880065917969 VAL: 0.3710518479347229
INFO:root:90
Train: 0.2596028745174408 VAL: 0.37267351150512695
INFO:root:91
Train: 0.2563241124153137 VAL: 0.3718935251235962
INFO:root:92
Train: 0.25976550579071045 VAL: 0.3721124529838562
INFO:root:93
Train: 0.2530500888824463 VAL: 0.37185752391815186
INFO:root:94
Train: 0.2628244161605835 VAL: 0.37154150009155273
INFO:root:95
Train: 0.2572501003742218 VAL: 0.37188172340393066
INFO:root:BEST VAL: 0.37188172340393066 TEST : 0.2539016306400299
INFO:root:Namespace(quiet=False, run_id=None, config=None, epochs=200, fold=1, batch_size=64, learn_rate=0.001, betas=(0.9, 0.999), weight_decay=0.001, hidden_size=32, kernel_init='skew-symmetric', note='', seed=None, nlayers=4, attn_head=4, latent_dim=64, dataset='mimiciv')
INFO:root:{'input_dim': 100, 'attn_head': 4, 'latent_dim': 64, 'n_layers': 4, 'device': device(type='cuda')}
INFO:root:1
Train: 0.36445340514183044 VAL: 0.3134186267852783
INFO:root:2
Train: 0.29631221294403076 VAL: 0.276050865650177
INFO:root:3
Train: 0.26499342918395996 VAL: 0.263019859790802
INFO:root:4
Train: 0.2577989101409912 VAL: 0.2617090046405792
INFO:root:5
Train: 0.25121715664863586 VAL: 0.2690735459327698
INFO:root:6
Train: 0.24967022240161896 VAL: 0.24261131882667542
INFO:root:7
Train: 0.24408701062202454 VAL: 0.24293644726276398
INFO:root:8
Train: 0.24436676502227783 VAL: 0.23977643251419067
INFO:root:9
Train: 0.24059590697288513 VAL: 0.2489812672138214
INFO:root:10
Train: 0.23644238710403442 VAL: 0.24271146953105927
INFO:root:11
Train: 0.23321187496185303 VAL: 0.23944464325904846
INFO:root:12
Train: 0.23061522841453552 VAL: 0.23332399129867554
INFO:root:13
Train: 0.2286929339170456 VAL: 0.23645834624767303
INFO:root:14
Train: 0.22869376838207245 VAL: 0.2347203493118286
INFO:root:15
Train: 0.2287726253271103 VAL: 0.231910839676857
INFO:root:16
Train: 0.22408226132392883 VAL: 0.23477579653263092
INFO:root:17
Train: 0.22312919795513153 VAL: 0.2342834174633026
INFO:root:18
Train: 0.2196563482284546 VAL: 0.22984947264194489
INFO:root:19
Train: 0.2170688509941101 VAL: 0.23329804837703705
INFO:root:20
Train: 0.21637511253356934 VAL: 0.22704917192459106
INFO:root:21
Train: 0.21603664755821228 VAL: 0.22603218257427216
INFO:root:22
Train: 0.21281909942626953 VAL: 0.22863128781318665
INFO:root:23
Train: 0.21299168467521667 VAL: 0.2279134839773178
INFO:root:24
Train: 0.21015046536922455 VAL: 0.2261183261871338
INFO:root:25
Train: 0.20920513570308685 VAL: 0.23766273260116577
INFO:root:26
Train: 0.20542290806770325 VAL: 0.22792193293571472
INFO:root:27
Train: 0.20354467630386353 VAL: 0.2267276495695114
INFO:root:28
Train: 0.2047063708305359 VAL: 0.2456621676683426
INFO:root:29
Train: 0.20470945537090302 VAL: 0.23258662223815918
INFO:root:30
Train: 0.19999924302101135 VAL: 0.23324041068553925
INFO:root:31
Train: 0.1991332769393921 VAL: 0.2282746434211731
INFO:root:32
Train: 0.19500266015529633 VAL: 0.24234110116958618
INFO:root:33
Train: 0.18080434203147888 VAL: 0.23021599650382996
INFO:root:34
Train: 0.17496301233768463 VAL: 0.2342357635498047
INFO:root:35
Train: 0.17147712409496307 VAL: 0.23644627630710602
INFO:root:36
Train: 0.16853433847427368 VAL: 0.24365884065628052
INFO:root:37
Train: 0.16484250128269196 VAL: 0.23727427423000336
INFO:root:38
Train: 0.16336798667907715 VAL: 0.2401273548603058
INFO:root:39
Train: 0.15687866508960724 VAL: 0.24628493189811707
INFO:root:40
Train: 0.1565198004245758 VAL: 0.24465325474739075
INFO:root:41
Train: 0.15288640558719635 VAL: 0.24602073431015015
INFO:root:42
Train: 0.14887012541294098 VAL: 0.24904127418994904
INFO:root:43
Train: 0.14544035494327545 VAL: 0.2568671703338623
INFO:root:44
Train: 0.13327312469482422 VAL: 0.25338029861450195
INFO:root:45
Train: 0.12655456364154816 VAL: 0.25366508960723877
INFO:root:46
Train: 0.12271742522716522 VAL: 0.25959834456443787
INFO:root:47
Train: 0.1197764202952385 VAL: 0.2642390727996826
INFO:root:48
Train: 0.11722097545862198 VAL: 0.2627307176589966
INFO:root:49
Train: 0.11397229880094528 VAL: 0.266319215297699
INFO:root:50
Train: 0.11276117712259293 VAL: 0.26863712072372437
INFO:root:51
Train: 0.10899516195058823 VAL: 0.2695488929748535
INFO:root:BEST VAL: 0.2695488929748535 TEST : 0.2238013744354248
