INFO:root:Namespace(quiet=False, run_id=None, config=None, epochs=200, fold=3, batch_size=128, learn_rate=0.001, betas=(0.9, 0.999), weight_decay=0.001, hidden_size=32, kernel_init='skew-symmetric', note='', seed=None, nlayers=2, attn_head=2, latent_dim=32, dataset='ushcn')
INFO:root:{'input_dim': 5, 'attn_head': 2, 'latent_dim': 32, 'n_layers': 2, 'device': device(type='cuda')}
INFO:root:1
Train: 0.602933406829834 VAL: 0.5395058989524841
INFO:root:2
Train: 0.4974534511566162 VAL: 0.433155357837677
INFO:root:3
Train: 0.4034460484981537 VAL: 0.3309232294559479
INFO:root:4
Train: 0.35755935311317444 VAL: 0.3027678430080414
INFO:root:5
Train: 0.34105053544044495 VAL: 0.2971635162830353
INFO:root:6
Train: 0.32307013869285583 VAL: 0.28873103857040405
INFO:root:7
Train: 0.31978151202201843 VAL: 0.28649425506591797
INFO:root:8
Train: 0.3242657482624054 VAL: 0.2837660610675812
INFO:root:9
Train: 0.32418689131736755 VAL: 0.29199010133743286
INFO:root:10
Train: 0.3188103139400482 VAL: 0.28920677304267883
INFO:root:11
Train: 0.3089353144168854 VAL: 0.28684964776039124
INFO:root:12
Train: 0.313717782497406 VAL: 0.28523093461990356
INFO:root:13
Train: 0.3013997972011566 VAL: 0.28110572695732117
INFO:root:14
Train: 0.31470969319343567 VAL: 0.280203640460968
INFO:root:15
Train: 0.31335726380348206 VAL: 0.28569936752319336
INFO:root:16
Train: 0.3109613358974457 VAL: 0.28246352076530457
INFO:root:17
Train: 0.30626383423805237 VAL: 0.28069472312927246
INFO:root:18
Train: 0.3157211244106293 VAL: 0.2822863459587097
INFO:root:19
Train: 0.29376131296157837 VAL: 0.2821175456047058
INFO:root:20
Train: 0.3095676004886627 VAL: 0.28032028675079346
INFO:root:21
Train: 0.30906423926353455 VAL: 0.2812332808971405
INFO:root:22
Train: 0.2998492419719696 VAL: 0.28073397278785706
INFO:root:23
Train: 0.3130788505077362 VAL: 0.2814977765083313
INFO:root:24
Train: 0.3138110935688019 VAL: 0.28133758902549744
INFO:root:25
Train: 0.3150663375854492 VAL: 0.28496408462524414
INFO:root:26
Train: 0.3094806373119354 VAL: 0.2809758484363556
INFO:root:27
Train: 0.29196104407310486 VAL: 0.2791496515274048
INFO:root:28
Train: 0.31236061453819275 VAL: 0.28166013956069946
INFO:root:29
Train: 0.306352823972702 VAL: 0.27948427200317383
INFO:root:30
Train: 0.2968193590641022 VAL: 0.2798922061920166
INFO:root:31
Train: 0.3064799904823303 VAL: 0.28374096751213074
INFO:root:32
Train: 0.30648913979530334 VAL: 0.2823711633682251
INFO:root:33
Train: 0.3084489703178406 VAL: 0.27894991636276245
INFO:root:34
Train: 0.2858726680278778 VAL: 0.2786754071712494
INFO:root:35
Train: 0.3051661252975464 VAL: 0.2780206799507141
INFO:root:36
Train: 0.2909623682498932 VAL: 0.2777177691459656
INFO:root:37
Train: 0.30462446808815 VAL: 0.27787140011787415
INFO:root:38
Train: 0.3070574998855591 VAL: 0.2779351472854614
INFO:root:39
Train: 0.30260053277015686 VAL: 0.2790107727050781
INFO:root:40
Train: 0.3092246949672699 VAL: 0.2776069641113281
INFO:root:41
Train: 0.3090868890285492 VAL: 0.2774297595024109
INFO:root:42
Train: 0.3069085478782654 VAL: 0.27763107419013977
INFO:root:43
Train: 0.30520105361938477 VAL: 0.2782241106033325
INFO:root:44
Train: 0.30500978231430054 VAL: 0.2783576250076294
INFO:root:45
Train: 0.3078184425830841 VAL: 0.2773633897304535
INFO:root:46
Train: 0.3053388297557831 VAL: 0.2784308195114136
INFO:root:47
Train: 0.30554190278053284 VAL: 0.2767479419708252
INFO:root:48
Train: 0.309829980134964 VAL: 0.28078794479370117
INFO:root:49
Train: 0.30738773941993713 VAL: 0.2776840925216675
INFO:root:50
Train: 0.30699774622917175 VAL: 0.27790969610214233
INFO:root:51
Train: 0.28858208656311035 VAL: 0.2768508791923523
INFO:root:52
Train: 0.3109608590602875 VAL: 0.2796752154827118
INFO:root:53
Train: 0.3131963312625885 VAL: 0.27972859144210815
INFO:root:54
Train: 0.2830480933189392 VAL: 0.2797739803791046
INFO:root:55
Train: 0.3029956519603729 VAL: 0.2790752053260803
INFO:root:56
Train: 0.30722543597221375 VAL: 0.2762550115585327
INFO:root:57
Train: 0.29430294036865234 VAL: 0.27589520812034607
INFO:root:58
Train: 0.28443852066993713 VAL: 0.2763315737247467
INFO:root:59
Train: 0.3014754056930542 VAL: 0.2761496603488922
INFO:root:60
Train: 0.3047676980495453 VAL: 0.27623143792152405
INFO:root:61
Train: 0.3060317039489746 VAL: 0.27753499150276184
INFO:root:62
Train: 0.30791857838630676 VAL: 0.2763864994049072
INFO:root:63
Train: 0.3066861927509308 VAL: 0.2754759192466736
INFO:root:64
Train: 0.2945307791233063 VAL: 0.2757321000099182
INFO:root:65
Train: 0.29164478182792664 VAL: 0.2786066234111786
INFO:root:66
Train: 0.30230310559272766 VAL: 0.2770247459411621
INFO:root:67
Train: 0.3041269779205322 VAL: 0.2755015790462494
INFO:root:68
Train: 0.3050236403942108 VAL: 0.27775293588638306
INFO:root:69
Train: 0.3054262399673462 VAL: 0.2754163146018982
INFO:root:70
Train: 0.30463001132011414 VAL: 0.27599623799324036
INFO:root:71
Train: 0.3077625036239624 VAL: 0.27909767627716064
INFO:root:72
Train: 0.3018748164176941 VAL: 0.27868372201919556
INFO:root:73
Train: 0.2814030945301056 VAL: 0.279605895280838
INFO:root:74
Train: 0.30289003252983093 VAL: 0.27480918169021606
INFO:root:75
Train: 0.29825079441070557 VAL: 0.2751981317996979
INFO:root:76
Train: 0.30467474460601807 VAL: 0.2745364308357239
INFO:root:77
Train: 0.30198249220848083 VAL: 0.2772475481033325
INFO:root:78
Train: 0.29878097772598267 VAL: 0.27713507413864136
INFO:root:79
Train: 0.2822827994823456 VAL: 0.2771211564540863
INFO:root:80
Train: 0.297534316778183 VAL: 0.27476030588150024
INFO:root:81
Train: 0.30945393443107605 VAL: 0.2751302719116211
INFO:root:82
Train: 0.30580779910087585 VAL: 0.27418792247772217
INFO:root:83
Train: 0.30285510420799255 VAL: 0.2754255533218384
INFO:root:84
Train: 0.28832384943962097 VAL: 0.27542874217033386
INFO:root:85
Train: 0.30512580275535583 VAL: 0.274751752614975
INFO:root:86
Train: 0.3062961995601654 VAL: 0.2757748067378998
INFO:root:87
Train: 0.2724354565143585 VAL: 0.27530500292778015
INFO:root:88
Train: 0.3044549822807312 VAL: 0.27581050992012024
INFO:root:89
Train: 0.30131658911705017 VAL: 0.2754390835762024
INFO:root:90
Train: 0.2927260100841522 VAL: 0.27436012029647827
INFO:root:91
Train: 0.3060084879398346 VAL: 0.27649253606796265
INFO:root:92
Train: 0.299725741147995 VAL: 0.2747756242752075
INFO:root:93
Train: 0.3014131486415863 VAL: 0.2735660672187805
INFO:root:94
Train: 0.29885971546173096 VAL: 0.2749839425086975
INFO:root:95
Train: 0.3023199737071991 VAL: 0.280047208070755
INFO:root:96
Train: 0.29186975955963135 VAL: 0.2739025354385376
INFO:root:97
Train: 0.2964695990085602 VAL: 0.2735530734062195
INFO:root:98
Train: 0.2954256236553192 VAL: 0.27557241916656494
INFO:root:99
Train: 0.29973331093788147 VAL: 0.2738349437713623
INFO:root:100
Train: 0.280523419380188 VAL: 0.27487868070602417
INFO:root:101
Train: 0.3016248047351837 VAL: 0.2742096185684204
INFO:root:102
Train: 0.30018535256385803 VAL: 0.27909553050994873
INFO:root:103
Train: 0.28535985946655273 VAL: 0.27621138095855713
INFO:root:104
Train: 0.30267319083213806 VAL: 0.27397483587265015
INFO:root:105
Train: 0.30197232961654663 VAL: 0.2741648554801941
INFO:root:106
Train: 0.2973666489124298 VAL: 0.2735806107521057
INFO:root:107
Train: 0.30128780007362366 VAL: 0.2732558846473694
INFO:root:108
Train: 0.30055612325668335 VAL: 0.2732173800468445
INFO:root:109
Train: 0.3004382252693176 VAL: 0.2731115520000458
INFO:root:110
Train: 0.2986421287059784 VAL: 0.27327054738998413
INFO:root:111
Train: 0.2935979664325714 VAL: 0.27354124188423157
INFO:root:112
Train: 0.29762938618659973 VAL: 0.27333441376686096
INFO:root:113
Train: 0.2995026409626007 VAL: 0.2743353843688965
INFO:root:114
Train: 0.2970465123653412 VAL: 0.27352428436279297
INFO:root:115
Train: 0.30100011825561523 VAL: 0.27363812923431396
INFO:root:116
Train: 0.29649922251701355 VAL: 0.27292150259017944
INFO:root:117
Train: 0.2883232533931732 VAL: 0.2744520306587219
INFO:root:118
Train: 0.30346694588661194 VAL: 0.2732381522655487
INFO:root:119
Train: 0.3022969961166382 VAL: 0.2748713791370392
INFO:root:120
Train: 0.3005777895450592 VAL: 0.2740033268928528
INFO:root:121
Train: 0.3002437651157379 VAL: 0.2744910418987274
INFO:root:122
Train: 0.29459574818611145 VAL: 0.2737150192260742
INFO:root:123
Train: 0.297770619392395 VAL: 0.2743416130542755
INFO:root:124
Train: 0.29740428924560547 VAL: 0.2738983631134033
INFO:root:125
Train: 0.2916596233844757 VAL: 0.2735908031463623
INFO:root:126
Train: 0.29676786065101624 VAL: 0.2730637192726135
INFO:root:127
Train: 0.2971096932888031 VAL: 0.2729453146457672
INFO:root:128
Train: 0.29258888959884644 VAL: 0.2738599181175232
INFO:root:129
Train: 0.29620787501335144 VAL: 0.27305787801742554
INFO:root:130
Train: 0.2998269498348236 VAL: 0.2730788588523865
INFO:root:131
Train: 0.2947268486022949 VAL: 0.27460265159606934
INFO:root:132
Train: 0.28930267691612244 VAL: 0.27398866415023804
INFO:root:133
Train: 0.2967473268508911 VAL: 0.27379921078681946
INFO:root:134
Train: 0.2973010838031769 VAL: 0.2734486758708954
INFO:root:135
Train: 0.293327659368515 VAL: 0.2733251452445984
INFO:root:136
Train: 0.2997511327266693 VAL: 0.2734094262123108
INFO:root:137
Train: 0.29285940527915955 VAL: 0.27320578694343567
INFO:root:138
Train: 0.2996869385242462 VAL: 0.2736779451370239
INFO:root:139
Train: 0.29902687668800354 VAL: 0.27347689867019653
INFO:root:140
Train: 0.30037200450897217 VAL: 0.27310633659362793
INFO:root:141
Train: 0.29827213287353516 VAL: 0.273171991109848
INFO:root:142
Train: 0.29386135935783386 VAL: 0.27322882413864136
INFO:root:143
Train: 0.2990458607673645 VAL: 0.27319613099098206
INFO:root:144
Train: 0.29639962315559387 VAL: 0.2731550931930542
INFO:root:145
Train: 0.2769085466861725 VAL: 0.273151695728302
INFO:root:146
Train: 0.2986837327480316 VAL: 0.2730993628501892
INFO:root:BEST VAL: 0.2730993628501892 TEST : 0.2489165961742401
INFO:root:Namespace(quiet=False, run_id=None, config=None, epochs=200, fold=3, batch_size=128, learn_rate=0.001, betas=(0.9, 0.999), weight_decay=0.001, hidden_size=32, kernel_init='skew-symmetric', note='', seed=None, nlayers=2, attn_head=2, latent_dim=32, dataset='physionet2012')
INFO:root:{'input_dim': 37, 'attn_head': 2, 'latent_dim': 32, 'n_layers': 2, 'device': device(type='cuda')}
INFO:root:1
Train: 0.5232508182525635 VAL: 0.3929833471775055
INFO:root:2
Train: 0.3819814920425415 VAL: 0.37068527936935425
INFO:root:3
Train: 0.3438904881477356 VAL: 0.31454166769981384
INFO:root:4
Train: 0.3089829087257385 VAL: 0.2987097203731537
INFO:root:5
Train: 0.30238401889801025 VAL: 0.2969980239868164
INFO:root:6
Train: 0.3006120026111603 VAL: 0.2965299189090729
INFO:root:7
Train: 0.301267147064209 VAL: 0.295073926448822
INFO:root:8
Train: 0.29887545108795166 VAL: 0.2954668700695038
INFO:root:9
Train: 0.2977730929851532 VAL: 0.29314666986465454
INFO:root:10
Train: 0.29782360792160034 VAL: 0.2935284972190857
INFO:root:11
Train: 0.2958241105079651 VAL: 0.29315370321273804
INFO:root:12
Train: 0.2943035066127777 VAL: 0.29103752970695496
INFO:root:13
Train: 0.2940174639225006 VAL: 0.2916373312473297
INFO:root:14
Train: 0.29553118348121643 VAL: 0.29077035188674927
INFO:root:15
Train: 0.2934398055076599 VAL: 0.2906915545463562
INFO:root:16
Train: 0.2934802174568176 VAL: 0.29038363695144653
INFO:root:17
Train: 0.2932661175727844 VAL: 0.2956817150115967
INFO:root:18
Train: 0.29180923104286194 VAL: 0.28916609287261963
INFO:root:19
Train: 0.2916964590549469 VAL: 0.2895822525024414
INFO:root:20
Train: 0.29217031598091125 VAL: 0.2892940640449524
INFO:root:21
Train: 0.2908734679222107 VAL: 0.29081928730010986
INFO:root:22
Train: 0.29191160202026367 VAL: 0.2887610197067261
INFO:root:23
Train: 0.29093503952026367 VAL: 0.2880091071128845
INFO:root:24
Train: 0.2897852063179016 VAL: 0.28932085633277893
INFO:root:25
Train: 0.2891484498977661 VAL: 0.29035690426826477
INFO:root:26
Train: 0.2894459664821625 VAL: 0.28812915086746216
INFO:root:27
Train: 0.2896982431411743 VAL: 0.288270503282547
INFO:root:28
Train: 0.289944589138031 VAL: 0.28973186016082764
INFO:root:29
Train: 0.2889341115951538 VAL: 0.2876271903514862
INFO:root:30
Train: 0.2903626561164856 VAL: 0.2877267599105835
INFO:root:31
Train: 0.2888726592063904 VAL: 0.28958308696746826
INFO:root:32
Train: 0.28824907541275024 VAL: 0.2878737449645996
INFO:root:33
Train: 0.2889571487903595 VAL: 0.28823649883270264
INFO:root:34
Train: 0.28746119141578674 VAL: 0.28795087337493896
INFO:root:35
Train: 0.2878170609474182 VAL: 0.2872617244720459
INFO:root:36
Train: 0.28732872009277344 VAL: 0.28999969363212585
INFO:root:37
Train: 0.2868554890155792 VAL: 0.2891491651535034
INFO:root:38
Train: 0.2872084379196167 VAL: 0.2862998843193054
INFO:root:39
Train: 0.28640520572662354 VAL: 0.28764858841896057
INFO:root:40
Train: 0.286405086517334 VAL: 0.2867595851421356
INFO:root:41
Train: 0.2855285406112671 VAL: 0.28766584396362305
INFO:root:42
Train: 0.28575941920280457 VAL: 0.2888464033603668
INFO:root:43
Train: 0.28594619035720825 VAL: 0.2868834435939789
INFO:root:44
Train: 0.2845970094203949 VAL: 0.28674817085266113
INFO:root:45
Train: 0.2855188846588135 VAL: 0.2858489155769348
INFO:root:46
Train: 0.28419509530067444 VAL: 0.2865450978279114
INFO:root:47
Train: 0.2845102548599243 VAL: 0.28810590505599976
INFO:root:48
Train: 0.28491610288619995 VAL: 0.28702086210250854
INFO:root:49
Train: 0.2829517126083374 VAL: 0.28631773591041565
INFO:root:50
Train: 0.2826823592185974 VAL: 0.28716152906417847
INFO:root:51
Train: 0.28294873237609863 VAL: 0.28685182332992554
INFO:root:52
Train: 0.2841402292251587 VAL: 0.2874473035335541
INFO:root:53
Train: 0.28309309482574463 VAL: 0.2858201265335083
INFO:root:54
Train: 0.28239601850509644 VAL: 0.2866070866584778
INFO:root:55
Train: 0.2826496660709381 VAL: 0.2860890030860901
INFO:root:56
Train: 0.28153491020202637 VAL: 0.28696680068969727
INFO:root:57
Train: 0.28110989928245544 VAL: 0.28639277815818787
INFO:root:58
Train: 0.2820005714893341 VAL: 0.2865104675292969
INFO:root:59
Train: 0.27992045879364014 VAL: 0.2868051528930664
INFO:root:60
Train: 0.2812037765979767 VAL: 0.2864454388618469
INFO:root:61
Train: 0.28067171573638916 VAL: 0.2867324948310852
INFO:root:62
Train: 0.2805468738079071 VAL: 0.2856205999851227
INFO:root:63
Train: 0.2795986533164978 VAL: 0.29155397415161133
INFO:root:64
Train: 0.2802879512310028 VAL: 0.28546810150146484
INFO:root:65
Train: 0.2789669930934906 VAL: 0.2856615483760834
INFO:root:66
Train: 0.2786691188812256 VAL: 0.2851775884628296
INFO:root:67
Train: 0.27850648760795593 VAL: 0.28590917587280273
INFO:root:68
Train: 0.27892476320266724 VAL: 0.28591078519821167
INFO:root:69
Train: 0.27861154079437256 VAL: 0.2857639789581299
INFO:root:70
Train: 0.2772182822227478 VAL: 0.2852972149848938
INFO:root:71
Train: 0.2773993909358978 VAL: 0.2854255437850952
INFO:root:72
Train: 0.2767511308193207 VAL: 0.28595757484436035
INFO:root:73
Train: 0.2761063575744629 VAL: 0.2862427830696106
INFO:root:74
Train: 0.27616003155708313 VAL: 0.28469038009643555
INFO:root:75
Train: 0.2753899395465851 VAL: 0.28539466857910156
INFO:root:76
Train: 0.2749011516571045 VAL: 0.28486019372940063
INFO:root:77
Train: 0.27453911304473877 VAL: 0.28433144092559814
INFO:root:78
Train: 0.2749437391757965 VAL: 0.28401660919189453
INFO:root:79
Train: 0.2741168141365051 VAL: 0.28558844327926636
INFO:root:80
Train: 0.27434390783309937 VAL: 0.2836768627166748
INFO:root:81
Train: 0.2743021249771118 VAL: 0.28559431433677673
INFO:root:82
Train: 0.2728252112865448 VAL: 0.2842992842197418
INFO:root:83
Train: 0.2724263668060303 VAL: 0.28671056032180786
INFO:root:84
Train: 0.2720467746257782 VAL: 0.2872278392314911
INFO:root:85
Train: 0.2719036340713501 VAL: 0.28891521692276
INFO:root:86
Train: 0.2725638747215271 VAL: 0.2868567407131195
INFO:root:87
Train: 0.27239707112312317 VAL: 0.2871173620223999
INFO:root:88
Train: 0.2710491120815277 VAL: 0.2881072759628296
INFO:root:89
Train: 0.2713332772254944 VAL: 0.2887127101421356
INFO:root:90
Train: 0.27076274156570435 VAL: 0.2873167395591736
INFO:root:91
Train: 0.26942160725593567 VAL: 0.285658061504364
INFO:root:92
Train: 0.26724329590797424 VAL: 0.28738296031951904
INFO:root:93
Train: 0.26667073369026184 VAL: 0.28512492775917053
INFO:root:94
Train: 0.26651695370674133 VAL: 0.28556570410728455
INFO:root:95
Train: 0.2661251127719879 VAL: 0.2855643332004547
INFO:root:96
Train: 0.26641854643821716 VAL: 0.2859632968902588
INFO:root:97
Train: 0.2653656005859375 VAL: 0.285957396030426
INFO:root:98
Train: 0.2659643888473511 VAL: 0.2871735990047455
INFO:root:99
Train: 0.26463639736175537 VAL: 0.2867830991744995
INFO:root:100
Train: 0.26487526297569275 VAL: 0.28552767634391785
INFO:root:101
Train: 0.2644447088241577 VAL: 0.285253643989563
INFO:root:102
Train: 0.26442569494247437 VAL: 0.2867957651615143
INFO:root:103
Train: 0.2623830735683441 VAL: 0.28570881485939026
INFO:root:104
Train: 0.26262366771698 VAL: 0.2854224443435669
INFO:root:105
Train: 0.2623217701911926 VAL: 0.28666695952415466
INFO:root:106
Train: 0.2611423134803772 VAL: 0.28610759973526
INFO:root:107
Train: 0.2611214220523834 VAL: 0.28590330481529236
INFO:root:108
Train: 0.2613222897052765 VAL: 0.28756511211395264
INFO:root:109
Train: 0.26091545820236206 VAL: 0.2866061329841614
INFO:root:110
Train: 0.26139548420906067 VAL: 0.28684866428375244
INFO:root:BEST VAL: 0.28684866428375244 TEST : 0.28477469086647034
