INFO:root:Namespace(quiet=False, run_id=None, config=None, epochs=200, fold=3, batch_size=128, learn_rate=0.001, betas=(0.9, 0.999), weight_decay=0.001, hidden_size=32, kernel_init='skew-symmetric', note='', seed=None, nlayers=3, attn_head=1, latent_dim=128, dataset='ushcn')
INFO:root:{'input_dim': 5, 'attn_head': 1, 'latent_dim': 128, 'n_layers': 3, 'device': device(type='cuda')}
INFO:root:1
Train: 1.5876144170761108 VAL: 0.615997314453125
INFO:root:2
Train: 0.6063321232795715 VAL: 0.4911268949508667
INFO:root:3
Train: 0.4875499904155731 VAL: 0.363945335149765
INFO:root:4
Train: 0.43310198187828064 VAL: 0.38391244411468506
INFO:root:5
Train: 0.4010016918182373 VAL: 0.39174824953079224
INFO:root:6
Train: 0.4077160358428955 VAL: 0.31834015250205994
INFO:root:7
Train: 0.3637845814228058 VAL: 0.30403926968574524
INFO:root:8
Train: 0.3532465696334839 VAL: 0.2866806983947754
INFO:root:9
Train: 0.3303609788417816 VAL: 0.28487786650657654
INFO:root:10
Train: 0.33101388812065125 VAL: 0.28363001346588135
INFO:root:11
Train: 0.31237128376960754 VAL: 0.2825285792350769
INFO:root:12
Train: 0.32973891496658325 VAL: 0.2879220247268677
INFO:root:13
Train: 0.32412129640579224 VAL: 0.2931620180606842
INFO:root:14
Train: 0.28176459670066833 VAL: 0.29270997643470764
INFO:root:15
Train: 0.32343578338623047 VAL: 0.2877171039581299
INFO:root:16
Train: 0.30944111943244934 VAL: 0.28604215383529663
INFO:root:17
Train: 0.30240049958229065 VAL: 0.28837552666664124
INFO:root:18
Train: 0.31614136695861816 VAL: 0.28221526741981506
INFO:root:19
Train: 0.31247594952583313 VAL: 0.27675575017929077
INFO:root:20
Train: 0.3065505921840668 VAL: 0.27896636724472046
INFO:root:21
Train: 0.30865493416786194 VAL: 0.27823978662490845
INFO:root:22
Train: 0.31066569685935974 VAL: 0.2769700586795807
INFO:root:23
Train: 0.3162073791027069 VAL: 0.2766379714012146
INFO:root:24
Train: 0.3055437505245209 VAL: 0.2842879295349121
INFO:root:25
Train: 0.28247979283332825 VAL: 0.2829049825668335
INFO:root:26
Train: 0.310565322637558 VAL: 0.27751848101615906
INFO:root:27
Train: 0.30708611011505127 VAL: 0.2861122488975525
INFO:root:28
Train: 0.30900391936302185 VAL: 0.27969565987586975
INFO:root:29
Train: 0.2984369397163391 VAL: 0.2786670923233032
INFO:root:30
Train: 0.301853746175766 VAL: 0.2816876173019409
INFO:root:31
Train: 0.30471566319465637 VAL: 0.2805327773094177
INFO:root:32
Train: 0.3042649030685425 VAL: 0.2801859974861145
INFO:root:33
Train: 0.30376848578453064 VAL: 0.28252214193344116
INFO:root:34
Train: 0.3051619529724121 VAL: 0.28318560123443604
INFO:root:35
Train: 0.30330443382263184 VAL: 0.29183200001716614
INFO:root:36
Train: 0.3030908703804016 VAL: 0.27925434708595276
INFO:root:37
Train: 0.3021717369556427 VAL: 0.2836330831050873
INFO:root:38
Train: 0.27778950333595276 VAL: 0.2790273427963257
INFO:root:39
Train: 0.29470115900039673 VAL: 0.28032296895980835
INFO:root:40
Train: 0.3047903776168823 VAL: 0.28019970655441284
INFO:root:41
Train: 0.28454703092575073 VAL: 0.2895084321498871
INFO:root:42
Train: 0.2607460618019104 VAL: 0.2803199291229248
INFO:root:43
Train: 0.3067340552806854 VAL: 0.283291757106781
INFO:root:44
Train: 0.2983177900314331 VAL: 0.2805345952510834
INFO:root:45
Train: 0.30071789026260376 VAL: 0.2830314636230469
INFO:root:46
Train: 0.3012028932571411 VAL: 0.2822587788105011
INFO:root:47
Train: 0.29906734824180603 VAL: 0.28121766448020935
INFO:root:48
Train: 0.2782992422580719 VAL: 0.28028836846351624
INFO:root:49
Train: 0.3005901277065277 VAL: 0.2829914689064026
INFO:root:50
Train: 0.2867876887321472 VAL: 0.27938684821128845
INFO:root:51
Train: 0.2965370714664459 VAL: 0.2819737195968628
INFO:root:52
Train: 0.2776089012622833 VAL: 0.28245654702186584
INFO:root:53
Train: 0.2981996238231659 VAL: 0.2812344431877136
INFO:root:BEST VAL: 0.2812344431877136 TEST : 0.24830013513565063
