INFO:root:Namespace(quiet=False, run_id=None, config=None, epochs=200, fold=1, batch_size=128, learn_rate=0.001, betas=(0.9, 0.999), weight_decay=0.001, hidden_size=32, kernel_init='skew-symmetric', note='', seed=None, nlayers=1, attn_head=4, latent_dim=128, dataset='ushcn')
INFO:root:{'input_dim': 5, 'attn_head': 4, 'latent_dim': 128, 'n_layers': 1, 'device': device(type='cuda')}
INFO:root:1
Train: 0.922447144985199 VAL: 0.6457639336585999
INFO:root:2
Train: 0.5655397176742554 VAL: 0.519721269607544
INFO:root:3
Train: 0.42439451813697815 VAL: 0.4660640060901642
INFO:root:4
Train: 0.3718714416027069 VAL: 0.42754653096199036
INFO:root:5
Train: 0.3300192356109619 VAL: 0.4249960780143738
INFO:root:6
Train: 0.31396129727363586 VAL: 0.4026116728782654
INFO:root:7
Train: 0.2959540784358978 VAL: 0.3973386585712433
INFO:root:8
Train: 0.28887858986854553 VAL: 0.38276565074920654
INFO:root:9
Train: 0.28679338097572327 VAL: 0.3830137550830841
INFO:root:10
Train: 0.29812079668045044 VAL: 0.3892923891544342
INFO:root:11
Train: 0.28485262393951416 VAL: 0.38044023513793945
INFO:root:12
Train: 0.28566059470176697 VAL: 0.38031885027885437
INFO:root:13
Train: 0.26361414790153503 VAL: 0.3799583315849304
INFO:root:14
Train: 0.28207525610923767 VAL: 0.37827613949775696
INFO:root:15
Train: 0.28256651759147644 VAL: 0.3854427933692932
INFO:root:16
Train: 0.27529284358024597 VAL: 0.38162660598754883
INFO:root:17
Train: 0.2797737419605255 VAL: 0.3793403208255768
INFO:root:18
Train: 0.28161370754241943 VAL: 0.3805837035179138
INFO:root:19
Train: 0.2835789620876312 VAL: 0.3836037814617157
INFO:root:20
Train: 0.2718917727470398 VAL: 0.3766174614429474
INFO:root:21
Train: 0.28027522563934326 VAL: 0.38025161623954773
INFO:root:22
Train: 0.2823887765407562 VAL: 0.3811104893684387
INFO:root:23
Train: 0.2825041115283966 VAL: 0.3779539465904236
INFO:root:24
Train: 0.28665459156036377 VAL: 0.37911540269851685
INFO:root:25
Train: 0.2852204442024231 VAL: 0.38146811723709106
INFO:root:26
Train: 0.27849623560905457 VAL: 0.37519097328186035
INFO:root:27
Train: 0.28066596388816833 VAL: 0.3789229094982147
INFO:root:28
Train: 0.2799607217311859 VAL: 0.3869289755821228
INFO:root:29
Train: 0.2825907766819 VAL: 0.3784928619861603
INFO:root:30
Train: 0.27379241585731506 VAL: 0.3750166893005371
INFO:root:31
Train: 0.2777253985404968 VAL: 0.3776712715625763
INFO:root:32
Train: 0.28223171830177307 VAL: 0.3774152100086212
INFO:root:33
Train: 0.2731548249721527 VAL: 0.3806205689907074
INFO:root:34
Train: 0.2815759479999542 VAL: 0.3852595090866089
INFO:root:35
Train: 0.27812090516090393 VAL: 0.3757198452949524
INFO:root:36
Train: 0.25762584805488586 VAL: 0.3770924508571625
INFO:root:37
Train: 0.2727199196815491 VAL: 0.3808078169822693
INFO:root:38
Train: 0.27400436997413635 VAL: 0.3810354471206665
INFO:root:39
Train: 0.2786185145378113 VAL: 0.3823610246181488
INFO:root:40
Train: 0.270151823759079 VAL: 0.3760967254638672
INFO:root:41
Train: 0.27877458930015564 VAL: 0.3768300414085388
INFO:root:42
Train: 0.27064743638038635 VAL: 0.3765510618686676
INFO:root:43
Train: 0.2729426324367523 VAL: 0.37731990218162537
INFO:root:Namespace(quiet=False, run_id=None, config=None, epochs=200, fold=1, batch_size=128, learn_rate=0.001, betas=(0.9, 0.999), weight_decay=0.001, hidden_size=32, kernel_init='skew-symmetric', note='', seed=None, nlayers=1, attn_head=4, latent_dim=128, dataset='ushcn')
INFO:root:{'input_dim': 5, 'attn_head': 4, 'latent_dim': 128, 'n_layers': 1, 'device': device(type='cuda')}
INFO:root:1
Train: 0.8365035653114319 VAL: 0.6812823414802551
INFO:root:2
Train: 0.5395969748497009 VAL: 0.5344438552856445
INFO:root:3
Train: 0.39833298325538635 VAL: 0.45061302185058594
INFO:root:4
Train: 0.4365590810775757 VAL: 0.39802905917167664
INFO:root:5
Train: 0.3193216919898987 VAL: 0.4119233191013336
INFO:root:6
Train: 0.3222130537033081 VAL: 0.4139350950717926
INFO:root:7
Train: 0.30222150683403015 VAL: 0.39198774099349976
INFO:root:8
Train: 0.29669389128685 VAL: 0.38572022318840027
INFO:root:9
Train: 0.29052281379699707 VAL: 0.39695170521736145
INFO:root:10
Train: 0.2979191541671753 VAL: 0.3872298002243042
INFO:root:11
Train: 0.29511144757270813 VAL: 0.3831223249435425
INFO:root:12
Train: 0.29315343499183655 VAL: 0.3845367431640625
INFO:root:13
Train: 0.2835695147514343 VAL: 0.3846145272254944
INFO:root:14
Train: 0.2873876988887787 VAL: 0.3867393732070923
INFO:root:15
Train: 0.2833692133426666 VAL: 0.37809595465660095
INFO:root:16
Train: 0.28462743759155273 VAL: 0.37743210792541504
INFO:root:17
Train: 0.28477752208709717 VAL: 0.3792949914932251
INFO:root:18
Train: 0.2815861999988556 VAL: 0.37780141830444336
INFO:root:19
Train: 0.27321234345436096 VAL: 0.3803280293941498
INFO:root:20
Train: 0.25074565410614014 VAL: 0.3841034770011902
INFO:root:21
Train: 0.27267006039619446 VAL: 0.37907567620277405
INFO:root:22
Train: 0.2836136519908905 VAL: 0.37616515159606934
INFO:root:23
Train: 0.2671287953853607 VAL: 0.3784524202346802
INFO:root:24
Train: 0.26163575053215027 VAL: 0.3833180069923401
INFO:root:25
Train: 0.2799473702907562 VAL: 0.3889104127883911
INFO:root:26
Train: 0.2854364216327667 VAL: 0.38567855954170227
INFO:root:27
Train: 0.2617051601409912 VAL: 0.3764747977256775
INFO:root:28
Train: 0.2779895067214966 VAL: 0.3741315007209778
INFO:root:29
Train: 0.28464773297309875 VAL: 0.3789142966270447
INFO:root:30
Train: 0.28102630376815796 VAL: 0.3752804398536682
INFO:root:31
Train: 0.27878472208976746 VAL: 0.37418997287750244
INFO:root:32
Train: 0.2654842436313629 VAL: 0.38210761547088623
INFO:root:33
Train: 0.2753462493419647 VAL: 0.37764161825180054
INFO:root:34
Train: 0.27697479724884033 VAL: 0.37650206685066223
INFO:root:35
Train: 0.277460515499115 VAL: 0.3852137327194214
INFO:root:36
Train: 0.2814910411834717 VAL: 0.39047595858573914
INFO:root:37
Train: 0.2767120897769928 VAL: 0.3765014410018921
INFO:root:38
Train: 0.2760782241821289 VAL: 0.3731319010257721
INFO:root:39
Train: 0.27408742904663086 VAL: 0.3745846152305603
INFO:root:40
Train: 0.2749544084072113 VAL: 0.3768949508666992
INFO:root:41
Train: 0.27220866084098816 VAL: 0.3783533573150635
INFO:root:42
Train: 0.2759290635585785 VAL: 0.3750373423099518
INFO:root:43
Train: 0.2717702090740204 VAL: 0.3732127547264099
INFO:root:44
Train: 0.2782522141933441 VAL: 0.3732009530067444
INFO:root:45
Train: 0.27385202050209045 VAL: 0.37487173080444336
INFO:root:46
Train: 0.2666778266429901 VAL: 0.3778868615627289
INFO:root:47
Train: 0.27161017060279846 VAL: 0.38280296325683594
INFO:root:48
Train: 0.27998557686805725 VAL: 0.3746446371078491
INFO:root:49
Train: 0.2782089114189148 VAL: 0.3749571442604065
INFO:root:50
Train: 0.27835923433303833 VAL: 0.3796323537826538
INFO:root:51
Train: 0.2737961411476135 VAL: 0.3729054927825928
INFO:root:52
Train: 0.2751491963863373 VAL: 0.37290751934051514
INFO:root:53
Train: 0.27623844146728516 VAL: 0.390142023563385
INFO:root:54
Train: 0.2771690785884857 VAL: 0.374137818813324
INFO:root:55
Train: 0.27891314029693604 VAL: 0.3733624815940857
INFO:root:56
Train: 0.2833399474620819 VAL: 0.38497447967529297
INFO:root:57
Train: 0.23032023012638092 VAL: 0.3751399517059326
INFO:root:58
Train: 0.2756505310535431 VAL: 0.3750746250152588
INFO:root:59
Train: 0.2562609016895294 VAL: 0.37501949071884155
INFO:root:60
Train: 0.24090667068958282 VAL: 0.376889705657959
INFO:root:61
Train: 0.2565639019012451 VAL: 0.37505146861076355
INFO:root:62
Train: 0.26372861862182617 VAL: 0.3815959095954895
INFO:root:63
Train: 0.2752089202404022 VAL: 0.3739975690841675
INFO:root:64
Train: 0.27370452880859375 VAL: 0.3771510720252991
INFO:root:65
Train: 0.2718261778354645 VAL: 0.3731308579444885
INFO:root:66
Train: 0.27251604199409485 VAL: 0.3744649887084961
INFO:root:67
Train: 0.2682456076145172 VAL: 0.37314143776893616
INFO:root:68
Train: 0.27113667130470276 VAL: 0.3735147714614868
INFO:root:69
Train: 0.26043182611465454 VAL: 0.37430423498153687
INFO:root:70
Train: 0.27359065413475037 VAL: 0.3741680979728699
INFO:root:71
Train: 0.270079642534256 VAL: 0.3739110231399536
INFO:root:72
Train: 0.2585764229297638 VAL: 0.3754318356513977
INFO:root:73
Train: 0.2663111686706543 VAL: 0.3745339512825012
INFO:root:74
Train: 0.2545386254787445 VAL: 0.3735145926475525
INFO:root:75
Train: 0.2682989537715912 VAL: 0.37550193071365356
INFO:root:76
Train: 0.26079580187797546 VAL: 0.3744852840900421
INFO:root:77
Train: 0.2640206515789032 VAL: 0.3733903765678406
INFO:root:78
Train: 0.2697858512401581 VAL: 0.37433183193206787
INFO:root:79
Train: 0.2641758918762207 VAL: 0.37511366605758667
INFO:root:80
Train: 0.2714623510837555 VAL: 0.3735628128051758
INFO:root:81
Train: 0.27269625663757324 VAL: 0.3736156225204468
INFO:root:Namespace(quiet=False, run_id=None, config=None, epochs=200, fold=1, batch_size=128, learn_rate=0.001, betas=(0.9, 0.999), weight_decay=0.001, hidden_size=32, kernel_init='skew-symmetric', note='', seed=None, nlayers=1, attn_head=4, latent_dim=128, dataset='ushcn')
INFO:root:{'input_dim': 5, 'attn_head': 4, 'latent_dim': 128, 'n_layers': 1, 'device': device(type='cuda')}
INFO:root:1
Train: 0.9299989342689514 VAL: 0.661210834980011
INFO:root:2
Train: 0.5509691834449768 VAL: 0.521273672580719
INFO:root:3
Train: 0.38272133469581604 VAL: 0.4710255265235901
INFO:root:4
Train: 0.34591174125671387 VAL: 0.43100351095199585
INFO:root:5
Train: 0.35475751757621765 VAL: 0.41541680693626404
INFO:root:6
Train: 0.33283066749572754 VAL: 0.41479700803756714
INFO:root:7
Train: 0.3324929475784302 VAL: 0.402901291847229
INFO:root:8
Train: 0.31330564618110657 VAL: 0.3934847116470337
INFO:root:9
Train: 0.2992250919342041 VAL: 0.38240745663642883
INFO:root:10
Train: 0.28278109431266785 VAL: 0.3858618140220642
INFO:root:11
Train: 0.2939766049385071 VAL: 0.3828175961971283
INFO:root:12
Train: 0.2889349162578583 VAL: 0.3834275007247925
INFO:root:13
Train: 0.28072166442871094 VAL: 0.3848114311695099
INFO:root:14
Train: 0.2770005464553833 VAL: 0.38168221712112427
INFO:root:15
Train: 0.2837090790271759 VAL: 0.38855883479118347
INFO:root:16
Train: 0.2826445400714874 VAL: 0.37842851877212524
INFO:root:17
Train: 0.2826586067676544 VAL: 0.38003408908843994
INFO:root:18
Train: 0.28365015983581543 VAL: 0.38135701417922974
INFO:root:19
Train: 0.2841794490814209 VAL: 0.3758949935436249
INFO:root:20
Train: 0.2796381413936615 VAL: 0.3777812123298645
INFO:root:21
Train: 0.2703755795955658 VAL: 0.3757423162460327
INFO:root:22
Train: 0.2776128947734833 VAL: 0.38002723455429077
INFO:root:23
Train: 0.28168976306915283 VAL: 0.3753686249256134
INFO:root:24
Train: 0.28029194474220276 VAL: 0.37693923711776733
INFO:root:25
Train: 0.2803911864757538 VAL: 0.37967783212661743
INFO:root:26
Train: 0.2659280002117157 VAL: 0.3750591278076172
INFO:root:27
Train: 0.28209784626960754 VAL: 0.40461182594299316
INFO:root:28
Train: 0.2762702405452728 VAL: 0.38170772790908813
INFO:root:29
Train: 0.28507041931152344 VAL: 0.37623193860054016
INFO:root:30
Train: 0.28744998574256897 VAL: 0.37885308265686035
INFO:root:31
Train: 0.28103068470954895 VAL: 0.37849360704421997
INFO:root:32
Train: 0.2761459946632385 VAL: 0.37463486194610596
INFO:root:33
Train: 0.277691513299942 VAL: 0.37483683228492737
INFO:root:34
Train: 0.2577349543571472 VAL: 0.37771129608154297
INFO:root:35
Train: 0.274210661649704 VAL: 0.37645965814590454
INFO:root:36
Train: 0.26888856291770935 VAL: 0.37596970796585083
INFO:root:37
Train: 0.2671450674533844 VAL: 0.3746523857116699
INFO:root:38
Train: 0.2785389721393585 VAL: 0.3769952058792114
INFO:root:39
Train: 0.2762877643108368 VAL: 0.38204699754714966
INFO:root:40
Train: 0.2682102918624878 VAL: 0.3773437738418579
INFO:root:41
Train: 0.2600960433483124 VAL: 0.3763526678085327
INFO:root:42
Train: 0.26352187991142273 VAL: 0.3836705982685089
INFO:root:43
Train: 0.2746157646179199 VAL: 0.37531888484954834
INFO:root:44
Train: 0.27004268765449524 VAL: 0.37425798177719116
INFO:root:45
Train: 0.27766406536102295 VAL: 0.3779718279838562
INFO:root:46
Train: 0.2778300642967224 VAL: 0.3734436631202698
INFO:root:47
Train: 0.2746298015117645 VAL: 0.3746129274368286
INFO:root:48
Train: 0.2676182687282562 VAL: 0.38249701261520386
INFO:root:49
Train: 0.2732183635234833 VAL: 0.3736848831176758
INFO:root:50
Train: 0.27078261971473694 VAL: 0.37414711713790894
INFO:root:51
Train: 0.2681770622730255 VAL: 0.37537550926208496
INFO:root:52
Train: 0.268362432718277 VAL: 0.3737916946411133
INFO:root:53
Train: 0.27329182624816895 VAL: 0.37548911571502686
INFO:root:54
Train: 0.27254611253738403 VAL: 0.3749108910560608
INFO:root:55
Train: 0.273799866437912 VAL: 0.3731139302253723
INFO:root:56
Train: 0.27496299147605896 VAL: 0.3824225664138794
INFO:root:57
Train: 0.2543763816356659 VAL: 0.37468379735946655
INFO:root:58
Train: 0.2733623683452606 VAL: 0.3746904730796814
INFO:root:59
Train: 0.2714117467403412 VAL: 0.3728206157684326
INFO:root:60
Train: 0.2721714675426483 VAL: 0.37773120403289795
INFO:root:61
Train: 0.27677789330482483 VAL: 0.37427854537963867
INFO:root:62
Train: 0.2737974524497986 VAL: 0.37450385093688965
INFO:root:63
Train: 0.2750449478626251 VAL: 0.3762896656990051
INFO:root:64
Train: 0.2782340347766876 VAL: 0.3805711269378662
INFO:root:65
Train: 0.27059900760650635 VAL: 0.3731714189052582
INFO:root:66
Train: 0.2685152590274811 VAL: 0.3731825649738312
INFO:root:67
Train: 0.2749682366847992 VAL: 0.37775593996047974
INFO:root:68
Train: 0.2741222381591797 VAL: 0.372910737991333
INFO:root:69
Train: 0.27475234866142273 VAL: 0.3748434782028198
INFO:root:70
Train: 0.277161568403244 VAL: 0.37329810857772827
INFO:root:71
Train: 0.26180508732795715 VAL: 0.37822607159614563
INFO:root:72
Train: 0.27324745059013367 VAL: 0.3721293807029724
INFO:root:73
Train: 0.2637817859649658 VAL: 0.3773955702781677
INFO:root:74
Train: 0.27035823464393616 VAL: 0.37329232692718506
INFO:root:75
Train: 0.26630541682243347 VAL: 0.3771343231201172
INFO:root:76
Train: 0.2736422121524811 VAL: 0.3725951910018921
INFO:root:77
Train: 0.27225741744041443 VAL: 0.37513577938079834
INFO:root:78
Train: 0.26762568950653076 VAL: 0.37493085861206055
INFO:root:79
Train: 0.2687487006187439 VAL: 0.37401479482650757
INFO:root:80
Train: 0.2696913778781891 VAL: 0.37426137924194336
INFO:root:81
Train: 0.24447739124298096 VAL: 0.37443146109580994
INFO:root:82
Train: 0.27073439955711365 VAL: 0.3740282654762268
INFO:root:83
Train: 0.2743569314479828 VAL: 0.3741074800491333
INFO:root:84
Train: 0.2715573310852051 VAL: 0.3731556534767151
INFO:root:85
Train: 0.2699366509914398 VAL: 0.3738434910774231
INFO:root:86
Train: 0.2674844264984131 VAL: 0.37505143880844116
INFO:root:87
Train: 0.26712921261787415 VAL: 0.37367677688598633
INFO:root:88
Train: 0.24838483333587646 VAL: 0.3749576210975647
INFO:root:89
Train: 0.26798224449157715 VAL: 0.3734935522079468
INFO:root:90
Train: 0.2687530815601349 VAL: 0.37318694591522217
INFO:root:91
Train: 0.2657087743282318 VAL: 0.3742198348045349
INFO:root:92
Train: 0.26990845799446106 VAL: 0.3747815489768982
INFO:root:93
Train: 0.27145305275917053 VAL: 0.3725919723510742
INFO:root:94
Train: 0.2685830295085907 VAL: 0.3739963173866272
INFO:root:95
Train: 0.2683413624763489 VAL: 0.37399759888648987
INFO:root:96
Train: 0.268231600522995 VAL: 0.37354639172554016
INFO:root:97
Train: 0.2708579897880554 VAL: 0.3740173578262329
INFO:root:98
Train: 0.26547467708587646 VAL: 0.3733843266963959
INFO:root:99
Train: 0.27314719557762146 VAL: 0.3731567859649658
INFO:root:100
Train: 0.2480791062116623 VAL: 0.3740028142929077
INFO:root:101
Train: 0.26911643147468567 VAL: 0.3739667236804962
INFO:root:102
Train: 0.2706795334815979 VAL: 0.3731192350387573
INFO:root:BEST VAL: 0.3731192350387573 TEST : 0.2567025423049927
