INFO:root:Namespace(quiet=False, run_id=None, config=None, epochs=200, fold=0, batch_size=64, learn_rate=0.001, betas=(0.9, 0.999), weight_decay=0.001, hidden_size=32, kernel_init='skew-symmetric', note='', seed=None, nlayers=1, attn_head=1, latent_dim=32, dataset='mimiciii')
INFO:root:{'input_dim': 96, 'attn_head': 1, 'latent_dim': 32, 'n_layers': 1, 'device': device(type='cuda')}
INFO:root:1
Train: 0.5893677473068237 VAL: 0.5455607175827026
INFO:root:2
Train: 0.5167893767356873 VAL: 0.5061395168304443
INFO:root:3
Train: 0.481542706489563 VAL: 0.4863053262233734
INFO:root:4
Train: 0.4555644989013672 VAL: 0.4621509313583374
INFO:root:5
Train: 0.4352017343044281 VAL: 0.45907726883888245
INFO:root:6
Train: 0.42994460463523865 VAL: 0.451442152261734
INFO:root:7
Train: 0.4255618453025818 VAL: 0.4487078785896301
INFO:root:8
Train: 0.4238143861293793 VAL: 0.43649303913116455
INFO:root:9
Train: 0.4202820062637329 VAL: 0.4368384778499603
INFO:root:10
Train: 0.41846492886543274 VAL: 0.4305860996246338
INFO:root:11
Train: 0.41422873735427856 VAL: 0.42930901050567627
INFO:root:12
Train: 0.41062161326408386 VAL: 0.4291539490222931
INFO:root:13
Train: 0.41202226281166077 VAL: 0.4299676716327667
INFO:root:14
Train: 0.4107362926006317 VAL: 0.4259449541568756
INFO:root:15
Train: 0.4059635102748871 VAL: 0.42519909143447876
INFO:root:16
Train: 0.4111332893371582 VAL: 0.4247923791408539
INFO:root:17
Train: 0.40334147214889526 VAL: 0.42782703042030334
INFO:root:18
Train: 0.40338075160980225 VAL: 0.4237019419670105
INFO:root:19
Train: 0.4047134816646576 VAL: 0.42350929975509644
INFO:root:20
Train: 0.40526747703552246 VAL: 0.44712457060813904
INFO:root:21
Train: 0.40164390206336975 VAL: 0.42783230543136597
INFO:root:22
Train: 0.4013654887676239 VAL: 0.4252375066280365
INFO:root:23
Train: 0.4002545475959778 VAL: 0.42212975025177
INFO:root:24
Train: 0.39949649572372437 VAL: 0.42086026072502136
INFO:root:25
Train: 0.3973914086818695 VAL: 0.417061984539032
INFO:root:26
Train: 0.3975276052951813 VAL: 0.422416090965271
INFO:root:27
Train: 0.3951633870601654 VAL: 0.42173662781715393
INFO:root:28
Train: 0.394965797662735 VAL: 0.41571661829948425
INFO:root:29
Train: 0.39602383971214294 VAL: 0.42115145921707153
INFO:root:30
Train: 0.395356684923172 VAL: 0.4204384386539459
INFO:root:31
Train: 0.3968421518802643 VAL: 0.4189870357513428
INFO:root:32
Train: 0.39468109607696533 VAL: 0.41739609837532043
INFO:root:33
Train: 0.397853285074234 VAL: 0.42294371128082275
INFO:root:34
Train: 0.3933321535587311 VAL: 0.41835159063339233
INFO:root:35
Train: 0.3907342255115509 VAL: 0.41726773977279663
INFO:root:36
Train: 0.39021360874176025 VAL: 0.41210833191871643
INFO:root:37
Train: 0.3928126394748688 VAL: 0.41443049907684326
INFO:root:38
Train: 0.39250287413597107 VAL: 0.4179134666919708
INFO:root:39
Train: 0.39135557413101196 VAL: 0.40943199396133423
INFO:root:40
Train: 0.38715729117393494 VAL: 0.41416293382644653
INFO:root:41
Train: 0.3880162537097931 VAL: 0.41332370042800903
INFO:root:42
Train: 0.38479161262512207 VAL: 0.4090341329574585
INFO:root:43
Train: 0.3866518437862396 VAL: 0.40967538952827454
INFO:root:44
Train: 0.38455843925476074 VAL: 0.4104137718677521
INFO:root:45
Train: 0.38347092270851135 VAL: 0.4084464907646179
INFO:root:46
Train: 0.3835509121417999 VAL: 0.4505172073841095
INFO:root:47
Train: 0.39025813341140747 VAL: 0.4069487154483795
INFO:root:48
Train: 0.38475069403648376 VAL: 0.4138725996017456
INFO:root:49
Train: 0.38313841819763184 VAL: 0.40606486797332764
INFO:root:50
Train: 0.38321441411972046 VAL: 0.4069472849369049
INFO:root:51
Train: 0.38088905811309814 VAL: 0.4068261981010437
INFO:root:52
Train: 0.37933602929115295 VAL: 0.40816906094551086
INFO:root:53
Train: 0.3784227669239044 VAL: 0.40914544463157654
INFO:root:54
Train: 0.37822389602661133 VAL: 0.4070964455604553
INFO:root:55
Train: 0.3790527284145355 VAL: 0.4071449339389801
INFO:root:56
Train: 0.3810942471027374 VAL: 0.4026128053665161
INFO:root:57
Train: 0.37720391154289246 VAL: 0.40433043241500854
INFO:root:58
Train: 0.3783268630504608 VAL: 0.40622612833976746
INFO:root:59
Train: 0.37685513496398926 VAL: 0.40720754861831665
INFO:root:60
Train: 0.376753032207489 VAL: 0.4065834879875183
INFO:root:61
Train: 0.37549760937690735 VAL: 0.4078381061553955
INFO:root:62
Train: 0.37826600670814514 VAL: 0.4445590376853943
INFO:root:63
Train: 0.3740740418434143 VAL: 0.40415024757385254
INFO:root:64
Train: 0.3731294870376587 VAL: 0.40250352025032043
INFO:root:65
Train: 0.3750429153442383 VAL: 0.4059201776981354
INFO:root:66
Train: 0.3739737868309021 VAL: 0.4043576121330261
INFO:root:67
Train: 0.3730810284614563 VAL: 0.40328341722488403
INFO:root:68
Train: 0.3712433874607086 VAL: 0.39874809980392456
INFO:root:69
Train: 0.37091416120529175 VAL: 0.4057225286960602
INFO:root:70
Train: 0.3704463243484497 VAL: 0.4032110571861267
INFO:root:71
Train: 0.37203311920166016 VAL: 0.40593594312667847
INFO:root:72
Train: 0.37360528111457825 VAL: 0.404313862323761
INFO:root:73
Train: 0.3710438013076782 VAL: 0.4015020728111267
INFO:root:74
Train: 0.36699047684669495 VAL: 0.4007331132888794
INFO:root:75
Train: 0.3679640591144562 VAL: 0.4008391201496124
INFO:root:76
Train: 0.3673619031906128 VAL: 0.40587612986564636
INFO:root:77
Train: 0.36616387963294983 VAL: 0.40030843019485474
INFO:root:78
Train: 0.36777639389038086 VAL: 0.40821385383605957
INFO:root:79
Train: 0.36755603551864624 VAL: 0.40170392394065857
INFO:root:80
Train: 0.3634660243988037 VAL: 0.40648725628852844
INFO:root:81
Train: 0.36210134625434875 VAL: 0.4017520248889923
INFO:root:82
Train: 0.36194029450416565 VAL: 0.4001127779483795
INFO:root:83
Train: 0.3597569465637207 VAL: 0.4026415944099426
INFO:root:84
Train: 0.35974958539009094 VAL: 0.40100595355033875
INFO:root:85
Train: 0.36117222905158997 VAL: 0.3983194828033447
INFO:root:86
Train: 0.36017000675201416 VAL: 0.4014087915420532
INFO:root:87
Train: 0.3621503710746765 VAL: 0.4016404449939728
INFO:root:88
Train: 0.35984814167022705 VAL: 0.40136682987213135
INFO:root:89
Train: 0.3599728047847748 VAL: 0.39953500032424927
INFO:root:90
Train: 0.36056700348854065 VAL: 0.40154194831848145
INFO:root:91
Train: 0.36041557788848877 VAL: 0.4005415439605713
INFO:root:92
Train: 0.35938888788223267 VAL: 0.4029397666454315
INFO:root:93
Train: 0.3595760464668274 VAL: 0.40046894550323486
INFO:root:94
Train: 0.36068007349967957 VAL: 0.4003088176250458
INFO:root:95
Train: 0.35879936814308167 VAL: 0.4000774025917053
INFO:root:96
Train: 0.35880452394485474 VAL: 0.39884835481643677
INFO:root:97
Train: 0.35825568437576294 VAL: 0.39829593896865845
INFO:root:98
Train: 0.35590243339538574 VAL: 0.39829355478286743
INFO:root:99
Train: 0.354560524225235 VAL: 0.40148961544036865
INFO:root:100
Train: 0.3549443185329437 VAL: 0.3986145853996277
INFO:root:101
Train: 0.3538772463798523 VAL: 0.3995495140552521
INFO:root:102
Train: 0.35466551780700684 VAL: 0.40015342831611633
INFO:root:103
Train: 0.35425710678100586 VAL: 0.39992639422416687
INFO:root:104
Train: 0.35529908537864685 VAL: 0.39851683378219604
INFO:root:105
Train: 0.354857474565506 VAL: 0.40194395184516907
INFO:root:106
Train: 0.35351836681365967 VAL: 0.4003656208515167
INFO:root:107
Train: 0.352864146232605 VAL: 0.4000317454338074
INFO:root:108
Train: 0.3524976968765259 VAL: 0.40120765566825867
INFO:root:109
Train: 0.35272255539894104 VAL: 0.39956992864608765
INFO:root:110
Train: 0.35109803080558777 VAL: 0.4003262519836426
INFO:root:111
Train: 0.3511240780353546 VAL: 0.400234580039978
INFO:root:112
Train: 0.35160699486732483 VAL: 0.3994635343551636
INFO:root:113
Train: 0.3524848222732544 VAL: 0.4011181592941284
INFO:root:114
Train: 0.3515948951244354 VAL: 0.3999813497066498
INFO:root:115
Train: 0.35013923048973083 VAL: 0.4006125330924988
INFO:root:116
Train: 0.3516555726528168 VAL: 0.4014057517051697
INFO:root:117
Train: 0.35115835070610046 VAL: 0.40070831775665283
INFO:root:118
Train: 0.35028353333473206 VAL: 0.4004557728767395
INFO:root:119
Train: 0.3504296839237213 VAL: 0.39996761083602905
INFO:root:120
Train: 0.35000744462013245 VAL: 0.4004284739494324
INFO:root:121
Train: 0.34973210096359253 VAL: 0.39997199177742004
INFO:root:122
Train: 0.3507768511772156 VAL: 0.4007464349269867
INFO:root:123
Train: 0.3517225384712219 VAL: 0.40098297595977783
INFO:root:124
Train: 0.349763959646225 VAL: 0.4003699719905853
INFO:root:125
Train: 0.3482019901275635 VAL: 0.40078070759773254
INFO:root:126
Train: 0.3497370183467865 VAL: 0.4006243944168091
INFO:root:127
Train: 0.3488560616970062 VAL: 0.40013056993484497
INFO:root:128
Train: 0.35119959712028503 VAL: 0.4002991020679474
INFO:root:BEST VAL: 0.4002991020679474 TEST : 0.3662478029727936
INFO:root:Namespace(quiet=False, run_id=None, config=None, epochs=200, fold=0, batch_size=64, learn_rate=0.001, betas=(0.9, 0.999), weight_decay=0.001, hidden_size=32, kernel_init='skew-symmetric', note='', seed=None, nlayers=1, attn_head=1, latent_dim=32, dataset='mimiciii')
INFO:root:{'input_dim': 96, 'attn_head': 1, 'latent_dim': 32, 'n_layers': 1, 'device': device(type='cuda')}
INFO:root:1
Train: 0.5759881138801575 VAL: 0.5848242044448853
INFO:root:2
Train: 0.5014816522598267 VAL: 0.5311915278434753
INFO:root:3
Train: 0.4776291847229004 VAL: 0.5139003992080688
INFO:root:4
Train: 0.4589357376098633 VAL: 0.4855765700340271
INFO:root:5
Train: 0.4489523470401764 VAL: 0.47432541847229004
INFO:root:6
Train: 0.4381098449230194 VAL: 0.47249218821525574
INFO:root:7
Train: 0.43402308225631714 VAL: 0.4577271342277527
INFO:root:8
Train: 0.42603978514671326 VAL: 0.4539025127887726
INFO:root:9
Train: 0.4239494204521179 VAL: 0.45006489753723145
INFO:root:10
Train: 0.41897332668304443 VAL: 0.45226407051086426
INFO:root:11
Train: 0.4203380048274994 VAL: 0.4434176981449127
INFO:root:12
Train: 0.41520261764526367 VAL: 0.4401358664035797
INFO:root:13
Train: 0.4110852777957916 VAL: 0.43532657623291016
INFO:root:14
Train: 0.41678500175476074 VAL: 0.47878125309944153
INFO:root:15
Train: 0.4273763597011566 VAL: 0.4361700713634491
INFO:root:16
Train: 0.40784788131713867 VAL: 0.4287406802177429
INFO:root:17
Train: 0.40638333559036255 VAL: 0.4272397756576538
INFO:root:18
Train: 0.40644198656082153 VAL: 0.4300711154937744
INFO:root:19
Train: 0.4040669798851013 VAL: 0.42595145106315613
INFO:root:20
Train: 0.4033883810043335 VAL: 0.42837047576904297
INFO:root:21
Train: 0.40212711691856384 VAL: 0.42604881525039673
INFO:root:22
Train: 0.40196481347084045 VAL: 0.4238920211791992
INFO:root:23
Train: 0.4038868248462677 VAL: 0.4227961003780365
INFO:root:24
Train: 0.40036115050315857 VAL: 0.4198678731918335
INFO:root:25
Train: 0.40042024850845337 VAL: 0.42443495988845825
INFO:root:26
Train: 0.39905864000320435 VAL: 0.4239791929721832
INFO:root:27
Train: 0.398941308259964 VAL: 0.4271122217178345
INFO:root:28
Train: 0.3963652551174164 VAL: 0.4165588617324829
INFO:root:29
Train: 0.39840638637542725 VAL: 0.420767605304718
INFO:root:30
Train: 0.39624109864234924 VAL: 0.4191821813583374
INFO:root:31
Train: 0.39706942439079285 VAL: 0.41658663749694824
INFO:root:32
Train: 0.39619913697242737 VAL: 0.4265590310096741
INFO:root:33
Train: 0.3933052122592926 VAL: 0.41576337814331055
INFO:root:34
Train: 0.3972063660621643 VAL: 0.42164355516433716
INFO:root:35
Train: 0.39314141869544983 VAL: 0.41791680455207825
INFO:root:36
Train: 0.3917487859725952 VAL: 0.4238405227661133
INFO:root:37
Train: 0.39498040080070496 VAL: 0.4134959876537323
INFO:root:38
Train: 0.39399072527885437 VAL: 0.41628754138946533
INFO:root:39
Train: 0.3912879526615143 VAL: 0.41617822647094727
INFO:root:40
Train: 0.3890394866466522 VAL: 0.41440898180007935
INFO:root:41
Train: 0.3893223702907562 VAL: 0.41995710134506226
INFO:root:42
Train: 0.39310941100120544 VAL: 0.4190724492073059
INFO:root:43
Train: 0.3859046399593353 VAL: 0.418425977230072
INFO:root:44
Train: 0.38687968254089355 VAL: 0.4165744185447693
INFO:root:45
Train: 0.38590115308761597 VAL: 0.41095539927482605
INFO:root:46
Train: 0.38561731576919556 VAL: 0.41418495774269104
INFO:root:47
Train: 0.3845043480396271 VAL: 0.4188750982284546
INFO:root:48
Train: 0.3853350579738617 VAL: 0.40867090225219727
INFO:root:49
Train: 0.38561737537384033 VAL: 0.41421326994895935
INFO:root:50
Train: 0.38668039441108704 VAL: 0.4090832471847534
INFO:root:51
Train: 0.3839450478553772 VAL: 0.421047568321228
INFO:root:52
Train: 0.38324764370918274 VAL: 0.41467785835266113
INFO:root:53
Train: 0.3839675784111023 VAL: 0.4100845456123352
INFO:root:54
Train: 0.38174840807914734 VAL: 0.4126884937286377
INFO:root:55
Train: 0.38046586513519287 VAL: 0.41381174325942993
INFO:root:56
Train: 0.38129258155822754 VAL: 0.40836644172668457
INFO:root:57
Train: 0.3803185522556305 VAL: 0.4225870966911316
INFO:root:58
Train: 0.3825325071811676 VAL: 0.41377314925193787
INFO:root:59
Train: 0.37924128770828247 VAL: 0.42140382528305054
INFO:root:60
Train: 0.3797985911369324 VAL: 0.4074903726577759
INFO:root:61
Train: 0.37883657217025757 VAL: 0.420088529586792
INFO:root:62
Train: 0.383667916059494 VAL: 0.40942829847335815
INFO:root:63
Train: 0.37737661600112915 VAL: 0.4109475314617157
INFO:root:64
Train: 0.3799459636211395 VAL: 0.41697564721107483
INFO:root:65
Train: 0.37756675481796265 VAL: 0.4102187752723694
INFO:root:66
Train: 0.37621524930000305 VAL: 0.4067782163619995
INFO:root:67
Train: 0.37565162777900696 VAL: 0.4099789559841156
INFO:root:68
Train: 0.3748515546321869 VAL: 0.4090484082698822
INFO:root:69
Train: 0.3769340217113495 VAL: 0.40824154019355774
INFO:root:70
Train: 0.37548914551734924 VAL: 0.41019076108932495
INFO:root:71
Train: 0.37469443678855896 VAL: 0.40634995698928833
INFO:root:72
Train: 0.37551188468933105 VAL: 0.40949827432632446
INFO:root:73
Train: 0.37429279088974 VAL: 0.40920406579971313
INFO:root:74
Train: 0.37467730045318604 VAL: 0.4043584167957306
INFO:root:75
Train: 0.37225979566574097 VAL: 0.40716680884361267
INFO:root:76
Train: 0.3722815215587616 VAL: 0.41125375032424927
INFO:root:77
Train: 0.3693770170211792 VAL: 0.40433239936828613
INFO:root:78
Train: 0.37181511521339417 VAL: 0.4073368310928345
INFO:root:79
Train: 0.36799490451812744 VAL: 0.40817660093307495
INFO:root:80
Train: 0.3673708736896515 VAL: 0.40987157821655273
INFO:root:81
Train: 0.37194281816482544 VAL: 0.4021395444869995
INFO:root:82
Train: 0.37234488129615784 VAL: 0.4038343131542206
INFO:root:83
Train: 0.37009596824645996 VAL: 0.4082481861114502
INFO:root:84
Train: 0.36951473355293274 VAL: 0.4045640230178833
INFO:root:85
Train: 0.36681872606277466 VAL: 0.40606826543807983
INFO:root:86
Train: 0.3653319180011749 VAL: 0.40356600284576416
INFO:root:87
Train: 0.3669584393501282 VAL: 0.4062172770500183
INFO:root:88
Train: 0.367673397064209 VAL: 0.4054185450077057
INFO:root:89
Train: 0.36508843302726746 VAL: 0.40189284086227417
INFO:root:90
Train: 0.36832520365715027 VAL: 0.4020136594772339
INFO:root:91
Train: 0.365249902009964 VAL: 0.40650486946105957
INFO:root:92
Train: 0.36613333225250244 VAL: 0.4064362049102783
INFO:root:93
Train: 0.3669120669364929 VAL: 0.39996930956840515
INFO:root:94
Train: 0.3624165952205658 VAL: 0.40905946493148804
INFO:root:95
Train: 0.3634922504425049 VAL: 0.40289682149887085
INFO:root:96
Train: 0.3628906011581421 VAL: 0.40114593505859375
INFO:root:97
Train: 0.3612093925476074 VAL: 0.4053218960762024
INFO:root:98
Train: 0.3622271418571472 VAL: 0.4041685461997986
INFO:root:99
Train: 0.3601069450378418 VAL: 0.39947301149368286
INFO:root:100
Train: 0.36230024695396423 VAL: 0.40286970138549805
INFO:root:101
Train: 0.361138254404068 VAL: 0.4059508442878723
INFO:root:102
Train: 0.36044976115226746 VAL: 0.40003156661987305
INFO:root:103
Train: 0.3637790381908417 VAL: 0.40585848689079285
INFO:root:104
Train: 0.36230048537254333 VAL: 0.4010675549507141
INFO:root:105
Train: 0.3608025014400482 VAL: 0.40390947461128235
INFO:root:106
Train: 0.3618457317352295 VAL: 0.398440420627594
INFO:root:107
Train: 0.36172518134117126 VAL: 0.41115814447402954
INFO:root:108
Train: 0.3672933876514435 VAL: 0.407223105430603
INFO:root:109
Train: 0.35903018712997437 VAL: 0.40369224548339844
INFO:root:110
Train: 0.3579702079296112 VAL: 0.39994943141937256
INFO:root:111
Train: 0.3609471321105957 VAL: 0.4044232964515686
INFO:root:112
Train: 0.3584712743759155 VAL: 0.4051945209503174
INFO:root:113
Train: 0.3582102954387665 VAL: 0.407451868057251
INFO:root:114
Train: 0.36005914211273193 VAL: 0.40781888365745544
INFO:root:115
Train: 0.3587084412574768 VAL: 0.4000661075115204
INFO:root:116
Train: 0.35481584072113037 VAL: 0.4029020369052887
INFO:root:117
Train: 0.3564937114715576 VAL: 0.4082409143447876
INFO:root:118
Train: 0.3542589247226715 VAL: 0.40379491448402405
INFO:root:119
Train: 0.350914865732193 VAL: 0.40461552143096924
INFO:root:120
Train: 0.3519439101219177 VAL: 0.4027423858642578
INFO:root:121
Train: 0.35014018416404724 VAL: 0.4010443687438965
INFO:root:122
Train: 0.3502943515777588 VAL: 0.40119171142578125
INFO:root:123
Train: 0.34916651248931885 VAL: 0.4052944779396057
INFO:root:124
Train: 0.3490782678127289 VAL: 0.4042356014251709
INFO:root:125
Train: 0.349071741104126 VAL: 0.4069366455078125
INFO:root:126
Train: 0.3504364490509033 VAL: 0.40307730436325073
INFO:root:127
Train: 0.3484894037246704 VAL: 0.4050600528717041
INFO:root:128
Train: 0.3496313691139221 VAL: 0.4025537967681885
INFO:root:129
Train: 0.34460175037384033 VAL: 0.4036087691783905
INFO:root:130
Train: 0.34629470109939575 VAL: 0.40202796459198
INFO:root:131
Train: 0.34510162472724915 VAL: 0.4042721390724182
INFO:root:132
Train: 0.34463775157928467 VAL: 0.401187539100647
INFO:root:133
Train: 0.34415650367736816 VAL: 0.4036194384098053
INFO:root:134
Train: 0.34656545519828796 VAL: 0.4017072319984436
INFO:root:135
Train: 0.34345224499702454 VAL: 0.4042750597000122
INFO:root:136
Train: 0.34541213512420654 VAL: 0.40153560042381287
INFO:root:Namespace(quiet=False, run_id=None, config=None, epochs=200, fold=0, batch_size=64, learn_rate=0.001, betas=(0.9, 0.999), weight_decay=0.001, hidden_size=32, kernel_init='skew-symmetric', note='', seed=None, nlayers=1, attn_head=1, latent_dim=32, dataset='mimiciii')
INFO:root:{'input_dim': 96, 'attn_head': 1, 'latent_dim': 32, 'n_layers': 1, 'device': device(type='cuda')}
INFO:root:1
Train: 0.5709534287452698 VAL: 0.5386398434638977
INFO:root:2
Train: 0.514317512512207 VAL: 0.503553569316864
INFO:root:3
Train: 0.4812335669994354 VAL: 0.49488019943237305
INFO:root:4
Train: 0.4641139507293701 VAL: 0.48166629672050476
INFO:root:5
Train: 0.47520115971565247 VAL: 0.48244115710258484
INFO:root:6
Train: 0.4530847370624542 VAL: 0.4702509939670563
INFO:root:7
Train: 0.4413977861404419 VAL: 0.46251294016838074
INFO:root:8
Train: 0.4368966221809387 VAL: 0.4597623348236084
INFO:root:9
Train: 0.43238693475723267 VAL: 0.4536895155906677
INFO:root:10
Train: 0.4258856475353241 VAL: 0.45015716552734375
INFO:root:11
Train: 0.42486366629600525 VAL: 0.4481174647808075
INFO:root:12
Train: 0.4246616065502167 VAL: 0.4450984597206116
INFO:root:13
Train: 0.4183914363384247 VAL: 0.44103801250457764
INFO:root:14
Train: 0.4225861728191376 VAL: 0.4436938762664795
INFO:root:15
Train: 0.417082816362381 VAL: 0.43803703784942627
INFO:root:16
Train: 0.4144706130027771 VAL: 0.42999738454818726
INFO:root:17
Train: 0.4114035367965698 VAL: 0.4277724027633667
INFO:root:18
Train: 0.4112798869609833 VAL: 0.42875242233276367
INFO:root:19
Train: 0.41123345494270325 VAL: 0.4310002326965332
INFO:root:20
Train: 0.4117252230644226 VAL: 0.43043482303619385
INFO:root:21
Train: 0.40660709142684937 VAL: 0.43042299151420593
INFO:root:22
Train: 0.40917491912841797 VAL: 0.4271048307418823
INFO:root:23
Train: 0.40681949257850647 VAL: 0.42301058769226074
INFO:root:24
Train: 0.40384194254875183 VAL: 0.42082512378692627
INFO:root:25
Train: 0.40259841084480286 VAL: 0.420127809047699
INFO:root:26
Train: 0.401591032743454 VAL: 0.42446601390838623
INFO:root:27
Train: 0.4013213813304901 VAL: 0.41967102885246277
INFO:root:28
Train: 0.40081655979156494 VAL: 0.4239170551300049
INFO:root:29
Train: 0.39900800585746765 VAL: 0.42202305793762207
INFO:root:30
Train: 0.39603888988494873 VAL: 0.4274389147758484
INFO:root:31
Train: 0.39719802141189575 VAL: 0.4189005494117737
INFO:root:32
Train: 0.3985244631767273 VAL: 0.4184509515762329
INFO:root:33
Train: 0.3974415361881256 VAL: 0.41513025760650635
INFO:root:34
Train: 0.3964358866214752 VAL: 0.4186908006668091
INFO:root:35
Train: 0.3967221677303314 VAL: 0.41852742433547974
INFO:root:36
Train: 0.39540567994117737 VAL: 0.41405612230300903
INFO:root:37
Train: 0.394802063703537 VAL: 0.4162670969963074
INFO:root:38
Train: 0.391844779253006 VAL: 0.4132924973964691
INFO:root:39
Train: 0.3905288577079773 VAL: 0.41260313987731934
INFO:root:40
Train: 0.38877007365226746 VAL: 0.4127025902271271
INFO:root:41
Train: 0.3887774646282196 VAL: 0.4095604717731476
INFO:root:42
Train: 0.39017632603645325 VAL: 0.4093503952026367
INFO:root:43
Train: 0.3886806070804596 VAL: 0.40924423933029175
INFO:root:44
Train: 0.3868691921234131 VAL: 0.40475624799728394
INFO:root:45
Train: 0.3875373899936676 VAL: 0.4091107249259949
INFO:root:46
Train: 0.385111927986145 VAL: 0.4051191806793213
INFO:root:47
Train: 0.38888365030288696 VAL: 0.40708354115486145
INFO:root:48
Train: 0.3816911578178406 VAL: 0.40249496698379517
INFO:root:49
Train: 0.3837534785270691 VAL: 0.40457087755203247
INFO:root:50
Train: 0.38377758860588074 VAL: 0.40285834670066833
INFO:root:51
Train: 0.38164636492729187 VAL: 0.4085063338279724
INFO:root:52
Train: 0.3823387026786804 VAL: 0.40521669387817383
INFO:root:53
Train: 0.37939509749412537 VAL: 0.40578824281692505
INFO:root:54
Train: 0.3786454498767853 VAL: 0.4003702998161316
INFO:root:55
Train: 0.378545880317688 VAL: 0.4007619023323059
INFO:root:56
Train: 0.378235787153244 VAL: 0.4017353057861328
INFO:root:57
Train: 0.37795162200927734 VAL: 0.40390250086784363
INFO:root:58
Train: 0.37827134132385254 VAL: 0.4006611108779907
INFO:root:59
Train: 0.3781091272830963 VAL: 0.3981550335884094
INFO:root:60
Train: 0.3765164017677307 VAL: 0.40178680419921875
INFO:root:61
Train: 0.37551289796829224 VAL: 0.4000283479690552
INFO:root:62
Train: 0.3744429647922516 VAL: 0.40416041016578674
INFO:root:63
Train: 0.37710273265838623 VAL: 0.4082094728946686
INFO:root:Namespace(quiet=False, run_id=None, config=None, epochs=200, fold=0, batch_size=64, learn_rate=0.001, betas=(0.9, 0.999), weight_decay=0.001, hidden_size=32, kernel_init='skew-symmetric', note='', seed=None, nlayers=1, attn_head=1, latent_dim=32, dataset='mimiciii')
INFO:root:{'input_dim': 96, 'attn_head': 1, 'latent_dim': 32, 'n_layers': 1, 'device': device(type='cuda')}
INFO:root:Namespace(quiet=False, run_id=None, config=None, epochs=200, fold=0, batch_size=64, learn_rate=0.001, betas=(0.9, 0.999), weight_decay=0.001, hidden_size=32, kernel_init='skew-symmetric', note='', seed=None, nlayers=1, attn_head=1, latent_dim=32, dataset='mimiciii')
INFO:root:{'input_dim': 96, 'attn_head': 1, 'latent_dim': 32, 'n_layers': 1, 'device': device(type='cuda')}
INFO:root:1
Train: 0.5848413109779358 VAL: 0.5363047122955322
INFO:root:1
Train: 0.5787949562072754 VAL: 0.5691977739334106
INFO:root:2
Train: 0.5199447870254517 VAL: 0.5288727283477783
INFO:root:2
Train: 0.4958628714084625 VAL: 0.5019637942314148
INFO:root:3
Train: 0.45995497703552246 VAL: 0.46999433636665344
INFO:root:3
Train: 0.5074742436408997 VAL: 0.49629518389701843
INFO:root:4
Train: 0.4426059424877167 VAL: 0.4554722309112549
INFO:root:4
Train: 0.4663064479827881 VAL: 0.4833177924156189
INFO:root:5
Train: 0.4314383864402771 VAL: 0.451042115688324
INFO:root:5
Train: 0.4511679410934448 VAL: 0.48547282814979553
INFO:root:6
Train: 0.4249301850795746 VAL: 0.44311773777008057
INFO:root:6
Train: 0.4389107823371887 VAL: 0.48414552211761475
INFO:root:7
Train: 0.4188174903392792 VAL: 0.43854594230651855
INFO:root:7
Train: 0.4294661581516266 VAL: 0.45513853430747986
INFO:root:8
Train: 0.4153271019458771 VAL: 0.43275710940361023
INFO:root:8
Train: 0.42545223236083984 VAL: 0.44822925329208374
INFO:root:9
Train: 0.4140114188194275 VAL: 0.4299662709236145
INFO:root:9
Train: 0.4243916869163513 VAL: 0.45419302582740784
INFO:root:10
Train: 0.4151853322982788 VAL: 0.4266427159309387
INFO:root:10
Train: 0.41698721051216125 VAL: 0.4378533363342285
INFO:root:11
Train: 0.4088858962059021 VAL: 0.4310985803604126
INFO:root:11
Train: 0.41759398579597473 VAL: 0.43791663646698
INFO:root:12
Train: 0.40987658500671387 VAL: 0.4294769763946533
INFO:root:12
Train: 0.4124521315097809 VAL: 0.44026708602905273
INFO:root:13
Train: 0.4055556058883667 VAL: 0.4222162365913391
INFO:root:13
Train: 0.41233617067337036 VAL: 0.4320386052131653
INFO:root:14
Train: 0.40884774923324585 VAL: 0.4235759377479553
INFO:root:14
Train: 0.409119188785553 VAL: 0.43500691652297974
INFO:root:15
Train: 0.4075300693511963 VAL: 0.42251718044281006
INFO:root:15
Train: 0.4097015857696533 VAL: 0.4251280128955841
INFO:root:16
Train: 0.40421146154403687 VAL: 0.42718636989593506
INFO:root:16
Train: 0.4073527157306671 VAL: 0.4276001453399658
INFO:root:17
Train: 0.40160953998565674 VAL: 0.425201952457428
INFO:root:17
Train: 0.40381643176078796 VAL: 0.4229440689086914
INFO:root:18
Train: 0.4037525951862335 VAL: 0.4210883378982544
INFO:root:18
Train: 0.4047895073890686 VAL: 0.4234389066696167
INFO:root:19
Train: 0.4035285711288452 VAL: 0.4208686649799347
INFO:root:19
Train: 0.40520045161247253 VAL: 0.4269551634788513
INFO:root:20
Train: 0.40120890736579895 VAL: 0.42161086201667786
INFO:root:20
Train: 0.40145209431648254 VAL: 0.42829298973083496
INFO:root:21
Train: 0.3992164731025696 VAL: 0.42502784729003906
INFO:root:21
Train: 0.4030715227127075 VAL: 0.42573651671409607
INFO:root:22
Train: 0.4020823836326599 VAL: 0.41604429483413696
INFO:root:22
Train: 0.4028768241405487 VAL: 0.41936710476875305
INFO:root:23
Train: 0.3986940383911133 VAL: 0.4146091938018799
INFO:root:23
Train: 0.4032272696495056 VAL: 0.4189150929450989
INFO:root:24
Train: 0.3982565104961395 VAL: 0.41816627979278564
INFO:root:24
Train: 0.39907166361808777 VAL: 0.42224615812301636
INFO:root:25
Train: 0.3947696387767792 VAL: 0.41636186838150024
INFO:root:25
Train: 0.3993498384952545 VAL: 0.4183011054992676
INFO:root:26
Train: 0.39570367336273193 VAL: 0.4192124605178833
INFO:root:26
Train: 0.399005651473999 VAL: 0.41696983575820923
INFO:root:27
Train: 0.3980843424797058 VAL: 0.41586044430732727
INFO:root:27
Train: 0.39708617329597473 VAL: 0.4163241982460022
INFO:root:28
Train: 0.39493194222450256 VAL: 0.4143851697444916
INFO:root:28
Train: 0.3974911868572235 VAL: 0.4186933636665344
INFO:root:29
Train: 0.3958044946193695 VAL: 0.4151891767978668
INFO:root:29
Train: 0.39766159653663635 VAL: 0.41871052980422974
INFO:root:30
Train: 0.3937646448612213 VAL: 0.41418683528900146
INFO:root:30
Train: 0.3987375497817993 VAL: 0.4146882891654968
INFO:root:31
Train: 0.39404815435409546 VAL: 0.412790447473526
INFO:root:31
Train: 0.39593255519866943 VAL: 0.4163789749145508
INFO:root:32
Train: 0.392291784286499 VAL: 0.41431090235710144
INFO:root:32
Train: 0.39484480023384094 VAL: 0.41419491171836853
INFO:root:33
Train: 0.39425182342529297 VAL: 0.4174394905567169
INFO:root:33
Train: 0.3960314095020294 VAL: 0.4171624183654785
INFO:root:34
Train: 0.3885813355445862 VAL: 0.4133421778678894
INFO:root:34
Train: 0.3969270586967468 VAL: 0.41727495193481445
INFO:root:35
Train: 0.3924573063850403 VAL: 0.41392919421195984
INFO:root:35
Train: 0.4007793366909027 VAL: 0.41426485776901245
INFO:root:36
Train: 0.39311763644218445 VAL: 0.4166196584701538
INFO:root:36
Train: 0.3912450969219208 VAL: 0.41360896825790405
INFO:root:37
Train: 0.3902297914028168 VAL: 0.41317296028137207
INFO:root:37
Train: 0.3952025771141052 VAL: 0.4118390381336212
INFO:root:38
Train: 0.3882863521575928 VAL: 0.41240161657333374
INFO:root:38
Train: 0.3952407240867615 VAL: 0.4110296964645386
INFO:root:39
Train: 0.3872185945510864 VAL: 0.41419732570648193
INFO:root:39
Train: 0.39158257842063904 VAL: 0.4176604151725769
INFO:root:40
Train: 0.3902178108692169 VAL: 0.4144597053527832
INFO:root:40
Train: 0.39266327023506165 VAL: 0.41439202427864075
INFO:root:41
Train: 0.3901883065700531 VAL: 0.40969669818878174
INFO:root:41
Train: 0.3912540674209595 VAL: 0.41138821840286255
INFO:root:42
Train: 0.3879257142543793 VAL: 0.4093243181705475
INFO:root:42
Train: 0.38886895775794983 VAL: 0.4140346646308899
INFO:root:43
Train: 0.3856975734233856 VAL: 0.41358456015586853
INFO:root:43
Train: 0.39297792315483093 VAL: 0.41305530071258545
INFO:root:44
Train: 0.385654091835022 VAL: 0.4171788692474365
INFO:root:44
Train: 0.3886356055736542 VAL: 0.4172669053077698
INFO:root:45
Train: 0.3844437003135681 VAL: 0.4045248031616211
INFO:root:45
Train: 0.38841989636421204 VAL: 0.41457656025886536
INFO:root:46
Train: 0.3800576329231262 VAL: 0.4061294198036194
INFO:root:46
Train: 0.38817164301872253 VAL: 0.41360485553741455
INFO:root:47
Train: 0.3808404505252838 VAL: 0.4022335410118103
INFO:root:47
Train: 0.38711050152778625 VAL: 0.4177674651145935
INFO:root:48
Train: 0.37835100293159485 VAL: 0.40719419717788696
INFO:root:48
Train: 0.38822123408317566 VAL: 0.41483554244041443
INFO:root:49
Train: 0.376747190952301 VAL: 0.39908936619758606
INFO:root:49
Train: 0.3873685300350189 VAL: 0.41002148389816284
INFO:root:50
Train: 0.3766641318798065 VAL: 0.40350234508514404
INFO:root:50
Train: 0.3853677213191986 VAL: 0.41158583760261536
INFO:root:51
Train: 0.3772336542606354 VAL: 0.3964422643184662
INFO:root:51
Train: 0.3879140317440033 VAL: 0.4099648594856262
INFO:root:52
Train: 0.37422236800193787 VAL: 0.39716190099716187
INFO:root:52
Train: 0.3845284581184387 VAL: 0.4092194437980652
INFO:root:53
Train: 0.37277641892433167 VAL: 0.39843183755874634
INFO:root:53
Train: 0.38208234310150146 VAL: 0.4089726209640503
INFO:root:54
Train: 0.3734501898288727 VAL: 0.4051232635974884
INFO:root:54
Train: 0.3825227916240692 VAL: 0.40989452600479126
INFO:root:55
Train: 0.37247544527053833 VAL: 0.39400261640548706
INFO:root:55
Train: 0.3814740478992462 VAL: 0.41064202785491943
INFO:root:56
Train: 0.373277485370636 VAL: 0.40095055103302
INFO:root:56
Train: 0.38051533699035645 VAL: 0.41250455379486084
INFO:root:57
Train: 0.3709312081336975 VAL: 0.3993659019470215
INFO:root:57
Train: 0.37911903858184814 VAL: 0.40692001581192017
INFO:root:58
Train: 0.3723026216030121 VAL: 0.3975389301776886
INFO:root:58
Train: 0.3806568682193756 VAL: 0.4032871127128601
INFO:root:59
Train: 0.37180349230766296 VAL: 0.3966987133026123
INFO:root:59
Train: 0.3799637258052826 VAL: 0.4066791534423828
INFO:root:60
Train: 0.36824268102645874 VAL: 0.39753225445747375
INFO:root:60
Train: 0.38074755668640137 VAL: 0.4035283327102661
INFO:root:61
Train: 0.3714406490325928 VAL: 0.39335471391677856
INFO:root:61
Train: 0.379277765750885 VAL: 0.4022843837738037
INFO:root:62
Train: 0.36740976572036743 VAL: 0.4004865288734436
INFO:root:62
Train: 0.37593644857406616 VAL: 0.400029718875885
INFO:root:63
Train: 0.3697499632835388 VAL: 0.3948793411254883
INFO:root:63
Train: 0.3729509711265564 VAL: 0.39895176887512207
INFO:root:64
Train: 0.3688233196735382 VAL: 0.398246705532074
INFO:root:64
Train: 0.3748347759246826 VAL: 0.3964262008666992
INFO:root:65
Train: 0.3680728077888489 VAL: 0.39551860094070435
INFO:root:65
Train: 0.3726404011249542 VAL: 0.3973275423049927
INFO:root:66
Train: 0.36988306045532227 VAL: 0.39671164751052856
INFO:root:66
Train: 0.3715314567089081 VAL: 0.39770326018333435
INFO:root:67
Train: 0.36901333928108215 VAL: 0.39850136637687683
INFO:root:67
Train: 0.3720536530017853 VAL: 0.3985445201396942
INFO:root:68
Train: 0.36715784668922424 VAL: 0.3936854898929596
INFO:root:68
Train: 0.3726098835468292 VAL: 0.3987411856651306
INFO:root:69
Train: 0.36660611629486084 VAL: 0.3941560387611389
INFO:root:69
Train: 0.369987428188324 VAL: 0.4017408490180969
INFO:root:70
Train: 0.36875078082084656 VAL: 0.3983706831932068
INFO:root:70
Train: 0.3689296245574951 VAL: 0.40091973543167114
INFO:root:71
Train: 0.37119555473327637 VAL: 0.39563167095184326
INFO:root:71
Train: 0.3684872090816498 VAL: 0.39701563119888306
INFO:root:72
Train: 0.3699350357055664 VAL: 0.3985140323638916
INFO:root:72
Train: 0.3671644926071167 VAL: 0.39783012866973877
INFO:root:73
Train: 0.36470699310302734 VAL: 0.3938971757888794
INFO:root:73
Train: 0.373500794172287 VAL: 0.3945106863975525
INFO:root:74
Train: 0.36257314682006836 VAL: 0.3942986726760864
INFO:root:74
Train: 0.37008291482925415 VAL: 0.3958319425582886
INFO:root:75
Train: 0.3617418110370636 VAL: 0.3929883539676666
INFO:root:75
Train: 0.3654559254646301 VAL: 0.39579880237579346
INFO:root:76
Train: 0.3605237305164337 VAL: 0.39260977506637573
INFO:root:76
Train: 0.3676482141017914 VAL: 0.39047685265541077
INFO:root:77
Train: 0.361173152923584 VAL: 0.39275962114334106
INFO:root:77
Train: 0.3673643469810486 VAL: 0.3988626003265381
INFO:root:78
Train: 0.36200442910194397 VAL: 0.39294084906578064
INFO:root:78
Train: 0.36697104573249817 VAL: 0.3948535919189453
INFO:root:79
Train: 0.3615122437477112 VAL: 0.3916127681732178
INFO:root:79
Train: 0.3649613857269287 VAL: 0.40576350688934326
INFO:root:80
Train: 0.3607943654060364 VAL: 0.39428389072418213
INFO:root:80
Train: 0.368080198764801 VAL: 0.3934708833694458
INFO:root:81
Train: 0.3607703745365143 VAL: 0.3977351784706116
INFO:root:81
Train: 0.3686639070510864 VAL: 0.3961114287376404
INFO:root:82
Train: 0.3610091805458069 VAL: 0.3959193825721741
INFO:root:82
Train: 0.36404162645339966 VAL: 0.3960099220275879
INFO:root:83
Train: 0.35951340198516846 VAL: 0.3958672285079956
INFO:root:83
Train: 0.3639912009239197 VAL: 0.4011663496494293
INFO:root:84
Train: 0.3576950132846832 VAL: 0.3919522762298584
INFO:root:84
Train: 0.3646247982978821 VAL: 0.39291006326675415
INFO:root:85
Train: 0.36078205704689026 VAL: 0.39364635944366455
INFO:root:85
Train: 0.3618837594985962 VAL: 0.39314067363739014
INFO:root:86
Train: 0.35803234577178955 VAL: 0.3943910598754883
INFO:root:86
Train: 0.3610866665840149 VAL: 0.3935471177101135
INFO:root:87
Train: 0.3560977578163147 VAL: 0.395460844039917
INFO:root:87
Train: 0.36374738812446594 VAL: 0.3924005925655365
INFO:root:88
Train: 0.35837987065315247 VAL: 0.3924288749694824
INFO:root:88
Train: 0.35735800862312317 VAL: 0.39215198159217834
INFO:root:89
Train: 0.36008575558662415 VAL: 0.3932742178440094
INFO:root:89
Train: 0.3561784327030182 VAL: 0.39244019985198975
INFO:root:90
Train: 0.3584705591201782 VAL: 0.3942759037017822
INFO:root:90
Train: 0.3562566637992859 VAL: 0.3926736116409302
INFO:root:91
Train: 0.3551584482192993 VAL: 0.3929031193256378
INFO:root:91
Train: 0.3538277745246887 VAL: 0.3903695344924927
INFO:root:92
Train: 0.35549643635749817 VAL: 0.3933826684951782
INFO:root:92
Train: 0.3545503616333008 VAL: 0.39420658349990845
INFO:root:93
Train: 0.35719922184944153 VAL: 0.3926810622215271
INFO:root:93
Train: 0.3553009033203125 VAL: 0.38870418071746826
INFO:root:94
Train: 0.3566460609436035 VAL: 0.3914511501789093
INFO:root:94
Train: 0.3547918200492859 VAL: 0.39007049798965454
INFO:root:95
Train: 0.3537496030330658 VAL: 0.39238226413726807
INFO:root:95
Train: 0.3555143475532532 VAL: 0.39281150698661804
INFO:root:96
Train: 0.35456758737564087 VAL: 0.39224398136138916
INFO:root:96
Train: 0.3553614020347595 VAL: 0.3950707018375397
INFO:root:97
Train: 0.35683542490005493 VAL: 0.39256125688552856
INFO:root:97
Train: 0.35666704177856445 VAL: 0.3896818459033966
INFO:root:98
Train: 0.356121689081192 VAL: 0.3918047547340393
INFO:root:98
Train: 0.3546447157859802 VAL: 0.3909754753112793
INFO:root:99
Train: 0.3554137051105499 VAL: 0.3929923176765442
INFO:root:99
Train: 0.35373052954673767 VAL: 0.39243578910827637
INFO:root:100
Train: 0.3540022373199463 VAL: 0.3934680223464966
INFO:root:100
Train: 0.3553697168827057 VAL: 0.39149102568626404
INFO:root:101
Train: 0.35407644510269165 VAL: 0.391829252243042
INFO:root:101
Train: 0.3543759286403656 VAL: 0.3885638117790222
INFO:root:102
Train: 0.3526991903781891 VAL: 0.3935413956642151
INFO:root:102
Train: 0.3529534935951233 VAL: 0.3928120732307434
INFO:root:103
Train: 0.3538320064544678 VAL: 0.3949863910675049
INFO:root:103
Train: 0.35336554050445557 VAL: 0.39257436990737915
INFO:root:104
Train: 0.353826642036438 VAL: 0.39282655715942383
INFO:root:104
Train: 0.3510624170303345 VAL: 0.3892774283885956
INFO:root:105
Train: 0.35309964418411255 VAL: 0.39241665601730347
INFO:root:105
Train: 0.35135969519615173 VAL: 0.3895699381828308
INFO:root:106
Train: 0.35173913836479187 VAL: 0.3926977515220642
INFO:root:106
Train: 0.3505636751651764 VAL: 0.39409124851226807
INFO:root:107
Train: 0.3528471291065216 VAL: 0.391993910074234
INFO:root:107
Train: 0.35172855854034424 VAL: 0.3915204405784607
INFO:root:108
Train: 0.35211095213890076 VAL: 0.39271873235702515
INFO:root:108
Train: 0.351634681224823 VAL: 0.3913435935974121
INFO:root:109
Train: 0.35125628113746643 VAL: 0.39285480976104736
INFO:root:109
Train: 0.35271304845809937 VAL: 0.39143863320350647
INFO:root:110
Train: 0.3516104519367218 VAL: 0.39220696687698364
INFO:root:110
Train: 0.3522445559501648 VAL: 0.38849401473999023
INFO:root:111
Train: 0.35080260038375854 VAL: 0.3923303186893463
INFO:root:111
Train: 0.34920915961265564 VAL: 0.39048561453819275
INFO:root:112
Train: 0.3502431809902191 VAL: 0.39266759157180786
INFO:root:112
Train: 0.354081928730011 VAL: 0.390438050031662
INFO:root:113
Train: 0.3511519134044647 VAL: 0.39225274324417114
INFO:root:113
Train: 0.3517643213272095 VAL: 0.39055800437927246
INFO:root:114
Train: 0.35190773010253906 VAL: 0.3934195339679718
INFO:root:114
Train: 0.35156160593032837 VAL: 0.3906373381614685
INFO:root:115
Train: 0.3517220914363861 VAL: 0.39255988597869873
INFO:root:115
Train: 0.34965038299560547 VAL: 0.39409780502319336
INFO:root:116
Train: 0.35016265511512756 VAL: 0.3929995894432068
INFO:root:116
Train: 0.35034289956092834 VAL: 0.3922065496444702
INFO:root:117
Train: 0.3504244089126587 VAL: 0.392657995223999
INFO:root:117
Train: 0.34936079382896423 VAL: 0.3900275230407715
INFO:root:118
Train: 0.3495599925518036 VAL: 0.3925081789493561
INFO:root:118
Train: 0.3488239645957947 VAL: 0.39167535305023193
INFO:root:119
Train: 0.3493989408016205 VAL: 0.3922913670539856
INFO:root:119
Train: 0.34945955872535706 VAL: 0.3914535641670227
INFO:root:120
Train: 0.3505202531814575 VAL: 0.3929976224899292
INFO:root:120
Train: 0.3487171530723572 VAL: 0.38898032903671265
INFO:root:121
Train: 0.3489615023136139 VAL: 0.3926575481891632
INFO:root:121
Train: 0.35010114312171936 VAL: 0.39316436648368835
INFO:root:122
Train: 0.3493238687515259 VAL: 0.3925682604312897
INFO:root:122
Train: 0.34436288475990295 VAL: 0.3891449570655823
INFO:root:123
Train: 0.34877634048461914 VAL: 0.39244765043258667
INFO:root:123
Train: 0.3471645712852478 VAL: 0.39116203784942627
INFO:root:124
Train: 0.3501204550266266 VAL: 0.39287692308425903
INFO:root:BEST VAL: 0.39287692308425903 TEST : 0.35991528630256653
INFO:root:124
Train: 0.34502410888671875 VAL: 0.39066630601882935
INFO:root:125
Train: 0.34467804431915283 VAL: 0.3903237581253052
INFO:root:126
Train: 0.3460308313369751 VAL: 0.3907124698162079
INFO:root:127
Train: 0.34437355399131775 VAL: 0.3898663818836212
INFO:root:128
Train: 0.3450179100036621 VAL: 0.3901771306991577
INFO:root:129
Train: 0.3452310860157013 VAL: 0.3918760418891907
INFO:root:130
Train: 0.3446253836154938 VAL: 0.39084380865097046
INFO:root:131
Train: 0.3433154225349426 VAL: 0.3904044032096863
INFO:root:132
Train: 0.3443399965763092 VAL: 0.38963836431503296
INFO:root:133
Train: 0.3436095118522644 VAL: 0.39077654480934143
INFO:root:134
Train: 0.3417249321937561 VAL: 0.3906804919242859
INFO:root:135
Train: 0.3417288362979889 VAL: 0.3899362087249756
INFO:root:136
Train: 0.3426172137260437 VAL: 0.39061081409454346
INFO:root:137
Train: 0.3411647379398346 VAL: 0.3905421793460846
INFO:root:138
Train: 0.34290820360183716 VAL: 0.3911435306072235
INFO:root:139
Train: 0.34276464581489563 VAL: 0.38981813192367554
INFO:root:140
Train: 0.34067174792289734 VAL: 0.3902621269226074
INFO:root:BEST VAL: 0.3902621269226074 TEST : 0.3652317523956299
