INFO:root:Namespace(quiet=False, run_id=None, config=None, epochs=200, fold=4, batch_size=128, learn_rate=0.001, betas=(0.9, 0.999), weight_decay=0.001, hidden_size=32, kernel_init='skew-symmetric', note='', seed=None, nlayers=1, attn_head=2, latent_dim=32, dataset='ushcn')
INFO:root:{'input_dim': 5, 'attn_head': 2, 'latent_dim': 32, 'n_layers': 1, 'device': device(type='cuda')}
INFO:root:1
Train: 0.6180513501167297 VAL: 0.4470652937889099
INFO:root:2
Train: 0.57492995262146 VAL: 0.39097148180007935
INFO:root:3
Train: 0.5015755295753479 VAL: 0.3677387833595276
INFO:root:4
Train: 0.48649299144744873 VAL: 0.30903759598731995
INFO:root:5
Train: 0.4120519161224365 VAL: 0.2817521393299103
INFO:root:6
Train: 0.38390859961509705 VAL: 0.2385646104812622
INFO:root:7
Train: 0.35871124267578125 VAL: 0.22206640243530273
INFO:root:8
Train: 0.3363020420074463 VAL: 0.21905650198459625
INFO:root:9
Train: 0.3183514177799225 VAL: 0.22211793065071106
INFO:root:10
Train: 0.33364591002464294 VAL: 0.22587431967258453
INFO:root:11
Train: 0.32189857959747314 VAL: 0.2212238758802414
INFO:root:12
Train: 0.3327409029006958 VAL: 0.22078894078731537
INFO:root:13
Train: 0.3272790014743805 VAL: 0.22111840546131134
INFO:root:14
Train: 0.3257746398448944 VAL: 0.22499839961528778
INFO:root:15
Train: 0.3170461058616638 VAL: 0.22111491858959198
INFO:root:16
Train: 0.31972965598106384 VAL: 0.21951138973236084
INFO:root:17
Train: 0.3208170235157013 VAL: 0.22579607367515564
INFO:root:18
Train: 0.3193928897380829 VAL: 0.22201301157474518
INFO:root:19
Train: 0.32676854729652405 VAL: 0.22494690120220184
INFO:root:20
Train: 0.32325515151023865 VAL: 0.21960827708244324
INFO:root:21
Train: 0.3172236979007721 VAL: 0.2211124449968338
INFO:root:22
Train: 0.31488874554634094 VAL: 0.2244977205991745
INFO:root:23
Train: 0.32384610176086426 VAL: 0.21860045194625854
INFO:root:24
Train: 0.3086206614971161 VAL: 0.22481055557727814
INFO:root:25
Train: 0.3125520944595337 VAL: 0.2195892482995987
INFO:root:26
Train: 0.3192731738090515 VAL: 0.22311601042747498
INFO:root:27
Train: 0.3180985152721405 VAL: 0.22283701598644257
INFO:root:28
Train: 0.31133556365966797 VAL: 0.21914978325366974
INFO:root:29
Train: 0.29717954993247986 VAL: 0.2253304421901703
INFO:root:30
Train: 0.3197768032550812 VAL: 0.21958178281784058
INFO:root:31
Train: 0.3192908763885498 VAL: 0.2272542417049408
INFO:root:32
Train: 0.320411741733551 VAL: 0.21938186883926392
INFO:root:33
Train: 0.3189750015735626 VAL: 0.22612488269805908
INFO:root:34
Train: 0.29891321063041687 VAL: 0.21970731019973755
INFO:root:35
Train: 0.3218036890029907 VAL: 0.22435669600963593
INFO:root:36
Train: 0.3211100995540619 VAL: 0.22093001008033752
INFO:root:37
Train: 0.298099160194397 VAL: 0.21996286511421204
INFO:root:38
Train: 0.3178478181362152 VAL: 0.2269759476184845
INFO:root:39
Train: 0.3123812973499298 VAL: 0.21944735944271088
INFO:root:40
Train: 0.3176012933254242 VAL: 0.22162386775016785
INFO:root:41
Train: 0.31942588090896606 VAL: 0.22369419038295746
INFO:root:42
Train: 0.3090231716632843 VAL: 0.2197379618883133
INFO:root:43
Train: 0.3220711052417755 VAL: 0.223360076546669
INFO:root:44
Train: 0.3118651211261749 VAL: 0.2204185426235199
INFO:root:45
Train: 0.32092157006263733 VAL: 0.22461654245853424
INFO:root:46
Train: 0.3167615830898285 VAL: 0.22118814289569855
INFO:root:47
Train: 0.3157041370868683 VAL: 0.22094127535820007
INFO:root:48
Train: 0.2971637547016144 VAL: 0.22139954566955566
INFO:root:49
Train: 0.30630597472190857 VAL: 0.22102013230323792
INFO:root:50
Train: 0.31856217980384827 VAL: 0.22394044697284698
INFO:root:51
Train: 0.31506362557411194 VAL: 0.22082939743995667
INFO:root:52
Train: 0.30483826994895935 VAL: 0.22062961757183075
INFO:root:53
Train: 0.3015483319759369 VAL: 0.22307394444942474
INFO:root:BEST VAL: 0.22307394444942474 TEST : 0.20776616036891937
