INFO:root:Namespace(quiet=False, run_id=None, config=None, epochs=200, fold=2, batch_size=128, learn_rate=0.001, betas=(0.9, 0.999), weight_decay=0.001, hidden_size=32, kernel_init='skew-symmetric', note='', seed=None, nlayers=3, attn_head=2, latent_dim=256, dataset='ushcn')
INFO:root:{'input_dim': 5, 'attn_head': 2, 'latent_dim': 256, 'n_layers': 3, 'device': device(type='cuda')}
INFO:root:1
Train: 5.80544900894165 VAL: 2.1697487831115723
INFO:root:2
Train: 1.0456242561340332 VAL: 0.6906998157501221
INFO:root:3
Train: 0.6219767332077026 VAL: 0.4444085955619812
INFO:root:4
Train: 0.5662094950675964 VAL: 0.4007304906845093
INFO:root:5
Train: 0.4832665026187897 VAL: 0.26444822549819946
INFO:root:6
Train: 0.3994632959365845 VAL: 0.34243080019950867
INFO:root:7
Train: 0.3701417148113251 VAL: 0.3327692449092865
INFO:root:8
Train: 0.33679619431495667 VAL: 0.3142794966697693
INFO:root:9
Train: 0.3139311671257019 VAL: 0.30138981342315674
INFO:root:10
Train: 0.31580936908721924 VAL: 0.30992305278778076
INFO:root:11
Train: 0.31453415751457214 VAL: 0.30319106578826904
INFO:root:12
Train: 0.3210775852203369 VAL: 0.2901610732078552
INFO:root:13
Train: 0.2994457185268402 VAL: 0.2613682150840759
INFO:root:14
Train: 0.30167892575263977 VAL: 0.25265276432037354
INFO:root:15
Train: 0.2892167270183563 VAL: 0.2923211455345154
INFO:root:16
Train: 0.30471667647361755 VAL: 0.2834206819534302
INFO:root:17
Train: 0.30515408515930176 VAL: 0.29755932092666626
INFO:root:18
Train: 0.294229656457901 VAL: 0.2902042865753174
INFO:root:19
Train: 0.2962930202484131 VAL: 0.304511159658432
INFO:root:20
Train: 0.29991623759269714 VAL: 0.2950470447540283
INFO:root:21
Train: 0.29331740736961365 VAL: 0.2977750897407532
INFO:root:22
Train: 0.3585398197174072 VAL: 0.2526763677597046
INFO:root:23
Train: 0.31969502568244934 VAL: 0.24001964926719666
INFO:root:24
Train: 0.3354637920856476 VAL: 0.2759667634963989
INFO:root:25
Train: 0.27918410301208496 VAL: 0.3278459310531616
INFO:root:26
Train: 0.30975833535194397 VAL: 0.28829628229141235
INFO:root:27
Train: 0.32738661766052246 VAL: 0.2905834913253784
INFO:root:28
Train: 0.34018656611442566 VAL: 0.33390477299690247
INFO:root:29
Train: 0.31329473853111267 VAL: 0.2653333246707916
INFO:root:30
Train: 0.30840346217155457 VAL: 0.27707019448280334
INFO:root:31
Train: 0.3241417407989502 VAL: 0.28069818019866943
INFO:root:32
Train: 0.30360791087150574 VAL: 0.31376391649246216
INFO:root:33
Train: 0.30516302585601807 VAL: 0.25647062063217163
INFO:root:34
Train: 0.3220828175544739 VAL: 0.26413586735725403
INFO:root:35
Train: 0.28272300958633423 VAL: 0.281272828578949
INFO:root:36
Train: 0.30839812755584717 VAL: 0.3157149851322174
INFO:root:37
Train: 0.29029786586761475 VAL: 0.31328049302101135
INFO:root:38
Train: 0.29632893204689026 VAL: 0.30592381954193115
INFO:root:39
Train: 0.29926589131355286 VAL: 0.29643648862838745
INFO:root:40
Train: 0.2780180871486664 VAL: 0.2931119501590729
INFO:root:41
Train: 0.27523455023765564 VAL: 0.30200353264808655
INFO:root:42
Train: 0.29571980237960815 VAL: 0.2939932346343994
INFO:root:43
Train: 0.3004457354545593 VAL: 0.288310706615448
INFO:root:44
Train: 0.30132612586021423 VAL: 0.29224592447280884
INFO:root:45
Train: 0.2788412868976593 VAL: 0.29359522461891174
INFO:root:46
Train: 0.2945399582386017 VAL: 0.29359906911849976
INFO:root:47
Train: 0.30002492666244507 VAL: 0.2920146584510803
INFO:root:48
Train: 0.2962163984775543 VAL: 0.29931947588920593
INFO:root:49
Train: 0.2941579818725586 VAL: 0.2954750657081604
INFO:root:50
Train: 0.29355087876319885 VAL: 0.29850244522094727
INFO:root:51
Train: 0.2940765917301178 VAL: 0.2920243740081787
INFO:root:52
Train: 0.2941168248653412 VAL: 0.3018743395805359
INFO:root:53
Train: 0.29115426540374756 VAL: 0.2977015972137451
INFO:root:BEST VAL: 0.2977015972137451 TEST : 0.3476262092590332
INFO:root:Namespace(quiet=False, run_id=None, config=None, epochs=200, fold=2, batch_size=64, learn_rate=0.001, betas=(0.9, 0.999), weight_decay=0.001, hidden_size=32, kernel_init='skew-symmetric', note='', seed=None, nlayers=3, attn_head=2, latent_dim=256, dataset='mimiciii')
INFO:root:{'input_dim': 96, 'attn_head': 2, 'latent_dim': 256, 'n_layers': 3, 'device': device(type='cuda')}
INFO:root:1
Train: 0.7170177102088928 VAL: 0.5222068428993225
INFO:root:2
Train: 0.46359315514564514 VAL: 0.4522936940193176
INFO:root:3
Train: 10199.8662109375 VAL: 389.8302001953125
INFO:root:4
Train: 86.99002838134766 VAL: 22.573780059814453
INFO:root:5
Train: 8.045309066772461 VAL: 54.32231140136719
INFO:root:6
Train: 50.6474494934082 VAL: 7.1752095222473145
INFO:root:7
Train: 72.65917205810547 VAL: 12.604801177978516
INFO:root:8
Train: 32.04890441894531 VAL: 3.476027011871338
INFO:root:9
Train: 15.560284614562988 VAL: 3.003998279571533
INFO:root:10
Train: 7.282486915588379 VAL: 1.5935695171356201
INFO:root:11
Train: 1.7183470726013184 VAL: 1.9979987144470215
INFO:root:12
Train: 2.358649969100952 VAL: 5.0457963943481445
INFO:root:13
Train: 13.571208000183105 VAL: 2.669187068939209
INFO:root:14
Train: 2.082162857055664 VAL: 1.4715301990509033
INFO:root:15
Train: 1.500078797340393 VAL: 1.148970127105713
INFO:root:16
Train: 2.767774820327759 VAL: 1.6742770671844482
INFO:root:17
Train: 1.9952232837677002 VAL: 2.773078680038452
INFO:root:18
Train: 2.99880313873291 VAL: 1.0599256753921509
INFO:root:19
Train: 0.9635031819343567 VAL: 0.9138954877853394
INFO:root:20
Train: 0.8497053384780884 VAL: 1.1138479709625244
INFO:root:21
Train: 0.8203434348106384 VAL: 0.8492848873138428
INFO:root:22
Train: 0.9161385893821716 VAL: 0.826149582862854
INFO:root:23
Train: 0.765505313873291 VAL: 0.9062788486480713
INFO:root:24
Train: 0.8621459007263184 VAL: 0.8319666385650635
INFO:root:25
Train: 1.0488176345825195 VAL: 1.024680733680725
INFO:root:26
Train: 1.0171924829483032 VAL: 0.853446900844574
INFO:root:27
Train: 0.973854660987854 VAL: 0.994714081287384
INFO:root:28
Train: 0.8836058378219604 VAL: 1.0226850509643555
INFO:root:29
Train: 1.0759493112564087 VAL: 1.107527732849121
INFO:root:30
Train: 2.732895851135254 VAL: 0.7689017653465271
INFO:root:31
Train: 0.7481933832168579 VAL: 0.7998427152633667
INFO:root:32
Train: 1.7423779964447021 VAL: 1.4969667196273804
INFO:root:BEST VAL: 1.4969667196273804 TEST : 0.4289321005344391
