INFO:root:Namespace(quiet=False, run_id=None, config=None, epochs=200, fold=1, batch_size=128, learn_rate=0.001, betas=(0.9, 0.999), weight_decay=0.001, hidden_size=32, kernel_init='skew-symmetric', note='', seed=None, nlayers=3, attn_head=4, latent_dim=256, dataset='ushcn')
INFO:root:{'input_dim': 5, 'attn_head': 4, 'latent_dim': 256, 'n_layers': 3, 'device': device(type='cuda')}
INFO:root:1
Train: 11.225814819335938 VAL: 0.7011483311653137
INFO:root:2
Train: 0.7516143918037415 VAL: 0.6616655588150024
INFO:root:3
Train: 0.6295797228813171 VAL: 0.4865162968635559
INFO:root:4
Train: 0.4391193389892578 VAL: 0.4434439241886139
INFO:root:5
Train: 0.35477742552757263 VAL: 0.3678266704082489
INFO:root:6
Train: 0.33063313364982605 VAL: 0.38450393080711365
INFO:root:7
Train: 0.3431539833545685 VAL: 0.3794881999492645
INFO:root:8
Train: 0.3536967933177948 VAL: 0.3639522194862366
INFO:root:9
Train: 0.3173985183238983 VAL: 0.3544052541255951
INFO:root:10
Train: 0.3022734820842743 VAL: 0.35823607444763184
INFO:root:11
Train: 0.31933048367500305 VAL: 0.357015997171402
INFO:root:12
Train: 0.357151061296463 VAL: 0.3883357048034668
INFO:root:13
Train: 0.3597395718097687 VAL: 0.39313456416130066
INFO:root:14
Train: 0.3114016652107239 VAL: 0.3584844768047333
INFO:root:15
Train: 0.31197842955589294 VAL: 0.36401402950286865
INFO:root:16
Train: 0.2993163764476776 VAL: 0.3456875681877136
INFO:root:17
Train: 0.2854781746864319 VAL: 0.3453127145767212
INFO:root:18
Train: 0.2931218147277832 VAL: 0.3579901456832886
INFO:root:19
Train: 0.2979230284690857 VAL: 0.3362388610839844
INFO:root:20
Train: 0.3014861047267914 VAL: 0.3367919623851776
INFO:root:21
Train: 0.29154887795448303 VAL: 0.3374251127243042
INFO:root:22
Train: 0.2906709909439087 VAL: 0.3368466794490814
INFO:root:23
Train: 0.2977660000324249 VAL: 0.35898205637931824
INFO:root:24
Train: 0.30959928035736084 VAL: 0.3508417010307312
INFO:root:25
Train: 0.2968381941318512 VAL: 0.33635178208351135
INFO:root:26
Train: 0.28136757016181946 VAL: 0.3383798897266388
INFO:root:27
Train: 0.28172266483306885 VAL: 0.33403581380844116
INFO:root:28
Train: 0.2926587760448456 VAL: 0.3342859745025635
INFO:root:29
Train: 0.259358674287796 VAL: 0.328942209482193
INFO:root:30
Train: 0.2781631052494049 VAL: 0.3291908800601959
INFO:root:31
Train: 0.28460195660591125 VAL: 0.32578280568122864
INFO:root:32
Train: 0.2795426547527313 VAL: 0.33273255825042725
INFO:root:33
Train: 0.2669992744922638 VAL: 0.3408295214176178
INFO:root:34
Train: 0.2789314091205597 VAL: 0.3341614007949829
INFO:root:35
Train: 0.27707552909851074 VAL: 0.32835325598716736
INFO:root:36
Train: 0.28713539242744446 VAL: 0.32588353753089905
INFO:root:37
Train: 0.2739192545413971 VAL: 0.3363744616508484
INFO:root:38
Train: 0.28760460019111633 VAL: 0.32699599862098694
INFO:root:39
Train: 0.2752261459827423 VAL: 0.3254866302013397
INFO:root:40
Train: 0.31024956703186035 VAL: 0.34759435057640076
INFO:root:41
Train: 0.3258182108402252 VAL: 0.34137415885925293
INFO:root:42
Train: 0.3037453889846802 VAL: 0.3294188976287842
INFO:root:43
Train: 0.29870906472206116 VAL: 0.33259859681129456
INFO:root:44
Train: 0.29340890049934387 VAL: 0.3412156105041504
INFO:root:45
Train: 0.28071221709251404 VAL: 0.338775634765625
INFO:root:46
Train: 0.278096079826355 VAL: 0.3252657949924469
INFO:root:47
Train: 0.26984360814094543 VAL: 0.3277023434638977
INFO:root:48
Train: 0.27522000670433044 VAL: 0.32584547996520996
INFO:root:49
Train: 0.28111162781715393 VAL: 0.3311728537082672
INFO:root:50
Train: 0.2717248499393463 VAL: 0.3252193033695221
INFO:root:51
Train: 0.2796330153942108 VAL: 0.3335650563240051
INFO:root:52
Train: 0.2784029245376587 VAL: 0.33746305108070374
INFO:root:53
Train: 0.27775534987449646 VAL: 0.34135669469833374
INFO:root:54
Train: 0.2802063524723053 VAL: 0.3283936679363251
INFO:root:55
Train: 0.28872743248939514 VAL: 0.3394029438495636
INFO:root:56
Train: 0.28539514541625977 VAL: 0.3268986642360687
INFO:root:57
Train: 0.27634164690971375 VAL: 0.3287993371486664
INFO:root:58
Train: 0.27104875445365906 VAL: 0.33027103543281555
INFO:root:59
Train: 0.27883100509643555 VAL: 0.34287309646606445
INFO:root:60
Train: 0.2823733389377594 VAL: 0.3341606557369232
INFO:root:61
Train: 0.2829001843929291 VAL: 0.32695841789245605
INFO:root:62
Train: 0.26974958181381226 VAL: 0.32901835441589355
INFO:root:63
Train: 0.268378883600235 VAL: 0.32585951685905457
INFO:root:64
Train: 0.2566491663455963 VAL: 0.32297325134277344
INFO:root:65
Train: 0.265392005443573 VAL: 0.32792994379997253
INFO:root:66
Train: 0.2723753750324249 VAL: 0.3245409429073334
INFO:root:67
Train: 0.2671596109867096 VAL: 0.3269754946231842
INFO:root:68
Train: 0.2624584138393402 VAL: 0.3242747187614441
INFO:root:69
Train: 0.2690279185771942 VAL: 0.32683998346328735
INFO:root:70
Train: 0.24716593325138092 VAL: 0.3258016109466553
INFO:root:71
Train: 0.24199926853179932 VAL: 0.32403573393821716
INFO:root:72
Train: 0.243694469332695 VAL: 0.32796618342399597
INFO:root:73
Train: 0.24318043887615204 VAL: 0.3226749897003174
INFO:root:74
Train: 0.26109081506729126 VAL: 0.3254750967025757
INFO:root:75
Train: 0.27163606882095337 VAL: 0.32812124490737915
INFO:root:76
Train: 0.2680119276046753 VAL: 0.32431653141975403
INFO:root:77
Train: 0.2482127547264099 VAL: 0.33280041813850403
INFO:root:78
Train: 0.27272191643714905 VAL: 0.32370102405548096
INFO:root:79
Train: 0.26035740971565247 VAL: 0.32438457012176514
INFO:root:80
Train: 0.262788861989975 VAL: 0.3248964548110962
INFO:root:81
Train: 0.2694920301437378 VAL: 0.32730430364608765
INFO:root:82
Train: 0.2665615975856781 VAL: 0.3266894519329071
INFO:root:83
Train: 0.2709396779537201 VAL: 0.32915377616882324
INFO:root:84
Train: 0.26269543170928955 VAL: 0.3242804706096649
INFO:root:85
Train: 0.26493072509765625 VAL: 0.324543297290802
INFO:root:86
Train: 0.2561292350292206 VAL: 0.3221965730190277
INFO:root:87
Train: 0.23617929220199585 VAL: 0.3256721496582031
INFO:root:88
Train: 0.25261712074279785 VAL: 0.3237142562866211
INFO:root:89
Train: 0.26464924216270447 VAL: 0.32399797439575195
INFO:root:90
Train: 0.22957611083984375 VAL: 0.3231179714202881
INFO:root:91
Train: 0.2637786567211151 VAL: 0.32262521982192993
INFO:root:92
Train: 0.26058676838874817 VAL: 0.3232918679714203
INFO:root:93
Train: 0.2587133049964905 VAL: 0.323668509721756
INFO:root:94
Train: 0.26524055004119873 VAL: 0.3226478397846222
INFO:root:95
Train: 0.2639922499656677 VAL: 0.32513511180877686
INFO:root:96
Train: 0.260295033454895 VAL: 0.3224819600582123
INFO:root:97
Train: 0.2586333453655243 VAL: 0.3240869343280792
INFO:root:98
Train: 0.24150709807872772 VAL: 0.32384243607521057
INFO:root:99
Train: 0.2651980221271515 VAL: 0.3221794664859772
INFO:root:100
Train: 0.2642180919647217 VAL: 0.3227895200252533
INFO:root:101
Train: 0.26107048988342285 VAL: 0.32364198565483093
INFO:root:102
Train: 0.2566937208175659 VAL: 0.321964293718338
INFO:root:103
Train: 0.26150378584861755 VAL: 0.32437026500701904
INFO:root:104
Train: 0.2608644962310791 VAL: 0.32286378741264343
INFO:root:105
Train: 0.26191723346710205 VAL: 0.3221009373664856
INFO:root:106
Train: 0.2623414695262909 VAL: 0.32408422231674194
INFO:root:107
Train: 0.26149195432662964 VAL: 0.3225303888320923
INFO:root:108
Train: 0.26357123255729675 VAL: 0.32334235310554504
INFO:root:109
Train: 0.2614242136478424 VAL: 0.3228933811187744
INFO:root:110
Train: 0.26018738746643066 VAL: 0.3225364089012146
INFO:root:111
Train: 0.25915437936782837 VAL: 0.3232826590538025
INFO:root:112
Train: 0.26381024718284607 VAL: 0.32328030467033386
INFO:root:113
Train: 0.25693967938423157 VAL: 0.32273462414741516
INFO:root:114
Train: 0.2546509802341461 VAL: 0.3229682147502899
INFO:root:115
Train: 0.24604059755802155 VAL: 0.3229268789291382
INFO:root:116
Train: 0.24214394390583038 VAL: 0.3232530355453491
INFO:root:117
Train: 0.2550105154514313 VAL: 0.322797954082489
INFO:root:118
Train: 0.25909796357154846 VAL: 0.3229859173297882
INFO:root:119
Train: 0.261241614818573 VAL: 0.3227456212043762
INFO:root:120
Train: 0.25811752676963806 VAL: 0.32307952642440796
INFO:root:121
Train: 0.2609798312187195 VAL: 0.322873592376709
INFO:root:122
Train: 0.2426324039697647 VAL: 0.32301270961761475
INFO:root:123
Train: 0.26035091280937195 VAL: 0.3230260908603668
INFO:root:124
Train: 0.26212045550346375 VAL: 0.3235832750797272
INFO:root:125
Train: 0.2617044150829315 VAL: 0.3231121301651001
INFO:root:126
Train: 0.25945955514907837 VAL: 0.32268035411834717
INFO:root:127
Train: 0.2612819969654083 VAL: 0.32266122102737427
INFO:root:128
Train: 0.25496116280555725 VAL: 0.32284078001976013
INFO:root:129
Train: 0.26064467430114746 VAL: 0.3231085538864136
INFO:root:130
Train: 0.2601790130138397 VAL: 0.32303276658058167
INFO:root:131
Train: 0.2559049725532532 VAL: 0.32269206643104553
INFO:root:132
Train: 0.2611302435398102 VAL: 0.3231654763221741
INFO:root:BEST VAL: 0.3231654763221741 TEST : 0.2491656243801117
