INFO:root:Namespace(quiet=False, run_id=None, config=None, epochs=200, fold=3, batch_size=64, learn_rate=0.001, betas=(0.9, 0.999), weight_decay=0.001, hidden_size=32, kernel_init='skew-symmetric', note='', seed=None, nlayers=2, attn_head=4, latent_dim=128, dataset='mimiciii')
INFO:root:{'input_dim': 96, 'attn_head': 4, 'latent_dim': 128, 'n_layers': 2, 'device': device(type='cuda')}
INFO:root:1
Train: 0.6133968830108643 VAL: 0.5127441883087158
INFO:root:2
Train: 0.5038374066352844 VAL: 0.45682770013809204
INFO:root:3
Train: 0.4446882903575897 VAL: 0.44480082392692566
INFO:root:4
Train: 0.4347439706325531 VAL: 0.4069814682006836
INFO:root:5
Train: 0.4541405737400055 VAL: 0.41547679901123047
INFO:root:6
Train: 0.4238523542881012 VAL: 0.3997303247451782
INFO:root:7
Train: 0.4121478796005249 VAL: 0.3956727385520935
INFO:root:8
Train: 0.44430065155029297 VAL: 0.426530122756958
INFO:root:9
Train: 0.42701414227485657 VAL: 0.42249196767807007
INFO:root:10
Train: 0.4214085042476654 VAL: 0.3944959342479706
INFO:root:11
Train: 0.41869375109672546 VAL: 0.395912766456604
INFO:root:12
Train: 0.42327171564102173 VAL: 0.39805757999420166
INFO:root:13
Train: 0.4038742184638977 VAL: 0.39151644706726074
INFO:root:14
Train: 0.40024396777153015 VAL: 0.3889210820198059
INFO:root:15
Train: 0.41717901825904846 VAL: 0.40003421902656555
INFO:root:16
Train: 0.402295857667923 VAL: 0.3898000717163086
INFO:root:17
Train: 0.3980189561843872 VAL: 0.3925504684448242
INFO:root:18
Train: 0.4059719443321228 VAL: 0.4014342725276947
INFO:root:19
Train: 0.4109807014465332 VAL: 0.3859313428401947
INFO:root:20
Train: 0.40910306572914124 VAL: 0.3974378705024719
INFO:root:21
Train: 0.43926894664764404 VAL: 0.38920891284942627
INFO:root:22
Train: 0.42120200395584106 VAL: 0.3925424814224243
INFO:root:23
Train: 0.39372771978378296 VAL: 0.38853514194488525
INFO:root:24
Train: 0.38994064927101135 VAL: 0.3883621394634247
INFO:root:25
Train: 0.38708388805389404 VAL: 0.38492143154144287
INFO:root:26
Train: 0.4068449139595032 VAL: 0.3869144916534424
INFO:root:27
Train: 0.3865005671977997 VAL: 0.38082155585289
INFO:root:28
Train: 0.3788219392299652 VAL: 0.38178250193595886
INFO:root:29
Train: 0.3811124563217163 VAL: 0.37641945481300354
INFO:root:30
Train: 0.3870308995246887 VAL: 0.37883514165878296
INFO:root:31
Train: 0.3806183934211731 VAL: 0.4243600368499756
INFO:root:32
Train: 0.3785973787307739 VAL: 0.38078728318214417
INFO:root:33
Train: 0.37019822001457214 VAL: 0.3740251660346985
INFO:root:34
Train: 0.3683336079120636 VAL: 0.3751233220100403
INFO:root:35
Train: 0.36611679196357727 VAL: 0.37186679244041443
INFO:root:36
Train: 0.36356687545776367 VAL: 0.3741101026535034
INFO:root:37
Train: 0.3679186999797821 VAL: 0.372546911239624
INFO:root:38
Train: 0.3689422011375427 VAL: 0.3988144099712372
INFO:root:39
Train: 0.39416640996932983 VAL: 0.39842087030410767
INFO:root:40
Train: 0.3783029317855835 VAL: 0.3805193305015564
INFO:root:41
Train: 0.3695579171180725 VAL: 0.3728424906730652
INFO:root:42
Train: 0.3621376156806946 VAL: 0.3722456097602844
INFO:root:43
Train: 0.35676249861717224 VAL: 0.37589409947395325
INFO:root:44
Train: 0.3639567792415619 VAL: 0.3757452964782715
INFO:root:45
Train: 0.3767901062965393 VAL: 0.3715996742248535
INFO:root:46
Train: 0.3626064360141754 VAL: 0.3781611919403076
INFO:root:47
Train: 0.36057794094085693 VAL: 0.3835912346839905
INFO:root:48
Train: 0.366144597530365 VAL: 0.3758540153503418
INFO:root:49
Train: 0.39799708127975464 VAL: 0.37941744923591614
INFO:root:50
Train: 0.36505767703056335 VAL: 0.3705630302429199
INFO:root:51
Train: 0.3529260456562042 VAL: 0.3970014154911041
INFO:root:52
Train: 0.35649392008781433 VAL: 0.36388909816741943
INFO:root:53
Train: 0.34870392084121704 VAL: 0.3708699345588684
INFO:root:54
Train: 0.342063844203949 VAL: 0.3684922158718109
INFO:root:55
Train: 0.3418104648590088 VAL: 0.37564510107040405
INFO:root:56
Train: 0.3376195430755615 VAL: 0.3719191253185272
INFO:root:57
Train: 0.3447604775428772 VAL: 0.38241302967071533
INFO:root:58
Train: 0.3396875262260437 VAL: 0.38456252217292786
INFO:root:59
Train: 0.3391323387622833 VAL: 0.37438303232192993
INFO:root:60
Train: 0.33691322803497314 VAL: 0.4003007411956787
INFO:root:61
Train: 0.33843034505844116 VAL: 0.38325896859169006
INFO:root:62
Train: 0.3412032723426819 VAL: 0.3804684281349182
INFO:root:63
Train: 0.36111852526664734 VAL: 0.37916290760040283
INFO:root:64
Train: 0.3518359363079071 VAL: 0.368283748626709
INFO:root:65
Train: 0.3289443552494049 VAL: 0.37461361289024353
INFO:root:66
Train: 0.32051756978034973 VAL: 0.3698122501373291
INFO:root:67
Train: 0.31760457158088684 VAL: 0.374838650226593
INFO:root:68
Train: 0.30943620204925537 VAL: 0.3759545087814331
INFO:root:69
Train: 0.30169010162353516 VAL: 0.368366003036499
INFO:root:70
Train: 0.301791787147522 VAL: 0.38440564274787903
INFO:root:71
Train: 0.31074991822242737 VAL: 0.38421255350112915
INFO:root:72
Train: 0.2957172095775604 VAL: 0.37723541259765625
INFO:root:73
Train: 0.2912027835845947 VAL: 0.3790549039840698
INFO:root:74
Train: 0.28344812989234924 VAL: 0.38387230038642883
INFO:root:75
Train: 0.2698764503002167 VAL: 0.3740662932395935
INFO:root:76
Train: 0.263923317193985 VAL: 0.3839106559753418
INFO:root:77
Train: 0.2603171169757843 VAL: 0.3816499412059784
INFO:root:78
Train: 0.2558552324771881 VAL: 0.389832079410553
INFO:root:79
Train: 0.25353360176086426 VAL: 0.38639718294143677
INFO:root:80
Train: 0.25142550468444824 VAL: 0.39015597105026245
INFO:root:81
Train: 0.24754653871059418 VAL: 0.3945237994194031
INFO:root:82
Train: 0.24460677802562714 VAL: 0.39577215909957886
INFO:root:BEST VAL: 0.39577215909957886 TEST : 0.3835109770298004
