INFO:root:Namespace(quiet=False, run_id=None, config=None, epochs=200, fold=4, batch_size=64, learn_rate=0.001, betas=(0.9, 0.999), weight_decay=0.001, hidden_size=32, kernel_init='skew-symmetric', note='', seed=None, nlayers=4, attn_head=2, latent_dim=128, dataset='mimiciii')
INFO:root:{'input_dim': 96, 'attn_head': 2, 'latent_dim': 128, 'n_layers': 4, 'device': device(type='cuda')}
INFO:root:1
Train: 0.6272939443588257 VAL: 0.47315117716789246
INFO:root:2
Train: 0.5036841630935669 VAL: 0.46976613998413086
INFO:root:3
Train: 0.4608347713947296 VAL: 0.4419097602367401
INFO:root:4
Train: 0.46386241912841797 VAL: 0.42303466796875
INFO:root:5
Train: 0.42071524262428284 VAL: 0.42788177728652954
INFO:root:6
Train: 0.418023943901062 VAL: 0.4151359796524048
INFO:root:7
Train: 619.2090454101562 VAL: 1.943850040435791
INFO:root:8
Train: 1.0604337453842163 VAL: 0.7445023059844971
INFO:root:9
Train: 0.7101978063583374 VAL: 0.6531822681427002
INFO:root:Namespace(quiet=False, run_id=None, config=None, epochs=200, fold=4, batch_size=128, learn_rate=0.001, betas=(0.9, 0.999), weight_decay=0.001, hidden_size=32, kernel_init='skew-symmetric', note='', seed=None, nlayers=4, attn_head=2, latent_dim=128, dataset='ushcn')
INFO:root:{'input_dim': 5, 'attn_head': 2, 'latent_dim': 128, 'n_layers': 4, 'device': device(type='cuda')}
INFO:root:1
Train: 3.1166865825653076 VAL: 0.5314958691596985
INFO:root:2
Train: 0.6126329302787781 VAL: 0.40037864446640015
INFO:root:3
Train: 0.4991927444934845 VAL: 0.32936421036720276
INFO:root:4
Train: 0.3828761875629425 VAL: 0.26266294717788696
INFO:root:5
Train: 0.3547274172306061 VAL: 0.25973713397979736
INFO:root:6
Train: 0.35340842604637146 VAL: 0.2627619206905365
INFO:root:7
Train: 0.322829931974411 VAL: 0.24898236989974976
INFO:root:8
Train: 0.32983842492103577 VAL: 0.25072628259658813
INFO:root:9
Train: 0.324378103017807 VAL: 0.27814704179763794
INFO:root:10
Train: 0.3326272666454315 VAL: 0.26442989706993103
INFO:root:11
Train: 0.3325664699077606 VAL: 0.2550255060195923
INFO:root:12
Train: 0.31457334756851196 VAL: 0.2498795986175537
INFO:root:13
Train: 0.3275555670261383 VAL: 0.24588406085968018
INFO:root:14
Train: 0.3014349639415741 VAL: 0.24481201171875
INFO:root:15
Train: 0.3051926791667938 VAL: 0.24900053441524506
INFO:root:16
Train: 0.3180924952030182 VAL: 0.24517349898815155
INFO:root:17
Train: 0.32446253299713135 VAL: 0.24796894192695618
INFO:root:18
Train: 0.3206912577152252 VAL: 0.2426721602678299
INFO:root:19
Train: 0.3238416612148285 VAL: 0.2517862021923065
INFO:root:20
Train: 0.3206363618373871 VAL: 0.2562997341156006
INFO:root:21
Train: 0.3264712393283844 VAL: 0.24884119629859924
INFO:root:22
Train: 0.3033958971500397 VAL: 0.25268450379371643
INFO:root:23
Train: 0.32359778881073 VAL: 0.26537835597991943
INFO:root:24
Train: 0.31112605333328247 VAL: 0.2463880479335785
INFO:root:25
Train: 0.32147887349128723 VAL: 0.2446821630001068
INFO:root:26
Train: 0.31344348192214966 VAL: 0.2442987859249115
INFO:root:27
Train: 0.31642332673072815 VAL: 0.2487776130437851
INFO:root:28
Train: 0.32354438304901123 VAL: 0.2667483687400818
INFO:root:29
Train: 0.3191694915294647 VAL: 0.2508434057235718
INFO:root:30
Train: 0.30420511960983276 VAL: 0.24158813059329987
INFO:root:31
Train: 0.3150974214076996 VAL: 0.2459544837474823
INFO:root:32
Train: 0.30401214957237244 VAL: 0.24445021152496338
INFO:root:33
Train: 0.3118583858013153 VAL: 0.2483338713645935
INFO:root:34
Train: 0.3088505268096924 VAL: 0.24490855634212494
INFO:root:35
Train: 0.3062995970249176 VAL: 0.24162855744361877
INFO:root:36
Train: 0.31303778290748596 VAL: 0.24836471676826477
INFO:root:37
Train: 0.29037997126579285 VAL: 0.24269762635231018
INFO:root:38
Train: 0.3099913001060486 VAL: 0.24063214659690857
INFO:root:39
Train: 0.31438982486724854 VAL: 0.25615960359573364
INFO:root:40
Train: 0.31436753273010254 VAL: 0.24802392721176147
INFO:root:41
Train: 0.31614911556243896 VAL: 0.24106770753860474
INFO:root:42
Train: 0.3084755837917328 VAL: 0.24314004182815552
INFO:root:43
Train: 0.3007170259952545 VAL: 0.24428200721740723
INFO:root:44
Train: 0.3115650713443756 VAL: 0.24900510907173157
INFO:root:45
Train: 0.3072848916053772 VAL: 0.24035343527793884
INFO:root:46
Train: 0.3114759027957916 VAL: 0.2468273937702179
INFO:root:47
Train: 0.3092728853225708 VAL: 0.23948688805103302
INFO:root:48
Train: 0.30898913741111755 VAL: 0.24303185939788818
INFO:root:49
Train: 0.29404765367507935 VAL: 0.2435889095067978
INFO:root:50
Train: 0.3048105239868164 VAL: 0.23960372805595398
INFO:root:51
Train: 0.2930159270763397 VAL: 0.26322847604751587
INFO:root:52
Train: 0.3155178129673004 VAL: 0.23915010690689087
INFO:root:53
Train: 0.3129878342151642 VAL: 0.2384396642446518
INFO:root:54
Train: 0.3148183524608612 VAL: 0.255538672208786
INFO:root:55
Train: 0.304469496011734 VAL: 0.24157527089118958
INFO:root:56
Train: 0.31079819798469543 VAL: 0.2444760799407959
INFO:root:57
Train: 0.31273213028907776 VAL: 0.24720019102096558
INFO:root:58
Train: 0.3122243881225586 VAL: 0.24478134512901306
INFO:root:59
Train: 0.29398980736732483 VAL: 0.2387492060661316
INFO:root:60
Train: 0.2871396541595459 VAL: 0.2514307498931885
INFO:root:61
Train: 0.3106985092163086 VAL: 0.23751911520957947
INFO:root:62
Train: 0.3026469051837921 VAL: 0.2424050122499466
INFO:root:63
Train: 0.30775439739227295 VAL: 0.24947504699230194
INFO:root:64
Train: 0.30669543147087097 VAL: 0.24153420329093933
INFO:root:65
Train: 0.31960415840148926 VAL: 0.24576471745967865
INFO:root:66
Train: 0.3265979588031769 VAL: 0.26188069581985474
INFO:root:67
Train: 0.3257204592227936 VAL: 0.24889463186264038
INFO:root:68
Train: 0.3174191415309906 VAL: 0.24729005992412567
INFO:root:69
Train: 0.3170512020587921 VAL: 0.24841047823429108
INFO:root:70
Train: 0.30610358715057373 VAL: 0.24141427874565125
INFO:root:71
Train: 0.3029516041278839 VAL: 0.24596722424030304
INFO:root:72
Train: 0.3041982352733612 VAL: 0.23893684148788452
INFO:root:73
Train: 0.3045729696750641 VAL: 0.24578571319580078
INFO:root:74
Train: 0.30496665835380554 VAL: 0.23919777572155
INFO:root:75
Train: 0.30853593349456787 VAL: 0.24344347417354584
INFO:root:76
Train: 0.300954133272171 VAL: 0.2389901578426361
INFO:root:77
Train: 0.3043740689754486 VAL: 0.24225597083568573
INFO:root:78
Train: 0.30576956272125244 VAL: 0.24021334946155548
INFO:root:79
Train: 0.308308869600296 VAL: 0.2411949336528778
INFO:root:80
Train: 0.3018232583999634 VAL: 0.2407928705215454
INFO:root:81
Train: 0.30745455622673035 VAL: 0.24265563488006592
INFO:root:82
Train: 0.30492979288101196 VAL: 0.23998060822486877
INFO:root:83
Train: 0.3009631335735321 VAL: 0.24268226325511932
INFO:root:84
Train: 0.3037633001804352 VAL: 0.2396862804889679
INFO:root:85
Train: 0.2913067638874054 VAL: 0.2411152571439743
INFO:root:86
Train: 0.3033597469329834 VAL: 0.24105237424373627
INFO:root:87
Train: 0.3002377450466156 VAL: 0.2395864725112915
INFO:root:88
Train: 0.2953733205795288 VAL: 0.24089545011520386
INFO:root:89
Train: 0.2803764045238495 VAL: 0.2399074137210846
INFO:root:90
Train: 0.29820945858955383 VAL: 0.2412034422159195
INFO:root:91
Train: 0.28517451882362366 VAL: 0.24058416485786438
INFO:root:BEST VAL: 0.24058416485786438 TEST : 0.26963499188423157
