INFO:root:Namespace(quiet=False, run_id=None, config=None, epochs=200, fold=1, batch_size=64, learn_rate=0.001, betas=(0.9, 0.999), weight_decay=0.001, hidden_size=32, kernel_init='skew-symmetric', note='', seed=None, nlayers=1, attn_head=1, latent_dim=128, dataset='mimiciii')
INFO:root:{'input_dim': 96, 'attn_head': 1, 'latent_dim': 128, 'n_layers': 1, 'device': device(type='cuda')}
INFO:root:1
Train: 0.6785854697227478 VAL: 0.65784752368927
INFO:root:2
Train: 0.5865111947059631 VAL: 0.6101844310760498
INFO:root:3
Train: 0.543438196182251 VAL: 0.6043485403060913
INFO:root:4
Train: 0.5388182401657104 VAL: 0.5996454358100891
INFO:root:5
Train: 0.5213648080825806 VAL: 0.5556237697601318
INFO:root:6
Train: 0.5178983807563782 VAL: 0.5993116497993469
INFO:root:7
Train: 0.5076503753662109 VAL: 0.5473257303237915
INFO:root:8
Train: 0.507456362247467 VAL: 0.5507121086120605
INFO:root:9
Train: 0.5061165690422058 VAL: 0.5387044548988342
INFO:root:10
Train: 0.49903467297554016 VAL: 0.5480019450187683
INFO:root:11
Train: 0.5023646950721741 VAL: 0.5407221913337708
INFO:root:12
Train: 0.5000836253166199 VAL: 0.5396358370780945
INFO:root:13
Train: 0.5003446340560913 VAL: 0.5602243542671204
INFO:root:14
Train: 0.4942973554134369 VAL: 0.5660032033920288
INFO:root:15
Train: 0.4912848174571991 VAL: 0.5646761059761047
INFO:root:16
Train: 0.49154624342918396 VAL: 0.5386316776275635
INFO:root:17
Train: 0.49395495653152466 VAL: 0.5448355674743652
INFO:root:18
Train: 0.49421846866607666 VAL: 0.5881373286247253
INFO:root:19
Train: 0.4970511496067047 VAL: 0.5687470436096191
INFO:root:20
Train: 0.4898332357406616 VAL: 0.5566630959510803
INFO:root:21
Train: 0.4901294708251953 VAL: 0.5649845004081726
INFO:root:22
Train: 0.48986363410949707 VAL: 0.6059132814407349
INFO:root:23
Train: 0.4929339289665222 VAL: 0.5554628968238831
INFO:root:24
Train: 0.4862508177757263 VAL: 0.5622156262397766
INFO:root:25
Train: 0.4864211678504944 VAL: 0.5612561106681824
INFO:root:26
Train: 0.48639973998069763 VAL: 0.5641480088233948
INFO:root:27
Train: 0.4819113612174988 VAL: 0.6129209995269775
INFO:root:28
Train: 0.4727862477302551 VAL: 0.5607500076293945
INFO:root:29
Train: 0.4704071879386902 VAL: 0.569841742515564
INFO:root:30
Train: 0.4698029160499573 VAL: 0.56639564037323
INFO:root:31
Train: 0.4677237570285797 VAL: 0.5807420015335083
INFO:root:32
Train: 0.46496814489364624 VAL: 0.5641441345214844
INFO:root:33
Train: 0.467048317193985 VAL: 0.5630673766136169
INFO:root:34
Train: 0.4601920545101166 VAL: 0.5608590841293335
INFO:root:35
Train: 0.4630492329597473 VAL: 0.5749124884605408
INFO:root:36
Train: 0.46422362327575684 VAL: 0.5567137002944946
INFO:root:37
Train: 0.4627308249473572 VAL: 0.548106849193573
INFO:root:38
Train: 0.46043309569358826 VAL: 0.5642932653427124
INFO:root:39
Train: 0.44746971130371094 VAL: 0.5734759569168091
INFO:root:40
Train: 0.449945330619812 VAL: 0.5544408559799194
INFO:root:41
Train: 0.4478549659252167 VAL: 0.5540401935577393
INFO:root:42
Train: 0.44588354229927063 VAL: 0.556611955165863
INFO:root:43
Train: 0.44530731439590454 VAL: 0.5634486079216003
INFO:root:44
Train: 0.44223424792289734 VAL: 0.5535598993301392
INFO:root:45
Train: 0.44113779067993164 VAL: 0.5577601790428162
INFO:root:46
Train: 0.4415796399116516 VAL: 0.559716522693634
INFO:root:BEST VAL: 0.559716522693634 TEST : 0.5440423488616943
INFO:root:Namespace(quiet=False, run_id=None, config=None, epochs=200, fold=1, batch_size=64, learn_rate=0.001, betas=(0.9, 0.999), weight_decay=0.001, hidden_size=32, kernel_init='skew-symmetric', note='', seed=None, nlayers=1, attn_head=1, latent_dim=128, dataset='mimiciv')
INFO:root:{'input_dim': 100, 'attn_head': 1, 'latent_dim': 128, 'n_layers': 1, 'device': device(type='cuda')}
INFO:root:1
Train: 0.3501635491847992 VAL: 0.28721797466278076
INFO:root:2
Train: 0.2749425172805786 VAL: 0.26634252071380615
INFO:root:3
Train: 0.2645839750766754 VAL: 0.2690207362174988
INFO:root:4
Train: 0.25986185669898987 VAL: 0.2666036784648895
INFO:root:5
Train: 0.25532767176628113 VAL: 0.2534254193305969
INFO:root:6
Train: 0.25175803899765015 VAL: 0.2573796510696411
INFO:root:7
Train: 0.25100529193878174 VAL: 0.2549722194671631
INFO:root:8
Train: 0.2502589225769043 VAL: 0.25756728649139404
INFO:root:9
Train: 0.24711211025714874 VAL: 0.2576276659965515
INFO:root:10
Train: 0.24612773954868317 VAL: 0.25017479062080383
INFO:root:11
Train: 0.24547572433948517 VAL: 0.2500495910644531
INFO:root:12
Train: 0.2444230318069458 VAL: 0.24966099858283997
INFO:root:13
Train: 0.24486836791038513 VAL: 0.2527868151664734
INFO:root:14
Train: 0.2431904822587967 VAL: 0.24811580777168274
INFO:root:15
Train: 0.24181248247623444 VAL: 0.24851453304290771
INFO:root:16
Train: 0.24173817038536072 VAL: 0.2503512501716614
INFO:root:17
Train: 0.23972754180431366 VAL: 0.2544468641281128
INFO:root:18
Train: 0.24260352551937103 VAL: 0.2514249086380005
INFO:root:19
Train: 0.24212957918643951 VAL: 0.24583233892917633
INFO:root:20
Train: 0.23932385444641113 VAL: 0.24933722615242004
INFO:root:21
Train: 0.23740938305854797 VAL: 0.24835780262947083
INFO:root:22
Train: 0.23785492777824402 VAL: 0.24367626011371613
INFO:root:23
Train: 0.23709504306316376 VAL: 0.24246934056282043
INFO:root:24
Train: 0.23544147610664368 VAL: 0.24127289652824402
INFO:root:25
Train: 0.2352282553911209 VAL: 0.24170514941215515
INFO:root:26
Train: 0.23284350335597992 VAL: 0.24150095880031586
INFO:root:27
Train: 0.2333410531282425 VAL: 0.2420564591884613
INFO:root:28
Train: 0.23341967165470123 VAL: 0.24049146473407745
INFO:root:29
Train: 0.23214556276798248 VAL: 0.2409658581018448
INFO:root:30
Train: 0.23266446590423584 VAL: 0.2429504096508026
INFO:root:31
Train: 0.2309594601392746 VAL: 0.23830462992191315
INFO:root:32
Train: 0.22917680442333221 VAL: 0.2400195449590683
INFO:root:33
Train: 0.2297147661447525 VAL: 0.24341468513011932
INFO:root:34
Train: 0.22919832170009613 VAL: 0.24422132968902588
INFO:root:35
Train: 0.22784578800201416 VAL: 0.24534066021442413
INFO:root:36
Train: 0.228286474943161 VAL: 0.2555955648422241
INFO:root:37
Train: 0.22701339423656464 VAL: 0.2416546791791916
INFO:root:38
Train: 0.2257561832666397 VAL: 0.24006997048854828
INFO:root:39
Train: 0.22736574709415436 VAL: 0.23925454914569855
INFO:root:40
Train: 0.22587008774280548 VAL: 0.23912517726421356
INFO:root:41
Train: 0.22636863589286804 VAL: 0.24355684220790863
INFO:root:42
Train: 0.22597844898700714 VAL: 0.24428771436214447
INFO:root:43
Train: 0.21916422247886658 VAL: 0.23724697530269623
INFO:root:44
Train: 0.2192937433719635 VAL: 0.23593926429748535
INFO:root:45
Train: 0.2191627472639084 VAL: 0.2375064343214035
INFO:root:46
Train: 0.21653324365615845 VAL: 0.2376025915145874
INFO:root:47
Train: 0.21669860184192657 VAL: 0.23558031022548676
INFO:root:48
Train: 0.21652056276798248 VAL: 0.23982149362564087
INFO:root:49
Train: 0.21680881083011627 VAL: 0.23601683974266052
INFO:root:50
Train: 0.21438907086849213 VAL: 0.23834514617919922
INFO:root:51
Train: 0.21518109738826752 VAL: 0.24002140760421753
INFO:root:52
Train: 0.21373727917671204 VAL: 0.24112249910831451
INFO:root:53
Train: 0.21440686285495758 VAL: 0.24123111367225647
INFO:root:54
Train: 0.21334262192249298 VAL: 0.240556001663208
INFO:root:55
Train: 0.21448315680027008 VAL: 0.23751884698867798
INFO:root:56
Train: 0.21259352564811707 VAL: 0.24004632234573364
INFO:root:57
Train: 0.21226206421852112 VAL: 0.24527329206466675
INFO:root:58
Train: 0.20944856107234955 VAL: 0.2399425059556961
INFO:root:59
Train: 0.20596696436405182 VAL: 0.23918548226356506
INFO:root:60
Train: 0.20507574081420898 VAL: 0.24141918122768402
INFO:root:61
Train: 0.20508921146392822 VAL: 0.24121150374412537
INFO:root:62
Train: 0.20323710143566132 VAL: 0.24164527654647827
INFO:root:63
Train: 0.20320390164852142 VAL: 0.2391599714756012
INFO:root:64
Train: 0.20267920196056366 VAL: 0.24104300141334534
INFO:root:65
Train: 0.20208649337291718 VAL: 0.2412780523300171
INFO:root:66
Train: 0.20211787521839142 VAL: 0.24237552285194397
INFO:root:67
Train: 0.20056310296058655 VAL: 0.2428775429725647
INFO:root:68
Train: 0.20099128782749176 VAL: 0.24057403206825256
INFO:root:69
Train: 0.1992940604686737 VAL: 0.24814368784427643
INFO:root:70
Train: 0.19665846228599548 VAL: 0.24295610189437866
INFO:root:71
Train: 0.19567297399044037 VAL: 0.24427694082260132
INFO:root:72
Train: 0.1946088969707489 VAL: 0.24312014877796173
INFO:root:73
Train: 0.19416622817516327 VAL: 0.2441641390323639
INFO:root:74
Train: 0.19528399407863617 VAL: 0.24443833529949188
INFO:root:75
Train: 0.19371899962425232 VAL: 0.2443436086177826
INFO:root:76
Train: 0.19236424565315247 VAL: 0.2436962127685547
INFO:root:77
Train: 0.19317978620529175 VAL: 0.2449188083410263
INFO:root:BEST VAL: 0.2449188083410263 TEST : 0.2332061529159546
