INFO:root:Namespace(quiet=False, run_id=None, config=None, epochs=200, fold=4, batch_size=128, learn_rate=0.001, betas=(0.9, 0.999), weight_decay=0.001, hidden_size=32, kernel_init='skew-symmetric', note='', seed=None, nlayers=4, attn_head=4, latent_dim=128, dataset='ushcn')
INFO:root:{'input_dim': 5, 'attn_head': 4, 'latent_dim': 128, 'n_layers': 4, 'device': device(type='cuda')}
INFO:root:1
Train: 2.910313606262207 VAL: 0.506053626537323
INFO:root:2
Train: 0.5790095329284668 VAL: 0.44488680362701416
INFO:root:3
Train: 0.536903440952301 VAL: 0.310574471950531
INFO:root:4
Train: 0.436405211687088 VAL: 0.2920316755771637
INFO:root:5
Train: 0.3723950684070587 VAL: 0.2760997414588928
INFO:root:6
Train: 0.3419090211391449 VAL: 0.2606450617313385
INFO:root:7
Train: 0.3349437713623047 VAL: 0.23327137529850006
INFO:root:8
Train: 0.32996538281440735 VAL: 0.24497155845165253
INFO:root:9
Train: 0.33542656898498535 VAL: 0.22170096635818481
INFO:root:10
Train: 0.3263408839702606 VAL: 0.2207043319940567
INFO:root:11
Train: 0.3219495713710785 VAL: 0.22417759895324707
INFO:root:12
Train: 0.3269973695278168 VAL: 0.23272038996219635
INFO:root:13
Train: 0.32641419768333435 VAL: 0.220323383808136
INFO:root:14
Train: 0.32594677805900574 VAL: 0.2204713076353073
INFO:root:15
Train: 0.31160882115364075 VAL: 0.2301705926656723
INFO:root:16
Train: 0.3204940855503082 VAL: 0.23635120689868927
INFO:root:17
Train: 0.3178849220275879 VAL: 0.22415214776992798
INFO:root:18
Train: 0.32463935017585754 VAL: 0.21932412683963776
INFO:root:19
Train: 0.30421385169029236 VAL: 0.22230097651481628
INFO:root:20
Train: 0.32360973954200745 VAL: 0.23702722787857056
INFO:root:21
Train: 0.32236191630363464 VAL: 0.22555583715438843
INFO:root:22
Train: 0.320172518491745 VAL: 0.2214195728302002
INFO:root:23
Train: 0.30882716178894043 VAL: 0.21880532801151276
INFO:root:24
Train: 0.30586811900138855 VAL: 0.21947911381721497
INFO:root:25
Train: 0.313408762216568 VAL: 0.21931323409080505
INFO:root:26
Train: 0.3110635578632355 VAL: 0.22931815683841705
INFO:root:27
Train: 0.312580943107605 VAL: 0.22033199667930603
INFO:root:28
Train: 0.31350716948509216 VAL: 0.2281687706708908
INFO:root:29
Train: 0.3139358162879944 VAL: 0.22651691734790802
INFO:root:30
Train: 0.30911239981651306 VAL: 0.21758098900318146
INFO:root:31
Train: 0.300282746553421 VAL: 0.21581974625587463
INFO:root:32
Train: 0.30488285422325134 VAL: 0.21740107238292694
INFO:root:33
Train: 0.31738561391830444 VAL: 0.23548902571201324
INFO:root:34
Train: 0.3193700611591339 VAL: 0.22130534052848816
INFO:root:35
Train: 0.3135957419872284 VAL: 0.21977746486663818
INFO:root:36
Train: 0.3022587299346924 VAL: 0.21795716881752014
INFO:root:37
Train: 0.3061448335647583 VAL: 0.22492465376853943
INFO:root:38
Train: 0.3266368508338928 VAL: 0.22661533951759338
INFO:root:39
Train: 0.3114502429962158 VAL: 0.22471699118614197
INFO:root:40
Train: 0.3107262849807739 VAL: 0.2149682343006134
INFO:root:41
Train: 0.2816116213798523 VAL: 0.22287383675575256
INFO:root:42
Train: 0.2941024601459503 VAL: 0.22402116656303406
INFO:root:43
Train: 0.3064548671245575 VAL: 0.21474628150463104
INFO:root:44
Train: 0.3102208077907562 VAL: 0.21955420076847076
INFO:root:45
Train: 0.305325448513031 VAL: 0.21622830629348755
INFO:root:46
Train: 0.310158371925354 VAL: 0.2229660004377365
INFO:root:47
Train: 0.3089599013328552 VAL: 0.22264039516448975
INFO:root:48
Train: 0.31064555048942566 VAL: 0.21933673322200775
INFO:root:49
Train: 0.3122063875198364 VAL: 0.23007845878601074
INFO:root:50
Train: 0.31323081254959106 VAL: 0.21429571509361267
INFO:root:51
Train: 0.3049065172672272 VAL: 0.2172759473323822
INFO:root:52
Train: 0.3051028549671173 VAL: 0.21524634957313538
INFO:root:53
Train: 0.30707675218582153 VAL: 0.21710516512393951
INFO:root:54
Train: 0.30586057901382446 VAL: 0.23189671337604523
INFO:root:55
Train: 0.28183338046073914 VAL: 0.21152357757091522
INFO:root:56
Train: 0.3015669882297516 VAL: 0.22226519882678986
INFO:root:57
Train: 0.29912224411964417 VAL: 0.21236547827720642
INFO:root:58
Train: 0.31062766909599304 VAL: 0.21710772812366486
INFO:root:59
Train: 0.30743518471717834 VAL: 0.21605761349201202
INFO:root:60
Train: 0.30815139412879944 VAL: 0.21531569957733154
INFO:root:61
Train: 0.3057977259159088 VAL: 0.2139427214860916
INFO:root:62
Train: 0.2790542244911194 VAL: 0.21659183502197266
INFO:root:63
Train: 0.29974856972694397 VAL: 0.21510308980941772
INFO:root:64
Train: 0.30395424365997314 VAL: 0.2164546549320221
INFO:root:65
Train: 0.3024750053882599 VAL: 0.2103927731513977
INFO:root:66
Train: 0.3043276369571686 VAL: 0.23337890207767487
INFO:root:67
Train: 0.31163015961647034 VAL: 0.2206043004989624
INFO:root:68
Train: 0.3153055012226105 VAL: 0.22888202965259552
INFO:root:69
Train: 0.31958073377609253 VAL: 0.22308999300003052
INFO:root:70
Train: 0.30848896503448486 VAL: 0.21616898477077484
INFO:root:71
Train: 0.3032912313938141 VAL: 0.21685777604579926
INFO:root:72
Train: 0.2756376564502716 VAL: 0.21354126930236816
INFO:root:73
Train: 0.30279770493507385 VAL: 0.23054780066013336
INFO:root:74
Train: 0.3030838966369629 VAL: 0.2222149819135666
INFO:root:75
Train: 0.3057737648487091 VAL: 0.2114541232585907
INFO:root:76
Train: 0.3083362281322479 VAL: 0.21734482049942017
INFO:root:77
Train: 0.29093989729881287 VAL: 0.21960395574569702
INFO:root:78
Train: 0.30242136120796204 VAL: 0.21230894327163696
INFO:root:79
Train: 0.2992255985736847 VAL: 0.21557633578777313
INFO:root:80
Train: 0.30040422081947327 VAL: 0.21490082144737244
INFO:root:81
Train: 0.30482038855552673 VAL: 0.21105697751045227
INFO:root:82
Train: 0.3023891746997833 VAL: 0.21488478779792786
INFO:root:83
Train: 0.2915741503238678 VAL: 0.21718548238277435
INFO:root:84
Train: 0.30222830176353455 VAL: 0.2159864604473114
INFO:root:85
Train: 0.29833856225013733 VAL: 0.21000075340270996
INFO:root:86
Train: 0.2989450693130493 VAL: 0.22309157252311707
INFO:root:87
Train: 0.30045631527900696 VAL: 0.2128095030784607
INFO:root:88
Train: 0.2976946532726288 VAL: 0.21413163840770721
INFO:root:89
Train: 0.3009554147720337 VAL: 0.21783758699893951
INFO:root:90
Train: 0.3043566644191742 VAL: 0.21197232604026794
INFO:root:91
Train: 0.29277217388153076 VAL: 0.21500979363918304
INFO:root:92
Train: 0.2906064987182617 VAL: 0.21514801681041718
INFO:root:93
Train: 0.30179116129875183 VAL: 0.21405473351478577
INFO:root:94
Train: 0.2946885824203491 VAL: 0.2173006683588028
INFO:root:95
Train: 0.2940198481082916 VAL: 0.2124914526939392
INFO:root:96
Train: 0.2992006540298462 VAL: 0.22018197178840637
INFO:root:97
Train: 0.29650506377220154 VAL: 0.21521712839603424
INFO:root:98
Train: 0.29208528995513916 VAL: 0.21337224543094635
INFO:root:99
Train: 0.29654258489608765 VAL: 0.2171870768070221
INFO:root:100
Train: 0.2804460823535919 VAL: 0.2137482613325119
INFO:root:101
Train: 0.2921367585659027 VAL: 0.21504780650138855
INFO:root:102
Train: 0.2846163213253021 VAL: 0.21820418536663055
INFO:root:103
Train: 0.2961597442626953 VAL: 0.2135399580001831
INFO:root:104
Train: 0.27113255858421326 VAL: 0.21706299483776093
INFO:root:105
Train: 0.2801644802093506 VAL: 0.21715401113033295
INFO:root:106
Train: 0.2781504690647125 VAL: 0.2140636444091797
INFO:root:107
Train: 0.29469674825668335 VAL: 0.21684414148330688
INFO:root:108
Train: 0.2712225019931793 VAL: 0.2167905867099762
INFO:root:109
Train: 0.2707121670246124 VAL: 0.21444788575172424
INFO:root:110
Train: 0.2898465096950531 VAL: 0.21629191935062408
INFO:root:111
Train: 0.28737086057662964 VAL: 0.21734659373760223
INFO:root:112
Train: 0.26763737201690674 VAL: 0.21548031270503998
INFO:root:113
Train: 0.28263068199157715 VAL: 0.21482296288013458
INFO:root:114
Train: 0.26813408732414246 VAL: 0.21782569587230682
INFO:root:115
Train: 0.28828343749046326 VAL: 0.21533232927322388
INFO:root:BEST VAL: 0.21533232927322388 TEST : 0.32570624351501465
