INFO:root:Namespace(quiet=False, run_id=None, config=None, epochs=200, fold=4, batch_size=128, learn_rate=0.001, betas=(0.9, 0.999), weight_decay=0.001, hidden_size=32, kernel_init='skew-symmetric', note='', seed=None, nlayers=4, attn_head=4, latent_dim=64, dataset='ushcn')
INFO:root:{'input_dim': 5, 'attn_head': 4, 'latent_dim': 64, 'n_layers': 4, 'device': device(type='cuda')}
INFO:root:1
Train: 1.0737261772155762 VAL: 0.5451004505157471
INFO:root:2
Train: 0.5941417813301086 VAL: 0.4701504111289978
INFO:root:3
Train: 0.5331597328186035 VAL: 0.36019957065582275
INFO:root:4
Train: 0.4173727035522461 VAL: 0.2890271842479706
INFO:root:5
Train: 0.3720727860927582 VAL: 0.24898524582386017
INFO:root:6
Train: 0.34269997477531433 VAL: 0.2551058530807495
INFO:root:7
Train: 0.34236252307891846 VAL: 0.2522428333759308
INFO:root:8
Train: 0.3303065598011017 VAL: 0.2515507936477661
INFO:root:9
Train: 0.33636680245399475 VAL: 0.2667989730834961
INFO:root:10
Train: 0.3307807147502899 VAL: 0.24712133407592773
INFO:root:11
Train: 0.326972633600235 VAL: 0.24934497475624084
INFO:root:12
Train: 0.32317933440208435 VAL: 0.2491205930709839
INFO:root:13
Train: 0.3198392391204834 VAL: 0.2529914081096649
INFO:root:14
Train: 0.31935152411460876 VAL: 0.2749920189380646
INFO:root:15
Train: 0.3190831243991852 VAL: 0.24736544489860535
INFO:root:16
Train: 0.3289617896080017 VAL: 0.24148347973823547
INFO:root:17
Train: 0.3229011595249176 VAL: 0.2513868510723114
INFO:root:18
Train: 0.32246941328048706 VAL: 0.24704566597938538
INFO:root:19
Train: 0.31378433108329773 VAL: 0.24715857207775116
INFO:root:20
Train: 0.31647390127182007 VAL: 0.2411184012889862
INFO:root:21
Train: 0.3194185495376587 VAL: 0.24463041126728058
INFO:root:22
Train: 0.32013705372810364 VAL: 0.24648740887641907
INFO:root:23
Train: 0.3014388382434845 VAL: 0.24466705322265625
INFO:root:24
Train: 0.31970155239105225 VAL: 0.24390116333961487
INFO:root:25
Train: 0.3233253061771393 VAL: 0.25845587253570557
INFO:root:26
Train: 0.32143858075141907 VAL: 0.24160172045230865
INFO:root:27
Train: 0.3180271089076996 VAL: 0.24833424389362335
INFO:root:28
Train: 0.3166210353374481 VAL: 0.24115915596485138
INFO:root:29
Train: 0.3205598294734955 VAL: 0.24032467603683472
INFO:root:30
Train: 0.32190337777137756 VAL: 0.23923537135124207
INFO:root:31
Train: 0.31546369194984436 VAL: 0.24683812260627747
INFO:root:32
Train: 0.3115197718143463 VAL: 0.2546517848968506
INFO:root:33
Train: 0.29136109352111816 VAL: 0.24216225743293762
INFO:root:34
Train: 0.2954847514629364 VAL: 0.24436664581298828
INFO:root:35
Train: 0.3119805157184601 VAL: 0.25455987453460693
INFO:root:36
Train: 0.31576576828956604 VAL: 0.2381076216697693
INFO:root:37
Train: 0.31600260734558105 VAL: 0.2419303059577942
INFO:root:38
Train: 0.3122769892215729 VAL: 0.2398609220981598
INFO:root:39
Train: 0.3198499083518982 VAL: 0.26338085532188416
INFO:root:40
Train: 0.3188687860965729 VAL: 0.25615546107292175
INFO:root:41
Train: 0.3188925087451935 VAL: 0.2653939723968506
INFO:root:42
Train: 0.32596105337142944 VAL: 0.2372325360774994
INFO:root:43
Train: 0.31282928586006165 VAL: 0.24240881204605103
INFO:root:44
Train: 0.3189751207828522 VAL: 0.2520006597042084
INFO:root:45
Train: 0.31645992398262024 VAL: 0.24707156419754028
INFO:root:46
Train: 0.3112887144088745 VAL: 0.24335436522960663
INFO:root:47
Train: 0.3110390603542328 VAL: 0.23904314637184143
INFO:root:48
Train: 0.305814266204834 VAL: 0.2450072318315506
INFO:root:49
Train: 0.2871863543987274 VAL: 0.23940402269363403
INFO:root:50
Train: 0.30880260467529297 VAL: 0.23949730396270752
INFO:root:51
Train: 0.296178936958313 VAL: 0.23953622579574585
INFO:root:52
Train: 0.30102014541625977 VAL: 0.2514958083629608
INFO:root:53
Train: 0.3029346466064453 VAL: 0.24846315383911133
INFO:root:54
Train: 0.2948726713657379 VAL: 0.23822522163391113
INFO:root:55
Train: 0.31059372425079346 VAL: 0.24271929264068604
INFO:root:56
Train: 0.3031325042247772 VAL: 0.24052369594573975
INFO:root:57
Train: 0.30686667561531067 VAL: 0.23996178805828094
INFO:root:58
Train: 0.3008610010147095 VAL: 0.24011462926864624
INFO:root:59
Train: 0.28544101119041443 VAL: 0.24184753000736237
INFO:root:60
Train: 0.3049042522907257 VAL: 0.2403826117515564
INFO:root:61
Train: 0.28530359268188477 VAL: 0.2364063560962677
INFO:root:62
Train: 0.29404890537261963 VAL: 0.24585045874118805
INFO:root:63
Train: 0.30660203099250793 VAL: 0.24373593926429749
INFO:root:64
Train: 0.2975448668003082 VAL: 0.23720593750476837
INFO:root:65
Train: 0.30173400044441223 VAL: 0.2368149608373642
INFO:root:66
Train: 0.30598729848861694 VAL: 0.24654686450958252
INFO:root:67
Train: 0.30477556586265564 VAL: 0.2414674311876297
INFO:root:68
Train: 0.2750484049320221 VAL: 0.2366154044866562
INFO:root:69
Train: 0.291315495967865 VAL: 0.24748092889785767
INFO:root:70
Train: 0.29932671785354614 VAL: 0.2391137033700943
INFO:root:71
Train: 0.2949833571910858 VAL: 0.24249815940856934
INFO:root:72
Train: 0.28155162930488586 VAL: 0.2422487586736679
INFO:root:73
Train: 0.2936924397945404 VAL: 0.23760056495666504
INFO:root:74
Train: 0.28032994270324707 VAL: 0.24058087170124054
INFO:root:75
Train: 0.27576079964637756 VAL: 0.23843488097190857
INFO:root:76
Train: 0.29792824387550354 VAL: 0.24209819734096527
INFO:root:77
Train: 0.29842492938041687 VAL: 0.2383837103843689
INFO:root:78
Train: 0.3002597689628601 VAL: 0.2392505705356598
INFO:root:79
Train: 0.29778391122817993 VAL: 0.24060501158237457
INFO:root:80
Train: 0.29687872529029846 VAL: 0.24033372104167938
INFO:root:81
Train: 0.279921293258667 VAL: 0.23838171362876892
INFO:root:82
Train: 0.29994702339172363 VAL: 0.2408120036125183
INFO:root:83
Train: 0.29718339443206787 VAL: 0.23976756632328033
INFO:root:84
Train: 0.2965169847011566 VAL: 0.24159255623817444
INFO:root:85
Train: 0.2763572633266449 VAL: 0.23885151743888855
INFO:root:86
Train: 0.29877999424934387 VAL: 0.23940756916999817
INFO:root:87
Train: 0.28911861777305603 VAL: 0.24509553611278534
INFO:root:88
Train: 0.2953689396381378 VAL: 0.23784063756465912
INFO:root:89
Train: 0.2964876592159271 VAL: 0.24314437806606293
INFO:root:90
Train: 0.29140228033065796 VAL: 0.24086512625217438
INFO:root:91
Train: 0.2893477976322174 VAL: 0.23855194449424744
INFO:root:BEST VAL: 0.23855194449424744 TEST : 0.27023711800575256
INFO:root:Namespace(quiet=False, run_id=None, config=None, epochs=200, fold=4, batch_size=128, learn_rate=0.001, betas=(0.9, 0.999), weight_decay=0.001, hidden_size=32, kernel_init='skew-symmetric', note='', seed=None, nlayers=4, attn_head=4, latent_dim=64, dataset='ushcn')
INFO:root:{'input_dim': 5, 'attn_head': 4, 'latent_dim': 64, 'n_layers': 4, 'device': device(type='cuda')}
INFO:root:1
Train: 0.9118542075157166 VAL: 0.4839603304862976
INFO:root:2
Train: 0.5675686001777649 VAL: 0.40350207686424255
INFO:root:3
Train: 0.4407036006450653 VAL: 0.2847186326980591
INFO:root:4
Train: 0.37083497643470764 VAL: 0.27452054619789124
INFO:root:5
Train: 0.3396461308002472 VAL: 0.2632746696472168
INFO:root:6
Train: 0.336478590965271 VAL: 0.25138989090919495
INFO:root:7
Train: 0.33123865723609924 VAL: 0.24953019618988037
INFO:root:8
Train: 0.33656397461891174 VAL: 0.2619878053665161
INFO:root:9
Train: 0.343171089887619 VAL: 0.26882123947143555
INFO:root:10
Train: 0.3186820447444916 VAL: 0.25192955136299133
INFO:root:11
Train: 0.3382914364337921 VAL: 0.24886992573738098
INFO:root:12
Train: 0.32858502864837646 VAL: 0.26799070835113525
INFO:root:13
Train: 0.3306070864200592 VAL: 0.25688162446022034
INFO:root:14
Train: 0.32760414481163025 VAL: 0.2679348587989807
INFO:root:15
Train: 0.33327555656433105 VAL: 0.25067445635795593
INFO:root:16
Train: 0.32441651821136475 VAL: 0.24646714329719543
INFO:root:17
Train: 0.31986430287361145 VAL: 0.24774323403835297
INFO:root:18
Train: 0.31899532675743103 VAL: 0.2631359398365021
INFO:root:19
Train: 0.31605789065361023 VAL: 0.24909278750419617
INFO:root:20
Train: 0.32107314467430115 VAL: 0.243499755859375
INFO:root:21
Train: 0.3193783760070801 VAL: 0.2480330616235733
INFO:root:22
Train: 0.29983094334602356 VAL: 0.2579525411128998
INFO:root:23
Train: 0.316476434469223 VAL: 0.2472345530986786
INFO:root:24
Train: 0.31739136576652527 VAL: 0.24335429072380066
INFO:root:25
Train: 0.31163856387138367 VAL: 0.24337497353553772
INFO:root:26
Train: 0.31180766224861145 VAL: 0.26539844274520874
INFO:root:27
Train: 0.279048889875412 VAL: 0.24719923734664917
INFO:root:28
Train: 0.32132527232170105 VAL: 0.24586722254753113
INFO:root:29
Train: 0.3205336034297943 VAL: 0.24110294878482819
INFO:root:30
Train: 0.3214699327945709 VAL: 0.25443267822265625
INFO:root:31
Train: 0.2970248758792877 VAL: 0.24567025899887085
INFO:root:32
Train: 0.31058409810066223 VAL: 0.2451738715171814
INFO:root:33
Train: 0.2951456606388092 VAL: 0.24839362502098083
INFO:root:34
Train: 0.3148755729198456 VAL: 0.2457035332918167
INFO:root:35
Train: 0.3100998103618622 VAL: 0.2453804761171341
INFO:root:36
Train: 0.3137018382549286 VAL: 0.2424750030040741
INFO:root:37
Train: 0.3112568259239197 VAL: 0.24402588605880737
INFO:root:38
Train: 0.27682873606681824 VAL: 0.24434800446033478
INFO:root:39
Train: 0.31238874793052673 VAL: 0.2435207962989807
INFO:root:40
Train: 0.30769816040992737 VAL: 0.24111011624336243
INFO:root:41
Train: 0.3004523813724518 VAL: 0.24915769696235657
INFO:root:42
Train: 0.3061269223690033 VAL: 0.24301078915596008
INFO:root:43
Train: 0.30654656887054443 VAL: 0.2463415265083313
INFO:root:44
Train: 0.3126004934310913 VAL: 0.24185878038406372
INFO:root:45
Train: 0.3102213442325592 VAL: 0.24337324500083923
INFO:root:46
Train: 0.31026777625083923 VAL: 0.2445504516363144
INFO:root:47
Train: 0.2927328050136566 VAL: 0.24177134037017822
INFO:root:48
Train: 0.3118252754211426 VAL: 0.24681057035923004
INFO:root:49
Train: 0.2911728322505951 VAL: 0.24435536563396454
INFO:root:50
Train: 0.2879267632961273 VAL: 0.24105505645275116
INFO:root:51
Train: 0.31124767661094666 VAL: 0.24481528997421265
INFO:root:52
Train: 0.2968035638332367 VAL: 0.24269872903823853
INFO:root:53
Train: 0.30008170008659363 VAL: 0.24284633994102478
INFO:root:54
Train: 0.3073306977748871 VAL: 0.24508626759052277
INFO:root:55
Train: 0.2896919250488281 VAL: 0.241166353225708
INFO:root:56
Train: 0.3006955683231354 VAL: 0.24708957970142365
INFO:root:57
Train: 0.3012370467185974 VAL: 0.24559800326824188
INFO:root:58
Train: 0.3076806962490082 VAL: 0.24194014072418213
INFO:root:59
Train: 0.3060762286186218 VAL: 0.24501021206378937
INFO:root:60
Train: 0.29968562722206116 VAL: 0.24472853541374207
INFO:root:61
Train: 0.3077320158481598 VAL: 0.24772760272026062
INFO:root:62
Train: 0.30743712186813354 VAL: 0.23820768296718597
INFO:root:63
Train: 0.29925426840782166 VAL: 0.2448461949825287
INFO:root:64
Train: 0.3061162233352661 VAL: 0.24066735804080963
INFO:root:65
Train: 0.27341359853744507 VAL: 0.24134624004364014
INFO:root:66
Train: 0.2883695662021637 VAL: 0.2431705892086029
INFO:root:67
Train: 0.2861383259296417 VAL: 0.24115890264511108
INFO:root:68
Train: 0.30898526310920715 VAL: 0.2432040274143219
INFO:root:69
Train: 0.2888924181461334 VAL: 0.24012093245983124
INFO:root:70
Train: 0.2960694134235382 VAL: 0.2426489293575287
INFO:root:71
Train: 0.30182164907455444 VAL: 0.24157866835594177
INFO:root:72
Train: 0.3022063076496124 VAL: 0.2424999177455902
INFO:root:73
Train: 0.30156615376472473 VAL: 0.23937949538230896
INFO:root:74
Train: 0.30310627818107605 VAL: 0.24184928834438324
INFO:root:75
Train: 0.3023529350757599 VAL: 0.2424752414226532
INFO:root:76
Train: 0.2948559522628784 VAL: 0.2397841215133667
INFO:root:77
Train: 0.3004988133907318 VAL: 0.2416306436061859
INFO:root:78
Train: 0.30670127272605896 VAL: 0.2445593774318695
INFO:root:79
Train: 0.29481402039527893 VAL: 0.24049848318099976
INFO:root:80
Train: 0.30264973640441895 VAL: 0.24067740142345428
INFO:root:81
Train: 0.2958849370479584 VAL: 0.24014981091022491
INFO:root:82
Train: 0.29995572566986084 VAL: 0.2423831820487976
INFO:root:83
Train: 0.30243119597435 VAL: 0.24114371836185455
INFO:root:84
Train: 0.2806452810764313 VAL: 0.23974591493606567
INFO:root:85
Train: 0.30389663577079773 VAL: 0.24157650768756866
INFO:root:86
Train: 0.3041281998157501 VAL: 0.24163246154785156
INFO:root:87
Train: 0.29780033230781555 VAL: 0.24047225713729858
INFO:root:88
Train: 0.2872835397720337 VAL: 0.2415739744901657
INFO:root:89
Train: 0.3056545555591583 VAL: 0.24120976030826569
INFO:root:90
Train: 0.2995203137397766 VAL: 0.24124830961227417
INFO:root:91
Train: 0.30023983120918274 VAL: 0.24162539839744568
INFO:root:92
Train: 0.3056187629699707 VAL: 0.24000859260559082
INFO:root:BEST VAL: 0.24000859260559082 TEST : 0.3435806334018707
INFO:root:Namespace(quiet=False, run_id=None, config=None, epochs=200, fold=4, batch_size=64, learn_rate=0.001, betas=(0.9, 0.999), weight_decay=0.001, hidden_size=32, kernel_init='skew-symmetric', note='', seed=None, nlayers=4, attn_head=4, latent_dim=64, dataset='mimiciv')
INFO:root:{'input_dim': 100, 'attn_head': 4, 'latent_dim': 64, 'n_layers': 4, 'device': device(type='cuda')}
INFO:root:1
Train: 0.36016368865966797 VAL: 0.31289541721343994
INFO:root:2
Train: 0.2976725697517395 VAL: 0.28164756298065186
INFO:root:3
Train: 0.26679888367652893 VAL: 0.2635594308376312
INFO:root:4
Train: 0.25950539112091064 VAL: 0.2556266784667969
INFO:root:5
Train: 0.25041472911834717 VAL: 0.2514449954032898
INFO:root:6
Train: 0.24660730361938477 VAL: 0.24921679496765137
INFO:root:7
Train: 0.2453867644071579 VAL: 0.25422993302345276
INFO:root:8
Train: 0.24258120357990265 VAL: 0.24639514088630676
INFO:root:9
Train: 0.2371978759765625 VAL: 0.240946963429451
INFO:root:10
Train: 0.238496333360672 VAL: 0.23922385275363922
INFO:root:11
Train: 0.23677799105644226 VAL: 0.2388421595096588
INFO:root:12
Train: 0.23062016069889069 VAL: 0.24229587614536285
INFO:root:13
Train: 0.22902019321918488 VAL: 0.24067869782447815
INFO:root:14
Train: 0.22841793298721313 VAL: 0.2361329346895218
INFO:root:15
Train: 0.22862578928470612 VAL: 0.23960499465465546
INFO:root:16
Train: 0.22550663352012634 VAL: 0.2336466759443283
INFO:root:17
Train: 0.22363333404064178 VAL: 0.23400914669036865
INFO:root:18
Train: 0.22175240516662598 VAL: 0.2373219132423401
INFO:root:19
Train: 0.22174380719661713 VAL: 0.23793889582157135
INFO:root:20
Train: 0.2180134654045105 VAL: 0.23243111371994019
INFO:root:21
Train: 0.21585941314697266 VAL: 0.22946316003799438
INFO:root:22
Train: 0.21632090210914612 VAL: 0.23415419459342957
INFO:root:23
Train: 0.21202406287193298 VAL: 0.23362144827842712
INFO:root:24
Train: 0.21199609339237213 VAL: 0.2282913625240326
INFO:root:25
Train: 0.21219930052757263 VAL: 0.22975417971611023
INFO:root:26
Train: 0.20954984426498413 VAL: 0.22974970936775208
INFO:root:27
Train: 0.2077159583568573 VAL: 0.23932382464408875
INFO:root:28
Train: 0.20399914681911469 VAL: 0.23088990151882172
INFO:root:29
Train: 0.2046295404434204 VAL: 0.2365180253982544
INFO:root:30
Train: 0.2037394642829895 VAL: 0.23548853397369385
INFO:root:31
Train: 0.2029372751712799 VAL: 0.22744059562683105
INFO:root:32
Train: 0.1966339349746704 VAL: 0.2336016148328781
INFO:root:33
Train: 0.19593720138072968 VAL: 0.23529867827892303
INFO:root:34
Train: 0.19432015717029572 VAL: 0.23070023953914642
INFO:root:35
Train: 0.19628284871578217 VAL: 0.23429761826992035
INFO:root:36
Train: 0.19148753583431244 VAL: 0.23534603416919708
INFO:root:37
Train: 0.18786340951919556 VAL: 0.23525388538837433
INFO:root:38
Train: 0.18307197093963623 VAL: 0.23646202683448792
INFO:root:39
Train: 0.18423616886138916 VAL: 0.2332078218460083
INFO:root:40
Train: 0.18302956223487854 VAL: 0.23711204528808594
INFO:root:41
Train: 0.17804113030433655 VAL: 0.2354486882686615
INFO:root:42
Train: 0.17842575907707214 VAL: 0.23830954730510712
INFO:root:43
Train: 0.1604839265346527 VAL: 0.23532983660697937
INFO:root:44
Train: 0.15181945264339447 VAL: 0.23533709347248077
INFO:root:45
Train: 0.1454295665025711 VAL: 0.24195200204849243
INFO:root:46
Train: 0.14240191876888275 VAL: 0.24421101808547974
INFO:root:47
Train: 0.138236865401268 VAL: 0.24250531196594238
INFO:root:48
Train: 0.1359865516424179 VAL: 0.2470795065164566
INFO:root:49
Train: 0.13151167333126068 VAL: 0.24859385192394257
INFO:root:50
Train: 0.12878410518169403 VAL: 0.24748341739177704
INFO:root:51
Train: 0.12554210424423218 VAL: 0.2493787258863449
INFO:root:52
Train: 0.12168855965137482 VAL: 0.2530600130558014
INFO:root:53
Train: 0.11733443289995193 VAL: 0.2588682770729065
INFO:root:54
Train: 0.10635969042778015 VAL: 0.2547699213027954
INFO:root:55
Train: 0.09994956851005554 VAL: 0.26215678453445435
INFO:root:56
Train: 0.09617913514375687 VAL: 0.26128897070884705
INFO:root:57
Train: 0.09359356015920639 VAL: 0.26175063848495483
INFO:root:58
Train: 0.09163280576467514 VAL: 0.26513901352882385
INFO:root:59
Train: 0.090046726167202 VAL: 0.2682759761810303
INFO:root:60
Train: 0.08751018345355988 VAL: 0.26760774850845337
INFO:root:61
Train: 0.08510523289442062 VAL: 0.2751026749610901
INFO:root:BEST VAL: 0.2751026749610901 TEST : 0.22859728336334229
