INFO:root:Namespace(quiet=False, run_id=None, config=None, epochs=200, fold=0, batch_size=128, learn_rate=0.001, betas=(0.9, 0.999), weight_decay=0.001, hidden_size=32, kernel_init='skew-symmetric', note='', seed=None, nlayers=3, attn_head=4, latent_dim=32, dataset='ushcn')
INFO:root:{'input_dim': 5, 'attn_head': 4, 'latent_dim': 32, 'n_layers': 3, 'device': device(type='cuda')}
INFO:root:1
Train: 0.6518476009368896 VAL: 0.758281946182251
INFO:root:2
Train: 0.5638671517372131 VAL: 0.6907531023025513
INFO:root:3
Train: 0.5301777720451355 VAL: 0.5490293502807617
INFO:root:4
Train: 0.44961878657341003 VAL: 0.3665819764137268
INFO:root:5
Train: 0.35510167479515076 VAL: 0.6056819558143616
INFO:root:6
Train: 0.33931195735931396 VAL: 0.42612388730049133
INFO:root:7
Train: 0.32567402720451355 VAL: 0.45896050333976746
INFO:root:8
Train: 0.3280934989452362 VAL: 0.7343761324882507
INFO:root:9
Train: 0.3023063838481903 VAL: 0.8621271252632141
INFO:root:10
Train: 0.3013204336166382 VAL: 0.6614802479743958
INFO:root:11
Train: 0.306336909532547 VAL: 0.6150369644165039
INFO:root:12
Train: 0.3128252327442169 VAL: 0.7806538939476013
INFO:root:13
Train: 0.31891298294067383 VAL: 0.7167203426361084
INFO:root:14
Train: 0.32061415910720825 VAL: 0.6055577993392944
INFO:root:15
Train: 0.31230780482292175 VAL: 0.5569546222686768
INFO:root:16
Train: 0.29806575179100037 VAL: 0.5336677432060242
INFO:root:17
Train: 0.3101005256175995 VAL: 0.48191818594932556
INFO:root:18
Train: 0.30797359347343445 VAL: 0.5125541687011719
INFO:root:19
Train: 0.30608466267585754 VAL: 0.5182066559791565
INFO:root:20
Train: 0.30677229166030884 VAL: 0.47806286811828613
INFO:root:21
Train: 0.31034234166145325 VAL: 0.432171106338501
INFO:root:22
Train: 0.3115440309047699 VAL: 0.43497467041015625
INFO:root:23
Train: 0.30751731991767883 VAL: 0.4299308955669403
INFO:root:24
Train: 0.3081921637058258 VAL: 0.43483591079711914
INFO:root:25
Train: 0.30933141708374023 VAL: 0.4131624400615692
INFO:root:26
Train: 0.3046979010105133 VAL: 0.3933160901069641
INFO:root:27
Train: 0.290418416261673 VAL: 0.40367090702056885
INFO:root:28
Train: 0.2974584698677063 VAL: 0.4091845154762268
INFO:root:29
Train: 0.3054783344268799 VAL: 0.3927672207355499
INFO:root:30
Train: 0.30512598156929016 VAL: 0.3944210112094879
INFO:root:31
Train: 0.30396568775177 VAL: 0.3823416829109192
INFO:root:32
Train: 0.30711543560028076 VAL: 0.3737437129020691
INFO:root:33
Train: 0.30171269178390503 VAL: 0.3773476481437683
INFO:root:34
Train: 0.2887677848339081 VAL: 0.3656361401081085
INFO:root:35
Train: 0.30559107661247253 VAL: 0.3655513823032379
INFO:root:36
Train: 0.28755900263786316 VAL: 0.35501018166542053
INFO:root:37
Train: 0.28357595205307007 VAL: 0.3532319664955139
INFO:root:Namespace(quiet=False, run_id=None, config=None, epochs=200, fold=0, batch_size=128, learn_rate=0.001, betas=(0.9, 0.999), weight_decay=0.001, hidden_size=32, kernel_init='skew-symmetric', note='', seed=None, nlayers=3, attn_head=4, latent_dim=32, dataset='ushcn')
INFO:root:{'input_dim': 5, 'attn_head': 4, 'latent_dim': 32, 'n_layers': 3, 'device': device(type='cuda')}
INFO:root:1
Train: 0.6595565676689148 VAL: 0.748786211013794
INFO:root:2
Train: 0.5756971836090088 VAL: 0.6626365184783936
INFO:root:3
Train: 0.5169286131858826 VAL: 0.5168176889419556
INFO:root:4
Train: 0.42697811126708984 VAL: 0.3686099946498871
INFO:root:5
Train: 0.3371486961841583 VAL: 0.5880894064903259
INFO:root:6
Train: 0.33787551522254944 VAL: 0.8066040873527527
INFO:root:7
Train: 0.3334916830062866 VAL: 0.7036094665527344
INFO:root:8
Train: 0.32659831643104553 VAL: 1.027780294418335
INFO:root:9
Train: 0.32398951053619385 VAL: 1.1673485040664673
INFO:root:10
Train: 0.3145805299282074 VAL: 0.5296506881713867
INFO:root:11
Train: 0.31847861409187317 VAL: 0.46413087844848633
INFO:root:12
Train: 0.31523397564888 VAL: 0.584862232208252
INFO:root:13
Train: 0.30255022644996643 VAL: 0.895548403263092
INFO:root:14
Train: 0.3003210127353668 VAL: 1.1124662160873413
INFO:root:15
Train: 0.3184245824813843 VAL: 0.7542480230331421
INFO:root:16
Train: 0.2992725074291229 VAL: 0.732817530632019
INFO:root:17
Train: 0.2935602366924286 VAL: 0.7080574631690979
INFO:root:18
Train: 0.2857702076435089 VAL: 0.8952928185462952
INFO:root:19
Train: 0.3099660575389862 VAL: 0.7039176225662231
INFO:root:20
Train: 0.30992045998573303 VAL: 0.6772884130477905
INFO:root:21
Train: 0.30968910455703735 VAL: 0.653761625289917
INFO:root:22
Train: 0.309306263923645 VAL: 0.6219121813774109
INFO:root:23
Train: 0.3093763291835785 VAL: 0.5691332817077637
INFO:root:24
Train: 0.2989955246448517 VAL: 0.552254319190979
INFO:root:25
Train: 0.3098137080669403 VAL: 0.5421510934829712
INFO:root:26
Train: 0.3103216290473938 VAL: 0.5889590382575989
INFO:root:27
Train: 0.3089216947555542 VAL: 0.5831365585327148
INFO:root:28
Train: 0.30554601550102234 VAL: 0.5633494257926941
INFO:root:29
Train: 0.3079216182231903 VAL: 0.5478904247283936
INFO:root:30
Train: 0.3096410930156708 VAL: 0.5664722323417664
INFO:root:31
Train: 0.30414167046546936 VAL: 0.5595574378967285
INFO:root:32
Train: 0.30699658393859863 VAL: 0.5676276683807373
INFO:root:33
Train: 0.3033415675163269 VAL: 0.5648630857467651
INFO:root:34
Train: 0.297840416431427 VAL: 0.5590513348579407
INFO:root:Namespace(quiet=False, run_id=None, config=None, epochs=200, fold=0, batch_size=128, learn_rate=0.001, betas=(0.9, 0.999), weight_decay=0.001, hidden_size=32, kernel_init='skew-symmetric', note='', seed=None, nlayers=3, attn_head=4, latent_dim=32, dataset='ushcn')
INFO:root:{'input_dim': 5, 'attn_head': 4, 'latent_dim': 32, 'n_layers': 3, 'device': device(type='cuda')}
INFO:root:1
Train: 0.7974125742912292 VAL: 0.7699334621429443
INFO:root:2
Train: 0.6166836023330688 VAL: 0.6809191703796387
INFO:root:3
Train: 0.5640085935592651 VAL: 0.584069550037384
INFO:root:4
Train: 0.4897754192352295 VAL: 0.4185461401939392
INFO:root:5
Train: 0.40329012274742126 VAL: 0.5170935392379761
INFO:root:6
Train: 0.32464799284935 VAL: 0.5856809616088867
INFO:root:7
Train: 0.3297959566116333 VAL: 0.44564297795295715
INFO:root:8
Train: 0.3237672746181488 VAL: 0.4683888554573059
INFO:root:9
Train: 0.3220524787902832 VAL: 0.573783278465271
INFO:root:10
Train: 0.31731805205345154 VAL: 0.9143580198287964
INFO:root:11
Train: 0.30958011746406555 VAL: 0.870206356048584
INFO:root:12
Train: 0.3156549632549286 VAL: 0.8470709323883057
INFO:root:13
Train: 0.2952357828617096 VAL: 1.0530729293823242
INFO:root:14
Train: 0.2842668890953064 VAL: 0.6550394892692566
INFO:root:15
Train: 0.31488722562789917 VAL: 0.6674095988273621
INFO:root:16
Train: 0.306183397769928 VAL: 0.6565574407577515
INFO:root:17
Train: 0.309163898229599 VAL: 0.7517249584197998
INFO:root:18
Train: 0.3136506974697113 VAL: 0.7565774917602539
INFO:root:19
Train: 0.308106392621994 VAL: 0.7561638951301575
INFO:root:20
Train: 0.31121885776519775 VAL: 0.7062837481498718
INFO:root:21
Train: 0.30667439103126526 VAL: 0.6685957908630371
INFO:root:22
Train: 0.3045879900455475 VAL: 0.6620534658432007
INFO:root:23
Train: 0.3075971305370331 VAL: 0.7162258625030518
INFO:root:24
Train: 0.3075786530971527 VAL: 0.6858119368553162
INFO:root:25
Train: 0.3095111548900604 VAL: 0.6680189371109009
INFO:root:26
Train: 0.30949974060058594 VAL: 0.667603611946106
INFO:root:27
Train: 0.304177850484848 VAL: 0.6967974901199341
INFO:root:28
Train: 0.29292234778404236 VAL: 0.6438940167427063
INFO:root:29
Train: 0.30374133586883545 VAL: 0.6536198854446411
INFO:root:30
Train: 0.30580857396125793 VAL: 0.6591176986694336
INFO:root:31
Train: 0.28702792525291443 VAL: 0.6691405773162842
INFO:root:32
Train: 0.28089091181755066 VAL: 0.6746219992637634
INFO:root:33
Train: 0.3071816861629486 VAL: 0.6587833166122437
INFO:root:34
Train: 0.28767505288124084 VAL: 0.6582862734794617
INFO:root:BEST VAL: 0.6582862734794617 TEST : 0.2581489384174347
INFO:root:Namespace(quiet=False, run_id=None, config=None, epochs=200, fold=0, batch_size=64, learn_rate=0.001, betas=(0.9, 0.999), weight_decay=0.001, hidden_size=32, kernel_init='skew-symmetric', note='', seed=None, nlayers=3, attn_head=4, latent_dim=32, dataset='mimiciii')
INFO:root:{'input_dim': 96, 'attn_head': 4, 'latent_dim': 32, 'n_layers': 3, 'device': device(type='cuda')}
INFO:root:1
Train: 0.5725204348564148 VAL: 0.5563010573387146
INFO:root:2
Train: 0.5266230702400208 VAL: 0.5278443098068237
INFO:root:3
Train: 0.4989190697669983 VAL: 0.5047765970230103
INFO:root:4
Train: 0.4967258870601654 VAL: 0.4949771761894226
INFO:root:5
Train: 0.46557122468948364 VAL: 0.4751130938529968
INFO:root:6
Train: 0.43793755769729614 VAL: 0.4784129559993744
INFO:root:7
Train: 0.4597737491130829 VAL: 0.4534797668457031
INFO:root:8
Train: 0.44339925050735474 VAL: 0.44448453187942505
INFO:root:9
Train: 0.41275253891944885 VAL: 0.4396679401397705
INFO:root:10
Train: 0.4084779620170593 VAL: 0.439574658870697
INFO:root:11
Train: 0.409073144197464 VAL: 0.43282467126846313
INFO:root:12
Train: 0.4015238583087921 VAL: 0.42506861686706543
INFO:root:13
Train: 0.39942583441734314 VAL: 0.4314268231391907
INFO:root:14
Train: 0.40164250135421753 VAL: 0.4278638958930969
INFO:root:15
Train: 0.3993666470050812 VAL: 0.4241184592247009
INFO:root:16
Train: 0.40085476636886597 VAL: 0.428673654794693
INFO:root:17
Train: 0.40296944975852966 VAL: 0.5063871145248413
INFO:root:18
Train: 0.41381973028182983 VAL: 0.43278390169143677
INFO:root:19
Train: 0.4075111746788025 VAL: 0.42090940475463867
INFO:root:20
Train: 0.3967319428920746 VAL: 0.42797374725341797
INFO:root:21
Train: 0.39214518666267395 VAL: 0.41733112931251526
INFO:root:22
Train: 0.38816115260124207 VAL: 0.4167620837688446
INFO:root:23
Train: 0.3893512487411499 VAL: 0.41652151942253113
INFO:root:24
Train: 0.38530629873275757 VAL: 0.414037823677063
INFO:root:25
Train: 0.38133350014686584 VAL: 0.4139258861541748
INFO:root:26
Train: 0.38151484727859497 VAL: 0.4187636971473694
INFO:root:27
Train: 0.38017141819000244 VAL: 0.41665199398994446
INFO:root:28
Train: 0.3806758522987366 VAL: 0.40999674797058105
INFO:root:29
Train: 0.3804624676704407 VAL: 0.4202533960342407
INFO:root:30
Train: 0.38194048404693604 VAL: 0.4090144634246826
INFO:root:31
Train: 0.37630364298820496 VAL: 0.4200451374053955
INFO:root:32
Train: 0.3768598139286041 VAL: 0.4121243953704834
INFO:root:33
Train: 0.37365493178367615 VAL: 0.41099923849105835
INFO:root:34
Train: 0.3735755980014801 VAL: 0.40986692905426025
INFO:root:35
Train: 0.3690042793750763 VAL: 0.409423291683197
INFO:root:36
Train: 0.3669348657131195 VAL: 0.4068417549133301
INFO:root:37
Train: 0.3654940724372864 VAL: 0.41046300530433655
INFO:root:38
Train: 0.3658975660800934 VAL: 0.4202881157398224
INFO:root:39
Train: 0.36966848373413086 VAL: 0.4057922661304474
INFO:root:40
Train: 0.3634912371635437 VAL: 0.40899351239204407
INFO:root:41
Train: 0.37586063146591187 VAL: 0.4082218408584595
INFO:root:42
Train: 0.37038350105285645 VAL: 0.4160151779651642
INFO:root:43
Train: 0.40862467885017395 VAL: 0.4423154890537262
INFO:root:44
Train: 0.3997413218021393 VAL: 0.4163089394569397
INFO:root:45
Train: 0.37723207473754883 VAL: 0.4073737561702728
INFO:root:46
Train: 0.3666428327560425 VAL: 0.4054301679134369
INFO:root:47
Train: 0.3644215762615204 VAL: 0.4073580205440521
INFO:root:48
Train: 0.36160725355148315 VAL: 0.406558632850647
INFO:root:49
Train: 0.3573489189147949 VAL: 0.4051206707954407
INFO:root:50
Train: 0.3575880527496338 VAL: 0.40590745210647583
INFO:root:51
Train: 0.3559088408946991 VAL: 0.4005761742591858
INFO:root:52
Train: 0.3547685444355011 VAL: 0.40633028745651245
INFO:root:53
Train: 0.34952282905578613 VAL: 0.4049004316329956
INFO:root:54
Train: 0.3517366051673889 VAL: 0.4057912826538086
INFO:root:55
Train: 0.3554283678531647 VAL: 0.40520191192626953
INFO:root:56
Train: 0.3507532775402069 VAL: 0.4017963409423828
INFO:root:57
Train: 0.3488357663154602 VAL: 0.40794551372528076
INFO:root:58
Train: 0.35551154613494873 VAL: 0.40576857328414917
INFO:root:59
Train: 0.34612134099006653 VAL: 0.40873461961746216
INFO:root:60
Train: 0.3493061065673828 VAL: 0.4080231785774231
INFO:root:61
Train: 0.3493853807449341 VAL: 0.42017462849617004
INFO:root:62
Train: 0.3527374565601349 VAL: 0.40539681911468506
INFO:root:63
Train: 0.33994948863983154 VAL: 0.40827256441116333
INFO:root:64
Train: 0.33562836050987244 VAL: 0.40573590993881226
INFO:root:65
Train: 0.3320799767971039 VAL: 0.4055938124656677
INFO:root:66
Train: 0.32785412669181824 VAL: 0.4045122265815735
INFO:root:67
Train: 0.3258472681045532 VAL: 0.39977094531059265
INFO:root:68
Train: 0.32705941796302795 VAL: 0.40459492802619934
INFO:root:69
Train: 0.3237735331058502 VAL: 0.40306970477104187
INFO:root:70
Train: 0.3214011788368225 VAL: 0.4164625406265259
INFO:root:71
Train: 0.32064276933670044 VAL: 0.4040655791759491
INFO:root:72
Train: 0.3189623951911926 VAL: 0.41349101066589355
INFO:root:73
Train: 0.3165975511074066 VAL: 0.40516483783721924
INFO:root:74
Train: 0.31586867570877075 VAL: 0.4068679213523865
INFO:root:75
Train: 0.31221842765808105 VAL: 0.4170842170715332
INFO:root:76
Train: 0.31371641159057617 VAL: 0.4050428569316864
INFO:root:77
Train: 0.31047266721725464 VAL: 0.4052765667438507
INFO:root:78
Train: 0.30806246399879456 VAL: 0.4149763882160187
INFO:root:79
Train: 0.2989780008792877 VAL: 0.4079292416572571
INFO:root:80
Train: 0.2967173159122467 VAL: 0.40936192870140076
INFO:root:81
Train: 0.29569414258003235 VAL: 0.4136137366294861
INFO:root:82
Train: 0.2942415475845337 VAL: 0.41712474822998047
INFO:root:83
Train: 0.29305267333984375 VAL: 0.41361135244369507
INFO:root:84
Train: 0.2914374768733978 VAL: 0.4188959300518036
INFO:root:85
Train: 0.29363974928855896 VAL: 0.4157906174659729
INFO:root:86
Train: 0.2896789312362671 VAL: 0.41772234439849854
INFO:root:87
Train: 0.2889551818370819 VAL: 0.4137091338634491
INFO:root:88
Train: 0.28717052936553955 VAL: 0.4143398106098175
INFO:root:89
Train: 0.28710973262786865 VAL: 0.418093204498291
INFO:root:90
Train: 0.2800704836845398 VAL: 0.41956815123558044
INFO:root:91
Train: 0.27869337797164917 VAL: 0.41773706674575806
INFO:root:92
Train: 0.2777414321899414 VAL: 0.41987308859825134
INFO:root:93
Train: 0.2775459885597229 VAL: 0.42003023624420166
INFO:root:94
Train: 0.27828800678253174 VAL: 0.41996997594833374
INFO:root:95
Train: 0.27627021074295044 VAL: 0.42593055963516235
INFO:root:96
Train: 0.27576205134391785 VAL: 0.42548829317092896
INFO:root:97
Train: 0.2755146026611328 VAL: 0.42478397488594055
INFO:root:BEST VAL: 0.42478397488594055 TEST : 0.3503859043121338
