INFO:root:Namespace(quiet=False, run_id=None, config=None, epochs=200, fold=0, batch_size=64, learn_rate=0.001, betas=(0.9, 0.999), weight_decay=0.001, hidden_size=32, kernel_init='skew-symmetric', note='', seed=None, nlayers=4, attn_head=2, latent_dim=64, dataset='mimiciii')
INFO:root:{'input_dim': 96, 'attn_head': 2, 'latent_dim': 64, 'n_layers': 4, 'device': device(type='cuda')}
INFO:root:1
Train: 0.5939957499504089 VAL: 0.551518440246582
INFO:root:2
Train: 0.5225788354873657 VAL: 0.4821726977825165
INFO:root:3
Train: 0.44510766863822937 VAL: 0.4667820930480957
INFO:root:4
Train: 0.45336928963661194 VAL: 0.6033145189285278
INFO:root:5
Train: 0.5070825219154358 VAL: 0.5027357935905457
INFO:root:6
Train: 0.4881192743778229 VAL: 0.4587969481945038
INFO:root:7
Train: 0.42091605067253113 VAL: 0.43252432346343994
INFO:root:8
Train: 0.566483736038208 VAL: 0.44498181343078613
INFO:root:9
Train: 0.41823211312294006 VAL: 0.434969961643219
INFO:root:10
Train: 0.4087427258491516 VAL: 0.4299573600292206
INFO:root:11
Train: 0.4258362054824829 VAL: 0.42225295305252075
INFO:root:12
Train: 0.4376130998134613 VAL: 0.4810744524002075
INFO:root:13
Train: 0.41442814469337463 VAL: 0.42780375480651855
INFO:root:14
Train: 0.4005765914916992 VAL: 0.4179469645023346
INFO:root:15
Train: 0.4099157154560089 VAL: 0.4249042272567749
INFO:root:16
Train: 0.39774301648139954 VAL: 0.42384517192840576
INFO:root:17
Train: 0.41697368025779724 VAL: 0.4267868399620056
INFO:root:18
Train: 0.4013577401638031 VAL: 0.4107859134674072
INFO:root:19
Train: 0.3899030089378357 VAL: 0.40768057107925415
INFO:root:20
Train: 0.3838213086128235 VAL: 0.4151933193206787
INFO:root:21
Train: 0.3901907503604889 VAL: 0.4122076630592346
INFO:root:22
Train: 0.3830358684062958 VAL: 0.4082808494567871
INFO:root:23
Train: 0.3813208341598511 VAL: 0.41725313663482666
INFO:root:24
Train: 0.3952723443508148 VAL: 0.41884082555770874
INFO:root:25
Train: 0.40163010358810425 VAL: 0.4118717908859253
INFO:root:26
Train: 0.4078243672847748 VAL: 0.43945592641830444
INFO:root:27
Train: 0.3970409631729126 VAL: 0.4090108275413513
INFO:root:28
Train: 0.38994497060775757 VAL: 0.41348034143447876
INFO:root:29
Train: 0.38092538714408875 VAL: 0.4142274260520935
INFO:root:30
Train: 0.38638177514076233 VAL: 0.4098445177078247
INFO:root:31
Train: 0.37451276183128357 VAL: 0.4009343385696411
INFO:root:32
Train: 0.3664885461330414 VAL: 0.3999510109424591
INFO:root:33
Train: 0.36684104800224304 VAL: 0.39864426851272583
INFO:root:34
Train: 0.36977168917655945 VAL: 0.40719252824783325
INFO:root:35
Train: 0.36829105019569397 VAL: 0.4005776345729828
INFO:root:36
Train: 0.3626151382923126 VAL: 0.3989350199699402
INFO:root:37
Train: 0.3626512289047241 VAL: 0.40034300088882446
INFO:root:38
Train: 0.3597564101219177 VAL: 0.3985487222671509
INFO:root:39
Train: 0.35545313358306885 VAL: 0.39808380603790283
INFO:root:40
Train: 0.3575921058654785 VAL: 0.4045566916465759
INFO:root:41
Train: 0.36366111040115356 VAL: 0.4018844962120056
INFO:root:42
Train: 0.3627965748310089 VAL: 0.41999906301498413
INFO:root:43
Train: 0.36865663528442383 VAL: 0.40135112404823303
INFO:root:44
Train: 0.37252217531204224 VAL: 0.40216749906539917
INFO:root:45
Train: 0.3660743236541748 VAL: 0.40304264426231384
INFO:root:46
Train: 0.37783557176589966 VAL: 0.4206908345222473
INFO:root:47
Train: 0.37416723370552063 VAL: 0.40035611391067505
INFO:root:48
Train: 0.3682332932949066 VAL: 0.3967323899269104
INFO:root:49
Train: 0.36143219470977783 VAL: 0.40391528606414795
INFO:root:50
Train: 0.35532045364379883 VAL: 0.3922724723815918
INFO:root:51
Train: 0.34886446595191956 VAL: 0.3929046392440796
INFO:root:52
Train: 0.3478306233882904 VAL: 0.3968203663825989
INFO:root:53
Train: 0.3465949296951294 VAL: 0.40074124932289124
INFO:root:54
Train: 0.34627994894981384 VAL: 0.40080294013023376
INFO:root:55
Train: 0.34431472420692444 VAL: 0.4049972891807556
INFO:root:56
Train: 0.34055256843566895 VAL: 0.4002489447593689
INFO:root:57
Train: 0.34595662355422974 VAL: 0.3997935354709625
INFO:root:58
Train: 0.3457254469394684 VAL: 0.39266735315322876
INFO:root:59
Train: 0.3382106125354767 VAL: 0.3968183696269989
INFO:root:60
Train: 0.3480227589607239 VAL: 0.39871466159820557
INFO:root:61
Train: 0.3483438491821289 VAL: 0.3869739770889282
INFO:root:62
Train: 0.3398449420928955 VAL: 0.39170727133750916
INFO:root:63
Train: 0.3345440626144409 VAL: 0.3923106789588928
INFO:root:64
Train: 0.3359076976776123 VAL: 0.3921307325363159
INFO:root:65
Train: 0.3305726647377014 VAL: 0.3962649703025818
INFO:root:66
Train: 0.329851359128952 VAL: 0.396672785282135
INFO:root:67
Train: 0.3299165368080139 VAL: 0.4202481210231781
INFO:root:68
Train: 0.36926746368408203 VAL: 0.4158353805541992
INFO:root:69
Train: 0.34252220392227173 VAL: 0.40619978308677673
INFO:root:70
Train: 0.33605292439460754 VAL: 0.39670711755752563
INFO:root:71
Train: 0.3272434175014496 VAL: 0.3983771502971649
INFO:root:72
Train: 0.32255831360816956 VAL: 0.3966091275215149
INFO:root:73
Train: 0.3121366798877716 VAL: 0.4006316065788269
INFO:root:74
Train: 0.30760058760643005 VAL: 0.4011459946632385
INFO:root:75
Train: 0.30478402972221375 VAL: 0.40319979190826416
INFO:root:76
Train: 0.2997736632823944 VAL: 0.40147775411605835
INFO:root:77
Train: 0.2981552481651306 VAL: 0.4040929079055786
INFO:root:78
Train: 0.29450130462646484 VAL: 0.40731000900268555
INFO:root:79
Train: 0.293499231338501 VAL: 0.4051278829574585
INFO:root:80
Train: 0.2921701967716217 VAL: 0.4104601740837097
INFO:root:81
Train: 0.2916211783885956 VAL: 0.41211944818496704
INFO:root:82
Train: 0.2865779995918274 VAL: 0.4108307361602783
INFO:root:83
Train: 0.28365984559059143 VAL: 0.4190288782119751
INFO:root:84
Train: 0.2748682498931885 VAL: 0.41024067997932434
INFO:root:85
Train: 0.27052056789398193 VAL: 0.41908109188079834
INFO:root:86
Train: 0.26790285110473633 VAL: 0.4118426442146301
INFO:root:87
Train: 0.2657598555088043 VAL: 0.4194954037666321
INFO:root:88
Train: 0.26332107186317444 VAL: 0.4146334230899811
INFO:root:89
Train: 0.26207277178764343 VAL: 0.41865506768226624
INFO:root:90
Train: 0.2595364451408386 VAL: 0.41914796829223633
INFO:root:91
Train: 0.2584213316440582 VAL: 0.4178670048713684
INFO:root:BEST VAL: 0.4178670048713684 TEST : 0.36049073934555054
INFO:root:Namespace(quiet=False, run_id=None, config=None, epochs=200, fold=0, batch_size=64, learn_rate=0.001, betas=(0.9, 0.999), weight_decay=0.001, hidden_size=32, kernel_init='skew-symmetric', note='', seed=None, nlayers=4, attn_head=2, latent_dim=64, dataset='mimiciii')
INFO:root:{'input_dim': 96, 'attn_head': 2, 'latent_dim': 64, 'n_layers': 4, 'device': device(type='cuda')}
INFO:root:1
Train: 0.5708268880844116 VAL: 0.5387007594108582
INFO:root:2
Train: 0.5148171782493591 VAL: 0.5286707878112793
INFO:root:3
Train: 0.5270235538482666 VAL: 0.46258544921875
INFO:root:4
Train: 0.42875707149505615 VAL: 0.4442231059074402
INFO:root:5
Train: 0.42796090245246887 VAL: 0.48252278566360474
INFO:root:6
Train: 0.4336482584476471 VAL: 0.43379080295562744
INFO:root:7
Train: 0.41778168082237244 VAL: 0.4251112937927246
INFO:root:8
Train: 0.4229004979133606 VAL: 0.4296873211860657
INFO:root:9
Train: 0.4114440679550171 VAL: 0.4309020936489105
INFO:root:10
Train: 0.40105295181274414 VAL: 0.41544586420059204
INFO:root:11
Train: 0.3942241668701172 VAL: 0.41271156072616577
INFO:root:12
Train: 0.3917239010334015 VAL: 0.4181261956691742
INFO:root:13
Train: 0.39608320593833923 VAL: 0.42005184292793274
INFO:root:14
Train: 0.4785093665122986 VAL: 0.4450693428516388
INFO:root:15
Train: 0.4386036694049835 VAL: 0.43133604526519775
INFO:root:16
Train: 0.41408929228782654 VAL: 0.4602601230144501
INFO:root:17
Train: 0.4130493998527527 VAL: 0.44926607608795166
INFO:root:18
Train: 0.4032091498374939 VAL: 0.4177272915840149
INFO:root:19
Train: 0.39086273312568665 VAL: 0.414238303899765
INFO:root:20
Train: 0.4080917239189148 VAL: 0.46238628029823303
INFO:root:21
Train: 0.4445209801197052 VAL: 0.43110141158103943
INFO:root:22
Train: 0.411414235830307 VAL: 0.41550424695014954
INFO:root:23
Train: 0.40732306241989136 VAL: 0.4226847290992737
INFO:root:24
Train: 0.3917014002799988 VAL: 0.41008907556533813
INFO:root:25
Train: 0.3869856297969818 VAL: 0.41126006841659546
INFO:root:26
Train: 0.3849015235900879 VAL: 0.42243218421936035
INFO:root:27
Train: 0.3844969570636749 VAL: 0.4093260169029236
INFO:root:28
Train: 0.38516584038734436 VAL: 0.4307916760444641
INFO:root:29
Train: 0.39547204971313477 VAL: 0.40785330533981323
INFO:root:30
Train: 0.3780785799026489 VAL: 0.40659981966018677
INFO:root:31
Train: 0.3801233172416687 VAL: 0.40709298849105835
INFO:root:32
Train: 0.3803712725639343 VAL: 0.40664154291152954
INFO:root:33
Train: 0.37718701362609863 VAL: 0.404256671667099
INFO:root:34
Train: 0.3743766248226166 VAL: 0.4047287702560425
INFO:root:35
Train: 0.3755294978618622 VAL: 0.3983137309551239
INFO:root:36
Train: 0.3758263885974884 VAL: 0.40855929255485535
INFO:root:37
Train: 0.3899671137332916 VAL: 0.41683053970336914
INFO:root:38
Train: 0.3768772780895233 VAL: 0.39623039960861206
INFO:root:39
Train: 0.37383267283439636 VAL: 0.4091898798942566
INFO:root:40
Train: 0.3839469254016876 VAL: 0.4093754291534424
INFO:root:41
Train: 0.3755141496658325 VAL: 0.4057490825653076
INFO:root:42
Train: 0.4247584640979767 VAL: 0.42034465074539185
INFO:root:43
Train: 0.40856242179870605 VAL: 0.415017694234848
INFO:root:44
Train: 0.4096859395503998 VAL: 0.4158755838871002
INFO:root:45
Train: 0.3835240304470062 VAL: 0.41759932041168213
INFO:root:46
Train: 0.3833867907524109 VAL: 0.40381741523742676
INFO:root:47
Train: 0.37971365451812744 VAL: 0.4133138060569763
INFO:root:48
Train: 0.3745063841342926 VAL: 0.3996705114841461
INFO:root:49
Train: 0.3684174418449402 VAL: 0.40480464696884155
INFO:root:50
Train: 0.3625727891921997 VAL: 0.39663803577423096
INFO:root:51
Train: 0.3628239035606384 VAL: 0.4000447988510132
INFO:root:52
Train: 0.35879164934158325 VAL: 0.39549463987350464
INFO:root:53
Train: 0.3577312231063843 VAL: 0.39804449677467346
INFO:root:54
Train: 0.3622913658618927 VAL: 0.4004111886024475
INFO:root:55
Train: 0.35994043946266174 VAL: 0.4000648558139801
INFO:root:56
Train: 0.3558749854564667 VAL: 0.3943496346473694
INFO:root:57
Train: 0.3563617169857025 VAL: 0.39692428708076477
INFO:root:58
Train: 0.35983186960220337 VAL: 0.39465582370758057
INFO:root:59
Train: 0.3606341481208801 VAL: 0.4035853445529938
INFO:root:60
Train: 0.3549698293209076 VAL: 0.39285486936569214
INFO:root:61
Train: 0.35464879870414734 VAL: 0.39305049180984497
INFO:root:62
Train: 0.35292696952819824 VAL: 0.395107239484787
INFO:root:63
Train: 0.35112059116363525 VAL: 0.4000082015991211
INFO:root:64
Train: 0.34993448853492737 VAL: 0.39885279536247253
INFO:root:65
Train: 0.34997987747192383 VAL: 0.39213401079177856
INFO:root:66
Train: 0.3482951521873474 VAL: 0.3914131224155426
INFO:root:67
Train: 0.3505096137523651 VAL: 0.3934626579284668
INFO:root:68
Train: 0.35262778401374817 VAL: 0.4009329676628113
INFO:root:69
Train: 0.3578088879585266 VAL: 0.3917536735534668
INFO:root:70
Train: 0.3519570529460907 VAL: 0.3899916410446167
INFO:root:71
Train: 0.3494412302970886 VAL: 0.39496731758117676
INFO:root:72
Train: 0.34732162952423096 VAL: 0.397771954536438
INFO:root:73
Train: 0.34657952189445496 VAL: 0.39125925302505493
INFO:root:74
Train: 0.3537667691707611 VAL: 0.3903985321521759
INFO:root:75
Train: 0.3480272591114044 VAL: 0.3960612118244171
INFO:root:76
Train: 0.3516826927661896 VAL: 0.39203035831451416
INFO:root:77
Train: 0.3563264310359955 VAL: 0.39328697323799133
INFO:root:78
Train: 0.34683990478515625 VAL: 0.3920459449291229
INFO:root:79
Train: 0.3502165377140045 VAL: 0.3929445147514343
INFO:root:80
Train: 0.340258926153183 VAL: 0.3941882848739624
INFO:root:81
Train: 0.3378406763076782 VAL: 0.3913293480873108
INFO:root:82
Train: 0.3299037218093872 VAL: 0.38560256361961365
INFO:root:83
Train: 0.3308905065059662 VAL: 0.3867592215538025
INFO:root:84
Train: 0.32862454652786255 VAL: 0.39334264397621155
INFO:root:85
Train: 0.32598233222961426 VAL: 0.38703447580337524
INFO:root:86
Train: 0.3252190947532654 VAL: 0.39093005657196045
INFO:root:87
Train: 0.3224685490131378 VAL: 0.39015546441078186
INFO:root:88
Train: 0.32240617275238037 VAL: 0.3937656283378601
INFO:root:89
Train: 0.32186779379844666 VAL: 0.3875523507595062
INFO:root:90
Train: 0.3185747563838959 VAL: 0.39649325609207153
INFO:root:91
Train: 0.3194512128829956 VAL: 0.3942815959453583
INFO:root:92
Train: 0.3167010247707367 VAL: 0.39338433742523193
INFO:root:93
Train: 0.317862868309021 VAL: 0.4002699851989746
INFO:root:94
Train: 0.31252482533454895 VAL: 0.3974664807319641
INFO:root:95
Train: 0.30730995535850525 VAL: 0.39255207777023315
INFO:root:96
Train: 0.3067892789840698 VAL: 0.3969433009624481
INFO:root:97
Train: 0.30700552463531494 VAL: 0.3967571258544922
INFO:root:98
Train: 0.305043488740921 VAL: 0.3983728289604187
INFO:root:99
Train: 0.30452173948287964 VAL: 0.3960567116737366
INFO:root:100
Train: 0.30318665504455566 VAL: 0.3938029706478119
INFO:root:101
Train: 0.30264511704444885 VAL: 0.3978351056575775
INFO:root:102
Train: 0.3007780909538269 VAL: 0.39968129992485046
INFO:root:103
Train: 0.30008238554000854 VAL: 0.40133821964263916
INFO:root:104
Train: 0.29774710536003113 VAL: 0.40460264682769775
INFO:root:105
Train: 0.296217143535614 VAL: 0.396822988986969
INFO:root:106
Train: 0.29391127824783325 VAL: 0.39598697423934937
INFO:root:107
Train: 0.29224926233291626 VAL: 0.3974452316761017
INFO:root:108
Train: 0.29245373606681824 VAL: 0.3969648480415344
INFO:root:109
Train: 0.2936933636665344 VAL: 0.39971110224723816
INFO:root:110
Train: 0.2921566963195801 VAL: 0.3984224498271942
INFO:root:111
Train: 0.29238346219062805 VAL: 0.4051540493965149
INFO:root:112
Train: 0.2917664349079132 VAL: 0.4022190570831299
INFO:root:BEST VAL: 0.4022190570831299 TEST : 0.3523957133293152
