INFO:root:Namespace(quiet=False, run_id=None, config=None, epochs=200, fold=1, batch_size=128, learn_rate=0.001, betas=(0.9, 0.999), weight_decay=0.001, hidden_size=32, kernel_init='skew-symmetric', note='', seed=None, nlayers=2, attn_head=2, latent_dim=128, dataset='ushcn')
INFO:root:{'input_dim': 5, 'attn_head': 2, 'latent_dim': 128, 'n_layers': 2, 'device': device(type='cuda')}
INFO:root:1
Train: 1.939778208732605 VAL: 0.655537486076355
INFO:root:2
Train: 0.6996946334838867 VAL: 0.5962633490562439
INFO:root:3
Train: 0.5828322172164917 VAL: 0.5714424848556519
INFO:root:4
Train: 0.4645470678806305 VAL: 0.39163362979888916
INFO:root:5
Train: 0.3239187002182007 VAL: 0.37047192454338074
INFO:root:6
Train: 0.4022611677646637 VAL: 0.3564192056655884
INFO:root:7
Train: 0.3160149157047272 VAL: 0.3701375424861908
INFO:root:8
Train: 0.36715996265411377 VAL: 0.35369205474853516
INFO:root:9
Train: 0.308671772480011 VAL: 0.3421342670917511
INFO:root:10
Train: 0.275816410779953 VAL: 0.3524523377418518
INFO:root:11
Train: 0.2996732294559479 VAL: 0.3420208692550659
INFO:root:12
Train: 0.2805744707584381 VAL: 0.3371351659297943
INFO:root:13
Train: 0.2709072530269623 VAL: 0.3383858799934387
INFO:root:14
Train: 0.2796882092952728 VAL: 0.3390505015850067
INFO:root:15
Train: 0.2913530766963959 VAL: 0.3466637134552002
INFO:root:16
Train: 0.286794513463974 VAL: 0.33991751074790955
INFO:root:17
Train: 0.2859478294849396 VAL: 0.336703360080719
INFO:root:18
Train: 0.2810116708278656 VAL: 0.3331150710582733
INFO:root:19
Train: 0.2781880795955658 VAL: 0.33560746908187866
INFO:root:20
Train: 0.25169816613197327 VAL: 0.33573082089424133
INFO:root:21
Train: 0.2696487605571747 VAL: 0.33179911971092224
INFO:root:22
Train: 0.27426785230636597 VAL: 0.33389750123023987
INFO:root:23
Train: 0.28071460127830505 VAL: 0.3393469750881195
INFO:root:24
Train: 0.2761146128177643 VAL: 0.332507461309433
INFO:root:25
Train: 0.278294175863266 VAL: 0.33160024881362915
INFO:root:26
Train: 0.2602953016757965 VAL: 0.334702730178833
INFO:root:27
Train: 0.28082942962646484 VAL: 0.3560832142829895
INFO:root:28
Train: 0.2777165472507477 VAL: 0.33612003922462463
INFO:root:29
Train: 0.2756500542163849 VAL: 0.3330634832382202
INFO:root:30
Train: 0.2773186266422272 VAL: 0.33049193024635315
INFO:root:31
Train: 0.27091920375823975 VAL: 0.33267778158187866
INFO:root:32
Train: 0.27076447010040283 VAL: 0.331340491771698
INFO:root:33
Train: 0.2791260778903961 VAL: 0.3367093503475189
INFO:root:34
Train: 0.2678665220737457 VAL: 0.33505696058273315
INFO:root:35
Train: 0.27390849590301514 VAL: 0.3329067826271057
INFO:root:36
Train: 0.2831374406814575 VAL: 0.32634973526000977
INFO:root:37
Train: 0.36040082573890686 VAL: 0.3728477954864502
INFO:root:38
Train: 0.34632396697998047 VAL: 0.3793363571166992
INFO:root:39
Train: 0.310512900352478 VAL: 0.33029162883758545
INFO:root:40
Train: 0.3438720703125 VAL: 0.3491714596748352
INFO:root:41
Train: 0.3016687035560608 VAL: 0.3583014905452728
INFO:root:42
Train: 0.3483068645000458 VAL: 0.3547862768173218
INFO:root:43
Train: 0.3160608112812042 VAL: 0.3364303410053253
INFO:root:44
Train: 0.2945496737957001 VAL: 0.32980769872665405
INFO:root:45
Train: 0.28315412998199463 VAL: 0.3337315022945404
INFO:root:46
Train: 0.28249654173851013 VAL: 0.3350304365158081
INFO:root:47
Train: 0.2817351818084717 VAL: 0.33355820178985596
INFO:root:48
Train: 0.2774477005004883 VAL: 0.3324683904647827
INFO:root:49
Train: 0.2762936055660248 VAL: 0.330973356962204
INFO:root:50
Train: 0.26927313208580017 VAL: 0.33287736773490906
INFO:root:51
Train: 0.25803741812705994 VAL: 0.33216819167137146
INFO:root:52
Train: 0.27888134121894836 VAL: 0.33054065704345703
INFO:root:53
Train: 0.27798739075660706 VAL: 0.3305595815181732
INFO:root:54
Train: 0.2776021659374237 VAL: 0.32974115014076233
INFO:root:55
Train: 0.27685099840164185 VAL: 0.32959532737731934
INFO:root:56
Train: 0.27307596802711487 VAL: 0.3319089114665985
INFO:root:57
Train: 0.27553731203079224 VAL: 0.3289250433444977
INFO:root:58
Train: 0.2741949260234833 VAL: 0.3318529427051544
INFO:root:59
Train: 0.2757507860660553 VAL: 0.32850319147109985
INFO:root:60
Train: 0.27498605847358704 VAL: 0.33002766966819763
INFO:root:61
Train: 0.26816943287849426 VAL: 0.330914705991745
INFO:root:62
Train: 0.267386257648468 VAL: 0.33115720748901367
INFO:root:63
Train: 0.27510866522789 VAL: 0.3324705958366394
INFO:root:64
Train: 0.2732032537460327 VAL: 0.33085671067237854
INFO:root:65
Train: 0.25728169083595276 VAL: 0.33162298798561096
INFO:root:66
Train: 0.26816439628601074 VAL: 0.330728679895401
INFO:root:BEST VAL: 0.330728679895401 TEST : 0.2467493712902069
INFO:root:Namespace(quiet=False, run_id=None, config=None, epochs=200, fold=1, batch_size=64, learn_rate=0.001, betas=(0.9, 0.999), weight_decay=0.001, hidden_size=32, kernel_init='skew-symmetric', note='', seed=None, nlayers=2, attn_head=2, latent_dim=128, dataset='mimiciii')
INFO:root:{'input_dim': 96, 'attn_head': 2, 'latent_dim': 128, 'n_layers': 2, 'device': device(type='cuda')}
INFO:root:Namespace(quiet=False, run_id=None, config=None, epochs=200, fold=1, batch_size=64, learn_rate=0.001, betas=(0.9, 0.999), weight_decay=0.001, hidden_size=32, kernel_init='skew-symmetric', note='', seed=None, nlayers=2, attn_head=2, latent_dim=128, dataset='mimiciii')
INFO:root:{'input_dim': 96, 'attn_head': 2, 'latent_dim': 128, 'n_layers': 2, 'device': device(type='cuda')}
INFO:root:1
Train: 0.556084394454956 VAL: 0.4704557955265045
INFO:root:1
Train: 0.5651232004165649 VAL: 0.4797922968864441
INFO:root:2
Train: 0.45180436968803406 VAL: 0.4754032492637634
INFO:root:2
Train: 0.44754523038864136 VAL: 0.4483902156352997
INFO:root:3
Train: 0.4187397360801697 VAL: 0.44269412755966187
INFO:root:3
Train: 0.42050033807754517 VAL: 0.43312227725982666
INFO:root:4
Train: 0.41266554594039917 VAL: 0.4285123944282532
INFO:root:4
Train: 0.40976399183273315 VAL: 0.4147953391075134
INFO:root:5
Train: 0.41138163208961487 VAL: 0.41447871923446655
INFO:root:5
Train: 0.4022725522518158 VAL: 0.42139801383018494
INFO:root:6
Train: 0.40021100640296936 VAL: 0.421858549118042
INFO:root:6
Train: 0.4053603410720825 VAL: 0.4272000193595886
INFO:root:7
Train: 0.4056290090084076 VAL: 0.41297751665115356
INFO:root:7
Train: 0.40214967727661133 VAL: 0.42350834608078003
INFO:root:8
Train: 0.39370816946029663 VAL: 0.4083417057991028
INFO:root:8
Train: 0.39699047803878784 VAL: 0.42334121465682983
INFO:root:9
Train: 0.4161539673805237 VAL: 0.4207264184951782
INFO:root:9
Train: 0.3914032578468323 VAL: 0.41423752903938293
INFO:root:10
Train: 0.39502906799316406 VAL: 0.40622884035110474
INFO:root:10
Train: 0.3931385576725006 VAL: 0.41356247663497925
INFO:root:11
Train: 0.3822194039821625 VAL: 0.41254884004592896
INFO:root:11
Train: 0.390335351228714 VAL: 0.40850281715393066
INFO:root:12
Train: 0.3822612166404724 VAL: 0.40215814113616943
INFO:root:12
Train: 0.38431477546691895 VAL: 0.4038846492767334
INFO:root:13
Train: 0.38612136244773865 VAL: 0.4368508458137512
INFO:root:13
Train: 0.3869573175907135 VAL: 0.40435224771499634
INFO:root:14
Train: 0.397215336561203 VAL: 0.421347975730896
INFO:root:14
Train: 0.399434894323349 VAL: 0.4208979606628418
INFO:root:15
Train: 0.3886460065841675 VAL: 0.41204890608787537
INFO:root:15
Train: 0.3824598491191864 VAL: 0.4149923324584961
INFO:root:16
Train: 0.4094897210597992 VAL: 0.4271736145019531
INFO:root:16
Train: 0.3949509263038635 VAL: 0.4080435633659363
INFO:root:17
Train: 0.3846547305583954 VAL: 0.4165705442428589
INFO:root:17
Train: 0.3797464966773987 VAL: 0.40837037563323975
INFO:root:18
Train: 0.38421061635017395 VAL: 0.4095078110694885
INFO:root:18
Train: 0.37566110491752625 VAL: 0.39523619413375854
INFO:root:19
Train: 0.3825242221355438 VAL: 0.39989763498306274
INFO:root:19
Train: 0.37049758434295654 VAL: 0.4022168219089508
INFO:root:20
Train: 0.37733152508735657 VAL: 0.4101788401603699
INFO:root:20
Train: 0.38832297921180725 VAL: 0.40589696168899536
INFO:root:21
Train: 0.38071316480636597 VAL: 0.40415245294570923
INFO:root:21
Train: 0.3746780753135681 VAL: 0.39812225103378296
INFO:root:22
Train: 0.375523179769516 VAL: 0.4060596823692322
INFO:root:22
Train: 0.3695004880428314 VAL: 0.39514902234077454
INFO:root:23
Train: 0.37213870882987976 VAL: 0.41047143936157227
INFO:root:23
Train: 0.36586707830429077 VAL: 0.39638805389404297
INFO:root:24
Train: 0.3792114555835724 VAL: 0.4052252471446991
INFO:root:24
Train: 0.368370920419693 VAL: 0.4041271209716797
INFO:root:25
Train: 0.373475044965744 VAL: 0.402815043926239
INFO:root:25
Train: 0.3673928380012512 VAL: 0.39585211873054504
INFO:root:26
Train: 0.37522637844085693 VAL: 0.4338499903678894
INFO:root:26
Train: 0.36731863021850586 VAL: 0.39540714025497437
INFO:root:27
Train: 0.36890485882759094 VAL: 0.4072830080986023
INFO:root:27
Train: 0.3671853542327881 VAL: 0.3879407048225403
INFO:root:28
Train: 0.37345704436302185 VAL: 0.40266168117523193
INFO:root:28
Train: 0.3630163371562958 VAL: 0.3935047388076782
INFO:root:29
Train: 0.3692118227481842 VAL: 0.41315796971321106
INFO:root:29
Train: 0.36275923252105713 VAL: 0.41236865520477295
INFO:root:30
Train: 0.36414775252342224 VAL: 0.406378835439682
INFO:root:30
Train: 0.3622320890426636 VAL: 0.40138864517211914
INFO:root:31
Train: 0.357025146484375 VAL: 0.396266907453537
INFO:root:31
Train: 0.3582185208797455 VAL: 0.38964319229125977
INFO:root:32
Train: 0.3531172275543213 VAL: 0.4030095636844635
INFO:root:32
Train: 0.35272783041000366 VAL: 0.39063575863838196
INFO:root:33
Train: 0.3514675199985504 VAL: 0.39113059639930725
INFO:root:33
Train: 0.3527398705482483 VAL: 0.40033164620399475
INFO:root:34
Train: 0.34882044792175293 VAL: 0.3950608968734741
INFO:root:34
Train: 0.3575853705406189 VAL: 0.40636396408081055
INFO:root:35
Train: 0.34596478939056396 VAL: 0.3899862766265869
INFO:root:35
Train: 0.36972659826278687 VAL: 0.4029262661933899
INFO:root:36
Train: 0.3433709442615509 VAL: 0.3953854441642761
INFO:root:36
Train: 0.35788655281066895 VAL: 0.3987331688404083
INFO:root:37
Train: 0.3394513428211212 VAL: 0.3917635679244995
INFO:root:37
Train: 0.3515700399875641 VAL: 0.38632452487945557
INFO:root:38
Train: 0.33711060881614685 VAL: 0.398667573928833
INFO:root:38
Train: 0.3500329852104187 VAL: 0.39377546310424805
INFO:root:39
Train: 0.33593782782554626 VAL: 0.39080435037612915
INFO:root:39
Train: 0.341508150100708 VAL: 0.38863667845726013
INFO:root:40
Train: 0.34356889128685 VAL: 0.4040156304836273
INFO:root:40
Train: 0.3409247100353241 VAL: 0.38510194420814514
INFO:root:41
Train: 0.33835816383361816 VAL: 0.3905455768108368
INFO:root:41
Train: 0.33633720874786377 VAL: 0.3888600468635559
INFO:root:42
Train: 0.3329802453517914 VAL: 0.4019697606563568
INFO:root:42
Train: 0.3364224433898926 VAL: 0.38922613859176636
INFO:root:43
Train: 0.3308286964893341 VAL: 0.3929029703140259
INFO:root:43
Train: 0.3438602685928345 VAL: 0.3931812047958374
INFO:root:44
Train: 0.32889923453330994 VAL: 0.40476399660110474
INFO:root:44
Train: 0.3410121500492096 VAL: 0.3938319683074951
INFO:root:45
Train: 0.324251264333725 VAL: 0.4072282314300537
INFO:root:45
Train: 0.3400631248950958 VAL: 0.3864843249320984
INFO:root:46
Train: 0.3207100033760071 VAL: 0.3964858949184418
INFO:root:46
Train: 0.33503174781799316 VAL: 0.3972979187965393
INFO:root:47
Train: 0.3072616159915924 VAL: 0.3997628092765808
INFO:root:47
Train: 0.33249083161354065 VAL: 0.3951372504234314
INFO:root:48
Train: 0.30137455463409424 VAL: 0.40636706352233887
INFO:root:48
Train: 0.3312988877296448 VAL: 0.40008771419525146
INFO:root:49
Train: 0.29887017607688904 VAL: 0.40323784947395325
INFO:root:49
Train: 0.32823446393013 VAL: 0.3914194703102112
INFO:root:50
Train: 0.2939116656780243 VAL: 0.4108452796936035
INFO:root:50
Train: 0.3305699825286865 VAL: 0.40155845880508423
INFO:root:51
Train: 0.2912972867488861 VAL: 0.4086773991584778
INFO:root:51
Train: 0.335262656211853 VAL: 0.39255738258361816
INFO:root:52
Train: 0.2847431004047394 VAL: 0.4122373163700104
INFO:root:52
Train: 0.31761404871940613 VAL: 0.3895576000213623
INFO:root:53
Train: 0.284392386674881 VAL: 0.40955406427383423
INFO:root:53
Train: 0.305439829826355 VAL: 0.39018404483795166
INFO:root:54
Train: 0.2833777666091919 VAL: 0.40514516830444336
INFO:root:54
Train: 0.30081942677497864 VAL: 0.39498308300971985
INFO:root:55
Train: 0.27979886531829834 VAL: 0.41396379470825195
INFO:root:55
Train: 0.2952788472175598 VAL: 0.3892938792705536
INFO:root:56
Train: 0.27131322026252747 VAL: 0.412187784910202
INFO:root:56
Train: 0.29527631402015686 VAL: 0.39149218797683716
INFO:root:57
Train: 0.2673902213573456 VAL: 0.4107147455215454
INFO:root:57
Train: 0.2893548011779785 VAL: 0.39807653427124023
INFO:root:58
Train: 0.2556532323360443 VAL: 0.4143470823764801
INFO:root:58
Train: 0.2901807725429535 VAL: 0.39642882347106934
INFO:root:59
Train: 0.2520315647125244 VAL: 0.42113786935806274
INFO:root:59
Train: 0.28504255414009094 VAL: 0.39386266469955444
INFO:root:60
Train: 0.2493351548910141 VAL: 0.42766615748405457
INFO:root:60
Train: 0.2788178622722626 VAL: 0.4068956971168518
INFO:root:61
Train: 0.24538631737232208 VAL: 0.42655545473098755
INFO:root:61
Train: 0.27873456478118896 VAL: 0.40992432832717896
INFO:root:62
Train: 0.24611006677150726 VAL: 0.42512452602386475
INFO:root:62
Train: 0.27964839339256287 VAL: 0.4111422598361969
INFO:root:63
Train: 0.24216565489768982 VAL: 0.4261305332183838
INFO:root:63
Train: 0.25892123579978943 VAL: 0.4033149182796478
INFO:root:64
Train: 0.24007636308670044 VAL: 0.42985546588897705
INFO:root:64
Train: 0.25044724345207214 VAL: 0.4052809476852417
INFO:root:65
Train: 0.2391241043806076 VAL: 0.4324215054512024
INFO:root:65
Train: 0.2458462417125702 VAL: 0.40895742177963257
INFO:root:66
Train: 0.2406027615070343 VAL: 0.4073670506477356
INFO:root:67
Train: 0.24005551636219025 VAL: 0.40474623441696167
INFO:root:68
Train: 0.23492437601089478 VAL: 0.41405820846557617
INFO:root:69
Train: 0.23059628903865814 VAL: 0.4145919382572174
INFO:root:70
Train: 0.22686055302619934 VAL: 0.41816022992134094
