INFO:root:Namespace(quiet=False, run_id=None, config=None, epochs=200, fold=1, batch_size=64, learn_rate=0.001, betas=(0.9, 0.999), weight_decay=0.001, hidden_size=32, kernel_init='skew-symmetric', note='', seed=None, nlayers=2, attn_head=4, latent_dim=256, dataset='mimiciii')
INFO:root:{'input_dim': 96, 'attn_head': 4, 'latent_dim': 256, 'n_layers': 2, 'device': device(type='cuda')}
INFO:root:1
Train: 0.7023971080780029 VAL: 0.4839009940624237
INFO:root:2
Train: 0.45473945140838623 VAL: 0.4729388356208801
INFO:root:3
Train: 0.44369569420814514 VAL: 0.45980629324913025
INFO:root:4
Train: 0.4290533661842346 VAL: 0.4401785731315613
INFO:root:5
Train: 0.41972315311431885 VAL: 0.4590122103691101
INFO:root:6
Train: 0.4131960868835449 VAL: 0.43106722831726074
INFO:root:7
Train: 0.4100298583507538 VAL: 0.4359809160232544
INFO:root:8
Train: 0.4102676510810852 VAL: 0.4257240295410156
INFO:root:9
Train: 0.40961599349975586 VAL: 0.42962753772735596
INFO:root:10
Train: 0.40090590715408325 VAL: 0.4299463629722595
INFO:root:11
Train: 0.4048928916454315 VAL: 0.41886335611343384
INFO:root:12
Train: 0.3941839337348938 VAL: 0.4076618552207947
INFO:root:13
Train: 0.3954388201236725 VAL: 0.41107264161109924
INFO:root:14
Train: 0.3892403841018677 VAL: 0.4170529842376709
INFO:root:15
Train: 3476.881591796875 VAL: 8.634502410888672
INFO:root:16
Train: 4.750792026519775 VAL: 2.9420881271362305
INFO:root:17
Train: 2.9103469848632812 VAL: 2.3856382369995117
INFO:root:18
Train: 1.9302810430526733 VAL: 1.3496755361557007
INFO:root:19
Train: 1.5352730751037598 VAL: 1.467729091644287
INFO:root:20
Train: 1.31876802444458 VAL: 3.2057912349700928
INFO:root:21
Train: 1.4187536239624023 VAL: 1.0272119045257568
INFO:root:22
Train: 1.1788794994354248 VAL: 1.6898815631866455
INFO:root:23
Train: 1.0687423944473267 VAL: 1.7741649150848389
INFO:root:24
Train: 0.9025769233703613 VAL: 0.8577244281768799
INFO:root:25
Train: 0.8542391657829285 VAL: 0.8586316704750061
INFO:root:26
Train: 0.8564154505729675 VAL: 0.8938254714012146
INFO:root:27
Train: 0.8407622575759888 VAL: 0.7944276928901672
INFO:root:28
Train: 0.8072685599327087 VAL: 0.7825567722320557
INFO:root:29
Train: 0.847709596157074 VAL: 1.8807425498962402
INFO:root:30
Train: 0.965354859828949 VAL: 1.0503594875335693
INFO:root:31
Train: 0.9537436366081238 VAL: 0.8614387512207031
INFO:root:32
Train: 1.2376036643981934 VAL: 3.3637561798095703
INFO:root:33
Train: 1.1612672805786133 VAL: 1.2164480686187744
INFO:root:34
Train: 1.0802206993103027 VAL: 3.2021026611328125
INFO:root:35
Train: 0.7895660996437073 VAL: 0.8458463549613953
INFO:root:36
Train: 0.7714356184005737 VAL: 0.6910567283630371
INFO:root:37
Train: 0.737779438495636 VAL: 0.7131661176681519
INFO:root:38
Train: 0.7147446274757385 VAL: 0.8719871044158936
INFO:root:39
Train: 0.7817267775535583 VAL: 0.7109674215316772
INFO:root:40
Train: 0.8620498776435852 VAL: 0.703872561454773
INFO:root:41
Train: 0.8706887364387512 VAL: 0.6715222597122192
INFO:root:42
Train: 0.7745591998100281 VAL: 0.7836194634437561
INFO:root:BEST VAL: 0.7836194634437561 TEST : 0.4245322644710541
