INFO:root:Namespace(quiet=False, run_id=None, config=None, epochs=200, fold=3, batch_size=128, learn_rate=0.001, betas=(0.9, 0.999), weight_decay=0.001, hidden_size=32, kernel_init='skew-symmetric', note='', seed=None, nlayers=2, attn_head=4, latent_dim=64, dataset='physionet2012')
INFO:root:{'input_dim': 37, 'attn_head': 4, 'latent_dim': 64, 'n_layers': 2, 'device': device(type='cuda')}
INFO:root:1
Train: 0.45511123538017273 VAL: 0.3813754916191101
INFO:root:2
Train: 0.35832756757736206 VAL: 0.31674641370773315
INFO:root:3
Train: 0.31383731961250305 VAL: 0.29889827966690063
INFO:root:4
Train: 0.30119407176971436 VAL: 0.3004305362701416
INFO:root:5
Train: 0.3028411269187927 VAL: 0.2941729426383972
INFO:root:6
Train: 0.29849204421043396 VAL: 0.29398003220558167
INFO:root:7
Train: 0.2989150881767273 VAL: 0.29253602027893066
INFO:root:8
Train: 0.2954137921333313 VAL: 0.2926342487335205
INFO:root:9
Train: 0.2938987612724304 VAL: 0.2930362820625305
INFO:root:10
Train: 0.29512569308280945 VAL: 0.2903364300727844
INFO:root:11
Train: 0.29333800077438354 VAL: 0.29056406021118164
INFO:root:12
Train: 0.2918649911880493 VAL: 0.2896886169910431
INFO:root:13
Train: 0.2923166751861572 VAL: 0.2891559302806854
INFO:root:14
Train: 0.2917465567588806 VAL: 0.29322659969329834
INFO:root:15
Train: 0.29022255539894104 VAL: 0.28803956508636475
INFO:root:16
Train: 0.29079675674438477 VAL: 0.28822052478790283
INFO:root:17
Train: 0.29006078839302063 VAL: 0.29736217856407166
INFO:root:18
Train: 0.28979164361953735 VAL: 0.28840160369873047
INFO:root:19
Train: 0.2891276478767395 VAL: 0.2891134023666382
INFO:root:20
Train: 0.28888463973999023 VAL: 0.28888797760009766
INFO:root:21
Train: 0.2905256450176239 VAL: 0.28848031163215637
INFO:root:22
Train: 0.2880917489528656 VAL: 0.29112914204597473
INFO:root:23
Train: 0.29070696234703064 VAL: 0.2907198667526245
INFO:root:24
Train: 0.28791701793670654 VAL: 0.2932593822479248
INFO:root:25
Train: 0.28775835037231445 VAL: 0.289609432220459
INFO:root:26
Train: 0.28681614995002747 VAL: 0.2891680896282196
INFO:root:27
Train: 0.2849383056163788 VAL: 0.28637099266052246
INFO:root:28
Train: 0.2835100293159485 VAL: 0.2881953716278076
INFO:root:29
Train: 0.28353017568588257 VAL: 0.2883903980255127
INFO:root:30
Train: 0.28320661187171936 VAL: 0.28688257932662964
INFO:root:31
Train: 0.28312546014785767 VAL: 0.2875373959541321
INFO:root:32
Train: 0.2839254140853882 VAL: 0.2873348891735077
INFO:root:33
Train: 0.2822645604610443 VAL: 0.2890385091304779
INFO:root:34
Train: 0.2827910780906677 VAL: 0.2894536852836609
INFO:root:35
Train: 0.282270222902298 VAL: 0.2874647378921509
INFO:root:36
Train: 0.28148767352104187 VAL: 0.28726059198379517
INFO:root:37
Train: 0.28059515357017517 VAL: 0.28689491748809814
INFO:root:38
Train: 0.2812962532043457 VAL: 0.2880784571170807
INFO:root:39
Train: 0.27993205189704895 VAL: 0.2859308123588562
INFO:root:40
Train: 0.279264360666275 VAL: 0.28684717416763306
INFO:root:41
Train: 0.2787826955318451 VAL: 0.2871458828449249
INFO:root:42
Train: 0.27920591831207275 VAL: 0.287142813205719
INFO:root:43
Train: 0.27882397174835205 VAL: 0.2869555652141571
INFO:root:44
Train: 0.2779688239097595 VAL: 0.2869755029678345
INFO:root:45
Train: 0.27776405215263367 VAL: 0.2886207103729248
INFO:root:46
Train: 0.27842676639556885 VAL: 0.2869996428489685
INFO:root:47
Train: 0.27782949805259705 VAL: 0.28655189275741577
INFO:root:48
Train: 0.2762654423713684 VAL: 0.2873542606830597
INFO:root:49
Train: 0.2768514156341553 VAL: 0.28688323497772217
INFO:root:50
Train: 0.27649015188217163 VAL: 0.2882589101791382
INFO:root:51
Train: 0.27622416615486145 VAL: 0.28676649928092957
INFO:root:52
Train: 0.27502280473709106 VAL: 0.2868027091026306
INFO:root:53
Train: 0.2747882902622223 VAL: 0.2865731120109558
INFO:root:54
Train: 0.2755698263645172 VAL: 0.2873128652572632
INFO:root:55
Train: 0.27403587102890015 VAL: 0.2873242199420929
INFO:root:56
Train: 0.27499279379844666 VAL: 0.28753751516342163
INFO:root:57
Train: 0.27414825558662415 VAL: 0.28703051805496216
INFO:root:58
Train: 0.27443817257881165 VAL: 0.286586195230484
INFO:root:59
Train: 0.2736675441265106 VAL: 0.28659000992774963
INFO:root:60
Train: 0.2737307846546173 VAL: 0.28650766611099243
INFO:root:61
Train: 0.27431046962738037 VAL: 0.2866828441619873
INFO:root:62
Train: 0.2732495367527008 VAL: 0.2866421341896057
INFO:root:63
Train: 0.2727104425430298 VAL: 0.2869079113006592
INFO:root:64
Train: 0.2729797661304474 VAL: 0.28733038902282715
INFO:root:65
Train: 0.2724398970603943 VAL: 0.28663545846939087
INFO:root:66
Train: 0.2724822163581848 VAL: 0.28709298372268677
INFO:root:67
Train: 0.2721179127693176 VAL: 0.28780215978622437
INFO:root:68
Train: 0.2720790207386017 VAL: 0.2871444523334503
INFO:root:69
Train: 0.2723428010940552 VAL: 0.28670424222946167
INFO:root:BEST VAL: 0.28670424222946167 TEST : 0.2849414050579071
