INFO:root:Namespace(quiet=False, run_id=None, config=None, epochs=200, fold=2, batch_size=128, learn_rate=0.001, betas=(0.9, 0.999), weight_decay=0.001, hidden_size=32, kernel_init='skew-symmetric', note='', seed=None, nlayers=1, attn_head=4, latent_dim=64, dataset='ushcn')
INFO:root:{'input_dim': 5, 'attn_head': 4, 'latent_dim': 64, 'n_layers': 1, 'device': device(type='cuda')}
INFO:root:1
Train: 0.6758298873901367 VAL: 0.4808425307273865
INFO:root:2
Train: 0.5556157827377319 VAL: 0.3855767548084259
INFO:root:3
Train: 0.42751896381378174 VAL: 0.3055129051208496
INFO:root:4
Train: 0.35283371806144714 VAL: 0.2954927980899811
INFO:root:5
Train: 0.3562849462032318 VAL: 0.26118481159210205
INFO:root:6
Train: 0.3173365592956543 VAL: 0.24903130531311035
INFO:root:7
Train: 0.3064352571964264 VAL: 0.24382415413856506
INFO:root:8
Train: 0.3244563937187195 VAL: 0.24475190043449402
INFO:root:9
Train: 0.32155314087867737 VAL: 0.24232925474643707
INFO:root:10
Train: 0.3142991364002228 VAL: 0.25640857219696045
INFO:root:11
Train: 0.31305092573165894 VAL: 0.24363678693771362
INFO:root:12
Train: 0.31362542510032654 VAL: 0.2411995232105255
INFO:root:13
Train: 0.30883556604385376 VAL: 0.2405899167060852
INFO:root:14
Train: 0.3087735176086426 VAL: 0.24490803480148315
INFO:root:15
Train: 0.2688821852207184 VAL: 0.24699203670024872
INFO:root:16
Train: 0.3023187816143036 VAL: 0.25267553329467773
INFO:root:17
Train: 0.30707940459251404 VAL: 0.24398119747638702
INFO:root:18
Train: 0.3042663633823395 VAL: 0.24260567128658295
INFO:root:19
Train: 0.30551785230636597 VAL: 0.24188530445098877
INFO:root:20
Train: 0.29030585289001465 VAL: 0.24743600189685822
INFO:root:21
Train: 0.29524460434913635 VAL: 0.24629560112953186
INFO:root:22
Train: 0.30556681752204895 VAL: 0.24229782819747925
INFO:root:23
Train: 0.29704979062080383 VAL: 0.24322384595870972
INFO:root:24
Train: 0.3049040734767914 VAL: 0.24336141347885132
INFO:root:25
Train: 0.30348825454711914 VAL: 0.2439330816268921
INFO:root:26
Train: 0.3025507628917694 VAL: 0.2541043162345886
INFO:root:27
Train: 0.30008575320243835 VAL: 0.24562256038188934
INFO:root:28
Train: 0.3060201108455658 VAL: 0.2426365613937378
INFO:root:29
Train: 0.30200621485710144 VAL: 0.258364200592041
INFO:root:30
Train: 0.2931942939758301 VAL: 0.24503032863140106
INFO:root:31
Train: 0.29739484190940857 VAL: 0.25046414136886597
INFO:root:32
Train: 0.3009610176086426 VAL: 0.2588931918144226
INFO:root:33
Train: 0.2908654808998108 VAL: 0.24802540242671967
INFO:root:34
Train: 0.29651546478271484 VAL: 0.25369560718536377
INFO:root:35
Train: 0.30219799280166626 VAL: 0.24931447207927704
INFO:root:36
Train: 0.29374539852142334 VAL: 0.2486618459224701
INFO:root:37
Train: 0.28611311316490173 VAL: 0.24933192133903503
INFO:root:38
Train: 0.2920885384082794 VAL: 0.24489937722682953
INFO:root:39
Train: 0.269943505525589 VAL: 0.24779963493347168
INFO:root:40
Train: 0.297198623418808 VAL: 0.2509597837924957
INFO:root:41
Train: 0.2717892825603485 VAL: 0.24795308709144592
INFO:root:42
Train: 0.29242101311683655 VAL: 0.2509608864784241
INFO:root:43
Train: 0.2910586893558502 VAL: 0.25039148330688477
INFO:root:BEST VAL: 0.25039148330688477 TEST : 0.35904255509376526
