INFO:root:Namespace(quiet=False, run_id=None, config=None, epochs=200, fold=1, batch_size=128, learn_rate=0.001, betas=(0.9, 0.999), weight_decay=0.001, hidden_size=32, kernel_init='skew-symmetric', note='', seed=None, nlayers=4, attn_head=1, latent_dim=128, dataset='ushcn')
INFO:root:{'input_dim': 5, 'attn_head': 1, 'latent_dim': 128, 'n_layers': 4, 'device': device(type='cuda')}
INFO:root:1
Train: 3.4323225021362305 VAL: 0.8408098220825195
INFO:root:2
Train: 0.6821451783180237 VAL: 0.6317498087882996
INFO:root:3
Train: 0.5261983275413513 VAL: 0.554128885269165
INFO:root:4
Train: 0.4319842755794525 VAL: 0.4890981614589691
INFO:root:5
Train: 0.34210875630378723 VAL: 0.39191654324531555
INFO:root:6
Train: 0.32160717248916626 VAL: 0.41042667627334595
INFO:root:7
Train: 0.30158427357673645 VAL: 0.3838936388492584
INFO:root:8
Train: 0.3505841791629791 VAL: 0.41616904735565186
INFO:root:9
Train: 0.35017237067222595 VAL: 0.4039427936077118
INFO:root:10
Train: 0.3554501235485077 VAL: 0.3981332778930664
INFO:root:11
Train: 0.32246890664100647 VAL: 0.3914150595664978
INFO:root:12
Train: 0.29263100028038025 VAL: 0.3793014883995056
INFO:root:13
Train: 0.3070968687534332 VAL: 0.40612921118736267
INFO:root:14
Train: 0.2904503643512726 VAL: 0.3977442681789398
INFO:root:15
Train: 0.2976377010345459 VAL: 0.3811102509498596
INFO:root:16
Train: 0.30027273297309875 VAL: 0.3878169059753418
INFO:root:17
Train: 0.3069627583026886 VAL: 0.38511714339256287
INFO:root:18
Train: 0.2980193495750427 VAL: 0.382575124502182
INFO:root:19
Train: 0.2858143448829651 VAL: 0.38563400506973267
INFO:root:20
Train: 0.28570273518562317 VAL: 0.40388211607933044
INFO:root:21
Train: 0.29300838708877563 VAL: 0.39826592803001404
INFO:root:22
Train: 0.2759149968624115 VAL: 0.38776981830596924
INFO:root:23
Train: 0.28749653697013855 VAL: 0.37653523683547974
INFO:root:24
Train: 0.2886768579483032 VAL: 0.3780010938644409
INFO:root:25
Train: 0.2911889851093292 VAL: 0.3731262981891632
INFO:root:26
Train: 0.28860539197921753 VAL: 0.3827816843986511
INFO:root:27
Train: 0.2849700450897217 VAL: 0.3787463307380676
INFO:root:28
Train: 0.29075613617897034 VAL: 0.37618598341941833
INFO:root:29
Train: 0.29283463954925537 VAL: 0.3748747706413269
INFO:root:30
Train: 0.28095313906669617 VAL: 0.3877255320549011
INFO:root:31
Train: 0.2895186245441437 VAL: 0.3845469057559967
INFO:root:32
Train: 0.24877548217773438 VAL: 0.377925843000412
INFO:root:Namespace(quiet=False, run_id=None, config=None, epochs=200, fold=1, batch_size=128, learn_rate=0.001, betas=(0.9, 0.999), weight_decay=0.001, hidden_size=32, kernel_init='skew-symmetric', note='', seed=None, nlayers=4, attn_head=1, latent_dim=128, dataset='ushcn')
INFO:root:{'input_dim': 5, 'attn_head': 1, 'latent_dim': 128, 'n_layers': 4, 'device': device(type='cuda')}
INFO:root:1
Train: 2.72924542427063 VAL: 0.9617939591407776
INFO:root:2
Train: 0.651462972164154 VAL: 0.6058815717697144
INFO:root:3
Train: 0.5081424713134766 VAL: 0.547494113445282
INFO:root:4
Train: 0.3913140296936035 VAL: 0.41951102018356323
INFO:root:5
Train: 0.35790666937828064 VAL: 0.503764271736145
INFO:root:6
Train: 0.4353429079055786 VAL: 0.44024360179901123
INFO:root:7
Train: 0.4136263132095337 VAL: 0.40515756607055664
INFO:root:8
Train: 0.35839828848838806 VAL: 0.39633914828300476
INFO:root:9
Train: 0.33910369873046875 VAL: 0.39497047662734985
INFO:root:10
Train: 0.32418784499168396 VAL: 0.3889659345149994
INFO:root:11
Train: 0.2831038236618042 VAL: 0.3906835913658142
INFO:root:12
Train: 0.2887677848339081 VAL: 0.4031418561935425
INFO:root:13
Train: 0.35963964462280273 VAL: 0.39473262429237366
INFO:root:14
Train: 0.332448810338974 VAL: 0.3863140344619751
INFO:root:15
Train: 0.31735023856163025 VAL: 0.3960883915424347
INFO:root:16
Train: 0.2889992594718933 VAL: 0.37729954719543457
INFO:root:17
Train: 0.30371609330177307 VAL: 0.3982999324798584
INFO:root:18
Train: 0.34117409586906433 VAL: 0.39564257860183716
INFO:root:19
Train: 0.34048402309417725 VAL: 0.3867653012275696
INFO:root:20
Train: 0.31135788559913635 VAL: 0.38260382413864136
INFO:root:21
Train: 0.28170257806777954 VAL: 0.37686586380004883
INFO:root:22
Train: 0.2884497046470642 VAL: 0.3783568739891052
INFO:root:23
Train: 0.28555476665496826 VAL: 0.379486620426178
INFO:root:24
Train: 0.2603538930416107 VAL: 0.3748350143432617
INFO:root:25
Train: 0.2672368586063385 VAL: 0.37543606758117676
INFO:root:26
Train: 0.2806490957736969 VAL: 0.37443479895591736
INFO:root:27
Train: 0.2833188474178314 VAL: 0.37406125664711
INFO:root:28
Train: 0.2842095196247101 VAL: 0.3846922516822815
INFO:root:29
Train: 0.28376033902168274 VAL: 0.38077396154403687
INFO:root:30
Train: 0.28147611021995544 VAL: 0.3820677399635315
INFO:root:31
Train: 0.2752625644207001 VAL: 0.37534505128860474
INFO:root:32
Train: 0.28279274702072144 VAL: 0.374605655670166
INFO:root:33
Train: 0.26885107159614563 VAL: 0.3716958165168762
INFO:root:34
Train: 0.2801131308078766 VAL: 0.38255593180656433
INFO:root:35
Train: 0.2775048613548279 VAL: 0.37230873107910156
INFO:root:36
Train: 0.2681622803211212 VAL: 0.3835192322731018
INFO:root:37
Train: 0.27787554264068604 VAL: 0.3757576048374176
INFO:root:38
Train: 0.27303779125213623 VAL: 0.38431814312934875
INFO:root:39
Train: 0.2735294997692108 VAL: 0.3776550889015198
INFO:root:40
Train: 0.2780648171901703 VAL: 0.3736323118209839
INFO:root:41
Train: 0.26190364360809326 VAL: 0.37638574838638306
INFO:root:42
Train: 0.27723199129104614 VAL: 0.3781554400920868
INFO:root:43
Train: 0.284162312746048 VAL: 0.3831445574760437
INFO:root:44
Train: 0.27514883875846863 VAL: 0.3750545382499695
INFO:root:45
Train: 0.27325439453125 VAL: 0.374267041683197
INFO:root:46
Train: 0.2667849063873291 VAL: 0.37804508209228516
INFO:root:47
Train: 0.27286168932914734 VAL: 0.3739679455757141
INFO:root:48
Train: 0.26880204677581787 VAL: 0.37720370292663574
INFO:root:49
Train: 0.25680556893348694 VAL: 0.3704896569252014
INFO:root:50
Train: 0.26586392521858215 VAL: 0.3716796934604645
INFO:root:51
Train: 0.2636669874191284 VAL: 0.37865152955055237
INFO:root:52
Train: 0.2707662880420685 VAL: 0.3718024790287018
INFO:root:53
Train: 0.2670382559299469 VAL: 0.3728957772254944
INFO:root:54
Train: 0.2670827805995941 VAL: 0.3743857145309448
INFO:root:55
Train: 0.27254724502563477 VAL: 0.3826144337654114
INFO:root:56
Train: 0.26852869987487793 VAL: 0.37149468064308167
INFO:root:57
Train: 0.26088961958885193 VAL: 0.3721289336681366
INFO:root:58
Train: 0.27006080746650696 VAL: 0.37212151288986206
INFO:root:59
Train: 0.2685403525829315 VAL: 0.37405723333358765
INFO:root:60
Train: 0.2526490390300751 VAL: 0.3752950429916382
INFO:root:61
Train: 0.2660592198371887 VAL: 0.3736156225204468
INFO:root:62
Train: 0.23727856576442719 VAL: 0.3760812282562256
INFO:root:63
Train: 0.24941040575504303 VAL: 0.37059563398361206
INFO:root:64
Train: 0.2615623474121094 VAL: 0.37286069989204407
INFO:root:65
Train: 0.24737851321697235 VAL: 0.371288925409317
INFO:root:66
Train: 0.2684710919857025 VAL: 0.37465381622314453
INFO:root:67
Train: 0.2568031847476959 VAL: 0.3705061078071594
INFO:root:68
Train: 0.25695621967315674 VAL: 0.37688663601875305
INFO:root:69
Train: 0.2652476727962494 VAL: 0.3718140423297882
INFO:root:70
Train: 0.26587408781051636 VAL: 0.37394773960113525
INFO:root:71
Train: 0.26085391640663147 VAL: 0.3711661100387573
INFO:root:72
Train: 0.2471306324005127 VAL: 0.37281113862991333
INFO:root:73
Train: 0.24961388111114502 VAL: 0.3717910647392273
INFO:root:74
Train: 0.2588788568973541 VAL: 0.3725447952747345
INFO:root:75
Train: 0.2632373571395874 VAL: 0.3722071051597595
INFO:root:76
Train: 0.25777801871299744 VAL: 0.37293630838394165
INFO:root:77
Train: 0.2652307450771332 VAL: 0.3717919886112213
INFO:root:78
Train: 0.26690736413002014 VAL: 0.3719271123409271
INFO:root:79
Train: 0.2639829218387604 VAL: 0.3746933937072754
INFO:root:Namespace(quiet=False, run_id=None, config=None, epochs=200, fold=1, batch_size=128, learn_rate=0.001, betas=(0.9, 0.999), weight_decay=0.001, hidden_size=32, kernel_init='skew-symmetric', note='', seed=None, nlayers=4, attn_head=1, latent_dim=128, dataset='ushcn')
INFO:root:{'input_dim': 5, 'attn_head': 1, 'latent_dim': 128, 'n_layers': 4, 'device': device(type='cuda')}
INFO:root:1
Train: 2.811025619506836 VAL: 0.7099025845527649
INFO:root:2
Train: 0.6132531762123108 VAL: 0.6172993779182434
INFO:root:3
Train: 0.5318774580955505 VAL: 0.5566957592964172
INFO:root:4
Train: 0.46759355068206787 VAL: 0.4885466694831848
INFO:root:5
Train: 0.41130781173706055 VAL: 0.43899625539779663
INFO:root:6
Train: 0.38459494709968567 VAL: 0.436762273311615
INFO:root:7
Train: 0.39484259486198425 VAL: 0.4593702554702759
INFO:root:8
Train: 0.3441731631755829 VAL: 0.4089198708534241
INFO:root:9
Train: 0.31373438239097595 VAL: 0.4141213893890381
INFO:root:10
Train: 0.28621116280555725 VAL: 0.38723859190940857
INFO:root:11
Train: 0.2715630829334259 VAL: 0.3828469514846802
INFO:root:12
Train: 0.3854881823062897 VAL: 0.41303420066833496
INFO:root:13
Train: 0.32637447118759155 VAL: 0.43355152010917664
INFO:root:14
Train: 0.3775012791156769 VAL: 0.4205898642539978
INFO:root:15
Train: 0.3773352801799774 VAL: 0.4080038070678711
INFO:root:16
Train: 0.34875690937042236 VAL: 0.39683371782302856
INFO:root:17
Train: 0.30228349566459656 VAL: 0.3976718783378601
INFO:root:18
Train: 0.3185442388057709 VAL: 0.3896615207195282
INFO:root:19
Train: 0.33038023114204407 VAL: 0.3894819915294647
INFO:root:20
Train: 0.3195520043373108 VAL: 0.39645713567733765
INFO:root:21
Train: 0.3343020975589752 VAL: 0.3844795823097229
INFO:root:22
Train: 0.3112461268901825 VAL: 0.41404151916503906
INFO:root:23
Train: 0.33388960361480713 VAL: 0.3892887234687805
INFO:root:24
Train: 0.3136093318462372 VAL: 0.3865155577659607
INFO:root:25
Train: 0.3027459681034088 VAL: 0.3850117325782776
INFO:root:26
Train: 0.30146464705467224 VAL: 0.3839993476867676
INFO:root:27
Train: 0.28818050026893616 VAL: 0.38087931275367737
INFO:root:28
Train: 0.27320411801338196 VAL: 0.38112813234329224
INFO:root:29
Train: 0.2748608887195587 VAL: 0.3796173930168152
INFO:root:30
Train: 0.2764796018600464 VAL: 0.37762752175331116
INFO:root:31
Train: 0.28158101439476013 VAL: 0.3812820315361023
INFO:root:32
Train: 0.2892909348011017 VAL: 0.3866156339645386
INFO:root:33
Train: 0.2677709460258484 VAL: 0.3890504837036133
INFO:root:34
Train: 0.2772313356399536 VAL: 0.3864026665687561
INFO:root:35
Train: 0.27946969866752625 VAL: 0.37682294845581055
INFO:root:36
Train: 0.29914960265159607 VAL: 0.3890345096588135
INFO:root:37
Train: 0.317536324262619 VAL: 0.38467273116111755
INFO:root:38
Train: 0.3206559717655182 VAL: 0.3820638656616211
INFO:root:39
Train: 0.2818201780319214 VAL: 0.3989672064781189
INFO:root:40
Train: 0.30107933282852173 VAL: 0.3831203877925873
INFO:root:41
Train: 0.27241045236587524 VAL: 0.38611656427383423
INFO:root:42
Train: 0.2756505310535431 VAL: 0.38379788398742676
INFO:root:43
Train: 0.28951963782310486 VAL: 0.3757615089416504
INFO:root:44
Train: 0.2773217558860779 VAL: 0.3902500867843628
INFO:root:45
Train: 0.2772953510284424 VAL: 0.38122665882110596
INFO:root:46
Train: 0.2826310694217682 VAL: 0.37808412313461304
INFO:root:47
Train: 0.27060598134994507 VAL: 0.37955284118652344
INFO:root:48
Train: 0.2698270380496979 VAL: 0.37971919775009155
INFO:root:49
Train: 0.27390918135643005 VAL: 0.3750801980495453
INFO:root:50
Train: 0.2803478538990021 VAL: 0.3812350630760193
INFO:root:51
Train: 0.28567203879356384 VAL: 0.375773549079895
INFO:root:52
Train: 0.28173375129699707 VAL: 0.38932955265045166
INFO:root:53
Train: 0.27519145607948303 VAL: 0.37694478034973145
INFO:root:54
Train: 0.2627336084842682 VAL: 0.3796406388282776
INFO:root:55
Train: 0.28089678287506104 VAL: 0.38107144832611084
INFO:root:56
Train: 0.28574898838996887 VAL: 0.37725114822387695
INFO:root:57
Train: 0.27228814363479614 VAL: 0.38843679428100586
INFO:root:58
Train: 0.2792002856731415 VAL: 0.3794686794281006
INFO:root:59
Train: 0.27473291754722595 VAL: 0.37896037101745605
INFO:root:60
Train: 0.27629008889198303 VAL: 0.37513595819473267
INFO:root:61
Train: 0.27020931243896484 VAL: 0.37257346510887146
INFO:root:62
Train: 0.2758818566799164 VAL: 0.37664055824279785
INFO:root:63
Train: 0.2733762860298157 VAL: 0.37387168407440186
INFO:root:64
Train: 0.27187380194664 VAL: 0.37658149003982544
INFO:root:65
Train: 0.2690645158290863 VAL: 0.3723007142543793
INFO:root:66
Train: 0.2652900516986847 VAL: 0.3735877275466919
INFO:root:67
Train: 0.24466316401958466 VAL: 0.3727932274341583
INFO:root:68
Train: 0.2702872157096863 VAL: 0.37572014331817627
INFO:root:69
Train: 0.2640732228755951 VAL: 0.37271150946617126
INFO:root:70
Train: 0.2676396667957306 VAL: 0.3730483949184418
INFO:root:71
Train: 0.2662044167518616 VAL: 0.3724740147590637
INFO:root:72
Train: 0.2597019374370575 VAL: 0.37241896986961365
INFO:root:73
Train: 0.2676151692867279 VAL: 0.3715779185295105
INFO:root:74
Train: 0.23970860242843628 VAL: 0.3766198754310608
INFO:root:75
Train: 0.26672959327697754 VAL: 0.37362563610076904
INFO:root:76
Train: 0.2706575393676758 VAL: 0.37936848402023315
INFO:root:77
Train: 0.25229668617248535 VAL: 0.3716585040092468
INFO:root:78
Train: 0.26739686727523804 VAL: 0.3752046227455139
INFO:root:79
Train: 0.2548147439956665 VAL: 0.3736366629600525
INFO:root:80
Train: 0.26048868894577026 VAL: 0.3713220953941345
INFO:root:81
Train: 0.26651808619499207 VAL: 0.3799768388271332
INFO:root:82
Train: 0.2664819359779358 VAL: 0.37393760681152344
INFO:root:83
Train: 0.24316348135471344 VAL: 0.37994691729545593
INFO:root:84
Train: 0.26464638113975525 VAL: 0.37150418758392334
INFO:root:85
Train: 0.26107627153396606 VAL: 0.37716737389564514
INFO:root:86
Train: 0.26486101746559143 VAL: 0.3711544871330261
INFO:root:87
Train: 0.2556719481945038 VAL: 0.3731381893157959
INFO:root:88
Train: 0.26309627294540405 VAL: 0.37192419171333313
INFO:root:89
Train: 0.265057235956192 VAL: 0.37454211711883545
INFO:root:90
Train: 0.2690593898296356 VAL: 0.37371039390563965
INFO:root:91
Train: 0.2654692232608795 VAL: 0.37139666080474854
INFO:root:92
Train: 0.26388004422187805 VAL: 0.38488203287124634
INFO:root:93
Train: 0.26880860328674316 VAL: 0.37870416045188904
INFO:root:94
Train: 0.29220181703567505 VAL: 0.38028401136398315
INFO:root:95
Train: 0.25636908411979675 VAL: 0.37229013442993164
INFO:root:96
Train: 0.27021610736846924 VAL: 0.37324804067611694
INFO:root:97
Train: 0.26827219128608704 VAL: 0.37328290939331055
INFO:root:98
Train: 0.26334837079048157 VAL: 0.3736102283000946
INFO:root:99
Train: 0.2643953263759613 VAL: 0.37175649404525757
INFO:root:100
Train: 0.25859859585762024 VAL: 0.37286850810050964
INFO:root:101
Train: 0.25664710998535156 VAL: 0.3719337582588196
INFO:root:102
Train: 0.25956016778945923 VAL: 0.37298619747161865
INFO:root:103
Train: 0.25600114464759827 VAL: 0.37293171882629395
INFO:root:104
Train: 0.26136451959609985 VAL: 0.371894896030426
INFO:root:105
Train: 0.26408374309539795 VAL: 0.3732428252696991
INFO:root:106
Train: 0.2611241340637207 VAL: 0.37289106845855713
INFO:root:107
Train: 0.24508605897426605 VAL: 0.3730034828186035
INFO:root:108
Train: 0.2633475363254547 VAL: 0.37213432788848877
INFO:root:109
Train: 0.2604256570339203 VAL: 0.3724045753479004
INFO:root:110
Train: 0.2563556134700775 VAL: 0.37395215034484863
INFO:root:111
Train: 0.26221194863319397 VAL: 0.3730258345603943
INFO:root:112
Train: 0.25948360562324524 VAL: 0.3725001811981201
INFO:root:113
Train: 0.2526172995567322 VAL: 0.37270015478134155
INFO:root:114
Train: 0.25631263852119446 VAL: 0.373755544424057
INFO:root:115
Train: 0.26248085498809814 VAL: 0.3725917935371399
INFO:root:116
Train: 0.2584167718887329 VAL: 0.37304994463920593
INFO:root:BEST VAL: 0.37304994463920593 TEST : 0.2593652606010437
INFO:root:Namespace(quiet=False, run_id=None, config=None, epochs=200, fold=1, batch_size=64, learn_rate=0.001, betas=(0.9, 0.999), weight_decay=0.001, hidden_size=32, kernel_init='skew-symmetric', note='', seed=None, nlayers=4, attn_head=1, latent_dim=128, dataset='mimiciii')
INFO:root:{'input_dim': 96, 'attn_head': 1, 'latent_dim': 128, 'n_layers': 4, 'device': device(type='cuda')}
INFO:root:1
Train: 0.5707824230194092 VAL: 0.46554842591285706
INFO:root:2
Train: 0.4601396322250366 VAL: 0.4797540307044983
INFO:root:3
Train: 0.4232426583766937 VAL: 0.4381113052368164
INFO:root:4
Train: 0.4329000413417816 VAL: 0.4405636787414551
INFO:root:5
Train: 0.4124576449394226 VAL: 0.43162792921066284
INFO:root:6
Train: 0.4115622639656067 VAL: 0.43350040912628174
INFO:root:7
Train: 0.40159475803375244 VAL: 0.4193599224090576
INFO:root:8
Train: 31.50055503845215 VAL: 0.7437763810157776
INFO:root:9
Train: 0.6270204186439514 VAL: 0.5147647857666016
INFO:root:10
Train: 0.5103234052658081 VAL: 0.5475984811782837
INFO:root:11
Train: 0.49258142709732056 VAL: 0.4935952425003052
INFO:root:12
Train: 0.45734232664108276 VAL: 0.4874693751335144
INFO:root:13
Train: 0.4632932245731354 VAL: 0.5324506759643555
INFO:root:14
Train: 0.5549048185348511 VAL: 0.4791089594364166
INFO:root:15
Train: 0.492984801530838 VAL: 0.4820755124092102
INFO:root:16
Train: 0.5850201845169067 VAL: 1.2917758226394653
INFO:root:17
Train: 0.5963846445083618 VAL: 0.4924677312374115
INFO:root:18
Train: 0.4528804123401642 VAL: 0.5758095383644104
INFO:root:19
Train: 0.4383983910083771 VAL: 0.453672856092453
INFO:root:20
Train: 0.423023521900177 VAL: 0.4440554976463318
INFO:root:21
Train: 0.4210289716720581 VAL: 0.44147607684135437
INFO:root:22
Train: 0.4194016456604004 VAL: 0.43913376331329346
INFO:root:23
Train: 0.414733350276947 VAL: 0.46781450510025024
INFO:root:24
Train: 0.4139941930770874 VAL: 0.4390348792076111
INFO:root:25
Train: 0.41184934973716736 VAL: 0.4325867295265198
INFO:root:26
Train: 0.4095163345336914 VAL: 0.43004170060157776
INFO:root:27
Train: 0.4070414900779724 VAL: 0.42975914478302
INFO:root:28
Train: 0.4082009494304657 VAL: 0.42616555094718933
INFO:root:29
Train: 0.4058556854724884 VAL: 0.4335439205169678
INFO:root:30
Train: 0.4002681076526642 VAL: 0.4243184030056
INFO:root:31
Train: 0.40049123764038086 VAL: 0.4230833053588867
INFO:root:32
Train: 0.3978995382785797 VAL: 0.42421725392341614
INFO:root:33
Train: 0.39744818210601807 VAL: 0.42155227065086365
INFO:root:34
Train: 0.39775896072387695 VAL: 0.4239753186702728
INFO:root:35
Train: 0.3983708322048187 VAL: 0.42356592416763306
INFO:root:36
Train: 0.39553752541542053 VAL: 0.41751670837402344
INFO:root:37
Train: 0.3973881006240845 VAL: 0.42235273122787476
INFO:root:38
Train: 0.39693957567214966 VAL: 0.41600289940834045
INFO:root:39
Train: 0.39489734172821045 VAL: 0.42073488235473633
INFO:root:40
Train: 0.6834443807601929 VAL: 0.4570939540863037
INFO:root:41
Train: 0.4127691686153412 VAL: 0.4295908808708191
INFO:root:42
Train: 0.4020836353302002 VAL: 0.42755600810050964
INFO:root:43
Train: 0.39915797114372253 VAL: 0.4219709634780884
INFO:root:44
Train: 0.39391911029815674 VAL: 0.4228622317314148
INFO:root:45
Train: 0.39437413215637207 VAL: 0.41819530725479126
INFO:root:46
Train: 0.39011308550834656 VAL: 0.4168773889541626
INFO:root:47
Train: 0.3861173987388611 VAL: 0.4216797947883606
INFO:root:48
Train: 0.3888852000236511 VAL: 0.4191354811191559
INFO:root:49
Train: 0.3872045874595642 VAL: 0.4135223627090454
INFO:root:50
Train: 0.3871147036552429 VAL: 0.4127252697944641
INFO:root:51
Train: 0.38447320461273193 VAL: 0.41023796796798706
INFO:root:52
Train: 0.38775989413261414 VAL: 0.41492775082588196
INFO:root:53
Train: 0.3871922194957733 VAL: 0.4170061945915222
INFO:root:54
Train: 0.38166821002960205 VAL: 0.41030001640319824
INFO:root:55
Train: 0.38312241435050964 VAL: 0.4138685464859009
INFO:root:56
Train: 0.378502756357193 VAL: 0.40685027837753296
INFO:root:57
Train: 0.3787246644496918 VAL: 0.4146791398525238
INFO:root:58
Train: 0.37878429889678955 VAL: 0.413351833820343
INFO:root:59
Train: 0.3789399564266205 VAL: 0.40795186161994934
INFO:root:60
Train: 0.37816986441612244 VAL: 0.4142948389053345
INFO:root:61
Train: 0.37579962611198425 VAL: 0.40237879753112793
INFO:root:62
Train: 0.3734741508960724 VAL: 0.4043184518814087
INFO:root:63
Train: 0.3795751929283142 VAL: 0.4208523631095886
INFO:root:64
Train: 0.3752484917640686 VAL: 0.407673716545105
INFO:root:65
Train: 0.3754654824733734 VAL: 0.4085446894168854
INFO:root:66
Train: 0.37268441915512085 VAL: 0.4037081003189087
INFO:root:67
Train: 0.37112128734588623 VAL: 0.40399137139320374
INFO:root:68
Train: 0.36697766184806824 VAL: 0.4023362100124359
INFO:root:69
Train: 0.3652479350566864 VAL: 0.3995906114578247
INFO:root:70
Train: 0.3670407235622406 VAL: 0.39915770292282104
INFO:root:71
Train: 0.36699309945106506 VAL: 0.40474557876586914
INFO:root:72
Train: 0.367522656917572 VAL: 0.4119282364845276
INFO:root:73
Train: 0.3653680980205536 VAL: 0.40303561091423035
INFO:root:74
Train: 0.3605642020702362 VAL: 0.3951341509819031
INFO:root:75
Train: 0.3572508990764618 VAL: 0.40035364031791687
INFO:root:76
Train: 0.359010249376297 VAL: 0.39746206998825073
INFO:root:77
Train: 0.3618507981300354 VAL: 0.40279269218444824
INFO:root:78
Train: 0.3586627244949341 VAL: 0.3974742591381073
INFO:root:79
Train: 0.3540179133415222 VAL: 0.3981286287307739
INFO:root:80
Train: 0.35597944259643555 VAL: 0.4016377925872803
INFO:root:81
Train: 0.3494665324687958 VAL: 0.40298599004745483
INFO:root:82
Train: 0.3518908619880676 VAL: 0.39725178480148315
INFO:root:83
Train: 0.35078999400138855 VAL: 0.3976675570011139
INFO:root:84
Train: 0.3498481512069702 VAL: 0.43134236335754395
INFO:root:85
Train: 0.35361918807029724 VAL: 0.3974470794200897
INFO:root:86
Train: 0.3329874277114868 VAL: 0.3981243968009949
INFO:root:87
Train: 0.3294391632080078 VAL: 0.39840006828308105
INFO:root:88
Train: 0.3272233307361603 VAL: 0.397193968296051
INFO:root:89
Train: 0.32154199481010437 VAL: 0.4007342457771301
INFO:root:90
Train: 0.32016268372535706 VAL: 0.40574827790260315
INFO:root:91
Train: 0.31803658604621887 VAL: 0.41240817308425903
INFO:root:92
Train: 0.32190969586372375 VAL: 0.40027809143066406
INFO:root:93
Train: 0.3164786100387573 VAL: 0.40653401613235474
INFO:root:94
Train: 0.3112412095069885 VAL: 0.4048148989677429
INFO:root:95
Train: 0.3060656785964966 VAL: 0.4030594229698181
INFO:root:96
Train: 0.3054777681827545 VAL: 0.40508270263671875
INFO:root:97
Train: 0.29229697585105896 VAL: 0.4121498763561249
INFO:root:98
Train: 0.2877480983734131 VAL: 0.41681861877441406
INFO:root:99
Train: 0.2848353683948517 VAL: 0.42070022225379944
INFO:root:100
Train: 0.28386563062667847 VAL: 0.41848182678222656
INFO:root:101
Train: 0.2811557948589325 VAL: 0.4206087589263916
INFO:root:102
Train: 0.2780863642692566 VAL: 0.42062315344810486
INFO:root:103
Train: 0.2745914161205292 VAL: 0.4247121214866638
INFO:root:104
Train: 0.272575318813324 VAL: 0.4221124053001404
INFO:root:BEST VAL: 0.4221124053001404 TEST : 0.40876102447509766
