INFO:root:Namespace(quiet=False, run_id=None, config=None, epochs=200, fold=1, batch_size=128, learn_rate=0.001, betas=(0.9, 0.999), weight_decay=0.001, hidden_size=32, kernel_init='skew-symmetric', note='', seed=None, nlayers=2, attn_head=2, latent_dim=32, dataset='ushcn')
INFO:root:{'input_dim': 5, 'attn_head': 2, 'latent_dim': 32, 'n_layers': 2, 'device': device(type='cuda')}
INFO:root:1
Train: 0.7252533435821533 VAL: 0.7176856994628906
INFO:root:2
Train: 0.5907626748085022 VAL: 0.6238375306129456
INFO:root:3
Train: 0.5393521189689636 VAL: 0.5710325837135315
INFO:root:4
Train: 0.43042102456092834 VAL: 0.495145708322525
INFO:root:5
Train: 0.3771838843822479 VAL: 0.436489075422287
INFO:root:6
Train: 0.319892019033432 VAL: 0.4049164652824402
INFO:root:7
Train: 0.3058677911758423 VAL: 0.390338659286499
INFO:root:8
Train: 0.29631879925727844 VAL: 0.3874624967575073
INFO:root:9
Train: 0.2951546013355255 VAL: 0.3887478709220886
INFO:root:10
Train: 0.28664591908454895 VAL: 0.3864063024520874
INFO:root:11
Train: 0.27444425225257874 VAL: 0.38495853543281555
INFO:root:12
Train: 0.2919790744781494 VAL: 0.3831716775894165
INFO:root:13
Train: 0.284517377614975 VAL: 0.3818800747394562
INFO:root:14
Train: 0.28845950961112976 VAL: 0.3814137578010559
INFO:root:15
Train: 0.2840787470340729 VAL: 0.3808371424674988
INFO:root:16
Train: 0.2886021137237549 VAL: 0.3812057077884674
INFO:root:17
Train: 0.28606116771698 VAL: 0.3827383816242218
INFO:root:18
Train: 0.2800208628177643 VAL: 0.38104039430618286
INFO:root:19
Train: 0.2833285629749298 VAL: 0.37768077850341797
INFO:root:20
Train: 0.2842026650905609 VAL: 0.37769389152526855
INFO:root:21
Train: 0.2826666533946991 VAL: 0.3774440586566925
INFO:root:22
Train: 0.2810570299625397 VAL: 0.3770885467529297
INFO:root:23
Train: 0.28461572527885437 VAL: 0.3856648802757263
INFO:root:24
Train: 0.2839881479740143 VAL: 0.38606059551239014
INFO:root:25
Train: 0.2851141691207886 VAL: 0.37836843729019165
INFO:root:26
Train: 0.2860551178455353 VAL: 0.376984566450119
INFO:root:27
Train: 0.27689075469970703 VAL: 0.3782883286476135
INFO:root:28
Train: 0.27606290578842163 VAL: 0.3806273937225342
INFO:root:29
Train: 0.2842717170715332 VAL: 0.3754214346408844
INFO:root:30
Train: 0.2786962687969208 VAL: 0.3765893876552582
INFO:root:31
Train: 0.27504852414131165 VAL: 0.3737010955810547
INFO:root:32
Train: 0.25341928005218506 VAL: 0.3802981674671173
INFO:root:33
Train: 0.2829004228115082 VAL: 0.3749728798866272
INFO:root:34
Train: 0.267108291387558 VAL: 0.3755544126033783
INFO:root:35
Train: 0.2761358916759491 VAL: 0.3752737045288086
INFO:root:36
Train: 0.27780672907829285 VAL: 0.373049259185791
INFO:root:37
Train: 0.2767379879951477 VAL: 0.3718916177749634
INFO:root:38
Train: 0.2704602777957916 VAL: 0.37521737813949585
INFO:root:39
Train: 0.2790779769420624 VAL: 0.38628727197647095
INFO:root:40
Train: 0.2568430006504059 VAL: 0.37112295627593994
INFO:root:41
Train: 0.27494898438453674 VAL: 0.37429994344711304
INFO:root:42
Train: 0.28110477328300476 VAL: 0.3786481022834778
INFO:root:43
Train: 0.2635689973831177 VAL: 0.3711901307106018
INFO:root:44
Train: 0.264415442943573 VAL: 0.38156241178512573
INFO:root:45
Train: 0.2755410969257355 VAL: 0.3794018030166626
INFO:root:46
Train: 0.2770443856716156 VAL: 0.37245118618011475
INFO:root:47
Train: 0.2611270844936371 VAL: 0.3809770941734314
INFO:root:48
Train: 0.2799769639968872 VAL: 0.3812279999256134
INFO:root:49
Train: 0.2751281261444092 VAL: 0.37323063611984253
INFO:root:50
Train: 0.28091728687286377 VAL: 0.37164419889450073
INFO:root:51
Train: 0.2659286558628082 VAL: 0.3794440031051636
INFO:root:52
Train: 0.2703288495540619 VAL: 0.37183845043182373
INFO:root:53
Train: 0.2729797065258026 VAL: 0.3728788495063782
INFO:root:54
Train: 0.2741542458534241 VAL: 0.3728184998035431
INFO:root:55
Train: 0.26186469197273254 VAL: 0.37262842059135437
INFO:root:56
Train: 0.25509756803512573 VAL: 0.3719865679740906
INFO:root:57
Train: 0.2708474099636078 VAL: 0.3720749020576477
INFO:root:58
Train: 0.2693735361099243 VAL: 0.37296801805496216
INFO:root:59
Train: 0.26925674080848694 VAL: 0.3713052272796631
INFO:root:60
Train: 0.2723710834980011 VAL: 0.3711077868938446
INFO:root:61
Train: 0.27295491099357605 VAL: 0.37703412771224976
INFO:root:62
Train: 0.27387550473213196 VAL: 0.37059152126312256
INFO:root:63
Train: 0.2631886899471283 VAL: 0.37368661165237427
INFO:root:64
Train: 0.2749173641204834 VAL: 0.3717685341835022
INFO:root:65
Train: 0.2766837775707245 VAL: 0.37683725357055664
INFO:root:66
Train: 0.26836082339286804 VAL: 0.37198325991630554
INFO:root:67
Train: 0.2707424461841583 VAL: 0.372120201587677
INFO:root:68
Train: 0.27240481972694397 VAL: 0.37270188331604004
INFO:root:69
Train: 0.2510186731815338 VAL: 0.37179428339004517
INFO:root:70
Train: 0.2675081491470337 VAL: 0.3733663558959961
INFO:root:71
Train: 0.27438196539878845 VAL: 0.37112531065940857
INFO:root:72
Train: 0.2495909333229065 VAL: 0.37446659803390503
INFO:root:73
Train: 0.26563799381256104 VAL: 0.36948513984680176
INFO:root:74
Train: 0.2547238767147064 VAL: 0.3815576434135437
INFO:root:75
Train: 0.2704823911190033 VAL: 0.3726918697357178
INFO:root:76
Train: 0.2677544951438904 VAL: 0.37867480516433716
INFO:root:77
Train: 0.27471229434013367 VAL: 0.36920762062072754
INFO:root:78
Train: 0.2673269212245941 VAL: 0.3755786418914795
INFO:root:79
Train: 0.26417288184165955 VAL: 0.37128132581710815
INFO:root:80
Train: 0.27051377296447754 VAL: 0.3699910640716553
INFO:root:81
Train: 0.2738053500652313 VAL: 0.3707650303840637
INFO:root:82
Train: 0.2736716568470001 VAL: 0.37251636385917664
INFO:root:83
Train: 0.2673752009868622 VAL: 0.37041276693344116
INFO:root:84
Train: 0.2756124436855316 VAL: 0.3709688186645508
INFO:root:85
Train: 0.26863953471183777 VAL: 0.37576574087142944
INFO:root:86
Train: 0.26396840810775757 VAL: 0.36945009231567383
INFO:root:87
Train: 0.2570524215698242 VAL: 0.37434664368629456
INFO:root:88
Train: 0.26653987169265747 VAL: 0.3714669346809387
INFO:root:89
Train: 0.2727923095226288 VAL: 0.37284234166145325
INFO:root:90
Train: 0.27085262537002563 VAL: 0.36975282430648804
INFO:root:91
Train: 0.2665732204914093 VAL: 0.37266165018081665
INFO:root:92
Train: 0.26898258924484253 VAL: 0.3707689642906189
INFO:root:93
Train: 0.2643279433250427 VAL: 0.37274277210235596
INFO:root:94
Train: 0.2679896950721741 VAL: 0.37142032384872437
INFO:root:95
Train: 0.2651683986186981 VAL: 0.37082016468048096
INFO:root:96
Train: 0.26254045963287354 VAL: 0.37216097116470337
INFO:root:97
Train: 0.26932278275489807 VAL: 0.37001997232437134
INFO:root:98
Train: 0.271627277135849 VAL: 0.37055474519729614
INFO:root:99
Train: 0.2614898383617401 VAL: 0.36997485160827637
INFO:root:100
Train: 0.2671944499015808 VAL: 0.3729684352874756
INFO:root:101
Train: 0.2574937343597412 VAL: 0.3720090985298157
INFO:root:102
Train: 0.26637354493141174 VAL: 0.3698570430278778
INFO:root:103
Train: 0.264078825712204 VAL: 0.3703653812408447
INFO:root:104
Train: 0.2666815221309662 VAL: 0.3724089562892914
INFO:root:105
Train: 0.2693043649196625 VAL: 0.3702849745750427
INFO:root:106
Train: 0.2710988223552704 VAL: 0.3709549903869629
INFO:root:107
Train: 0.2508990168571472 VAL: 0.371662974357605
INFO:root:BEST VAL: 0.371662974357605 TEST : 0.25529903173446655
INFO:root:Namespace(quiet=False, run_id=None, config=None, epochs=200, fold=1, batch_size=128, learn_rate=0.001, betas=(0.9, 0.999), weight_decay=0.001, hidden_size=32, kernel_init='skew-symmetric', note='', seed=None, nlayers=2, attn_head=2, latent_dim=32, dataset='physionet2012')
INFO:root:{'input_dim': 37, 'attn_head': 2, 'latent_dim': 32, 'n_layers': 2, 'device': device(type='cuda')}
INFO:root:1
Train: 0.4779869019985199 VAL: 0.38399964570999146
INFO:root:2
Train: 0.368143767118454 VAL: 0.32987087965011597
INFO:root:3
Train: 0.3146785497665405 VAL: 0.3152061700820923
INFO:root:4
Train: 0.30569469928741455 VAL: 0.29854679107666016
INFO:root:5
Train: 0.30180302262306213 VAL: 0.3081009089946747
INFO:root:6
Train: 0.30204254388809204 VAL: 0.29631465673446655
INFO:root:7
Train: 0.3002301752567291 VAL: 0.30550849437713623
INFO:root:8
Train: 0.3010716438293457 VAL: 0.294161319732666
INFO:root:9
Train: 0.2972954213619232 VAL: 0.2935677766799927
INFO:root:10
Train: 0.29583489894866943 VAL: 0.29220739006996155
INFO:root:11
Train: 0.2985018789768219 VAL: 0.2930048108100891
INFO:root:12
Train: 0.2947995960712433 VAL: 0.2912363111972809
INFO:root:13
Train: 0.2948540449142456 VAL: 0.292813777923584
INFO:root:14
Train: 0.2939315438270569 VAL: 0.2909122407436371
INFO:root:15
Train: 0.29431575536727905 VAL: 0.2902253568172455
INFO:root:16
Train: 0.2934083640575409 VAL: 0.2923543453216553
INFO:root:17
Train: 0.293576180934906 VAL: 0.2954126000404358
INFO:root:18
Train: 0.29259973764419556 VAL: 0.2922970950603485
INFO:root:19
Train: 0.2929937541484833 VAL: 0.2891910672187805
INFO:root:20
Train: 0.29268139600753784 VAL: 0.2896198034286499
INFO:root:21
Train: 0.29157599806785583 VAL: 0.29059264063835144
INFO:root:22
Train: 0.2923393249511719 VAL: 0.28874528408050537
INFO:root:23
Train: 0.29008930921554565 VAL: 0.2894893288612366
INFO:root:24
Train: 0.29117175936698914 VAL: 0.2926943600177765
INFO:root:25
Train: 0.29112210869789124 VAL: 0.29032713174819946
INFO:root:26
Train: 0.2912948727607727 VAL: 0.2918722629547119
INFO:root:27
Train: 0.28985413908958435 VAL: 0.2892080545425415
INFO:root:28
Train: 0.28992393612861633 VAL: 0.28943774104118347
INFO:root:29
Train: 0.2895178198814392 VAL: 0.2884998321533203
INFO:root:30
Train: 0.2886804938316345 VAL: 0.28819119930267334
INFO:root:31
Train: 0.2905143201351166 VAL: 0.28853723406791687
INFO:root:32
Train: 0.2889152467250824 VAL: 0.29130661487579346
INFO:root:33
Train: 0.2897219955921173 VAL: 0.2876289486885071
INFO:root:34
Train: 0.28839004039764404 VAL: 0.28767937421798706
INFO:root:35
Train: 0.28807389736175537 VAL: 0.2879832983016968
INFO:root:36
Train: 0.2882547974586487 VAL: 0.28869521617889404
INFO:root:37
Train: 0.2879297733306885 VAL: 0.28922533988952637
INFO:root:38
Train: 0.2880023717880249 VAL: 0.28760331869125366
INFO:root:39
Train: 0.2876291573047638 VAL: 0.2934511601924896
INFO:root:40
Train: 0.28847095370292664 VAL: 0.2888312041759491
INFO:root:41
Train: 0.28603094816207886 VAL: 0.2881404757499695
INFO:root:42
Train: 0.2860100269317627 VAL: 0.2879524230957031
INFO:root:43
Train: 0.28678277134895325 VAL: 0.2878372073173523
INFO:root:44
Train: 0.28633689880371094 VAL: 0.28748059272766113
INFO:root:45
Train: 0.28572848439216614 VAL: 0.29426389932632446
INFO:root:46
Train: 0.28571853041648865 VAL: 0.28798234462738037
INFO:root:47
Train: 0.2852858304977417 VAL: 0.28778988122940063
INFO:root:48
Train: 0.286068856716156 VAL: 0.2871670126914978
INFO:root:49
Train: 0.2860146462917328 VAL: 0.287772536277771
INFO:root:50
Train: 0.2852272391319275 VAL: 0.28694677352905273
INFO:root:51
Train: 0.2850440442562103 VAL: 0.2875133156776428
INFO:root:52
Train: 0.28414008021354675 VAL: 0.28906238079071045
INFO:root:53
Train: 0.2857798635959625 VAL: 0.28856852650642395
INFO:root:54
Train: 0.28409484028816223 VAL: 0.28860223293304443
INFO:root:55
Train: 0.2834816873073578 VAL: 0.29031866788864136
INFO:root:56
Train: 0.2834913432598114 VAL: 0.2879766821861267
INFO:root:57
Train: 0.28384846448898315 VAL: 0.2872709035873413
INFO:root:58
Train: 0.28303730487823486 VAL: 0.28774261474609375
INFO:root:59
Train: 0.2824059724807739 VAL: 0.2888873219490051
INFO:root:60
Train: 0.28248441219329834 VAL: 0.2888948321342468
INFO:root:61
Train: 0.28352221846580505 VAL: 0.28732040524482727
INFO:root:62
Train: 0.2801326811313629 VAL: 0.28854209184646606
INFO:root:63
Train: 0.2801791727542877 VAL: 0.2886447310447693
INFO:root:64
Train: 0.2804963290691376 VAL: 0.28765928745269775
INFO:root:65
Train: 0.2797982394695282 VAL: 0.2871958911418915
INFO:root:66
Train: 0.27949628233909607 VAL: 0.2885630130767822
INFO:root:67
Train: 0.27925869822502136 VAL: 0.2886304259300232
INFO:root:68
Train: 0.2793581783771515 VAL: 0.28897812962532043
INFO:root:69
Train: 0.27870047092437744 VAL: 0.28801703453063965
INFO:root:70
Train: 0.27840304374694824 VAL: 0.28964075446128845
INFO:root:71
Train: 0.27814310789108276 VAL: 0.2876065969467163
INFO:root:72
Train: 0.278838187456131 VAL: 0.290188729763031
INFO:root:73
Train: 0.27711498737335205 VAL: 0.28813791275024414
INFO:root:74
Train: 0.27722838521003723 VAL: 0.2885836958885193
INFO:root:75
Train: 0.2768154442310333 VAL: 0.2882481813430786
INFO:root:76
Train: 0.27687105536460876 VAL: 0.28798335790634155
INFO:root:77
Train: 0.27709001302719116 VAL: 0.28843259811401367
INFO:root:78
Train: 0.27600958943367004 VAL: 0.288235068321228
INFO:root:79
Train: 0.27655431628227234 VAL: 0.2887904644012451
INFO:root:80
Train: 0.2763011157512665 VAL: 0.2881239354610443
INFO:root:BEST VAL: 0.2881239354610443 TEST : 0.28744271397590637
