INFO:root:Namespace(quiet=False, run_id=None, config=None, epochs=200, fold=2, batch_size=128, learn_rate=0.001, betas=(0.9, 0.999), weight_decay=0.001, hidden_size=32, kernel_init='skew-symmetric', note='', seed=None, nlayers=1, attn_head=1, latent_dim=64, dataset='ushcn')
INFO:root:{'input_dim': 5, 'attn_head': 1, 'latent_dim': 64, 'n_layers': 1, 'device': device(type='cuda')}
INFO:root:1
Train: 0.8008034825325012 VAL: 0.5209797620773315
INFO:root:2
Train: 0.640380322933197 VAL: 0.524346649646759
INFO:root:3
Train: 0.5511482357978821 VAL: 0.40923872590065
INFO:root:4
Train: 0.4697125256061554 VAL: 0.3509017825126648
INFO:root:5
Train: 0.37571337819099426 VAL: 0.2768091559410095
INFO:root:6
Train: 0.35049116611480713 VAL: 0.26955679059028625
INFO:root:7
Train: 0.32492926716804504 VAL: 0.26071709394454956
INFO:root:8
Train: 0.3134017288684845 VAL: 0.24969467520713806
INFO:root:9
Train: 0.31879571080207825 VAL: 0.2484799027442932
INFO:root:10
Train: 0.3145808279514313 VAL: 0.25858449935913086
INFO:root:11
Train: 0.3087027072906494 VAL: 0.24012669920921326
INFO:root:12
Train: 0.30170175433158875 VAL: 0.2436254918575287
INFO:root:13
Train: 0.3025191128253937 VAL: 0.24512583017349243
INFO:root:14
Train: 0.2994806468486786 VAL: 0.24624031782150269
INFO:root:15
Train: 0.30792757868766785 VAL: 0.24362514913082123
INFO:root:16
Train: 0.3115672767162323 VAL: 0.25011056661605835
INFO:root:17
Train: 0.2938569486141205 VAL: 0.24316462874412537
INFO:root:18
Train: 0.3149273693561554 VAL: 0.23848220705986023
INFO:root:19
Train: 0.3184199333190918 VAL: 0.2460418939590454
INFO:root:20
Train: 0.3055941164493561 VAL: 0.24834318459033966
INFO:root:21
Train: 0.32087740302085876 VAL: 0.23800921440124512
INFO:root:22
Train: 0.28703591227531433 VAL: 0.24840594828128815
INFO:root:23
Train: 0.308060884475708 VAL: 0.24382632970809937
INFO:root:24
Train: 0.2865394353866577 VAL: 0.23940028250217438
INFO:root:25
Train: 0.30671489238739014 VAL: 0.2500298023223877
INFO:root:26
Train: 0.30729830265045166 VAL: 0.25133147835731506
INFO:root:27
Train: 0.28519144654273987 VAL: 0.24317821860313416
INFO:root:28
Train: 0.30726179480552673 VAL: 0.2389083206653595
INFO:root:29
Train: 0.30564603209495544 VAL: 0.2463691234588623
INFO:root:30
Train: 0.2965283989906311 VAL: 0.24896416068077087
INFO:root:31
Train: 0.30899640917778015 VAL: 0.24262192845344543
INFO:root:32
Train: 0.3031396269798279 VAL: 0.23315975069999695
INFO:root:33
Train: 0.30670490860939026 VAL: 0.23672020435333252
INFO:root:34
Train: 0.3061215877532959 VAL: 0.26566004753112793
INFO:root:35
Train: 0.3068747818470001 VAL: 0.24573154747486115
INFO:root:36
Train: 0.30766335129737854 VAL: 0.23789510130882263
INFO:root:37
Train: 0.3016749620437622 VAL: 0.24355390667915344
INFO:root:38
Train: 0.2993457019329071 VAL: 0.2571355700492859
INFO:root:39
Train: 0.2853323519229889 VAL: 0.2443317472934723
INFO:root:40
Train: 0.3042207658290863 VAL: 0.23870119452476501
INFO:root:41
Train: 0.30152657628059387 VAL: 0.2520619034767151
INFO:root:42
Train: 0.2955622971057892 VAL: 0.2479204386472702
INFO:root:43
Train: 0.29892149567604065 VAL: 0.2384202480316162
INFO:root:44
Train: 0.2820829451084137 VAL: 0.24679215252399445
INFO:root:45
Train: 0.29324060678482056 VAL: 0.24716632068157196
INFO:root:46
Train: 0.2952437102794647 VAL: 0.24709509313106537
INFO:root:47
Train: 0.29628223180770874 VAL: 0.25117960572242737
INFO:root:48
Train: 0.28441619873046875 VAL: 0.24507790803909302
INFO:root:49
Train: 0.29038205742836 VAL: 0.24977190792560577
INFO:root:50
Train: 0.2905356287956238 VAL: 0.24528539180755615
INFO:root:51
Train: 0.29384520649909973 VAL: 0.2495529055595398
INFO:root:52
Train: 0.2620486319065094 VAL: 0.2445448637008667
INFO:root:53
Train: 0.28986620903015137 VAL: 0.2493167668581009
INFO:root:54
Train: 0.29808345437049866 VAL: 0.24554023146629333
INFO:root:55
Train: 0.29373303055763245 VAL: 0.24823373556137085
INFO:root:56
Train: 0.2926013171672821 VAL: 0.24670660495758057
INFO:root:57
Train: 0.29438620805740356 VAL: 0.24577674269676208
INFO:root:58
Train: 0.2772092819213867 VAL: 0.2507195472717285
INFO:root:59
Train: 0.28233230113983154 VAL: 0.24600136280059814
INFO:root:60
Train: 0.292043000459671 VAL: 0.250869482755661
INFO:root:61
Train: 0.2942122519016266 VAL: 0.24800725281238556
INFO:root:62
Train: 0.29783353209495544 VAL: 0.24468421936035156
INFO:root:BEST VAL: 0.24468421936035156 TEST : 0.3517959713935852
INFO:root:Namespace(quiet=False, run_id=None, config=None, epochs=200, fold=2, batch_size=64, learn_rate=0.001, betas=(0.9, 0.999), weight_decay=0.001, hidden_size=32, kernel_init='skew-symmetric', note='', seed=None, nlayers=1, attn_head=1, latent_dim=64, dataset='mimiciv')
INFO:root:{'input_dim': 100, 'attn_head': 1, 'latent_dim': 64, 'n_layers': 1, 'device': device(type='cuda')}
INFO:root:1
Train: 0.3563707172870636 VAL: 0.3063029646873474
INFO:root:2
Train: 0.2945539951324463 VAL: 0.28330403566360474
INFO:root:3
Train: 0.2727300524711609 VAL: 0.27359825372695923
INFO:root:4
Train: 0.26492080092430115 VAL: 0.2647711932659149
INFO:root:5
Train: 0.2601782977581024 VAL: 0.2609156370162964
INFO:root:6
Train: 0.25752896070480347 VAL: 0.2613511085510254
INFO:root:7
Train: 0.2535814642906189 VAL: 0.253999799489975
INFO:root:8
Train: 0.2511778473854065 VAL: 0.2576049268245697
INFO:root:9
Train: 0.24806120991706848 VAL: 0.25240570306777954
INFO:root:10
Train: 0.24718685448169708 VAL: 0.2532920241355896
INFO:root:11
Train: 0.24529358744621277 VAL: 0.25007364153862
INFO:root:12
Train: 0.24617987871170044 VAL: 0.2502043843269348
INFO:root:13
Train: 0.24305404722690582 VAL: 0.2511393427848816
INFO:root:14
Train: 0.24281437695026398 VAL: 0.2516888380050659
INFO:root:15
Train: 0.24261973798274994 VAL: 0.25041598081588745
INFO:root:16
Train: 0.24199260771274567 VAL: 0.24701575934886932
INFO:root:17
Train: 0.24035051465034485 VAL: 0.24686558544635773
INFO:root:18
Train: 0.23960840702056885 VAL: 0.24614734947681427
INFO:root:19
Train: 0.2403521090745926 VAL: 0.24436834454536438
INFO:root:20
Train: 0.2382051944732666 VAL: 0.24459856748580933
INFO:root:21
Train: 0.23752740025520325 VAL: 0.24311572313308716
INFO:root:22
Train: 0.2367931604385376 VAL: 0.2468913048505783
INFO:root:23
Train: 0.23656049370765686 VAL: 0.24234342575073242
INFO:root:24
Train: 0.2334665209054947 VAL: 0.24537557363510132
INFO:root:25
Train: 0.23531170189380646 VAL: 0.2418583780527115
INFO:root:26
Train: 0.23189641535282135 VAL: 0.24084147810935974
INFO:root:27
Train: 0.23275095224380493 VAL: 0.24269284307956696
INFO:root:28
Train: 0.23284217715263367 VAL: 0.24279212951660156
INFO:root:29
Train: 0.2308439165353775 VAL: 0.24597665667533875
INFO:root:30
Train: 0.2322540134191513 VAL: 0.24349623918533325
INFO:root:31
Train: 0.23138582706451416 VAL: 0.24037376046180725
INFO:root:32
Train: 0.22985634207725525 VAL: 0.24280700087547302
INFO:root:33
Train: 0.2288028746843338 VAL: 0.24121445417404175
INFO:root:34
Train: 0.22925247251987457 VAL: 0.23958969116210938
INFO:root:35
Train: 0.22954228520393372 VAL: 0.2391330599784851
INFO:root:36
Train: 0.22856704890727997 VAL: 0.24260562658309937
INFO:root:37
Train: 0.2283703088760376 VAL: 0.24163271486759186
INFO:root:38
Train: 0.22735734283924103 VAL: 0.24015648663043976
INFO:root:39
Train: 0.22707949578762054 VAL: 0.2398775815963745
INFO:root:40
Train: 0.2267347127199173 VAL: 0.24131610989570618
INFO:root:41
Train: 0.22533702850341797 VAL: 0.24029266834259033
INFO:root:42
Train: 0.22585926949977875 VAL: 0.24405038356781006
INFO:root:43
Train: 0.2262338548898697 VAL: 0.24523493647575378
INFO:root:44
Train: 0.2251458615064621 VAL: 0.24185343086719513
INFO:root:45
Train: 0.22478124499320984 VAL: 0.23986896872520447
INFO:root:46
Train: 0.22505155205726624 VAL: 0.2438378632068634
INFO:root:47
Train: 0.21972878277301788 VAL: 0.2393466681241989
INFO:root:48
Train: 0.2197374552488327 VAL: 0.23994538187980652
INFO:root:49
Train: 0.21872037649154663 VAL: 0.24039509892463684
INFO:root:50
Train: 0.21740339696407318 VAL: 0.24009838700294495
INFO:root:51
Train: 0.2190590351819992 VAL: 0.23829153180122375
INFO:root:52
Train: 0.21733638644218445 VAL: 0.23980140686035156
INFO:root:53
Train: 0.21853047609329224 VAL: 0.24132277071475983
INFO:root:54
Train: 0.21775418519973755 VAL: 0.241840660572052
INFO:root:55
Train: 0.21747128665447235 VAL: 0.2398556023836136
INFO:root:56
Train: 0.21758367121219635 VAL: 0.23821023106575012
INFO:root:57
Train: 0.21698738634586334 VAL: 0.23860430717468262
INFO:root:58
Train: 0.21538469195365906 VAL: 0.2393130660057068
INFO:root:59
Train: 0.21432135999202728 VAL: 0.24007903039455414
INFO:root:60
Train: 0.21514596045017242 VAL: 0.24001756310462952
INFO:root:61
Train: 0.21502412855625153 VAL: 0.2392602413892746
INFO:root:62
Train: 0.21364541351795197 VAL: 0.24031208455562592
INFO:root:63
Train: 0.21472032368183136 VAL: 0.24058037996292114
INFO:root:64
Train: 0.21319669485092163 VAL: 0.2380468249320984
INFO:root:65
Train: 0.21366706490516663 VAL: 0.23895081877708435
INFO:root:66
Train: 0.21349455416202545 VAL: 0.24248622357845306
INFO:root:67
Train: 0.2146156281232834 VAL: 0.2376168668270111
INFO:root:68
Train: 0.2118210345506668 VAL: 0.23818251490592957
INFO:root:69
Train: 0.21261025965213776 VAL: 0.2383843958377838
INFO:root:70
Train: 0.2115815430879593 VAL: 0.239666149020195
INFO:root:71
Train: 0.21186619997024536 VAL: 0.23965710401535034
INFO:root:72
Train: 0.21261265873908997 VAL: 0.2410222887992859
INFO:root:73
Train: 0.2105094939470291 VAL: 0.24038374423980713
INFO:root:74
Train: 0.21033623814582825 VAL: 0.238456130027771
INFO:root:75
Train: 0.20920510590076447 VAL: 0.24119316041469574
INFO:root:76
Train: 0.20939357578754425 VAL: 0.24032092094421387
INFO:root:77
Train: 0.21099510788917542 VAL: 0.2409357875585556
INFO:root:78
Train: 0.20886559784412384 VAL: 0.23836658895015717
INFO:root:79
Train: 0.20620039105415344 VAL: 0.2400849461555481
INFO:root:80
Train: 0.20606571435928345 VAL: 0.23930716514587402
INFO:root:81
Train: 0.20446482300758362 VAL: 0.23969495296478271
INFO:root:82
Train: 0.20583416521549225 VAL: 0.2380824238061905
INFO:root:83
Train: 0.2052721083164215 VAL: 0.23932388424873352
INFO:root:84
Train: 0.20423230528831482 VAL: 0.2401559054851532
INFO:root:85
Train: 0.20369243621826172 VAL: 0.24050213396549225
INFO:root:86
Train: 0.2044154405593872 VAL: 0.23942989110946655
INFO:root:87
Train: 0.20305219292640686 VAL: 0.242600679397583
INFO:root:88
Train: 0.20294508337974548 VAL: 0.24088945984840393
INFO:root:89
Train: 0.20243123173713684 VAL: 0.23988695442676544
INFO:root:90
Train: 0.2011163830757141 VAL: 0.2398694008588791
INFO:root:91
Train: 0.2012297809123993 VAL: 0.24135759472846985
INFO:root:92
Train: 0.20047111809253693 VAL: 0.240194633603096
INFO:root:93
Train: 0.2006714642047882 VAL: 0.24030327796936035
INFO:root:94
Train: 0.20082437992095947 VAL: 0.2403872013092041
INFO:root:95
Train: 0.2008855938911438 VAL: 0.24053797125816345
INFO:root:96
Train: 0.20005270838737488 VAL: 0.24161246418952942
INFO:root:97
Train: 0.20011526346206665 VAL: 0.23972055315971375
INFO:root:BEST VAL: 0.23972055315971375 TEST : 0.23290935158729553
