INFO:root:Namespace(quiet=False, run_id=None, config=None, epochs=200, fold=3, batch_size=128, learn_rate=0.001, betas=(0.9, 0.999), weight_decay=0.001, hidden_size=32, kernel_init='skew-symmetric', note='', seed=None, nlayers=2, attn_head=1, latent_dim=128, dataset='ushcn')
INFO:root:{'input_dim': 5, 'attn_head': 1, 'latent_dim': 128, 'n_layers': 2, 'device': device(type='cuda')}
INFO:root:1
Train: 1.5475540161132812 VAL: 0.5952302813529968
INFO:root:2
Train: 0.639491856098175 VAL: 0.5834519267082214
INFO:root:3
Train: 0.4818287193775177 VAL: 0.3702273666858673
INFO:root:4
Train: 0.45966652035713196 VAL: 0.3360949158668518
INFO:root:5
Train: 0.38565221428871155 VAL: 0.3156101405620575
INFO:root:6
Train: 0.3776470422744751 VAL: 0.32416853308677673
INFO:root:7
Train: 0.3507131338119507 VAL: 0.2843618392944336
INFO:root:8
Train: 0.3804119825363159 VAL: 0.27310165762901306
INFO:root:9
Train: 0.3232135772705078 VAL: 0.32156282663345337
INFO:root:10
Train: 0.38638433814048767 VAL: 0.316363662481308
INFO:root:11
Train: 0.3729316294193268 VAL: 0.31482821702957153
INFO:root:12
Train: 0.35472559928894043 VAL: 0.29751893877983093
INFO:root:13
Train: 0.3671664297580719 VAL: 0.28824812173843384
INFO:root:14
Train: 0.35490548610687256 VAL: 0.2796062231063843
INFO:root:15
Train: 0.34277400374412537 VAL: 0.27448105812072754
INFO:root:16
Train: 0.35155150294303894 VAL: 0.2739535868167877
INFO:root:17
Train: 0.2985689043998718 VAL: 0.26412728428840637
INFO:root:18
Train: 0.3155311942100525 VAL: 0.27566030621528625
INFO:root:19
Train: 0.3379533290863037 VAL: 0.2738977372646332
INFO:root:20
Train: 0.33301877975463867 VAL: 0.2934373915195465
INFO:root:21
Train: 0.35591772198677063 VAL: 0.2813841700553894
INFO:root:22
Train: 0.3327206075191498 VAL: 0.27944445610046387
INFO:root:23
Train: 0.3491156995296478 VAL: 0.2711513340473175
INFO:root:24
Train: 0.3261505663394928 VAL: 0.263005793094635
INFO:root:25
Train: 0.3102940320968628 VAL: 0.2655654549598694
INFO:root:26
Train: 0.31054264307022095 VAL: 0.26115211844444275
INFO:root:27
Train: 0.2938890755176544 VAL: 0.2578602731227875
INFO:root:28
Train: 0.30662423372268677 VAL: 0.25695550441741943
INFO:root:29
Train: 0.3061334192752838 VAL: 0.26179009675979614
INFO:root:30
Train: 0.3164839744567871 VAL: 0.26018205285072327
INFO:root:31
Train: 0.3164902627468109 VAL: 0.27104687690734863
INFO:root:32
Train: 0.306478351354599 VAL: 0.25714346766471863
INFO:root:33
Train: 0.29187557101249695 VAL: 0.26399022340774536
INFO:root:34
Train: 0.304149329662323 VAL: 0.25817352533340454
INFO:root:35
Train: 0.31395065784454346 VAL: 0.2787027359008789
INFO:root:36
Train: 0.2763018310070038 VAL: 0.2631496787071228
INFO:root:37
Train: 0.29999157786369324 VAL: 0.2628101110458374
INFO:root:38
Train: 0.2898428738117218 VAL: 0.25817418098449707
INFO:root:39
Train: 0.3055983781814575 VAL: 0.25978800654411316
INFO:root:40
Train: 0.3001754581928253 VAL: 0.25650137662887573
INFO:root:41
Train: 0.2923758924007416 VAL: 0.25800418853759766
INFO:root:42
Train: 0.2998017370700836 VAL: 0.2603408396244049
INFO:root:43
Train: 0.2998273968696594 VAL: 0.25800710916519165
INFO:root:44
Train: 0.29596689343452454 VAL: 0.25811466574668884
INFO:root:45
Train: 0.2834008038043976 VAL: 0.25808990001678467
INFO:root:46
Train: 0.29530879855155945 VAL: 0.25640302896499634
INFO:root:47
Train: 0.29931876063346863 VAL: 0.2619082033634186
INFO:root:48
Train: 0.2783772945404053 VAL: 0.26146721839904785
INFO:root:49
Train: 0.29932060837745667 VAL: 0.25750598311424255
INFO:root:50
Train: 0.29279184341430664 VAL: 0.26107218861579895
INFO:root:51
Train: 0.29480883479118347 VAL: 0.259379118680954
INFO:root:52
Train: 0.2962923049926758 VAL: 0.2672247588634491
INFO:root:53
Train: 0.29928573966026306 VAL: 0.25775593519210815
INFO:root:54
Train: 0.2921176254749298 VAL: 0.26033008098602295
INFO:root:55
Train: 0.29117265343666077 VAL: 0.25656062364578247
INFO:root:56
Train: 0.280360609292984 VAL: 0.2563265264034271
INFO:root:57
Train: 0.2850155532360077 VAL: 0.25969210267066956
INFO:root:58
Train: 0.29211732745170593 VAL: 0.2590288519859314
INFO:root:59
Train: 0.29025018215179443 VAL: 0.2599286139011383
INFO:root:60
Train: 0.29469314217567444 VAL: 0.26003164052963257
INFO:root:61
Train: 0.29496434330940247 VAL: 0.25928500294685364
INFO:root:62
Train: 0.29492396116256714 VAL: 0.26054346561431885
INFO:root:63
Train: 0.2948848009109497 VAL: 0.2568739354610443
INFO:root:64
Train: 0.28892409801483154 VAL: 0.2564115822315216
INFO:root:65
Train: 0.296821266412735 VAL: 0.26807281374931335
INFO:root:66
Train: 0.2868088483810425 VAL: 0.2678241729736328
INFO:root:67
Train: 0.27317169308662415 VAL: 0.26005610823631287
INFO:root:68
Train: 0.28757449984550476 VAL: 0.2592962384223938
INFO:root:69
Train: 0.26880764961242676 VAL: 0.25647905468940735
INFO:root:70
Train: 0.29355958104133606 VAL: 0.25684550404548645
INFO:root:71
Train: 0.27681079506874084 VAL: 0.2587812542915344
INFO:root:72
Train: 0.2963158190250397 VAL: 0.25801312923431396
INFO:root:73
Train: 0.2960357069969177 VAL: 0.2597199082374573
INFO:root:74
Train: 0.29154732823371887 VAL: 0.26173144578933716
INFO:root:75
Train: 0.29358217120170593 VAL: 0.26299792528152466
INFO:root:76
Train: 0.2969741225242615 VAL: 0.25788575410842896
INFO:root:77
Train: 0.2817741930484772 VAL: 0.2629532217979431
INFO:root:78
Train: 0.29328903555870056 VAL: 0.25961267948150635
INFO:root:79
Train: 0.28885123133659363 VAL: 0.2595345973968506
INFO:root:80
Train: 0.2906815707683563 VAL: 0.2572883367538452
INFO:root:81
Train: 0.29357126355171204 VAL: 0.25786668062210083
INFO:root:82
Train: 0.27711430191993713 VAL: 0.25726446509361267
INFO:root:83
Train: 0.29282358288764954 VAL: 0.2579439878463745
INFO:root:84
Train: 0.2799411118030548 VAL: 0.25840121507644653
INFO:root:85
Train: 0.27255013585090637 VAL: 0.25724613666534424
INFO:root:86
Train: 0.28624433279037476 VAL: 0.2565253674983978
INFO:root:BEST VAL: 0.2565253674983978 TEST : 0.24936798214912415
INFO:root:Namespace(quiet=False, run_id=None, config=None, epochs=200, fold=3, batch_size=128, learn_rate=0.001, betas=(0.9, 0.999), weight_decay=0.001, hidden_size=32, kernel_init='skew-symmetric', note='', seed=None, nlayers=2, attn_head=1, latent_dim=128, dataset='ushcn')
INFO:root:{'input_dim': 5, 'attn_head': 1, 'latent_dim': 128, 'n_layers': 2, 'device': device(type='cuda')}
INFO:root:1
Train: 1.8689427375793457 VAL: 0.7085831165313721
INFO:root:2
Train: 0.70025634765625 VAL: 0.6635863780975342
INFO:root:3
Train: 0.5569133162498474 VAL: 0.4620211124420166
INFO:root:4
Train: 0.406399130821228 VAL: 0.33062437176704407
INFO:root:5
Train: 0.39664140343666077 VAL: 0.3428240120410919
INFO:root:6
Train: 0.34578922390937805 VAL: 0.3106591999530792
INFO:root:7
Train: 0.37203940749168396 VAL: 0.3119394779205322
INFO:root:8
Train: 0.3520205318927765 VAL: 0.3090327978134155
INFO:root:9
Train: 0.33305051922798157 VAL: 0.29622501134872437
INFO:root:10
Train: 0.33471962809562683 VAL: 0.29617753624916077
INFO:root:11
Train: 0.3243599236011505 VAL: 0.2861582338809967
INFO:root:12
Train: 0.3414304554462433 VAL: 0.2869412899017334
INFO:root:13
Train: 0.3247681260108948 VAL: 0.3013409674167633
INFO:root:14
Train: 0.327446311712265 VAL: 0.2825940251350403
INFO:root:15
Train: 0.31999364495277405 VAL: 0.2838142514228821
INFO:root:16
Train: 0.3209857642650604 VAL: 0.2846454977989197
INFO:root:17
Train: 0.3114350140094757 VAL: 0.2805153727531433
INFO:root:18
Train: 0.2991006672382355 VAL: 0.28208866715431213
INFO:root:19
Train: 0.2979595959186554 VAL: 0.28819113969802856
INFO:root:20
Train: 0.3260551393032074 VAL: 0.2877472937107086
INFO:root:21
Train: 0.31629130244255066 VAL: 0.27744585275650024
INFO:root:22
Train: 0.3138981759548187 VAL: 0.27742883563041687
INFO:root:23
Train: 0.31492605805397034 VAL: 0.2796142101287842
INFO:root:24
Train: 0.3119606375694275 VAL: 0.27724260091781616
INFO:root:25
Train: 0.3091210126876831 VAL: 0.2750171422958374
INFO:root:26
Train: 0.31205499172210693 VAL: 0.2858724594116211
INFO:root:27
Train: 0.2897360920906067 VAL: 0.274848073720932
INFO:root:28
Train: 0.30375850200653076 VAL: 0.2746022939682007
INFO:root:29
Train: 0.3015235364437103 VAL: 0.28126224875450134
INFO:root:30
Train: 0.3127302825450897 VAL: 0.27600088715553284
INFO:root:31
Train: 0.31127893924713135 VAL: 0.2755105793476105
INFO:root:32
Train: 0.26683202385902405 VAL: 0.27616018056869507
INFO:root:33
Train: 0.3099273443222046 VAL: 0.2784647047519684
INFO:root:34
Train: 0.30478379130363464 VAL: 0.28297415375709534
INFO:root:35
Train: 0.31096094846725464 VAL: 0.27968230843544006
INFO:root:36
Train: 0.3034766912460327 VAL: 0.27762001752853394
INFO:root:37
Train: 0.30039671063423157 VAL: 0.2755422294139862
INFO:root:38
Train: 0.30639541149139404 VAL: 0.29132214188575745
INFO:root:39
Train: 0.3090832531452179 VAL: 0.2824127674102783
INFO:root:40
Train: 0.3065381944179535 VAL: 0.2780565917491913
INFO:root:41
Train: 0.28015172481536865 VAL: 0.2786964476108551
INFO:root:42
Train: 0.3034087121486664 VAL: 0.274306058883667
INFO:root:43
Train: 0.30378448963165283 VAL: 0.2763115167617798
INFO:root:44
Train: 0.30415597558021545 VAL: 0.2757434844970703
INFO:root:45
Train: 0.29359495639801025 VAL: 0.2752017378807068
INFO:root:46
Train: 0.3023945987224579 VAL: 0.2746584117412567
INFO:root:47
Train: 0.29584208130836487 VAL: 0.27742594480514526
INFO:root:48
Train: 0.3016057014465332 VAL: 0.2752648591995239
INFO:root:49
Train: 0.29856595396995544 VAL: 0.2736305892467499
INFO:root:50
Train: 0.30193233489990234 VAL: 0.2779916822910309
INFO:root:51
Train: 0.2982068955898285 VAL: 0.2763511538505554
INFO:root:52
Train: 0.29457351565361023 VAL: 0.27909839153289795
INFO:root:53
Train: 0.2944224178791046 VAL: 0.2793383002281189
INFO:root:54
Train: 0.30317044258117676 VAL: 0.2791652977466583
INFO:root:55
Train: 0.3057851493358612 VAL: 0.27603134512901306
INFO:root:56
Train: 0.28842592239379883 VAL: 0.28672128915786743
INFO:root:57
Train: 0.31249096989631653 VAL: 0.2788635790348053
INFO:root:58
Train: 0.2959805727005005 VAL: 0.2780190706253052
INFO:root:59
Train: 0.2957703769207001 VAL: 0.27610865235328674
INFO:root:60
Train: 0.3029560148715973 VAL: 0.2784346640110016
INFO:root:61
Train: 0.2975788414478302 VAL: 0.2775200307369232
INFO:root:62
Train: 0.3013111650943756 VAL: 0.2767070233821869
INFO:root:63
Train: 0.28582650423049927 VAL: 0.2774030268192291
INFO:root:64
Train: 0.28115949034690857 VAL: 0.27659040689468384
INFO:root:65
Train: 0.29862698912620544 VAL: 0.27751806378364563
INFO:root:66
Train: 0.2996465861797333 VAL: 0.2768801748752594
INFO:root:67
Train: 0.2764599323272705 VAL: 0.27646970748901367
INFO:root:68
Train: 0.29766377806663513 VAL: 0.278291255235672
INFO:root:69
Train: 0.3011908233165741 VAL: 0.2777877449989319
INFO:root:70
Train: 0.2992629110813141 VAL: 0.27678918838500977
INFO:root:71
Train: 0.2970633804798126 VAL: 0.2786003053188324
INFO:root:72
Train: 0.2926771938800812 VAL: 0.2769415080547333
INFO:root:73
Train: 0.3001728951931 VAL: 0.2773144543170929
INFO:root:74
Train: 0.30214422941207886 VAL: 0.2762567698955536
INFO:root:75
Train: 0.292031854391098 VAL: 0.2774980068206787
INFO:root:76
Train: 0.30215638875961304 VAL: 0.27794840931892395
INFO:root:77
Train: 0.3024583160877228 VAL: 0.27843788266181946
INFO:root:78
Train: 0.2984671890735626 VAL: 0.27806413173675537
INFO:root:79
Train: 0.29979780316352844 VAL: 0.27754342555999756
INFO:root:BEST VAL: 0.27754342555999756 TEST : 0.2467724084854126
INFO:root:Namespace(quiet=False, run_id=None, config=None, epochs=200, fold=3, batch_size=128, learn_rate=0.001, betas=(0.9, 0.999), weight_decay=0.001, hidden_size=32, kernel_init='skew-symmetric', note='', seed=None, nlayers=2, attn_head=1, latent_dim=128, dataset='ushcn')
INFO:root:{'input_dim': 5, 'attn_head': 1, 'latent_dim': 128, 'n_layers': 2, 'device': device(type='cuda')}
INFO:root:1
Train: 1.3798112869262695 VAL: 0.5939652919769287
INFO:root:2
Train: 0.6239507794380188 VAL: 0.5670244693756104
INFO:root:3
Train: 0.4538532793521881 VAL: 0.33399486541748047
INFO:root:4
Train: 0.37836983799934387 VAL: 0.3144274353981018
INFO:root:5
Train: 0.3742165267467499 VAL: 0.3440929353237152
INFO:root:6
Train: 0.35116735100746155 VAL: 0.31028127670288086
INFO:root:7
Train: 0.33830055594444275 VAL: 0.29515188932418823
INFO:root:8
Train: 0.328123539686203 VAL: 0.2831486761569977
INFO:root:9
Train: 0.28912052512168884 VAL: 0.28459373116493225
INFO:root:10
Train: 0.3131448030471802 VAL: 0.2836165130138397
INFO:root:11
Train: 0.3043500483036041 VAL: 0.29156363010406494
INFO:root:12
Train: 0.32260164618492126 VAL: 0.28759533166885376
INFO:root:13
Train: 0.3128925561904907 VAL: 0.279032826423645
INFO:root:14
Train: 0.305621474981308 VAL: 0.2762085199356079
INFO:root:15
Train: 0.3021107316017151 VAL: 0.2803365886211395
INFO:root:16
Train: 0.30796775221824646 VAL: 0.2822607457637787
INFO:root:17
Train: 0.31308045983314514 VAL: 0.27682462334632874
INFO:root:18
Train: 0.3111116290092468 VAL: 0.27539145946502686
INFO:root:19
Train: 0.3089505136013031 VAL: 0.28037601709365845
INFO:root:20
Train: 0.3058720529079437 VAL: 0.28098833560943604
INFO:root:21
Train: 0.29193729162216187 VAL: 0.2781943678855896
INFO:root:22
Train: 0.2930704653263092 VAL: 0.27613556385040283
INFO:root:23
Train: 0.3026057183742523 VAL: 0.27815696597099304
INFO:root:24
Train: 0.30694058537483215 VAL: 0.28203803300857544
INFO:root:25
Train: 0.2684365510940552 VAL: 0.2779415249824524
INFO:root:26
Train: 0.30296170711517334 VAL: 0.28226417303085327
INFO:root:27
Train: 0.3125080466270447 VAL: 0.293343722820282
INFO:root:28
Train: 0.3111238181591034 VAL: 0.2817375063896179
INFO:root:29
Train: 0.3086550831794739 VAL: 0.2880212664604187
INFO:root:30
Train: 0.30135583877563477 VAL: 0.28575780987739563
INFO:root:31
Train: 0.30640533566474915 VAL: 0.27763575315475464
INFO:root:32
Train: 0.3060610592365265 VAL: 0.2779157757759094
INFO:root:33
Train: 0.28514325618743896 VAL: 0.27725452184677124
INFO:root:34
Train: 0.28283947706222534 VAL: 0.27769535779953003
INFO:root:35
Train: 0.2821958363056183 VAL: 0.27564737200737
INFO:root:36
Train: 0.28921031951904297 VAL: 0.27609243988990784
INFO:root:37
Train: 0.30187371373176575 VAL: 0.2779059410095215
INFO:root:38
Train: 0.29935088753700256 VAL: 0.27861154079437256
INFO:root:39
Train: 0.3026978075504303 VAL: 0.2808076739311218
INFO:root:40
Train: 0.27785125374794006 VAL: 0.27730605006217957
INFO:root:41
Train: 0.298743337392807 VAL: 0.27705639600753784
INFO:root:42
Train: 0.29202625155448914 VAL: 0.2795528173446655
INFO:root:43
Train: 0.2753956615924835 VAL: 0.2768021821975708
INFO:root:44
Train: 0.29692980647087097 VAL: 0.2778961956501007
INFO:root:45
Train: 0.28090700507164 VAL: 0.27959856390953064
INFO:root:46
Train: 0.29312101006507874 VAL: 0.2766803503036499
INFO:root:47
Train: 0.29518836736679077 VAL: 0.27730047702789307
INFO:root:48
Train: 0.2991326153278351 VAL: 0.2778947353363037
INFO:root:Namespace(quiet=False, run_id=None, config=None, epochs=200, fold=3, batch_size=128, learn_rate=0.001, betas=(0.9, 0.999), weight_decay=0.001, hidden_size=32, kernel_init='skew-symmetric', note='', seed=None, nlayers=2, attn_head=1, latent_dim=128, dataset='ushcn')
INFO:root:{'input_dim': 5, 'attn_head': 1, 'latent_dim': 128, 'n_layers': 2, 'device': device(type='cuda')}
INFO:root:1
Train: 1.3965067863464355 VAL: 0.6541005373001099
INFO:root:2
Train: 0.6175013184547424 VAL: 0.5682179927825928
INFO:root:3
Train: 0.4901852309703827 VAL: 0.4188232719898224
INFO:root:4
Train: 0.4367959499359131 VAL: 0.36588388681411743
INFO:root:5
Train: 0.41090071201324463 VAL: 0.33651477098464966
INFO:root:6
Train: 0.3894580602645874 VAL: 0.32807666063308716
INFO:root:7
Train: 0.3728539049625397 VAL: 0.30302733182907104
INFO:root:8
Train: 0.34825924038887024 VAL: 0.5360544323921204
INFO:root:9
Train: 0.3369404375553131 VAL: 0.30524858832359314
INFO:root:10
Train: 0.3262958824634552 VAL: 0.2943916320800781
INFO:root:11
Train: 0.3165580928325653 VAL: 0.27952295541763306
INFO:root:12
Train: 0.3175092935562134 VAL: 0.2783806324005127
INFO:root:13
Train: 0.3065183758735657 VAL: 0.28105494379997253
INFO:root:14
Train: 0.3184753954410553 VAL: 0.2860046923160553
INFO:root:15
Train: 0.32441529631614685 VAL: 0.2982008159160614
INFO:root:16
Train: 0.3342480957508087 VAL: 0.282692015171051
INFO:root:17
Train: 0.3148125112056732 VAL: 0.2912282645702362
INFO:root:18
Train: 0.3359565734863281 VAL: 0.2967161238193512
INFO:root:19
Train: 0.31567224860191345 VAL: 0.2785138189792633
INFO:root:20
Train: 0.2718448340892792 VAL: 0.27925097942352295
INFO:root:21
Train: 0.31288033723831177 VAL: 0.28117865324020386
INFO:root:22
Train: 0.28343111276626587 VAL: 0.2789462208747864
INFO:root:23
Train: 0.29759731888771057 VAL: 0.27836108207702637
INFO:root:24
Train: 0.2987043261528015 VAL: 0.276517391204834
INFO:root:25
Train: 0.30282387137413025 VAL: 0.275407612323761
INFO:root:26
Train: 0.30764034390449524 VAL: 0.2764090895652771
INFO:root:27
Train: 0.306782990694046 VAL: 0.27642205357551575
INFO:root:28
Train: 0.30595871806144714 VAL: 0.27622371912002563
INFO:root:29
Train: 0.29813340306282043 VAL: 0.27632972598075867
INFO:root:30
Train: 0.3074272871017456 VAL: 0.27553725242614746
INFO:root:31
Train: 0.30109062790870667 VAL: 0.27504146099090576
INFO:root:32
Train: 0.30565500259399414 VAL: 0.27465546131134033
INFO:root:33
Train: 0.28467103838920593 VAL: 0.2756069302558899
INFO:root:34
Train: 0.2858816087245941 VAL: 0.274988055229187
INFO:root:35
Train: 0.3046254515647888 VAL: 0.27734237909317017
INFO:root:36
Train: 0.3018084466457367 VAL: 0.275181382894516
INFO:root:37
Train: 0.2972972095012665 VAL: 0.2785841226577759
INFO:root:38
Train: 0.2961897552013397 VAL: 0.2754209637641907
INFO:root:39
Train: 0.29941943287849426 VAL: 0.2745248079299927
INFO:root:40
Train: 0.30235037207603455 VAL: 0.2777978181838989
INFO:root:41
Train: 0.3027910888195038 VAL: 0.2784656882286072
INFO:root:42
Train: 0.30367007851600647 VAL: 0.2752090394496918
INFO:root:43
Train: 0.3046741485595703 VAL: 0.2784510552883148
INFO:root:44
Train: 0.30364790558815 VAL: 0.2789536714553833
INFO:root:45
Train: 0.29651400446891785 VAL: 0.27574217319488525
INFO:root:46
Train: 0.3065493404865265 VAL: 0.2765128016471863
INFO:root:47
Train: 0.30187228322029114 VAL: 0.2776687443256378
INFO:root:48
Train: 0.2994430363178253 VAL: 0.2772696018218994
INFO:root:49
Train: 0.29757580161094666 VAL: 0.2769731879234314
INFO:root:50
Train: 0.30363455414772034 VAL: 0.276235967874527
INFO:root:51
Train: 0.2991630733013153 VAL: 0.27672165632247925
INFO:root:52
Train: 0.30044588446617126 VAL: 0.27830979228019714
INFO:root:53
Train: 0.2948533594608307 VAL: 0.2756984829902649
INFO:root:54
Train: 0.2976731061935425 VAL: 0.28078052401542664
INFO:root:55
Train: 0.29586052894592285 VAL: 0.2770006060600281
INFO:root:56
Train: 0.3010561466217041 VAL: 0.27881625294685364
INFO:root:57
Train: 0.2998846471309662 VAL: 0.27983659505844116
INFO:root:58
Train: 0.29843956232070923 VAL: 0.2796575427055359
INFO:root:59
Train: 0.30325791239738464 VAL: 0.2771178185939789
INFO:root:60
Train: 0.2995571196079254 VAL: 0.27914726734161377
INFO:root:61
Train: 0.2982569634914398 VAL: 0.2776487469673157
INFO:root:62
Train: 0.2838042676448822 VAL: 0.2775937616825104
INFO:root:63
Train: 0.30205777287483215 VAL: 0.2774708569049835
INFO:root:64
Train: 0.30186927318573 VAL: 0.28082969784736633
INFO:root:65
Train: 0.27228206396102905 VAL: 0.2776009440422058
INFO:root:66
Train: 0.29336607456207275 VAL: 0.2790524363517761
INFO:root:67
Train: 0.2835061252117157 VAL: 0.27740156650543213
INFO:root:68
Train: 0.29666173458099365 VAL: 0.27880436182022095
INFO:root:69
Train: 0.2969121038913727 VAL: 0.2781662344932556
INFO:root:BEST VAL: 0.2781662344932556 TEST : 0.23859849572181702
INFO:root:Namespace(quiet=False, run_id=None, config=None, epochs=200, fold=3, batch_size=128, learn_rate=0.001, betas=(0.9, 0.999), weight_decay=0.001, hidden_size=32, kernel_init='skew-symmetric', note='', seed=None, nlayers=2, attn_head=1, latent_dim=128, dataset='ushcn')
INFO:root:{'input_dim': 5, 'attn_head': 1, 'latent_dim': 128, 'n_layers': 2, 'device': device(type='cuda')}
INFO:root:1
Train: 1.5189601182937622 VAL: 0.597316324710846
INFO:root:2
Train: 0.6051779389381409 VAL: 0.6059006452560425
INFO:root:3
Train: 0.4989214837551117 VAL: 0.4001099467277527
INFO:root:4
Train: 0.43668052554130554 VAL: 0.33018606901168823
INFO:root:5
Train: 0.38090744614601135 VAL: 0.33577969670295715
INFO:root:6
Train: 0.3589988946914673 VAL: 0.3093010187149048
INFO:root:7
Train: 0.34598758816719055 VAL: 0.3079075813293457
INFO:root:8
Train: 0.33122268319129944 VAL: 0.2870520353317261
INFO:root:9
Train: 0.2878042459487915 VAL: 0.28315672278404236
INFO:root:10
Train: 0.2986968457698822 VAL: 0.2804636061191559
INFO:root:11
Train: 0.31475844979286194 VAL: 0.30353546142578125
INFO:root:12
Train: 0.32255613803863525 VAL: 0.27846139669418335
INFO:root:13
Train: 0.3139173090457916 VAL: 0.2904423475265503
INFO:root:14
Train: 0.29661616683006287 VAL: 0.2847161293029785
INFO:root:15
Train: 0.32209330797195435 VAL: 0.2851361632347107
INFO:root:16
Train: 0.3060094118118286 VAL: 0.2871430516242981
INFO:root:17
Train: 0.31666260957717896 VAL: 0.28342655301094055
INFO:root:18
Train: 0.3184523284435272 VAL: 0.27689072489738464
INFO:root:19
Train: 0.3142573833465576 VAL: 0.2792177200317383
INFO:root:20
Train: 0.30569782853126526 VAL: 0.2762586176395416
INFO:root:21
Train: 0.30496129393577576 VAL: 0.2793356776237488
INFO:root:22
Train: 0.3155662417411804 VAL: 0.2804199755191803
INFO:root:23
Train: 0.30816832184791565 VAL: 0.2776435613632202
INFO:root:24
Train: 0.3109234869480133 VAL: 0.28332191705703735
INFO:root:25
Train: 0.3065680265426636 VAL: 0.2826096713542938
INFO:root:26
Train: 0.30596211552619934 VAL: 0.28671795129776
INFO:root:27
Train: 0.2997407019138336 VAL: 0.2779555320739746
INFO:root:28
Train: 0.31005048751831055 VAL: 0.27849870920181274
INFO:root:29
Train: 0.3071478307247162 VAL: 0.2768685221672058
INFO:root:30
Train: 0.28626441955566406 VAL: 0.27769821882247925
INFO:root:31
Train: 0.3047482669353485 VAL: 0.27796339988708496
INFO:root:32
Train: 0.30865171551704407 VAL: 0.28193965554237366
INFO:root:33
Train: 0.30861780047416687 VAL: 0.2765386402606964
INFO:root:34
Train: 0.30437585711479187 VAL: 0.28119319677352905
INFO:root:35
Train: 0.30782851576805115 VAL: 0.2766675055027008
INFO:root:36
Train: 0.3066953420639038 VAL: 0.2778245210647583
INFO:root:37
Train: 0.30664288997650146 VAL: 0.2881661355495453
INFO:root:38
Train: 0.30832576751708984 VAL: 0.2810061573982239
INFO:root:39
Train: 0.30013278126716614 VAL: 0.2815455198287964
INFO:root:40
Train: 0.28907138109207153 VAL: 0.28292104601860046
INFO:root:41
Train: 0.3059544861316681 VAL: 0.27902156114578247
INFO:root:42
Train: 0.30291613936424255 VAL: 0.2798303961753845
INFO:root:43
Train: 0.3006053864955902 VAL: 0.27833837270736694
INFO:root:44
Train: 0.3048645853996277 VAL: 0.2811702489852905
INFO:root:45
Train: 0.30388736724853516 VAL: 0.2828838527202606
INFO:root:46
Train: 0.3023906946182251 VAL: 0.27911698818206787
INFO:root:47
Train: 0.2994317412376404 VAL: 0.27862516045570374
INFO:root:48
Train: 0.28553497791290283 VAL: 0.2793296277523041
INFO:root:49
Train: 0.3029997944831848 VAL: 0.2801547050476074
INFO:root:50
Train: 0.2980548143386841 VAL: 0.2815427780151367
INFO:root:BEST VAL: 0.2815427780151367 TEST : 0.2410488724708557
