INFO:root:Namespace(quiet=False, run_id=None, config=None, epochs=200, fold=2, batch_size=128, learn_rate=0.001, betas=(0.9, 0.999), weight_decay=0.001, hidden_size=32, kernel_init='skew-symmetric', note='', seed=None, nlayers=2, attn_head=1, latent_dim=64, dataset='ushcn')
INFO:root:{'input_dim': 5, 'attn_head': 1, 'latent_dim': 64, 'n_layers': 2, 'device': device(type='cuda')}
INFO:root:1
Train: 0.6663509011268616 VAL: 0.5480139851570129
INFO:root:2
Train: 0.5827070474624634 VAL: 0.4345480501651764
INFO:root:3
Train: 0.4796825349330902 VAL: 0.360820472240448
INFO:root:4
Train: 0.3826049864292145 VAL: 0.28570595383644104
INFO:root:5
Train: 0.3384183347225189 VAL: 0.25230151414871216
INFO:root:6
Train: 0.36839011311531067 VAL: 0.29180142283439636
INFO:root:7
Train: 0.34343862533569336 VAL: 0.24843382835388184
INFO:root:8
Train: 0.3505879342556 VAL: 0.23745836317539215
INFO:root:9
Train: 0.33641958236694336 VAL: 0.22879959642887115
INFO:root:10
Train: 0.315599650144577 VAL: 0.23234853148460388
INFO:root:11
Train: 0.3208305537700653 VAL: 0.2460879385471344
INFO:root:12
Train: 0.29819414019584656 VAL: 0.24917054176330566
INFO:root:13
Train: 0.30795952677726746 VAL: 0.24529418349266052
INFO:root:14
Train: 0.29262781143188477 VAL: 0.26551732420921326
INFO:root:15
Train: 0.3194104731082916 VAL: 0.2677009701728821
INFO:root:16
Train: 0.3141893744468689 VAL: 0.27654895186424255
INFO:root:17
Train: 0.30825623869895935 VAL: 0.29788920283317566
INFO:root:18
Train: 0.3083759546279907 VAL: 0.28184306621551514
INFO:root:19
Train: 0.30189844965934753 VAL: 0.28320199251174927
INFO:root:20
Train: 0.31004244089126587 VAL: 0.27155256271362305
INFO:root:21
Train: 0.281191349029541 VAL: 0.2862135171890259
INFO:root:22
Train: 0.2979110777378082 VAL: 0.2864307463169098
INFO:root:23
Train: 0.29083049297332764 VAL: 0.2945842444896698
INFO:root:24
Train: 0.2845216393470764 VAL: 0.2925243079662323
INFO:root:25
Train: 0.2936145067214966 VAL: 0.2984035015106201
INFO:root:26
Train: 0.2869243621826172 VAL: 0.2882584035396576
INFO:root:27
Train: 0.3020387589931488 VAL: 0.29039323329925537
INFO:root:28
Train: 0.29804202914237976 VAL: 0.29345574975013733
INFO:root:29
Train: 0.2995120584964752 VAL: 0.29138922691345215
INFO:root:30
Train: 0.27752402424812317 VAL: 0.3010098338127136
INFO:root:31
Train: 0.2997727394104004 VAL: 0.29036206007003784
INFO:root:32
Train: 0.2918108403682709 VAL: 0.30843523144721985
INFO:root:33
Train: 0.3027102053165436 VAL: 0.2929762303829193
INFO:root:34
Train: 0.29358699917793274 VAL: 0.29602959752082825
INFO:root:35
Train: 0.29815253615379333 VAL: 0.2929670214653015
INFO:root:36
Train: 0.29670605063438416 VAL: 0.2958325445652008
INFO:root:37
Train: 0.29919692873954773 VAL: 0.29482173919677734
INFO:root:38
Train: 0.2931656539440155 VAL: 0.29713132977485657
INFO:root:39
Train: 0.29884400963783264 VAL: 0.3006945848464966
INFO:root:Namespace(quiet=False, run_id=None, config=None, epochs=200, fold=2, batch_size=128, learn_rate=0.001, betas=(0.9, 0.999), weight_decay=0.001, hidden_size=32, kernel_init='skew-symmetric', note='', seed=None, nlayers=2, attn_head=1, latent_dim=64, dataset='ushcn')
INFO:root:{'input_dim': 5, 'attn_head': 1, 'latent_dim': 64, 'n_layers': 2, 'device': device(type='cuda')}
INFO:root:1
Train: 0.8051974773406982 VAL: 0.6341177225112915
INFO:root:2
Train: 0.555467426776886 VAL: 0.48609691858291626
INFO:root:3
Train: 0.45635128021240234 VAL: 0.40793007612228394
INFO:root:4
Train: 0.5091479420661926 VAL: 0.36561036109924316
INFO:root:5
Train: 0.3466910123825073 VAL: 0.25374871492385864
INFO:root:6
Train: 0.38782334327697754 VAL: 0.2551756501197815
INFO:root:7
Train: 0.36346662044525146 VAL: 0.2395934760570526
INFO:root:8
Train: 0.33714759349823 VAL: 0.2583385109901428
INFO:root:9
Train: 0.30065515637397766 VAL: 0.302335262298584
INFO:root:10
Train: 0.29733970761299133 VAL: 0.3440227210521698
INFO:root:11
Train: 0.32065749168395996 VAL: 0.2930516302585602
INFO:root:12
Train: 0.2949437201023102 VAL: 0.27500808238983154
INFO:root:13
Train: 0.30139949917793274 VAL: 0.27884891629219055
INFO:root:14
Train: 0.30735155940055847 VAL: 0.2942216992378235
INFO:root:15
Train: 0.29760903120040894 VAL: 0.309006929397583
INFO:root:16
Train: 0.2994120419025421 VAL: 0.30984002351760864
INFO:root:17
Train: 0.3017832934856415 VAL: 0.3063504099845886
INFO:root:18
Train: 0.29947397112846375 VAL: 0.31630104780197144
INFO:root:19
Train: 0.30192694067955017 VAL: 0.31696397066116333
INFO:root:20
Train: 0.30069053173065186 VAL: 0.3065195381641388
INFO:root:21
Train: 0.30032435059547424 VAL: 0.3218432664871216
INFO:root:22
Train: 0.29649463295936584 VAL: 0.31506654620170593
INFO:root:23
Train: 0.30155816674232483 VAL: 0.31575775146484375
INFO:root:24
Train: 0.30090010166168213 VAL: 0.319664865732193
INFO:root:25
Train: 0.2994305193424225 VAL: 0.3155245780944824
INFO:root:26
Train: 0.29742392897605896 VAL: 0.32188117504119873
INFO:root:27
Train: 0.2990403473377228 VAL: 0.32037973403930664
INFO:root:28
Train: 0.28784632682800293 VAL: 0.3153758645057678
INFO:root:29
Train: 0.2989838719367981 VAL: 0.31985846161842346
INFO:root:30
Train: 0.26421162486076355 VAL: 0.31971222162246704
INFO:root:31
Train: 0.290015310049057 VAL: 0.3227686882019043
INFO:root:32
Train: 0.2732733488082886 VAL: 0.3163653314113617
INFO:root:33
Train: 0.29213979840278625 VAL: 0.3276711106300354
INFO:root:34
Train: 0.29575851559638977 VAL: 0.32162541151046753
INFO:root:35
Train: 0.2978971600532532 VAL: 0.33035799860954285
INFO:root:36
Train: 0.2906160056591034 VAL: 0.3232991099357605
INFO:root:37
Train: 0.29384830594062805 VAL: 0.32803618907928467
INFO:root:Namespace(quiet=False, run_id=None, config=None, epochs=200, fold=2, batch_size=128, learn_rate=0.001, betas=(0.9, 0.999), weight_decay=0.001, hidden_size=32, kernel_init='skew-symmetric', note='', seed=None, nlayers=2, attn_head=1, latent_dim=64, dataset='ushcn')
INFO:root:{'input_dim': 5, 'attn_head': 1, 'latent_dim': 64, 'n_layers': 2, 'device': device(type='cuda')}
INFO:root:1
Train: 0.7740493416786194 VAL: 0.5872840285301208
INFO:root:2
Train: 0.5498978495597839 VAL: 0.550643801689148
INFO:root:3
Train: 0.46240946650505066 VAL: 0.317126989364624
INFO:root:4
Train: 0.34634193778038025 VAL: 0.24851500988006592
INFO:root:5
Train: 0.33363068103790283 VAL: 0.27185356616973877
INFO:root:6
Train: 0.3374410569667816 VAL: 0.2553282380104065
INFO:root:7
Train: 0.32639268040657043 VAL: 0.25377392768859863
INFO:root:8
Train: 0.2968001067638397 VAL: 0.24564316868782043
INFO:root:9
Train: 0.3160598874092102 VAL: 0.25949493050575256
INFO:root:10
Train: 0.29612213373184204 VAL: 0.295000821352005
INFO:root:11
Train: 0.3193739056587219 VAL: 0.2585577964782715
INFO:root:12
Train: 0.29955971240997314 VAL: 0.2512647211551666
INFO:root:13
Train: 0.29325786232948303 VAL: 0.2826281785964966
INFO:root:14
Train: 0.3004496395587921 VAL: 0.28254011273384094
INFO:root:15
Train: 0.30476710200309753 VAL: 0.30728498101234436
INFO:root:16
Train: 0.30456307530403137 VAL: 0.3352072536945343
INFO:root:17
Train: 0.3039509057998657 VAL: 0.33557969331741333
INFO:root:18
Train: 0.3020843267440796 VAL: 0.3134157359600067
INFO:root:19
Train: 0.2921815812587738 VAL: 0.3277061879634857
INFO:root:20
Train: 0.29798540472984314 VAL: 0.3295339345932007
INFO:root:21
Train: 0.29330429434776306 VAL: 0.3362125754356384
INFO:root:22
Train: 0.2995874583721161 VAL: 0.3295947313308716
INFO:root:23
Train: 0.2997272312641144 VAL: 0.34123244881629944
INFO:root:24
Train: 0.29525718092918396 VAL: 0.33671197295188904
INFO:root:25
Train: 0.29714539647102356 VAL: 0.33724871277809143
INFO:root:26
Train: 0.2988125681877136 VAL: 0.35537415742874146
INFO:root:27
Train: 0.30680036544799805 VAL: 0.3245454430580139
INFO:root:28
Train: 0.2927626669406891 VAL: 0.32882773876190186
INFO:root:29
Train: 0.29692649841308594 VAL: 0.33065372705459595
INFO:root:30
Train: 0.2899666726589203 VAL: 0.33865422010421753
INFO:root:31
Train: 0.296294629573822 VAL: 0.3323032557964325
INFO:root:32
Train: 0.28426259756088257 VAL: 0.33451753854751587
INFO:root:33
Train: 0.296780526638031 VAL: 0.33331912755966187
INFO:root:34
Train: 0.2866063117980957 VAL: 0.33844149112701416
INFO:root:35
Train: 0.29390764236450195 VAL: 0.3501318097114563
INFO:root:36
Train: 0.29563698172569275 VAL: 0.3316040635108948
INFO:root:37
Train: 0.28679195046424866 VAL: 0.33858367800712585
INFO:root:38
Train: 0.2938590943813324 VAL: 0.3372102379798889
INFO:root:BEST VAL: 0.3372102379798889 TEST : 0.35500645637512207
