INFO:root:Namespace(quiet=False, run_id=None, config=None, epochs=200, fold=2, batch_size=128, learn_rate=0.001, betas=(0.9, 0.999), weight_decay=0.001, hidden_size=32, kernel_init='skew-symmetric', note='', seed=None, nlayers=4, attn_head=1, latent_dim=64, dataset='physionet2012')
INFO:root:{'input_dim': 37, 'attn_head': 1, 'latent_dim': 64, 'n_layers': 4, 'device': device(type='cuda')}
INFO:root:1
Train: 0.4750300943851471 VAL: 0.3654344975948334
INFO:root:2
Train: 0.32944902777671814 VAL: 0.30929434299468994
INFO:root:3
Train: 0.3042455017566681 VAL: 0.2981151342391968
INFO:root:4
Train: 0.30038121342658997 VAL: 0.2994147837162018
INFO:root:5
Train: 0.29782071709632874 VAL: 0.2925823926925659
INFO:root:6
Train: 0.2967178523540497 VAL: 0.29281502962112427
INFO:root:7
Train: 0.2953609228134155 VAL: 0.29273027181625366
INFO:root:8
Train: 0.2955600619316101 VAL: 0.2919774651527405
INFO:root:9
Train: 0.2942921221256256 VAL: 0.29232943058013916
INFO:root:10
Train: 0.2923191785812378 VAL: 0.29018837213516235
INFO:root:11
Train: 0.2922326624393463 VAL: 0.2919539511203766
INFO:root:12
Train: 0.2913943827152252 VAL: 0.29086631536483765
INFO:root:13
Train: 0.2900684177875519 VAL: 0.29046908020973206
INFO:root:14
Train: 0.2924376428127289 VAL: 0.2889893651008606
INFO:root:15
Train: 0.2914413511753082 VAL: 0.29181021451950073
INFO:root:16
Train: 0.2893804907798767 VAL: 0.28932303190231323
INFO:root:17
Train: 0.28748491406440735 VAL: 0.288205087184906
INFO:root:18
Train: 0.2883449196815491 VAL: 0.28901198506355286
INFO:root:19
Train: 0.2873430550098419 VAL: 0.2933664917945862
INFO:root:20
Train: 0.28853756189346313 VAL: 0.29228562116622925
INFO:root:21
Train: 0.2874406576156616 VAL: 0.28857922554016113
INFO:root:22
Train: 0.28528013825416565 VAL: 0.2889171540737152
INFO:root:23
Train: 0.28503087162971497 VAL: 0.2909505367279053
INFO:root:24
Train: 0.28608497977256775 VAL: 0.29285699129104614
INFO:root:25
Train: 0.28473547101020813 VAL: 0.2913368344306946
INFO:root:26
Train: 0.2857329249382019 VAL: 0.29680556058883667
INFO:root:27
Train: 0.2833126187324524 VAL: 0.2879878878593445
INFO:root:28
Train: 0.2831984758377075 VAL: 0.28899914026260376
INFO:root:29
Train: 0.2819506525993347 VAL: 0.2967783510684967
INFO:root:30
Train: 0.2821331322193146 VAL: 0.2896769046783447
INFO:root:31
Train: 0.2799759805202484 VAL: 0.2901344299316406
INFO:root:32
Train: 0.2823420763015747 VAL: 0.2913559675216675
INFO:root:33
Train: 0.2789333164691925 VAL: 0.2909729778766632
INFO:root:34
Train: 0.28050026297569275 VAL: 0.29564544558525085
INFO:root:35
Train: 0.28233370184898376 VAL: 0.2991538643836975
INFO:root:36
Train: 0.28181976079940796 VAL: 0.29020148515701294
INFO:root:37
Train: 0.27960464358329773 VAL: 0.29170137643814087
INFO:root:38
Train: 0.27914056181907654 VAL: 0.28828108310699463
INFO:root:39
Train: 0.27414047718048096 VAL: 0.2900002896785736
INFO:root:40
Train: 0.27139732241630554 VAL: 0.2913607954978943
INFO:root:41
Train: 0.2701207399368286 VAL: 0.2928275465965271
INFO:root:42
Train: 0.26972365379333496 VAL: 0.29312729835510254
INFO:root:43
Train: 0.2681084871292114 VAL: 0.2894620895385742
INFO:root:44
Train: 0.26798248291015625 VAL: 0.29033419489860535
INFO:root:45
Train: 0.2667728066444397 VAL: 0.29016393423080444
INFO:root:46
Train: 0.26592758297920227 VAL: 0.2899729907512665
INFO:root:47
Train: 0.26526981592178345 VAL: 0.2920945882797241
INFO:root:48
Train: 0.26602858304977417 VAL: 0.293580025434494
INFO:root:49
Train: 0.2615933418273926 VAL: 0.2925017774105072
INFO:root:50
Train: 0.2593325078487396 VAL: 0.29276928305625916
INFO:root:51
Train: 0.2563900649547577 VAL: 0.29488056898117065
INFO:root:52
Train: 0.25492802262306213 VAL: 0.29757022857666016
INFO:root:53
Train: 0.2540591061115265 VAL: 0.29767733812332153
INFO:root:54
Train: 0.25287434458732605 VAL: 0.2969444990158081
INFO:root:55
Train: 0.25173676013946533 VAL: 0.29802772402763367
INFO:root:56
Train: 0.25084948539733887 VAL: 0.29909548163414
INFO:root:57
Train: 0.25032344460487366 VAL: 0.2967471182346344
INFO:root:BEST VAL: 0.2967471182346344 TEST : 0.2879619300365448
