INFO:root:Namespace(quiet=False, run_id=None, config=None, epochs=200, fold=3, batch_size=64, learn_rate=0.001, betas=(0.9, 0.999), weight_decay=0.001, hidden_size=32, kernel_init='skew-symmetric', note='', seed=None, nlayers=3, attn_head=4, latent_dim=32, dataset='mimiciii')
INFO:root:{'input_dim': 96, 'attn_head': 4, 'latent_dim': 32, 'n_layers': 3, 'device': device(type='cuda')}
INFO:root:1
Train: 0.5820150971412659 VAL: 0.5522518157958984
INFO:root:2
Train: 0.5098381042480469 VAL: 0.4391867220401764
INFO:root:3
Train: 0.45822304487228394 VAL: 0.42895305156707764
INFO:root:4
Train: 0.42757681012153625 VAL: 0.425434947013855
INFO:root:5
Train: 0.4271145761013031 VAL: 0.4072202444076538
INFO:root:6
Train: 0.41988828778266907 VAL: 0.40554818511009216
INFO:root:7
Train: 0.4188905656337738 VAL: 0.41462257504463196
INFO:root:8
Train: 0.41669201850891113 VAL: 0.40023186802864075
INFO:root:9
Train: 0.41275453567504883 VAL: 0.3974536955356598
INFO:root:10
Train: 0.40846988558769226 VAL: 0.39757341146469116
INFO:root:11
Train: 0.40445631742477417 VAL: 0.3912796378135681
INFO:root:12
Train: 0.4010484516620636 VAL: 0.38924258947372437
INFO:root:13
Train: 0.39486074447631836 VAL: 0.38953739404678345
INFO:root:14
Train: 0.4000275135040283 VAL: 0.40511542558670044
INFO:root:15
Train: 0.39970678091049194 VAL: 0.38412171602249146
INFO:root:16
Train: 0.39249590039253235 VAL: 0.39751845598220825
INFO:root:17
Train: 0.3894827663898468 VAL: 0.3792099952697754
INFO:root:18
Train: 0.3875599205493927 VAL: 0.3899880647659302
INFO:root:19
Train: 0.3937787413597107 VAL: 0.3975021541118622
INFO:root:20
Train: 0.3851618468761444 VAL: 0.3817606568336487
INFO:root:21
Train: 0.3836844563484192 VAL: 0.38284996151924133
INFO:root:22
Train: 0.3857865333557129 VAL: 0.3868093490600586
INFO:root:23
Train: 0.37973687052726746 VAL: 0.38227683305740356
INFO:root:24
Train: 0.377784788608551 VAL: 0.38102734088897705
INFO:root:25
Train: 0.3808803856372833 VAL: 0.3740060031414032
INFO:root:26
Train: 0.3789139986038208 VAL: 0.37921684980392456
INFO:root:27
Train: 0.3862892985343933 VAL: 0.3808881640434265
INFO:root:28
Train: 0.38216549158096313 VAL: 0.38030868768692017
INFO:root:29
Train: 0.3762732148170471 VAL: 0.37496116757392883
INFO:root:30
Train: 0.3725016117095947 VAL: 0.38640499114990234
INFO:root:31
Train: 0.3802028000354767 VAL: 0.37689608335494995
INFO:root:32
Train: 0.3689973056316376 VAL: 0.3845866322517395
INFO:root:33
Train: 0.3680952191352844 VAL: 0.3785742521286011
INFO:root:34
Train: 0.37154340744018555 VAL: 0.37951165437698364
INFO:root:35
Train: 0.3659305274486542 VAL: 0.3814854025840759
INFO:root:36
Train: 0.3624015748500824 VAL: 0.37680259346961975
INFO:root:37
Train: 0.3573777973651886 VAL: 0.37623029947280884
INFO:root:38
Train: 0.3553732633590698 VAL: 0.3756510019302368
INFO:root:39
Train: 0.3546592891216278 VAL: 0.3728703260421753
INFO:root:40
Train: 0.3516266942024231 VAL: 0.37403303384780884
INFO:root:41
Train: 0.35148781538009644 VAL: 0.37891629338264465
INFO:root:42
Train: 0.35254302620887756 VAL: 0.37829530239105225
INFO:root:43
Train: 0.35095059871673584 VAL: 0.37873098254203796
INFO:root:44
Train: 0.3497895300388336 VAL: 0.3727646470069885
INFO:root:45
Train: 0.3459864556789398 VAL: 0.37508589029312134
INFO:root:46
Train: 0.3451462686061859 VAL: 0.38285794854164124
INFO:root:47
Train: 0.3475267291069031 VAL: 0.3772515058517456
INFO:root:48
Train: 0.34524935483932495 VAL: 0.37788116931915283
INFO:root:49
Train: 0.34179556369781494 VAL: 0.3768197298049927
INFO:root:50
Train: 0.3413633108139038 VAL: 0.3744635581970215
INFO:root:51
Train: 0.34000396728515625 VAL: 0.37168383598327637
INFO:root:52
Train: 0.34052446484565735 VAL: 0.37732169032096863
INFO:root:53
Train: 0.3363361358642578 VAL: 0.37403351068496704
INFO:root:54
Train: 0.3334493637084961 VAL: 0.3760029673576355
INFO:root:55
Train: 0.3369089961051941 VAL: 0.37437736988067627
INFO:root:56
Train: 0.339036226272583 VAL: 0.3734592795372009
INFO:root:57
Train: 0.330525666475296 VAL: 0.3749884366989136
INFO:root:58
Train: 0.33196163177490234 VAL: 0.38198527693748474
INFO:root:59
Train: 0.33146902918815613 VAL: 0.38377732038497925
INFO:root:60
Train: 0.3281410038471222 VAL: 0.3748297095298767
INFO:root:61
Train: 0.3240859806537628 VAL: 0.37696573138237
INFO:root:62
Train: 0.3232305943965912 VAL: 0.38046807050704956
INFO:root:63
Train: 0.3156207203865051 VAL: 0.3856785297393799
INFO:root:64
Train: 0.31219175457954407 VAL: 0.3835926055908203
INFO:root:65
Train: 0.3091597855091095 VAL: 0.38334882259368896
INFO:root:66
Train: 0.3091990053653717 VAL: 0.3814558982849121
INFO:root:67
Train: 0.30798178911209106 VAL: 0.3874499797821045
INFO:root:68
Train: 0.3072583079338074 VAL: 0.3877905607223511
INFO:root:69
Train: 0.30580273270606995 VAL: 0.38542360067367554
INFO:root:70
Train: 0.3057924211025238 VAL: 0.3839394450187683
INFO:root:71
Train: 0.3054203689098358 VAL: 0.39016133546829224
INFO:root:72
Train: 0.3022218346595764 VAL: 0.39021772146224976
INFO:root:73
Train: 0.30080586671829224 VAL: 0.38482287526130676
INFO:root:74
Train: 0.297224760055542 VAL: 0.3874870240688324
INFO:root:75
Train: 0.2947652041912079 VAL: 0.38653042912483215
INFO:root:76
Train: 0.2953580617904663 VAL: 0.3878190219402313
INFO:root:77
Train: 0.2940508723258972 VAL: 0.3900813162326813
INFO:root:78
Train: 0.29447317123413086 VAL: 0.3934288024902344
INFO:root:79
Train: 0.29216352105140686 VAL: 0.3897269368171692
INFO:root:80
Train: 0.29328981041908264 VAL: 0.39382699131965637
INFO:root:81
Train: 0.291542112827301 VAL: 0.3901665210723877
INFO:root:BEST VAL: 0.3901665210723877 TEST : 0.3881620764732361
