INFO:root:Namespace(quiet=False, run_id=None, config=None, epochs=200, fold=1, batch_size=128, learn_rate=0.001, betas=(0.9, 0.999), weight_decay=0.001, hidden_size=32, kernel_init='skew-symmetric', note='', seed=None, nlayers=4, attn_head=4, latent_dim=256, dataset='ushcn')
INFO:root:{'input_dim': 5, 'attn_head': 4, 'latent_dim': 256, 'n_layers': 4, 'device': device(type='cuda')}
INFO:root:1
Train: 18.19219398498535 VAL: 0.6346686482429504
INFO:root:2
Train: 0.5927834510803223 VAL: 0.8463285565376282
INFO:root:3
Train: 0.7983508110046387 VAL: 0.7161872982978821
INFO:root:4
Train: 0.6373482346534729 VAL: 0.549008309841156
INFO:root:5
Train: 0.4702700078487396 VAL: 0.481615275144577
INFO:root:6
Train: 0.4075603783130646 VAL: 0.4697748124599457
INFO:root:7
Train: 0.4053153693675995 VAL: 0.4364188313484192
INFO:root:8
Train: 0.3659690320491791 VAL: 0.39866307377815247
INFO:root:9
Train: 0.3191330134868622 VAL: 0.39389652013778687
INFO:root:10
Train: 0.28153157234191895 VAL: 0.38604530692100525
INFO:root:11
Train: 0.2848389446735382 VAL: 0.4111340343952179
INFO:root:12
Train: 0.2991313636302948 VAL: 0.39235538244247437
INFO:root:13
Train: 0.3327072560787201 VAL: 0.3911750912666321
INFO:root:14
Train: 0.2886594831943512 VAL: 0.4062010645866394
INFO:root:15
Train: 0.30389079451560974 VAL: 0.4028174877166748
INFO:root:16
Train: 0.2907685339450836 VAL: 0.38569897413253784
INFO:root:17
Train: 0.2967275381088257 VAL: 0.3842787742614746
INFO:root:18
Train: 0.2791212499141693 VAL: 0.38383373618125916
INFO:root:19
Train: 0.2816437780857086 VAL: 0.3820117712020874
INFO:root:20
Train: 0.2574250400066376 VAL: 0.3796182870864868
INFO:root:21
Train: 0.27882829308509827 VAL: 0.37954190373420715
INFO:root:Namespace(quiet=False, run_id=None, config=None, epochs=200, fold=1, batch_size=128, learn_rate=0.001, betas=(0.9, 0.999), weight_decay=0.001, hidden_size=32, kernel_init='skew-symmetric', note='', seed=None, nlayers=4, attn_head=4, latent_dim=256, dataset='ushcn')
INFO:root:{'input_dim': 5, 'attn_head': 4, 'latent_dim': 256, 'n_layers': 4, 'device': device(type='cuda')}
INFO:root:1
Train: 10.247438430786133 VAL: 0.6350890398025513
INFO:root:2
Train: 0.7009227871894836 VAL: 0.8487921357154846
INFO:root:3
Train: 0.6096129417419434 VAL: 0.7124224901199341
INFO:root:4
Train: 0.5468725562095642 VAL: 0.5813093185424805
INFO:root:5
Train: 0.4297361373901367 VAL: 0.4355975091457367
INFO:root:6
Train: 0.43816277384757996 VAL: 0.42217016220092773
INFO:root:7
Train: 0.3773599863052368 VAL: 0.4275485873222351
INFO:root:8
Train: 0.3725080192089081 VAL: 0.45374125242233276
INFO:root:9
Train: 0.37301531434059143 VAL: 0.42285799980163574
INFO:root:10
Train: 0.3123936951160431 VAL: 0.3916454315185547
INFO:root:11
Train: 0.29560407996177673 VAL: 0.3875458240509033
INFO:root:12
Train: 0.29735466837882996 VAL: 0.39799100160598755
INFO:root:13
Train: 0.2751806080341339 VAL: 0.39811408519744873
INFO:root:14
Train: 0.28071239590644836 VAL: 0.3818574547767639
INFO:root:15
Train: 0.2836177945137024 VAL: 0.3860747218132019
INFO:root:16
Train: 0.29728397727012634 VAL: 0.38544827699661255
INFO:root:17
Train: 0.283499151468277 VAL: 0.3804912567138672
INFO:root:18
Train: 0.2777460813522339 VAL: 0.39111578464508057
INFO:root:19
Train: 0.2660495638847351 VAL: 0.38044577836990356
INFO:root:20
Train: 0.28443190455436707 VAL: 0.38030871748924255
INFO:root:21
Train: 0.2778640687465668 VAL: 0.38288408517837524
INFO:root:22
Train: 0.2816354036331177 VAL: 0.37854987382888794
INFO:root:23
Train: 0.27519339323043823 VAL: 0.37904781103134155
INFO:root:24
Train: 0.2794273793697357 VAL: 0.38887184858322144
INFO:root:25
Train: 0.2712138891220093 VAL: 0.38999754190444946
INFO:root:26
Train: 0.2780987322330475 VAL: 0.3861578404903412
INFO:root:27
Train: 0.28366756439208984 VAL: 0.3791036307811737
INFO:root:28
Train: 0.2916390299797058 VAL: 0.4082615375518799
INFO:root:29
Train: 0.32866981625556946 VAL: 0.39458775520324707
INFO:root:30
Train: 0.3465133011341095 VAL: 0.38442933559417725
INFO:root:31
Train: 0.3053450584411621 VAL: 0.4081810712814331
INFO:root:32
Train: 0.3293112814426422 VAL: 0.39323729276657104
INFO:root:33
Train: 0.2892948091030121 VAL: 0.3803670108318329
INFO:root:34
Train: 0.2850915789604187 VAL: 0.3768967092037201
INFO:root:35
Train: 0.2791835367679596 VAL: 0.38118770718574524
INFO:root:36
Train: 0.2841939628124237 VAL: 0.384784460067749
INFO:root:37
Train: 0.2809367775917053 VAL: 0.38449665904045105
INFO:root:38
Train: 0.2818266749382019 VAL: 0.37673789262771606
INFO:root:39
Train: 0.28077009320259094 VAL: 0.3773985505104065
INFO:root:40
Train: 0.26865604519844055 VAL: 0.3795638084411621
INFO:root:41
Train: 0.27900347113609314 VAL: 0.3849872946739197
INFO:root:42
Train: 0.27747076749801636 VAL: 0.37692058086395264
INFO:root:43
Train: 0.2669256627559662 VAL: 0.3761868476867676
INFO:root:44
Train: 0.2539871335029602 VAL: 0.3816693425178528
INFO:root:45
Train: 0.277131587266922 VAL: 0.38518524169921875
INFO:root:46
Train: 0.2720443904399872 VAL: 0.37681615352630615
INFO:root:47
Train: 0.2715202867984772 VAL: 0.3769727945327759
INFO:root:48
Train: 0.23224134743213654 VAL: 0.3761918246746063
INFO:root:49
Train: 0.27547895908355713 VAL: 0.37625986337661743
INFO:root:50
Train: 0.2710709869861603 VAL: 0.384956032037735
INFO:root:51
Train: 0.2686333656311035 VAL: 0.3847762644290924
INFO:root:52
Train: 0.2741183340549469 VAL: 0.3762286901473999
INFO:root:53
Train: 0.2568452060222626 VAL: 0.3779563903808594
INFO:root:54
Train: 0.26681843400001526 VAL: 0.3783668279647827
INFO:root:55
Train: 0.2533443570137024 VAL: 0.3772890567779541
INFO:root:56
Train: 0.2711871862411499 VAL: 0.37561142444610596
INFO:root:57
Train: 0.2558318078517914 VAL: 0.3759828209877014
INFO:root:58
Train: 0.2707785665988922 VAL: 0.3759368658065796
INFO:root:59
Train: 0.2711884081363678 VAL: 0.38124752044677734
INFO:root:60
Train: 0.27299144864082336 VAL: 0.3749297857284546
INFO:root:61
Train: 0.2650224268436432 VAL: 0.3748149871826172
INFO:root:62
Train: 0.2692395746707916 VAL: 0.3801625370979309
INFO:root:63
Train: 0.27291950583457947 VAL: 0.3760284185409546
INFO:root:Namespace(quiet=False, run_id=None, config=None, epochs=200, fold=1, batch_size=128, learn_rate=0.001, betas=(0.9, 0.999), weight_decay=0.001, hidden_size=32, kernel_init='skew-symmetric', note='', seed=None, nlayers=4, attn_head=4, latent_dim=256, dataset='ushcn')
INFO:root:{'input_dim': 5, 'attn_head': 4, 'latent_dim': 256, 'n_layers': 4, 'device': device(type='cuda')}
INFO:root:1
Train: 15.988276481628418 VAL: 0.8140534162521362
INFO:root:2
Train: 0.6539927124977112 VAL: 0.7965917587280273
INFO:root:3
Train: 0.5865418314933777 VAL: 0.5723282694816589
INFO:root:4
Train: 0.5925858020782471 VAL: 0.6565511226654053
INFO:root:5
Train: 0.49463215470314026 VAL: 0.46062493324279785
INFO:root:6
Train: 0.5560837984085083 VAL: 1.2406526803970337
INFO:root:7
Train: 0.6223704218864441 VAL: 0.47410261631011963
INFO:root:8
Train: 0.38722220063209534 VAL: 0.4088074266910553
INFO:root:9
Train: 0.3623652756214142 VAL: 0.4555400609970093
INFO:root:10
Train: 0.3648938834667206 VAL: 0.42729848623275757
INFO:root:11
Train: 0.2989311218261719 VAL: 0.38974785804748535
INFO:root:12
Train: 0.2994577884674072 VAL: 0.382462739944458
INFO:root:13
Train: 0.3002695143222809 VAL: 0.3870116174221039
INFO:root:14
Train: 0.27918991446495056 VAL: 0.38730669021606445
INFO:root:15
Train: 0.3102920949459076 VAL: 0.38355982303619385
INFO:root:16
Train: 0.2985175549983978 VAL: 0.375530481338501
INFO:root:17
Train: 0.28343889117240906 VAL: 0.38304972648620605
INFO:root:18
Train: 0.28744688630104065 VAL: 0.38514789938926697
INFO:root:19
Train: 0.2873425781726837 VAL: 0.37569594383239746
INFO:root:20
Train: 0.2811271846294403 VAL: 0.3734108805656433
INFO:root:21
Train: 0.28029102087020874 VAL: 0.378080278635025
INFO:root:22
Train: 0.2756273150444031 VAL: 0.37913286685943604
INFO:root:23
Train: 0.28054630756378174 VAL: 0.37571966648101807
INFO:root:24
Train: 0.27785634994506836 VAL: 0.3724808096885681
INFO:root:25
Train: 0.2746957838535309 VAL: 0.3778953552246094
INFO:root:26
Train: 0.2731854021549225 VAL: 0.3854700028896332
INFO:root:27
Train: 0.28022268414497375 VAL: 0.38472163677215576
INFO:root:28
Train: 0.2730076014995575 VAL: 0.37962591648101807
INFO:root:29
Train: 0.2677570581436157 VAL: 0.3797667920589447
INFO:root:30
Train: 0.28722164034843445 VAL: 0.38176482915878296
INFO:root:31
Train: 0.28602513670921326 VAL: 0.37702077627182007
INFO:root:32
Train: 0.2652706205844879 VAL: 0.3796789348125458
INFO:root:33
Train: 0.27635565400123596 VAL: 0.3741689920425415
INFO:root:34
Train: 0.2756268084049225 VAL: 0.3838745355606079
INFO:root:35
Train: 0.2705362141132355 VAL: 0.3776986002922058
INFO:root:36
Train: 0.2548128068447113 VAL: 0.37669527530670166
INFO:root:37
Train: 0.2781311273574829 VAL: 0.38233327865600586
INFO:root:38
Train: 0.27127185463905334 VAL: 0.38225457072257996
INFO:root:39
Train: 0.26999300718307495 VAL: 0.3731992244720459
INFO:root:40
Train: 0.2514565587043762 VAL: 0.37734881043434143
INFO:root:41
Train: 0.2704634964466095 VAL: 0.3727433681488037
INFO:root:42
Train: 0.2723211348056793 VAL: 0.3746175765991211
INFO:root:43
Train: 0.2654455304145813 VAL: 0.37514615058898926
INFO:root:44
Train: 0.2700587511062622 VAL: 0.3751140236854553
INFO:root:45
Train: 0.26720017194747925 VAL: 0.37265005707740784
INFO:root:46
Train: 0.2651490867137909 VAL: 0.3764885663986206
INFO:root:47
Train: 0.26568877696990967 VAL: 0.372625470161438
INFO:root:48
Train: 0.253249853849411 VAL: 0.3731938600540161
INFO:root:49
Train: 0.2712375223636627 VAL: 0.37260115146636963
INFO:root:50
Train: 0.24907493591308594 VAL: 0.37306100130081177
INFO:root:51
Train: 0.2692592442035675 VAL: 0.3725277781486511
INFO:root:52
Train: 0.26907268166542053 VAL: 0.3728821277618408
INFO:root:53
Train: 0.24606184661388397 VAL: 0.37281790375709534
INFO:root:54
Train: 0.26652514934539795 VAL: 0.372276246547699
INFO:root:55
Train: 0.2635878622531891 VAL: 0.374711811542511
INFO:root:56
Train: 0.26275697350502014 VAL: 0.3716396689414978
INFO:root:57
Train: 0.2632134258747101 VAL: 0.3765655755996704
INFO:root:58
Train: 0.2710305154323578 VAL: 0.37277793884277344
INFO:root:59
Train: 0.2663632929325104 VAL: 0.3713623881340027
INFO:root:60
Train: 0.26599594950675964 VAL: 0.3746931552886963
INFO:root:61
Train: 0.2641676664352417 VAL: 0.3718012273311615
INFO:root:62
Train: 0.2707752287387848 VAL: 0.37682533264160156
INFO:root:63
Train: 0.2700926959514618 VAL: 0.3708239793777466
INFO:root:64
Train: 0.26598724722862244 VAL: 0.3812571167945862
INFO:root:65
Train: 0.24602870643138885 VAL: 0.3705182671546936
INFO:root:66
Train: 0.2582615911960602 VAL: 0.3746482729911804
INFO:root:67
Train: 0.2682719826698303 VAL: 0.3708610534667969
INFO:root:68
Train: 0.2598216235637665 VAL: 0.37455272674560547
INFO:root:69
Train: 0.2604171931743622 VAL: 0.37074601650238037
INFO:root:70
Train: 0.2667340934276581 VAL: 0.37306180596351624
INFO:root:71
Train: 0.26646438241004944 VAL: 0.37051767110824585
INFO:root:72
Train: 0.2542983293533325 VAL: 0.3773985505104065
INFO:root:73
Train: 0.2642020881175995 VAL: 0.3733990788459778
INFO:root:74
Train: 0.2682934105396271 VAL: 0.3781029284000397
INFO:root:75
Train: 0.2702586352825165 VAL: 0.37099939584732056
INFO:root:76
Train: 0.26859357953071594 VAL: 0.3820602297782898
INFO:root:77
Train: 0.2702242434024811 VAL: 0.37163257598876953
INFO:root:78
Train: 0.2640617787837982 VAL: 0.3694123923778534
INFO:root:79
Train: 0.2638115882873535 VAL: 0.3752802312374115
INFO:root:80
Train: 0.2598317265510559 VAL: 0.36976245045661926
INFO:root:81
Train: 0.2493610829114914 VAL: 0.37223339080810547
INFO:root:82
Train: 0.2655980587005615 VAL: 0.3712601363658905
INFO:root:83
Train: 0.2622103989124298 VAL: 0.36993926763534546
INFO:root:84
Train: 0.2652151882648468 VAL: 0.37904638051986694
INFO:root:85
Train: 0.2670712172985077 VAL: 0.3706855773925781
INFO:root:86
Train: 0.2603514492511749 VAL: 0.3708034157752991
INFO:root:87
Train: 0.2674948275089264 VAL: 0.37219440937042236
INFO:root:88
Train: 0.2680406868457794 VAL: 0.3693150281906128
INFO:root:89
Train: 0.2658363878726959 VAL: 0.37431442737579346
INFO:root:90
Train: 0.25121641159057617 VAL: 0.3701167106628418
INFO:root:91
Train: 0.25233033299446106 VAL: 0.37193813920021057
INFO:root:92
Train: 0.2651731073856354 VAL: 0.3703765869140625
INFO:root:93
Train: 0.2632427513599396 VAL: 0.37014278769493103
INFO:root:94
Train: 0.24581146240234375 VAL: 0.372312068939209
INFO:root:95
Train: 0.263535737991333 VAL: 0.3692372441291809
INFO:root:96
Train: 0.25289157032966614 VAL: 0.3719634711742401
INFO:root:97
Train: 0.25874561071395874 VAL: 0.3692627251148224
INFO:root:98
Train: 0.2641995847225189 VAL: 0.37103456258773804
INFO:root:99
Train: 0.2668401896953583 VAL: 0.3714166283607483
INFO:root:100
Train: 0.26371529698371887 VAL: 0.3705180287361145
INFO:root:101
Train: 0.26501038670539856 VAL: 0.3730824589729309
INFO:root:102
Train: 0.24886220693588257 VAL: 0.3689594268798828
INFO:root:103
Train: 0.2496810406446457 VAL: 0.37296241521835327
INFO:root:104
Train: 0.2518627941608429 VAL: 0.3694393038749695
INFO:root:105
Train: 0.2573034167289734 VAL: 0.3724971413612366
INFO:root:106
Train: 0.25706836581230164 VAL: 0.3695734739303589
INFO:root:107
Train: 0.260479211807251 VAL: 0.37287265062332153
INFO:root:108
Train: 0.2650707960128784 VAL: 0.3703400492668152
INFO:root:109
Train: 0.26603564620018005 VAL: 0.3691774308681488
INFO:root:110
Train: 0.26183605194091797 VAL: 0.37415122985839844
INFO:root:111
Train: 0.2632710039615631 VAL: 0.36863911151885986
INFO:root:112
Train: 0.26309528946876526 VAL: 0.3724110722541809
INFO:root:113
Train: 0.24489931762218475 VAL: 0.3702041506767273
INFO:root:114
Train: 0.2637731432914734 VAL: 0.37105685472488403
INFO:root:115
Train: 0.25869297981262207 VAL: 0.37007132172584534
INFO:root:116
Train: 0.26012685894966125 VAL: 0.3689640760421753
INFO:root:117
Train: 0.26536402106285095 VAL: 0.3692168593406677
INFO:root:118
Train: 0.25496137142181396 VAL: 0.37067854404449463
INFO:root:119
Train: 0.2591715157032013 VAL: 0.37031763792037964
INFO:root:120
Train: 0.26079124212265015 VAL: 0.36922866106033325
INFO:root:121
Train: 0.2599993050098419 VAL: 0.3702729642391205
INFO:root:122
Train: 0.22817833721637726 VAL: 0.372085839509964
INFO:root:123
Train: 0.26278766989707947 VAL: 0.37012583017349243
INFO:root:124
Train: 0.26345667243003845 VAL: 0.36886918544769287
INFO:root:125
Train: 0.25797513127326965 VAL: 0.37086221575737
INFO:root:126
Train: 0.2637450397014618 VAL: 0.36950236558914185
INFO:root:127
Train: 0.24090372025966644 VAL: 0.3691331744194031
INFO:root:128
Train: 0.25571897625923157 VAL: 0.3712417483329773
INFO:root:129
Train: 0.2549160420894623 VAL: 0.36884498596191406
INFO:root:130
Train: 0.26079556345939636 VAL: 0.37045449018478394
INFO:root:131
Train: 0.25802361965179443 VAL: 0.37205860018730164
INFO:root:132
Train: 0.2615188658237457 VAL: 0.3680969476699829
INFO:root:133
Train: 0.2641337811946869 VAL: 0.37307465076446533
INFO:root:134
Train: 0.26067861914634705 VAL: 0.3689371943473816
INFO:root:135
Train: 0.2647821009159088 VAL: 0.3687465190887451
INFO:root:136
Train: 0.2620243728160858 VAL: 0.37472617626190186
INFO:root:137
Train: 0.26421433687210083 VAL: 0.3682273030281067
INFO:root:138
Train: 0.24334347248077393 VAL: 0.37012332677841187
INFO:root:139
Train: 0.26186633110046387 VAL: 0.3763478398323059
INFO:root:140
Train: 0.2619771957397461 VAL: 0.3684427738189697
INFO:root:141
Train: 0.2649199068546295 VAL: 0.371013879776001
INFO:root:142
Train: 0.24989734590053558 VAL: 0.3740999400615692
INFO:root:143
Train: 0.25482380390167236 VAL: 0.3689608573913574
INFO:root:144
Train: 0.24823816120624542 VAL: 0.3692033886909485
INFO:root:145
Train: 0.2612241506576538 VAL: 0.37098783254623413
INFO:root:146
Train: 0.243788480758667 VAL: 0.3694123327732086
INFO:root:147
Train: 0.25713732838630676 VAL: 0.371028870344162
INFO:root:148
Train: 0.24081306159496307 VAL: 0.36888888478279114
INFO:root:149
Train: 0.26262524724006653 VAL: 0.3693661689758301
INFO:root:150
Train: 0.23762710392475128 VAL: 0.3708357810974121
INFO:root:151
Train: 0.2601833641529083 VAL: 0.3692348599433899
INFO:root:152
Train: 0.2623230814933777 VAL: 0.3683619797229767
INFO:root:153
Train: 0.25719428062438965 VAL: 0.3716520071029663
INFO:root:154
Train: 0.26144832372665405 VAL: 0.36944323778152466
INFO:root:155
Train: 0.2597503960132599 VAL: 0.36897969245910645
INFO:root:156
Train: 0.2594740688800812 VAL: 0.36913883686065674
INFO:root:157
Train: 0.2403058558702469 VAL: 0.3694911301136017
INFO:root:158
Train: 0.2599473297595978 VAL: 0.3696713149547577
INFO:root:159
Train: 0.24280188977718353 VAL: 0.37040337920188904
INFO:root:160
Train: 0.25401178002357483 VAL: 0.36949342489242554
INFO:root:161
Train: 0.25609803199768066 VAL: 0.36961987614631653
INFO:root:162
Train: 0.24053697288036346 VAL: 0.3691476583480835
INFO:root:BEST VAL: 0.3691476583480835 TEST : 0.25576359033584595
INFO:root:Namespace(quiet=False, run_id=None, config=None, epochs=200, fold=1, batch_size=64, learn_rate=0.001, betas=(0.9, 0.999), weight_decay=0.001, hidden_size=32, kernel_init='skew-symmetric', note='', seed=None, nlayers=4, attn_head=4, latent_dim=256, dataset='mimiciv')
INFO:root:{'input_dim': 100, 'attn_head': 4, 'latent_dim': 256, 'n_layers': 4, 'device': device(type='cuda')}
