INFO:root:Namespace(quiet=False, run_id=None, config=None, epochs=200, fold=3, batch_size=64, learn_rate=0.001, betas=(0.9, 0.999), weight_decay=0.001, hidden_size=32, kernel_init='skew-symmetric', note='', seed=None, nlayers=4, attn_head=2, latent_dim=128, dataset='mimiciii')
INFO:root:{'input_dim': 96, 'attn_head': 2, 'latent_dim': 128, 'n_layers': 4, 'device': device(type='cuda')}
INFO:root:1
Train: 0.602016806602478 VAL: 0.49538421630859375
INFO:root:2
Train: 0.5041822195053101 VAL: 0.5854368209838867
INFO:root:3
Train: 0.4973651170730591 VAL: 0.417834997177124
INFO:root:4
Train: 15.564412117004395 VAL: 1.5246353149414062
INFO:root:5
Train: 1.315524697303772 VAL: 0.6257305145263672
INFO:root:6
Train: 0.5464564561843872 VAL: 0.48545271158218384
INFO:root:7
Train: 0.4780573546886444 VAL: 0.44543659687042236
INFO:root:8
Train: 0.47424930334091187 VAL: 0.4334191679954529
INFO:root:9
Train: 0.45119988918304443 VAL: 0.46155717968940735
INFO:root:10
Train: 0.44658854603767395 VAL: 0.42203575372695923
INFO:root:11
Train: 0.4322470724582672 VAL: 0.4265754818916321
INFO:root:12
Train: 0.4444814920425415 VAL: 0.4116387963294983
INFO:root:13
Train: 0.4282801151275635 VAL: 0.42449212074279785
INFO:root:14
Train: 0.4233431816101074 VAL: 0.41132402420043945
INFO:root:15
Train: 0.4190281331539154 VAL: 0.41222232580184937
INFO:root:16
Train: 0.41603517532348633 VAL: 0.41012832522392273
INFO:root:17
Train: 0.4169852137565613 VAL: 0.4177543818950653
INFO:root:18
Train: 0.41506651043891907 VAL: 0.4060335159301758
INFO:root:19
Train: 0.42708075046539307 VAL: 0.4045824408531189
INFO:root:20
Train: 0.4257034361362457 VAL: 0.4054684340953827
INFO:root:21
Train: 0.42003196477890015 VAL: 0.4137117266654968
INFO:root:22
Train: 0.41019678115844727 VAL: 0.40179407596588135
INFO:root:23
Train: 0.40926799178123474 VAL: 0.40413355827331543
INFO:root:24
Train: 0.40364912152290344 VAL: 0.39862626791000366
INFO:root:25
Train: 0.4066816568374634 VAL: 0.40036728978157043
INFO:root:26
Train: 0.40134382247924805 VAL: 0.39361992478370667
INFO:root:27
Train: 0.4244944453239441 VAL: 0.39969804883003235
INFO:root:28
Train: 0.415632039308548 VAL: 0.4888828992843628
INFO:root:29
Train: 0.43843820691108704 VAL: 0.40958061814308167
INFO:root:30
Train: 0.428788423538208 VAL: 0.4162227511405945
INFO:root:31
Train: 0.42291519045829773 VAL: 0.3971850872039795
INFO:root:32
Train: 0.4038224220275879 VAL: 0.39284586906433105
INFO:root:Namespace(quiet=False, run_id=None, config=None, epochs=200, fold=3, batch_size=128, learn_rate=0.001, betas=(0.9, 0.999), weight_decay=0.001, hidden_size=32, kernel_init='skew-symmetric', note='', seed=None, nlayers=4, attn_head=2, latent_dim=128, dataset='ushcn')
INFO:root:{'input_dim': 5, 'attn_head': 2, 'latent_dim': 128, 'n_layers': 4, 'device': device(type='cuda')}
INFO:root:1
Train: 2.03269100189209 VAL: 0.7499659061431885
INFO:root:2
Train: 0.6681769490242004 VAL: 0.5630976557731628
INFO:root:3
Train: 0.5473702549934387 VAL: 0.44456666707992554
INFO:root:4
Train: 0.39297208189964294 VAL: 0.29822397232055664
INFO:root:5
Train: 0.37910446524620056 VAL: 0.29751265048980713
INFO:root:6
Train: 0.34030523896217346 VAL: 0.29879990220069885
INFO:root:7
Train: 0.3349771499633789 VAL: 0.3249744176864624
INFO:root:8
Train: 0.37260201573371887 VAL: 0.32681018114089966
INFO:root:9
Train: 0.3973737955093384 VAL: 0.3688778877258301
INFO:root:10
Train: 0.38480710983276367 VAL: 0.32347866892814636
INFO:root:11
Train: 0.317049115896225 VAL: 0.2932766079902649
INFO:root:12
Train: 0.3439691960811615 VAL: 0.30891281366348267
INFO:root:13
Train: 0.3516017496585846 VAL: 0.30846095085144043
INFO:root:14
Train: 0.3383650779724121 VAL: 0.28701213002204895
INFO:root:15
Train: 0.3119901418685913 VAL: 0.29122915863990784
INFO:root:16
Train: 0.2963216006755829 VAL: 0.27971696853637695
INFO:root:17
Train: 0.31202253699302673 VAL: 0.27992138266563416
INFO:root:18
Train: 0.3142680823802948 VAL: 0.2790142595767975
INFO:root:19
Train: 0.3049655854701996 VAL: 0.27450233697891235
INFO:root:20
Train: 0.3063645660877228 VAL: 0.27690207958221436
INFO:root:21
Train: 0.3071766793727875 VAL: 0.2769543528556824
INFO:root:22
Train: 0.30892467498779297 VAL: 0.27521711587905884
INFO:root:23
Train: 0.30748090147972107 VAL: 0.2746466398239136
INFO:root:24
Train: 0.3052586615085602 VAL: 0.27718377113342285
INFO:root:25
Train: 0.3058704733848572 VAL: 0.2764485478401184
INFO:root:26
Train: 0.30383428931236267 VAL: 0.2791886031627655
INFO:root:27
Train: 0.3021904230117798 VAL: 0.279996782541275
INFO:root:28
Train: 0.30166056752204895 VAL: 0.27969852089881897
INFO:root:29
Train: 0.3097325265407562 VAL: 0.2784503698348999
INFO:root:30
Train: 0.3188818097114563 VAL: 0.2926406264305115
INFO:root:31
Train: 0.30322209000587463 VAL: 0.280864953994751
INFO:root:32
Train: 0.30638936161994934 VAL: 0.28210940957069397
INFO:root:33
Train: 0.30182376503944397 VAL: 0.2776125967502594
INFO:root:34
Train: 0.29929831624031067 VAL: 0.27727264165878296
INFO:root:35
Train: 0.3033437430858612 VAL: 0.2746497392654419
INFO:root:36
Train: 0.30373647809028625 VAL: 0.2742181718349457
INFO:root:37
Train: 0.30523476004600525 VAL: 0.27313265204429626
INFO:root:38
Train: 0.2987912893295288 VAL: 0.2761252820491791
INFO:root:39
Train: 0.30335769057273865 VAL: 0.2747223377227783
INFO:root:40
Train: 0.300402969121933 VAL: 0.2764067053794861
INFO:root:41
Train: 0.29531750082969666 VAL: 0.2744218111038208
INFO:root:42
Train: 0.29540807008743286 VAL: 0.27438342571258545
INFO:root:43
Train: 0.2993643879890442 VAL: 0.27682167291641235
INFO:root:44
Train: 0.3000345528125763 VAL: 0.2748928964138031
INFO:root:45
Train: 0.29284343123435974 VAL: 0.276021808385849
INFO:root:46
Train: 0.2839803099632263 VAL: 0.2746603488922119
INFO:root:47
Train: 0.29967427253723145 VAL: 0.2762739062309265
INFO:root:48
Train: 0.2936214506626129 VAL: 0.27543702721595764
INFO:root:49
Train: 0.2992911636829376 VAL: 0.2749193012714386
INFO:root:50
Train: 0.29695531725883484 VAL: 0.2742944359779358
INFO:root:51
Train: 0.2971813380718231 VAL: 0.2780064642429352
INFO:root:52
Train: 0.2866407036781311 VAL: 0.2736698389053345
INFO:root:53
Train: 0.2975759208202362 VAL: 0.275474488735199
INFO:root:54
Train: 0.2980911433696747 VAL: 0.27276793122291565
INFO:root:55
Train: 0.27827706933021545 VAL: 0.2780126631259918
INFO:root:56
Train: 0.2977648675441742 VAL: 0.27569445967674255
INFO:root:57
Train: 0.2959780991077423 VAL: 0.27510499954223633
INFO:root:58
Train: 0.29377079010009766 VAL: 0.27555447816848755
INFO:root:59
Train: 0.2943539619445801 VAL: 0.27403202652931213
INFO:root:60
Train: 0.29528796672821045 VAL: 0.27362748980522156
INFO:root:61
Train: 0.2885317802429199 VAL: 0.27400892972946167
INFO:root:62
Train: 0.3005947172641754 VAL: 0.27518969774246216
INFO:root:63
Train: 0.2917748987674713 VAL: 0.27291667461395264
INFO:root:64
Train: 0.27937108278274536 VAL: 0.27372610569000244
INFO:root:65
Train: 0.28614136576652527 VAL: 0.27579265832901
INFO:root:66
Train: 0.2923848330974579 VAL: 0.2750416398048401
INFO:root:67
Train: 0.29007604718208313 VAL: 0.2755226492881775
INFO:root:68
Train: 0.29235732555389404 VAL: 0.2734065651893616
INFO:root:69
Train: 0.29599931836128235 VAL: 0.27615824341773987
INFO:root:70
Train: 0.2980535328388214 VAL: 0.2757343053817749
INFO:root:71
Train: 0.29659342765808105 VAL: 0.2777411937713623
INFO:root:72
Train: 0.2966640293598175 VAL: 0.2732357084751129
INFO:root:73
Train: 0.2849784791469574 VAL: 0.27717605233192444
INFO:root:74
Train: 0.29201486706733704 VAL: 0.2753102481365204
INFO:root:75
Train: 0.29425254464149475 VAL: 0.27481019496917725
INFO:root:76
Train: 0.29893258213996887 VAL: 0.27843382954597473
INFO:root:77
Train: 0.29341891407966614 VAL: 0.2753886878490448
INFO:root:78
Train: 0.294063001871109 VAL: 0.27398303151130676
INFO:root:79
Train: 0.29478633403778076 VAL: 0.2749572694301605
INFO:root:80
Train: 0.29348859190940857 VAL: 0.2763785421848297
INFO:root:81
Train: 0.29604384303092957 VAL: 0.27725398540496826
INFO:root:82
Train: 0.2908892035484314 VAL: 0.2760612368583679
INFO:root:83
Train: 0.29421260952949524 VAL: 0.27451997995376587
INFO:root:84
Train: 0.29620596766471863 VAL: 0.274849534034729
INFO:root:BEST VAL: 0.274849534034729 TEST : 0.24317368865013123
