INFO:root:Namespace(quiet=False, run_id=None, config=None, epochs=200, fold=4, batch_size=64, learn_rate=0.001, betas=(0.9, 0.999), weight_decay=0.001, hidden_size=32, kernel_init='skew-symmetric', note='', seed=None, nlayers=4, attn_head=1, latent_dim=128, dataset='mimiciii')
INFO:root:{'input_dim': 96, 'attn_head': 1, 'latent_dim': 128, 'n_layers': 4, 'device': device(type='cuda')}
INFO:root:1
Train: 0.62489253282547 VAL: 0.5174781084060669
INFO:root:2
Train: 0.4766019582748413 VAL: 0.4472784399986267
INFO:root:3
Train: 0.5847414135932922 VAL: 0.4414520263671875
INFO:root:4
Train: 0.43034306168556213 VAL: 0.49216365814208984
INFO:root:5
Train: 58.13800811767578 VAL: 0.8695757985115051
INFO:root:6
Train: 0.6749560832977295 VAL: 0.5321531891822815
INFO:root:7
Train: 0.5309364795684814 VAL: 0.4838751256465912
INFO:root:8
Train: 0.511139988899231 VAL: 0.5163425803184509
INFO:root:9
Train: 0.4870624542236328 VAL: 0.45365992188453674
INFO:root:10
Train: 0.4643017053604126 VAL: 0.4745694696903229
INFO:root:11
Train: 0.4866560697555542 VAL: 0.4698467254638672
INFO:root:12
Train: 0.4942273199558258 VAL: 0.47043609619140625
INFO:root:13
Train: 0.4696434438228607 VAL: 0.4419894218444824
INFO:root:14
Train: 0.43562278151512146 VAL: 0.4320887327194214
INFO:root:15
Train: 0.4447593092918396 VAL: 0.4513248801231384
INFO:root:16
Train: 0.44354248046875 VAL: 0.42898139357566833
INFO:root:17
Train: 0.502176821231842 VAL: 0.43671953678131104
INFO:root:18
Train: 0.4394077658653259 VAL: 0.4328978955745697
INFO:root:19
Train: 0.43808379769325256 VAL: 0.4216720163822174
INFO:root:20
Train: 0.41925832629203796 VAL: 0.4212961792945862
INFO:root:21
Train: 0.41591864824295044 VAL: 0.4187577962875366
INFO:root:22
Train: 0.4177531599998474 VAL: 0.4240444302558899
INFO:root:23
Train: 0.41004371643066406 VAL: 0.4165250062942505
INFO:root:24
Train: 0.412781298160553 VAL: 0.41488543152809143
INFO:root:25
Train: 0.4075429439544678 VAL: 0.4139539301395416
INFO:root:26
Train: 0.4032580852508545 VAL: 0.41303765773773193
INFO:root:27
Train: 0.4071331024169922 VAL: 0.4112759828567505
INFO:root:28
Train: 0.4031788408756256 VAL: 0.40914517641067505
INFO:root:29
Train: 0.4032489061355591 VAL: 0.4194190204143524
INFO:root:30
Train: 0.40256956219673157 VAL: 0.40758609771728516
INFO:root:31
Train: 0.40357476472854614 VAL: 0.40989261865615845
INFO:root:32
Train: 0.40977028012275696 VAL: 0.4095042943954468
INFO:root:33
Train: 0.40647071599960327 VAL: 0.4237253665924072
INFO:root:34
Train: 2473.373291015625 VAL: 8.080660820007324
INFO:root:35
Train: 3.7955751419067383 VAL: 1.79067063331604
INFO:root:36
Train: 2.9526290893554688 VAL: 5.029474258422852
INFO:root:37
Train: 7.05871057510376 VAL: 1.9276633262634277
INFO:root:38
Train: 2.03417706489563 VAL: 1.0419007539749146
INFO:root:39
Train: 1.0747381448745728 VAL: 0.9943063259124756
INFO:root:40
Train: 0.9640635251998901 VAL: 0.9085118770599365
INFO:root:41
Train: 0.8563615679740906 VAL: 0.7573100328445435
INFO:root:42
Train: 0.7380958199501038 VAL: 0.7228341102600098
INFO:root:43
Train: 0.7149408459663391 VAL: 0.7378348112106323
INFO:root:44
Train: 0.6917769312858582 VAL: 0.7086646556854248
INFO:root:45
Train: 0.6833475828170776 VAL: 0.7397472858428955
INFO:root:46
Train: 0.6678957343101501 VAL: 0.7091727256774902
INFO:root:47
Train: 0.6712124347686768 VAL: 0.8040516376495361
INFO:root:48
Train: 0.8017261624336243 VAL: 0.6723544597625732
INFO:root:49
Train: 1.020280361175537 VAL: 1.706839680671692
INFO:root:50
Train: 0.8358452916145325 VAL: 0.6539950370788574
INFO:root:51
Train: 0.6361773014068604 VAL: 0.6068605780601501
INFO:root:52
Train: 0.6423656940460205 VAL: 0.6204506754875183
INFO:root:53
Train: 0.6584861278533936 VAL: 0.6220099925994873
INFO:root:54
Train: 0.596642017364502 VAL: 0.601336658000946
INFO:root:55
Train: 0.5883007049560547 VAL: 0.6303212642669678
INFO:root:56
Train: 0.5953708291053772 VAL: 0.5845533609390259
INFO:root:57
Train: 0.5788263082504272 VAL: 0.6228821277618408
INFO:root:58
Train: 0.5663530826568604 VAL: 0.591674268245697
INFO:root:59
Train: 0.5633354783058167 VAL: 0.5868942737579346
INFO:root:60
Train: 0.5588201284408569 VAL: 0.5574051141738892
INFO:root:BEST VAL: 0.5574051141738892 TEST : 0.4188617765903473
