INFO:root:Namespace(quiet=False, run_id=None, config=None, epochs=200, fold=3, batch_size=64, learn_rate=0.001, betas=(0.9, 0.999), weight_decay=0.001, hidden_size=32, kernel_init='skew-symmetric', note='', seed=None, nlayers=4, attn_head=2, latent_dim=64, dataset='mimiciii')
INFO:root:{'input_dim': 96, 'attn_head': 2, 'latent_dim': 64, 'n_layers': 4, 'device': device(type='cuda')}
INFO:root:1
Train: 0.5914425849914551 VAL: 0.49683570861816406
INFO:root:2
Train: 0.49495968222618103 VAL: 0.6279881596565247
INFO:root:3
Train: 0.49336352944374084 VAL: 0.4510934352874756
INFO:root:4
Train: 0.47866758704185486 VAL: 0.4072986841201782
INFO:root:5
Train: 0.4260168671607971 VAL: 0.4137554466724396
INFO:root:6
Train: 0.6407721042633057 VAL: 0.6164337992668152
INFO:root:7
Train: 0.46251267194747925 VAL: 0.4156506359577179
INFO:root:8
Train: 0.4480757713317871 VAL: 0.41199374198913574
INFO:root:9
Train: 0.42937156558036804 VAL: 0.40652787685394287
INFO:root:10
Train: 0.6365412473678589 VAL: 21.59341049194336
INFO:root:11
Train: 0.7203316688537598 VAL: 0.46022191643714905
INFO:root:12
Train: 0.4283038377761841 VAL: 0.4205012321472168
INFO:root:13
Train: 0.40775221586227417 VAL: 0.39522817730903625
INFO:root:14
Train: 0.4025862216949463 VAL: 0.40614229440689087
INFO:root:15
Train: 0.40168482065200806 VAL: 0.3929494023323059
INFO:root:16
Train: 0.39246606826782227 VAL: 0.3911927342414856
INFO:root:17
Train: 0.3915112614631653 VAL: 0.38950252532958984
INFO:root:18
Train: 0.4042511582374573 VAL: 0.4012323021888733
INFO:root:19
Train: 0.4237607717514038 VAL: 0.40428829193115234
INFO:root:20
Train: 0.3933069109916687 VAL: 0.3933272957801819
INFO:root:21
Train: 0.40486767888069153 VAL: 0.38588905334472656
INFO:root:22
Train: 0.3951655924320221 VAL: 0.38684624433517456
INFO:root:23
Train: 0.4039536714553833 VAL: 0.40247371792793274
INFO:root:24
Train: 0.3917488157749176 VAL: 0.39443546533584595
INFO:root:25
Train: 0.38633081316947937 VAL: 0.39035922288894653
INFO:root:26
Train: 0.3880389630794525 VAL: 0.4010125398635864
INFO:root:27
Train: 0.3980393409729004 VAL: 0.3877803385257721
INFO:root:28
Train: 0.39155545830726624 VAL: 0.4684220254421234
INFO:root:29
Train: 0.4984784722328186 VAL: 0.42697298526763916
INFO:root:30
Train: 0.41525229811668396 VAL: 0.4042850732803345
INFO:root:31
Train: 0.41589149832725525 VAL: 0.3996952772140503
INFO:root:32
Train: 0.43950679898262024 VAL: 0.41020438075065613
INFO:root:33
Train: 0.4015848636627197 VAL: 0.40760982036590576
INFO:root:34
Train: 0.4203449487686157 VAL: 0.40423277020454407
INFO:root:35
Train: 0.39308881759643555 VAL: 0.389303982257843
INFO:root:36
Train: 0.39967596530914307 VAL: 0.3923748731613159
INFO:root:37
Train: 0.39880186319351196 VAL: 0.3925768733024597
INFO:root:38
Train: 0.3875979781150818 VAL: 0.3970465660095215
INFO:root:39
Train: 0.39849719405174255 VAL: 0.39121121168136597
INFO:root:40
Train: 0.38391128182411194 VAL: 0.3867199420928955
INFO:root:41
Train: 0.3796612620353699 VAL: 0.38399964570999146
INFO:root:42
Train: 0.38462433218955994 VAL: 0.3988284468650818
INFO:root:43
Train: 0.39992478489875793 VAL: 0.38861918449401855
INFO:root:44
Train: 0.38773471117019653 VAL: 0.39453649520874023
INFO:root:45
Train: 0.38282066583633423 VAL: 0.383533239364624
INFO:root:46
Train: 0.375897079706192 VAL: 0.38721221685409546
INFO:root:47
Train: 0.3743767738342285 VAL: 0.3798148036003113
INFO:root:48
Train: 0.3745613396167755 VAL: 0.37821048498153687
INFO:root:49
Train: 0.3777497410774231 VAL: 0.3808997869491577
INFO:root:50
Train: 0.38012954592704773 VAL: 0.37962806224823
INFO:root:51
Train: 0.37437307834625244 VAL: 0.37765002250671387
INFO:root:52
Train: 0.3743249177932739 VAL: 0.3900802433490753
INFO:root:53
Train: 0.3959522247314453 VAL: 0.3851656913757324
INFO:root:54
Train: 0.37716642022132874 VAL: 0.38608911633491516
INFO:root:55
Train: 0.38628068566322327 VAL: 0.3826748728752136
INFO:root:56
Train: 0.36898374557495117 VAL: 0.3776704668998718
INFO:root:57
Train: 0.37240633368492126 VAL: 0.37427765130996704
INFO:root:58
Train: 0.3649701774120331 VAL: 0.3745217025279999
INFO:root:59
Train: 0.36430177092552185 VAL: 0.3718177080154419
INFO:root:60
Train: 0.361228883266449 VAL: 0.3782801032066345
INFO:root:61
Train: 0.3724544048309326 VAL: 0.4042189121246338
INFO:root:62
Train: 0.3782014548778534 VAL: 0.3777402639389038
INFO:root:63
Train: 0.3626428246498108 VAL: 0.37731224298477173
INFO:root:64
Train: 0.3643377721309662 VAL: 0.401380717754364
INFO:root:65
Train: 0.36909791827201843 VAL: 0.3846292495727539
INFO:root:66
Train: 0.36114752292633057 VAL: 0.37549012899398804
INFO:root:67
Train: 0.35700446367263794 VAL: 0.3758346736431122
INFO:root:68
Train: 0.3562500476837158 VAL: 0.37485939264297485
INFO:root:69
Train: 0.3539465069770813 VAL: 0.3713528513908386
INFO:root:70
Train: 0.35381975769996643 VAL: 0.3799448013305664
INFO:root:71
Train: 0.3515392243862152 VAL: 0.3818734884262085
INFO:root:72
Train: 0.357057124376297 VAL: 0.3707570433616638
INFO:root:73
Train: 0.3514038026332855 VAL: 0.3852364420890808
INFO:root:74
Train: 0.3493882119655609 VAL: 0.3763033151626587
INFO:root:75
Train: 0.34735360741615295 VAL: 0.3781736195087433
INFO:root:76
Train: 0.3425808846950531 VAL: 0.3745116889476776
INFO:root:77
Train: 0.3381466269493103 VAL: 0.382758229970932
INFO:root:78
Train: 0.363548219203949 VAL: 0.374181866645813
INFO:root:79
Train: 0.34956976771354675 VAL: 0.37491053342819214
INFO:root:80
Train: 0.34319600462913513 VAL: 0.38514506816864014
INFO:root:81
Train: 0.338010311126709 VAL: 0.37043577432632446
INFO:root:82
Train: 0.3303898870944977 VAL: 0.3689565658569336
INFO:root:83
Train: 0.33086416125297546 VAL: 0.3701113164424896
INFO:root:84
Train: 0.3303387463092804 VAL: 0.37197989225387573
INFO:root:85
Train: 0.33209696412086487 VAL: 0.3713628351688385
INFO:root:86
Train: 0.32537373900413513 VAL: 0.37428951263427734
INFO:root:87
Train: 0.330067902803421 VAL: 0.3821578025817871
INFO:root:88
Train: 0.3452988564968109 VAL: 0.3963998258113861
INFO:root:89
Train: 0.36172616481781006 VAL: 0.3873859643936157
INFO:root:90
Train: 0.3485795557498932 VAL: 0.3719256520271301
INFO:root:91
Train: 0.34061452746391296 VAL: 0.36959823966026306
INFO:root:92
Train: 0.33360564708709717 VAL: 0.37157905101776123
INFO:root:93
Train: 0.33124592900276184 VAL: 0.37532150745391846
INFO:root:94
Train: 0.3199877142906189 VAL: 0.37307727336883545
INFO:root:95
Train: 0.3210310935974121 VAL: 0.3723425269126892
INFO:root:96
Train: 0.30819010734558105 VAL: 0.3729085624217987
INFO:root:97
Train: 0.3066188395023346 VAL: 0.3713705837726593
INFO:root:98
Train: 0.30074629187583923 VAL: 0.3746887445449829
INFO:root:99
Train: 0.299531489610672 VAL: 0.3741993308067322
INFO:root:100
Train: 0.2993221879005432 VAL: 0.3779135048389435
INFO:root:101
Train: 0.29940223693847656 VAL: 0.379970908164978
INFO:root:102
Train: 0.2951567471027374 VAL: 0.3847074806690216
INFO:root:103
Train: 0.289507657289505 VAL: 0.38088876008987427
INFO:root:104
Train: 0.2912124693393707 VAL: 0.38781511783599854
INFO:root:105
Train: 0.28251975774765015 VAL: 0.383097767829895
INFO:root:106
Train: 0.2806977331638336 VAL: 0.3880043029785156
INFO:root:107
Train: 0.27884534001350403 VAL: 0.3807256817817688
INFO:root:108
Train: 0.2730013132095337 VAL: 0.38863295316696167
INFO:root:109
Train: 0.26823094487190247 VAL: 0.38520166277885437
INFO:root:110
Train: 0.2707001566886902 VAL: 0.3883999288082123
INFO:root:111
Train: 0.26725977659225464 VAL: 0.38423824310302734
INFO:root:112
Train: 0.26459982991218567 VAL: 0.3969590663909912
INFO:root:BEST VAL: 0.3969590663909912 TEST : 0.38220489025115967
INFO:root:Namespace(quiet=False, run_id=None, config=None, epochs=200, fold=3, batch_size=64, learn_rate=0.001, betas=(0.9, 0.999), weight_decay=0.001, hidden_size=32, kernel_init='skew-symmetric', note='', seed=None, nlayers=4, attn_head=2, latent_dim=64, dataset='mimiciii')
INFO:root:{'input_dim': 96, 'attn_head': 2, 'latent_dim': 64, 'n_layers': 4, 'device': device(type='cuda')}
INFO:root:1
Train: 0.5596591234207153 VAL: 0.468328058719635
INFO:root:2
Train: 0.45371413230895996 VAL: 0.4245915412902832
INFO:root:3
Train: 0.45756009221076965 VAL: 0.4079424738883972
INFO:root:4
Train: 0.5034846067428589 VAL: 0.45609599351882935
INFO:root:5
Train: 0.44523072242736816 VAL: 0.4141353368759155
INFO:root:6
Train: 0.4437757134437561 VAL: 0.4287616014480591
INFO:root:7
Train: 0.42499977350234985 VAL: 0.40590447187423706
INFO:root:8
Train: 0.4280875623226166 VAL: 0.41283413767814636
INFO:root:9
Train: 0.42601504921913147 VAL: 0.4090162217617035
INFO:root:10
Train: 0.43248212337493896 VAL: 0.40524521470069885
INFO:root:11
Train: 0.42805084586143494 VAL: 0.3975948095321655
INFO:root:12
Train: 0.41195204854011536 VAL: 0.39271748065948486
INFO:root:13
Train: 0.41182881593704224 VAL: 0.3940168023109436
INFO:root:14
Train: 0.40147000551223755 VAL: 0.41016411781311035
INFO:root:15
Train: 0.4089445173740387 VAL: 0.3886704742908478
INFO:root:16
Train: 0.39344659447669983 VAL: 0.39004796743392944
INFO:root:17
Train: 0.48488301038742065 VAL: 0.4045816957950592
INFO:root:18
Train: 0.4562205374240875 VAL: 0.41334253549575806
INFO:root:19
Train: 0.4164089262485504 VAL: 0.4057207703590393
INFO:root:20
Train: 0.4036821126937866 VAL: 0.3927510380744934
INFO:root:21
Train: 0.39638862013816833 VAL: 0.4049025774002075
INFO:root:22
Train: 0.40167465806007385 VAL: 0.4310758113861084
INFO:root:23
Train: 0.3903251588344574 VAL: 0.3949654698371887
INFO:root:24
Train: 0.3878546953201294 VAL: 0.3980105519294739
INFO:root:25
Train: 0.3832363486289978 VAL: 0.3937556743621826
INFO:root:26
Train: 0.4043775796890259 VAL: 0.40736818313598633
INFO:root:27
Train: 0.38797417283058167 VAL: 0.38923558592796326
INFO:root:28
Train: 0.38558465242385864 VAL: 0.3877526521682739
INFO:root:29
Train: 0.3821852505207062 VAL: 0.3904193043708801
INFO:root:30
Train: 0.3831189274787903 VAL: 0.39601534605026245
INFO:root:31
Train: 0.3778494596481323 VAL: 0.3919210433959961
INFO:root:32
Train: 0.37878280878067017 VAL: 0.38897883892059326
INFO:root:33
Train: 0.37667316198349 VAL: 0.3894195854663849
INFO:root:34
Train: 0.37363573908805847 VAL: 0.38732194900512695
INFO:root:35
Train: 0.40879908204078674 VAL: 0.38849228620529175
INFO:root:36
Train: 0.38995489478111267 VAL: 0.3889157772064209
INFO:root:37
Train: 0.3744066655635834 VAL: 0.3844161629676819
INFO:root:38
Train: 0.3702234923839569 VAL: 0.38392752408981323
INFO:root:39
Train: 0.36619481444358826 VAL: 0.3879874348640442
INFO:root:40
Train: 0.37353211641311646 VAL: 0.393768846988678
INFO:root:41
Train: 0.36976054310798645 VAL: 0.37678414583206177
INFO:root:42
Train: 0.36748048663139343 VAL: 0.3803924322128296
INFO:root:43
Train: 0.36638930439949036 VAL: 0.38447096943855286
INFO:root:44
Train: 0.37804073095321655 VAL: 0.3831450045108795
INFO:root:45
Train: 0.36661359667778015 VAL: 0.38100752234458923
INFO:root:46
Train: 0.35941827297210693 VAL: 0.37985992431640625
INFO:root:47
Train: 0.3595718443393707 VAL: 0.37536922097206116
INFO:root:48
Train: 0.3690972924232483 VAL: 0.38397473096847534
INFO:root:49
Train: 0.3602290153503418 VAL: 0.37918907403945923
INFO:root:50
Train: 0.35716477036476135 VAL: 0.3806275725364685
INFO:root:51
Train: 0.3599170446395874 VAL: 0.3755781650543213
INFO:root:52
Train: 0.3511025011539459 VAL: 0.38453057408332825
INFO:root:53
Train: 0.36009958386421204 VAL: 0.3865779638290405
INFO:root:54
Train: 0.359935462474823 VAL: 0.3729415237903595
INFO:root:55
Train: 0.36665743589401245 VAL: 0.38387227058410645
INFO:root:56
Train: 0.35546234250068665 VAL: 0.37555932998657227
INFO:root:57
Train: 0.34845399856567383 VAL: 0.37857162952423096
INFO:root:58
Train: 0.34658944606781006 VAL: 0.38033562898635864
INFO:root:59
Train: 0.34584763646125793 VAL: 0.3862496018409729
INFO:root:60
Train: 0.3444700539112091 VAL: 0.3800939917564392
INFO:root:61
Train: 0.35571640729904175 VAL: 0.3819410800933838
INFO:root:62
Train: 0.35554224252700806 VAL: 0.3803483843803406
INFO:root:63
Train: 0.35794392228126526 VAL: 0.37929707765579224
INFO:root:64
Train: 0.35831040143966675 VAL: 0.41460680961608887
INFO:root:65
Train: 0.3721076250076294 VAL: 0.387073278427124
INFO:root:66
Train: 0.3552834689617157 VAL: 0.3759537935256958
INFO:root:67
Train: 0.3468133211135864 VAL: 0.37533724308013916
INFO:root:68
Train: 0.34264326095581055 VAL: 0.3751106858253479
INFO:root:69
Train: 0.33641675114631653 VAL: 0.3726215362548828
INFO:root:70
Train: 0.3327353298664093 VAL: 0.37458205223083496
INFO:root:71
Train: 0.3319452404975891 VAL: 0.3734341263771057
INFO:root:72
Train: 0.32881447672843933 VAL: 0.3818298280239105
INFO:root:73
Train: 0.3244836926460266 VAL: 0.3773345947265625
INFO:root:74
Train: 0.3235199749469757 VAL: 0.37459835410118103
INFO:root:75
Train: 0.32112252712249756 VAL: 0.3753838837146759
INFO:root:76
Train: 0.3182169497013092 VAL: 0.37834322452545166
INFO:root:77
Train: 0.31689661741256714 VAL: 0.38067251443862915
INFO:root:78
Train: 0.3138645887374878 VAL: 0.3848606050014496
INFO:root:79
Train: 0.3107947111129761 VAL: 0.38391047716140747
INFO:root:80
Train: 0.3089653253555298 VAL: 0.3800829350948334
INFO:root:81
Train: 0.29914045333862305 VAL: 0.38157039880752563
INFO:root:82
Train: 0.2943897843360901 VAL: 0.3853535056114197
INFO:root:83
Train: 0.2900043725967407 VAL: 0.38189855217933655
INFO:root:84
Train: 0.28940415382385254 VAL: 0.38418447971343994
INFO:root:85
Train: 0.286151260137558 VAL: 0.3861008584499359
INFO:root:86
Train: 0.28296273946762085 VAL: 0.3852854371070862
INFO:root:87
Train: 0.28411605954170227 VAL: 0.3839377164840698
INFO:root:88
Train: 0.27980175614356995 VAL: 0.38620808720588684
INFO:root:89
Train: 0.27914783358573914 VAL: 0.3879197835922241
INFO:root:90
Train: 0.27712762355804443 VAL: 0.39877521991729736
INFO:root:91
Train: 0.27635353803634644 VAL: 0.38965699076652527
INFO:root:92
Train: 0.2684747576713562 VAL: 0.3925322890281677
INFO:root:93
Train: 0.26536399126052856 VAL: 0.3897547721862793
INFO:root:94
Train: 0.2653692364692688 VAL: 0.3931080996990204
INFO:root:95
Train: 0.26124143600463867 VAL: 0.4002740979194641
INFO:root:96
Train: 0.26027780771255493 VAL: 0.4012804627418518
INFO:root:97
Train: 0.25842520594596863 VAL: 0.39944082498550415
INFO:root:98
Train: 0.2564109265804291 VAL: 0.39707842469215393
INFO:root:99
Train: 0.2569303810596466 VAL: 0.3977753520011902
INFO:root:BEST VAL: 0.3977753520011902 TEST : 0.3895309567451477
