INFO:root:Namespace(quiet=False, run_id=None, config=None, epochs=200, fold=1, batch_size=128, learn_rate=0.001, betas=(0.9, 0.999), weight_decay=0.001, hidden_size=32, kernel_init='skew-symmetric', note='', seed=None, nlayers=3, attn_head=1, latent_dim=32, dataset='ushcn')
INFO:root:{'input_dim': 5, 'attn_head': 1, 'latent_dim': 32, 'n_layers': 3, 'device': device(type='cuda')}
INFO:root:1
Train: 0.6212940812110901 VAL: 0.6222339868545532
INFO:root:2
Train: 0.537825345993042 VAL: 0.5432151556015015
INFO:root:3
Train: 0.4270158112049103 VAL: 0.4730353355407715
INFO:root:4
Train: 0.3327271342277527 VAL: 0.4217807948589325
INFO:root:5
Train: 0.31806841492652893 VAL: 0.39654844999313354
INFO:root:6
Train: 0.31084880232810974 VAL: 0.4048118591308594
INFO:root:7
Train: 0.3021802604198456 VAL: 0.39660048484802246
INFO:root:8
Train: 0.3040245771408081 VAL: 0.3864441514015198
INFO:root:9
Train: 0.296599417924881 VAL: 0.3890328109264374
INFO:root:10
Train: 0.29336777329444885 VAL: 0.3880689740180969
INFO:root:11
Train: 0.28684449195861816 VAL: 0.3854558765888214
INFO:root:12
Train: 0.2849050760269165 VAL: 0.39086318016052246
INFO:root:13
Train: 0.30029919743537903 VAL: 0.3811858296394348
INFO:root:14
Train: 0.2926288843154907 VAL: 0.3883823752403259
INFO:root:15
Train: 0.2961166799068451 VAL: 0.3805486261844635
INFO:root:16
Train: 0.2771315276622772 VAL: 0.3790363669395447
INFO:root:17
Train: 0.29049527645111084 VAL: 0.3827063739299774
INFO:root:18
Train: 0.2769823968410492 VAL: 0.38424092531204224
INFO:root:19
Train: 0.26042482256889343 VAL: 0.37922734022140503
INFO:root:20
Train: 0.2776753902435303 VAL: 0.37673521041870117
INFO:root:21
Train: 0.27519723773002625 VAL: 0.3773358464241028
INFO:root:22
Train: 0.28117427229881287 VAL: 0.378775417804718
INFO:root:23
Train: 0.2785855233669281 VAL: 0.3775900602340698
INFO:root:24
Train: 0.2846165895462036 VAL: 0.37684744596481323
INFO:root:25
Train: 0.2790204584598541 VAL: 0.37943702936172485
INFO:root:26
Train: 0.2786892354488373 VAL: 0.3791000247001648
INFO:root:27
Train: 0.2773735225200653 VAL: 0.38044828176498413
INFO:root:28
Train: 0.2775610685348511 VAL: 0.3838593363761902
INFO:root:29
Train: 0.28053757548332214 VAL: 0.37567269802093506
INFO:root:30
Train: 0.2783711552619934 VAL: 0.37935495376586914
INFO:root:31
Train: 0.28100427985191345 VAL: 0.37575846910476685
INFO:root:32
Train: 0.27873942255973816 VAL: 0.3774879574775696
INFO:root:33
Train: 0.2647634744644165 VAL: 0.3790777921676636
INFO:root:34
Train: 0.2793484032154083 VAL: 0.3787671625614166
INFO:root:35
Train: 0.27354875206947327 VAL: 0.3813435435295105
INFO:root:36
Train: 0.26316553354263306 VAL: 0.37855464220046997
INFO:root:37
Train: 0.2709883749485016 VAL: 0.37545353174209595
INFO:root:38
Train: 0.2740122079849243 VAL: 0.37767159938812256
INFO:root:39
Train: 0.2764078378677368 VAL: 0.3835417628288269
INFO:root:40
Train: 0.27693256735801697 VAL: 0.3908448815345764
INFO:root:41
Train: 0.2697620093822479 VAL: 0.38120797276496887
INFO:root:42
Train: 0.27971214056015015 VAL: 0.37552475929260254
INFO:root:43
Train: 0.26657211780548096 VAL: 0.37375372648239136
INFO:root:44
Train: 0.268126517534256 VAL: 0.37535715103149414
INFO:root:45
Train: 0.27121618390083313 VAL: 0.38305991888046265
INFO:root:46
Train: 0.26757553219795227 VAL: 0.379147469997406
INFO:root:47
Train: 0.269245445728302 VAL: 0.37708815932273865
INFO:root:48
Train: 0.2795672118663788 VAL: 0.3813090920448303
INFO:root:49
Train: 0.29259493947029114 VAL: 0.37563398480415344
INFO:root:50
Train: 0.2829177677631378 VAL: 0.3756491541862488
INFO:root:51
Train: 0.2832319438457489 VAL: 0.38760024309158325
INFO:root:52
Train: 0.2873862087726593 VAL: 0.38455256819725037
INFO:root:53
Train: 0.2835303544998169 VAL: 0.3740520477294922
INFO:root:54
Train: 0.28592053055763245 VAL: 0.3791400194168091
INFO:root:55
Train: 0.26525673270225525 VAL: 0.3773379325866699
INFO:root:56
Train: 0.266884446144104 VAL: 0.378318190574646
INFO:root:57
Train: 0.2543443739414215 VAL: 0.374345600605011
INFO:root:58
Train: 0.26774799823760986 VAL: 0.37744277715682983
INFO:root:59
Train: 0.2742779552936554 VAL: 0.37238532304763794
INFO:root:60
Train: 0.2664485275745392 VAL: 0.3726215958595276
INFO:root:61
Train: 0.2737436294555664 VAL: 0.3745156526565552
INFO:root:62
Train: 0.2687399983406067 VAL: 0.3735537827014923
INFO:root:63
Train: 0.2536436915397644 VAL: 0.3733609914779663
INFO:root:64
Train: 0.26784205436706543 VAL: 0.37624743580818176
INFO:root:65
Train: 0.270659863948822 VAL: 0.3723781704902649
INFO:root:66
Train: 0.27162909507751465 VAL: 0.3722612261772156
INFO:root:67
Train: 0.26342007517814636 VAL: 0.376869261264801
INFO:root:68
Train: 0.24172735214233398 VAL: 0.3728052079677582
INFO:root:69
Train: 0.24848954379558563 VAL: 0.3755618929862976
INFO:root:70
Train: 0.26782694458961487 VAL: 0.37357813119888306
INFO:root:71
Train: 0.2744917869567871 VAL: 0.37435993552207947
INFO:root:72
Train: 0.27192530035972595 VAL: 0.37815845012664795
INFO:root:73
Train: 0.2725544273853302 VAL: 0.3753146827220917
INFO:root:74
Train: 0.27608469128608704 VAL: 0.37592777609825134
INFO:root:75
Train: 0.26820245385169983 VAL: 0.3787786662578583
INFO:root:76
Train: 0.2691476047039032 VAL: 0.3723457455635071
INFO:root:77
Train: 0.2675798535346985 VAL: 0.37485581636428833
INFO:root:78
Train: 0.24988186359405518 VAL: 0.3741145133972168
INFO:root:79
Train: 0.25181320309638977 VAL: 0.37334561347961426
INFO:root:80
Train: 0.26258447766304016 VAL: 0.37275397777557373
INFO:root:81
Train: 0.26999974250793457 VAL: 0.3732782304286957
INFO:root:82
Train: 0.2707715630531311 VAL: 0.3731744885444641
INFO:root:83
Train: 0.2689644992351532 VAL: 0.37334176898002625
INFO:root:84
Train: 0.26480963826179504 VAL: 0.37286272644996643
INFO:root:85
Train: 0.271867573261261 VAL: 0.3726322054862976
INFO:root:86
Train: 0.26914316415786743 VAL: 0.3747667968273163
INFO:root:87
Train: 0.2612353563308716 VAL: 0.3734889030456543
INFO:root:88
Train: 0.24530524015426636 VAL: 0.37315067648887634
INFO:root:89
Train: 0.26790013909339905 VAL: 0.37348121404647827
INFO:root:90
Train: 0.2670258581638336 VAL: 0.372684121131897
INFO:root:91
Train: 0.2622576355934143 VAL: 0.37280815839767456
INFO:root:92
Train: 0.258888304233551 VAL: 0.3730670213699341
INFO:root:93
Train: 0.2609529197216034 VAL: 0.37291866540908813
INFO:root:94
Train: 0.27078482508659363 VAL: 0.3728744089603424
INFO:root:95
Train: 0.2678394615650177 VAL: 0.37261271476745605
INFO:root:96
Train: 0.261008083820343 VAL: 0.37413376569747925
INFO:root:BEST VAL: 0.37413376569747925 TEST : 0.2552618682384491
