INFO:root:Namespace(quiet=False, run_id=None, config=None, epochs=200, fold=1, batch_size=64, learn_rate=0.001, betas=(0.9, 0.999), weight_decay=0.001, hidden_size=32, kernel_init='skew-symmetric', note='', seed=None, nlayers=1, attn_head=4, latent_dim=32, dataset='mimiciii')
INFO:root:{'input_dim': 96, 'attn_head': 4, 'latent_dim': 32, 'n_layers': 1, 'device': device(type='cuda')}
INFO:root:1
Train: 0.6929201483726501 VAL: 0.6946716904640198
INFO:root:2
Train: 0.6441969871520996 VAL: 0.6616554856300354
INFO:root:3
Train: 0.5969990491867065 VAL: 0.6409350037574768
INFO:root:4
Train: 0.5721335411071777 VAL: 0.6245671510696411
INFO:root:5
Train: 0.5561959147453308 VAL: 0.6295223832130432
INFO:root:6
Train: 0.5499117374420166 VAL: 0.5953964591026306
INFO:root:7
Train: 0.5418692827224731 VAL: 0.5994263887405396
INFO:root:8
Train: 0.5319898724555969 VAL: 0.5905439257621765
INFO:root:9
Train: 0.5210816264152527 VAL: 0.6003785133361816
INFO:root:10
Train: 0.5180588364601135 VAL: 0.603600025177002
INFO:root:11
Train: 0.5198489427566528 VAL: 0.583976149559021
INFO:root:12
Train: 0.508756160736084 VAL: 0.5797907710075378
INFO:root:13
Train: 0.5070768594741821 VAL: 0.5971453785896301
INFO:root:14
Train: 0.503679096698761 VAL: 0.5742806792259216
INFO:root:15
Train: 0.49988630414009094 VAL: 0.5563071966171265
INFO:root:16
Train: 0.4984061121940613 VAL: 0.5666155219078064
INFO:root:17
Train: 0.49577996134757996 VAL: 0.5514696836471558
INFO:root:18
Train: 0.4944145381450653 VAL: 0.593791127204895
INFO:root:19
Train: 0.4956580102443695 VAL: 0.55763179063797
INFO:root:20
Train: 0.49287721514701843 VAL: 0.5540460348129272
INFO:root:21
Train: 0.49217915534973145 VAL: 0.5498658418655396
INFO:root:22
Train: 0.4903351962566376 VAL: 0.5608197450637817
INFO:root:23
Train: 0.4882942736148834 VAL: 0.5602004528045654
INFO:root:24
Train: 0.4871412515640259 VAL: 0.573029100894928
INFO:root:25
Train: 0.48627620935440063 VAL: 0.547065258026123
INFO:root:26
Train: 0.48383501172065735 VAL: 0.5422056913375854
INFO:root:27
Train: 0.4828372001647949 VAL: 0.5404607653617859
INFO:root:28
Train: 0.48262250423431396 VAL: 0.5426958203315735
INFO:root:29
Train: 0.48234742879867554 VAL: 0.5411983132362366
INFO:root:30
Train: 0.4788496494293213 VAL: 0.5704595446586609
INFO:root:31
Train: 0.48321038484573364 VAL: 0.5498799681663513
INFO:root:32
Train: 0.4773627519607544 VAL: 0.549301028251648
INFO:root:33
Train: 0.4755097031593323 VAL: 0.5498332381248474
INFO:root:34
Train: 0.47138017416000366 VAL: 0.5653961300849915
INFO:root:35
Train: 0.48151376843452454 VAL: 0.5441008806228638
INFO:root:36
Train: 0.47325628995895386 VAL: 0.5412281155586243
INFO:root:37
Train: 0.4711219072341919 VAL: 0.5536105036735535
INFO:root:38
Train: 0.47226500511169434 VAL: 0.5526537895202637
INFO:root:39
Train: 0.46122536063194275 VAL: 0.5599861741065979
INFO:root:40
Train: 0.454755038022995 VAL: 0.558590292930603
INFO:root:41
Train: 0.4555891752243042 VAL: 0.5495611429214478
INFO:root:42
Train: 0.4528641402721405 VAL: 0.5839133858680725
INFO:root:43
Train: 0.4504024088382721 VAL: 0.5896382331848145
INFO:root:44
Train: 0.45137158036231995 VAL: 0.6069918274879456
INFO:root:45
Train: 0.4501136541366577 VAL: 0.586952805519104
INFO:root:46
Train: 0.4517500400543213 VAL: 0.5763709545135498
INFO:root:47
Train: 0.4440249502658844 VAL: 0.5783137083053589
INFO:root:48
Train: 0.4439970552921295 VAL: 0.5766195058822632
INFO:root:49
Train: 0.4421048164367676 VAL: 0.5883005261421204
INFO:root:50
Train: 0.4389781951904297 VAL: 0.582323431968689
INFO:root:51
Train: 0.4380238950252533 VAL: 0.5772738456726074
INFO:root:52
Train: 0.4364812970161438 VAL: 0.5889348387718201
INFO:root:53
Train: 0.4373263716697693 VAL: 0.5842150449752808
INFO:root:54
Train: 0.4355570375919342 VAL: 0.588182806968689
INFO:root:55
Train: 0.43431544303894043 VAL: 0.5787554979324341
INFO:root:56
Train: 0.4358884394168854 VAL: 0.6003891229629517
INFO:root:57
Train: 0.43333524465560913 VAL: 0.5822907090187073
INFO:root:BEST VAL: 0.5822907090187073 TEST : 0.5652851462364197
INFO:root:Namespace(quiet=False, run_id=None, config=None, epochs=200, fold=1, batch_size=128, learn_rate=0.001, betas=(0.9, 0.999), weight_decay=0.001, hidden_size=32, kernel_init='skew-symmetric', note='', seed=None, nlayers=1, attn_head=4, latent_dim=32, dataset='ushcn')
INFO:root:{'input_dim': 5, 'attn_head': 4, 'latent_dim': 32, 'n_layers': 1, 'device': device(type='cuda')}
INFO:root:1
Train: 0.5998729467391968 VAL: 0.6282988786697388
INFO:root:2
Train: 0.5589126944541931 VAL: 0.587900698184967
INFO:root:3
Train: 0.5130909085273743 VAL: 0.5447582006454468
INFO:root:4
Train: 0.46216973662376404 VAL: 0.5008133053779602
INFO:root:5
Train: 0.4207061231136322 VAL: 0.4667471647262573
INFO:root:6
Train: 0.3543946444988251 VAL: 0.4368915855884552
INFO:root:7
Train: 0.337446004152298 VAL: 0.4261991083621979
INFO:root:8
Train: 0.33050039410591125 VAL: 0.41038185358047485
INFO:root:9
Train: 0.29333850741386414 VAL: 0.4023590683937073
INFO:root:10
Train: 0.3066433370113373 VAL: 0.3992038369178772
INFO:root:11
Train: 0.30395936965942383 VAL: 0.39515572786331177
INFO:root:12
Train: 0.3003837764263153 VAL: 0.3950963020324707
INFO:root:13
Train: 0.2961600124835968 VAL: 0.39007553458213806
INFO:root:14
Train: 0.28253114223480225 VAL: 0.3886575400829315
INFO:root:15
Train: 0.2984417676925659 VAL: 0.38791346549987793
INFO:root:16
Train: 0.2932084798812866 VAL: 0.3942171335220337
INFO:root:17
Train: 0.2889801859855652 VAL: 0.388005793094635
INFO:root:18
Train: 0.2830776274204254 VAL: 0.3860595226287842
INFO:root:19
Train: 0.26232078671455383 VAL: 0.38574743270874023
INFO:root:20
Train: 0.28856825828552246 VAL: 0.38705477118492126
INFO:root:21
Train: 0.28245601058006287 VAL: 0.386305570602417
INFO:root:22
Train: 0.2916267216205597 VAL: 0.3890033960342407
INFO:root:23
Train: 0.2834548354148865 VAL: 0.38673853874206543
INFO:root:24
Train: 0.28274908661842346 VAL: 0.3842315673828125
INFO:root:25
Train: 0.28469133377075195 VAL: 0.383262574672699
INFO:root:26
Train: 0.28613802790641785 VAL: 0.39528051018714905
INFO:root:27
Train: 0.2862108647823334 VAL: 0.3870587944984436
INFO:root:28
Train: 0.2835818827152252 VAL: 0.38170433044433594
INFO:root:29
Train: 0.2813204526901245 VAL: 0.3907371759414673
INFO:root:30
Train: 0.2858025133609772 VAL: 0.381929874420166
INFO:root:31
Train: 0.2751310169696808 VAL: 0.3847641348838806
INFO:root:32
Train: 0.27873873710632324 VAL: 0.3800252079963684
INFO:root:33
Train: 0.2798784673213959 VAL: 0.4018022418022156
INFO:root:34
Train: 0.2643403112888336 VAL: 0.3817417323589325
INFO:root:35
Train: 0.2826065421104431 VAL: 0.3803017735481262
INFO:root:36
Train: 0.27350151538848877 VAL: 0.38133013248443604
INFO:root:37
Train: 0.2780085504055023 VAL: 0.38372206687927246
INFO:root:38
Train: 0.28322190046310425 VAL: 0.3819524943828583
INFO:root:39
Train: 0.27983948588371277 VAL: 0.38106465339660645
INFO:root:40
Train: 0.28297507762908936 VAL: 0.38091176748275757
INFO:root:41
Train: 0.2806231677532196 VAL: 0.3813442587852478
INFO:root:42
Train: 0.25853025913238525 VAL: 0.37958550453186035
INFO:root:43
Train: 0.26212847232818604 VAL: 0.37951695919036865
INFO:root:44
Train: 0.28009897470474243 VAL: 0.38250991702079773
INFO:root:45
Train: 0.26881805062294006 VAL: 0.3796873092651367
INFO:root:46
Train: 0.2819403409957886 VAL: 0.37944862246513367
INFO:root:47
Train: 0.2764085829257965 VAL: 0.38148927688598633
INFO:root:48
Train: 0.272666871547699 VAL: 0.37894105911254883
INFO:root:49
Train: 0.2777453362941742 VAL: 0.37957513332366943
INFO:root:50
Train: 0.27757254242897034 VAL: 0.38295698165893555
INFO:root:51
Train: 0.2818528711795807 VAL: 0.3792828321456909
INFO:root:52
Train: 0.2788372337818146 VAL: 0.38036391139030457
INFO:root:53
Train: 0.25879624485969543 VAL: 0.37842506170272827
INFO:root:54
Train: 0.2533787488937378 VAL: 0.3792181611061096
INFO:root:55
Train: 0.25903210043907166 VAL: 0.3823392987251282
INFO:root:56
Train: 0.2733142375946045 VAL: 0.37837696075439453
INFO:root:57
Train: 0.28189679980278015 VAL: 0.3804447054862976
INFO:root:58
Train: 0.285773903131485 VAL: 0.3792416453361511
INFO:root:59
Train: 0.27069830894470215 VAL: 0.3847525119781494
INFO:root:60
Train: 0.2761105000972748 VAL: 0.3798915147781372
INFO:root:61
Train: 0.26342204213142395 VAL: 0.3808397948741913
INFO:root:62
Train: 0.2780623137950897 VAL: 0.37881946563720703
INFO:root:63
Train: 0.2750294804573059 VAL: 0.3776988983154297
INFO:root:64
Train: 0.25736740231513977 VAL: 0.3818492889404297
INFO:root:65
Train: 0.2771851122379303 VAL: 0.3880350887775421
INFO:root:66
Train: 0.2831708490848541 VAL: 0.3787299394607544
INFO:root:67
Train: 0.2776615023612976 VAL: 0.3838576078414917
INFO:root:68
Train: 0.26124367117881775 VAL: 0.37877607345581055
INFO:root:69
Train: 0.27095410227775574 VAL: 0.37823420763015747
INFO:root:70
Train: 0.2743197977542877 VAL: 0.38439932465553284
INFO:root:71
Train: 0.27789098024368286 VAL: 0.37869226932525635
INFO:root:72
Train: 0.2791652977466583 VAL: 0.38134825229644775
INFO:root:73
Train: 0.2764953672885895 VAL: 0.3832641839981079
INFO:root:74
Train: 0.25890594720840454 VAL: 0.37873023748397827
INFO:root:75
Train: 0.2572794258594513 VAL: 0.37831342220306396
INFO:root:76
Train: 0.2704773247241974 VAL: 0.377780944108963
INFO:root:77
Train: 0.2675356864929199 VAL: 0.3776170313358307
INFO:root:78
Train: 0.2767045795917511 VAL: 0.3777131736278534
INFO:root:79
Train: 0.26680466532707214 VAL: 0.37952637672424316
INFO:root:80
Train: 0.2703949511051178 VAL: 0.37781691551208496
INFO:root:81
Train: 0.27578797936439514 VAL: 0.37849998474121094
INFO:root:82
Train: 0.25907596945762634 VAL: 0.37918204069137573
INFO:root:83
Train: 0.2771560251712799 VAL: 0.37760382890701294
INFO:root:84
Train: 0.2760980427265167 VAL: 0.37793463468551636
INFO:root:85
Train: 0.2649042308330536 VAL: 0.377923846244812
INFO:root:86
Train: 0.2766399681568146 VAL: 0.3801947236061096
INFO:root:87
Train: 0.26165738701820374 VAL: 0.3770614266395569
INFO:root:88
Train: 0.27400529384613037 VAL: 0.3797975778579712
INFO:root:89
Train: 0.253084272146225 VAL: 0.3771456480026245
INFO:root:90
Train: 0.2587130069732666 VAL: 0.37874528765678406
INFO:root:91
Train: 0.27168840169906616 VAL: 0.3787413239479065
INFO:root:92
Train: 0.2453993409872055 VAL: 0.3783751428127289
INFO:root:93
Train: 0.27552530169487 VAL: 0.37981441617012024
INFO:root:94
Train: 0.2600710391998291 VAL: 0.3790968358516693
INFO:root:95
Train: 0.23619310557842255 VAL: 0.37848275899887085
INFO:root:96
Train: 0.2729508578777313 VAL: 0.3788143992424011
INFO:root:97
Train: 0.2774532437324524 VAL: 0.3774397373199463
INFO:root:98
Train: 0.276898592710495 VAL: 0.381205677986145
INFO:root:99
Train: 0.2734176516532898 VAL: 0.37818199396133423
INFO:root:100
Train: 0.2524116635322571 VAL: 0.3782447576522827
INFO:root:101
Train: 0.2711489200592041 VAL: 0.3775070309638977
INFO:root:102
Train: 0.26999834179878235 VAL: 0.3779700994491577
INFO:root:103
Train: 0.2533062994480133 VAL: 0.3777591586112976
INFO:root:104
Train: 0.25816211104393005 VAL: 0.3795238435268402
INFO:root:105
Train: 0.272614061832428 VAL: 0.3773781657218933
INFO:root:106
Train: 0.26468905806541443 VAL: 0.3782337009906769
INFO:root:107
Train: 0.2766354978084564 VAL: 0.3783368766307831
INFO:root:108
Train: 0.27028587460517883 VAL: 0.37762463092803955
INFO:root:109
Train: 0.26593753695487976 VAL: 0.3796822130680084
INFO:root:110
Train: 0.27264150977134705 VAL: 0.3777735233306885
INFO:root:111
Train: 0.27431103587150574 VAL: 0.3777005672454834
INFO:root:112
Train: 0.26972392201423645 VAL: 0.3781449794769287
INFO:root:113
Train: 0.2715795934200287 VAL: 0.37788212299346924
INFO:root:114
Train: 0.2794051468372345 VAL: 0.37826603651046753
INFO:root:115
Train: 0.27571409940719604 VAL: 0.3776014447212219
INFO:root:116
Train: 0.27065274119377136 VAL: 0.3776050806045532
INFO:root:117
Train: 0.273603618144989 VAL: 0.3779381811618805
INFO:root:BEST VAL: 0.3779381811618805 TEST : 0.25390657782554626
INFO:root:Namespace(quiet=False, run_id=None, config=None, epochs=200, fold=1, batch_size=64, learn_rate=0.001, betas=(0.9, 0.999), weight_decay=0.001, hidden_size=32, kernel_init='skew-symmetric', note='', seed=None, nlayers=1, attn_head=4, latent_dim=32, dataset='mimiciii')
INFO:root:{'input_dim': 96, 'attn_head': 4, 'latent_dim': 32, 'n_layers': 1, 'device': device(type='cuda')}
INFO:root:1
Train: 0.5726627707481384 VAL: 0.5481829643249512
INFO:root:2
Train: 0.5263088941574097 VAL: 0.5107338428497314
INFO:root:3
Train: 0.4860513508319855 VAL: 0.4924296438694
INFO:root:4
Train: 0.4675053656101227 VAL: 0.4734661281108856
INFO:root:5
Train: 0.4545269310474396 VAL: 0.4615868330001831
INFO:root:6
Train: 0.442922979593277 VAL: 0.4505552053451538
INFO:root:7
Train: 0.4357222318649292 VAL: 0.44495534896850586
INFO:root:8
Train: 0.42781955003738403 VAL: 0.43950068950653076
INFO:root:9
Train: 0.42413023114204407 VAL: 0.43476736545562744
INFO:root:10
Train: 0.42141464352607727 VAL: 0.4417926073074341
INFO:root:11
Train: 0.417765349149704 VAL: 0.43400001525878906
INFO:root:12
Train: 0.4159945547580719 VAL: 0.44796866178512573
INFO:root:13
Train: 0.4164636731147766 VAL: 0.43241050839424133
INFO:root:14
Train: 0.4109969437122345 VAL: 0.4295651912689209
INFO:root:15
Train: 0.41186049580574036 VAL: 0.4346389174461365
INFO:root:16
Train: 0.4125644266605377 VAL: 0.42805707454681396
INFO:root:17
Train: 0.40703141689300537 VAL: 0.42455777525901794
INFO:root:18
Train: 0.40828922390937805 VAL: 0.4302855134010315
INFO:root:19
Train: 0.40652692317962646 VAL: 0.4256436228752136
INFO:root:20
Train: 0.40570318698883057 VAL: 0.4373096227645874
INFO:root:21
Train: 0.4046270549297333 VAL: 0.4280151426792145
INFO:root:22
Train: 0.4020674228668213 VAL: 0.4201105833053589
INFO:root:23
Train: 0.400202214717865 VAL: 0.42318660020828247
INFO:root:24
Train: 0.40151044726371765 VAL: 0.4328539967536926
INFO:root:25
Train: 0.39853689074516296 VAL: 0.4239805042743683
INFO:root:26
Train: 0.3967203199863434 VAL: 0.42377322912216187
INFO:root:27
Train: 0.3971436321735382 VAL: 0.42019784450531006
INFO:root:28
Train: 0.39500561356544495 VAL: 0.421074777841568
INFO:root:29
Train: 0.39318230748176575 VAL: 0.4202556312084198
INFO:root:30
Train: 0.39457282423973083 VAL: 0.4237236976623535
INFO:root:31
Train: 0.39657020568847656 VAL: 0.42662280797958374
INFO:root:32
Train: 0.3934038281440735 VAL: 0.4202585220336914
INFO:root:33
Train: 0.39103344082832336 VAL: 0.4159465730190277
INFO:root:34
Train: 0.39107125997543335 VAL: 0.4153936505317688
INFO:root:35
Train: 0.388811856508255 VAL: 0.42003488540649414
INFO:root:36
Train: 0.38873255252838135 VAL: 0.415818452835083
INFO:root:37
Train: 0.38980674743652344 VAL: 0.4191387891769409
INFO:root:38
Train: 0.3885214924812317 VAL: 0.4233890175819397
INFO:root:39
Train: 0.38504457473754883 VAL: 0.4165751338005066
INFO:root:40
Train: 0.38786500692367554 VAL: 0.41843587160110474
INFO:root:41
Train: 0.3867266774177551 VAL: 0.4194013476371765
INFO:root:42
Train: 0.38283535838127136 VAL: 0.41474130749702454
INFO:root:43
Train: 0.38489219546318054 VAL: 0.4274826645851135
INFO:root:44
Train: 0.38564226031303406 VAL: 0.4176355302333832
INFO:root:45
Train: 0.3819539248943329 VAL: 0.41864484548568726
INFO:root:46
Train: 0.3808490037918091 VAL: 0.41713303327560425
INFO:root:47
Train: 0.3819737136363983 VAL: 0.40987199544906616
INFO:root:48
Train: 0.3797748386859894 VAL: 0.4189264476299286
INFO:root:49
Train: 0.3759162425994873 VAL: 0.4126424193382263
INFO:root:50
Train: 0.3751145899295807 VAL: 0.4107293486595154
INFO:root:51
Train: 0.3747905492782593 VAL: 0.411604106426239
INFO:root:52
Train: 0.37151461839675903 VAL: 0.4183047413825989
INFO:root:53
Train: 0.3704254925251007 VAL: 0.414775013923645
INFO:root:54
Train: 0.36975544691085815 VAL: 0.41524946689605713
INFO:root:55
Train: 0.3682712912559509 VAL: 0.41088593006134033
INFO:root:56
Train: 0.3675141930580139 VAL: 0.41245484352111816
INFO:root:57
Train: 0.3700800836086273 VAL: 0.41010570526123047
INFO:root:58
Train: 0.3704163432121277 VAL: 0.4136258363723755
INFO:root:59
Train: 0.3649981617927551 VAL: 0.4085729718208313
INFO:root:60
Train: 0.3601582944393158 VAL: 0.40670275688171387
INFO:root:61
Train: 0.3600504994392395 VAL: 0.4083068370819092
INFO:root:62
Train: 0.3587251603603363 VAL: 0.40688464045524597
INFO:root:63
Train: 0.35718053579330444 VAL: 0.4079485535621643
INFO:root:64
Train: 0.3568435311317444 VAL: 0.405734658241272
INFO:root:65
Train: 0.3591650426387787 VAL: 0.407844603061676
INFO:root:66
Train: 0.3567063808441162 VAL: 0.40589338541030884
INFO:root:67
Train: 0.3564053177833557 VAL: 0.40795230865478516
INFO:root:68
Train: 0.3542229235172272 VAL: 0.40340450406074524
INFO:root:69
Train: 0.35635092854499817 VAL: 0.4124232530593872
INFO:root:70
Train: 0.3563651144504547 VAL: 0.40857285261154175
INFO:root:71
Train: 0.354200541973114 VAL: 0.4092179536819458
INFO:root:72
Train: 0.35677632689476013 VAL: 0.403249591588974
INFO:root:73
Train: 0.3543241322040558 VAL: 0.4073464870452881
INFO:root:74
Train: 0.35299432277679443 VAL: 0.4096076488494873
INFO:root:75
Train: 0.3522249162197113 VAL: 0.40445321798324585
INFO:root:76
Train: 0.3510427474975586 VAL: 0.4046447277069092
INFO:root:77
Train: 0.35153529047966003 VAL: 0.40535199642181396
INFO:root:78
Train: 0.3517436981201172 VAL: 0.406298965215683
INFO:root:79
Train: 0.3514391779899597 VAL: 0.4106103777885437
INFO:root:80
Train: 0.3490171432495117 VAL: 0.4064640402793884
INFO:root:81
Train: 0.35111793875694275 VAL: 0.40538299083709717
INFO:root:82
Train: 0.34972888231277466 VAL: 0.4084446132183075
INFO:root:83
Train: 0.3505144417285919 VAL: 0.4048152565956116
INFO:root:84
Train: 0.3463837802410126 VAL: 0.40389877557754517
INFO:root:85
Train: 0.3447287678718567 VAL: 0.4049009382724762
INFO:root:86
Train: 0.3433471620082855 VAL: 0.40422242879867554
INFO:root:87
Train: 0.34468621015548706 VAL: 0.4039765000343323
INFO:root:88
Train: 0.34267812967300415 VAL: 0.40376704931259155
INFO:root:89
Train: 0.3443029522895813 VAL: 0.4041321575641632
INFO:root:90
Train: 0.3443664312362671 VAL: 0.4029926061630249
INFO:root:91
Train: 0.3438950181007385 VAL: 0.4036649465560913
INFO:root:92
Train: 0.3409003019332886 VAL: 0.40503865480422974
INFO:root:93
Train: 0.34335941076278687 VAL: 0.402654230594635
INFO:root:94
Train: 0.34169718623161316 VAL: 0.40382805466651917
INFO:root:95
Train: 0.3426360487937927 VAL: 0.4039616584777832
INFO:root:96
Train: 0.3400743007659912 VAL: 0.40334251523017883
INFO:root:97
Train: 0.341379314661026 VAL: 0.4062797427177429
INFO:root:98
Train: 0.34235379099845886 VAL: 0.40593165159225464
INFO:root:99
Train: 0.340976357460022 VAL: 0.4058477282524109
INFO:root:100
Train: 0.34143736958503723 VAL: 0.4047446846961975
INFO:root:101
Train: 0.33972784876823425 VAL: 0.404880166053772
INFO:root:102
Train: 0.3401417136192322 VAL: 0.40421754121780396
INFO:root:103
Train: 0.3394841253757477 VAL: 0.4059648811817169
INFO:root:104
Train: 0.34111347794532776 VAL: 0.4058321416378021
INFO:root:105
Train: 0.3383375406265259 VAL: 0.4041176438331604
INFO:root:106
Train: 0.33707767724990845 VAL: 0.40401285886764526
INFO:root:107
Train: 0.33844485878944397 VAL: 0.4037531018257141
INFO:root:108
Train: 0.3375508487224579 VAL: 0.40401530265808105
INFO:root:109
Train: 0.33794063329696655 VAL: 0.4052973985671997
INFO:root:110
Train: 0.3380953371524811 VAL: 0.40502551198005676
INFO:root:111
Train: 0.33793511986732483 VAL: 0.40586310625076294
INFO:root:112
Train: 0.336595743894577 VAL: 0.40550243854522705
INFO:root:113
Train: 0.337429016828537 VAL: 0.40509265661239624
INFO:root:114
Train: 0.3364124298095703 VAL: 0.40398192405700684
INFO:root:115
Train: 0.33712270855903625 VAL: 0.4041556715965271
INFO:root:116
Train: 0.33517181873321533 VAL: 0.40456461906433105
INFO:root:117
Train: 0.3352836072444916 VAL: 0.4048144817352295
INFO:root:118
Train: 0.3349422812461853 VAL: 0.405828058719635
INFO:root:119
Train: 0.33409741520881653 VAL: 0.40561676025390625
INFO:root:120
Train: 0.3350038528442383 VAL: 0.4052311182022095
INFO:root:121
Train: 0.3345092535018921 VAL: 0.40492039918899536
INFO:root:122
Train: 0.33277595043182373 VAL: 0.4057670831680298
INFO:root:123
Train: 0.3371015191078186 VAL: 0.40518128871917725
INFO:root:BEST VAL: 0.40518128871917725 TEST : 0.41373923420906067
