INFO:root:Namespace(quiet=False, run_id=None, config=None, epochs=200, fold=2, batch_size=128, learn_rate=0.001, betas=(0.9, 0.999), weight_decay=0.001, hidden_size=32, kernel_init='skew-symmetric', note='', seed=None, nlayers=3, attn_head=4, latent_dim=256, dataset='ushcn')
INFO:root:{'input_dim': 5, 'attn_head': 4, 'latent_dim': 256, 'n_layers': 3, 'device': device(type='cuda')}
INFO:root:1
Train: 7.465816497802734 VAL: 1.3429735898971558
INFO:root:2
Train: 0.8105266690254211 VAL: 0.5332212448120117
INFO:root:3
Train: 0.6684783101081848 VAL: 0.5821573734283447
INFO:root:4
Train: 0.5538491010665894 VAL: 0.4114013910293579
INFO:root:5
Train: 0.46990475058555603 VAL: 0.28835684061050415
INFO:root:6
Train: 0.38548827171325684 VAL: 0.5748763680458069
INFO:root:7
Train: 0.41857096552848816 VAL: 0.286634624004364
INFO:root:8
Train: 0.38793709874153137 VAL: 0.23597858846187592
INFO:root:9
Train: 0.2930813133716583 VAL: 0.3139905333518982
INFO:root:10
Train: 0.38510212302207947 VAL: 0.4163839817047119
INFO:root:11
Train: 0.3788851499557495 VAL: 0.25278836488723755
INFO:root:12
Train: 0.34743764996528625 VAL: 0.2558186650276184
INFO:root:13
Train: 0.3170194923877716 VAL: 0.28737521171569824
INFO:root:14
Train: 0.2913796603679657 VAL: 0.2867169678211212
INFO:root:15
Train: 0.3149300217628479 VAL: 0.2808130383491516
INFO:root:16
Train: 0.30817124247550964 VAL: 0.2862250506877899
INFO:root:17
Train: 0.3050061762332916 VAL: 0.29058709740638733
INFO:root:18
Train: 0.30106687545776367 VAL: 0.31056660413742065
INFO:root:19
Train: 0.3038814067840576 VAL: 0.2709144353866577
INFO:root:20
Train: 0.2996945083141327 VAL: 0.27048665285110474
INFO:root:21
Train: 0.2981519401073456 VAL: 0.27782636880874634
INFO:root:22
Train: 0.28842827677726746 VAL: 0.29295656085014343
INFO:root:23
Train: 0.30441007018089294 VAL: 0.2924536466598511
INFO:root:24
Train: 0.2876877784729004 VAL: 0.2685476541519165
INFO:root:25
Train: 0.2810799479484558 VAL: 0.2799500524997711
INFO:root:26
Train: 0.2842918038368225 VAL: 0.2755149006843567
INFO:root:27
Train: 0.29578253626823425 VAL: 0.27197688817977905
INFO:root:28
Train: 0.30639395117759705 VAL: 0.27103811502456665
INFO:root:29
Train: 0.3059057891368866 VAL: 0.2782066762447357
INFO:root:30
Train: 0.29153695702552795 VAL: 0.28624656796455383
INFO:root:31
Train: 0.29657188057899475 VAL: 0.27094072103500366
INFO:root:32
Train: 0.29691365361213684 VAL: 0.27595168352127075
INFO:root:33
Train: 0.28188028931617737 VAL: 0.2719164490699768
INFO:root:34
Train: 0.29175254702568054 VAL: 0.27393224835395813
INFO:root:35
Train: 0.29627618193626404 VAL: 0.27331218123435974
INFO:root:36
Train: 0.26918652653694153 VAL: 0.2697228491306305
INFO:root:37
Train: 0.2918182909488678 VAL: 0.27784091234207153
INFO:root:38
Train: 0.29442721605300903 VAL: 0.2683326005935669
INFO:root:Namespace(quiet=False, run_id=None, config=None, epochs=200, fold=2, batch_size=128, learn_rate=0.001, betas=(0.9, 0.999), weight_decay=0.001, hidden_size=32, kernel_init='skew-symmetric', note='', seed=None, nlayers=3, attn_head=4, latent_dim=256, dataset='ushcn')
INFO:root:{'input_dim': 5, 'attn_head': 4, 'latent_dim': 256, 'n_layers': 3, 'device': device(type='cuda')}
INFO:root:1
Train: 9.286789894104004 VAL: 1.5575008392333984
INFO:root:2
Train: 0.8492708802223206 VAL: 0.49374496936798096
INFO:root:3
Train: 0.6662750840187073 VAL: 0.4559613764286041
INFO:root:4
Train: 0.48467186093330383 VAL: 0.3576432466506958
INFO:root:5
Train: 0.5633882880210876 VAL: 0.7852280139923096
INFO:root:6
Train: 0.4678594172000885 VAL: 0.2909371852874756
INFO:root:7
Train: 0.3719377815723419 VAL: 0.29471904039382935
INFO:root:8
Train: 0.338582843542099 VAL: 0.3181535601615906
INFO:root:9
Train: 0.36381229758262634 VAL: 0.28630906343460083
INFO:root:10
Train: 0.40560057759284973 VAL: 0.24310889840126038
INFO:root:11
Train: 0.3300561010837555 VAL: 0.2704418897628784
INFO:root:12
Train: 0.3320034444332123 VAL: 0.3077816963195801
INFO:root:13
Train: 0.3199191391468048 VAL: 0.3452085256576538
INFO:root:14
Train: 0.28948721289634705 VAL: 0.2776542007923126
INFO:root:15
Train: 0.3200906217098236 VAL: 0.28146326541900635
INFO:root:16
Train: 0.2627221643924713 VAL: 0.2687540054321289
INFO:root:17
Train: 0.3164384365081787 VAL: 0.30466631054878235
INFO:root:18
Train: 0.2982761263847351 VAL: 0.30967700481414795
INFO:root:19
Train: 0.3240804374217987 VAL: 0.24081990122795105
INFO:root:20
Train: 0.3191111385822296 VAL: 0.2555256485939026
INFO:root:21
Train: 0.31480029225349426 VAL: 0.2851652503013611
INFO:root:22
Train: 0.2973324954509735 VAL: 0.27299144864082336
INFO:root:23
Train: 0.3082369863986969 VAL: 0.2798592448234558
INFO:root:24
Train: 0.3157631456851959 VAL: 0.28062382340431213
INFO:root:25
Train: 0.3064265549182892 VAL: 0.2913162112236023
INFO:root:26
Train: 0.30036330223083496 VAL: 0.29568594694137573
INFO:root:27
Train: 0.30223724246025085 VAL: 0.27833086252212524
INFO:root:28
Train: 0.3056201934814453 VAL: 0.26199132204055786
INFO:root:29
Train: 0.29290536046028137 VAL: 0.26404720544815063
INFO:root:30
Train: 0.29561683535575867 VAL: 0.2764960527420044
INFO:root:31
Train: 0.2951147258281708 VAL: 0.2738763988018036
INFO:root:32
Train: 0.29401594400405884 VAL: 0.26905685663223267
INFO:root:33
Train: 0.291496604681015 VAL: 0.27028852701187134
INFO:root:34
Train: 0.2757176458835602 VAL: 0.2709314227104187
INFO:root:35
Train: 0.29383423924446106 VAL: 0.2821953296661377
INFO:root:36
Train: 0.2889566421508789 VAL: 0.2736717164516449
INFO:root:37
Train: 0.2923402488231659 VAL: 0.2723351716995239
INFO:root:38
Train: 0.29286500811576843 VAL: 0.2677899897098541
INFO:root:39
Train: 0.2942274510860443 VAL: 0.2792072296142578
INFO:root:40
Train: 0.27967292070388794 VAL: 0.27330246567726135
INFO:root:41
Train: 0.2916165888309479 VAL: 0.2701514959335327
INFO:root:42
Train: 0.2794070839881897 VAL: 0.2722223103046417
INFO:root:43
Train: 0.28573164343833923 VAL: 0.2716131806373596
INFO:root:44
Train: 0.28581273555755615 VAL: 0.2748318314552307
INFO:root:45
Train: 0.2915128767490387 VAL: 0.27411746978759766
INFO:root:46
Train: 0.279293030500412 VAL: 0.27124226093292236
INFO:root:47
Train: 0.2871329188346863 VAL: 0.27554547786712646
INFO:root:48
Train: 0.2905021607875824 VAL: 0.2716086506843567
INFO:root:49
Train: 0.29055628180503845 VAL: 0.2751584053039551
INFO:root:Namespace(quiet=False, run_id=None, config=None, epochs=200, fold=2, batch_size=128, learn_rate=0.001, betas=(0.9, 0.999), weight_decay=0.001, hidden_size=32, kernel_init='skew-symmetric', note='', seed=None, nlayers=3, attn_head=4, latent_dim=256, dataset='ushcn')
INFO:root:{'input_dim': 5, 'attn_head': 4, 'latent_dim': 256, 'n_layers': 3, 'device': device(type='cuda')}
INFO:root:1
Train: 11.590194702148438 VAL: 0.5019286870956421
INFO:root:2
Train: 0.7567728161811829 VAL: 1.7470365762710571
INFO:root:3
Train: 0.8630301356315613 VAL: 0.46408790349960327
INFO:root:4
Train: 0.601841151714325 VAL: 0.4759959876537323
INFO:root:5
Train: 0.5073257088661194 VAL: 0.4522398114204407
INFO:root:6
Train: 0.46691861748695374 VAL: 0.28596994280815125
INFO:root:7
Train: 0.419047087430954 VAL: 0.2533429265022278
INFO:root:8
Train: 0.3714520037174225 VAL: 0.27374815940856934
INFO:root:9
Train: 0.3344161808490753 VAL: 0.2553633451461792
INFO:root:10
Train: 0.381298691034317 VAL: 0.25450924038887024
INFO:root:11
Train: 0.4096111059188843 VAL: 0.2452951967716217
INFO:root:12
Train: 0.38755372166633606 VAL: 0.28094494342803955
INFO:root:13
Train: 0.38241055607795715 VAL: 0.37048375606536865
INFO:root:14
Train: 0.3617227077484131 VAL: 0.24861857295036316
INFO:root:15
Train: 0.3342991769313812 VAL: 0.2633224129676819
INFO:root:16
Train: 0.32740673422813416 VAL: 0.23422205448150635
INFO:root:17
Train: 0.33138027787208557 VAL: 0.31811875104904175
INFO:root:18
Train: 0.33812618255615234 VAL: 0.2549707293510437
INFO:root:19
Train: 0.3130798637866974 VAL: 0.24002419412136078
INFO:root:20
Train: 0.32388946413993835 VAL: 0.23814834654331207
INFO:root:21
Train: 0.31615233421325684 VAL: 0.26546168327331543
INFO:root:22
Train: 0.3003391921520233 VAL: 0.24309861660003662
INFO:root:23
Train: 0.30421391129493713 VAL: 0.26299676299095154
INFO:root:24
Train: 0.285625159740448 VAL: 0.2904396057128906
INFO:root:25
Train: 0.3005279302597046 VAL: 0.2749837040901184
INFO:root:26
Train: 0.2880708575248718 VAL: 0.265437513589859
INFO:root:27
Train: 0.2692129611968994 VAL: 0.27510538697242737
INFO:root:28
Train: 0.2962813675403595 VAL: 0.2736571133136749
INFO:root:29
Train: 0.30109211802482605 VAL: 0.2816794514656067
INFO:root:30
Train: 0.2891993820667267 VAL: 0.2798454761505127
INFO:root:31
Train: 0.3039776086807251 VAL: 0.2695216238498688
INFO:root:32
Train: 0.29396894574165344 VAL: 0.2738153338432312
INFO:root:33
Train: 0.2939158082008362 VAL: 0.28178584575653076
INFO:root:34
Train: 0.2773357927799225 VAL: 0.2794601321220398
INFO:root:35
Train: 0.29422828555107117 VAL: 0.2696262300014496
INFO:root:36
Train: 0.2939821183681488 VAL: 0.2684987485408783
INFO:root:37
Train: 0.2904386818408966 VAL: 0.27637702226638794
INFO:root:38
Train: 0.29701271653175354 VAL: 0.2793426215648651
INFO:root:39
Train: 0.29467377066612244 VAL: 0.2736818790435791
INFO:root:40
Train: 0.295317143201828 VAL: 0.26803553104400635
INFO:root:41
Train: 0.29734596610069275 VAL: 0.2808789014816284
INFO:root:42
Train: 0.2803238332271576 VAL: 0.27356311678886414
INFO:root:43
Train: 0.2972411811351776 VAL: 0.27386319637298584
INFO:root:44
Train: 0.28873828053474426 VAL: 0.28410542011260986
INFO:root:45
Train: 0.2648210823535919 VAL: 0.27086251974105835
INFO:root:46
Train: 0.2870055139064789 VAL: 0.2791265845298767
INFO:root:BEST VAL: 0.2791265845298767 TEST : 0.34645316004753113
INFO:root:Namespace(quiet=False, run_id=None, config=None, epochs=200, fold=2, batch_size=128, learn_rate=0.001, betas=(0.9, 0.999), weight_decay=0.001, hidden_size=32, kernel_init='skew-symmetric', note='', seed=None, nlayers=3, attn_head=4, latent_dim=256, dataset='ushcn')
INFO:root:{'input_dim': 5, 'attn_head': 4, 'latent_dim': 256, 'n_layers': 3, 'device': device(type='cuda')}
INFO:root:1
Train: 13.784342765808105 VAL: 0.5647341012954712
INFO:root:2
Train: 0.8891735076904297 VAL: 1.315657615661621
INFO:root:3
Train: 0.6780312657356262 VAL: 0.5982677936553955
INFO:root:4
Train: 0.5643796920776367 VAL: 0.5554620027542114
INFO:root:5
Train: 0.4648534059524536 VAL: 0.37624242901802063
INFO:root:6
Train: 0.38142314553260803 VAL: 0.31201910972595215
INFO:root:7
Train: 0.32803913950920105 VAL: 0.28354549407958984
INFO:root:8
Train: 0.3525067865848541 VAL: 0.27429288625717163
INFO:root:9
Train: 0.31087416410446167 VAL: 0.35752952098846436
INFO:root:10
Train: 0.33369719982147217 VAL: 0.328532874584198
INFO:root:11
Train: 0.318267822265625 VAL: 0.24710096418857574
INFO:root:12
Train: 0.3571244180202484 VAL: 0.24572354555130005
INFO:root:13
Train: 0.3161793351173401 VAL: 0.28282761573791504
INFO:root:14
Train: 0.31087526679039 VAL: 0.30576005578041077
INFO:root:15
Train: 0.3186964988708496 VAL: 0.2871333956718445
INFO:root:16
Train: 0.2723366320133209 VAL: 0.28177738189697266
INFO:root:17
Train: 0.31274351477622986 VAL: 0.28902333974838257
INFO:root:18
Train: 0.32440271973609924 VAL: 0.2993617355823517
INFO:root:19
Train: 0.29799985885620117 VAL: 0.29314184188842773
INFO:root:20
Train: 0.27848026156425476 VAL: 0.2842816114425659
INFO:root:21
Train: 0.3010197877883911 VAL: 0.29510498046875
INFO:root:22
Train: 0.29975584149360657 VAL: 0.28715968132019043
INFO:root:23
Train: 0.29890677332878113 VAL: 0.2844350337982178
INFO:root:24
Train: 0.29676011204719543 VAL: 0.2895423173904419
INFO:root:25
Train: 0.29167404770851135 VAL: 0.28712332248687744
INFO:root:26
Train: 0.29045042395591736 VAL: 0.282540500164032
INFO:root:27
Train: 0.27893081307411194 VAL: 0.2975804805755615
INFO:root:28
Train: 0.2897312045097351 VAL: 0.28481870889663696
INFO:root:29
Train: 0.29702627658843994 VAL: 0.2798481285572052
INFO:root:30
Train: 0.2971991300582886 VAL: 0.2869148552417755
INFO:root:31
Train: 0.26924607157707214 VAL: 0.2826729118824005
INFO:root:32
Train: 0.2956647574901581 VAL: 0.30143672227859497
INFO:root:33
Train: 0.2738492786884308 VAL: 0.28176093101501465
INFO:root:34
Train: 0.2776993215084076 VAL: 0.27688753604888916
INFO:root:35
Train: 0.27389994263648987 VAL: 0.28653621673583984
INFO:root:36
Train: 0.29554131627082825 VAL: 0.286612331867218
INFO:root:37
Train: 0.2896927297115326 VAL: 0.2813534140586853
INFO:root:38
Train: 0.29486367106437683 VAL: 0.28030529618263245
INFO:root:39
Train: 0.2911890745162964 VAL: 0.28048956394195557
INFO:root:40
Train: 0.290029376745224 VAL: 0.2820296883583069
INFO:root:41
Train: 0.29386284947395325 VAL: 0.2824860215187073
INFO:root:42
Train: 0.29076552391052246 VAL: 0.28069376945495605
INFO:root:BEST VAL: 0.28069376945495605 TEST : 0.34983304142951965
