INFO:root:Namespace(quiet=False, run_id=None, config=None, epochs=200, fold=0, batch_size=128, learn_rate=0.001, betas=(0.9, 0.999), weight_decay=0.001, hidden_size=32, kernel_init='skew-symmetric', note='', seed=None, nlayers=3, attn_head=1, latent_dim=64, dataset='ushcn')
INFO:root:{'input_dim': 5, 'attn_head': 1, 'latent_dim': 64, 'n_layers': 3, 'device': device(type='cuda')}
INFO:root:1
Train: 0.7814288139343262 VAL: 0.7711485028266907
INFO:root:2
Train: 0.5437717437744141 VAL: 0.6121503710746765
INFO:root:3
Train: 0.40220561623573303 VAL: 0.5328423976898193
INFO:root:4
Train: 0.3538950979709625 VAL: 0.5001009702682495
INFO:root:5
Train: 0.330451637506485 VAL: 0.6407421827316284
INFO:root:6
Train: 0.31104961037635803 VAL: 1.1188671588897705
INFO:root:7
Train: 0.3039226531982422 VAL: 0.8021836280822754
INFO:root:8
Train: 0.3183419704437256 VAL: 0.4210822880268097
INFO:root:9
Train: 0.2944575846195221 VAL: 0.5309495329856873
INFO:root:10
Train: 0.30655530095100403 VAL: 0.5199332237243652
INFO:root:11
Train: 0.30761539936065674 VAL: 0.3782622516155243
INFO:root:12
Train: 0.3055393397808075 VAL: 0.4560154974460602
INFO:root:13
Train: 0.3016543984413147 VAL: 0.47708627581596375
INFO:root:14
Train: 0.29707273840904236 VAL: 0.36115652322769165
INFO:root:15
Train: 0.31459078192710876 VAL: 0.48337969183921814
INFO:root:16
Train: 0.3063640892505646 VAL: 0.3788670003414154
INFO:root:17
Train: 0.3043011426925659 VAL: 0.43272143602371216
INFO:root:18
Train: 0.3065934479236603 VAL: 0.40877485275268555
INFO:root:19
Train: 0.29812225699424744 VAL: 0.3701905310153961
INFO:root:20
Train: 0.30309608578681946 VAL: 0.39629629254341125
INFO:root:21
Train: 0.2974906265735626 VAL: 0.3581893742084503
INFO:root:22
Train: 0.3090139329433441 VAL: 0.3699393570423126
INFO:root:23
Train: 0.29767870903015137 VAL: 0.843911349773407
INFO:root:24
Train: 0.314378023147583 VAL: 0.7389217019081116
INFO:root:25
Train: 0.30800119042396545 VAL: 0.42978373169898987
INFO:root:26
Train: 0.3029423654079437 VAL: 0.5326640009880066
INFO:root:27
Train: 0.2824712097644806 VAL: 0.46227946877479553
INFO:root:28
Train: 0.30165255069732666 VAL: 0.48366862535476685
INFO:root:29
Train: 0.2883433997631073 VAL: 0.5032956600189209
INFO:root:30
Train: 0.3033711612224579 VAL: 0.47142738103866577
INFO:root:31
Train: 0.29978910088539124 VAL: 0.4073479175567627
INFO:root:32
Train: 0.30279549956321716 VAL: 0.41886988282203674
INFO:root:33
Train: 0.2671116292476654 VAL: 0.41174063086509705
INFO:root:34
Train: 0.2785980701446533 VAL: 0.45916977524757385
INFO:root:35
Train: 0.2984384298324585 VAL: 0.4388280212879181
INFO:root:36
Train: 0.3012983500957489 VAL: 0.4034653604030609
INFO:root:37
Train: 0.29962238669395447 VAL: 0.4155139625072479
INFO:root:38
Train: 0.29890763759613037 VAL: 0.44039595127105713
INFO:root:39
Train: 0.29976770281791687 VAL: 0.42162466049194336
INFO:root:40
Train: 0.28824582695961 VAL: 0.42509302496910095
INFO:root:41
Train: 0.29636257886886597 VAL: 0.4421765208244324
INFO:root:42
Train: 0.2993199825286865 VAL: 0.4646416902542114
INFO:root:Namespace(quiet=False, run_id=None, config=None, epochs=200, fold=0, batch_size=128, learn_rate=0.001, betas=(0.9, 0.999), weight_decay=0.001, hidden_size=32, kernel_init='skew-symmetric', note='', seed=None, nlayers=3, attn_head=1, latent_dim=64, dataset='ushcn')
INFO:root:{'input_dim': 5, 'attn_head': 1, 'latent_dim': 64, 'n_layers': 3, 'device': device(type='cuda')}
INFO:root:1
Train: 0.7799453139305115 VAL: 0.7838501930236816
INFO:root:2
Train: 0.5851664543151855 VAL: 0.5915119647979736
INFO:root:3
Train: 0.4753098487854004 VAL: 0.4452945590019226
INFO:root:4
Train: 0.3342519998550415 VAL: 0.40245145559310913
INFO:root:5
Train: 0.34687140583992004 VAL: 0.32450026273727417
INFO:root:6
Train: 0.3217490017414093 VAL: 0.5519717931747437
INFO:root:7
Train: 0.32236120104789734 VAL: 0.6227319240570068
INFO:root:8
Train: 0.3265899121761322 VAL: 0.39734193682670593
INFO:root:9
Train: 0.316508412361145 VAL: 0.4288572371006012
INFO:root:10
Train: 0.31688180565834045 VAL: 0.3712255358695984
INFO:root:11
Train: 0.31164976954460144 VAL: 0.3660435676574707
INFO:root:12
Train: 0.304431676864624 VAL: 0.3609580397605896
INFO:root:13
Train: 0.30872464179992676 VAL: 0.4164258539676666
INFO:root:14
Train: 0.30572107434272766 VAL: 0.3562500476837158
INFO:root:15
Train: 0.2961243689060211 VAL: 0.31876140832901
INFO:root:16
Train: 0.3048241436481476 VAL: 0.3078511357307434
INFO:root:17
Train: 0.30505260825157166 VAL: 0.4679141640663147
INFO:root:18
Train: 0.3090316355228424 VAL: 0.3269420862197876
INFO:root:19
Train: 0.3036675453186035 VAL: 0.3580425977706909
INFO:root:20
Train: 0.30464792251586914 VAL: 0.37646180391311646
INFO:root:21
Train: 0.30168989300727844 VAL: 0.35052430629730225
INFO:root:22
Train: 0.298532634973526 VAL: 0.3446522057056427
INFO:root:23
Train: 0.289104700088501 VAL: 0.3638632893562317
INFO:root:24
Train: 0.29899534583091736 VAL: 0.3680551052093506
INFO:root:25
Train: 0.2957223355770111 VAL: 0.33844009041786194
INFO:root:26
Train: 0.30414265394210815 VAL: 0.3638233244419098
INFO:root:27
Train: 0.3044593930244446 VAL: 0.3744838833808899
INFO:root:28
Train: 0.29695925116539 VAL: 0.36872607469558716
INFO:root:29
Train: 0.3020436465740204 VAL: 0.35812896490097046
INFO:root:30
Train: 0.2962169349193573 VAL: 0.38503754138946533
INFO:root:31
Train: 0.2975449860095978 VAL: 0.36551445722579956
INFO:root:32
Train: 0.294472336769104 VAL: 0.3684835433959961
INFO:root:33
Train: 0.29988548159599304 VAL: 0.3920121192932129
INFO:root:34
Train: 0.2945740222930908 VAL: 0.37082111835479736
INFO:root:35
Train: 0.2978404760360718 VAL: 0.3652259409427643
INFO:root:36
Train: 0.2986789047718048 VAL: 0.38014960289001465
INFO:root:37
Train: 0.3029334247112274 VAL: 0.3590307831764221
INFO:root:38
Train: 0.29401591420173645 VAL: 0.35501527786254883
INFO:root:39
Train: 0.2758217453956604 VAL: 0.35172104835510254
INFO:root:40
Train: 0.2914348542690277 VAL: 0.3530643880367279
INFO:root:41
Train: 0.28913167119026184 VAL: 0.3515312671661377
INFO:root:42
Train: 0.25946271419525146 VAL: 0.34794625639915466
INFO:root:43
Train: 0.29941338300704956 VAL: 0.3519892394542694
INFO:root:44
Train: 0.2971782684326172 VAL: 0.3803882598876953
INFO:root:45
Train: 0.298059344291687 VAL: 0.3631882667541504
INFO:root:46
Train: 0.2964629828929901 VAL: 0.35731786489486694
INFO:root:Namespace(quiet=False, run_id=None, config=None, epochs=200, fold=0, batch_size=128, learn_rate=0.001, betas=(0.9, 0.999), weight_decay=0.001, hidden_size=32, kernel_init='skew-symmetric', note='', seed=None, nlayers=3, attn_head=1, latent_dim=64, dataset='ushcn')
INFO:root:{'input_dim': 5, 'attn_head': 1, 'latent_dim': 64, 'n_layers': 3, 'device': device(type='cuda')}
INFO:root:1
Train: 0.79026859998703 VAL: 0.7599620819091797
INFO:root:2
Train: 0.5511400699615479 VAL: 0.4842723608016968
INFO:root:3
Train: 0.4052487313747406 VAL: 0.5576126575469971
INFO:root:4
Train: 0.34355056285858154 VAL: 0.5267611742019653
INFO:root:5
Train: 0.32572343945503235 VAL: 0.6479841470718384
INFO:root:6
Train: 0.32042625546455383 VAL: 0.6674520373344421
INFO:root:7
Train: 0.3088168203830719 VAL: 0.34356266260147095
INFO:root:8
Train: 0.3218945860862732 VAL: 0.3065081536769867
INFO:root:9
Train: 0.31282904744148254 VAL: 0.4449986219406128
INFO:root:10
Train: 0.2869585454463959 VAL: 0.45540547370910645
INFO:root:11
Train: 0.2842238247394562 VAL: 0.5049875974655151
INFO:root:12
Train: 0.3102201521396637 VAL: 0.45885157585144043
INFO:root:13
Train: 0.3077066242694855 VAL: 0.4591398239135742
INFO:root:14
Train: 0.30311763286590576 VAL: 0.39136385917663574
INFO:root:15
Train: 0.30761030316352844 VAL: 0.50250643491745
INFO:root:16
Train: 0.30840957164764404 VAL: 0.3828616738319397
INFO:root:17
Train: 0.31299319863319397 VAL: 0.4254935085773468
INFO:root:18
Train: 0.29938381910324097 VAL: 0.42328983545303345
INFO:root:19
Train: 0.30880239605903625 VAL: 0.44628259539604187
INFO:root:20
Train: 0.29003411531448364 VAL: 0.43340763449668884
INFO:root:21
Train: 0.2981216013431549 VAL: 0.43301647901535034
INFO:root:22
Train: 0.30119559168815613 VAL: 0.4346633553504944
INFO:root:23
Train: 0.2993644177913666 VAL: 0.42695534229278564
INFO:root:24
Train: 0.264339417219162 VAL: 0.4334649443626404
INFO:root:25
Train: 0.29933467507362366 VAL: 0.43648871779441833
INFO:root:26
Train: 0.3025262653827667 VAL: 0.4386194050312042
INFO:root:27
Train: 0.2967139780521393 VAL: 0.4452691674232483
INFO:root:28
Train: 0.25939905643463135 VAL: 0.43888869881629944
INFO:root:29
Train: 0.29991456866264343 VAL: 0.45926275849342346
INFO:root:30
Train: 0.30070194602012634 VAL: 0.4380980134010315
INFO:root:31
Train: 0.29495003819465637 VAL: 0.4563547372817993
INFO:root:32
Train: 0.29236915707588196 VAL: 0.46232107281684875
INFO:root:33
Train: 0.3035754859447479 VAL: 0.44317004084587097
INFO:root:34
Train: 0.30287912487983704 VAL: 0.45567038655281067
INFO:root:35
Train: 0.29833802580833435 VAL: 0.4578329920768738
INFO:root:36
Train: 0.29639437794685364 VAL: 0.44441622495651245
INFO:root:37
Train: 0.2982974350452423 VAL: 0.44009897112846375
INFO:root:38
Train: 0.28955528140068054 VAL: 0.46988120675086975
INFO:root:BEST VAL: 0.46988120675086975 TEST : 0.22200077772140503
