INFO:root:Namespace(quiet=False, run_id=None, config=None, epochs=200, fold=2, batch_size=128, learn_rate=0.001, betas=(0.9, 0.999), weight_decay=0.001, hidden_size=32, kernel_init='skew-symmetric', note='', seed=None, nlayers=4, attn_head=4, latent_dim=128, dataset='ushcn')
INFO:root:{'input_dim': 5, 'attn_head': 4, 'latent_dim': 128, 'n_layers': 4, 'device': device(type='cuda')}
INFO:root:1
Train: 2.3880860805511475 VAL: 0.5629489421844482
INFO:root:2
Train: 0.602607786655426 VAL: 0.48587149381637573
INFO:root:3
Train: 0.6444193124771118 VAL: 0.4300707280635834
INFO:root:4
Train: 0.4484916925430298 VAL: 0.2877005934715271
INFO:root:5
Train: 0.3544565737247467 VAL: 0.28006279468536377
INFO:root:6
Train: 0.34674695134162903 VAL: 0.26111090183258057
INFO:root:7
Train: 0.35252681374549866 VAL: 0.2613626718521118
INFO:root:8
Train: 0.3348136246204376 VAL: 0.2776332199573517
INFO:root:9
Train: 0.316631555557251 VAL: 0.29171809554100037
INFO:root:10
Train: 0.3074396550655365 VAL: 0.26474490761756897
INFO:root:11
Train: 0.3449647128582001 VAL: 0.2396061271429062
INFO:root:12
Train: 0.30779629945755005 VAL: 0.25475168228149414
INFO:root:13
Train: 0.3075237274169922 VAL: 0.26379838585853577
INFO:root:14
Train: 0.29934045672416687 VAL: 0.24366094172000885
INFO:root:15
Train: 0.29255083203315735 VAL: 0.2705478370189667
INFO:root:16
Train: 0.3061850368976593 VAL: 0.2675972878932953
INFO:root:17
Train: 0.3196916878223419 VAL: 0.2861221134662628
INFO:root:18
Train: 0.31151559948921204 VAL: 0.2552289068698883
INFO:root:19
Train: 0.3202202320098877 VAL: 0.2550239562988281
INFO:root:20
Train: 0.30481356382369995 VAL: 0.28632575273513794
INFO:root:21
Train: 0.3159354031085968 VAL: 0.2506226599216461
INFO:root:22
Train: 0.3007923662662506 VAL: 0.2641615569591522
INFO:root:23
Train: 0.2970532476902008 VAL: 0.28231972455978394
INFO:root:24
Train: 0.29666581749916077 VAL: 0.2606748342514038
INFO:root:25
Train: 0.2944488823413849 VAL: 0.2691706120967865
INFO:root:26
Train: 0.2893114984035492 VAL: 0.25966039299964905
INFO:root:27
Train: 0.28945717215538025 VAL: 0.26313307881355286
INFO:root:28
Train: 0.2831283211708069 VAL: 0.2652316987514496
INFO:root:29
Train: 0.27996382117271423 VAL: 0.26273679733276367
INFO:root:30
Train: 0.28987714648246765 VAL: 0.2656407952308655
INFO:root:31
Train: 0.2885379195213318 VAL: 0.2612398862838745
INFO:root:32
Train: 0.2680235207080841 VAL: 0.2637539803981781
INFO:root:33
Train: 0.2849297821521759 VAL: 0.26289433240890503
INFO:root:34
Train: 0.27813413739204407 VAL: 0.26480045914649963
INFO:root:35
Train: 0.2823146879673004 VAL: 0.2624569237232208
INFO:root:36
Train: 0.2787564694881439 VAL: 0.26303547620773315
INFO:root:37
Train: 0.2849942743778229 VAL: 0.2644084095954895
INFO:root:38
Train: 0.2627356946468353 VAL: 0.26226627826690674
INFO:root:39
Train: 0.28665030002593994 VAL: 0.26562121510505676
INFO:root:40
Train: 0.2558629810810089 VAL: 0.26266971230506897
INFO:root:41
Train: 0.28349658846855164 VAL: 0.26758307218551636
INFO:root:BEST VAL: 0.26758307218551636 TEST : 0.307077020406723
