INFO:root:Namespace(quiet=False, run_id=None, config=None, epochs=200, fold=1, batch_size=128, learn_rate=0.001, betas=(0.9, 0.999), weight_decay=0.001, hidden_size=32, kernel_init='skew-symmetric', note='', seed=None, nlayers=4, attn_head=2, latent_dim=128, dataset='ushcn')
INFO:root:{'input_dim': 5, 'attn_head': 2, 'latent_dim': 128, 'n_layers': 4, 'device': device(type='cuda')}
INFO:root:1
Train: 2.5328338146209717 VAL: 0.9249093532562256
INFO:root:2
Train: 0.6375429034233093 VAL: 0.6518597602844238
INFO:root:3
Train: 0.617542028427124 VAL: 0.5793288946151733
INFO:root:4
Train: 0.466042160987854 VAL: 0.5159130692481995
INFO:root:5
Train: 0.4594170153141022 VAL: 0.43749961256980896
INFO:root:6
Train: 0.38600799441337585 VAL: 0.4460825026035309
INFO:root:7
Train: 0.38882026076316833 VAL: 0.47970569133758545
INFO:root:8
Train: 0.37887969613075256 VAL: 0.4082893133163452
INFO:root:9
Train: 0.3714595139026642 VAL: 0.40169596672058105
INFO:root:10
Train: 0.2973368167877197 VAL: 0.39597493410110474
INFO:root:11
Train: 0.3127492368221283 VAL: 0.4050360918045044
INFO:root:12
Train: 0.2941645681858063 VAL: 0.38851282000541687
INFO:root:13
Train: 0.2987525165081024 VAL: 0.3841875493526459
INFO:root:14
Train: 0.2857855260372162 VAL: 0.39045798778533936
INFO:root:15
Train: 0.2849283516407013 VAL: 0.3818724751472473
INFO:root:16
Train: 0.27948564291000366 VAL: 0.3851526379585266
INFO:root:17
Train: 0.2903639078140259 VAL: 0.38346046209335327
INFO:root:18
Train: 0.2846280634403229 VAL: 0.38217630982398987
INFO:root:19
Train: 0.2896007299423218 VAL: 0.3853210508823395
INFO:root:20
Train: 0.28246697783470154 VAL: 0.3826020359992981
INFO:root:21
Train: 0.278205007314682 VAL: 0.3774854242801666
INFO:root:22
Train: 0.2757660448551178 VAL: 0.3810384273529053
INFO:root:23
Train: 0.2732885181903839 VAL: 0.3791913390159607
INFO:root:24
Train: 0.283096581697464 VAL: 0.3794859051704407
INFO:root:25
Train: 0.2843744158744812 VAL: 0.38028180599212646
INFO:root:26
Train: 0.28292354941368103 VAL: 0.3902020752429962
INFO:root:27
Train: 0.27765944600105286 VAL: 0.3807543218135834
INFO:root:28
Train: 0.27920785546302795 VAL: 0.37721073627471924
INFO:root:29
Train: 0.25701969861984253 VAL: 0.3753848075866699
INFO:root:30
Train: 0.27753132581710815 VAL: 0.37605899572372437
INFO:root:31
Train: 0.27768436074256897 VAL: 0.3744608759880066
INFO:root:32
Train: 0.27307334542274475 VAL: 0.3785058557987213
INFO:root:33
Train: 0.27302634716033936 VAL: 0.3786022663116455
INFO:root:34
Train: 0.2798716425895691 VAL: 0.39565157890319824
INFO:root:35
Train: 0.2824985682964325 VAL: 0.38709890842437744
INFO:root:36
Train: 0.271315336227417 VAL: 0.3806365728378296
INFO:root:37
Train: 0.27345582842826843 VAL: 0.3735831379890442
INFO:root:38
Train: 0.2728888690471649 VAL: 0.3812906742095947
INFO:root:39
Train: 0.2628786265850067 VAL: 0.3779645562171936
INFO:root:40
Train: 0.2910008132457733 VAL: 0.3860960602760315
INFO:root:41
Train: 0.31142303347587585 VAL: 0.4299396276473999
INFO:root:42
Train: 0.40165627002716064 VAL: 0.4957824945449829
INFO:root:43
Train: 0.3519337475299835 VAL: 0.39333605766296387
INFO:root:44
Train: 0.3180149793624878 VAL: 0.38601356744766235
INFO:root:45
Train: 0.3398767411708832 VAL: 0.4299250841140747
INFO:root:46
Train: 0.3568611443042755 VAL: 0.4102954566478729
INFO:root:47
Train: 0.32721421122550964 VAL: 0.3900541067123413
INFO:root:48
Train: 0.3141211271286011 VAL: 0.382119745016098
INFO:root:49
Train: 0.2702670693397522 VAL: 0.38260596990585327
INFO:root:50
Train: 0.24384720623493195 VAL: 0.3791853189468384
INFO:root:51
Train: 0.2827802002429962 VAL: 0.3755994439125061
INFO:root:52
Train: 0.27500367164611816 VAL: 0.3804543614387512
INFO:root:53
Train: 0.2784268260002136 VAL: 0.38082757592201233
INFO:root:54
Train: 0.27977505326271057 VAL: 0.38579273223876953
INFO:root:55
Train: 0.2758616805076599 VAL: 0.376208633184433
INFO:root:56
Train: 0.2756806015968323 VAL: 0.3759576082229614
INFO:root:57
Train: 0.2726791203022003 VAL: 0.37938904762268066
INFO:root:58
Train: 0.26596590876579285 VAL: 0.37393951416015625
INFO:root:59
Train: 0.2699447572231293 VAL: 0.3743417263031006
INFO:root:60
Train: 0.26948001980781555 VAL: 0.3750593066215515
INFO:root:61
Train: 0.27217328548431396 VAL: 0.37327131628990173
INFO:root:62
Train: 0.2700093984603882 VAL: 0.37597110867500305
INFO:root:63
Train: 0.2637563645839691 VAL: 0.3740391135215759
INFO:root:64
Train: 0.2546001672744751 VAL: 0.37545520067214966
INFO:root:65
Train: 0.26977989077568054 VAL: 0.3741333484649658
INFO:root:66
Train: 0.26711052656173706 VAL: 0.37338805198669434
INFO:root:67
Train: 0.27159520983695984 VAL: 0.3736991882324219
INFO:root:68
Train: 0.2720661461353302 VAL: 0.37349921464920044
INFO:root:69
Train: 0.23869864642620087 VAL: 0.3759640157222748
INFO:root:70
Train: 0.26718345284461975 VAL: 0.37357473373413086
INFO:root:71
Train: 0.27147865295410156 VAL: 0.37337225675582886
INFO:root:72
Train: 0.24284838140010834 VAL: 0.3751690983772278
INFO:root:73
Train: 0.26994243264198303 VAL: 0.3740900456905365
INFO:root:74
Train: 0.27115321159362793 VAL: 0.37311413884162903
INFO:root:75
Train: 0.2580067813396454 VAL: 0.377166211605072
INFO:root:76
Train: 0.26840323209762573 VAL: 0.37313348054885864
INFO:root:77
Train: 0.2685359716415405 VAL: 0.3730703592300415
INFO:root:78
Train: 0.2629471719264984 VAL: 0.3730340600013733
INFO:root:79
Train: 0.26437821984291077 VAL: 0.37609535455703735
INFO:root:80
Train: 0.2674811780452728 VAL: 0.37243151664733887
INFO:root:81
Train: 0.27037087082862854 VAL: 0.37383025884628296
INFO:root:82
Train: 0.2716059982776642 VAL: 0.3728071451187134
INFO:root:83
Train: 0.251628041267395 VAL: 0.37519848346710205
INFO:root:84
Train: 0.27122482657432556 VAL: 0.3728973865509033
INFO:root:85
Train: 0.2709098160266876 VAL: 0.37431633472442627
INFO:root:86
Train: 0.26884809136390686 VAL: 0.3735382854938507
INFO:root:87
Train: 0.27214643359184265 VAL: 0.3714746832847595
INFO:root:88
Train: 0.26859939098358154 VAL: 0.3768007159233093
INFO:root:89
Train: 0.2695287764072418 VAL: 0.3721688985824585
INFO:root:90
Train: 0.2677348852157593 VAL: 0.37409067153930664
INFO:root:91
Train: 0.27000001072883606 VAL: 0.3726639449596405
INFO:root:92
Train: 0.25514528155326843 VAL: 0.3737504482269287
INFO:root:93
Train: 0.2684578597545624 VAL: 0.37258225679397583
INFO:root:94
Train: 0.2653316557407379 VAL: 0.3746585249900818
INFO:root:95
Train: 0.2642873525619507 VAL: 0.3715593218803406
INFO:root:96
Train: 0.2614297866821289 VAL: 0.3735458254814148
INFO:root:97
Train: 0.26685264706611633 VAL: 0.3719096779823303
INFO:root:98
Train: 0.26105383038520813 VAL: 0.375078022480011
INFO:root:99
Train: 0.267752081155777 VAL: 0.3728306293487549
INFO:root:100
Train: 0.26869863271713257 VAL: 0.3715251088142395
INFO:root:101
Train: 0.2542446255683899 VAL: 0.3742753863334656
INFO:root:102
Train: 0.2714707851409912 VAL: 0.37198466062545776
INFO:root:103
Train: 0.2697376310825348 VAL: 0.3719850480556488
INFO:root:104
Train: 0.24759788811206818 VAL: 0.37329450249671936
INFO:root:105
Train: 0.25103506445884705 VAL: 0.3716263771057129
INFO:root:106
Train: 0.27002066373825073 VAL: 0.37248748540878296
INFO:root:107
Train: 0.2585846185684204 VAL: 0.3733447790145874
INFO:root:108
Train: 0.26699766516685486 VAL: 0.372020959854126
INFO:root:109
Train: 0.2653796076774597 VAL: 0.37183088064193726
INFO:root:110
Train: 0.26939281821250916 VAL: 0.3718429505825043
INFO:root:111
Train: 0.2683635354042053 VAL: 0.37180542945861816
INFO:root:112
Train: 0.26317039132118225 VAL: 0.3729064464569092
INFO:root:113
Train: 0.2682574689388275 VAL: 0.37297362089157104
INFO:root:114
Train: 0.2657495439052582 VAL: 0.37208062410354614
INFO:root:115
Train: 0.2693272531032562 VAL: 0.3718286156654358
INFO:root:116
Train: 0.25699111819267273 VAL: 0.3723408579826355
INFO:root:117
Train: 0.26759418845176697 VAL: 0.3728422522544861
INFO:root:BEST VAL: 0.3728422522544861 TEST : 0.2530946731567383
INFO:root:Namespace(quiet=False, run_id=None, config=None, epochs=200, fold=1, batch_size=128, learn_rate=0.001, betas=(0.9, 0.999), weight_decay=0.001, hidden_size=32, kernel_init='skew-symmetric', note='', seed=None, nlayers=4, attn_head=2, latent_dim=128, dataset='ushcn')
INFO:root:{'input_dim': 5, 'attn_head': 2, 'latent_dim': 128, 'n_layers': 4, 'device': device(type='cuda')}
INFO:root:1
Train: 3.3224360942840576 VAL: 0.9286097288131714
INFO:root:2
Train: 0.6875770688056946 VAL: 0.5920915007591248
INFO:root:3
Train: 0.5248796939849854 VAL: 0.5410483479499817
INFO:root:4
Train: 0.41536879539489746 VAL: 0.43721574544906616
INFO:root:5
Train: 0.36811184883117676 VAL: 0.40192896127700806
INFO:root:6
Train: 0.2875068485736847 VAL: 0.3969156742095947
INFO:root:7
Train: 0.28743186593055725 VAL: 0.38573676347732544
INFO:root:8
Train: 0.29029253125190735 VAL: 0.3833687901496887
INFO:root:9
Train: 0.29739806056022644 VAL: 0.38484272360801697
INFO:root:10
Train: 0.3012584149837494 VAL: 0.4103773236274719
INFO:root:11
Train: 0.32249870896339417 VAL: 0.3889901041984558
INFO:root:12
Train: 0.3041250705718994 VAL: 0.4002939462661743
INFO:root:13
Train: 0.3032144606113434 VAL: 0.3808646500110626
INFO:root:14
Train: 0.2830052077770233 VAL: 0.3780815005302429
INFO:root:15
Train: 0.2813878357410431 VAL: 0.3807540535926819
INFO:root:16
Train: 0.2782679796218872 VAL: 0.3768162131309509
INFO:root:17
Train: 0.27106359601020813 VAL: 0.38588446378707886
INFO:root:18
Train: 0.2862319052219391 VAL: 0.37905287742614746
INFO:root:19
Train: 0.28461775183677673 VAL: 0.37709447741508484
INFO:root:20
Train: 0.2753656804561615 VAL: 0.3863902688026428
INFO:root:21
Train: 0.2781454026699066 VAL: 0.37776681780815125
INFO:root:22
Train: 0.2788759469985962 VAL: 0.3847176432609558
INFO:root:23
Train: 0.27984604239463806 VAL: 0.37871769070625305
INFO:root:24
Train: 0.2794392704963684 VAL: 0.3831135332584381
INFO:root:25
Train: 0.2695704400539398 VAL: 0.38478440046310425
INFO:root:26
Train: 0.2792944312095642 VAL: 0.38291412591934204
INFO:root:27
Train: 0.2842724323272705 VAL: 0.37634438276290894
INFO:root:28
Train: 0.2840593755245209 VAL: 0.37770944833755493
INFO:root:29
Train: 0.26412758231163025 VAL: 0.38067734241485596
INFO:root:30
Train: 0.2861827313899994 VAL: 0.37620705366134644
INFO:root:31
Train: 0.2815628945827484 VAL: 0.3761688470840454
INFO:root:32
Train: 0.28200528025627136 VAL: 0.38012731075286865
INFO:root:33
Train: 0.27519160509109497 VAL: 0.3814440369606018
INFO:root:34
Train: 0.2675296366214752 VAL: 0.37516504526138306
INFO:root:35
Train: 0.27272453904151917 VAL: 0.37471333146095276
INFO:root:36
Train: 0.275725781917572 VAL: 0.37538403272628784
INFO:root:37
Train: 0.26907187700271606 VAL: 0.3780113458633423
INFO:root:38
Train: 0.2733072340488434 VAL: 0.38635215163230896
INFO:root:39
Train: 0.273520290851593 VAL: 0.37567412853240967
INFO:root:40
Train: 0.2547048330307007 VAL: 0.37729835510253906
INFO:root:41
Train: 0.26319050788879395 VAL: 0.38372674584388733
INFO:root:42
Train: 0.26625803112983704 VAL: 0.37493008375167847
INFO:root:43
Train: 0.30132851004600525 VAL: 0.41965848207473755
INFO:root:44
Train: 0.35589298605918884 VAL: 0.4097181558609009
INFO:root:45
Train: 0.3558594882488251 VAL: 0.3953586220741272
INFO:root:46
Train: 0.29586243629455566 VAL: 0.384382426738739
INFO:root:47
Train: 0.30899786949157715 VAL: 0.38217389583587646
INFO:root:48
Train: 0.2947474718093872 VAL: 0.38622039556503296
INFO:root:49
Train: 0.2894795536994934 VAL: 0.3880959153175354
INFO:root:50
Train: 0.28826209902763367 VAL: 0.3814878761768341
INFO:root:51
Train: 0.2936362624168396 VAL: 0.39533719420433044
INFO:root:52
Train: 0.28954991698265076 VAL: 0.37853699922561646
INFO:root:53
Train: 0.27247244119644165 VAL: 0.37528836727142334
INFO:root:54
Train: 0.286452054977417 VAL: 0.3773704767227173
INFO:root:55
Train: 0.2838316261768341 VAL: 0.3879000246524811
INFO:root:56
Train: 0.2839546501636505 VAL: 0.37960055470466614
INFO:root:57
Train: 0.27909427881240845 VAL: 0.3740209937095642
INFO:root:58
Train: 0.2866866886615753 VAL: 0.37572845816612244
INFO:root:59
Train: 0.2794512212276459 VAL: 0.387273371219635
INFO:root:60
Train: 0.28078049421310425 VAL: 0.3773208260536194
INFO:root:61
Train: 0.2697179913520813 VAL: 0.37320977449417114
INFO:root:62
Train: 0.28008711338043213 VAL: 0.3788837790489197
INFO:root:63
Train: 0.2775319516658783 VAL: 0.3749558925628662
INFO:root:64
Train: 0.2695039212703705 VAL: 0.3718634247779846
INFO:root:65
Train: 0.2754102945327759 VAL: 0.38005223870277405
INFO:root:66
Train: 0.27240127325057983 VAL: 0.3726332187652588
INFO:root:67
Train: 0.2730157673358917 VAL: 0.37540775537490845
INFO:root:68
Train: 0.27376431226730347 VAL: 0.38257724046707153
INFO:root:69
Train: 0.2774398624897003 VAL: 0.373945951461792
INFO:root:70
Train: 0.27128374576568604 VAL: 0.3852185010910034
INFO:root:71
Train: 0.2764195501804352 VAL: 0.3733518123626709
INFO:root:72
Train: 0.2750356197357178 VAL: 0.3736543655395508
INFO:root:73
Train: 0.2725232243537903 VAL: 0.3715550899505615
INFO:root:74
Train: 0.26886650919914246 VAL: 0.3718010187149048
INFO:root:75
Train: 0.268816202878952 VAL: 0.3830891251564026
INFO:root:76
Train: 0.26606371998786926 VAL: 0.3724583387374878
INFO:root:77
Train: 0.27284637093544006 VAL: 0.3812834620475769
INFO:root:78
Train: 0.25056159496307373 VAL: 0.37154921889305115
INFO:root:79
Train: 0.27116990089416504 VAL: 0.3713262677192688
INFO:root:80
Train: 0.25974661111831665 VAL: 0.37260037660598755
INFO:root:81
Train: 0.2555238604545593 VAL: 0.372036337852478
INFO:root:82
Train: 0.252294659614563 VAL: 0.3782578110694885
INFO:root:83
Train: 0.27421942353248596 VAL: 0.37172263860702515
INFO:root:84
Train: 0.27310121059417725 VAL: 0.3706887364387512
INFO:root:85
Train: 0.27065080404281616 VAL: 0.38462305068969727
INFO:root:86
Train: 0.25746971368789673 VAL: 0.3728892505168915
INFO:root:87
Train: 0.2485136240720749 VAL: 0.3727205991744995
INFO:root:88
Train: 0.2617045044898987 VAL: 0.37344688177108765
INFO:root:89
Train: 0.2643584907054901 VAL: 0.3803916573524475
INFO:root:90
Train: 0.27823176980018616 VAL: 0.37009739875793457
INFO:root:91
Train: 0.2667329013347626 VAL: 0.37282636761665344
INFO:root:92
Train: 0.25955602526664734 VAL: 0.37307316064834595
INFO:root:93
Train: 0.2732950747013092 VAL: 0.3737618923187256
INFO:root:94
Train: 0.26768040657043457 VAL: 0.37500566244125366
INFO:root:95
Train: 0.25876685976982117 VAL: 0.37034422159194946
INFO:root:96
Train: 0.2673302888870239 VAL: 0.3733327388763428
INFO:root:97
Train: 0.2697317898273468 VAL: 0.3734733462333679
INFO:root:98
Train: 0.2670420706272125 VAL: 0.38185954093933105
INFO:root:99
Train: 0.27219268679618835 VAL: 0.37364935874938965
INFO:root:100
Train: 0.2657858431339264 VAL: 0.37156474590301514
INFO:root:101
Train: 0.26485347747802734 VAL: 0.37403756380081177
INFO:root:102
Train: 0.2572878301143646 VAL: 0.3712410032749176
INFO:root:103
Train: 0.25643956661224365 VAL: 0.370456337928772
INFO:root:104
Train: 0.2648059129714966 VAL: 0.3772369623184204
INFO:root:105
Train: 0.26348137855529785 VAL: 0.37052565813064575
INFO:root:106
Train: 0.26302871108055115 VAL: 0.37335774302482605
INFO:root:107
Train: 0.2564792335033417 VAL: 0.3705241084098816
INFO:root:108
Train: 0.26361367106437683 VAL: 0.37068015336990356
INFO:root:109
Train: 0.25632843375205994 VAL: 0.37055689096450806
INFO:root:110
Train: 0.2637918293476105 VAL: 0.3715629577636719
INFO:root:111
Train: 0.24050426483154297 VAL: 0.3747265338897705
INFO:root:112
Train: 0.2602246105670929 VAL: 0.370686411857605
INFO:root:113
Train: 0.2635442316532135 VAL: 0.3710295557975769
INFO:root:114
Train: 0.2591652572154999 VAL: 0.3719214200973511
INFO:root:115
Train: 0.23553426563739777 VAL: 0.3701680898666382
INFO:root:116
Train: 0.25419002771377563 VAL: 0.37338346242904663
INFO:root:117
Train: 0.2612859904766083 VAL: 0.3711644411087036
INFO:root:118
Train: 0.257615864276886 VAL: 0.37124401330947876
INFO:root:119
Train: 0.24106018245220184 VAL: 0.37030357122421265
INFO:root:120
Train: 0.2546481788158417 VAL: 0.37131166458129883
INFO:root:BEST VAL: 0.37131166458129883 TEST : 0.2559044361114502
