INFO:root:Namespace(quiet=False, run_id=None, config=None, epochs=200, fold=1, batch_size=64, learn_rate=0.001, betas=(0.9, 0.999), weight_decay=0.001, hidden_size=32, kernel_init='skew-symmetric', note='', seed=None, nlayers=4, attn_head=1, latent_dim=256, dataset='mimiciv')
INFO:root:{'input_dim': 100, 'attn_head': 1, 'latent_dim': 256, 'n_layers': 4, 'device': device(type='cuda')}
INFO:root:1
Train: 0.8571056127548218 VAL: 0.30124375224113464
INFO:root:2
Train: 0.2983734607696533 VAL: 0.2902129590511322
INFO:root:3
Train: 0.28243395686149597 VAL: 0.2751069962978363
INFO:root:4
Train: 0.2698725759983063 VAL: 0.26557499170303345
INFO:root:5
Train: 0.26425430178642273 VAL: 0.2784765958786011
INFO:root:6
Train: 0.25691452622413635 VAL: 0.2553662061691284
INFO:root:7
Train: 0.2527124285697937 VAL: 0.2595534920692444
INFO:root:8
Train: 0.24819810688495636 VAL: 0.2559645175933838
INFO:root:9
Train: 0.24598626792430878 VAL: 0.24887330830097198
INFO:root:10
Train: 0.24970673024654388 VAL: 0.252373605966568
INFO:root:11
Train: 0.240818589925766 VAL: 0.24209120869636536
INFO:root:12
Train: 0.2383803129196167 VAL: 0.24449679255485535
INFO:root:13
Train: 0.23324474692344666 VAL: 0.2444143146276474
INFO:root:14
Train: 0.2333032488822937 VAL: 0.24789443612098694
INFO:root:15
Train: 0.22944693267345428 VAL: 0.24009650945663452
INFO:root:16
Train: 0.22968950867652893 VAL: 0.25798481702804565
INFO:root:17
Train: 0.22698648273944855 VAL: 0.23652872443199158
INFO:root:18
Train: 0.22670415043830872 VAL: 0.2382579743862152
INFO:root:19
Train: 0.22525706887245178 VAL: 0.24376916885375977
INFO:root:20
Train: 0.2287260740995407 VAL: 0.2396903932094574
INFO:root:21
Train: 0.22375783324241638 VAL: 0.2381516695022583
INFO:root:22
Train: 0.2226729393005371 VAL: 0.23910151422023773
INFO:root:23
Train: 0.223059743642807 VAL: 0.2386913001537323
INFO:root:24
Train: 0.22089159488677979 VAL: 0.2449626624584198
INFO:root:25
Train: 0.22065797448158264 VAL: 0.23769865930080414
INFO:root:26
Train: 0.22047103941440582 VAL: 0.2454206347465515
INFO:root:27
Train: 0.22407595813274384 VAL: 0.24275484681129456
INFO:root:28
Train: 0.224898099899292 VAL: 0.2423345446586609
INFO:root:29
Train: 0.21380534768104553 VAL: 0.23051965236663818
INFO:root:30
Train: 0.20963186025619507 VAL: 0.22899150848388672
INFO:root:31
Train: 0.20731978118419647 VAL: 0.22817906737327576
INFO:root:32
Train: 0.2061682641506195 VAL: 0.23304665088653564
INFO:root:33
Train: 0.2077850103378296 VAL: 0.23362064361572266
INFO:root:34
Train: 0.20564532279968262 VAL: 0.23669324815273285
INFO:root:35
Train: 0.2022666335105896 VAL: 0.23532359302043915
INFO:root:36
Train: 0.20073619484901428 VAL: 0.23489531874656677
INFO:root:37
Train: 0.20187854766845703 VAL: 0.23548106849193573
INFO:root:38
Train: 0.20465970039367676 VAL: 0.23568913340568542
INFO:root:39
Train: 0.20184706151485443 VAL: 0.2479649782180786
INFO:root:40
Train: 0.1981254518032074 VAL: 0.2362300455570221
INFO:root:41
Train: 0.1984916776418686 VAL: 0.235429584980011
INFO:root:42
Train: 0.2010209560394287 VAL: 0.2347651720046997
INFO:root:43
Train: 0.18443918228149414 VAL: 0.23842254281044006
INFO:root:44
Train: 0.17452825605869293 VAL: 0.2354719489812851
INFO:root:45
Train: 0.16942720115184784 VAL: 0.23952272534370422
INFO:root:46
Train: 0.1666858047246933 VAL: 0.23958729207515717
INFO:root:47
Train: 0.1619928628206253 VAL: 0.2407146692276001
INFO:root:48
Train: 0.15772271156311035 VAL: 0.24187688529491425
INFO:root:49
Train: 0.15797775983810425 VAL: 0.23980413377285004
INFO:root:50
Train: 0.15241576731204987 VAL: 0.24744126200675964
INFO:root:51
Train: 0.15675494074821472 VAL: 0.2453773021697998
INFO:root:52
Train: 0.1473771333694458 VAL: 0.24688205122947693
INFO:root:53
Train: 0.13983263075351715 VAL: 0.25117722153663635
INFO:root:54
Train: 0.12238434702157974 VAL: 0.25106745958328247
INFO:root:55
Train: 0.11167680472135544 VAL: 0.2527982294559479
INFO:root:56
Train: 0.10567755252122879 VAL: 0.2557848393917084
INFO:root:57
Train: 0.10176949948072433 VAL: 0.26214951276779175
INFO:root:58
Train: 0.096434585750103 VAL: 0.26493391394615173
INFO:root:59
Train: 0.09316331148147583 VAL: 0.26919567584991455
INFO:root:60
Train: 0.08818981796503067 VAL: 0.2665746510028839
INFO:root:61
Train: 0.08542254567146301 VAL: 0.2690887749195099
INFO:root:BEST VAL: 0.2690887749195099 TEST : 0.22899669408798218
INFO:root:Namespace(quiet=False, run_id=None, config=None, epochs=200, fold=1, batch_size=128, learn_rate=0.001, betas=(0.9, 0.999), weight_decay=0.001, hidden_size=32, kernel_init='skew-symmetric', note='', seed=None, nlayers=4, attn_head=1, latent_dim=256, dataset='physionet2012')
INFO:root:{'input_dim': 37, 'attn_head': 1, 'latent_dim': 256, 'n_layers': 4, 'device': device(type='cuda')}
INFO:root:1
Train: 1.2877252101898193 VAL: 0.3248679041862488
INFO:root:2
Train: 0.31510740518569946 VAL: 0.30043232440948486
INFO:root:3
Train: 0.3049536943435669 VAL: 0.30019596219062805
INFO:root:4
Train: 0.3036516308784485 VAL: 0.32273274660110474
INFO:root:5
Train: 0.305340051651001 VAL: 0.2998524308204651
INFO:root:6
Train: 0.29977306723594666 VAL: 0.29358747601509094
INFO:root:7
Train: 0.29818615317344666 VAL: 0.3023197054862976
INFO:root:8
Train: 0.2970467805862427 VAL: 0.2917758524417877
INFO:root:9
Train: 0.2949937582015991 VAL: 0.29793038964271545
INFO:root:10
Train: 0.2971316874027252 VAL: 0.2924305498600006
INFO:root:11
Train: 0.2930675446987152 VAL: 0.2953667938709259
INFO:root:12
Train: 0.2930784821510315 VAL: 0.29268285632133484
INFO:root:13
Train: 0.2917417585849762 VAL: 0.2942808270454407
INFO:root:14
Train: 0.292252779006958 VAL: 0.3010351061820984
INFO:root:15
Train: 0.29411956667900085 VAL: 0.29049158096313477
INFO:root:16
Train: 0.2903362214565277 VAL: 0.28917810320854187
INFO:root:17
Train: 0.29095458984375 VAL: 0.29051336646080017
INFO:root:18
Train: 0.2895779013633728 VAL: 0.28888994455337524
INFO:root:19
Train: 0.2880643606185913 VAL: 0.2904648184776306
INFO:root:20
Train: 0.28906697034835815 VAL: 0.2876386344432831
INFO:root:21
Train: 0.2874467074871063 VAL: 0.2900885343551636
INFO:root:22
Train: 0.287290096282959 VAL: 0.28865712881088257
INFO:root:23
Train: 0.28912410140037537 VAL: 0.29361069202423096
INFO:root:24
Train: 0.28643423318862915 VAL: 0.2928924262523651
INFO:root:25
Train: 0.28482550382614136 VAL: 0.2893756926059723
INFO:root:26
Train: 0.2851810157299042 VAL: 0.2897036075592041
INFO:root:27
Train: 0.28373444080352783 VAL: 0.28750383853912354
INFO:root:28
Train: 0.28389763832092285 VAL: 0.2893306612968445
INFO:root:29
Train: 0.28338348865509033 VAL: 0.28967857360839844
INFO:root:30
Train: 0.28272745013237 VAL: 0.29374873638153076
INFO:root:31
Train: 0.2841280400753021 VAL: 0.2930504083633423
INFO:root:32
Train: 0.282340407371521 VAL: 0.2882224917411804
INFO:root:33
Train: 0.2813560366630554 VAL: 0.293735146522522
INFO:root:34
Train: 0.2798936367034912 VAL: 0.2884373664855957
INFO:root:35
Train: 0.27909260988235474 VAL: 0.2931986153125763
INFO:root:36
Train: 0.279990017414093 VAL: 0.2999621629714966
INFO:root:37
Train: 0.28133341670036316 VAL: 0.291904091835022
INFO:root:38
Train: 0.27762410044670105 VAL: 0.29372310638427734
INFO:root:39
Train: 0.2734476625919342 VAL: 0.28800925612449646
INFO:root:40
Train: 0.2685553729534149 VAL: 0.29089659452438354
INFO:root:41
Train: 0.2662850618362427 VAL: 0.2924957275390625
INFO:root:42
Train: 0.2649131715297699 VAL: 0.29071444272994995
INFO:root:43
Train: 0.266276478767395 VAL: 0.2928653359413147
INFO:root:44
Train: 0.2648022770881653 VAL: 0.29218751192092896
INFO:root:45
Train: 0.2616245746612549 VAL: 0.2916286587715149
INFO:root:46
Train: 0.2621416449546814 VAL: 0.2921745479106903
INFO:root:47
Train: 0.2595127522945404 VAL: 0.2932678163051605
INFO:root:48
Train: 0.2575860619544983 VAL: 0.293809175491333
INFO:root:49
Train: 0.2596989572048187 VAL: 0.2951529324054718
INFO:root:50
Train: 0.2506359815597534 VAL: 0.2959550619125366
INFO:root:51
Train: 0.2437181919813156 VAL: 0.29932767152786255
INFO:root:52
Train: 0.24146579205989838 VAL: 0.30489641427993774
INFO:root:53
Train: 0.23768530786037445 VAL: 0.3000704050064087
INFO:root:54
Train: 0.23639732599258423 VAL: 0.29804909229278564
INFO:root:55
Train: 0.23566971719264984 VAL: 0.30531173944473267
INFO:root:56
Train: 0.2310599982738495 VAL: 0.2986134886741638
INFO:root:57
Train: 0.23085984587669373 VAL: 0.30387598276138306
INFO:root:BEST VAL: 0.30387598276138306 TEST : 0.2879440188407898
