INFO:root:Namespace(quiet=False, run_id=None, config=None, epochs=200, fold=1, batch_size=128, learn_rate=0.001, betas=(0.9, 0.999), weight_decay=0.001, hidden_size=32, kernel_init='skew-symmetric', note='', seed=None, nlayers=2, attn_head=1, latent_dim=128, dataset='ushcn')
INFO:root:{'input_dim': 5, 'attn_head': 1, 'latent_dim': 128, 'n_layers': 2, 'device': device(type='cuda')}
INFO:root:1
Train: 1.3923832178115845 VAL: 0.6007338762283325
INFO:root:2
Train: 0.6109653115272522 VAL: 0.6203511357307434
INFO:root:3
Train: 0.43176209926605225 VAL: 0.4594650864601135
INFO:root:4
Train: 0.35366663336753845 VAL: 0.4166046380996704
INFO:root:5
Train: 0.6469172835350037 VAL: 0.5095514059066772
INFO:root:6
Train: 0.4681391417980194 VAL: 0.48979103565216064
INFO:root:7
Train: 0.44896695017814636 VAL: 0.4454011023044586
INFO:root:8
Train: 0.3924978971481323 VAL: 0.4306298494338989
INFO:root:9
Train: 0.35905054211616516 VAL: 0.430039644241333
INFO:root:10
Train: 0.35831645131111145 VAL: 0.42090943455696106
INFO:root:11
Train: 0.30121150612831116 VAL: 0.3890382945537567
INFO:root:12
Train: 0.3332746922969818 VAL: 0.3938028812408447
INFO:root:13
Train: 0.3457384407520294 VAL: 0.4027545750141144
INFO:root:14
Train: 0.31109338998794556 VAL: 0.4053310751914978
INFO:root:15
Train: 0.3121078908443451 VAL: 0.413785457611084
INFO:root:16
Train: 0.31879448890686035 VAL: 0.4260035753250122
INFO:root:17
Train: 0.30801668763160706 VAL: 0.4009965658187866
INFO:root:18
Train: 0.2950640916824341 VAL: 0.3824223577976227
INFO:root:19
Train: 0.2924376130104065 VAL: 0.3870927691459656
INFO:root:20
Train: 0.29296597838401794 VAL: 0.3828638195991516
INFO:root:21
Train: 0.28161486983299255 VAL: 0.3803325295448303
INFO:root:22
Train: 0.2685377597808838 VAL: 0.38185179233551025
INFO:root:23
Train: 0.28907307982444763 VAL: 0.38174134492874146
INFO:root:24
Train: 0.29070720076560974 VAL: 0.38051146268844604
INFO:root:25
Train: 0.27765265107154846 VAL: 0.3820974826812744
INFO:root:26
Train: 0.2831672132015228 VAL: 0.3822649121284485
INFO:root:27
Train: 0.28018346428871155 VAL: 0.3786776065826416
INFO:root:28
Train: 0.28090041875839233 VAL: 0.37779611349105835
INFO:root:29
Train: 0.24989177286624908 VAL: 0.3914598822593689
INFO:root:30
Train: 0.257184773683548 VAL: 0.39097294211387634
INFO:root:31
Train: 0.27520450949668884 VAL: 0.4140634536743164
INFO:root:32
Train: 0.30323922634124756 VAL: 0.3932644724845886
INFO:root:33
Train: 0.28205984830856323 VAL: 0.3779950737953186
INFO:root:34
Train: 0.28135690093040466 VAL: 0.37932339310646057
INFO:root:35
Train: 0.25704899430274963 VAL: 0.3790203332901001
INFO:root:36
Train: 0.2796970307826996 VAL: 0.37925416231155396
INFO:root:37
Train: 0.2812437117099762 VAL: 0.3813117444515228
INFO:root:38
Train: 0.2732102870941162 VAL: 0.3857794404029846
INFO:root:39
Train: 0.2794622480869293 VAL: 0.37730729579925537
INFO:root:40
Train: 0.2582578957080841 VAL: 0.37801095843315125
INFO:root:41
Train: 0.27871283888816833 VAL: 0.3771188259124756
INFO:root:42
Train: 0.2766701877117157 VAL: 0.3754644989967346
INFO:root:43
Train: 0.2817907929420471 VAL: 0.38604289293289185
INFO:root:44
Train: 0.2681654989719391 VAL: 0.3779345750808716
INFO:root:45
Train: 0.297547310590744 VAL: 0.3869628608226776
INFO:root:46
Train: 0.31006887555122375 VAL: 0.39090466499328613
INFO:root:47
Train: 0.290045827627182 VAL: 0.3886268734931946
INFO:root:48
Train: 0.27972927689552307 VAL: 0.37420862913131714
INFO:root:49
Train: 0.28162702918052673 VAL: 0.3742843568325043
INFO:root:50
Train: 0.28136804699897766 VAL: 0.375262588262558
INFO:root:51
Train: 0.28134870529174805 VAL: 0.37237030267715454
INFO:root:52
Train: 0.27444103360176086 VAL: 0.38027089834213257
INFO:root:53
Train: 0.2804088890552521 VAL: 0.3746211528778076
INFO:root:54
Train: 0.2736775875091553 VAL: 0.37752965092658997
INFO:root:55
Train: 0.27764758467674255 VAL: 0.37794461846351624
INFO:root:56
Train: 0.2712916433811188 VAL: 0.3805086016654968
INFO:root:57
Train: 0.2735372483730316 VAL: 0.3814074695110321
INFO:root:58
Train: 0.27926668524742126 VAL: 0.3737960457801819
INFO:root:59
Train: 0.27687209844589233 VAL: 0.3787316083908081
INFO:root:60
Train: 0.2729204595088959 VAL: 0.37391990423202515
INFO:root:61
Train: 0.2790290117263794 VAL: 0.3820471167564392
INFO:root:62
Train: 0.2969084084033966 VAL: 0.3763224482536316
INFO:root:63
Train: 0.2614162266254425 VAL: 0.36832624673843384
INFO:root:64
Train: 0.27654793858528137 VAL: 0.37842702865600586
INFO:root:65
Train: 0.27737656235694885 VAL: 0.3742596507072449
INFO:root:66
Train: 0.2726415991783142 VAL: 0.37027889490127563
INFO:root:67
Train: 0.260536253452301 VAL: 0.37283268570899963
INFO:root:68
Train: 0.2736824154853821 VAL: 0.37372416257858276
INFO:root:69
Train: 0.2633509933948517 VAL: 0.36991363763809204
INFO:root:70
Train: 0.2739439010620117 VAL: 0.3753710389137268
INFO:root:71
Train: 0.2680620551109314 VAL: 0.3738296329975128
INFO:root:72
Train: 0.27489110827445984 VAL: 0.3732011914253235
INFO:root:73
Train: 0.2750988006591797 VAL: 0.3740745782852173
INFO:root:74
Train: 0.26249536871910095 VAL: 0.3716483414173126
INFO:root:75
Train: 0.25398945808410645 VAL: 0.37364768981933594
INFO:root:76
Train: 0.27146124839782715 VAL: 0.36830949783325195
INFO:root:77
Train: 0.2603713572025299 VAL: 0.370045006275177
INFO:root:78
Train: 0.26472923159599304 VAL: 0.3697656989097595
INFO:root:79
Train: 0.26323291659355164 VAL: 0.3728749454021454
INFO:root:80
Train: 0.26779839396476746 VAL: 0.3693520426750183
INFO:root:81
Train: 0.26738661527633667 VAL: 0.3705712556838989
INFO:root:82
Train: 0.26865509152412415 VAL: 0.3700597882270813
INFO:root:83
Train: 0.2687852084636688 VAL: 0.37059518694877625
INFO:root:84
Train: 0.2467331737279892 VAL: 0.3707849979400635
INFO:root:85
Train: 0.26014626026153564 VAL: 0.3696591258049011
INFO:root:86
Train: 0.2654536962509155 VAL: 0.37064069509506226
INFO:root:87
Train: 0.23675590753555298 VAL: 0.3696248531341553
INFO:root:88
Train: 0.26577746868133545 VAL: 0.37033748626708984
INFO:root:89
Train: 0.2674594223499298 VAL: 0.3702266216278076
INFO:root:90
Train: 0.26560336351394653 VAL: 0.368940532207489
INFO:root:91
Train: 0.26199260354042053 VAL: 0.36886656284332275
INFO:root:92
Train: 0.2693769633769989 VAL: 0.36950093507766724
INFO:root:93
Train: 0.252169132232666 VAL: 0.3697381019592285
INFO:root:94
Train: 0.2651658058166504 VAL: 0.3695591688156128
INFO:root:95
Train: 0.24603934586048126 VAL: 0.3702012896537781
INFO:root:96
Train: 0.26228296756744385 VAL: 0.36868757009506226
INFO:root:97
Train: 0.26869770884513855 VAL: 0.36903005838394165
INFO:root:98
Train: 0.267484575510025 VAL: 0.37004488706588745
INFO:root:99
Train: 0.25636303424835205 VAL: 0.3695515990257263
INFO:root:100
Train: 0.2665597200393677 VAL: 0.36931556463241577
INFO:root:101
Train: 0.266828328371048 VAL: 0.3698068857192993
INFO:root:102
Train: 0.25847458839416504 VAL: 0.3698287606239319
INFO:root:103
Train: 0.2633150815963745 VAL: 0.3692994713783264
INFO:root:104
Train: 0.26836463809013367 VAL: 0.3699747920036316
INFO:root:105
Train: 0.26330602169036865 VAL: 0.37002021074295044
INFO:root:106
Train: 0.26370060443878174 VAL: 0.3691718578338623
INFO:root:BEST VAL: 0.3691718578338623 TEST : 0.25523650646209717
INFO:root:Namespace(quiet=False, run_id=None, config=None, epochs=200, fold=1, batch_size=64, learn_rate=0.001, betas=(0.9, 0.999), weight_decay=0.001, hidden_size=32, kernel_init='skew-symmetric', note='', seed=None, nlayers=2, attn_head=1, latent_dim=128, dataset='mimiciii')
INFO:root:{'input_dim': 96, 'attn_head': 1, 'latent_dim': 128, 'n_layers': 2, 'device': device(type='cuda')}
INFO:root:1
Train: 0.5390889048576355 VAL: 0.4896251857280731
INFO:root:2
Train: 0.4533156454563141 VAL: 0.4388984441757202
INFO:root:3
Train: 0.4244636595249176 VAL: 0.43190765380859375
INFO:root:4
Train: 0.43698230385780334 VAL: 0.44129276275634766
INFO:root:5
Train: 0.4123276174068451 VAL: 0.4282657504081726
INFO:root:6
Train: 0.4034317135810852 VAL: 0.42089176177978516
INFO:root:7
Train: 0.4563139081001282 VAL: 0.4436156153678894
INFO:root:8
Train: 0.41083237528800964 VAL: 0.42409613728523254
INFO:root:9
Train: 0.39624232053756714 VAL: 0.4156675636768341
INFO:root:10
Train: 0.3946259915828705 VAL: 0.41308093070983887
INFO:root:11
Train: 0.3927966058254242 VAL: 0.4144864082336426
INFO:root:12
Train: 0.39337071776390076 VAL: 0.4045228660106659
INFO:root:13
Train: 0.3929901719093323 VAL: 0.40249544382095337
INFO:root:14
Train: 0.38877588510513306 VAL: 0.40966832637786865
INFO:root:15
Train: 0.3844705820083618 VAL: 0.4003942608833313
INFO:root:16
Train: 0.38210922479629517 VAL: 0.4068065285682678
INFO:root:17
Train: 0.3823501169681549 VAL: 0.40947794914245605
INFO:root:18
Train: 0.39183080196380615 VAL: 0.41134747862815857
INFO:root:19
Train: 0.3788694143295288 VAL: 0.41200515627861023
INFO:root:20
Train: 0.38719770312309265 VAL: 0.40906822681427
INFO:root:21
Train: 0.3824651837348938 VAL: 0.4175708293914795
INFO:root:22
Train: 0.37926316261291504 VAL: 0.4001220464706421
INFO:root:23
Train: 0.3825139105319977 VAL: 0.40478068590164185
INFO:root:24
Train: 0.37683814764022827 VAL: 0.4138684868812561
INFO:root:25
Train: 0.3776654601097107 VAL: 0.4039095938205719
INFO:root:26
Train: 0.3773409426212311 VAL: 0.3943483233451843
INFO:root:27
Train: 0.3751941919326782 VAL: 0.39676347374916077
INFO:root:28
Train: 0.36975181102752686 VAL: 0.40736058354377747
INFO:root:29
Train: 0.3868340253829956 VAL: 0.4055972695350647
INFO:root:30
Train: 0.37554430961608887 VAL: 0.40374070405960083
INFO:root:31
Train: 0.3694862127304077 VAL: 0.3934687376022339
INFO:root:32
Train: 0.3655354082584381 VAL: 0.4014471769332886
INFO:root:33
Train: 0.3696514070034027 VAL: 0.39452189207077026
INFO:root:34
Train: 0.3669538199901581 VAL: 0.4028703570365906
INFO:root:35
Train: 0.3680371940135956 VAL: 0.39408251643180847
INFO:root:36
Train: 0.3616645336151123 VAL: 0.401977002620697
INFO:root:37
Train: 0.36321669816970825 VAL: 0.3930111527442932
INFO:root:38
Train: 0.3590811491012573 VAL: 0.393768310546875
INFO:root:39
Train: 0.35969480872154236 VAL: 0.39784541726112366
INFO:root:40
Train: 0.3591781258583069 VAL: 0.3957969546318054
INFO:root:41
Train: 0.35801222920417786 VAL: 0.39952969551086426
INFO:root:42
Train: 0.3590153753757477 VAL: 0.40769556164741516
INFO:root:43
Train: 0.35903286933898926 VAL: 0.3904343247413635
INFO:root:44
Train: 0.355359822511673 VAL: 0.4010455310344696
INFO:root:45
Train: 0.3541419506072998 VAL: 0.39383673667907715
INFO:root:46
Train: 0.35503795742988586 VAL: 0.3901768922805786
INFO:root:47
Train: 0.3531907796859741 VAL: 0.4056529700756073
INFO:root:48
Train: 0.3543013334274292 VAL: 0.3968924880027771
INFO:root:49
Train: 0.3474031686782837 VAL: 0.3997778594493866
INFO:root:50
Train: 0.3460025191307068 VAL: 0.3956749141216278
INFO:root:51
Train: 0.34624508023262024 VAL: 0.3979511857032776
INFO:root:52
Train: 0.34057483077049255 VAL: 0.40121990442276
INFO:root:53
Train: 0.34319671988487244 VAL: 0.4043547213077545
INFO:root:54
Train: 0.3381287753582001 VAL: 0.3964523375034332
INFO:root:55
Train: 0.3341512382030487 VAL: 0.39641547203063965
INFO:root:56
Train: 0.33690330386161804 VAL: 0.39576566219329834
INFO:root:57
Train: 0.3751145303249359 VAL: 0.40559911727905273
INFO:root:58
Train: 0.3330194354057312 VAL: 0.3952922224998474
INFO:root:59
Train: 0.3302214443683624 VAL: 0.39657455682754517
INFO:root:60
Train: 0.3225918114185333 VAL: 0.39902180433273315
INFO:root:61
Train: 0.31573721766471863 VAL: 0.39763784408569336
INFO:root:62
Train: 0.31289058923721313 VAL: 0.40719759464263916
INFO:root:63
Train: 0.31319689750671387 VAL: 0.39444801211357117
INFO:root:64
Train: 0.30900293588638306 VAL: 0.39646756649017334
INFO:root:65
Train: 0.305452436208725 VAL: 0.4032731056213379
INFO:root:66
Train: 0.3049717843532562 VAL: 0.3974587917327881
INFO:root:67
Train: 0.3037704527378082 VAL: 0.40025824308395386
INFO:root:68
Train: 0.30608174204826355 VAL: 0.40070563554763794
INFO:root:69
Train: 0.28685706853866577 VAL: 0.40288394689559937
INFO:root:70
Train: 0.28117361664772034 VAL: 0.403506338596344
INFO:root:71
Train: 0.27587899565696716 VAL: 0.40772971510887146
INFO:root:72
Train: 0.27149394154548645 VAL: 0.40808629989624023
INFO:root:73
Train: 0.2656102478504181 VAL: 0.41015464067459106
INFO:root:74
Train: 0.265316367149353 VAL: 0.4087567925453186
INFO:root:75
Train: 0.2626822292804718 VAL: 0.40610983967781067
INFO:root:76
Train: 0.26116257905960083 VAL: 0.4068525731563568
INFO:root:BEST VAL: 0.4068525731563568 TEST : 0.3819698691368103
INFO:root:Namespace(quiet=False, run_id=None, config=None, epochs=200, fold=1, batch_size=64, learn_rate=0.001, betas=(0.9, 0.999), weight_decay=0.001, hidden_size=32, kernel_init='skew-symmetric', note='', seed=None, nlayers=2, attn_head=1, latent_dim=128, dataset='mimiciii')
INFO:root:{'input_dim': 96, 'attn_head': 1, 'latent_dim': 128, 'n_layers': 2, 'device': device(type='cuda')}
INFO:root:1
Train: 0.5462825298309326 VAL: 0.463102251291275
INFO:root:2
Train: 0.4420342445373535 VAL: 0.4448148310184479
INFO:root:3
Train: 0.42504289746284485 VAL: 0.4671902060508728
INFO:root:4
Train: 0.42535170912742615 VAL: 0.42953890562057495
INFO:root:5
Train: 0.4071040749549866 VAL: 0.4408498704433441
INFO:root:6
Train: 0.40510788559913635 VAL: 0.42934542894363403
INFO:root:7
Train: 0.40747493505477905 VAL: 0.4274272918701172
INFO:root:8
Train: 0.4229580760002136 VAL: 0.472821980714798
INFO:root:9
Train: 0.40461501479148865 VAL: 0.4157574772834778
INFO:root:10
Train: 0.3943605124950409 VAL: 0.4076510965824127
INFO:root:11
Train: 0.3919386565685272 VAL: 0.4081771969795227
INFO:root:12
Train: 0.38966503739356995 VAL: 0.4164370596408844
INFO:root:13
Train: 0.4027520716190338 VAL: 0.4038136899471283
INFO:root:14
Train: 0.38765355944633484 VAL: 0.4050450921058655
INFO:root:15
Train: 0.38996031880378723 VAL: 0.4179311990737915
INFO:root:16
Train: 0.39174219965934753 VAL: 0.4006131887435913
INFO:root:17
Train: 0.3829077482223511 VAL: 0.39669883251190186
INFO:root:18
Train: 0.37846997380256653 VAL: 0.39579498767852783
INFO:root:19
Train: 0.38928791880607605 VAL: 0.4022570252418518
INFO:root:20
Train: 0.38108423352241516 VAL: 0.405950665473938
INFO:root:21
Train: 0.3794458210468292 VAL: 0.4007071256637573
INFO:root:22
Train: 0.3797958195209503 VAL: 0.41720300912857056
INFO:root:23
Train: 0.37754616141319275 VAL: 0.40884432196617126
INFO:root:24
Train: 0.3745481073856354 VAL: 0.40295112133026123
INFO:root:25
Train: 0.38837164640426636 VAL: 0.41793617606163025
INFO:root:26
Train: 0.3875592350959778 VAL: 0.4048721194267273
INFO:root:27
Train: 0.3879851698875427 VAL: 0.4037216901779175
INFO:root:28
Train: 0.37381553649902344 VAL: 0.4069155156612396
INFO:root:29
Train: 0.3730286657810211 VAL: 0.39815670251846313
INFO:root:30
Train: 0.3626877963542938 VAL: 0.39672914147377014
INFO:root:31
Train: 0.3588113784790039 VAL: 0.3993757963180542
INFO:root:32
Train: 0.35754144191741943 VAL: 0.3906581997871399
INFO:root:33
Train: 0.3539905548095703 VAL: 0.3935137689113617
INFO:root:34
Train: 0.35441234707832336 VAL: 0.39030712842941284
INFO:root:35
Train: 0.3504375219345093 VAL: 0.4042600691318512
INFO:root:36
Train: 0.34913191199302673 VAL: 0.4007303714752197
INFO:root:37
Train: 0.3480551838874817 VAL: 0.3979857563972473
INFO:root:38
Train: 0.3514385521411896 VAL: 0.39784157276153564
INFO:root:39
Train: 0.35027968883514404 VAL: 0.39667242765426636
INFO:root:40
Train: 0.3455110788345337 VAL: 0.39044874906539917
INFO:root:41
Train: 0.350517600774765 VAL: 0.3991377651691437
INFO:root:42
Train: 0.34632256627082825 VAL: 0.38836658000946045
INFO:root:43
Train: 0.34242191910743713 VAL: 0.3889129161834717
INFO:root:44
Train: 0.3393137454986572 VAL: 0.38838696479797363
