INFO:root:Namespace(quiet=False, run_id=None, config=None, epochs=200, fold=0, batch_size=128, learn_rate=0.001, betas=(0.9, 0.999), weight_decay=0.001, hidden_size=32, kernel_init='skew-symmetric', note='', seed=None, nlayers=3, attn_head=2, latent_dim=256, dataset='ushcn')
INFO:root:{'input_dim': 5, 'attn_head': 2, 'latent_dim': 256, 'n_layers': 3, 'device': device(type='cuda')}
INFO:root:1
Train: 11.996219635009766 VAL: 0.8284334540367126
INFO:root:2
Train: 0.731167733669281 VAL: 0.74161696434021
INFO:root:3
Train: 0.6144817471504211 VAL: 0.6636658310890198
INFO:root:4
Train: 0.5236399173736572 VAL: 0.5620120167732239
INFO:root:5
Train: 0.426090806722641 VAL: 0.36632728576660156
INFO:root:6
Train: 0.37438690662384033 VAL: 0.4046323299407959
INFO:root:7
Train: 0.3481029272079468 VAL: 0.4068071246147156
INFO:root:8
Train: 0.30188289284706116 VAL: 0.5326992869377136
INFO:root:9
Train: 0.3328768312931061 VAL: 0.38053417205810547
INFO:root:10
Train: 0.3221886157989502 VAL: 0.3629530668258667
INFO:root:11
Train: 0.3256830871105194 VAL: 0.33103147149086
INFO:root:12
Train: 0.3125482499599457 VAL: 0.6150681376457214
INFO:root:13
Train: 0.31864550709724426 VAL: 0.49184316396713257
INFO:root:14
Train: 0.310825377702713 VAL: 0.3217152953147888
INFO:root:15
Train: 0.31114181876182556 VAL: 0.4213351607322693
INFO:root:16
Train: 0.3095141351222992 VAL: 0.41605138778686523
INFO:root:17
Train: 0.2845078110694885 VAL: 0.41595742106437683
INFO:root:18
Train: 0.31013673543930054 VAL: 0.43480241298675537
INFO:root:19
Train: 0.3098281919956207 VAL: 0.4058820605278015
INFO:root:20
Train: 0.2876317501068115 VAL: 0.3935980200767517
INFO:root:21
Train: 0.3060287833213806 VAL: 0.4072662889957428
INFO:root:22
Train: 0.31553223729133606 VAL: 0.4215805232524872
INFO:root:23
Train: 0.3019454777240753 VAL: 0.4063900113105774
INFO:root:24
Train: 0.30806782841682434 VAL: 0.4273495078086853
INFO:root:25
Train: 0.3041326105594635 VAL: 0.4549754858016968
INFO:root:26
Train: 0.3021886944770813 VAL: 0.446455180644989
INFO:root:27
Train: 0.3011196553707123 VAL: 0.43593060970306396
INFO:root:28
Train: 0.30111825466156006 VAL: 0.4224529564380646
INFO:root:29
Train: 0.3027994930744171 VAL: 0.42622077465057373
INFO:root:30
Train: 0.2992185652256012 VAL: 0.44166985154151917
INFO:root:31
Train: 0.2879922389984131 VAL: 0.4478030502796173
INFO:root:32
Train: 0.30554285645484924 VAL: 0.4308528006076813
INFO:root:33
Train: 0.29698169231414795 VAL: 0.443202942609787
INFO:root:34
Train: 0.3064630329608917 VAL: 0.44022122025489807
INFO:root:35
Train: 0.2979099750518799 VAL: 0.4333032965660095
INFO:root:36
Train: 0.2999340295791626 VAL: 0.4384494125843048
INFO:root:37
Train: 0.2969726324081421 VAL: 0.43720492720603943
INFO:root:38
Train: 0.2957029640674591 VAL: 0.44195058941841125
INFO:root:39
Train: 0.2974277138710022 VAL: 0.449539452791214
INFO:root:40
Train: 0.2954385280609131 VAL: 0.4403377175331116
INFO:root:41
Train: 0.27428895235061646 VAL: 0.44367602467536926
INFO:root:42
Train: 0.2980991303920746 VAL: 0.43874427676200867
INFO:root:43
Train: 0.3004371225833893 VAL: 0.4388934373855591
INFO:root:44
Train: 0.2961173355579376 VAL: 0.43224862217903137
INFO:root:BEST VAL: 0.43224862217903137 TEST : 0.2225411981344223
INFO:root:Namespace(quiet=False, run_id=None, config=None, epochs=200, fold=0, batch_size=64, learn_rate=0.001, betas=(0.9, 0.999), weight_decay=0.001, hidden_size=32, kernel_init='skew-symmetric', note='', seed=None, nlayers=3, attn_head=2, latent_dim=256, dataset='mimiciii')
INFO:root:{'input_dim': 96, 'attn_head': 2, 'latent_dim': 256, 'n_layers': 3, 'device': device(type='cuda')}
INFO:root:1
Train: 0.7904799580574036 VAL: 0.5410338044166565
INFO:root:2
Train: 1.3335206508636475 VAL: 0.5295953154563904
INFO:root:3
Train: 0.4729832112789154 VAL: 0.47244352102279663
INFO:root:4
Train: 0.45603927969932556 VAL: 0.46302762627601624
INFO:root:5
Train: 0.4400724768638611 VAL: 0.4688124656677246
INFO:root:6
Train: 1531596.625 VAL: 1310.808837890625
INFO:root:7
Train: 519.8712768554688 VAL: 464.561767578125
INFO:root:8
Train: 285.4776306152344 VAL: 382.41668701171875
INFO:root:9
Train: 196.73121643066406 VAL: 308.70062255859375
INFO:root:10
Train: 115.38431549072266 VAL: 168.46002197265625
INFO:root:11
Train: 84.09471130371094 VAL: 122.50791931152344
INFO:root:12
Train: 65.29727172851562 VAL: 108.35831451416016
INFO:root:13
Train: 65.26419067382812 VAL: 107.9031753540039
INFO:root:14
Train: 56.73606491088867 VAL: 138.09408569335938
INFO:root:15
Train: 105.90361022949219 VAL: 127.90042877197266
INFO:root:16
Train: 54.724117279052734 VAL: 131.09666442871094
INFO:root:17
Train: 45.55257797241211 VAL: 104.56834411621094
INFO:root:18
Train: 35.7381706237793 VAL: 70.16386413574219
INFO:root:19
Train: 30.02618980407715 VAL: 64.32286834716797
INFO:root:20
Train: 31.292522430419922 VAL: 59.603702545166016
INFO:root:21
Train: 28.873065948486328 VAL: 55.59943771362305
INFO:root:22
Train: 25.551408767700195 VAL: 49.72697830200195
INFO:root:23
Train: 25.03519058227539 VAL: 60.5681037902832
INFO:root:24
Train: 24.180992126464844 VAL: 43.65436553955078
INFO:root:25
Train: 20.37921905517578 VAL: 36.388675689697266
INFO:root:26
Train: 18.990955352783203 VAL: 37.31243133544922
INFO:root:27
Train: 25.148042678833008 VAL: 70.20182800292969
INFO:root:28
Train: 36.51956558227539 VAL: 34.16204071044922
INFO:root:29
Train: 39.729366302490234 VAL: 29.387603759765625
INFO:root:30
Train: 31.37312889099121 VAL: 28.497825622558594
INFO:root:31
Train: 24.555618286132812 VAL: 29.067604064941406
INFO:root:32
Train: 37.98401641845703 VAL: 28.52741050720215
INFO:root:33
Train: 47.8787956237793 VAL: 44.03750991821289
INFO:root:34
Train: 25.120399475097656 VAL: 38.807586669921875
INFO:root:BEST VAL: 38.807586669921875 TEST : 0.3926957845687866
