INFO:root:Namespace(quiet=False, run_id=None, config=None, epochs=200, fold=4, batch_size=128, learn_rate=0.001, betas=(0.9, 0.999), weight_decay=0.001, hidden_size=32, kernel_init='skew-symmetric', note='', seed=None, nlayers=3, attn_head=2, latent_dim=256, dataset='ushcn')
INFO:root:{'input_dim': 5, 'attn_head': 2, 'latent_dim': 256, 'n_layers': 3, 'device': device(type='cuda')}
INFO:root:1
Train: 11.206111907958984 VAL: 0.4958585798740387
INFO:root:2
Train: 0.8448012471199036 VAL: 0.6895836591720581
INFO:root:3
Train: 0.6495282053947449 VAL: 0.5442647933959961
INFO:root:4
Train: 0.5254541635513306 VAL: 0.3695138096809387
INFO:root:5
Train: 0.40030789375305176 VAL: 0.28422003984451294
INFO:root:6
Train: 0.3682960569858551 VAL: 0.26363328099250793
INFO:root:7
Train: 0.37931308150291443 VAL: 0.2634313702583313
INFO:root:8
Train: 0.34966883063316345 VAL: 0.40667060017585754
INFO:root:9
Train: 0.4383992850780487 VAL: 0.2661805748939514
INFO:root:10
Train: 0.38356804847717285 VAL: 0.27749621868133545
INFO:root:11
Train: 0.38380154967308044 VAL: 0.2605239152908325
INFO:root:12
Train: 0.379741907119751 VAL: 0.2815604507923126
INFO:root:13
Train: 0.3765124976634979 VAL: 0.2933780252933502
INFO:root:14
Train: 0.37807121872901917 VAL: 0.2520814538002014
INFO:root:15
Train: 0.38097092509269714 VAL: 0.26912587881088257
INFO:root:16
Train: 0.37929844856262207 VAL: 0.33521366119384766
INFO:root:17
Train: 0.3484763205051422 VAL: 0.29482322931289673
INFO:root:18
Train: 0.3469831049442291 VAL: 0.2598351538181305
INFO:root:19
Train: 0.32253554463386536 VAL: 0.28788235783576965
INFO:root:20
Train: 0.3264312148094177 VAL: 0.2797764539718628
INFO:root:21
Train: 0.32734593749046326 VAL: 0.2637028098106384
INFO:root:22
Train: 0.308239609003067 VAL: 0.25150492787361145
INFO:root:23
Train: 0.3248847424983978 VAL: 0.2515547573566437
INFO:root:24
Train: 0.29992958903312683 VAL: 0.251102477312088
INFO:root:25
Train: 0.32693013548851013 VAL: 0.25845739245414734
INFO:root:26
Train: 0.320827841758728 VAL: 0.26097145676612854
INFO:root:27
Train: 0.3265094757080078 VAL: 0.2693014144897461
INFO:root:28
Train: 0.3304130733013153 VAL: 0.2524183392524719
INFO:root:29
Train: 0.30973315238952637 VAL: 0.24676407873630524
INFO:root:30
Train: 0.3189981281757355 VAL: 0.2529292702674866
INFO:root:31
Train: 0.3182503283023834 VAL: 0.243655264377594
INFO:root:32
Train: 0.3039216101169586 VAL: 0.25236308574676514
INFO:root:33
Train: 0.3093184232711792 VAL: 0.2486962229013443
INFO:root:34
Train: 0.3105580508708954 VAL: 0.24544775485992432
INFO:root:35
Train: 0.30790820717811584 VAL: 0.24126628041267395
INFO:root:36
Train: 0.3054584860801697 VAL: 0.24674740433692932
INFO:root:37
Train: 0.31216564774513245 VAL: 0.24084827303886414
INFO:root:38
Train: 0.31578898429870605 VAL: 0.24449828267097473
INFO:root:39
Train: 0.2870519459247589 VAL: 0.24946244060993195
INFO:root:40
Train: 0.320200651884079 VAL: 0.24236039817333221
INFO:root:41
Train: 0.31876933574676514 VAL: 0.24014624953269958
INFO:root:42
Train: 0.31420862674713135 VAL: 0.25341370701789856
INFO:root:43
Train: 0.32242727279663086 VAL: 0.24746426939964294
INFO:root:44
Train: 0.3115740716457367 VAL: 0.2544052004814148
INFO:root:45
Train: 0.3158807158470154 VAL: 0.2488672435283661
INFO:root:46
Train: 0.30988752841949463 VAL: 0.25579822063446045
INFO:root:47
Train: 0.31953975558280945 VAL: 0.25556281208992004
INFO:root:48
Train: 0.30770525336265564 VAL: 0.24899254739284515
INFO:root:49
Train: 0.31423577666282654 VAL: 0.24891717731952667
INFO:root:50
Train: 0.31297871470451355 VAL: 0.244889497756958
INFO:root:51
Train: 0.3100472688674927 VAL: 0.2394079864025116
INFO:root:52
Train: 0.306040495634079 VAL: 0.24809426069259644
INFO:root:53
Train: 0.30985161662101746 VAL: 0.24474474787712097
INFO:root:54
Train: 0.3097163140773773 VAL: 0.23718929290771484
INFO:root:55
Train: 0.31200751662254333 VAL: 0.24256621301174164
INFO:root:56
Train: 0.3069729506969452 VAL: 0.2446392923593521
INFO:root:57
Train: 0.29741182923316956 VAL: 0.23950600624084473
INFO:root:58
Train: 0.308832049369812 VAL: 0.24144160747528076
INFO:root:59
Train: 0.30617669224739075 VAL: 0.23864567279815674
INFO:root:60
Train: 0.3160228431224823 VAL: 0.2434186339378357
INFO:root:61
Train: 0.30911460518836975 VAL: 0.2417648434638977
INFO:root:62
Train: 0.30803823471069336 VAL: 0.24001426994800568
INFO:root:63
Train: 0.2853720784187317 VAL: 0.2460515797138214
INFO:root:64
Train: 0.31275585293769836 VAL: 0.23852792382240295
INFO:root:65
Train: 0.3092287480831146 VAL: 0.2391057163476944
INFO:root:66
Train: 0.2751005291938782 VAL: 0.24621142446994781
INFO:root:67
Train: 0.2952505350112915 VAL: 0.2389805167913437
INFO:root:68
Train: 0.3042158782482147 VAL: 0.24502915143966675
INFO:root:69
Train: 0.29783183336257935 VAL: 0.2358797937631607
INFO:root:70
Train: 0.30339524149894714 VAL: 0.24812091886997223
INFO:root:71
Train: 0.30354049801826477 VAL: 0.23943939805030823
INFO:root:72
Train: 0.3001837730407715 VAL: 0.2419314980506897
INFO:root:73
Train: 0.302591472864151 VAL: 0.23745392262935638
INFO:root:74
Train: 0.29103097319602966 VAL: 0.2481805384159088
INFO:root:75
Train: 0.30307063460350037 VAL: 0.23559263348579407
INFO:root:76
Train: 0.30587711930274963 VAL: 0.24133142828941345
INFO:root:77
Train: 0.2913167178630829 VAL: 0.24243956804275513
INFO:root:78
Train: 0.26950204372406006 VAL: 0.2419736236333847
INFO:root:79
Train: 0.28838926553726196 VAL: 0.236037477850914
INFO:root:80
Train: 0.3022870421409607 VAL: 0.24369759857654572
INFO:root:81
Train: 0.29364413022994995 VAL: 0.23566585779190063
INFO:root:82
Train: 0.3012273609638214 VAL: 0.23842103779315948
INFO:root:83
Train: 0.29486218094825745 VAL: 0.23458555340766907
INFO:root:84
Train: 0.30359965562820435 VAL: 0.24337983131408691
INFO:root:85
Train: 0.2760794758796692 VAL: 0.23807768523693085
INFO:root:86
Train: 0.3029932379722595 VAL: 0.23809628188610077
INFO:root:87
Train: 0.28278079628944397 VAL: 0.24136416614055634
INFO:root:88
Train: 0.2912532389163971 VAL: 0.23980461061000824
INFO:root:89
Train: 0.2915424406528473 VAL: 0.242183119058609
INFO:root:90
Train: 0.2897680699825287 VAL: 0.2398207187652588
INFO:root:91
Train: 0.2974068820476532 VAL: 0.23929429054260254
INFO:root:92
Train: 0.3020797073841095 VAL: 0.24345681071281433
INFO:root:93
Train: 0.30110010504722595 VAL: 0.23589855432510376
INFO:root:94
Train: 0.30827656388282776 VAL: 0.24227340519428253
INFO:root:95
Train: 0.3059806525707245 VAL: 0.2369166612625122
INFO:root:96
Train: 0.2983875572681427 VAL: 0.236418217420578
INFO:root:97
Train: 0.2816532552242279 VAL: 0.23806217312812805
INFO:root:98
Train: 0.3011094033718109 VAL: 0.2368684560060501
INFO:root:99
Train: 0.3003425896167755 VAL: 0.2341211885213852
INFO:root:100
Train: 0.26754239201545715 VAL: 0.23757614195346832
INFO:root:101
Train: 0.30377018451690674 VAL: 0.2351825088262558
INFO:root:102
Train: 0.2908586263656616 VAL: 0.2343439757823944
INFO:root:103
Train: 0.2889353334903717 VAL: 0.24026764929294586
INFO:root:104
Train: 0.2971803545951843 VAL: 0.2360059767961502
INFO:root:105
Train: 0.30130264163017273 VAL: 0.23912300169467926
INFO:root:106
Train: 0.3007706105709076 VAL: 0.2381885051727295
INFO:root:107
Train: 0.2943095266819 VAL: 0.23395942151546478
INFO:root:108
Train: 0.2868436574935913 VAL: 0.24013268947601318
INFO:root:109
Train: 0.29244837164878845 VAL: 0.23804199695587158
INFO:root:110
Train: 0.2674606740474701 VAL: 0.2388455718755722
INFO:root:111
Train: 0.29549363255500793 VAL: 0.23545271158218384
INFO:root:112
Train: 0.29952695965766907 VAL: 0.2372768074274063
INFO:root:113
Train: 0.2806377410888672 VAL: 0.2364649772644043
INFO:root:114
Train: 0.2843762934207916 VAL: 0.23749509453773499
INFO:root:115
Train: 0.2783202826976776 VAL: 0.2347206175327301
INFO:root:116
Train: 0.28846511244773865 VAL: 0.23828867077827454
INFO:root:117
Train: 0.2950565218925476 VAL: 0.23547789454460144
INFO:root:118
Train: 0.29347169399261475 VAL: 0.2471250295639038
INFO:root:119
Train: 0.29925498366355896 VAL: 0.23454365134239197
INFO:root:120
Train: 0.2978036105632782 VAL: 0.23891118168830872
INFO:root:121
Train: 0.2889249324798584 VAL: 0.24324652552604675
INFO:root:122
Train: 0.29860052466392517 VAL: 0.23540212213993073
INFO:root:123
Train: 0.29449358582496643 VAL: 0.23687095940113068
INFO:root:124
Train: 0.29806190729141235 VAL: 0.2409767359495163
INFO:root:125
Train: 0.28910577297210693 VAL: 0.23661670088768005
INFO:root:126
Train: 0.2752918004989624 VAL: 0.2393454909324646
INFO:root:127
Train: 0.2825188636779785 VAL: 0.2351474016904831
INFO:root:128
Train: 0.270012766122818 VAL: 0.23756369948387146
INFO:root:129
Train: 0.29471948742866516 VAL: 0.2426416128873825
INFO:root:130
Train: 0.28713950514793396 VAL: 0.23669135570526123
INFO:root:131
Train: 0.2954956591129303 VAL: 0.2352304309606552
INFO:root:132
Train: 0.2931501865386963 VAL: 0.2393467277288437
INFO:root:133
Train: 0.268425315618515 VAL: 0.2372683882713318
INFO:root:134
Train: 0.28936487436294556 VAL: 0.23648764193058014
INFO:root:135
Train: 0.28643009066581726 VAL: 0.23797990381717682
INFO:root:136
Train: 0.29212549328804016 VAL: 0.23758208751678467
INFO:root:137
Train: 0.27406391501426697 VAL: 0.2365647256374359
INFO:root:BEST VAL: 0.2365647256374359 TEST : 0.40024083852767944
INFO:root:Namespace(quiet=False, run_id=None, config=None, epochs=200, fold=4, batch_size=64, learn_rate=0.001, betas=(0.9, 0.999), weight_decay=0.001, hidden_size=32, kernel_init='skew-symmetric', note='', seed=None, nlayers=3, attn_head=2, latent_dim=256, dataset='mimiciii')
INFO:root:{'input_dim': 96, 'attn_head': 2, 'latent_dim': 256, 'n_layers': 3, 'device': device(type='cuda')}
INFO:root:1
Train: 0.7873196005821228 VAL: 0.5253321528434753
INFO:root:2
Train: 0.48147618770599365 VAL: 0.4772556722164154
INFO:root:3
Train: 0.43542686104774475 VAL: 0.4532875418663025
INFO:root:4
Train: 1075622.75 VAL: 26326696.0
INFO:root:5
Train: 29003220.0 VAL: 2352.25146484375
INFO:root:6
Train: 5070.099609375 VAL: 794.2172241210938
INFO:root:7
Train: 2251.22900390625 VAL: 586.3934326171875
INFO:root:8
Train: 540.0100708007812 VAL: 311.56854248046875
INFO:root:9
Train: 322.56927490234375 VAL: 253.28114318847656
INFO:root:10
Train: 222.86911010742188 VAL: 181.1204071044922
INFO:root:11
Train: 278.4730529785156 VAL: 386.49896240234375
INFO:root:12
Train: 244.4227294921875 VAL: 132.34390258789062
INFO:root:13
Train: 153.76483154296875 VAL: 113.69953918457031
INFO:root:14
Train: 172.98699951171875 VAL: 127.12905883789062
INFO:root:15
Train: 105.41374969482422 VAL: 74.74191284179688
INFO:root:16
Train: 150.0321044921875 VAL: 69.31049346923828
INFO:root:17
Train: 102.1792984008789 VAL: 122.75333404541016
INFO:root:18
Train: 78.55772399902344 VAL: 58.39167022705078
INFO:root:19
Train: 92.21649169921875 VAL: 51.640472412109375
INFO:root:20
Train: 81.95086669921875 VAL: 68.6729507446289
INFO:root:21
Train: 323.13720703125 VAL: 113.18879699707031
INFO:root:22
Train: 130.60403442382812 VAL: 91.22366333007812
INFO:root:23
Train: 57.30949401855469 VAL: 42.69629669189453
INFO:root:24
Train: 85.57958221435547 VAL: 49.85166931152344
INFO:root:25
Train: 359.35614013671875 VAL: 37.42486572265625
INFO:root:26
Train: 44.16326904296875 VAL: 33.547725677490234
INFO:root:27
Train: 41.6971549987793 VAL: 28.962499618530273
INFO:root:28
Train: 38.01274108886719 VAL: 29.886276245117188
INFO:root:29
Train: 39.961238861083984 VAL: 52.72476577758789
INFO:root:30
Train: 42.54533767700195 VAL: 27.182510375976562
INFO:root:31
Train: 56.83777618408203 VAL: 22.907180786132812
INFO:root:32
Train: 40.175865173339844 VAL: 34.2855339050293
INFO:root:33
Train: 121.75897979736328 VAL: 27.133644104003906
INFO:root:BEST VAL: 27.133644104003906 TEST : 0.4502445459365845
