INFO:root:Namespace(quiet=False, run_id=None, config=None, epochs=200, fold=3, batch_size=64, learn_rate=0.001, betas=(0.9, 0.999), weight_decay=0.001, hidden_size=32, kernel_init='skew-symmetric', note='', seed=None, nlayers=3, attn_head=1, latent_dim=32, dataset='mimiciii')
INFO:root:{'input_dim': 96, 'attn_head': 1, 'latent_dim': 32, 'n_layers': 3, 'device': device(type='cuda')}
INFO:root:1
Train: 0.5769585371017456 VAL: 0.5176312923431396
INFO:root:2
Train: 0.4820077121257782 VAL: 0.4293738007545471
INFO:root:3
Train: 0.4538590908050537 VAL: 0.42998644709587097
INFO:root:4
Train: 0.4373919665813446 VAL: 0.4195365309715271
INFO:root:5
Train: 0.4501704275608063 VAL: 0.4318217933177948
INFO:root:6
Train: 0.42918434739112854 VAL: 0.40104731917381287
INFO:root:7
Train: 0.44037216901779175 VAL: 0.43514883518218994
INFO:root:8
Train: 0.4173068404197693 VAL: 0.39561277627944946
INFO:root:9
Train: 0.42952296137809753 VAL: 0.4072164297103882
INFO:root:10
Train: 0.41903311014175415 VAL: 0.4228619635105133
INFO:root:11
Train: 0.41901344060897827 VAL: 0.39544612169265747
INFO:root:12
Train: 0.39948123693466187 VAL: 0.3894802927970886
INFO:root:13
Train: 0.4030945599079132 VAL: 0.39470142126083374
INFO:root:14
Train: 0.40007513761520386 VAL: 0.38902854919433594
INFO:root:15
Train: 0.39642441272735596 VAL: 0.38600248098373413
INFO:root:16
Train: 0.3916527032852173 VAL: 0.3862108588218689
INFO:root:17
Train: 0.3914516568183899 VAL: 0.38759899139404297
INFO:root:18
Train: 0.3909686207771301 VAL: 0.38824957609176636
INFO:root:19
Train: 0.3935743272304535 VAL: 0.3834187984466553
INFO:root:20
Train: 0.385549932718277 VAL: 0.3822999894618988
INFO:root:21
Train: 0.3912312388420105 VAL: 0.39362192153930664
INFO:root:22
Train: 0.3896670937538147 VAL: 0.39412179589271545
INFO:root:23
Train: 0.38485807180404663 VAL: 0.3855799734592438
INFO:root:24
Train: 0.3862115442752838 VAL: 0.38664937019348145
INFO:root:25
Train: 0.3829248249530792 VAL: 0.3908039331436157
INFO:root:26
Train: 0.38211590051651 VAL: 0.3858983516693115
INFO:root:27
Train: 0.37946635484695435 VAL: 0.38754168152809143
INFO:root:28
Train: 0.37738844752311707 VAL: 0.37992188334465027
INFO:root:29
Train: 0.37405720353126526 VAL: 0.3866097927093506
INFO:root:30
Train: 0.3828636407852173 VAL: 0.3804326057434082
INFO:root:31
Train: 0.37763142585754395 VAL: 0.3779761493206024
INFO:root:32
Train: 0.3756423592567444 VAL: 0.3819693624973297
INFO:root:33
Train: 0.37524178624153137 VAL: 0.3965485692024231
INFO:root:34
Train: 0.37672197818756104 VAL: 0.38004782795906067
INFO:root:35
Train: 0.3837771415710449 VAL: 0.38407057523727417
INFO:root:36
Train: 0.37635430693626404 VAL: 0.37530964612960815
INFO:root:37
Train: 0.3738924562931061 VAL: 0.3722505271434784
INFO:root:38
Train: 0.369413822889328 VAL: 0.378709077835083
INFO:root:39
Train: 0.37502869963645935 VAL: 0.4387208819389343
INFO:root:40
Train: 0.4139953851699829 VAL: 0.3834242522716522
INFO:root:41
Train: 0.37391647696495056 VAL: 0.6107773780822754
INFO:root:42
Train: 0.43758317828178406 VAL: 0.3834117650985718
INFO:root:43
Train: 0.3839032053947449 VAL: 0.38672956824302673
INFO:root:44
Train: 0.3740953207015991 VAL: 0.3778664767742157
INFO:root:45
Train: 0.3689654767513275 VAL: 0.377979576587677
INFO:root:46
Train: 0.36776402592658997 VAL: 0.37369439005851746
INFO:root:47
Train: 0.3645370304584503 VAL: 0.37612786889076233
INFO:root:48
Train: 0.36147743463516235 VAL: 0.37360599637031555
INFO:root:49
Train: 0.3556639850139618 VAL: 0.36884933710098267
INFO:root:50
Train: 0.35275837779045105 VAL: 0.370875746011734
INFO:root:51
Train: 0.3531968295574188 VAL: 0.36876383423805237
INFO:root:52
Train: 0.34919342398643494 VAL: 0.37345612049102783
INFO:root:53
Train: 0.3590913712978363 VAL: 0.3859083354473114
INFO:root:54
Train: 0.3603183627128601 VAL: 0.3792327046394348
INFO:root:55
Train: 0.353960782289505 VAL: 0.36998528242111206
INFO:root:56
Train: 0.36123010516166687 VAL: 0.37254998087882996
INFO:root:57
Train: 0.34634584188461304 VAL: 0.36896616220474243
INFO:root:58
Train: 0.34935709834098816 VAL: 0.373269259929657
INFO:root:59
Train: 0.347049742937088 VAL: 0.37343961000442505
INFO:root:60
Train: 0.34695976972579956 VAL: 0.38120827078819275
INFO:root:61
Train: 0.3494243323802948 VAL: 0.37014663219451904
INFO:root:62
Train: 0.3484770655632019 VAL: 0.36681661009788513
INFO:root:63
Train: 0.3453167974948883 VAL: 0.3677962124347687
INFO:root:64
Train: 0.34173640608787537 VAL: 0.3691732883453369
INFO:root:65
Train: 0.3531661331653595 VAL: 0.37603938579559326
INFO:root:66
Train: 0.3495278060436249 VAL: 0.3691421151161194
INFO:root:67
Train: 0.3421470522880554 VAL: 0.37107834219932556
INFO:root:68
Train: 0.3383805751800537 VAL: 0.36832278966903687
INFO:root:69
Train: 0.3423658311367035 VAL: 0.3812219500541687
INFO:root:70
Train: 0.3533956706523895 VAL: 0.3683255910873413
INFO:root:71
Train: 0.34209486842155457 VAL: 0.38684970140457153
INFO:root:72
Train: 0.3395458459854126 VAL: 0.3663598895072937
INFO:root:73
Train: 0.3403310179710388 VAL: 0.3710782527923584
INFO:root:74
Train: 0.33987119793891907 VAL: 0.3700888454914093
INFO:root:75
Train: 0.3398517370223999 VAL: 0.37068086862564087
INFO:root:76
Train: 0.33522194623947144 VAL: 0.3666163980960846
INFO:root:77
Train: 0.3354296386241913 VAL: 0.37220901250839233
INFO:root:78
Train: 0.33819445967674255 VAL: 0.36769789457321167
INFO:root:79
Train: 0.33327069878578186 VAL: 0.36827021837234497
INFO:root:80
Train: 0.3293192684650421 VAL: 0.36904093623161316
INFO:root:81
Train: 0.32631024718284607 VAL: 0.3714127540588379
INFO:root:82
Train: 0.32565099000930786 VAL: 0.3695675730705261
INFO:root:83
Train: 0.32487210631370544 VAL: 0.37102246284484863
INFO:root:84
Train: 0.321944922208786 VAL: 0.37041836977005005
INFO:root:85
Train: 0.31981056928634644 VAL: 0.3688582181930542
INFO:root:86
Train: 0.31913596391677856 VAL: 0.3683549761772156
INFO:root:87
Train: 0.3165980279445648 VAL: 0.3695560693740845
INFO:root:88
Train: 0.3175126612186432 VAL: 0.36841875314712524
INFO:root:89
Train: 0.3147542476654053 VAL: 0.3709530830383301
INFO:root:90
Train: 0.3143019378185272 VAL: 0.3726308047771454
INFO:root:91
Train: 0.3158067762851715 VAL: 0.3694964349269867
INFO:root:92
Train: 0.3131447434425354 VAL: 0.3719923496246338
INFO:root:93
Train: 0.3121580183506012 VAL: 0.3726682960987091
INFO:root:94
Train: 0.3110112249851227 VAL: 0.3730992376804352
INFO:root:95
Train: 0.3073072135448456 VAL: 0.3716072738170624
INFO:root:96
Train: 0.30559420585632324 VAL: 0.3734014630317688
INFO:root:97
Train: 0.3073487877845764 VAL: 0.37216562032699585
INFO:root:98
Train: 0.3046169877052307 VAL: 0.3722280263900757
INFO:root:99
Train: 0.3052772581577301 VAL: 0.37331220507621765
INFO:root:100
Train: 0.30587059259414673 VAL: 0.37255966663360596
INFO:root:101
Train: 0.30417436361312866 VAL: 0.3715045750141144
INFO:root:102
Train: 0.3029468357563019 VAL: 0.3737463355064392
INFO:root:BEST VAL: 0.3737463355064392 TEST : 0.3942892551422119
