INFO:root:Namespace(quiet=False, run_id=None, config=None, epochs=200, fold=1, batch_size=64, learn_rate=0.001, betas=(0.9, 0.999), weight_decay=0.001, hidden_size=32, kernel_init='skew-symmetric', note='', seed=None, nlayers=1, attn_head=1, latent_dim=64, dataset='mimiciv')
INFO:root:{'input_dim': 100, 'attn_head': 1, 'latent_dim': 64, 'n_layers': 1, 'device': device(type='cuda')}
INFO:root:1
Train: 0.35162338614463806 VAL: 0.30219972133636475
INFO:root:2
Train: 0.2920847535133362 VAL: 0.27467846870422363
INFO:root:3
Train: 0.2711760103702545 VAL: 0.2671191990375519
INFO:root:4
Train: 0.26451820135116577 VAL: 0.26121270656585693
INFO:root:5
Train: 0.2601122260093689 VAL: 0.2594642639160156
INFO:root:6
Train: 0.25614333152770996 VAL: 0.2605689764022827
INFO:root:7
Train: 0.25239431858062744 VAL: 0.2584342360496521
INFO:root:8
Train: 0.25162070989608765 VAL: 0.2518573999404907
INFO:root:9
Train: 0.2502323389053345 VAL: 0.25315016508102417
INFO:root:10
Train: 0.24681289494037628 VAL: 0.25097891688346863
INFO:root:11
Train: 0.24637438356876373 VAL: 0.2574084997177124
INFO:root:12
Train: 0.2458517700433731 VAL: 0.2525148391723633
INFO:root:13
Train: 0.24578556418418884 VAL: 0.24883367121219635
INFO:root:14
Train: 0.24213439226150513 VAL: 0.24808479845523834
INFO:root:15
Train: 0.24314115941524506 VAL: 0.24528317153453827
INFO:root:16
Train: 0.24217882752418518 VAL: 0.2466576099395752
INFO:root:17
Train: 0.24158567190170288 VAL: 0.25375422835350037
INFO:root:18
Train: 0.24084080755710602 VAL: 0.24855303764343262
INFO:root:19
Train: 0.2411659210920334 VAL: 0.2416098713874817
INFO:root:20
Train: 0.23865868151187897 VAL: 0.24755313992500305
INFO:root:21
Train: 0.23850615322589874 VAL: 0.2436491847038269
INFO:root:22
Train: 0.23730871081352234 VAL: 0.24517720937728882
INFO:root:23
Train: 0.2351398766040802 VAL: 0.24469931423664093
INFO:root:24
Train: 0.2363465130329132 VAL: 0.24732427299022675
INFO:root:25
Train: 0.23573894798755646 VAL: 0.24018815159797668
INFO:root:26
Train: 0.23516646027565002 VAL: 0.23958653211593628
INFO:root:27
Train: 0.23412518203258514 VAL: 0.23848865926265717
INFO:root:28
Train: 0.23204754292964935 VAL: 0.24276261031627655
INFO:root:29
Train: 0.2310379445552826 VAL: 0.24194854497909546
INFO:root:30
Train: 0.2325458824634552 VAL: 0.24568374454975128
INFO:root:31
Train: 0.23094108700752258 VAL: 0.2378409504890442
INFO:root:32
Train: 0.23133394122123718 VAL: 0.2386939525604248
INFO:root:33
Train: 0.22981567680835724 VAL: 0.24212004244327545
INFO:root:34
Train: 0.22873851656913757 VAL: 0.24227918684482574
INFO:root:35
Train: 0.22903458774089813 VAL: 0.24397435784339905
INFO:root:36
Train: 0.22993998229503632 VAL: 0.2408912181854248
INFO:root:37
Train: 0.2285069227218628 VAL: 0.23980098962783813
INFO:root:38
Train: 0.22893865406513214 VAL: 0.2379111349582672
INFO:root:39
Train: 0.2272636443376541 VAL: 0.23781070113182068
INFO:root:40
Train: 0.22658436000347137 VAL: 0.24086302518844604
INFO:root:41
Train: 0.22764700651168823 VAL: 0.2388579547405243
INFO:root:42
Train: 0.22637620568275452 VAL: 0.24180355668067932
INFO:root:43
Train: 0.22648809850215912 VAL: 0.2402884066104889
INFO:root:44
Train: 0.2252168357372284 VAL: 0.23614159226417542
INFO:root:45
Train: 0.22449623048305511 VAL: 0.2389315515756607
INFO:root:46
Train: 0.22309136390686035 VAL: 0.24085892736911774
INFO:root:47
Train: 0.22527755796909332 VAL: 0.23892667889595032
INFO:root:48
Train: 0.22483402490615845 VAL: 0.24217301607131958
INFO:root:49
Train: 0.22477523982524872 VAL: 0.23824924230575562
INFO:root:50
Train: 0.22285187244415283 VAL: 0.23838350176811218
INFO:root:51
Train: 0.22278474271297455 VAL: 0.24252909421920776
INFO:root:52
Train: 0.22191289067268372 VAL: 0.23908084630966187
INFO:root:53
Train: 0.22135493159294128 VAL: 0.24515041708946228
INFO:root:54
Train: 0.2210083156824112 VAL: 0.24000322818756104
INFO:root:55
Train: 0.221425861120224 VAL: 0.2408352643251419
INFO:root:56
Train: 0.21682997047901154 VAL: 0.23921102285385132
INFO:root:57
Train: 0.21577495336532593 VAL: 0.2371988147497177
INFO:root:58
Train: 0.21529999375343323 VAL: 0.2391238808631897
INFO:root:59
Train: 0.21576997637748718 VAL: 0.2386409044265747
INFO:root:60
Train: 0.21387606859207153 VAL: 0.23901408910751343
INFO:root:61
Train: 0.21415011584758759 VAL: 0.23786666989326477
INFO:root:62
Train: 0.21423941850662231 VAL: 0.24189230799674988
INFO:root:63
Train: 0.2144128680229187 VAL: 0.2407427877187729
INFO:root:64
Train: 0.2131125032901764 VAL: 0.23921248316764832
INFO:root:65
Train: 0.21314717829227448 VAL: 0.2393437623977661
INFO:root:66
Train: 0.2124822735786438 VAL: 0.23898883163928986
INFO:root:67
Train: 0.20985275506973267 VAL: 0.23788940906524658
INFO:root:68
Train: 0.2095138281583786 VAL: 0.24157679080963135
INFO:root:69
Train: 0.2097957581281662 VAL: 0.24005956947803497
INFO:root:70
Train: 0.20845146477222443 VAL: 0.24012482166290283
INFO:root:71
Train: 0.20815156400203705 VAL: 0.2393520623445511
INFO:root:72
Train: 0.2093377709388733 VAL: 0.23958078026771545
INFO:root:73
Train: 0.2073652297258377 VAL: 0.24038194119930267
INFO:root:74
Train: 0.20864959061145782 VAL: 0.23970374464988708
INFO:root:BEST VAL: 0.23970374464988708 TEST : 0.234737366437912
