INFO:root:Namespace(quiet=False, run_id=None, config=None, epochs=200, fold=1, batch_size=64, learn_rate=0.001, betas=(0.9, 0.999), weight_decay=0.001, hidden_size=32, kernel_init='skew-symmetric', note='', seed=None, nlayers=2, attn_head=1, latent_dim=64, dataset='mimiciii')
INFO:root:{'input_dim': 96, 'attn_head': 1, 'latent_dim': 64, 'n_layers': 2, 'device': device(type='cuda')}
INFO:root:1
Train: 0.6819778680801392 VAL: 0.6523442268371582
INFO:root:2
Train: 0.5730249881744385 VAL: 0.5949584245681763
INFO:root:3
Train: 0.529474675655365 VAL: 0.5521603226661682
INFO:root:4
Train: 0.5163007974624634 VAL: 0.5763186812400818
INFO:root:5
Train: 0.5130289793014526 VAL: 0.6003053784370422
INFO:root:6
Train: 0.5094653367996216 VAL: 0.5600082874298096
INFO:root:7
Train: 0.4989762604236603 VAL: 0.5562766790390015
INFO:root:8
Train: 0.5162650346755981 VAL: 0.5918670296669006
INFO:root:9
Train: 0.49680349230766296 VAL: 0.5590927004814148
INFO:root:10
Train: 0.49231189489364624 VAL: 0.5454999804496765
INFO:root:11
Train: 0.48515260219573975 VAL: 0.5559213161468506
INFO:root:12
Train: 0.48089125752449036 VAL: 0.5461422801017761
INFO:root:13
Train: 0.4873386025428772 VAL: 0.5442070364952087
INFO:root:14
Train: 0.4885963797569275 VAL: 0.5597568154335022
INFO:root:15
Train: 0.4868132770061493 VAL: 0.5516259670257568
INFO:root:16
Train: 0.48246216773986816 VAL: 0.537460446357727
INFO:root:17
Train: 0.48360633850097656 VAL: 0.5712904334068298
INFO:root:18
Train: 0.48727720975875854 VAL: 0.5483633279800415
INFO:root:19
Train: 0.47240084409713745 VAL: 0.5485351085662842
INFO:root:20
Train: 0.4782859683036804 VAL: 0.5505178570747375
INFO:root:21
Train: 0.4708976447582245 VAL: 0.5710893869400024
INFO:root:22
Train: 0.46879708766937256 VAL: 0.5616212487220764
INFO:root:23
Train: 0.4657318592071533 VAL: 0.5529183745384216
INFO:root:24
Train: 0.4617811441421509 VAL: 0.5752987265586853
INFO:root:25
Train: 0.4673493802547455 VAL: 0.5456956028938293
INFO:root:26
Train: 0.4675683081150055 VAL: 0.58992999792099
INFO:root:27
Train: 0.46513631939888 VAL: 0.5532487034797668
INFO:root:28
Train: 0.4481774568557739 VAL: 0.558822512626648
INFO:root:29
Train: 0.44354695081710815 VAL: 0.6060837507247925
INFO:root:30
Train: 0.44040361046791077 VAL: 0.5999791622161865
INFO:root:31
Train: 0.43771401047706604 VAL: 0.5708478689193726
INFO:root:32
Train: 0.444110631942749 VAL: 0.5714558362960815
INFO:root:33
Train: 0.4317576587200165 VAL: 0.5875071287155151
INFO:root:34
Train: 0.4410305619239807 VAL: 0.5788933634757996
INFO:root:35
Train: 0.4301398694515228 VAL: 0.5668329000473022
INFO:root:36
Train: 0.4312624931335449 VAL: 0.5873764157295227
INFO:root:37
Train: 0.428242027759552 VAL: 0.5600875020027161
INFO:root:38
Train: 0.4269740581512451 VAL: 0.5890374779701233
INFO:root:39
Train: 0.4143551290035248 VAL: 0.5787879824638367
INFO:root:40
Train: 0.41397419571876526 VAL: 0.588499128818512
INFO:root:41
Train: 0.41372355818748474 VAL: 0.5821487307548523
INFO:root:42
Train: 0.4073549509048462 VAL: 0.5685144066810608
INFO:root:43
Train: 0.4084891378879547 VAL: 0.5420516133308411
INFO:root:44
Train: 0.4045647084712982 VAL: 0.5734773278236389
INFO:root:45
Train: 0.4042759835720062 VAL: 0.5703108310699463
INFO:root:46
Train: 0.4035564959049225 VAL: 0.5508112907409668
INFO:root:BEST VAL: 0.5508112907409668 TEST : 0.5296883583068848
