INFO:root:Namespace(quiet=False, run_id=None, config=None, epochs=200, fold=4, batch_size=128, learn_rate=0.001, betas=(0.9, 0.999), weight_decay=0.001, hidden_size=32, kernel_init='skew-symmetric', note='', seed=None, nlayers=4, attn_head=2, latent_dim=256, dataset='ushcn')
INFO:root:{'input_dim': 5, 'attn_head': 2, 'latent_dim': 256, 'n_layers': 4, 'device': device(type='cuda')}
INFO:root:1
Train: 23.24518585205078 VAL: 0.854672908782959
INFO:root:2
Train: 0.7241220474243164 VAL: 0.49021071195602417
INFO:root:3
Train: 0.5643079280853271 VAL: 0.4324931800365448
INFO:root:4
Train: 0.5418536067008972 VAL: 0.881992518901825
INFO:root:5
Train: 0.6492387056350708 VAL: 0.48097318410873413
INFO:root:6
Train: 0.44613680243492126 VAL: 0.4460395574569702
INFO:root:7
Train: 0.4297177791595459 VAL: 0.3461909592151642
INFO:root:8
Train: 0.3672971725463867 VAL: 0.2753056287765503
INFO:root:9
Train: 0.35405489802360535 VAL: 0.2560057044029236
INFO:root:10
Train: 0.336431622505188 VAL: 0.27598682045936584
INFO:root:11
Train: 0.33665409684181213 VAL: 0.288521409034729
INFO:root:12
Train: 0.33955225348472595 VAL: 0.27748844027519226
INFO:root:13
Train: 0.31377533078193665 VAL: 0.25490671396255493
INFO:root:14
Train: 0.33021050691604614 VAL: 0.2557202875614166
INFO:root:15
Train: 0.3249368667602539 VAL: 0.2504441738128662
INFO:root:16
Train: 0.3347339332103729 VAL: 0.24945367872714996
INFO:root:17
Train: 0.34204939007759094 VAL: 0.2526814639568329
INFO:root:18
Train: 0.3375936448574066 VAL: 0.2525924742221832
INFO:root:19
Train: 0.32063737511634827 VAL: 0.25224539637565613
INFO:root:20
Train: 0.3105601668357849 VAL: 0.24980655312538147
INFO:root:21
Train: 0.31502997875213623 VAL: 0.2498922497034073
INFO:root:22
Train: 0.32520878314971924 VAL: 0.24649053812026978
INFO:root:23
Train: 0.32833799719810486 VAL: 0.2501511871814728
INFO:root:24
Train: 0.3218083083629608 VAL: 0.2510654330253601
INFO:root:25
Train: 0.30141928791999817 VAL: 0.24953928589820862
INFO:root:26
Train: 0.30715087056159973 VAL: 0.24694253504276276
INFO:root:27
Train: 0.3178228437900543 VAL: 0.2504792809486389
INFO:root:28
Train: 0.322727233171463 VAL: 0.27193817496299744
INFO:root:29
Train: 0.3154045641422272 VAL: 0.27428650856018066
INFO:root:30
Train: 0.3218173682689667 VAL: 0.2634173333644867
INFO:root:31
Train: 0.3234240710735321 VAL: 0.27547284960746765
INFO:root:32
Train: 0.2885783612728119 VAL: 0.24594855308532715
INFO:root:33
Train: 0.3170367181301117 VAL: 0.24516718089580536
INFO:root:34
Train: 0.31354084610939026 VAL: 0.24794772267341614
INFO:root:35
Train: 0.29680684208869934 VAL: 0.26518714427948
INFO:root:36
Train: 0.3145865499973297 VAL: 0.25464755296707153
INFO:root:37
Train: 0.3167658746242523 VAL: 0.24381230771541595
INFO:root:38
Train: 0.311506450176239 VAL: 0.24936431646347046
INFO:root:39
Train: 0.2898072898387909 VAL: 0.2425728142261505
INFO:root:40
Train: 0.3004682958126068 VAL: 0.2526516616344452
INFO:root:41
Train: 0.3077893555164337 VAL: 0.25185197591781616
INFO:root:42
Train: 0.285064160823822 VAL: 0.2454376518726349
INFO:root:43
Train: 0.31251397728919983 VAL: 0.24240049719810486
INFO:root:44
Train: 0.31297263503074646 VAL: 0.2415699064731598
INFO:root:45
Train: 0.3129926025867462 VAL: 0.25619208812713623
INFO:root:46
Train: 0.3035430610179901 VAL: 0.2559085488319397
INFO:root:Namespace(quiet=False, run_id=None, config=None, epochs=200, fold=4, batch_size=128, learn_rate=0.001, betas=(0.9, 0.999), weight_decay=0.001, hidden_size=32, kernel_init='skew-symmetric', note='', seed=None, nlayers=4, attn_head=2, latent_dim=256, dataset='ushcn')
INFO:root:{'input_dim': 5, 'attn_head': 2, 'latent_dim': 256, 'n_layers': 4, 'device': device(type='cuda')}
INFO:root:47
Train: 0.3113134205341339 VAL: 0.26102346181869507
INFO:root:48
Train: 0.31265825033187866 VAL: 0.24705354869365692
INFO:root:1
Train: 12.857945442199707 VAL: 0.6376308798789978
INFO:root:49
Train: 0.3104586899280548 VAL: 0.2504938840866089
INFO:root:50
Train: 0.30744779109954834 VAL: 0.25622549653053284
INFO:root:2
Train: 0.6698346734046936 VAL: 0.4904891848564148
INFO:root:51
Train: 0.31337836384773254 VAL: 0.2504258453845978
INFO:root:3
Train: 0.5541301965713501 VAL: 0.4941619634628296
INFO:root:52
Train: 0.3138284683227539 VAL: 0.254403293132782
INFO:root:53
Train: 0.32013681530952454 VAL: 0.2412533015012741
INFO:root:4
Train: 0.4833715856075287 VAL: 0.301422119140625
INFO:root:54
Train: 0.32310453057289124 VAL: 0.24856233596801758
INFO:root:5
Train: 0.4207042157649994 VAL: 0.271206259727478
INFO:root:55
Train: 0.2920834720134735 VAL: 0.25014543533325195
INFO:root:6
Train: 0.3866318464279175 VAL: 0.2682380676269531
INFO:root:56
Train: 0.3157651722431183 VAL: 0.28547072410583496
INFO:root:57
Train: 0.3301245868206024 VAL: 0.2641575038433075
INFO:root:7
Train: 0.35197964310646057 VAL: 0.2623014450073242
INFO:root:58
Train: 0.3169018030166626 VAL: 0.25274649262428284
INFO:root:8
Train: 0.37056246399879456 VAL: 0.27008166909217834
INFO:root:59
Train: 0.3178986608982086 VAL: 0.25071221590042114
INFO:root:9
Train: 0.36394786834716797 VAL: 0.26158255338668823
INFO:root:60
Train: 0.32215991616249084 VAL: 0.26552921533584595
INFO:root:61
Train: 0.31223979592323303 VAL: 0.24664247035980225
INFO:root:10
Train: 0.34268176555633545 VAL: 0.2569531500339508
INFO:root:62
Train: 0.31739163398742676 VAL: 0.2498524934053421
INFO:root:11
Train: 0.3289462625980377 VAL: 0.25884824991226196
INFO:root:63
Train: 0.28813645243644714 VAL: 0.25110214948654175
INFO:root:64
Train: 0.32037991285324097 VAL: 0.2622082233428955
INFO:root:12
Train: 0.34299492835998535 VAL: 0.2841074466705322
INFO:root:65
Train: 0.322128564119339 VAL: 0.25923481583595276
INFO:root:13
Train: 0.3387937843799591 VAL: 0.25949129462242126
INFO:root:66
Train: 0.2924194037914276 VAL: 0.239496111869812
INFO:root:14
Train: 0.32723328471183777 VAL: 0.2580403983592987
INFO:root:67
Train: 0.3032061755657196 VAL: 0.24656230211257935
INFO:root:15
Train: 0.3202744424343109 VAL: 0.258012056350708
INFO:root:68
Train: 0.2969311475753784 VAL: 0.24189171195030212
INFO:root:16
Train: 0.30401352047920227 VAL: 0.24894008040428162
INFO:root:69
Train: 0.3057675063610077 VAL: 0.25073951482772827
INFO:root:17
Train: 0.32467496395111084 VAL: 0.24853792786598206
INFO:root:70
Train: 0.30132415890693665 VAL: 0.2371779978275299
INFO:root:18
Train: 0.32891449332237244 VAL: 0.24388912320137024
INFO:root:71
Train: 0.2894470989704132 VAL: 0.23835308849811554
INFO:root:72
Train: 0.2992900609970093 VAL: 0.24604862928390503
INFO:root:19
Train: 0.3324238359928131 VAL: 0.2630009055137634
INFO:root:73
Train: 0.3027706742286682 VAL: 0.24319913983345032
INFO:root:20
Train: 0.3067200183868408 VAL: 0.2545660734176636
INFO:root:74
Train: 0.30228641629219055 VAL: 0.2413625568151474
INFO:root:21
Train: 0.33307507634162903 VAL: 0.24999351799488068
INFO:root:75
Train: 0.2865334749221802 VAL: 0.23856474459171295
INFO:root:22
Train: 0.3021210730075836 VAL: 0.24529053270816803
INFO:root:76
Train: 0.3042590618133545 VAL: 0.2475956678390503
INFO:root:23
Train: 0.3128935396671295 VAL: 0.2579473555088043
INFO:root:77
Train: 0.30302414298057556 VAL: 0.2370627224445343
INFO:root:24
Train: 0.31538689136505127 VAL: 0.24498260021209717
INFO:root:78
Train: 0.29732170701026917 VAL: 0.23817291855812073
INFO:root:25
Train: 0.31825879216194153 VAL: 0.24593624472618103
INFO:root:79
Train: 0.3096656799316406 VAL: 0.2587645351886749
INFO:root:26
Train: 0.30296456813812256 VAL: 0.24243874847888947
INFO:root:80
Train: 0.3059515655040741 VAL: 0.23745672404766083
INFO:root:27
Train: 0.3152349293231964 VAL: 0.24406956136226654
INFO:root:81
Train: 0.3041791617870331 VAL: 0.2391532063484192
INFO:root:82
Train: 0.28115490078926086 VAL: 0.2428346574306488
INFO:root:28
Train: 0.3168436288833618 VAL: 0.24515333771705627
INFO:root:83
Train: 0.3019936978816986 VAL: 0.24502533674240112
INFO:root:29
Train: 0.3162354528903961 VAL: 0.24403294920921326
INFO:root:84
Train: 0.2868148982524872 VAL: 0.23694616556167603
INFO:root:30
Train: 0.32623422145843506 VAL: 0.24361824989318848
INFO:root:31
Train: 0.3038424253463745 VAL: 0.24636304378509521
INFO:root:85
Train: 0.29254475235939026 VAL: 0.2499886453151703
INFO:root:86
Train: 0.29772499203681946 VAL: 0.24514058232307434
INFO:root:32
Train: 0.31535062193870544 VAL: 0.24405434727668762
INFO:root:87
Train: 0.2923845052719116 VAL: 0.23972158133983612
INFO:root:33
Train: 0.31364625692367554 VAL: 0.24767571687698364
INFO:root:88
Train: 0.2944815158843994 VAL: 0.24729886651039124
INFO:root:34
Train: 0.3167027533054352 VAL: 0.26856115460395813
INFO:root:89
Train: 0.29506754875183105 VAL: 0.23567664623260498
INFO:root:35
Train: 0.3050515651702881 VAL: 0.24173997342586517
INFO:root:90
Train: 0.29214468598365784 VAL: 0.2388550341129303
INFO:root:36
Train: 0.2938345968723297 VAL: 0.24724304676055908
INFO:root:91
Train: 0.2890356779098511 VAL: 0.2427203357219696
INFO:root:37
Train: 0.296408087015152 VAL: 0.24320557713508606
INFO:root:92
Train: 0.28055575489997864 VAL: 0.23930791020393372
INFO:root:38
Train: 0.3112410306930542 VAL: 0.2424827516078949
INFO:root:93
Train: 0.29159578680992126 VAL: 0.2566927671432495
INFO:root:39
Train: 0.3111821115016937 VAL: 0.27112334966659546
INFO:root:94
Train: 0.2930399477481842 VAL: 0.25616663694381714
INFO:root:95
Train: 0.29845818877220154 VAL: 0.24145299196243286
INFO:root:40
Train: 0.31574568152427673 VAL: 0.2615482211112976
INFO:root:96
Train: 0.2963685691356659 VAL: 0.2339143007993698
INFO:root:41
Train: 0.302000492811203 VAL: 0.2510181963443756
INFO:root:42
Train: 0.2894766628742218 VAL: 0.24728120863437653
INFO:root:97
Train: 0.2981095016002655 VAL: 0.24784758687019348
INFO:root:98
Train: 0.3108538091182709 VAL: 0.25864532589912415
INFO:root:43
Train: 0.2912128269672394 VAL: 0.249403178691864
INFO:root:99
Train: 0.3283275365829468 VAL: 0.2707529067993164
INFO:root:44
Train: 0.3063748776912689 VAL: 0.24846571683883667
INFO:root:100
Train: 0.32804277539253235 VAL: 0.2453203946352005
INFO:root:45
Train: 0.3124452829360962 VAL: 0.24166497588157654
INFO:root:101
Train: 0.3123038411140442 VAL: 0.2733195722103119
INFO:root:46
Train: 0.31026262044906616 VAL: 0.24787402153015137
INFO:root:102
Train: 0.3204108774662018 VAL: 0.26082637906074524
INFO:root:47
Train: 0.3120059669017792 VAL: 0.24309177696704865
INFO:root:103
Train: 0.3099196255207062 VAL: 0.2664438784122467
INFO:root:48
Train: 0.2868973910808563 VAL: 0.2414141446352005
INFO:root:104
Train: 0.3060438334941864 VAL: 0.261883407831192
INFO:root:105
Train: 0.31367966532707214 VAL: 0.24776965379714966
INFO:root:49
Train: 0.2942327857017517 VAL: 0.25445133447647095
INFO:root:106
Train: 0.3141936957836151 VAL: 0.23991627991199493
INFO:root:50
Train: 0.3148762285709381 VAL: 0.2613407373428345
INFO:root:107
Train: 0.30871903896331787 VAL: 0.2501446008682251
INFO:root:51
Train: 0.48443612456321716 VAL: 0.2884954512119293
INFO:root:108
Train: 0.2906269133090973 VAL: 0.23744992911815643
INFO:root:52
Train: 10.556548118591309 VAL: 13.000890731811523
INFO:root:109
Train: 0.2969350218772888 VAL: 0.2550024390220642
INFO:root:53
Train: 119.10122680664062 VAL: 23.05628204345703
INFO:root:110
Train: 0.3039112389087677 VAL: 0.24429206550121307
INFO:root:54
Train: 794.03076171875 VAL: 8.60820198059082
INFO:root:111
Train: 0.29944783449172974 VAL: 0.240915447473526
INFO:root:112
Train: 0.29656076431274414 VAL: 0.24314820766448975
INFO:root:55
Train: 645.1365356445312 VAL: 1320.4342041015625
INFO:root:113
Train: 0.3032887876033783 VAL: 0.2458997666835785
INFO:root:56
Train: 17226.716796875 VAL: 21572.69921875
INFO:root:114
Train: 0.2904537618160248 VAL: 0.2387942224740982
INFO:root:57
Train: 7053.375 VAL: 1422.1348876953125
INFO:root:115
Train: 0.28646227717399597 VAL: 0.24436306953430176
INFO:root:58
Train: 27643.033203125 VAL: 22151.939453125
INFO:root:116
Train: 0.2803356945514679 VAL: 0.24338743090629578
INFO:root:59
Train: 20386.498046875 VAL: 88692.359375
INFO:root:117
Train: 0.29190367460250854 VAL: 0.2460857629776001
INFO:root:60
Train: 15522.90234375 VAL: 13203.125
INFO:root:118
Train: 0.2743282616138458 VAL: 0.2467692792415619
INFO:root:61
Train: 4842.18701171875 VAL: 72.08058166503906
INFO:root:119
Train: 0.2825964391231537 VAL: 0.24805569648742676
INFO:root:62
Train: 874.1680297851562 VAL: 646.4266357421875
INFO:root:120
Train: 0.2810337245464325 VAL: 0.24694502353668213
INFO:root:63
Train: 312.3942565917969 VAL: 104.19612121582031
INFO:root:121
Train: 0.2797965407371521 VAL: 0.24927213788032532
INFO:root:122
Train: 0.28517088294029236 VAL: 0.24942103028297424
INFO:root:64
Train: 112.19853973388672 VAL: 37.14892578125
INFO:root:123
Train: 0.28001293540000916 VAL: 0.24773192405700684
INFO:root:65
Train: 55.275604248046875 VAL: 24.348812103271484
INFO:root:124
Train: 0.2779071629047394 VAL: 0.2488764524459839
INFO:root:66
Train: 32.91335678100586 VAL: 23.127197265625
INFO:root:125
Train: 0.27233031392097473 VAL: 0.249302476644516
INFO:root:67
Train: 20.52163314819336 VAL: 15.90918254852295
INFO:root:126
Train: 0.27589675784111023 VAL: 0.24889390170574188
INFO:root:BEST VAL: 0.24889390170574188 TEST : 0.2973043620586395
INFO:root:68
Train: 19.360979080200195 VAL: 10.24649429321289
INFO:root:69
Train: 24.28314781188965 VAL: 16.53719711303711
INFO:root:70
Train: 28.33054542541504 VAL: 4.480717182159424
INFO:root:71
Train: 14.254744529724121 VAL: 4.99741268157959
INFO:root:72
Train: 8.184929847717285 VAL: 5.547391414642334
INFO:root:73
Train: 6.170423984527588 VAL: 3.8972527980804443
INFO:root:74
Train: 5.126624584197998 VAL: 3.335562229156494
INFO:root:75
Train: 4.301233768463135 VAL: 3.423218250274658
INFO:root:76
Train: 4.048202991485596 VAL: 3.18558406829834
INFO:root:77
Train: 3.8025314807891846 VAL: 2.9811596870422363
INFO:root:78
Train: 3.708984613418579 VAL: 2.9406609535217285
INFO:root:BEST VAL: 2.9406609535217285 TEST : 0.546771228313446
