INFO:root:Namespace(quiet=False, run_id=None, config=None, epochs=200, fold=4, batch_size=128, learn_rate=0.001, betas=(0.9, 0.999), weight_decay=0.001, hidden_size=32, kernel_init='skew-symmetric', note='', seed=None, nlayers=2, attn_head=2, latent_dim=256, dataset='ushcn')
INFO:root:{'input_dim': 5, 'attn_head': 2, 'latent_dim': 256, 'n_layers': 2, 'device': device(type='cuda')}
INFO:root:1
Train: 7.111313343048096 VAL: 1.199330449104309
INFO:root:2
Train: 0.9008377194404602 VAL: 0.7115973830223083
INFO:root:3
Train: 0.6443542242050171 VAL: 0.44545531272888184
INFO:root:4
Train: 0.47897279262542725 VAL: 0.3106973171234131
INFO:root:Namespace(quiet=False, run_id=None, config=None, epochs=200, fold=4, batch_size=128, learn_rate=0.001, betas=(0.9, 0.999), weight_decay=0.001, hidden_size=32, kernel_init='skew-symmetric', note='', seed=None, nlayers=2, attn_head=2, latent_dim=256, dataset='ushcn')
INFO:root:{'input_dim': 5, 'attn_head': 2, 'latent_dim': 256, 'n_layers': 2, 'device': device(type='cuda')}
INFO:root:1
Train: 8.292257308959961 VAL: 1.3422441482543945
INFO:root:2
Train: 0.9188273549079895 VAL: 0.7879812717437744
INFO:root:3
Train: 0.6831281781196594 VAL: 0.46938714385032654
INFO:root:4
Train: 0.5355246067047119 VAL: 0.33313265442848206
INFO:root:5
Train: 0.4542789161205292 VAL: 0.3210012912750244
INFO:root:6
Train: 0.3869940936565399 VAL: 0.28228676319122314
INFO:root:7
Train: 0.3498901426792145 VAL: 0.2628488838672638
INFO:root:8
Train: 0.35588502883911133 VAL: 0.2532559633255005
INFO:root:9
Train: 0.3425798714160919 VAL: 0.2508974075317383
INFO:root:10
Train: 0.3303065001964569 VAL: 0.262064665555954
INFO:root:11
Train: 0.3309883177280426 VAL: 0.2556290626525879
INFO:root:12
Train: 0.3320351243019104 VAL: 0.2517871856689453
INFO:root:13
Train: 0.3222269117832184 VAL: 0.2572615146636963
INFO:root:14
Train: 0.30521392822265625 VAL: 0.2472250610589981
INFO:root:15
Train: 0.33281877636909485 VAL: 0.24911823868751526
INFO:root:16
Train: 0.3323391377925873 VAL: 0.24917639791965485
INFO:root:17
Train: 0.30827218294143677 VAL: 0.25449568033218384
INFO:root:18
Train: 0.33957502245903015 VAL: 0.25489678978919983
INFO:root:19
Train: 0.3350723683834076 VAL: 0.2577430009841919
INFO:root:20
Train: 0.31994011998176575 VAL: 0.24908991158008575
INFO:root:21
Train: 0.3540985584259033 VAL: 0.25222572684288025
INFO:root:22
Train: 0.32545149326324463 VAL: 0.25755852460861206
INFO:root:23
Train: 0.36606070399284363 VAL: 0.30940723419189453
INFO:root:24
Train: 0.3573538362979889 VAL: 0.30242955684661865
INFO:root:25
Train: 0.3290708661079407 VAL: 0.2542290985584259
INFO:root:26
Train: 0.3247843086719513 VAL: 0.2789885103702545
INFO:root:27
Train: 0.3225520849227905 VAL: 0.25241103768348694
INFO:root:28
Train: 0.3249843120574951 VAL: 0.24976186454296112
INFO:root:29
Train: 0.31939074397087097 VAL: 0.2542709410190582
INFO:root:30
Train: 0.3155774176120758 VAL: 0.26951295137405396
INFO:root:31
Train: 0.31899887323379517 VAL: 0.2714387774467468
INFO:root:32
Train: 0.3329472243785858 VAL: 0.25203388929367065
INFO:root:33
Train: 0.3323289453983307 VAL: 0.2512209117412567
INFO:root:34
Train: 0.3119865357875824 VAL: 0.24956659972667694
INFO:root:35
Train: 0.3091590404510498 VAL: 0.24592463672161102
INFO:root:36
Train: 0.32068297266960144 VAL: 0.25378596782684326
INFO:root:37
Train: 0.3107452094554901 VAL: 0.2631397247314453
INFO:root:38
Train: 0.31516173481941223 VAL: 0.24923330545425415
INFO:root:39
Train: 0.3118543326854706 VAL: 0.2455800324678421
INFO:root:40
Train: 0.30826765298843384 VAL: 0.24567198753356934
INFO:root:41
Train: 0.3112708628177643 VAL: 0.25326135754585266
INFO:root:42
Train: 0.3156639039516449 VAL: 0.25013184547424316
INFO:root:43
Train: 0.3139888048171997 VAL: 0.2663264274597168
INFO:root:44
Train: 0.321429580450058 VAL: 0.2517773509025574
INFO:root:45
Train: 0.30344340205192566 VAL: 0.24814669787883759
INFO:root:46
Train: 0.30733025074005127 VAL: 0.24673108756542206
INFO:root:47
Train: 0.31280234456062317 VAL: 0.2471928894519806
INFO:root:48
Train: 0.3147062063217163 VAL: 0.24814078211784363
INFO:root:49
Train: 0.31617626547813416 VAL: 0.24474090337753296
INFO:root:50
Train: 0.2985415458679199 VAL: 0.2447178065776825
INFO:root:51
Train: 0.3148127496242523 VAL: 0.24086733162403107
INFO:root:52
Train: 0.3082486093044281 VAL: 0.24256882071495056
INFO:root:53
Train: 0.30736979842185974 VAL: 0.23951458930969238
INFO:root:54
Train: 0.3053871691226959 VAL: 0.24039477109909058
INFO:root:55
Train: 0.3128224313259125 VAL: 0.24031981825828552
INFO:root:56
Train: 0.32175424695014954 VAL: 0.24137793481349945
INFO:root:57
Train: 0.30827656388282776 VAL: 0.25494709610939026
INFO:root:58
Train: 0.32178232073783875 VAL: 0.2659492790699005
INFO:root:59
Train: 0.32132264971733093 VAL: 0.25462913513183594
INFO:root:60
Train: 0.318042129278183 VAL: 0.23620951175689697
INFO:root:61
Train: 0.3093474209308624 VAL: 0.23889490962028503
INFO:root:62
Train: 0.31227806210517883 VAL: 0.23826560378074646
INFO:root:63
Train: 0.3133849501609802 VAL: 0.23716247081756592
INFO:root:64
Train: 0.3112797439098358 VAL: 0.24389968812465668
INFO:root:65
Train: 0.3141007721424103 VAL: 0.25658532977104187
INFO:root:66
Train: 0.3083990514278412 VAL: 0.2413467913866043
INFO:root:67
Train: 0.3185672461986542 VAL: 0.2397499978542328
INFO:root:68
Train: 0.3192567527294159 VAL: 0.23816275596618652
INFO:root:69
Train: 0.30950087308883667 VAL: 0.24128204584121704
INFO:root:70
Train: 0.31612998247146606 VAL: 0.248409241437912
INFO:root:71
Train: 0.3097600042819977 VAL: 0.23973704874515533
INFO:root:72
Train: 0.2880280315876007 VAL: 0.23743318021297455
INFO:root:73
Train: 0.3141537606716156 VAL: 0.24593386054039001
INFO:root:74
Train: 0.3051873445510864 VAL: 0.23805728554725647
INFO:root:75
Train: 0.31182610988616943 VAL: 0.2464207112789154
INFO:root:76
Train: 0.3096243441104889 VAL: 0.23874327540397644
INFO:root:77
Train: 0.3053768277168274 VAL: 0.23923885822296143
INFO:root:78
Train: 0.31025412678718567 VAL: 0.24149510264396667
INFO:root:79
Train: 0.3017215430736542 VAL: 0.2397143691778183
INFO:root:80
Train: 0.27647072076797485 VAL: 0.23708394169807434
INFO:root:81
Train: 0.3111457824707031 VAL: 0.24673552811145782
INFO:root:82
Train: 0.31378069519996643 VAL: 0.23941874504089355
INFO:root:83
Train: 0.30702850222587585 VAL: 0.2411058098077774
INFO:root:84
Train: 0.30942240357398987 VAL: 0.23983672261238098
INFO:root:85
Train: 0.295746773481369 VAL: 0.23886428773403168
INFO:root:86
Train: 0.30511045455932617 VAL: 0.2381581813097
INFO:root:87
Train: 0.29213133454322815 VAL: 0.23986776173114777
INFO:root:88
Train: 0.29782816767692566 VAL: 0.239079087972641
INFO:root:89
Train: 0.27381789684295654 VAL: 0.2385522872209549
INFO:root:90
Train: 0.30985286831855774 VAL: 0.2381625473499298
INFO:root:BEST VAL: 0.2381625473499298 TEST : 0.26790714263916016
