INFO:root:Namespace(quiet=False, run_id=None, config=None, epochs=200, fold=4, batch_size=128, learn_rate=0.001, betas=(0.9, 0.999), weight_decay=0.001, hidden_size=32, kernel_init='skew-symmetric', note='', seed=None, nlayers=2, attn_head=4, latent_dim=64, dataset='ushcn')
INFO:root:{'input_dim': 5, 'attn_head': 4, 'latent_dim': 64, 'n_layers': 2, 'device': device(type='cuda')}
INFO:root:1
Train: 0.6899389624595642 VAL: 0.45810380578041077
INFO:root:2
Train: 0.524278461933136 VAL: 0.3635440766811371
INFO:root:3
Train: 0.40722599625587463 VAL: 0.23595339059829712
INFO:root:4
Train: 0.34042462706565857 VAL: 0.25517672300338745
INFO:root:5
Train: 0.3268445134162903 VAL: 0.25085851550102234
INFO:root:6
Train: 0.3509852886199951 VAL: 0.23495610058307648
INFO:root:7
Train: 0.33324193954467773 VAL: 0.23455920815467834
INFO:root:8
Train: 0.3346669673919678 VAL: 0.25387126207351685
INFO:root:9
Train: 0.3343050181865692 VAL: 0.2250172197818756
INFO:root:10
Train: 0.32869410514831543 VAL: 0.22116689383983612
INFO:root:11
Train: 0.3247431218624115 VAL: 0.24556592106819153
INFO:root:12
Train: 0.3258061707019806 VAL: 0.22172431647777557
INFO:root:13
Train: 0.31784799695014954 VAL: 0.2212209552526474
INFO:root:14
Train: 0.3232980966567993 VAL: 0.22865617275238037
INFO:root:15
Train: 0.3224506676197052 VAL: 0.22367234528064728
INFO:root:16
Train: 0.31645914912223816 VAL: 0.22541159391403198
INFO:root:17
Train: 0.3233283460140228 VAL: 0.2215314507484436
INFO:root:18
Train: 0.3167141377925873 VAL: 0.22054634988307953
INFO:root:19
Train: 0.31667783856391907 VAL: 0.2231294810771942
INFO:root:20
Train: 0.3143083453178406 VAL: 0.23180292546749115
INFO:root:21
Train: 0.32373324036598206 VAL: 0.22855620086193085
INFO:root:22
Train: 0.32123079895973206 VAL: 0.22236549854278564
INFO:root:23
Train: 0.3104768693447113 VAL: 0.2236100137233734
INFO:root:24
Train: 0.3154023587703705 VAL: 0.22133079171180725
INFO:root:25
Train: 0.3045664131641388 VAL: 0.2317175269126892
INFO:root:26
Train: 0.31613215804100037 VAL: 0.23241236805915833
INFO:root:27
Train: 0.30694377422332764 VAL: 0.22069352865219116
INFO:root:28
Train: 0.3171720504760742 VAL: 0.22049668431282043
INFO:root:29
Train: 0.29902175068855286 VAL: 0.2274845689535141
INFO:root:30
Train: 0.3188134729862213 VAL: 0.22348430752754211
INFO:root:31
Train: 0.31471672654151917 VAL: 0.22072623670101166
INFO:root:32
Train: 0.3182397186756134 VAL: 0.21911562979221344
INFO:root:33
Train: 0.3182430863380432 VAL: 0.22357459366321564
INFO:root:34
Train: 0.31751108169555664 VAL: 0.22504884004592896
INFO:root:35
Train: 0.3057202994823456 VAL: 0.22140131890773773
INFO:root:36
Train: 0.3207797706127167 VAL: 0.2222043126821518
INFO:root:37
Train: 0.3207107484340668 VAL: 0.2304830551147461
INFO:root:38
Train: 0.31527116894721985 VAL: 0.22109819948673248
INFO:root:39
Train: 0.32122600078582764 VAL: 0.22065259516239166
INFO:root:40
Train: 0.31111273169517517 VAL: 0.22781391441822052
INFO:root:41
Train: 0.3137846887111664 VAL: 0.21868646144866943
INFO:root:42
Train: 0.31433939933776855 VAL: 0.2210262417793274
INFO:root:43
Train: 0.29452475905418396 VAL: 0.219191774725914
INFO:root:44
Train: 0.30796077847480774 VAL: 0.21648339927196503
INFO:root:45
Train: 0.2956404685974121 VAL: 0.2231682389974594
INFO:root:46
Train: 0.3069622218608856 VAL: 0.23451007902622223
INFO:root:47
Train: 0.3165832459926605 VAL: 0.22456887364387512
INFO:root:48
Train: 0.30984652042388916 VAL: 0.21625234186649323
INFO:root:49
Train: 0.313017874956131 VAL: 0.21853283047676086
INFO:root:50
Train: 0.30235055088996887 VAL: 0.2283661663532257
INFO:root:51
Train: 0.30040836334228516 VAL: 0.2194865643978119
INFO:root:52
Train: 0.30881986021995544 VAL: 0.21725277602672577
INFO:root:53
Train: 0.27149608731269836 VAL: 0.22025807201862335
INFO:root:54
Train: 0.30386030673980713 VAL: 0.2158055454492569
INFO:root:55
Train: 0.3024798631668091 VAL: 0.2158062607049942
INFO:root:56
Train: 0.28756406903266907 VAL: 0.22731368243694305
INFO:root:57
Train: 0.30401161313056946 VAL: 0.22266848385334015
INFO:root:58
Train: 0.3078371584415436 VAL: 0.21499142050743103
INFO:root:59
Train: 0.3052942752838135 VAL: 0.2208491414785385
INFO:root:60
Train: 0.3104897737503052 VAL: 0.21538405120372772
INFO:root:61
Train: 0.28666195273399353 VAL: 0.2153511643409729
INFO:root:62
Train: 0.30551108717918396 VAL: 0.2139185667037964
INFO:root:63
Train: 0.305664986371994 VAL: 0.21868959069252014
INFO:root:64
Train: 0.3070566952228546 VAL: 0.22612790763378143
INFO:root:65
Train: 0.30369850993156433 VAL: 0.2126457691192627
INFO:root:66
Train: 0.3003973662853241 VAL: 0.2164519727230072
INFO:root:67
Train: 0.3022402226924896 VAL: 0.2163882553577423
INFO:root:68
Train: 0.28791919350624084 VAL: 0.2167341411113739
INFO:root:69
Train: 0.30381545424461365 VAL: 0.21649356186389923
INFO:root:70
Train: 0.30590206384658813 VAL: 0.2133079618215561
INFO:root:71
Train: 0.302775114774704 VAL: 0.21691343188285828
INFO:root:72
Train: 0.30794158577919006 VAL: 0.22326964139938354
INFO:root:73
Train: 0.3041602671146393 VAL: 0.2236940860748291
INFO:root:74
Train: 0.3037947416305542 VAL: 0.21763046085834503
INFO:root:75
Train: 0.30858930945396423 VAL: 0.21910855174064636
INFO:root:76
Train: 0.3007493317127228 VAL: 0.21591609716415405
INFO:root:77
Train: 0.2894812226295471 VAL: 0.22495155036449432
INFO:root:78
Train: 0.29754069447517395 VAL: 0.2129700779914856
INFO:root:79
Train: 0.30254700779914856 VAL: 0.2253175526857376
INFO:root:80
Train: 0.30337798595428467 VAL: 0.21291494369506836
INFO:root:81
Train: 0.3000771701335907 VAL: 0.21441152691841125
INFO:root:82
Train: 0.2849738597869873 VAL: 0.21712934970855713
INFO:root:83
Train: 0.29673418402671814 VAL: 0.21590785682201385
INFO:root:84
Train: 0.30195334553718567 VAL: 0.21297186613082886
INFO:root:85
Train: 0.30067309737205505 VAL: 0.21503505110740662
INFO:root:86
Train: 0.2975640594959259 VAL: 0.21551989018917084
INFO:root:87
Train: 0.3005058467388153 VAL: 0.21688859164714813
INFO:root:88
Train: 0.2951169013977051 VAL: 0.2130814641714096
INFO:root:89
Train: 0.29351937770843506 VAL: 0.21476975083351135
INFO:root:90
Train: 0.29781442880630493 VAL: 0.21253204345703125
INFO:root:91
Train: 0.28766268491744995 VAL: 0.2161751240491867
INFO:root:92
Train: 0.2968914806842804 VAL: 0.2139343023300171
INFO:root:93
Train: 0.27181875705718994 VAL: 0.21414093673229218
INFO:root:94
Train: 0.27686652541160583 VAL: 0.21457983553409576
INFO:root:95
Train: 0.2660522162914276 VAL: 0.21256543695926666
INFO:root:96
Train: 0.29828929901123047 VAL: 0.21704410016536713
INFO:root:97
Train: 0.29622843861579895 VAL: 0.21264368295669556
INFO:root:98
Train: 0.27232420444488525 VAL: 0.2126983404159546
INFO:root:99
Train: 0.28874436020851135 VAL: 0.21876570582389832
INFO:root:100
Train: 0.27587011456489563 VAL: 0.21277838945388794
INFO:root:101
Train: 0.2989625930786133 VAL: 0.2168227732181549
INFO:root:102
Train: 0.28881439566612244 VAL: 0.21476255357265472
INFO:root:103
Train: 0.29721710085868835 VAL: 0.21234232187271118
INFO:root:104
Train: 0.27271386981010437 VAL: 0.21527042984962463
INFO:root:105
Train: 0.2939177453517914 VAL: 0.21429318189620972
INFO:root:106
Train: 0.2987267076969147 VAL: 0.2133023589849472
INFO:root:107
Train: 0.2980218231678009 VAL: 0.21512193977832794
INFO:root:108
Train: 0.29763612151145935 VAL: 0.21348363161087036
INFO:root:109
Train: 0.29592323303222656 VAL: 0.21365511417388916
INFO:root:110
Train: 0.29098910093307495 VAL: 0.21381334960460663
INFO:root:111
Train: 0.2967090904712677 VAL: 0.2146569788455963
INFO:root:112
Train: 0.2948770225048065 VAL: 0.21402853727340698
INFO:root:113
Train: 0.2951645851135254 VAL: 0.2118683010339737
INFO:root:114
Train: 0.29709741473197937 VAL: 0.2168712615966797
INFO:root:115
Train: 0.29579535126686096 VAL: 0.2133825570344925
INFO:root:116
Train: 0.2963598668575287 VAL: 0.2129802107810974
INFO:root:117
Train: 0.2952326536178589 VAL: 0.21672090888023376
INFO:root:118
Train: 0.29556235671043396 VAL: 0.2125968486070633
INFO:root:119
Train: 0.2861803472042084 VAL: 0.21358361840248108
INFO:root:120
Train: 0.29763171076774597 VAL: 0.21419218182563782
INFO:root:121
Train: 0.29014286398887634 VAL: 0.21421292424201965
INFO:root:122
Train: 0.2921697199344635 VAL: 0.2136009782552719
INFO:root:123
Train: 0.2985658645629883 VAL: 0.2134777158498764
INFO:root:124
Train: 0.2886256277561188 VAL: 0.213595911860466
INFO:root:125
Train: 0.26943251490592957 VAL: 0.21286171674728394
INFO:root:126
Train: 0.29492267966270447 VAL: 0.2136281430721283
INFO:root:127
Train: 0.29087188839912415 VAL: 0.21502123773097992
INFO:root:128
Train: 0.2779698371887207 VAL: 0.21357539296150208
INFO:root:129
Train: 0.2911176383495331 VAL: 0.21251697838306427
INFO:root:130
Train: 0.29307109117507935 VAL: 0.2132522463798523
INFO:root:131
Train: 0.2741278111934662 VAL: 0.21439097821712494
INFO:root:132
Train: 0.2905212938785553 VAL: 0.2130931317806244
INFO:root:133
Train: 0.28043434023857117 VAL: 0.21395805478096008
INFO:root:134
Train: 0.29267004132270813 VAL: 0.21367506682872772
INFO:root:135
Train: 0.28543224930763245 VAL: 0.21375328302383423
INFO:root:136
Train: 0.2974376678466797 VAL: 0.21326372027397156
INFO:root:137
Train: 0.2878049314022064 VAL: 0.21336261928081512
INFO:root:138
Train: 0.26553675532341003 VAL: 0.2134452611207962
INFO:root:139
Train: 0.2969036400318146 VAL: 0.2132587730884552
INFO:root:140
Train: 0.29424116015434265 VAL: 0.21418894827365875
INFO:root:141
Train: 0.27706655859947205 VAL: 0.21378090977668762
INFO:root:142
Train: 0.29657667875289917 VAL: 0.21368275582790375
INFO:root:143
Train: 0.27770155668258667 VAL: 0.21355889737606049
INFO:root:BEST VAL: 0.21355889737606049 TEST : 0.3553647994995117
INFO:root:Namespace(quiet=False, run_id=None, config=None, epochs=200, fold=4, batch_size=128, learn_rate=0.001, betas=(0.9, 0.999), weight_decay=0.001, hidden_size=32, kernel_init='skew-symmetric', note='', seed=None, nlayers=2, attn_head=4, latent_dim=64, dataset='physionet2012')
INFO:root:{'input_dim': 37, 'attn_head': 4, 'latent_dim': 64, 'n_layers': 2, 'device': device(type='cuda')}
INFO:root:1
Train: 0.46358516812324524 VAL: 0.3833109140396118
INFO:root:2
Train: 0.3704584538936615 VAL: 0.3255436420440674
INFO:root:3
Train: 0.3173373341560364 VAL: 0.30300188064575195
INFO:root:4
Train: 0.30209609866142273 VAL: 0.2963607609272003
INFO:root:5
Train: 0.3026317059993744 VAL: 0.2954569458961487
INFO:root:6
Train: 0.2981049120426178 VAL: 0.2949524521827698
INFO:root:7
Train: 0.2980310618877411 VAL: 0.29717501997947693
INFO:root:8
Train: 0.29626309871673584 VAL: 0.2977105975151062
INFO:root:9
Train: 0.29512646794319153 VAL: 0.2911616861820221
INFO:root:10
Train: 0.2928802967071533 VAL: 0.2909613847732544
INFO:root:11
Train: 0.29316791892051697 VAL: 0.2949340045452118
INFO:root:12
Train: 0.29267120361328125 VAL: 0.2911694049835205
INFO:root:13
Train: 0.2918435037136078 VAL: 0.2893168330192566
INFO:root:14
Train: 0.29212772846221924 VAL: 0.29031902551651
INFO:root:15
Train: 0.2909125089645386 VAL: 0.2912684679031372
INFO:root:16
Train: 0.29118531942367554 VAL: 0.2916660010814667
INFO:root:17
Train: 0.291424959897995 VAL: 0.28855687379837036
INFO:root:18
Train: 0.2905958890914917 VAL: 0.2908926010131836
INFO:root:19
Train: 0.289507657289505 VAL: 0.28946760296821594
INFO:root:20
Train: 0.28844156861305237 VAL: 0.28838253021240234
INFO:root:21
Train: 0.28855401277542114 VAL: 0.29004865884780884
INFO:root:22
Train: 0.28933006525039673 VAL: 0.29190611839294434
INFO:root:23
Train: 0.2878699004650116 VAL: 0.289003849029541
INFO:root:24
Train: 0.2871626615524292 VAL: 0.28791916370391846
INFO:root:25
Train: 0.2856799364089966 VAL: 0.2884547710418701
INFO:root:26
Train: 0.2874290943145752 VAL: 0.2887415289878845
INFO:root:27
Train: 0.2884990870952606 VAL: 0.287993848323822
INFO:root:28
Train: 0.2857843339443207 VAL: 0.29035457968711853
INFO:root:29
Train: 0.28670650720596313 VAL: 0.2880346179008484
INFO:root:30
Train: 0.2848007380962372 VAL: 0.28759875893592834
INFO:root:31
Train: 0.28302329778671265 VAL: 0.28856080770492554
INFO:root:32
Train: 0.28545188903808594 VAL: 0.2909538447856903
INFO:root:33
Train: 0.2844015657901764 VAL: 0.2873685956001282
INFO:root:34
Train: 0.2827511727809906 VAL: 0.2918282747268677
INFO:root:35
Train: 0.2833402752876282 VAL: 0.289095938205719
INFO:root:36
Train: 0.281937837600708 VAL: 0.2873471975326538
INFO:root:37
Train: 0.2818082869052887 VAL: 0.28739890456199646
INFO:root:38
Train: 0.2812407910823822 VAL: 0.28778308629989624
INFO:root:39
Train: 0.2805732488632202 VAL: 0.28985488414764404
INFO:root:40
Train: 0.28075292706489563 VAL: 0.28802990913391113
INFO:root:41
Train: 0.2792883515357971 VAL: 0.28745269775390625
INFO:root:42
Train: 0.27935266494750977 VAL: 0.2886461615562439
INFO:root:43
Train: 0.27846384048461914 VAL: 0.28711384534835815
INFO:root:44
Train: 0.2775343358516693 VAL: 0.2911372184753418
INFO:root:45
Train: 0.27695921063423157 VAL: 0.2868003845214844
INFO:root:46
Train: 0.275601863861084 VAL: 0.28777825832366943
INFO:root:47
Train: 0.27601176500320435 VAL: 0.28674057126045227
INFO:root:48
Train: 0.27543362975120544 VAL: 0.2881128191947937
INFO:root:49
Train: 0.27457600831985474 VAL: 0.28632980585098267
INFO:root:50
Train: 0.27374041080474854 VAL: 0.29151037335395813
INFO:root:51
Train: 0.27537351846694946 VAL: 0.28681427240371704
INFO:root:52
Train: 0.27177345752716064 VAL: 0.2847168743610382
INFO:root:53
Train: 0.27274924516677856 VAL: 0.29248058795928955
INFO:root:54
Train: 0.27131474018096924 VAL: 0.2889311909675598
INFO:root:55
Train: 0.2698022723197937 VAL: 0.2861540615558624
INFO:root:56
Train: 0.2699981927871704 VAL: 0.2847769260406494
INFO:root:57
Train: 0.2687861919403076 VAL: 0.29015493392944336
INFO:root:58
Train: 0.26931628584861755 VAL: 0.29278087615966797
INFO:root:59
Train: 0.266745388507843 VAL: 0.2981809675693512
INFO:root:60
Train: 0.26651760935783386 VAL: 0.28867289423942566
INFO:root:61
Train: 0.26738491654396057 VAL: 0.29179784655570984
INFO:root:62
Train: 0.26475343108177185 VAL: 0.28799891471862793
INFO:root:63
Train: 0.26359397172927856 VAL: 0.28954237699508667
INFO:root:64
Train: 0.25837764143943787 VAL: 0.2924324870109558
INFO:root:65
Train: 0.2564602196216583 VAL: 0.29060912132263184
INFO:root:66
Train: 0.2551629841327667 VAL: 0.2925374507904053
INFO:root:67
Train: 0.2537408471107483 VAL: 0.29201608896255493
INFO:root:68
Train: 0.25407832860946655 VAL: 0.29487550258636475
INFO:root:69
Train: 0.25323808193206787 VAL: 0.2957403063774109
INFO:root:70
Train: 0.2517508566379547 VAL: 0.2960469722747803
INFO:root:71
Train: 0.25113433599472046 VAL: 0.29621726274490356
INFO:root:72
Train: 0.2500200569629669 VAL: 0.29796817898750305
INFO:root:73
Train: 0.24896924197673798 VAL: 0.2972245216369629
INFO:root:74
Train: 0.24749451875686646 VAL: 0.29667800664901733
INFO:root:75
Train: 0.24441516399383545 VAL: 0.29730024933815
INFO:root:76
Train: 0.2425554245710373 VAL: 0.29839107394218445
INFO:root:77
Train: 0.2420796900987625 VAL: 0.300420880317688
INFO:root:78
Train: 0.24141305685043335 VAL: 0.2987718880176544
INFO:root:79
Train: 0.24068018794059753 VAL: 0.30363893508911133
INFO:root:80
Train: 0.24011845886707306 VAL: 0.30108875036239624
INFO:root:81
Train: 0.23969826102256775 VAL: 0.30030709505081177
INFO:root:82
Train: 0.23867623507976532 VAL: 0.2989092469215393
INFO:root:BEST VAL: 0.2989092469215393 TEST : 0.2858961522579193
