INFO:root:Namespace(quiet=False, run_id=None, config=None, epochs=200, fold=4, batch_size=128, learn_rate=0.001, betas=(0.9, 0.999), weight_decay=0.001, hidden_size=32, kernel_init='skew-symmetric', note='', seed=None, nlayers=3, attn_head=1, latent_dim=128, dataset='ushcn')
INFO:root:{'input_dim': 5, 'attn_head': 1, 'latent_dim': 128, 'n_layers': 3, 'device': device(type='cuda')}
INFO:root:1
Train: 2.2194912433624268 VAL: 0.5067716836929321
INFO:root:2
Train: 0.6141034960746765 VAL: 0.39692389965057373
INFO:root:3
Train: 0.47052502632141113 VAL: 0.34510183334350586
INFO:root:4
Train: 0.38464489579200745 VAL: 0.2860148847103119
INFO:root:5
Train: 0.3539809286594391 VAL: 0.29412782192230225
INFO:root:6
Train: 0.37335947155952454 VAL: 0.29044628143310547
INFO:root:7
Train: 0.3395783007144928 VAL: 0.2765035629272461
INFO:root:8
Train: 0.34444132447242737 VAL: 0.2548179626464844
INFO:root:9
Train: 0.334281325340271 VAL: 0.25355637073516846
INFO:root:10
Train: 0.32134518027305603 VAL: 0.2512153685092926
INFO:root:11
Train: 0.3316524922847748 VAL: 0.2479856014251709
INFO:root:12
Train: 0.3279048502445221 VAL: 0.2505146861076355
INFO:root:13
Train: 0.32898780703544617 VAL: 0.26630014181137085
INFO:root:14
Train: 0.3117048442363739 VAL: 0.2620757520198822
INFO:root:15
Train: 0.31975820660591125 VAL: 0.24655738472938538
INFO:root:16
Train: 0.3047681152820587 VAL: 0.24631987512111664
INFO:root:17
Train: 0.3217501938343048 VAL: 0.25038132071495056
INFO:root:18
Train: 0.3240066468715668 VAL: 0.24838906526565552
INFO:root:19
Train: 0.3125375509262085 VAL: 0.24926456809043884
INFO:root:20
Train: 0.3170129954814911 VAL: 0.24336783587932587
INFO:root:21
Train: 0.3145096004009247 VAL: 0.24998340010643005
INFO:root:22
Train: 0.32419314980506897 VAL: 0.24323824048042297
INFO:root:23
Train: 0.2992453873157501 VAL: 0.25295013189315796
INFO:root:24
Train: 0.31852778792381287 VAL: 0.26662665605545044
INFO:root:25
Train: 0.29312846064567566 VAL: 0.25010597705841064
INFO:root:26
Train: 0.31175220012664795 VAL: 0.2524738907814026
INFO:root:27
Train: 0.30916616320610046 VAL: 0.2511214315891266
INFO:root:28
Train: 0.31559598445892334 VAL: 0.24398848414421082
INFO:root:29
Train: 0.31188875436782837 VAL: 0.24874840676784515
INFO:root:30
Train: 0.3053652048110962 VAL: 0.2496018409729004
INFO:root:31
Train: 0.30905818939208984 VAL: 0.25152021646499634
INFO:root:32
Train: 0.3161550462245941 VAL: 0.2519439458847046
INFO:root:33
Train: 0.32133445143699646 VAL: 0.23943927884101868
INFO:root:34
Train: 0.289806604385376 VAL: 0.24824172258377075
INFO:root:35
Train: 0.33860158920288086 VAL: 0.2504289448261261
INFO:root:36
Train: 0.3197135627269745 VAL: 0.25053489208221436
INFO:root:37
Train: 0.3181280791759491 VAL: 0.27332013845443726
INFO:root:38
Train: 0.31847426295280457 VAL: 0.24171428382396698
INFO:root:39
Train: 0.3055940866470337 VAL: 0.2383165806531906
INFO:root:40
Train: 0.2994749844074249 VAL: 0.23727670311927795
INFO:root:41
Train: 0.3024173080921173 VAL: 0.2484690546989441
INFO:root:42
Train: 0.30920305848121643 VAL: 0.24605804681777954
INFO:root:43
Train: 0.30854183435440063 VAL: 0.2353629171848297
INFO:root:44
Train: 0.2984040677547455 VAL: 0.2411981076002121
INFO:root:45
Train: 0.31184110045433044 VAL: 0.2475203573703766
INFO:root:46
Train: 0.30453959107398987 VAL: 0.24672310054302216
INFO:root:47
Train: 0.31197622418403625 VAL: 0.23958861827850342
INFO:root:48
Train: 0.30889517068862915 VAL: 0.23662413656711578
INFO:root:49
Train: 0.2819994390010834 VAL: 0.23921068012714386
INFO:root:50
Train: 0.3016759157180786 VAL: 0.24450768530368805
INFO:root:51
Train: 0.2882923483848572 VAL: 0.24037103354930878
INFO:root:52
Train: 0.2995249032974243 VAL: 0.23984652757644653
INFO:root:53
Train: 0.2893681228160858 VAL: 0.24163174629211426
INFO:root:54
Train: 0.29854726791381836 VAL: 0.24269811809062958
INFO:root:55
Train: 0.31080231070518494 VAL: 0.2553054690361023
INFO:root:56
Train: 0.3003477156162262 VAL: 0.2322196066379547
INFO:root:57
Train: 0.30438992381095886 VAL: 0.24024052917957306
INFO:root:58
Train: 0.30558982491493225 VAL: 0.23362323641777039
INFO:root:59
Train: 0.3044143617153168 VAL: 0.24599824845790863
INFO:root:60
Train: 0.30795255303382874 VAL: 0.23739635944366455
INFO:root:61
Train: 0.3076828718185425 VAL: 0.23453885316848755
INFO:root:62
Train: 0.26315852999687195 VAL: 0.23989462852478027
INFO:root:63
Train: 0.3071870803833008 VAL: 0.23960891366004944
INFO:root:64
Train: 0.2983555495738983 VAL: 0.2542354464530945
INFO:root:65
Train: 0.30510759353637695 VAL: 0.23431621491909027
INFO:root:66
Train: 0.2774290144443512 VAL: 0.23735469579696655
INFO:root:67
Train: 0.3026472330093384 VAL: 0.2436414361000061
INFO:root:68
Train: 0.29985129833221436 VAL: 0.2391650676727295
INFO:root:69
Train: 0.298718124628067 VAL: 0.23854310810565948
INFO:root:70
Train: 0.27148881554603577 VAL: 0.23761174082756042
INFO:root:71
Train: 0.29307761788368225 VAL: 0.2408025562763214
INFO:root:72
Train: 0.2986934185028076 VAL: 0.2405754029750824
INFO:root:73
Train: 0.29163476824760437 VAL: 0.24125149846076965
INFO:root:74
Train: 0.2922625243663788 VAL: 0.24123281240463257
INFO:root:75
Train: 0.30083438754081726 VAL: 0.2403138279914856
INFO:root:76
Train: 0.29941192269325256 VAL: 0.24067188799381256
INFO:root:77
Train: 0.29680898785591125 VAL: 0.24190372228622437
INFO:root:78
Train: 0.2948000431060791 VAL: 0.24402770400047302
INFO:root:79
Train: 0.2775379419326782 VAL: 0.24310223758220673
INFO:root:80
Train: 0.2915034294128418 VAL: 0.24473223090171814
INFO:root:81
Train: 0.2951250970363617 VAL: 0.24594157934188843
INFO:root:82
Train: 0.26882413029670715 VAL: 0.2438097894191742
INFO:root:83
Train: 0.29703760147094727 VAL: 0.24871768057346344
INFO:root:84
Train: 0.2943381071090698 VAL: 0.24570722877979279
INFO:root:85
Train: 0.2918965518474579 VAL: 0.24674499034881592
INFO:root:86
Train: 0.2915712296962738 VAL: 0.24880874156951904
INFO:root:BEST VAL: 0.24880874156951904 TEST : 0.3175765872001648
INFO:root:Namespace(quiet=False, run_id=None, config=None, epochs=200, fold=4, batch_size=128, learn_rate=0.001, betas=(0.9, 0.999), weight_decay=0.001, hidden_size=32, kernel_init='skew-symmetric', note='', seed=None, nlayers=3, attn_head=1, latent_dim=128, dataset='ushcn')
INFO:root:{'input_dim': 5, 'attn_head': 1, 'latent_dim': 128, 'n_layers': 3, 'device': device(type='cuda')}
INFO:root:1
Train: 2.0775907039642334 VAL: 0.4888363182544708
INFO:root:2
Train: 0.6336682438850403 VAL: 0.45790284872055054
INFO:root:3
Train: 0.4865912199020386 VAL: 0.33893314003944397
INFO:root:4
Train: 0.4067048728466034 VAL: 0.33142948150634766
INFO:root:5
Train: 0.3836672604084015 VAL: 0.2659626007080078
INFO:root:6
Train: 0.39962419867515564 VAL: 0.264168381690979
INFO:root:7
Train: 0.33518776297569275 VAL: 0.2622329592704773
INFO:root:8
Train: 0.3408885896205902 VAL: 0.25172847509384155
INFO:root:9
Train: 0.32047852873802185 VAL: 0.2758978009223938
INFO:root:10
Train: 0.33240434527397156 VAL: 0.2481408268213272
INFO:root:11
Train: 0.3436281681060791 VAL: 0.2806175649166107
INFO:root:12
Train: 0.33484116196632385 VAL: 0.24350407719612122
INFO:root:13
Train: 0.3116852939128876 VAL: 0.24936093389987946
INFO:root:14
Train: 0.3360705077648163 VAL: 0.2573298513889313
INFO:root:15
Train: 0.33972036838531494 VAL: 0.2434769570827484
INFO:root:16
Train: 0.30929064750671387 VAL: 0.24762603640556335
INFO:root:17
Train: 0.31614163517951965 VAL: 0.2584414482116699
INFO:root:18
Train: 0.3034248650074005 VAL: 0.27522727847099304
INFO:root:19
Train: 0.32223817706108093 VAL: 0.2528204321861267
INFO:root:20
Train: 0.29437536001205444 VAL: 0.24508336186408997
INFO:root:21
Train: 0.3181209862232208 VAL: 0.24276208877563477
INFO:root:22
Train: 0.31602057814598083 VAL: 0.2431792914867401
INFO:root:23
Train: 0.31204554438591003 VAL: 0.25394371151924133
INFO:root:24
Train: 0.3199833929538727 VAL: 0.23919501900672913
INFO:root:25
Train: 0.3171323835849762 VAL: 0.24406039714813232
INFO:root:26
Train: 0.3195849359035492 VAL: 0.2576638162136078
INFO:root:27
Train: 0.3214941620826721 VAL: 0.25658920407295227
INFO:root:28
Train: 0.3210570812225342 VAL: 0.2502034902572632
INFO:root:29
Train: 0.3167250156402588 VAL: 0.24941158294677734
INFO:root:30
Train: 0.3160751760005951 VAL: 0.24021106958389282
INFO:root:31
Train: 0.30898067355155945 VAL: 0.23816081881523132
INFO:root:32
Train: 0.3203181326389313 VAL: 0.2571606934070587
INFO:root:33
Train: 0.3126113712787628 VAL: 0.2504490315914154
INFO:root:34
Train: 0.2979349195957184 VAL: 0.2428775131702423
INFO:root:35
Train: 0.3065105378627777 VAL: 0.2543407380580902
INFO:root:36
Train: 0.2945806086063385 VAL: 0.24376536905765533
INFO:root:37
Train: 0.31369826197624207 VAL: 0.2438587099313736
INFO:root:38
Train: 0.31083551049232483 VAL: 0.2453351616859436
INFO:root:39
Train: 0.31788742542266846 VAL: 0.2447320520877838
INFO:root:40
Train: 0.31231606006622314 VAL: 0.2374880611896515
INFO:root:41
Train: 0.30115967988967896 VAL: 0.24118055403232574
INFO:root:42
Train: 0.3176916539669037 VAL: 0.24392463266849518
INFO:root:43
Train: 0.3130122721195221 VAL: 0.2390846312046051
INFO:root:44
Train: 0.29360225796699524 VAL: 0.2520064115524292
INFO:root:45
Train: 0.3159830570220947 VAL: 0.2687990069389343
INFO:root:46
Train: 0.3167673647403717 VAL: 0.24564585089683533
INFO:root:47
Train: 0.30970630049705505 VAL: 0.24652764201164246
INFO:root:48
Train: 0.3042890727519989 VAL: 0.24928900599479675
INFO:root:49
Train: 0.31981316208839417 VAL: 0.2560598850250244
INFO:root:50
Train: 0.29814544320106506 VAL: 0.23809577524662018
INFO:root:51
Train: 0.26171228289604187 VAL: 0.23755782842636108
INFO:root:52
Train: 0.31091737747192383 VAL: 0.25420838594436646
INFO:root:53
Train: 0.30802157521247864 VAL: 0.24117396771907806
INFO:root:54
Train: 0.3081166446208954 VAL: 0.2495492845773697
INFO:root:55
Train: 0.30397236347198486 VAL: 0.2356402426958084
INFO:root:56
Train: 0.3053950369358063 VAL: 0.2457677721977234
INFO:root:57
Train: 0.3035786747932434 VAL: 0.23782503604888916
INFO:root:58
Train: 0.2972736060619354 VAL: 0.24094532430171967
INFO:root:59
Train: 0.28116026520729065 VAL: 0.2388155460357666
INFO:root:60
Train: 0.30411234498023987 VAL: 0.23675596714019775
INFO:root:61
Train: 0.30273187160491943 VAL: 0.23887881636619568
INFO:root:62
Train: 0.29383584856987 VAL: 0.23741744458675385
INFO:root:63
Train: 0.2887900769710541 VAL: 0.242201030254364
INFO:root:64
Train: 0.3098062574863434 VAL: 0.23847666382789612
INFO:root:65
Train: 0.3061603307723999 VAL: 0.2412267029285431
INFO:root:66
Train: 0.3076317012310028 VAL: 0.2431655377149582
INFO:root:67
Train: 0.3067895174026489 VAL: 0.24142107367515564
INFO:root:68
Train: 0.3016749918460846 VAL: 0.23663924634456635
INFO:root:69
Train: 0.2825479805469513 VAL: 0.23607099056243896
INFO:root:70
Train: 0.2991316616535187 VAL: 0.23804251849651337
INFO:root:71
Train: 0.2959345877170563 VAL: 0.23832151293754578
INFO:root:72
Train: 0.3022024631500244 VAL: 0.24120382964611053
INFO:root:73
Train: 0.2959887683391571 VAL: 0.23772186040878296
INFO:root:74
Train: 0.28427109122276306 VAL: 0.23538318276405334
INFO:root:75
Train: 0.30318978428840637 VAL: 0.24071043729782104
INFO:root:76
Train: 0.30357494950294495 VAL: 0.24012237787246704
INFO:root:77
Train: 0.29223188757896423 VAL: 0.2380594164133072
INFO:root:78
Train: 0.2975291311740875 VAL: 0.2389230579137802
INFO:root:79
Train: 0.2981536090373993 VAL: 0.23773589730262756
INFO:root:80
Train: 0.2881161868572235 VAL: 0.23651839792728424
INFO:root:81
Train: 0.3043186664581299 VAL: 0.24097058176994324
INFO:root:82
Train: 0.26403847336769104 VAL: 0.2362901121377945
INFO:root:83
Train: 0.3051908314228058 VAL: 0.2391389012336731
INFO:root:84
Train: 0.3036997318267822 VAL: 0.23674190044403076
INFO:root:85
Train: 0.29903391003608704 VAL: 0.23590092360973358
INFO:root:86
Train: 0.29701539874076843 VAL: 0.23593291640281677
INFO:root:87
Train: 0.2967112362384796 VAL: 0.23968398571014404
INFO:root:88
Train: 0.2912595570087433 VAL: 0.23722144961357117
INFO:root:89
Train: 0.28609976172447205 VAL: 0.2376628816127777
INFO:root:90
Train: 0.3003968298435211 VAL: 0.2386138141155243
INFO:root:91
Train: 0.29902878403663635 VAL: 0.23856563866138458
INFO:root:92
Train: 0.2995970845222473 VAL: 0.2365175038576126
INFO:root:93
Train: 0.29502853751182556 VAL: 0.2397507131099701
INFO:root:94
Train: 0.29658806324005127 VAL: 0.23655389249324799
INFO:root:95
Train: 0.2939724624156952 VAL: 0.23640088737010956
INFO:root:96
Train: 0.2946554720401764 VAL: 0.23893046379089355
INFO:root:97
Train: 0.2988421618938446 VAL: 0.23876947164535522
INFO:root:98
Train: 0.2907733917236328 VAL: 0.2368086576461792
INFO:root:99
Train: 0.2971167266368866 VAL: 0.2369351089000702
INFO:root:100
Train: 0.2944718897342682 VAL: 0.23621447384357452
INFO:root:101
Train: 0.29616856575012207 VAL: 0.2374076247215271
INFO:root:102
Train: 0.29053106904029846 VAL: 0.2380121946334839
INFO:root:103
Train: 0.2877311408519745 VAL: 0.23696880042552948
INFO:root:104
Train: 0.3005654215812683 VAL: 0.23777276277542114
INFO:root:BEST VAL: 0.23777276277542114 TEST : 0.44328373670578003
