INFO:root:Namespace(quiet=False, run_id=None, config=None, epochs=200, fold=4, batch_size=128, learn_rate=0.001, betas=(0.9, 0.999), weight_decay=0.001, hidden_size=32, kernel_init='skew-symmetric', note='', seed=None, nlayers=2, attn_head=2, latent_dim=32, dataset='ushcn')
INFO:root:{'input_dim': 5, 'attn_head': 2, 'latent_dim': 32, 'n_layers': 2, 'device': device(type='cuda')}
INFO:root:1
Train: 0.6089959144592285 VAL: 0.4628531336784363
INFO:root:2
Train: 0.547472357749939 VAL: 0.3729168772697449
INFO:root:3
Train: 0.43539944291114807 VAL: 0.28598517179489136
INFO:root:4
Train: 0.36816534399986267 VAL: 0.2620704472064972
INFO:root:5
Train: 0.3562500476837158 VAL: 0.27557796239852905
INFO:root:6
Train: 0.3396022617816925 VAL: 0.2631080448627472
INFO:root:7
Train: 0.3377731740474701 VAL: 0.2516566216945648
INFO:root:8
Train: 0.33926430344581604 VAL: 0.24927903711795807
INFO:root:9
Train: 0.33490970730781555 VAL: 0.24701419472694397
INFO:root:10
Train: 0.32910284399986267 VAL: 0.24986298382282257
INFO:root:11
Train: 0.32403305172920227 VAL: 0.24881622195243835
INFO:root:12
Train: 0.32890602946281433 VAL: 0.2486884444952011
INFO:root:13
Train: 0.3061005771160126 VAL: 0.25262415409088135
INFO:root:14
Train: 0.3327746093273163 VAL: 0.24667730927467346
INFO:root:15
Train: 0.3271878659725189 VAL: 0.2579629421234131
INFO:root:16
Train: 0.3243289887905121 VAL: 0.2686007618904114
INFO:root:17
Train: 0.3209047019481659 VAL: 0.24822565913200378
INFO:root:18
Train: 0.31733158230781555 VAL: 0.24605819582939148
INFO:root:19
Train: 0.3287162482738495 VAL: 0.2443310022354126
INFO:root:20
Train: 0.32423529028892517 VAL: 0.2843354642391205
INFO:root:21
Train: 0.32209312915802 VAL: 0.24725240468978882
INFO:root:22
Train: 0.3290567994117737 VAL: 0.24455472826957703
INFO:root:23
Train: 0.3102972209453583 VAL: 0.26283684372901917
INFO:root:24
Train: 0.31849467754364014 VAL: 0.24634389579296112
INFO:root:25
Train: 0.32509639859199524 VAL: 0.24492454528808594
INFO:root:26
Train: 0.32066038250923157 VAL: 0.25594717264175415
INFO:root:27
Train: 0.3168037533760071 VAL: 0.2454674243927002
INFO:root:28
Train: 0.322579950094223 VAL: 0.2485293596982956
INFO:root:29
Train: 0.32311809062957764 VAL: 0.2612646818161011
INFO:root:30
Train: 0.3258521258831024 VAL: 0.2462952733039856
INFO:root:31
Train: 0.3076847493648529 VAL: 0.2545584440231323
INFO:root:32
Train: 0.3185931146144867 VAL: 0.24579279124736786
INFO:root:33
Train: 0.3047177493572235 VAL: 0.24716798961162567
INFO:root:34
Train: 0.31326961517333984 VAL: 0.24599504470825195
INFO:root:35
Train: 0.3071945011615753 VAL: 0.2471546083688736
INFO:root:36
Train: 0.29944539070129395 VAL: 0.24673117697238922
INFO:root:37
Train: 0.29935914278030396 VAL: 0.24862277507781982
INFO:root:38
Train: 0.3178994953632355 VAL: 0.24694550037384033
INFO:root:39
Train: 0.31294214725494385 VAL: 0.24882736802101135
INFO:root:40
Train: 0.30788305401802063 VAL: 0.24672551453113556
INFO:root:41
Train: 0.3120487332344055 VAL: 0.25033891201019287
INFO:root:42
Train: 0.3096389174461365 VAL: 0.245906800031662
INFO:root:43
Train: 0.314807653427124 VAL: 0.25030338764190674
INFO:root:44
Train: 0.29575783014297485 VAL: 0.24737922847270966
INFO:root:45
Train: 0.30998167395591736 VAL: 0.24645787477493286
INFO:root:46
Train: 0.3086605370044708 VAL: 0.2479618787765503
INFO:root:47
Train: 0.3108361065387726 VAL: 0.24866516888141632
INFO:root:48
Train: 0.31644490361213684 VAL: 0.24491167068481445
INFO:root:49
Train: 0.3025413453578949 VAL: 0.25002217292785645
INFO:root:BEST VAL: 0.25002217292785645 TEST : 0.344088613986969
INFO:root:Namespace(quiet=False, run_id=None, config=None, epochs=200, fold=4, batch_size=128, learn_rate=0.001, betas=(0.9, 0.999), weight_decay=0.001, hidden_size=32, kernel_init='skew-symmetric', note='', seed=None, nlayers=2, attn_head=2, latent_dim=32, dataset='physionet2012')
INFO:root:{'input_dim': 37, 'attn_head': 2, 'latent_dim': 32, 'n_layers': 2, 'device': device(type='cuda')}
INFO:root:1
Train: 0.4642184376716614 VAL: 0.38373059034347534
INFO:root:2
Train: 0.354241281747818 VAL: 0.348040372133255
INFO:root:3
Train: 0.3191269040107727 VAL: 0.3052224814891815
INFO:root:4
Train: 0.3055584132671356 VAL: 0.2980635464191437
INFO:root:5
Train: 0.3035229444503784 VAL: 0.29715827107429504
INFO:root:6
Train: 0.30261558294296265 VAL: 0.31193047761917114
INFO:root:7
Train: 0.3006947338581085 VAL: 0.29596030712127686
INFO:root:8
Train: 0.30052804946899414 VAL: 0.2957066297531128
INFO:root:9
Train: 0.2980993092060089 VAL: 0.2949477732181549
INFO:root:10
Train: 0.29802703857421875 VAL: 0.29388538002967834
INFO:root:11
Train: 0.2962303161621094 VAL: 0.29802849888801575
INFO:root:12
Train: 0.2966374158859253 VAL: 0.29217424988746643
INFO:root:13
Train: 0.29538825154304504 VAL: 0.2931574285030365
INFO:root:14
Train: 0.2951754033565521 VAL: 0.29172536730766296
INFO:root:15
Train: 0.29503947496414185 VAL: 0.29156404733657837
INFO:root:16
Train: 0.29364442825317383 VAL: 0.2925640344619751
INFO:root:17
Train: 0.29233068227767944 VAL: 0.2916851043701172
INFO:root:18
Train: 0.2913752496242523 VAL: 0.2926367521286011
INFO:root:19
Train: 0.29243719577789307 VAL: 0.29120537638664246
INFO:root:20
Train: 0.2943570017814636 VAL: 0.2944234609603882
INFO:root:21
Train: 0.29214876890182495 VAL: 0.28981640934944153
INFO:root:22
Train: 0.29236605763435364 VAL: 0.2902878522872925
INFO:root:23
Train: 0.29515793919563293 VAL: 0.29304665327072144
INFO:root:24
Train: 0.2922951281070709 VAL: 0.29103875160217285
INFO:root:25
Train: 0.2908531129360199 VAL: 0.2894267141819
INFO:root:26
Train: 0.2905195653438568 VAL: 0.29421550035476685
INFO:root:27
Train: 0.2896994650363922 VAL: 0.2897508144378662
INFO:root:28
Train: 0.2896004021167755 VAL: 0.2897404432296753
INFO:root:29
Train: 0.2903512716293335 VAL: 0.29010921716690063
INFO:root:30
Train: 0.2887117266654968 VAL: 0.28872495889663696
INFO:root:31
Train: 0.2903826832771301 VAL: 0.2890480160713196
INFO:root:32
Train: 0.29052820801734924 VAL: 0.28928327560424805
INFO:root:33
Train: 0.2905363142490387 VAL: 0.2886026203632355
INFO:root:34
Train: 0.2886890470981598 VAL: 0.2883724570274353
INFO:root:35
Train: 0.28873100876808167 VAL: 0.28939157724380493
INFO:root:36
Train: 0.2885262072086334 VAL: 0.28926733136177063
INFO:root:37
Train: 0.28803548216819763 VAL: 0.2898203730583191
INFO:root:38
Train: 0.28841865062713623 VAL: 0.28988200426101685
INFO:root:39
Train: 0.28832218050956726 VAL: 0.28895920515060425
INFO:root:40
Train: 0.2884339392185211 VAL: 0.2883368730545044
INFO:root:41
Train: 0.28692060708999634 VAL: 0.2886198163032532
INFO:root:42
Train: 0.28886547684669495 VAL: 0.2884086072444916
INFO:root:43
Train: 0.28687626123428345 VAL: 0.2889910340309143
INFO:root:44
Train: 0.28845328092575073 VAL: 0.2885953187942505
INFO:root:45
Train: 0.28602567315101624 VAL: 0.28910648822784424
INFO:root:46
Train: 0.28707826137542725 VAL: 0.28773629665374756
INFO:root:47
Train: 0.28671178221702576 VAL: 0.28773701190948486
INFO:root:48
Train: 0.28547433018684387 VAL: 0.28788650035858154
INFO:root:49
Train: 0.28539708256721497 VAL: 0.28710249066352844
INFO:root:50
Train: 0.2844669818878174 VAL: 0.28790509700775146
INFO:root:51
Train: 0.2843160927295685 VAL: 0.2872902750968933
INFO:root:52
Train: 0.2841649055480957 VAL: 0.28879886865615845
INFO:root:53
Train: 0.28503745794296265 VAL: 0.2896789312362671
INFO:root:54
Train: 0.283222496509552 VAL: 0.287284255027771
INFO:root:55
Train: 0.283999502658844 VAL: 0.28738707304000854
INFO:root:56
Train: 0.2836264669895172 VAL: 0.2877609431743622
INFO:root:57
Train: 0.2832224667072296 VAL: 0.28671860694885254
INFO:root:58
Train: 0.28232643008232117 VAL: 0.2870646119117737
INFO:root:59
Train: 0.28237515687942505 VAL: 0.28681471943855286
INFO:root:60
Train: 0.2815997004508972 VAL: 0.2864565849304199
INFO:root:61
Train: 0.2807312309741974 VAL: 0.2869863510131836
INFO:root:62
Train: 0.28203773498535156 VAL: 0.28669020533561707
INFO:root:63
Train: 0.2803761959075928 VAL: 0.28773313760757446
INFO:root:64
Train: 0.2802973687648773 VAL: 0.2871512770652771
INFO:root:65
Train: 0.2805202305316925 VAL: 0.28709349036216736
INFO:root:66
Train: 0.28033438324928284 VAL: 0.28693506121635437
INFO:root:67
Train: 0.2802107334136963 VAL: 0.28810667991638184
INFO:root:68
Train: 0.2787274420261383 VAL: 0.2869047522544861
INFO:root:69
Train: 0.2797316908836365 VAL: 0.28658774495124817
INFO:root:70
Train: 0.27751198410987854 VAL: 0.2869337201118469
INFO:root:71
Train: 0.27821677923202515 VAL: 0.2874768376350403
INFO:root:72
Train: 0.27537089586257935 VAL: 0.2860681414604187
INFO:root:73
Train: 0.2750091850757599 VAL: 0.28611284494400024
INFO:root:74
Train: 0.27439743280410767 VAL: 0.2868031859397888
INFO:root:75
Train: 0.27481895685195923 VAL: 0.2864605188369751
INFO:root:76
Train: 0.27445003390312195 VAL: 0.2870313227176666
INFO:root:77
Train: 0.27395108342170715 VAL: 0.2860261797904968
INFO:root:78
Train: 0.2734017074108124 VAL: 0.286216676235199
INFO:root:79
Train: 0.27424517273902893 VAL: 0.2858404815196991
INFO:root:80
Train: 0.2737065553665161 VAL: 0.2871362268924713
INFO:root:81
Train: 0.27277839183807373 VAL: 0.2861422896385193
INFO:root:82
Train: 0.2729704976081848 VAL: 0.28838372230529785
INFO:root:83
Train: 0.27248334884643555 VAL: 0.2869030833244324
INFO:root:84
Train: 0.2722071707248688 VAL: 0.2862853407859802
INFO:root:85
Train: 0.2715596556663513 VAL: 0.28786957263946533
INFO:root:86
Train: 0.27193379402160645 VAL: 0.28989464044570923
INFO:root:87
Train: 0.27190765738487244 VAL: 0.2862406075000763
INFO:root:88
Train: 0.27063998579978943 VAL: 0.2871714234352112
INFO:root:89
Train: 0.27084359526634216 VAL: 0.2871221899986267
INFO:root:90
Train: 0.2708563506603241 VAL: 0.28690871596336365
INFO:root:91
Train: 0.2698698937892914 VAL: 0.28801411390304565
INFO:root:92
Train: 0.2686350345611572 VAL: 0.2871975004673004
INFO:root:93
Train: 0.2689075171947479 VAL: 0.2867667078971863
INFO:root:94
Train: 0.26831182837486267 VAL: 0.2871452569961548
INFO:root:95
Train: 0.26888054609298706 VAL: 0.29000258445739746
INFO:root:96
Train: 0.26850855350494385 VAL: 0.28697097301483154
INFO:root:97
Train: 0.2676801383495331 VAL: 0.28721603751182556
INFO:root:98
Train: 0.26820439100265503 VAL: 0.2891535460948944
INFO:root:99
Train: 0.26772668957710266 VAL: 0.28779202699661255
INFO:root:100
Train: 0.267316073179245 VAL: 0.28817930817604065
INFO:root:101
Train: 0.2675490081310272 VAL: 0.28762340545654297
INFO:root:102
Train: 0.2660389542579651 VAL: 0.287650465965271
INFO:root:103
Train: 0.26669830083847046 VAL: 0.2881816029548645
INFO:root:104
Train: 0.2665264904499054 VAL: 0.2879124879837036
INFO:root:105
Train: 0.2662063539028168 VAL: 0.2875438928604126
INFO:root:106
Train: 0.2663089632987976 VAL: 0.2869153916835785
INFO:root:107
Train: 0.26641350984573364 VAL: 0.28823918104171753
INFO:root:108
Train: 0.26563864946365356 VAL: 0.2873031795024872
INFO:root:109
Train: 0.26602718234062195 VAL: 0.2878658175468445
INFO:root:BEST VAL: 0.2878658175468445 TEST : 0.28774943947792053
