INFO:root:Namespace(quiet=False, run_id=None, config=None, epochs=200, fold=2, batch_size=64, learn_rate=0.001, betas=(0.9, 0.999), weight_decay=0.001, hidden_size=32, kernel_init='skew-symmetric', note='', seed=None, nlayers=2, attn_head=4, latent_dim=256, dataset='mimiciii')
INFO:root:{'input_dim': 96, 'attn_head': 4, 'latent_dim': 256, 'n_layers': 2, 'device': device(type='cuda')}
INFO:root:1
Train: 0.6783396601676941 VAL: 0.5185658931732178
INFO:root:2
Train: 0.4544040858745575 VAL: 0.4716474413871765
INFO:root:3
Train: 0.44584226608276367 VAL: 0.4818841516971588
INFO:root:4
Train: 0.42776086926460266 VAL: 0.43819358944892883
INFO:root:5
Train: 0.4200827479362488 VAL: 0.4986568093299866
INFO:root:6
Train: 0.43132510781288147 VAL: 0.4284806251525879
INFO:root:7
Train: 0.4154605567455292 VAL: 0.43208950757980347
INFO:root:8
Train: 69.2163314819336 VAL: 0.6453981399536133
INFO:root:9
Train: 0.6772614121437073 VAL: 0.6688101291656494
INFO:root:10
Train: 0.5477693676948547 VAL: 0.5625931024551392
INFO:root:11
Train: 0.5284441113471985 VAL: 0.5614038109779358
INFO:root:12
Train: 0.5119815468788147 VAL: 0.562554121017456
INFO:root:13
Train: 0.5093835592269897 VAL: 0.5414886474609375
INFO:root:14
Train: 0.4993119537830353 VAL: 0.5267698764801025
INFO:root:15
Train: 0.4940224587917328 VAL: 0.550553560256958
INFO:root:16
Train: 0.4866129457950592 VAL: 0.5265423059463501
INFO:root:17
Train: 0.491709440946579 VAL: 0.5480238199234009
INFO:root:18
Train: 0.4783872365951538 VAL: 0.5174927711486816
INFO:root:19
Train: 0.47443297505378723 VAL: 0.5344840288162231
INFO:root:20
Train: 0.47282177209854126 VAL: 0.5014182329177856
INFO:root:21
Train: 0.47368162870407104 VAL: 0.5062963962554932
INFO:root:22
Train: 0.47294294834136963 VAL: 0.5170709490776062
INFO:root:23
Train: 0.47733381390571594 VAL: 0.5072859525680542
INFO:root:24
Train: 0.4888022840023041 VAL: 0.5820605754852295
INFO:root:25
Train: 0.483315110206604 VAL: 0.5635011792182922
INFO:root:26
Train: 0.4746605157852173 VAL: 0.505025327205658
INFO:root:27
Train: 0.4573780596256256 VAL: 0.5208247900009155
INFO:root:28
Train: 0.4554729461669922 VAL: 0.493954062461853
INFO:root:29
Train: 0.45157524943351746 VAL: 0.47488290071487427
INFO:root:30
Train: 0.44873717427253723 VAL: 0.49012619256973267
INFO:root:31
Train: 0.44542884826660156 VAL: 0.47005540132522583
INFO:root:32
Train: 0.44932180643081665 VAL: 0.4715006947517395
INFO:root:33
Train: 0.4459153413772583 VAL: 0.4787602722644806
INFO:root:34
Train: 0.4432617127895355 VAL: 0.4868161678314209
INFO:root:35
Train: 0.44223126769065857 VAL: 0.45961323380470276
INFO:root:36
Train: 0.443586528301239 VAL: 0.47212713956832886
INFO:root:BEST VAL: 0.47212713956832886 TEST : 0.411935031414032
