INFO:root:Namespace(quiet=False, run_id=None, config=None, epochs=200, fold=0, batch_size=64, learn_rate=0.001, betas=(0.9, 0.999), weight_decay=0.001, hidden_size=32, kernel_init='skew-symmetric', note='', seed=None, nlayers=4, attn_head=1, latent_dim=128, dataset='mimiciii')
INFO:root:{'input_dim': 96, 'attn_head': 1, 'latent_dim': 128, 'n_layers': 4, 'device': device(type='cuda')}
INFO:root:1
Train: 0.6702682375907898 VAL: 0.5329651236534119
INFO:root:2
Train: 0.5059154033660889 VAL: 0.4774395227432251
INFO:root:3
Train: 0.4569951593875885 VAL: 0.4531000554561615
INFO:root:4
Train: 0.451186865568161 VAL: 0.45691555738449097
INFO:root:5
Train: 0.4846278429031372 VAL: 0.5162715315818787
INFO:root:6
Train: 4.062901020050049 VAL: 0.580639660358429
INFO:root:7
Train: 0.5220713019371033 VAL: 0.49445557594299316
INFO:root:8
Train: 0.487377405166626 VAL: 0.4790434241294861
INFO:root:9
Train: 0.4692040681838989 VAL: 0.4694049060344696
INFO:root:10
Train: 0.45898014307022095 VAL: 0.4499645531177521
INFO:root:11
Train: 0.4554595947265625 VAL: 0.45805180072784424
INFO:root:12
Train: 0.42240288853645325 VAL: 0.43872499465942383
INFO:root:13
Train: 0.4173264801502228 VAL: 0.43949413299560547
INFO:root:14
Train: 0.4624246656894684 VAL: 0.4297129213809967
INFO:root:15
Train: 0.4069955348968506 VAL: 0.4293033480644226
INFO:root:16
Train: 0.4037930369377136 VAL: 0.42202556133270264
INFO:root:17
Train: 0.41781604290008545 VAL: 0.43239685893058777
INFO:root:18
Train: 0.41358181834220886 VAL: 0.42737722396850586
INFO:root:19
Train: 0.4216531813144684 VAL: 0.4262469410896301
INFO:root:20
Train: 0.4006834328174591 VAL: 0.4180489778518677
INFO:root:21
Train: 0.39616525173187256 VAL: 0.41919735074043274
INFO:root:22
Train: 0.3937309980392456 VAL: 0.4194440245628357
INFO:root:23
Train: 0.3917107582092285 VAL: 0.4185863733291626
INFO:root:24
Train: 0.39619874954223633 VAL: 0.42959362268447876
INFO:root:25
Train: 0.4260596036911011 VAL: 0.4248138964176178
INFO:root:26
Train: 0.401276171207428 VAL: 0.43578439950942993
INFO:root:27
Train: 0.40825703740119934 VAL: 0.41786712408065796
INFO:root:28
Train: 0.40480971336364746 VAL: 0.45125478506088257
INFO:root:29
Train: 0.405193030834198 VAL: 0.4148618280887604
INFO:root:30
Train: 0.3886716961860657 VAL: 0.4153662621974945
INFO:root:31
Train: 0.40011462569236755 VAL: 0.41627782583236694
INFO:root:32
Train: 0.3938599228858948 VAL: 0.41485822200775146
INFO:root:33
Train: 0.38360831141471863 VAL: 0.42707061767578125
INFO:root:34
Train: 225.6332244873047 VAL: 17477.509765625
INFO:root:35
Train: 3360.310791015625 VAL: 9.240111351013184
INFO:root:36
Train: 4.09257698059082 VAL: 2.898306369781494
INFO:root:37
Train: 2.2400784492492676 VAL: 2.1176469326019287
INFO:root:38
Train: 1.9868555068969727 VAL: 2.138838052749634
INFO:root:39
Train: 1.5565946102142334 VAL: 1.4557209014892578
INFO:root:40
Train: 1.4765751361846924 VAL: 1.861312747001648
INFO:root:41
Train: 1.2407063245773315 VAL: 1.1755106449127197
INFO:root:42
Train: 1.170056700706482 VAL: 1.081235647201538
INFO:root:43
Train: 1.1450287103652954 VAL: 1.0245789289474487
INFO:root:44
Train: 1.1094304323196411 VAL: 1.1591691970825195
INFO:root:45
Train: 1.1746631860733032 VAL: 1.1229597330093384
INFO:root:46
Train: 1.1646777391433716 VAL: 1.3515480756759644
INFO:root:47
Train: 1.1565762758255005 VAL: 1.8696930408477783
INFO:root:48
Train: 1.2653321027755737 VAL: 1.1511707305908203
INFO:root:49
Train: 1.3538748025894165 VAL: 1.8697203397750854
INFO:root:50
Train: 1.2533594369888306 VAL: 1.929988980293274
INFO:root:51
Train: 1.3592766523361206 VAL: 2.0471372604370117
INFO:root:52
Train: 1.0920721292495728 VAL: 0.8026093244552612
INFO:root:53
Train: 0.9167895913124084 VAL: 0.793141782283783
INFO:root:54
Train: 0.8703969717025757 VAL: 0.7315564155578613
INFO:root:55
Train: 0.8314073085784912 VAL: 0.8038012981414795
INFO:root:56
Train: 0.8827738165855408 VAL: 0.7064923048019409
INFO:root:57
Train: 0.8142208456993103 VAL: 0.9149621725082397
INFO:root:58
Train: 0.7960525751113892 VAL: 0.8147932291030884
INFO:root:59
Train: 0.8968968987464905 VAL: 0.6603725552558899
INFO:root:60
Train: 0.763270378112793 VAL: 0.971375584602356
INFO:root:61
Train: 0.8239037990570068 VAL: 0.6577210426330566
INFO:root:62
Train: 0.8152944445610046 VAL: 0.6532385349273682
INFO:root:BEST VAL: 0.6532385349273682 TEST : 0.37349915504455566
