INFO:root:Namespace(quiet=False, run_id=None, config=None, epochs=200, fold=0, batch_size=128, learn_rate=0.001, betas=(0.9, 0.999), weight_decay=0.001, hidden_size=32, kernel_init='skew-symmetric', note='', seed=None, nlayers=2, attn_head=2, latent_dim=64, dataset='ushcn')
INFO:root:{'input_dim': 5, 'attn_head': 2, 'latent_dim': 64, 'n_layers': 2, 'device': device(type='cuda')}
INFO:root:1
Train: 0.6640799045562744 VAL: 0.6027185916900635
INFO:root:2
Train: 0.5391637682914734 VAL: 0.4602257311344147
INFO:root:3
Train: 0.4082610309123993 VAL: 0.42697006464004517
INFO:root:4
Train: 0.3677949607372284 VAL: 1.0176022052764893
INFO:root:5
Train: 0.33730390667915344 VAL: 0.4475163221359253
INFO:root:6
Train: 0.3363696336746216 VAL: 0.4580967128276825
INFO:root:7
Train: 0.3259846866130829 VAL: 0.8782253861427307
INFO:root:8
Train: 0.2992461621761322 VAL: 0.5102975368499756
INFO:root:9
Train: 0.31728363037109375 VAL: 0.43716761469841003
INFO:root:10
Train: 0.31486162543296814 VAL: 0.424511194229126
INFO:root:11
Train: 0.30977994203567505 VAL: 0.5021522045135498
INFO:root:12
Train: 0.29187774658203125 VAL: 0.42686086893081665
INFO:root:13
Train: 0.308517724275589 VAL: 0.37770968675613403
INFO:root:14
Train: 0.31271013617515564 VAL: 0.45618852972984314
INFO:root:15
Train: 0.3119565546512604 VAL: 0.40147000551223755
INFO:root:16
Train: 0.28974640369415283 VAL: 0.4213084876537323
INFO:root:17
Train: 0.3092328906059265 VAL: 0.3685893416404724
INFO:root:18
Train: 0.29294440150260925 VAL: 0.3804851770401001
INFO:root:19
Train: 0.30619558691978455 VAL: 0.5320389270782471
INFO:root:20
Train: 0.3078022301197052 VAL: 0.5090911388397217
INFO:root:21
Train: 0.29796507954597473 VAL: 0.4122764468193054
INFO:root:22
Train: 0.30871230363845825 VAL: 0.4776676893234253
INFO:root:23
Train: 0.28879183530807495 VAL: 0.486446738243103
INFO:root:24
Train: 0.3103869557380676 VAL: 0.46001899242401123
INFO:root:25
Train: 0.305428147315979 VAL: 0.4579905569553375
INFO:root:26
Train: 0.2898462116718292 VAL: 0.5057644844055176
INFO:root:27
Train: 0.30622598528862 VAL: 0.46301737427711487
INFO:root:28
Train: 0.3076084852218628 VAL: 0.4380987882614136
INFO:root:29
Train: 0.30327078700065613 VAL: 0.44122830033302307
INFO:root:30
Train: 0.2980695068836212 VAL: 0.457956463098526
INFO:root:31
Train: 0.29933544993400574 VAL: 0.4493448734283447
INFO:root:32
Train: 0.2954845130443573 VAL: 0.4563159942626953
INFO:root:33
Train: 0.2988944351673126 VAL: 0.4734989106655121
INFO:root:34
Train: 0.30056050419807434 VAL: 0.4318157434463501
INFO:root:35
Train: 0.29900988936424255 VAL: 0.4411824345588684
INFO:root:36
Train: 0.2964117228984833 VAL: 0.4528360664844513
INFO:root:37
Train: 0.3026585578918457 VAL: 0.4500925838947296
INFO:root:38
Train: 0.3009994328022003 VAL: 0.4463938772678375
INFO:root:39
Train: 0.2955307066440582 VAL: 0.4437098503112793
INFO:root:40
Train: 0.28906962275505066 VAL: 0.4560859799385071
INFO:root:41
Train: 0.28545716404914856 VAL: 0.4592391848564148
INFO:root:42
Train: 0.29896315932273865 VAL: 0.4455972909927368
INFO:root:43
Train: 0.29706239700317383 VAL: 0.43838196992874146
INFO:root:44
Train: 0.300264447927475 VAL: 0.43566587567329407
INFO:root:45
Train: 0.2996608316898346 VAL: 0.4405990242958069
INFO:root:46
Train: 0.2971392869949341 VAL: 0.44551917910575867
INFO:root:47
Train: 0.2957262694835663 VAL: 0.4498031437397003
INFO:root:BEST VAL: 0.4498031437397003 TEST : 0.24267889559268951
