INFO:root:Namespace(quiet=False, run_id=None, config=None, epochs=200, fold=4, batch_size=128, learn_rate=0.001, betas=(0.9, 0.999), weight_decay=0.001, hidden_size=32, kernel_init='skew-symmetric', note='', seed=None, nlayers=3, attn_head=1, latent_dim=32, dataset='ushcn')
INFO:root:{'input_dim': 5, 'attn_head': 1, 'latent_dim': 32, 'n_layers': 3, 'device': device(type='cuda')}
INFO:root:1
Train: 0.752955436706543 VAL: 0.4656115472316742
INFO:root:2
Train: 0.6075515151023865 VAL: 0.428992360830307
INFO:root:3
Train: 0.5174025893211365 VAL: 0.376198947429657
INFO:root:4
Train: 0.47843775153160095 VAL: 0.312669575214386
INFO:root:5
Train: 0.4013287127017975 VAL: 0.26016178727149963
INFO:root:6
Train: 0.34932807087898254 VAL: 0.23850592970848083
INFO:root:7
Train: 0.3361048400402069 VAL: 0.2349393367767334
INFO:root:8
Train: 0.3265942335128784 VAL: 0.23807808756828308
INFO:root:9
Train: 0.3178054094314575 VAL: 0.2376314401626587
INFO:root:10
Train: 0.31753912568092346 VAL: 0.22295549511909485
INFO:root:11
Train: 0.3284546434879303 VAL: 0.2233147770166397
INFO:root:12
Train: 0.3221159279346466 VAL: 0.21977631747722626
INFO:root:13
Train: 0.3139464557170868 VAL: 0.25140589475631714
INFO:root:14
Train: 0.31994396448135376 VAL: 0.2199188619852066
INFO:root:15
Train: 0.3214012682437897 VAL: 0.2208537608385086
INFO:root:16
Train: 0.3282482326030731 VAL: 0.21861502528190613
INFO:root:17
Train: 0.32247886061668396 VAL: 0.23580347001552582
INFO:root:18
Train: 0.31474921107292175 VAL: 0.22115066647529602
INFO:root:19
Train: 0.3240140974521637 VAL: 0.21792292594909668
INFO:root:20
Train: 0.3113562762737274 VAL: 0.22552812099456787
INFO:root:21
Train: 0.30950021743774414 VAL: 0.22378011047840118
INFO:root:22
Train: 0.31589457392692566 VAL: 0.2199472188949585
INFO:root:23
Train: 0.3137165307998657 VAL: 0.22379517555236816
INFO:root:24
Train: 0.30975911021232605 VAL: 0.21956901252269745
INFO:root:25
Train: 0.3129170835018158 VAL: 0.21808819472789764
INFO:root:26
Train: 0.2942942678928375 VAL: 0.22153471410274506
INFO:root:27
Train: 0.316102534532547 VAL: 0.22192420065402985
INFO:root:28
Train: 0.31723639369010925 VAL: 0.22098074853420258
INFO:root:29
Train: 0.31447872519493103 VAL: 0.2165706902742386
INFO:root:30
Train: 0.3108119070529938 VAL: 0.21682773530483246
INFO:root:31
Train: 0.3133998215198517 VAL: 0.23794430494308472
INFO:root:32
Train: 0.30976465344429016 VAL: 0.22576211392879486
INFO:root:33
Train: 0.3110198974609375 VAL: 0.21664640307426453
INFO:root:34
Train: 0.311189740896225 VAL: 0.22879065573215485
INFO:root:35
Train: 0.31438836455345154 VAL: 0.21966296434402466
INFO:root:36
Train: 0.31558898091316223 VAL: 0.21601203083992004
INFO:root:37
Train: 0.3157495856285095 VAL: 0.2187301218509674
INFO:root:38
Train: 0.2976588308811188 VAL: 0.21605347096920013
INFO:root:39
Train: 0.3092508018016815 VAL: 0.22034476697444916
INFO:root:40
Train: 0.3125564157962799 VAL: 0.21784335374832153
INFO:root:41
Train: 0.31114688515663147 VAL: 0.22074835002422333
INFO:root:42
Train: 0.3074210286140442 VAL: 0.228329598903656
INFO:root:43
Train: 0.30423280596733093 VAL: 0.24434611201286316
INFO:root:44
Train: 0.31355324387550354 VAL: 0.2165423184633255
INFO:root:45
Train: 0.313710480928421 VAL: 0.2147122472524643
INFO:root:46
Train: 0.312368243932724 VAL: 0.22466959059238434
INFO:root:47
Train: 0.3167945146560669 VAL: 0.22256150841712952
INFO:root:48
Train: 0.3050328493118286 VAL: 0.22068770229816437
INFO:root:49
Train: 0.295487642288208 VAL: 0.21962052583694458
INFO:root:50
Train: 0.3046603500843048 VAL: 0.21894793212413788
INFO:root:51
Train: 0.3092581033706665 VAL: 0.22877691686153412
INFO:root:52
Train: 0.31295934319496155 VAL: 0.21565890312194824
INFO:root:53
Train: 0.3069007098674774 VAL: 0.21612326800823212
INFO:root:54
Train: 0.3090214431285858 VAL: 0.23190759122371674
INFO:root:55
Train: 0.31884053349494934 VAL: 0.21863198280334473
INFO:root:56
Train: 0.2929007112979889 VAL: 0.21579459309577942
INFO:root:57
Train: 0.2879023253917694 VAL: 0.2247423231601715
INFO:root:58
Train: 0.30782172083854675 VAL: 0.21518632769584656
INFO:root:59
Train: 0.3085412085056305 VAL: 0.2200789600610733
INFO:root:60
Train: 0.30049362778663635 VAL: 0.2164068967103958
INFO:root:61
Train: 0.3068198561668396 VAL: 0.21717198193073273
INFO:root:62
Train: 0.2887306213378906 VAL: 0.21821562945842743
INFO:root:63
Train: 0.3045634329319 VAL: 0.21560117602348328
INFO:root:64
Train: 0.30013903975486755 VAL: 0.21888354420661926
INFO:root:65
Train: 0.2964225113391876 VAL: 0.21695439517498016
INFO:root:66
Train: 0.30351921916007996 VAL: 0.21677815914154053
INFO:root:67
Train: 0.3033526837825775 VAL: 0.2167336791753769
INFO:root:68
Train: 0.3080325126647949 VAL: 0.21905303001403809
INFO:root:69
Train: 0.30519601702690125 VAL: 0.2154916226863861
INFO:root:70
Train: 0.30555257201194763 VAL: 0.21515017747879028
INFO:root:71
Train: 0.3022231161594391 VAL: 0.21820949018001556
INFO:root:72
Train: 0.30427348613739014 VAL: 0.21736937761306763
INFO:root:73
Train: 0.304885596036911 VAL: 0.21622143685817719
INFO:root:74
Train: 0.3060365915298462 VAL: 0.2166440635919571
INFO:root:75
Train: 0.3062840700149536 VAL: 0.21737533807754517
INFO:root:BEST VAL: 0.21737533807754517 TEST : 0.2099524736404419
