INFO:root:Namespace(quiet=False, run_id=None, config=None, epochs=200, fold=1, batch_size=128, learn_rate=0.001, betas=(0.9, 0.999), weight_decay=0.001, hidden_size=32, kernel_init='skew-symmetric', note='', seed=None, nlayers=3, attn_head=4, latent_dim=128, dataset='ushcn')
INFO:root:{'input_dim': 5, 'attn_head': 4, 'latent_dim': 128, 'n_layers': 3, 'device': device(type='cuda')}
INFO:root:1
Train: 1.8556653261184692 VAL: 0.626152753829956
INFO:root:2
Train: 0.5759149193763733 VAL: 0.5384119153022766
INFO:root:3
Train: 0.4629335105419159 VAL: 0.46105286478996277
INFO:root:4
Train: 0.3884168565273285 VAL: 0.3581050932407379
INFO:root:5
Train: 0.342233806848526 VAL: 0.3644134998321533
INFO:root:6
Train: 0.3673957884311676 VAL: 0.3499377369880676
INFO:root:7
Train: 0.33972060680389404 VAL: 0.3551858365535736
INFO:root:8
Train: 0.30971306562423706 VAL: 0.33455246686935425
INFO:root:9
Train: 0.30599677562713623 VAL: 0.3353796601295471
INFO:root:10
Train: 0.2936398684978485 VAL: 0.3307035565376282
INFO:root:11
Train: 0.2893143594264984 VAL: 0.34129711985588074
INFO:root:12
Train: 0.2929375469684601 VAL: 0.3328791558742523
INFO:root:13
Train: 0.30042028427124023 VAL: 0.36810439825057983
INFO:root:14
Train: 0.30824485421180725 VAL: 0.3364538252353668
INFO:root:15
Train: 0.29129961133003235 VAL: 0.3441939651966095
INFO:root:16
Train: 0.28732791543006897 VAL: 0.3329787254333496
INFO:root:17
Train: 0.2842271029949188 VAL: 0.33733752369880676
INFO:root:18
Train: 0.2849486768245697 VAL: 0.33081528544425964
INFO:root:19
Train: 0.28885743021965027 VAL: 0.32814937829971313
INFO:root:20
Train: 0.2620679438114166 VAL: 0.33141371607780457
INFO:root:21
Train: 0.2841643989086151 VAL: 0.3281155824661255
INFO:root:22
Train: 0.27854296565055847 VAL: 0.33138933777809143
INFO:root:23
Train: 0.27077075839042664 VAL: 0.3260781764984131
INFO:root:24
Train: 0.28637251257896423 VAL: 0.32853958010673523
INFO:root:25
Train: 0.288478285074234 VAL: 0.32741522789001465
INFO:root:26
Train: 0.2672366201877594 VAL: 0.32830101251602173
INFO:root:27
Train: 0.28043630719184875 VAL: 0.3422980308532715
INFO:root:28
Train: 0.3072974979877472 VAL: 0.33827149868011475
INFO:root:29
Train: 0.28312304615974426 VAL: 0.3346276581287384
INFO:root:30
Train: 0.28092285990715027 VAL: 0.33482009172439575
INFO:root:31
Train: 0.2818059027194977 VAL: 0.33175399899482727
INFO:root:32
Train: 0.26388266682624817 VAL: 0.3291953206062317
INFO:root:33
Train: 0.28196021914482117 VAL: 0.32653096318244934
INFO:root:34
Train: 0.285391628742218 VAL: 0.3303520977497101
INFO:root:35
Train: 0.28939250111579895 VAL: 0.33106178045272827
INFO:root:36
Train: 0.258486807346344 VAL: 0.3392384946346283
INFO:root:37
Train: 0.28306400775909424 VAL: 0.33174824714660645
INFO:root:38
Train: 0.283975213766098 VAL: 0.3302116394042969
INFO:root:39
Train: 0.278577595949173 VAL: 0.32811594009399414
INFO:root:40
Train: 0.2767525613307953 VAL: 0.3252964913845062
INFO:root:41
Train: 0.2758851945400238 VAL: 0.3459780812263489
INFO:root:42
Train: 0.2798556685447693 VAL: 0.33579888939857483
INFO:root:43
Train: 0.26619231700897217 VAL: 0.33470165729522705
INFO:root:44
Train: 0.2784532606601715 VAL: 0.3245343565940857
INFO:root:45
Train: 0.2759803831577301 VAL: 0.33229029178619385
INFO:root:46
Train: 0.27930667996406555 VAL: 0.32581350207328796
INFO:root:47
Train: 0.2725192904472351 VAL: 0.32423561811447144
INFO:root:48
Train: 0.2777572572231293 VAL: 0.3382019102573395
INFO:root:49
Train: 0.274883896112442 VAL: 0.3248118460178375
INFO:root:50
Train: 0.27439746260643005 VAL: 0.32961902022361755
INFO:root:51
Train: 0.2665000557899475 VAL: 0.32685497403144836
INFO:root:52
Train: 0.2718302309513092 VAL: 0.3270445168018341
INFO:root:53
Train: 0.26944851875305176 VAL: 0.3247184753417969
INFO:root:54
Train: 0.2562483549118042 VAL: 0.3330686092376709
INFO:root:55
Train: 0.27005091309547424 VAL: 0.3247758150100708
INFO:root:56
Train: 0.2765522003173828 VAL: 0.3242749273777008
INFO:root:57
Train: 0.2735898792743683 VAL: 0.32643523812294006
INFO:root:58
Train: 0.2725611925125122 VAL: 0.32372593879699707
INFO:root:59
Train: 0.2665214538574219 VAL: 0.32661229372024536
INFO:root:60
Train: 0.27191779017448425 VAL: 0.32405346632003784
INFO:root:61
Train: 0.27229487895965576 VAL: 0.32397207617759705
INFO:root:62
Train: 0.2728358805179596 VAL: 0.32638853788375854
INFO:root:63
Train: 0.27279284596443176 VAL: 0.3274281919002533
INFO:root:64
Train: 0.2726406157016754 VAL: 0.3235853612422943
INFO:root:65
Train: 0.24931497871875763 VAL: 0.3308231234550476
INFO:root:66
Train: 0.2690516412258148 VAL: 0.3339719772338867
INFO:root:67
Train: 0.27208301424980164 VAL: 0.3273291289806366
INFO:root:68
Train: 0.25743862986564636 VAL: 0.3252418041229248
INFO:root:69
Train: 0.2574014663696289 VAL: 0.32525357604026794
INFO:root:70
Train: 0.2702527344226837 VAL: 0.33003106713294983
INFO:root:71
Train: 0.26850414276123047 VAL: 0.3234293460845947
INFO:root:72
Train: 0.2737976610660553 VAL: 0.3294276297092438
INFO:root:73
Train: 0.2803226411342621 VAL: 0.32669907808303833
INFO:root:74
Train: 0.2658299207687378 VAL: 0.32487767934799194
INFO:root:75
Train: 0.26700568199157715 VAL: 0.33387291431427
INFO:root:76
Train: 0.2669236361980438 VAL: 0.32712259888648987
INFO:root:77
Train: 0.2625732123851776 VAL: 0.32549285888671875
INFO:root:78
Train: 0.2735431492328644 VAL: 0.33050718903541565
INFO:root:79
Train: 0.2718115746974945 VAL: 0.32368308305740356
INFO:root:80
Train: 0.2714747190475464 VAL: 0.3252815008163452
INFO:root:81
Train: 0.26638564467430115 VAL: 0.32825198769569397
INFO:root:82
Train: 0.2695561945438385 VAL: 0.3287631571292877
INFO:root:83
Train: 0.270354688167572 VAL: 0.3245874345302582
INFO:root:84
Train: 0.2656687796115875 VAL: 0.3271196484565735
INFO:root:85
Train: 0.2634853720664978 VAL: 0.3242270052433014
INFO:root:86
Train: 0.26641416549682617 VAL: 0.3233336806297302
INFO:root:87
Train: 0.249646857380867 VAL: 0.3254517614841461
INFO:root:88
Train: 0.26889878511428833 VAL: 0.3240486979484558
INFO:root:89
Train: 0.2675846815109253 VAL: 0.3252289295196533
INFO:root:90
Train: 0.2517179250717163 VAL: 0.32392454147338867
INFO:root:91
Train: 0.25082242488861084 VAL: 0.3259468972682953
INFO:root:92
Train: 0.25783348083496094 VAL: 0.3235461115837097
INFO:root:93
Train: 0.2616998553276062 VAL: 0.3241100013256073
INFO:root:94
Train: 0.2646494209766388 VAL: 0.32348090410232544
INFO:root:95
Train: 0.26054316759109497 VAL: 0.3265755772590637
INFO:root:96
Train: 0.26772090792655945 VAL: 0.324725478887558
INFO:root:97
Train: 0.26597508788108826 VAL: 0.3268280327320099
INFO:root:98
Train: 0.263446182012558 VAL: 0.3236468434333801
INFO:root:99
Train: 0.26529207825660706 VAL: 0.3231573700904846
INFO:root:100
Train: 0.24705271422863007 VAL: 0.3259904384613037
INFO:root:101
Train: 0.2452433556318283 VAL: 0.3234858810901642
INFO:root:102
Train: 0.266806423664093 VAL: 0.32297754287719727
INFO:root:103
Train: 0.2681632936000824 VAL: 0.3253895938396454
INFO:root:104
Train: 0.2578212320804596 VAL: 0.3233617842197418
INFO:root:105
Train: 0.24345453083515167 VAL: 0.32437077164649963
INFO:root:106
Train: 0.26846733689308167 VAL: 0.32611212134361267
INFO:root:107
Train: 0.26044073700904846 VAL: 0.3232216238975525
INFO:root:108
Train: 0.2631937861442566 VAL: 0.325265109539032
INFO:root:109
Train: 0.2623327672481537 VAL: 0.3236564099788666
INFO:root:110
Train: 0.26060962677001953 VAL: 0.32563236355781555
INFO:root:111
Train: 0.26502206921577454 VAL: 0.32360926270484924
INFO:root:112
Train: 0.23122312128543854 VAL: 0.3253869414329529
INFO:root:113
Train: 0.2635178565979004 VAL: 0.3236955404281616
INFO:root:114
Train: 0.26237884163856506 VAL: 0.32380610704421997
INFO:root:115
Train: 0.2656356394290924 VAL: 0.32433977723121643
INFO:root:116
Train: 0.2596742510795593 VAL: 0.3238592743873596
INFO:root:117
Train: 0.25985273718833923 VAL: 0.3238260746002197
INFO:root:118
Train: 0.2510496973991394 VAL: 0.32467886805534363
INFO:root:119
Train: 0.24223525822162628 VAL: 0.32424429059028625
INFO:root:120
Train: 0.2611546814441681 VAL: 0.32361695170402527
INFO:root:121
Train: 0.2619358003139496 VAL: 0.3240918815135956
INFO:root:122
Train: 0.2577191889286041 VAL: 0.3247458338737488
INFO:root:123
Train: 0.2636675536632538 VAL: 0.32350343465805054
INFO:root:124
Train: 0.25384899973869324 VAL: 0.3244970142841339
INFO:root:125
Train: 0.2620346248149872 VAL: 0.3242166042327881
INFO:root:126
Train: 0.25289925932884216 VAL: 0.32384729385375977
INFO:root:127
Train: 0.2580309808254242 VAL: 0.32395756244659424
INFO:root:128
Train: 0.2648281753063202 VAL: 0.32424676418304443
INFO:root:129
Train: 0.26176008582115173 VAL: 0.32367855310440063
INFO:root:130
Train: 0.2556703984737396 VAL: 0.32360056042671204
INFO:root:131
Train: 0.24872983992099762 VAL: 0.32479560375213623
INFO:root:132
Train: 0.2583242356777191 VAL: 0.3245890736579895
INFO:root:BEST VAL: 0.3245890736579895 TEST : 0.24596479535102844
INFO:root:Namespace(quiet=False, run_id=None, config=None, epochs=200, fold=1, batch_size=64, learn_rate=0.001, betas=(0.9, 0.999), weight_decay=0.001, hidden_size=32, kernel_init='skew-symmetric', note='', seed=None, nlayers=3, attn_head=4, latent_dim=128, dataset='mimiciii')
INFO:root:{'input_dim': 96, 'attn_head': 4, 'latent_dim': 128, 'n_layers': 3, 'device': device(type='cuda')}
INFO:root:1
Train: 0.5842090845108032 VAL: 0.5614141225814819
INFO:root:2
Train: 0.45375770330429077 VAL: 0.47076424956321716
INFO:root:3
Train: 0.42564627528190613 VAL: 0.44274407625198364
INFO:root:4
Train: 0.411180317401886 VAL: 0.4280089735984802
INFO:root:5
Train: 0.40567195415496826 VAL: 0.4299781024456024
INFO:root:6
Train: 0.4650806486606598 VAL: 0.5438776016235352
INFO:root:7
Train: 0.42837655544281006 VAL: 0.42728951573371887
INFO:root:8
Train: 0.40266871452331543 VAL: 0.43118810653686523
INFO:root:9
Train: 0.4008694589138031 VAL: 0.4326057434082031
INFO:root:10
Train: 0.39266669750213623 VAL: 0.4148763418197632
INFO:root:11
Train: 0.3887617588043213 VAL: 0.4257599413394928
INFO:root:12
Train: 0.3864113986492157 VAL: 0.4155738353729248
INFO:root:13
Train: 0.38713088631629944 VAL: 0.4079417288303375
INFO:root:14
Train: 0.39109697937965393 VAL: 0.42070749402046204
INFO:root:15
Train: 0.3855711817741394 VAL: 0.4053334593772888
INFO:root:16
Train: 0.39647799730300903 VAL: 0.4349115490913391
INFO:root:17
Train: 0.3854551315307617 VAL: 0.4108731150627136
INFO:root:18
Train: 0.38230398297309875 VAL: 0.40384936332702637
INFO:root:19
Train: 0.43750372529029846 VAL: 4.654053688049316
INFO:root:20
Train: 0.5178150534629822 VAL: 0.435690313577652
INFO:root:21
Train: 0.39413776993751526 VAL: 0.41850972175598145
INFO:root:22
Train: 0.38619258999824524 VAL: 0.4105987250804901
INFO:root:23
Train: 0.3767835199832916 VAL: 0.4076147675514221
INFO:root:24
Train: 0.37011367082595825 VAL: 0.3974230885505676
INFO:root:25
Train: 0.3729604482650757 VAL: 0.4185778498649597
INFO:root:26
Train: 0.37013232707977295 VAL: 0.40901339054107666
INFO:root:27
Train: 0.3661513030529022 VAL: 0.4075101912021637
INFO:root:28
Train: 0.36590415239334106 VAL: 0.3991687297821045
INFO:root:29
Train: 0.3636547923088074 VAL: 0.39899542927742004
INFO:root:30
Train: 0.38835611939430237 VAL: 0.4014902412891388
INFO:root:31
Train: 0.3757769763469696 VAL: 0.4495895206928253
INFO:root:32
Train: 0.5290342569351196 VAL: 2.632988452911377
INFO:root:33
Train: 1.0555757284164429 VAL: 0.9480091333389282
INFO:root:34
Train: 0.4923444390296936 VAL: 0.44695568084716797
INFO:root:35
Train: 0.4081151783466339 VAL: 0.4239497184753418
INFO:root:36
Train: 0.38913872838020325 VAL: 0.41211795806884766
INFO:root:37
Train: 0.38569027185440063 VAL: 0.4087040424346924
INFO:root:38
Train: 0.38219308853149414 VAL: 0.4087440073490143
INFO:root:39
Train: 0.38041409850120544 VAL: 0.41085541248321533
INFO:root:40
Train: 0.37890347838401794 VAL: 0.4116801619529724
INFO:root:41
Train: 0.3754374086856842 VAL: 0.40284863114356995
INFO:root:42
Train: 0.37284088134765625 VAL: 0.4060734808444977
INFO:root:43
Train: 0.3723004460334778 VAL: 0.4055776298046112
INFO:root:44
Train: 0.36901018023490906 VAL: 0.40744709968566895
INFO:root:45
Train: 0.3683774173259735 VAL: 0.40045538544654846
INFO:root:46
Train: 0.3682582974433899 VAL: 0.3996518552303314
INFO:root:47
Train: 0.3612395226955414 VAL: 0.3967863619327545
INFO:root:48
Train: 0.3583490252494812 VAL: 0.3984380066394806
INFO:root:49
Train: 0.3552466332912445 VAL: 0.39799177646636963
INFO:root:50
Train: 0.35402336716651917 VAL: 0.40227583050727844
INFO:root:51
Train: 0.3551047742366791 VAL: 0.4010795056819916
INFO:root:52
Train: 0.3531830608844757 VAL: 0.40643900632858276
INFO:root:53
Train: 0.3503466844558716 VAL: 0.3979414701461792
INFO:root:54
Train: 0.34815654158592224 VAL: 0.40310603380203247
INFO:root:55
Train: 0.35655781626701355 VAL: 0.4209219515323639
INFO:root:56
Train: 0.3564273416996002 VAL: 0.3999785780906677
INFO:root:57
Train: 0.34974896907806396 VAL: 0.4021212160587311
INFO:root:58
Train: 0.34869715571403503 VAL: 0.40006279945373535
INFO:root:59
Train: 0.34660691022872925 VAL: 0.3912011384963989
INFO:root:60
Train: 0.33931034803390503 VAL: 0.3906084895133972
INFO:root:61
Train: 0.335382878780365 VAL: 0.39488497376441956
INFO:root:62
Train: 0.33275657892227173 VAL: 0.39625364542007446
INFO:root:63
Train: 0.3291015028953552 VAL: 0.3957730829715729
INFO:root:64
Train: 0.3247532546520233 VAL: 0.39779871702194214
INFO:root:65
Train: 0.3256237804889679 VAL: 0.3992256224155426
INFO:root:66
Train: 0.32717910408973694 VAL: 0.40425652265548706
INFO:root:67
Train: 0.31883153319358826 VAL: 0.40777522325515747
INFO:root:68
Train: 0.3173243999481201 VAL: 0.4023594856262207
INFO:root:69
Train: 0.3140893280506134 VAL: 0.4075571298599243
INFO:root:70
Train: 0.3175507187843323 VAL: 0.3993369936943054
INFO:root:71
Train: 0.31546440720558167 VAL: 0.4066891372203827
INFO:root:72
Train: 0.3028334379196167 VAL: 0.4012770652770996
INFO:root:73
Train: 0.30020275712013245 VAL: 0.40697935223579407
INFO:root:74
Train: 0.2964727282524109 VAL: 0.41179776191711426
INFO:root:75
Train: 0.2934630513191223 VAL: 0.4156481921672821
INFO:root:76
Train: 0.2947489321231842 VAL: 0.4190230965614319
INFO:root:77
Train: 0.2904517948627472 VAL: 0.42033320665359497
INFO:root:78
Train: 0.28764399886131287 VAL: 0.41097110509872437
INFO:root:79
Train: 0.28666847944259644 VAL: 0.41240328550338745
INFO:root:80
Train: 0.285476952791214 VAL: 0.4194592833518982
INFO:root:81
Train: 0.2812981605529785 VAL: 0.4310504198074341
INFO:root:82
Train: 0.27884525060653687 VAL: 0.41893070936203003
INFO:root:83
Train: 0.27296164631843567 VAL: 0.42303580045700073
INFO:root:84
Train: 0.27203476428985596 VAL: 0.42183107137680054
INFO:root:85
Train: 0.269904762506485 VAL: 0.43177443742752075
INFO:root:86
Train: 0.2675855755805969 VAL: 0.42789387702941895
INFO:root:87
Train: 0.2682281732559204 VAL: 0.43072420358657837
INFO:root:88
Train: 0.2666519284248352 VAL: 0.4326573312282562
INFO:root:Namespace(quiet=False, run_id=None, config=None, epochs=200, fold=1, batch_size=64, learn_rate=0.001, betas=(0.9, 0.999), weight_decay=0.001, hidden_size=32, kernel_init='skew-symmetric', note='', seed=None, nlayers=3, attn_head=4, latent_dim=128, dataset='mimiciii')
INFO:root:{'input_dim': 96, 'attn_head': 4, 'latent_dim': 128, 'n_layers': 3, 'device': device(type='cuda')}
INFO:root:1
Train: 0.5730867981910706 VAL: 0.4901679754257202
INFO:root:2
Train: 0.4533088505268097 VAL: 0.49285048246383667
INFO:root:3
Train: 0.4429274797439575 VAL: 0.43899399042129517
INFO:root:4
Train: 0.42106008529663086 VAL: 0.42967885732650757
INFO:root:5
Train: 0.40735936164855957 VAL: 0.4267982542514801
INFO:root:6
Train: 0.9160217642784119 VAL: 0.4401676654815674
INFO:root:7
Train: 0.4142298698425293 VAL: 0.4283193349838257
INFO:root:8
Train: 0.4075188636779785 VAL: 0.4211859107017517
INFO:root:9
Train: 0.3986337184906006 VAL: 0.41969743371009827
INFO:root:10
Train: 0.4029896855354309 VAL: 0.4181503355503082
INFO:root:11
Train: 0.3984921872615814 VAL: 0.4122782349586487
INFO:root:12
Train: 0.3893522620201111 VAL: 0.43384766578674316
INFO:root:13
Train: 0.3939972221851349 VAL: 0.4125525951385498
INFO:root:14
Train: 0.3885217308998108 VAL: 0.41096031665802
INFO:root:15
Train: 0.39841970801353455 VAL: 0.42842230200767517
INFO:root:16
Train: 0.39607152342796326 VAL: 0.410495400428772
INFO:root:17
Train: 0.42858022451400757 VAL: 0.4104633927345276
INFO:root:18
Train: 0.39543840289115906 VAL: 0.41029560565948486
INFO:root:19
Train: 0.40221378207206726 VAL: 0.5841034650802612
INFO:root:20
Train: 0.41175463795661926 VAL: 0.41515856981277466
INFO:root:21
Train: 0.40512558817863464 VAL: 0.43387940526008606
INFO:root:22
Train: 0.3909168541431427 VAL: 0.4127196669578552
INFO:root:23
Train: 0.3902781307697296 VAL: 0.4156802296638489
INFO:root:24
Train: 0.4029929041862488 VAL: 0.41970425844192505
INFO:root:25
Train: 0.3956933617591858 VAL: 0.4224751889705658
INFO:root:26
Train: 0.3864646852016449 VAL: 0.40276312828063965
INFO:root:27
Train: 0.3836894929409027 VAL: 0.40463751554489136
INFO:root:28
Train: 0.37851911783218384 VAL: 0.40212324261665344
INFO:root:29
Train: 0.37567138671875 VAL: 0.3979146480560303
INFO:root:30
Train: 0.377546101808548 VAL: 0.3964461386203766
INFO:root:31
Train: 0.3769114315509796 VAL: 0.42009979486465454
INFO:root:32
Train: 0.3826574683189392 VAL: 0.39473673701286316
INFO:root:33
Train: 0.3727596402168274 VAL: 0.41990166902542114
INFO:root:34
Train: 0.37432509660720825 VAL: 0.39549362659454346
