INFO:root:Namespace(quiet=False, run_id=None, config=None, epochs=200, fold=0, batch_size=64, learn_rate=0.001, betas=(0.9, 0.999), weight_decay=0.001, hidden_size=32, kernel_init='skew-symmetric', note='', seed=None, nlayers=2, attn_head=1, latent_dim=32, dataset='mimiciii')
INFO:root:{'input_dim': 96, 'attn_head': 1, 'latent_dim': 32, 'n_layers': 2, 'device': device(type='cuda')}
INFO:root:1
Train: 0.5815932154655457 VAL: 0.5263673067092896
INFO:root:2
Train: 0.4812929928302765 VAL: 0.4738432765007019
INFO:root:3
Train: 0.4594555199146271 VAL: 0.470699667930603
INFO:root:4
Train: 0.4368884861469269 VAL: 0.4554261863231659
INFO:root:5
Train: 0.4236997961997986 VAL: 0.45227372646331787
INFO:root:6
Train: 0.41853585839271545 VAL: 0.43621569871902466
INFO:root:7
Train: 0.4139653742313385 VAL: 0.4342292547225952
INFO:root:8
Train: 0.4081287384033203 VAL: 0.44677770137786865
INFO:root:9
Train: 0.40636155009269714 VAL: 0.43393951654434204
INFO:root:10
Train: 0.4029735028743744 VAL: 0.422798216342926
INFO:root:11
Train: 0.3995858430862427 VAL: 0.4168832302093506
INFO:root:12
Train: 0.39593011140823364 VAL: 0.4240817427635193
INFO:root:13
Train: 0.39570826292037964 VAL: 0.41414862871170044
INFO:root:14
Train: 0.3903197646141052 VAL: 0.41957587003707886
INFO:root:15
Train: 0.3943416178226471 VAL: 0.42188483476638794
INFO:root:16
Train: 0.3967731297016144 VAL: 0.43070513010025024
INFO:root:17
Train: 0.3954513669013977 VAL: 0.4159782826900482
INFO:root:18
Train: 0.3872961699962616 VAL: 0.4055633544921875
INFO:root:19
Train: 0.39054161310195923 VAL: 0.4271154999732971
INFO:root:20
Train: 0.3866747319698334 VAL: 0.41793930530548096
INFO:root:21
Train: 0.38223299384117126 VAL: 0.4050307869911194
INFO:root:22
Train: 0.3812103271484375 VAL: 0.4050726890563965
INFO:root:23
Train: 0.3789779841899872 VAL: 0.4094468951225281
INFO:root:24
Train: 0.3803776204586029 VAL: 0.40454021096229553
INFO:root:25
Train: 0.37625643610954285 VAL: 0.4012589454650879
INFO:root:26
Train: 0.3793746829032898 VAL: 0.40178173780441284
INFO:root:27
Train: 0.3781488239765167 VAL: 0.4121359586715698
INFO:root:28
Train: 0.38792455196380615 VAL: 0.42238110303878784
INFO:root:29
Train: 0.3916555941104889 VAL: 0.4078460931777954
INFO:root:30
Train: 0.37843605875968933 VAL: 0.40538057684898376
INFO:root:31
Train: 0.3752440810203552 VAL: 0.4158886671066284
INFO:root:32
Train: 0.37189435958862305 VAL: 0.4086434245109558
INFO:root:33
Train: 0.3658871650695801 VAL: 0.3982401490211487
INFO:root:34
Train: 0.36554041504859924 VAL: 0.39318978786468506
INFO:root:35
Train: 0.3638240396976471 VAL: 0.3964107632637024
INFO:root:36
Train: 0.366346150636673 VAL: 0.40876704454421997
INFO:root:37
Train: 0.36901038885116577 VAL: 0.4048190414905548
INFO:root:38
Train: 0.36704882979393005 VAL: 0.40387699007987976
INFO:root:39
Train: 0.372854620218277 VAL: 0.43465274572372437
INFO:root:40
Train: 0.38256019353866577 VAL: 0.40156665444374084
INFO:root:41
Train: 0.37380021810531616 VAL: 0.39865612983703613
INFO:root:42
Train: 0.374205082654953 VAL: 0.39674609899520874
INFO:root:43
Train: 0.3597549796104431 VAL: 0.3909713625907898
INFO:root:44
Train: 0.3579268753528595 VAL: 0.3930490016937256
INFO:root:45
Train: 0.3555401563644409 VAL: 0.3920648694038391
INFO:root:46
Train: 0.3571178913116455 VAL: 0.38856297731399536
INFO:root:47
Train: 0.35600030422210693 VAL: 0.3900856077671051
INFO:root:48
Train: 0.3527085781097412 VAL: 0.3894544839859009
INFO:root:49
Train: 0.352215975522995 VAL: 0.3902798891067505
INFO:root:50
Train: 0.3524291217327118 VAL: 0.39350613951683044
INFO:root:51
Train: 0.35292890667915344 VAL: 0.3966020345687866
INFO:root:52
Train: 0.3516600430011749 VAL: 0.3915947377681732
INFO:root:53
Train: 0.3629247844219208 VAL: 0.4039130210876465
INFO:root:54
Train: 0.3642478287220001 VAL: 0.39222463965415955
INFO:root:55
Train: 0.35310015082359314 VAL: 0.39578181505203247
INFO:root:56
Train: 0.3492785394191742 VAL: 0.38820064067840576
INFO:root:57
Train: 0.3478257358074188 VAL: 0.3871273100376129
INFO:root:58
Train: 0.34746989607810974 VAL: 0.38615989685058594
INFO:root:59
Train: 0.34515294432640076 VAL: 0.38897791504859924
INFO:root:60
Train: 0.3446246385574341 VAL: 0.3901575207710266
INFO:root:61
Train: 0.34312906861305237 VAL: 0.3869541585445404
INFO:root:62
Train: 0.3434339165687561 VAL: 0.39213117957115173
INFO:root:63
Train: 0.3592703640460968 VAL: 0.39173585176467896
INFO:root:64
Train: 0.3467370867729187 VAL: 0.39048486948013306
INFO:root:65
Train: 0.3574122488498688 VAL: 0.3897998034954071
INFO:root:66
Train: 0.3592982888221741 VAL: 0.3911808431148529
INFO:root:67
Train: 0.3530079424381256 VAL: 0.3888101577758789
INFO:root:68
Train: 0.3417495787143707 VAL: 0.3866289258003235
INFO:root:69
Train: 0.3420198857784271 VAL: 0.3885132670402527
INFO:root:70
Train: 0.33686596155166626 VAL: 0.3825022876262665
INFO:root:71
Train: 0.3329821527004242 VAL: 0.3822462558746338
INFO:root:72
Train: 0.3310296833515167 VAL: 0.38280290365219116
INFO:root:73
Train: 0.3315182626247406 VAL: 0.381379634141922
INFO:root:74
Train: 0.32912909984588623 VAL: 0.3871774673461914
INFO:root:75
Train: 0.3283698856830597 VAL: 0.38311511278152466
INFO:root:76
Train: 0.32609182596206665 VAL: 0.3831540048122406
INFO:root:77
Train: 0.3323296010494232 VAL: 0.3846312165260315
INFO:root:78
Train: 0.33142760396003723 VAL: 0.3881138861179352
INFO:root:79
Train: 0.3257993757724762 VAL: 0.38993632793426514
INFO:root:80
Train: 0.32728588581085205 VAL: 0.38687336444854736
INFO:root:81
Train: 0.3259982168674469 VAL: 0.3867069482803345
INFO:root:82
Train: 0.3237760365009308 VAL: 0.384624183177948
INFO:root:83
Train: 0.3227233290672302 VAL: 0.3860321044921875
INFO:root:84
Train: 0.3213856518268585 VAL: 0.38886409997940063
INFO:root:85
Train: 0.3187393844127655 VAL: 0.3855881690979004
INFO:root:86
Train: 0.3157181739807129 VAL: 0.38639330863952637
INFO:root:87
Train: 0.31611108779907227 VAL: 0.3881687521934509
INFO:root:88
Train: 0.31564861536026 VAL: 0.38603663444519043
INFO:root:89
Train: 0.3152390122413635 VAL: 0.3878523111343384
INFO:root:90
Train: 0.3165051341056824 VAL: 0.38900312781333923
INFO:root:91
Train: 0.31388989090919495 VAL: 0.38647234439849854
INFO:root:92
Train: 0.3126695156097412 VAL: 0.38857781887054443
INFO:root:93
Train: 0.31349337100982666 VAL: 0.3870057463645935
INFO:root:94
Train: 0.3128007650375366 VAL: 0.38823363184928894
INFO:root:95
Train: 0.31442874670028687 VAL: 0.38725918531417847
INFO:root:96
Train: 0.30923810601234436 VAL: 0.38825392723083496
INFO:root:97
Train: 0.3086531162261963 VAL: 0.38829922676086426
INFO:root:98
Train: 0.30981209874153137 VAL: 0.38847610354423523
INFO:root:99
Train: 0.3084295392036438 VAL: 0.3881818354129791
INFO:root:100
Train: 0.3080766499042511 VAL: 0.3892356753349304
INFO:root:101
Train: 0.3066849410533905 VAL: 0.3874760568141937
INFO:root:102
Train: 0.30805978178977966 VAL: 0.3885800838470459
INFO:root:103
Train: 0.30783897638320923 VAL: 0.3891383111476898
INFO:root:BEST VAL: 0.3891383111476898 TEST : 0.3475455045700073
INFO:root:Namespace(quiet=False, run_id=None, config=None, epochs=200, fold=0, batch_size=64, learn_rate=0.001, betas=(0.9, 0.999), weight_decay=0.001, hidden_size=32, kernel_init='skew-symmetric', note='', seed=None, nlayers=2, attn_head=1, latent_dim=32, dataset='mimiciii')
INFO:root:{'input_dim': 96, 'attn_head': 1, 'latent_dim': 32, 'n_layers': 2, 'device': device(type='cuda')}
INFO:root:1
Train: 0.5741037130355835 VAL: 0.5422385931015015
INFO:root:2
Train: 0.47073718905448914 VAL: 0.5144287347793579
INFO:root:3
Train: 0.4495869278907776 VAL: 0.45807772874832153
INFO:root:4
Train: 0.4411420524120331 VAL: 0.4507506489753723
INFO:root:5
Train: 0.4407487213611603 VAL: 0.44376233220100403
INFO:root:6
Train: 0.42806437611579895 VAL: 0.45086148381233215
INFO:root:7
Train: 0.4156457781791687 VAL: 0.439224511384964
INFO:root:8
Train: 0.4123983681201935 VAL: 0.42664772272109985
INFO:root:9
Train: 0.40100356936454773 VAL: 0.4217402935028076
INFO:root:10
Train: 0.4003402292728424 VAL: 0.42185404896736145
INFO:root:11
Train: 0.3995320796966553 VAL: 0.418224036693573
INFO:root:12
Train: 0.3938906788825989 VAL: 0.4138062000274658
INFO:root:13
Train: 0.39311039447784424 VAL: 0.4124804139137268
INFO:root:14
Train: 0.39080318808555603 VAL: 0.41509222984313965
INFO:root:15
Train: 0.38685479760169983 VAL: 0.4147297739982605
INFO:root:16
Train: 0.3913954794406891 VAL: 0.4099329710006714
INFO:root:17
Train: 0.38623008131980896 VAL: 0.41042059659957886
INFO:root:18
Train: 0.3871098458766937 VAL: 0.4120468497276306
INFO:root:19
Train: 0.39192211627960205 VAL: 0.4095177948474884
INFO:root:20
Train: 0.3845072388648987 VAL: 0.4098320007324219
INFO:root:21
Train: 0.38420820236206055 VAL: 0.4031931161880493
INFO:root:22
Train: 0.38499972224235535 VAL: 0.413521409034729
INFO:root:23
Train: 0.38328051567077637 VAL: 0.4192735254764557
INFO:root:24
Train: 0.3925052285194397 VAL: 0.4374733865261078
INFO:root:25
Train: 0.4184786379337311 VAL: 0.4108045697212219
INFO:root:26
Train: 0.391586035490036 VAL: 0.40574830770492554
INFO:root:27
Train: 0.38470450043678284 VAL: 0.4089336395263672
INFO:root:28
Train: 0.3826236128807068 VAL: 0.4072374701499939
INFO:root:29
Train: 0.39257413148880005 VAL: 0.4093701243400574
INFO:root:30
Train: 0.38339856266975403 VAL: 0.40603286027908325
INFO:root:31
Train: 0.4332144856452942 VAL: 0.4136958122253418
INFO:root:32
Train: 0.3885144591331482 VAL: 0.40650635957717896
INFO:root:33
Train: 0.37711432576179504 VAL: 0.40178677439689636
INFO:root:34
Train: 0.375408411026001 VAL: 0.3999558091163635
INFO:root:35
Train: 0.3782256841659546 VAL: 0.4012678861618042
INFO:root:36
Train: 0.372979074716568 VAL: 0.40168341994285583
INFO:root:37
Train: 0.3723164200782776 VAL: 0.3992196321487427
INFO:root:38
Train: 0.372211754322052 VAL: 0.39819490909576416
INFO:root:39
Train: 0.36946094036102295 VAL: 0.4006229639053345
INFO:root:40
Train: 0.36892035603523254 VAL: 0.39984914660453796
INFO:root:41
Train: 0.37280452251434326 VAL: 0.39856284856796265
INFO:root:42
Train: 0.3692886531352997 VAL: 0.3986268937587738
INFO:root:43
Train: 0.3678298592567444 VAL: 0.40307551622390747
INFO:root:44
Train: 0.3687755763530731 VAL: 0.3971737027168274
INFO:root:45
Train: 0.36626628041267395 VAL: 0.3969470262527466
INFO:root:46
Train: 0.3636118173599243 VAL: 0.395365834236145
INFO:root:47
Train: 0.36639824509620667 VAL: 0.3966372609138489
INFO:root:48
Train: 0.3657117784023285 VAL: 0.39395105838775635
INFO:root:49
Train: 0.36284950375556946 VAL: 0.3955903649330139
INFO:root:50
Train: 0.36467480659484863 VAL: 0.3977448344230652
INFO:root:51
Train: 0.36365175247192383 VAL: 0.3931494653224945
INFO:root:52
Train: 0.3613162636756897 VAL: 0.39010459184646606
INFO:root:53
Train: 0.36298274993896484 VAL: 0.39815521240234375
INFO:root:54
Train: 0.3605673015117645 VAL: 0.39125701785087585
INFO:root:55
Train: 0.35920393466949463 VAL: 0.39969709515571594
INFO:root:56
Train: 0.3595094680786133 VAL: 0.39298081398010254
INFO:root:57
Train: 0.3580653965473175 VAL: 0.40083426237106323
INFO:root:58
Train: 0.3596048057079315 VAL: 0.40118253231048584
INFO:root:59
Train: 0.36497315764427185 VAL: 0.3948114812374115
INFO:root:60
Train: 0.3598898947238922 VAL: 0.3980800211429596
INFO:root:61
Train: 0.35915085673332214 VAL: 0.3935624957084656
INFO:root:62
Train: 0.3560279607772827 VAL: 0.39245831966400146
INFO:root:63
Train: 0.3560457229614258 VAL: 0.39398860931396484
INFO:root:64
Train: 0.3512529730796814 VAL: 0.39119741320610046
INFO:root:65
Train: 0.34936127066612244 VAL: 0.39019009470939636
INFO:root:66
Train: 0.35171714425086975 VAL: 0.391564279794693
INFO:root:67
Train: 0.34763309359550476 VAL: 0.3917122483253479
INFO:root:68
Train: 0.3473706543445587 VAL: 0.3926299810409546
INFO:root:69
Train: 0.3469051122665405 VAL: 0.3888928294181824
INFO:root:70
Train: 0.3471197783946991 VAL: 0.38987743854522705
INFO:root:71
Train: 0.34693247079849243 VAL: 0.39367902278900146
INFO:root:72
Train: 0.3460790812969208 VAL: 0.39222458004951477
INFO:root:73
Train: 0.34641459584236145 VAL: 0.3932778835296631
INFO:root:74
Train: 0.3444356918334961 VAL: 0.39217090606689453
INFO:root:75
Train: 0.34533998370170593 VAL: 0.3927731513977051
INFO:root:76
Train: 0.34422677755355835 VAL: 0.39031821489334106
INFO:root:77
Train: 0.34266945719718933 VAL: 0.3913635313510895
INFO:root:78
Train: 0.3430759310722351 VAL: 0.3897804021835327
INFO:root:79
Train: 0.343923419713974 VAL: 0.38914230465888977
INFO:root:80
Train: 0.34250470995903015 VAL: 0.39116325974464417
INFO:root:81
Train: 0.3402237296104431 VAL: 0.388530969619751
INFO:root:82
Train: 0.33871984481811523 VAL: 0.3890150189399719
INFO:root:83
Train: 0.3406504690647125 VAL: 0.3897053003311157
INFO:root:84
Train: 0.3394377827644348 VAL: 0.3911806344985962
INFO:root:85
Train: 0.33615508675575256 VAL: 0.3903270363807678
INFO:root:86
Train: 0.3363683819770813 VAL: 0.3900790214538574
INFO:root:87
Train: 0.33903732895851135 VAL: 0.3904871344566345
INFO:root:88
Train: 0.3378184735774994 VAL: 0.39000970125198364
INFO:root:89
Train: 0.336161345243454 VAL: 0.39082998037338257
INFO:root:90
Train: 0.33710694313049316 VAL: 0.3901480734348297
INFO:root:91
Train: 0.33727777004241943 VAL: 0.39068835973739624
INFO:root:92
Train: 0.33503544330596924 VAL: 0.390165239572525
INFO:root:93
Train: 0.33498093485832214 VAL: 0.3901618719100952
INFO:root:94
Train: 0.3355880081653595 VAL: 0.3902122378349304
INFO:root:95
Train: 0.3339121639728546 VAL: 0.39023199677467346
INFO:root:96
Train: 0.33449405431747437 VAL: 0.3908989727497101
INFO:root:97
Train: 0.33404263854026794 VAL: 0.39047086238861084
INFO:root:98
Train: 0.334334135055542 VAL: 0.39000123739242554
INFO:root:99
Train: 0.33362877368927 VAL: 0.3905503451824188
INFO:root:100
Train: 0.33305567502975464 VAL: 0.39175233244895935
INFO:root:101
Train: 0.33326056599617004 VAL: 0.3904685378074646
INFO:root:102
Train: 0.3322467803955078 VAL: 0.39043161273002625
INFO:root:103
Train: 0.33429327607154846 VAL: 0.3899195194244385
INFO:root:104
Train: 0.33363965153694153 VAL: 0.3905624747276306
INFO:root:105
Train: 0.33180198073387146 VAL: 0.3911468982696533
INFO:root:106
Train: 0.3324359953403473 VAL: 0.39043664932250977
INFO:root:107
Train: 0.33374321460723877 VAL: 0.3911687135696411
INFO:root:108
Train: 0.3330022692680359 VAL: 0.3901381194591522
INFO:root:109
Train: 0.33328819274902344 VAL: 0.39057657122612
INFO:root:110
Train: 0.3321128487586975 VAL: 0.3904916048049927
INFO:root:111
Train: 0.33160436153411865 VAL: 0.390508234500885
INFO:root:Namespace(quiet=False, run_id=None, config=None, epochs=200, fold=0, batch_size=64, learn_rate=0.001, betas=(0.9, 0.999), weight_decay=0.001, hidden_size=32, kernel_init='skew-symmetric', note='', seed=None, nlayers=2, attn_head=1, latent_dim=32, dataset='mimiciii')
INFO:root:{'input_dim': 96, 'attn_head': 1, 'latent_dim': 32, 'n_layers': 2, 'device': device(type='cuda')}
INFO:root:1
Train: 0.5985909104347229 VAL: 0.5478569269180298
INFO:root:2
Train: 0.5246711373329163 VAL: 0.506427526473999
INFO:root:3
Train: 0.4752933979034424 VAL: 0.4686545729637146
INFO:root:4
Train: 0.450224369764328 VAL: 0.45429039001464844
INFO:root:5
Train: 0.43483489751815796 VAL: 0.44711488485336304
INFO:root:6
Train: 0.43056848645210266 VAL: 0.4457545578479767
INFO:root:7
Train: 0.42649805545806885 VAL: 0.4399600028991699
INFO:root:8
Train: 0.41593441367149353 VAL: 0.4333506226539612
INFO:root:9
Train: 0.41019922494888306 VAL: 0.4285100996494293
INFO:root:10
Train: 0.4051770269870758 VAL: 0.42715078592300415
INFO:root:11
Train: 0.4037891924381256 VAL: 0.4249088168144226
INFO:root:12
Train: 0.40754878520965576 VAL: 0.42326828837394714
INFO:root:13
Train: 0.40518954396247864 VAL: 0.418942928314209
INFO:root:14
Train: 0.3949839174747467 VAL: 0.4232654869556427
INFO:root:15
Train: 0.3914085626602173 VAL: 0.41449010372161865
INFO:root:16
Train: 0.3893607258796692 VAL: 0.4149618148803711
INFO:root:17
Train: 0.39194256067276 VAL: 0.4119284749031067
INFO:root:18
Train: 0.3877458870410919 VAL: 0.40879446268081665
INFO:root:19
Train: 0.4071379601955414 VAL: 0.4167743921279907
INFO:root:20
Train: 0.3881226181983948 VAL: 0.41146573424339294
INFO:root:21
Train: 0.3863069415092468 VAL: 0.4154026210308075
INFO:root:22
Train: 0.38636514544487 VAL: 0.41062769293785095
INFO:root:23
Train: 0.3828293979167938 VAL: 0.41280490159988403
INFO:root:24
Train: 0.38073626160621643 VAL: 0.41037803888320923
INFO:root:25
Train: 0.3817239999771118 VAL: 0.4078090190887451
INFO:root:26
Train: 0.3851911127567291 VAL: 0.4100837707519531
INFO:root:27
Train: 0.3789413273334503 VAL: 0.4144003987312317
INFO:root:28
Train: 0.3991492986679077 VAL: 0.41223281621932983
INFO:root:29
Train: 0.3880230486392975 VAL: 0.427498996257782
INFO:root:30
Train: 0.3892436921596527 VAL: 0.4073197841644287
INFO:root:31
Train: 0.3822600245475769 VAL: 0.4102158546447754
INFO:root:32
Train: 0.38657987117767334 VAL: 0.4124293029308319
INFO:root:33
Train: 0.3864123523235321 VAL: 0.4063969850540161
INFO:root:34
Train: 0.3816714882850647 VAL: 0.4070960283279419
INFO:root:35
Train: 0.3737601935863495 VAL: 0.40620866417884827
INFO:root:36
Train: 0.39808720350265503 VAL: 0.39943909645080566
INFO:root:37
Train: 0.3752588927745819 VAL: 0.4016072154045105
INFO:root:38
Train: 0.3857327699661255 VAL: 0.4004358649253845
INFO:root:39
Train: 0.37879806756973267 VAL: 0.41352689266204834
INFO:root:40
Train: 0.3698540925979614 VAL: 0.3979912996292114
INFO:root:41
Train: 0.36988165974617004 VAL: 0.4101048409938812
INFO:root:42
Train: 0.37106847763061523 VAL: 0.4054652452468872
INFO:root:43
Train: 0.38858434557914734 VAL: 0.40521562099456787
INFO:root:44
Train: 0.3709545135498047 VAL: 0.4010392129421234
INFO:root:45
Train: 0.3868442475795746 VAL: 0.45077085494995117
INFO:root:46
Train: 0.4060826003551483 VAL: 0.40173453092575073
INFO:root:47
Train: 0.3765808939933777 VAL: 0.4181554913520813
INFO:root:48
Train: 0.36755865812301636 VAL: 0.4006047248840332
INFO:root:49
Train: 0.36837083101272583 VAL: 0.40045255422592163
