INFO:root:Namespace(quiet=False, run_id=None, config=None, epochs=200, fold=0, batch_size=128, learn_rate=0.001, betas=(0.9, 0.999), weight_decay=0.001, hidden_size=32, kernel_init='skew-symmetric', note='', seed=None, nlayers=1, attn_head=4, latent_dim=32, dataset='ushcn')
INFO:root:{'input_dim': 5, 'attn_head': 4, 'latent_dim': 32, 'n_layers': 1, 'device': device(type='cuda')}
INFO:root:1
Train: 0.6353862881660461 VAL: 0.8088282942771912
INFO:root:2
Train: 0.5764798521995544 VAL: 0.7183939814567566
INFO:root:3
Train: 0.5231553316116333 VAL: 0.6588020324707031
INFO:root:4
Train: 0.5057408213615417 VAL: 0.5438485741615295
INFO:root:5
Train: 0.45848000049591064 VAL: 0.4502396285533905
INFO:root:6
Train: 0.4165308177471161 VAL: 0.38235586881637573
INFO:root:7
Train: 0.34129586815834045 VAL: 0.4056229591369629
INFO:root:8
Train: 0.33839789032936096 VAL: 0.4765252470970154
INFO:root:9
Train: 0.3180865943431854 VAL: 0.5570502281188965
INFO:root:10
Train: 0.3104768395423889 VAL: 0.5195506811141968
INFO:root:11
Train: 0.3063516616821289 VAL: 0.4868115484714508
INFO:root:12
Train: 0.3038148880004883 VAL: 0.471878319978714
INFO:root:13
Train: 0.28570446372032166 VAL: 0.4903104305267334
INFO:root:14
Train: 0.30402258038520813 VAL: 0.5303701758384705
INFO:root:15
Train: 0.3021058142185211 VAL: 0.5437753200531006
INFO:root:16
Train: 0.30215194821357727 VAL: 0.6201125383377075
INFO:root:17
Train: 0.29031237959861755 VAL: 0.574073076248169
INFO:root:18
Train: 0.284042090177536 VAL: 0.5602483749389648
INFO:root:19
Train: 0.30098584294319153 VAL: 0.5548320412635803
INFO:root:20
Train: 0.2965271770954132 VAL: 0.5645428895950317
INFO:root:21
Train: 0.2984548509120941 VAL: 0.5401301980018616
INFO:root:22
Train: 0.2940531075000763 VAL: 0.5411785244941711
INFO:root:23
Train: 0.3004521131515503 VAL: 0.5451790690422058
INFO:root:24
Train: 0.2954203188419342 VAL: 0.5333145260810852
INFO:root:25
Train: 0.2942887842655182 VAL: 0.53094083070755
INFO:root:26
Train: 0.2985023856163025 VAL: 0.5217587947845459
INFO:root:27
Train: 0.29530784487724304 VAL: 0.5521226525306702
INFO:root:28
Train: 0.29922035336494446 VAL: 0.5275053977966309
INFO:root:29
Train: 0.29790446162223816 VAL: 0.5334447622299194
INFO:root:30
Train: 0.29451608657836914 VAL: 0.5351063013076782
INFO:root:31
Train: 0.2898932993412018 VAL: 0.5370162725448608
INFO:root:32
Train: 0.2917047441005707 VAL: 0.5290005207061768
INFO:root:33
Train: 0.283512681722641 VAL: 0.5306222438812256
INFO:root:34
Train: 0.288218230009079 VAL: 0.5345855951309204
INFO:root:35
Train: 0.2928798496723175 VAL: 0.5332090854644775
INFO:root:36
Train: 0.2904737889766693 VAL: 0.5339400768280029
INFO:root:BEST VAL: 0.5339400768280029 TEST : 0.2422209084033966
INFO:root:Namespace(quiet=False, run_id=None, config=None, epochs=200, fold=0, batch_size=64, learn_rate=0.001, betas=(0.9, 0.999), weight_decay=0.001, hidden_size=32, kernel_init='skew-symmetric', note='', seed=None, nlayers=1, attn_head=4, latent_dim=32, dataset='mimiciii')
INFO:root:{'input_dim': 96, 'attn_head': 4, 'latent_dim': 32, 'n_layers': 1, 'device': device(type='cuda')}
INFO:root:1
Train: 0.5994387269020081 VAL: 0.5599753260612488
INFO:root:2
Train: 0.5283899903297424 VAL: 0.524093508720398
INFO:root:3
Train: 0.49683213233947754 VAL: 0.5087980031967163
INFO:root:4
Train: 0.4799281060695648 VAL: 0.4904099106788635
INFO:root:5
Train: 0.46685492992401123 VAL: 0.4908201992511749
INFO:root:6
Train: 0.4545256495475769 VAL: 0.47450125217437744
INFO:root:7
Train: 0.44498082995414734 VAL: 0.4625537395477295
INFO:root:8
Train: 0.43457403779029846 VAL: 0.45738184452056885
INFO:root:9
Train: 0.42990317940711975 VAL: 0.4546065032482147
INFO:root:10
Train: 0.42700305581092834 VAL: 0.4512052536010742
INFO:root:11
Train: 0.42080727219581604 VAL: 0.44843313097953796
INFO:root:12
Train: 0.42295947670936584 VAL: 0.45496654510498047
INFO:root:13
Train: 0.4198259711265564 VAL: 0.45101356506347656
INFO:root:14
Train: 0.4191538393497467 VAL: 0.45257750153541565
INFO:root:15
Train: 0.42016422748565674 VAL: 0.44521600008010864
INFO:root:16
Train: 0.415284126996994 VAL: 0.4460051953792572
INFO:root:17
Train: 0.4157629907131195 VAL: 0.4425128102302551
INFO:root:18
Train: 0.4131174385547638 VAL: 0.44377487897872925
INFO:root:19
Train: 0.41271311044692993 VAL: 0.45045098662376404
INFO:root:20
Train: 0.4129481613636017 VAL: 0.45089781284332275
INFO:root:21
Train: 0.4106754660606384 VAL: 0.44256097078323364
INFO:root:22
Train: 0.4079029858112335 VAL: 0.450528621673584
INFO:root:23
Train: 0.41065743565559387 VAL: 0.4502826929092407
INFO:root:24
Train: 0.40710943937301636 VAL: 0.43942201137542725
INFO:root:25
Train: 0.4107326567173004 VAL: 0.43803685903549194
INFO:root:26
Train: 0.4064135253429413 VAL: 0.4477839171886444
INFO:root:27
Train: 0.40516677498817444 VAL: 0.4379972219467163
INFO:root:28
Train: 0.4049542248249054 VAL: 0.4392108917236328
INFO:root:29
Train: 0.4072226583957672 VAL: 0.43845003843307495
INFO:root:30
Train: 0.4018958806991577 VAL: 0.4372723400592804
INFO:root:31
Train: 0.4029238522052765 VAL: 0.43725335597991943
INFO:root:32
Train: 0.4008614718914032 VAL: 0.43891406059265137
INFO:root:33
Train: 0.40182363986968994 VAL: 0.4346718192100525
INFO:root:34
Train: 0.3965494930744171 VAL: 0.43929150700569153
INFO:root:35
Train: 0.39942359924316406 VAL: 0.4398733079433441
INFO:root:36
Train: 0.3981320559978485 VAL: 0.4334346055984497
INFO:root:37
Train: 0.39676153659820557 VAL: 0.44140443205833435
INFO:root:38
Train: 0.39886903762817383 VAL: 0.4340972900390625
INFO:root:39
Train: 0.39468660950660706 VAL: 0.43774059414863586
INFO:root:40
Train: 0.3979535400867462 VAL: 0.4329291880130768
INFO:root:41
Train: 0.3936156928539276 VAL: 0.4305379390716553
INFO:root:42
Train: 0.3931521475315094 VAL: 0.4280807375907898
INFO:root:43
Train: 0.39291703701019287 VAL: 0.43180161714553833
INFO:root:44
Train: 0.3899638056755066 VAL: 0.4311943054199219
INFO:root:45
Train: 0.38910144567489624 VAL: 0.4316965639591217
INFO:root:46
Train: 0.392422080039978 VAL: 0.4304245710372925
INFO:root:47
Train: 0.3893321752548218 VAL: 0.4271829426288605
INFO:root:48
Train: 0.38732224702835083 VAL: 0.4359545111656189
INFO:root:49
Train: 0.38803958892822266 VAL: 0.42985793948173523
INFO:root:50
Train: 0.38827934861183167 VAL: 0.42750084400177
INFO:root:51
Train: 0.38612982630729675 VAL: 0.42904627323150635
INFO:root:52
Train: 0.38590702414512634 VAL: 0.4308812618255615
INFO:root:53
Train: 0.3832511007785797 VAL: 0.42352259159088135
INFO:root:54
Train: 0.38393792510032654 VAL: 0.42504769563674927
INFO:root:55
Train: 0.3799021542072296 VAL: 0.43382346630096436
INFO:root:56
Train: 0.38032299280166626 VAL: 0.4214423894882202
INFO:root:57
Train: 0.37877681851387024 VAL: 0.4220404624938965
INFO:root:58
Train: 0.3777090907096863 VAL: 0.4224548041820526
INFO:root:59
Train: 0.37617212533950806 VAL: 0.4192124009132385
INFO:root:60
Train: 0.3749227523803711 VAL: 0.42196452617645264
INFO:root:61
Train: 0.3760330080986023 VAL: 0.41999903321266174
INFO:root:62
Train: 0.3733925521373749 VAL: 0.42595556378364563
INFO:root:63
Train: 0.3745957016944885 VAL: 0.4241553544998169
INFO:root:64
Train: 0.3746390640735626 VAL: 0.422687828540802
INFO:root:65
Train: 0.3705560564994812 VAL: 0.4163774847984314
INFO:root:66
Train: 0.37275511026382446 VAL: 0.4239932894706726
INFO:root:67
Train: 0.37070366740226746 VAL: 0.4206400513648987
INFO:root:68
Train: 0.36906763911247253 VAL: 0.4215211570262909
INFO:root:69
Train: 0.3710213601589203 VAL: 0.41672736406326294
INFO:root:70
Train: 0.3686676621437073 VAL: 0.419266939163208
INFO:root:71
Train: 0.3689398467540741 VAL: 0.41820695996284485
INFO:root:72
Train: 0.36422187089920044 VAL: 0.4164227545261383
INFO:root:73
Train: 0.36539918184280396 VAL: 0.41740912199020386
INFO:root:74
Train: 0.37281933426856995 VAL: 0.4268888235092163
INFO:root:75
Train: 0.366550475358963 VAL: 0.4178115725517273
INFO:root:76
Train: 0.364803284406662 VAL: 0.4193800687789917
INFO:root:77
Train: 0.3616519868373871 VAL: 0.4141640067100525
INFO:root:78
Train: 0.35927051305770874 VAL: 0.41517990827560425
INFO:root:79
Train: 0.3590150475502014 VAL: 0.4139721393585205
INFO:root:80
Train: 0.3556630611419678 VAL: 0.4164794981479645
INFO:root:81
Train: 0.35801100730895996 VAL: 0.4150705635547638
INFO:root:82
Train: 0.3549852967262268 VAL: 0.4154122769832611
INFO:root:83
Train: 0.3534218966960907 VAL: 0.4151808023452759
INFO:root:84
Train: 0.3537502884864807 VAL: 0.4145961403846741
INFO:root:85
Train: 0.3550504446029663 VAL: 0.41466471552848816
INFO:root:86
Train: 0.3551025986671448 VAL: 0.4167366623878479
INFO:root:87
Train: 0.3528471291065216 VAL: 0.4148034155368805
INFO:root:88
Train: 0.35074421763420105 VAL: 0.41243553161621094
INFO:root:89
Train: 0.3526647090911865 VAL: 0.41475850343704224
INFO:root:90
Train: 0.3520016074180603 VAL: 0.4164062738418579
INFO:root:91
Train: 0.35242727398872375 VAL: 0.41626423597335815
INFO:root:92
Train: 0.35070541501045227 VAL: 0.41382312774658203
INFO:root:93
Train: 0.35030597448349 VAL: 0.41352272033691406
INFO:root:94
Train: 0.34783315658569336 VAL: 0.4146832823753357
INFO:root:95
Train: 0.34832963347435 VAL: 0.4141315221786499
INFO:root:96
Train: 0.34814727306365967 VAL: 0.4128597378730774
INFO:root:97
Train: 0.34822535514831543 VAL: 0.41522157192230225
INFO:root:98
Train: 0.34819790720939636 VAL: 0.41416579484939575
INFO:root:99
Train: 0.3475266396999359 VAL: 0.41492176055908203
INFO:root:100
Train: 0.34395796060562134 VAL: 0.4143393635749817
INFO:root:101
Train: 0.342806339263916 VAL: 0.41272592544555664
INFO:root:102
Train: 0.34117183089256287 VAL: 0.41525349020957947
INFO:root:103
Train: 0.344477117061615 VAL: 0.4168873429298401
INFO:root:104
Train: 0.3437030017375946 VAL: 0.41458916664123535
INFO:root:105
Train: 0.3441046476364136 VAL: 0.412983775138855
INFO:root:106
Train: 0.34084373712539673 VAL: 0.4156084656715393
INFO:root:107
Train: 0.34433653950691223 VAL: 0.4144318699836731
INFO:root:108
Train: 0.3433668613433838 VAL: 0.41547632217407227
INFO:root:109
Train: 0.34288448095321655 VAL: 0.4146445393562317
INFO:root:110
Train: 0.34102755784988403 VAL: 0.41405755281448364
INFO:root:111
Train: 0.34030285477638245 VAL: 0.4142603874206543
INFO:root:112
Train: 0.3413574993610382 VAL: 0.4153008759021759
INFO:root:113
Train: 0.3377665877342224 VAL: 0.4148372709751129
INFO:root:114
Train: 0.3410128355026245 VAL: 0.4145941734313965
INFO:root:115
Train: 0.3391858637332916 VAL: 0.41518843173980713
INFO:root:116
Train: 0.3383033871650696 VAL: 0.4151846766471863
INFO:root:117
Train: 0.3402063846588135 VAL: 0.416156530380249
INFO:root:118
Train: 0.3397827744483948 VAL: 0.41572922468185425
INFO:root:BEST VAL: 0.41572922468185425 TEST : 0.3608725666999817
