INFO:root:Namespace(quiet=False, run_id=None, config=None, epochs=200, fold=1, batch_size=64, learn_rate=0.001, betas=(0.9, 0.999), weight_decay=0.001, hidden_size=32, kernel_init='skew-symmetric', note='', seed=None, nlayers=3, attn_head=2, latent_dim=128, dataset='mimiciii')
INFO:root:{'input_dim': 96, 'attn_head': 2, 'latent_dim': 128, 'n_layers': 3, 'device': device(type='cuda')}
INFO:root:1
Train: 0.58681321144104 VAL: 0.4912518560886383
INFO:root:2
Train: 0.44399940967559814 VAL: 0.4608920216560364
INFO:root:3
Train: 0.4219668209552765 VAL: 0.4502277970314026
INFO:root:4
Train: 0.43323370814323425 VAL: 0.4460708200931549
INFO:root:5
Train: 0.416220098733902 VAL: 0.42553892731666565
INFO:root:6
Train: 0.4050101041793823 VAL: 0.42563357949256897
INFO:root:7
Train: 0.40344345569610596 VAL: 0.4250168800354004
INFO:root:8
Train: 0.4180729389190674 VAL: 0.4490426778793335
INFO:root:9
Train: 0.4335491955280304 VAL: 0.4256771206855774
INFO:root:10
Train: 0.4002506136894226 VAL: 0.4221337139606476
INFO:root:11
Train: 0.39497819542884827 VAL: 0.40892237424850464
INFO:root:12
Train: 0.3883275091648102 VAL: 0.4073318839073181
INFO:root:13
Train: 0.39463475346565247 VAL: 0.41543230414390564
INFO:root:14
Train: 0.38185417652130127 VAL: 0.4032091498374939
INFO:root:15
Train: 0.38525328040122986 VAL: 0.4182491898536682
INFO:root:16
Train: 0.38226932287216187 VAL: 0.4132552742958069
INFO:root:17
Train: 0.3801459074020386 VAL: 0.4384143650531769
INFO:root:18
Train: 0.38738834857940674 VAL: 0.41235238313674927
INFO:root:19
Train: 0.3819667398929596 VAL: 0.40869930386543274
INFO:root:20
Train: 0.3868393301963806 VAL: 0.41787469387054443
INFO:root:21
Train: 0.37609049677848816 VAL: 0.4198424220085144
INFO:root:22
Train: 0.38175106048583984 VAL: 0.4323256015777588
INFO:root:23
Train: 0.3857642412185669 VAL: 0.4167085289955139
INFO:root:24
Train: 0.3986460268497467 VAL: 0.41679447889328003
INFO:root:25
Train: 0.37170812487602234 VAL: 0.40574362874031067
INFO:root:26
Train: 0.35630959272384644 VAL: 0.4009931683540344
INFO:root:27
Train: 0.35653847455978394 VAL: 0.3982120752334595
INFO:root:28
Train: 0.3553231954574585 VAL: 0.39069998264312744
INFO:root:29
Train: 0.3477732837200165 VAL: 0.39768144488334656
INFO:root:30
Train: 0.3475857079029083 VAL: 0.38480499386787415
INFO:root:31
Train: 0.34427061676979065 VAL: 0.3926507234573364
INFO:root:32
Train: 0.3405293822288513 VAL: 0.3947347104549408
INFO:root:33
Train: 0.3415283262729645 VAL: 0.38734185695648193
INFO:root:34
Train: 0.3390292525291443 VAL: 0.3868538737297058
INFO:root:35
Train: 0.34105685353279114 VAL: 0.3993648886680603
INFO:root:36
Train: 0.3396775722503662 VAL: 0.38764482736587524
INFO:root:37
Train: 0.33724966645240784 VAL: 0.39333513379096985
INFO:root:38
Train: 0.33220383524894714 VAL: 0.38894110918045044
INFO:root:39
Train: 0.3287772834300995 VAL: 0.3848620653152466
INFO:root:40
Train: 0.32533392310142517 VAL: 0.3874117136001587
INFO:root:41
Train: 0.327867716550827 VAL: 0.39730581641197205
INFO:root:42
Train: 0.31354787945747375 VAL: 0.3874887228012085
INFO:root:43
Train: 0.30185166001319885 VAL: 0.3920927345752716
INFO:root:44
Train: 0.2952249050140381 VAL: 0.39907407760620117
INFO:root:45
Train: 0.2910025119781494 VAL: 0.3940875828266144
INFO:root:46
Train: 0.28873249888420105 VAL: 0.3907935619354248
INFO:root:47
Train: 0.2837859094142914 VAL: 0.4027788043022156
INFO:root:48
Train: 0.27957260608673096 VAL: 0.38819819688796997
INFO:root:49
Train: 0.27548709511756897 VAL: 0.3977423906326294
INFO:root:50
Train: 0.26928749680519104 VAL: 0.4029856026172638
INFO:root:51
Train: 0.27336522936820984 VAL: 0.397395521402359
INFO:root:52
Train: 0.26342031359672546 VAL: 0.40156668424606323
INFO:root:53
Train: 0.2511613368988037 VAL: 0.40114954113960266
INFO:root:54
Train: 0.23809932172298431 VAL: 0.4078138768672943
INFO:root:55
Train: 0.2325689196586609 VAL: 0.41668570041656494
INFO:root:56
Train: 0.2286192923784256 VAL: 0.4167862832546234
INFO:root:57
Train: 0.22511987388134003 VAL: 0.4191772937774658
INFO:root:58
Train: 0.2215527445077896 VAL: 0.42095959186553955
INFO:root:59
Train: 0.2174774408340454 VAL: 0.4180983603000641
INFO:root:60
Train: 0.21459439396858215 VAL: 0.4276227355003357
INFO:root:BEST VAL: 0.4276227355003357 TEST : 0.4317726492881775
